[2024-06-26T19:40:19.638+0000] {local_task_job_runner.py:120} INFO - ::group::Pre task execution logs
[2024-06-26T19:40:19.683+0000] {taskinstance.py:2076} INFO - Dependencies all met for dep_context=non-requeueable deps ti=<TaskInstance: Stage_1.run_bronze_job manual__2024-06-26T19:40:11.919320+00:00 [queued]>
[2024-06-26T19:40:19.696+0000] {taskinstance.py:2076} INFO - Dependencies all met for dep_context=requeueable deps ti=<TaskInstance: Stage_1.run_bronze_job manual__2024-06-26T19:40:11.919320+00:00 [queued]>
[2024-06-26T19:40:19.697+0000] {taskinstance.py:2306} INFO - Starting attempt 1 of 1
[2024-06-26T19:40:19.713+0000] {taskinstance.py:2330} INFO - Executing <Task(DockerOperator): run_bronze_job> on 2024-06-26 19:40:11.919320+00:00
[2024-06-26T19:40:19.721+0000] {logging_mixin.py:188} WARNING - /home/***/.local/lib/python3.12/site-packages/***/task/task_runner/standard_task_runner.py:61 DeprecationWarning: This process (pid=549) is multi-threaded, use of fork() may lead to deadlocks in the child.
[2024-06-26T19:40:19.723+0000] {standard_task_runner.py:63} INFO - Started process 550 to run task
[2024-06-26T19:40:19.721+0000] {standard_task_runner.py:90} INFO - Running: ['***', 'tasks', 'run', 'Stage_1', 'run_bronze_job', 'manual__2024-06-26T19:40:11.919320+00:00', '--job-id', '85', '--raw', '--subdir', 'DAGS_FOLDER/kafka_dag.py', '--cfg-path', '/tmp/tmpdbncz9vy']
[2024-06-26T19:40:19.724+0000] {standard_task_runner.py:91} INFO - Job 85: Subtask run_bronze_job
[2024-06-26T19:40:19.740+0000] {logging_mixin.py:188} WARNING - /home/***/.local/lib/python3.12/site-packages/***/settings.py:195 DeprecationWarning: The sql_alchemy_conn option in [core] has been moved to the sql_alchemy_conn option in [database] - the old setting has been used, but please update your config.
[2024-06-26T19:40:19.776+0000] {task_command.py:426} INFO - Running <TaskInstance: Stage_1.run_bronze_job manual__2024-06-26T19:40:11.919320+00:00 [running]> on host ba36c0353089
[2024-06-26T19:40:19.871+0000] {taskinstance.py:2648} INFO - Exporting env vars: AIRFLOW_CTX_DAG_OWNER='***' AIRFLOW_CTX_DAG_ID='Stage_1' AIRFLOW_CTX_TASK_ID='run_bronze_job' AIRFLOW_CTX_EXECUTION_DATE='2024-06-26T19:40:11.919320+00:00' AIRFLOW_CTX_TRY_NUMBER='1' AIRFLOW_CTX_DAG_RUN_ID='manual__2024-06-26T19:40:11.919320+00:00'
[2024-06-26T19:40:19.872+0000] {taskinstance.py:430} INFO - ::endgroup::
[2024-06-26T19:40:19.921+0000] {docker.py:366} INFO - Starting docker container from image bitnami/spark:latest
[2024-06-26T19:40:19.925+0000] {docker.py:374} WARNING - Using remote engine or docker-in-docker and mounting temporary volume from host is not supported. Falling back to `mount_tmp_dir=False` mode. You can set `mount_tmp_dir` parameter to False to disable mounting and remove the warning
[2024-06-26T19:40:20.401+0000] {docker.py:436} INFO - [38;5;6mspark [38;5;5m19:40:20.40 [0m[38;5;2mINFO [0m ==>
[2024-06-26T19:40:20.402+0000] {docker.py:436} INFO - [38;5;6mspark [38;5;5m19:40:20.40 [0m[38;5;2mINFO [0m ==> [1mWelcome to the Bitnami spark container[0m
[2024-06-26T19:40:20.404+0000] {docker.py:436} INFO - [38;5;6mspark [38;5;5m19:40:20.40 [0m[38;5;2mINFO [0m ==> Subscribe to project updates by watching [1mhttps://github.com/bitnami/containers[0m
[2024-06-26T19:40:20.406+0000] {docker.py:436} INFO - [38;5;6mspark [38;5;5m19:40:20.40 [0m[38;5;2mINFO [0m ==> Submit issues and feature requests at [1mhttps://github.com/bitnami/containers/issues[0m
[2024-06-26T19:40:20.407+0000] {docker.py:436} INFO - [38;5;6mspark [38;5;5m19:40:20.40 [0m[38;5;2mINFO [0m ==> Upgrade to Tanzu Application Catalog for production environments to access custom-configured and pre-packaged software components. Gain enhanced features, including Software Bill of Materials (SBOM), CVE scan result reports, and VEX documents. To learn more, visit [1mhttps://bitnami.com/enterprise[0m
[2024-06-26T19:40:20.409+0000] {docker.py:436} INFO - [38;5;6mspark [38;5;5m19:40:20.40 [0m[38;5;2mINFO [0m ==>
[2024-06-26T19:40:20.417+0000] {docker.py:436} INFO - 
[2024-06-26T19:40:22.977+0000] {docker.py:436} INFO - :: loading settings :: url = jar:file:/opt/bitnami/spark/jars/ivy-2.5.1.jar!/org/apache/ivy/core/settings/ivysettings.xml
[2024-06-26T19:40:23.106+0000] {docker.py:436} INFO - Ivy Default Cache set to: /opt/bitnami/spark/.ivy2/cache
The jars for the packages stored in: /opt/bitnami/spark/.ivy2/jars
[2024-06-26T19:40:23.114+0000] {docker.py:436} INFO - org.apache.spark#spark-sql-kafka-0-10_2.12 added as a dependency
[2024-06-26T19:40:23.115+0000] {docker.py:436} INFO - org.postgresql#postgresql added as a dependency
[2024-06-26T19:40:23.116+0000] {docker.py:436} INFO - :: resolving dependencies :: org.apache.spark#spark-submit-parent-c6e3b183-1403-422d-9028-266845817c9d;1.0
[2024-06-26T19:40:23.120+0000] {docker.py:436} INFO - confs: [default]
[2024-06-26T19:40:25.742+0000] {docker.py:436} INFO - found org.apache.spark#spark-sql-kafka-0-10_2.12;3.3.0 in central
[2024-06-26T19:40:26.239+0000] {docker.py:436} INFO - found org.apache.spark#spark-token-provider-kafka-0-10_2.12;3.3.0 in central
[2024-06-26T19:40:26.319+0000] {docker.py:436} INFO - found org.apache.kafka#kafka-clients;2.8.1 in central
[2024-06-26T19:40:26.402+0000] {docker.py:436} INFO - found org.lz4#lz4-java;1.8.0 in central
[2024-06-26T19:40:26.498+0000] {docker.py:436} INFO - found org.xerial.snappy#snappy-java;1.1.8.4 in central
[2024-06-26T19:40:26.685+0000] {docker.py:436} INFO - found org.slf4j#slf4j-api;1.7.32 in central
[2024-06-26T19:40:27.054+0000] {docker.py:436} INFO - found org.apache.hadoop#hadoop-client-runtime;3.3.2 in central
[2024-06-26T19:40:27.240+0000] {docker.py:436} INFO - found org.spark-project.spark#unused;1.0.0 in central
[2024-06-26T19:40:27.420+0000] {docker.py:436} INFO - found org.apache.hadoop#hadoop-client-api;3.3.2 in central
[2024-06-26T19:40:28.561+0000] {docker.py:436} INFO - found commons-logging#commons-logging;1.1.3 in central
[2024-06-26T19:40:28.614+0000] {docker.py:436} INFO - found com.google.code.findbugs#jsr305;3.0.0 in central
[2024-06-26T19:40:29.044+0000] {docker.py:436} INFO - found org.apache.commons#commons-pool2;2.11.1 in central
[2024-06-26T19:40:30.756+0000] {docker.py:436} INFO - found org.postgresql#postgresql;42.2.2 in central
[2024-06-26T19:40:30.786+0000] {docker.py:436} INFO - downloading https://repo1.maven.org/maven2/org/apache/spark/spark-sql-kafka-0-10_2.12/3.3.0/spark-sql-kafka-0-10_2.12-3.3.0.jar ...
[2024-06-26T19:40:30.887+0000] {docker.py:436} INFO - [SUCCESSFUL ] org.apache.spark#spark-sql-kafka-0-10_2.12;3.3.0!spark-sql-kafka-0-10_2.12.jar (117ms)
[2024-06-26T19:40:30.905+0000] {docker.py:436} INFO - downloading https://repo1.maven.org/maven2/org/postgresql/postgresql/42.2.2/postgresql-42.2.2.jar ...
[2024-06-26T19:40:31.084+0000] {docker.py:436} INFO - [SUCCESSFUL ] org.postgresql#postgresql;42.2.2!postgresql.jar(bundle) (194ms)
[2024-06-26T19:40:31.121+0000] {docker.py:436} INFO - downloading https://repo1.maven.org/maven2/org/apache/spark/spark-token-provider-kafka-0-10_2.12/3.3.0/spark-token-provider-kafka-0-10_2.12-3.3.0.jar ...
[2024-06-26T19:40:31.169+0000] {docker.py:436} INFO - [SUCCESSFUL ] org.apache.spark#spark-token-provider-kafka-0-10_2.12;3.3.0!spark-token-provider-kafka-0-10_2.12.jar (84ms)
[2024-06-26T19:40:31.188+0000] {docker.py:436} INFO - downloading https://repo1.maven.org/maven2/org/apache/kafka/kafka-clients/2.8.1/kafka-clients-2.8.1.jar ...
[2024-06-26T19:40:32.061+0000] {docker.py:436} INFO - [SUCCESSFUL ] org.apache.kafka#kafka-clients;2.8.1!kafka-clients.jar (891ms)
[2024-06-26T19:40:32.082+0000] {docker.py:436} INFO - downloading https://repo1.maven.org/maven2/com/google/code/findbugs/jsr305/3.0.0/jsr305-3.0.0.jar ...
[2024-06-26T19:40:32.119+0000] {docker.py:436} INFO - [SUCCESSFUL ] com.google.code.findbugs#jsr305;3.0.0!jsr305.jar (57ms)
[2024-06-26T19:40:32.164+0000] {docker.py:436} INFO - downloading https://repo1.maven.org/maven2/org/apache/commons/commons-pool2/2.11.1/commons-pool2-2.11.1.jar ...
[2024-06-26T19:40:32.207+0000] {docker.py:436} INFO - [SUCCESSFUL ] org.apache.commons#commons-pool2;2.11.1!commons-pool2.jar (86ms)
[2024-06-26T19:40:32.233+0000] {docker.py:436} INFO - downloading https://repo1.maven.org/maven2/org/spark-project/spark/unused/1.0.0/unused-1.0.0.jar ...
[2024-06-26T19:40:32.265+0000] {docker.py:436} INFO - [SUCCESSFUL ] org.spark-project.spark#unused;1.0.0!unused.jar (57ms)
[2024-06-26T19:40:32.302+0000] {docker.py:436} INFO - downloading https://repo1.maven.org/maven2/org/apache/hadoop/hadoop-client-runtime/3.3.2/hadoop-client-runtime-3.3.2.jar ...
[2024-06-26T19:40:36.144+0000] {docker.py:436} INFO - [SUCCESSFUL ] org.apache.hadoop#hadoop-client-runtime;3.3.2!hadoop-client-runtime.jar (3877ms)
[2024-06-26T19:40:36.183+0000] {docker.py:436} INFO - downloading https://repo1.maven.org/maven2/org/lz4/lz4-java/1.8.0/lz4-java-1.8.0.jar ...
[2024-06-26T19:40:36.286+0000] {docker.py:436} INFO - [SUCCESSFUL ] org.lz4#lz4-java;1.8.0!lz4-java.jar (139ms)
[2024-06-26T19:40:36.309+0000] {docker.py:436} INFO - downloading https://repo1.maven.org/maven2/org/xerial/snappy/snappy-java/1.1.8.4/snappy-java-1.1.8.4.jar ...
[2024-06-26T19:40:36.571+0000] {docker.py:436} INFO - [SUCCESSFUL ] org.xerial.snappy#snappy-java;1.1.8.4!snappy-java.jar(bundle) (287ms)
[2024-06-26T19:40:36.589+0000] {docker.py:436} INFO - downloading https://repo1.maven.org/maven2/org/slf4j/slf4j-api/1.7.32/slf4j-api-1.7.32.jar ...
[2024-06-26T19:40:36.609+0000] {docker.py:436} INFO - [SUCCESSFUL ] org.slf4j#slf4j-api;1.7.32!slf4j-api.jar (37ms)
[2024-06-26T19:40:36.630+0000] {docker.py:436} INFO - downloading https://repo1.maven.org/maven2/org/apache/hadoop/hadoop-client-api/3.3.2/hadoop-client-api-3.3.2.jar ...
[2024-06-26T19:40:38.974+0000] {docker.py:436} INFO - [SUCCESSFUL ] org.apache.hadoop#hadoop-client-api;3.3.2!hadoop-client-api.jar (2363ms)
[2024-06-26T19:40:38.999+0000] {docker.py:436} INFO - downloading https://repo1.maven.org/maven2/commons-logging/commons-logging/1.1.3/commons-logging-1.1.3.jar ...
[2024-06-26T19:40:39.037+0000] {docker.py:436} INFO - [SUCCESSFUL ] commons-logging#commons-logging;1.1.3!commons-logging.jar (61ms)
[2024-06-26T19:40:39.038+0000] {docker.py:436} INFO - :: resolution report :: resolve 7652ms :: artifacts dl 8269ms
	:: modules in use:
[2024-06-26T19:40:39.038+0000] {docker.py:436} INFO - com.google.code.findbugs#jsr305;3.0.0 from central in [default]
[2024-06-26T19:40:39.039+0000] {docker.py:436} INFO - commons-logging#commons-logging;1.1.3 from central in [default]
	org.apache.commons#commons-pool2;2.11.1 from central in [default]
	org.apache.hadoop#hadoop-client-api;3.3.2 from central in [default]
	org.apache.hadoop#hadoop-client-runtime;3.3.2 from central in [default]
	org.apache.kafka#kafka-clients;2.8.1 from central in [default]
	org.apache.spark#spark-sql-kafka-0-10_2.12;3.3.0 from central in [default]
	org.apache.spark#spark-token-provider-kafka-0-10_2.12;3.3.0 from central in [default]
	org.lz4#lz4-java;1.8.0 from central in [default]
	org.postgresql#postgresql;42.2.2 from central in [default]
	org.slf4j#slf4j-api;1.7.32 from central in [default]
	org.spark-project.spark#unused;1.0.0 from central in [default]
	org.xerial.snappy#snappy-java;1.1.8.4 from central in [default]
[2024-06-26T19:40:39.040+0000] {docker.py:436} INFO - ---------------------------------------------------------------------
[2024-06-26T19:40:39.041+0000] {docker.py:436} INFO - |                  |            modules            ||   artifacts   |
	|       conf       | number| search|dwnlded|evicted|| number|dwnlded|
	---------------------------------------------------------------------
[2024-06-26T19:40:39.041+0000] {docker.py:436} INFO - |      default     |   13  |   13  |   13  |   0   ||   13  |   13  |
	---------------------------------------------------------------------
[2024-06-26T19:40:39.050+0000] {docker.py:436} INFO - :: retrieving :: org.apache.spark#spark-submit-parent-c6e3b183-1403-422d-9028-266845817c9d
[2024-06-26T19:40:39.050+0000] {docker.py:436} INFO - confs: [default]
[2024-06-26T19:40:39.157+0000] {docker.py:436} INFO - 13 artifacts copied, 0 already retrieved (57403kB/106ms)
[2024-06-26T19:40:39.446+0000] {docker.py:436} INFO - 24/06/26 19:40:39 WARN NativeCodeLoader: Unable to load native-hadoop library for your platform... using builtin-java classes where applicable
[2024-06-26T19:40:41.140+0000] {docker.py:436} INFO - 24/06/26 19:40:41 INFO SparkContext: Running Spark version 3.5.1
[2024-06-26T19:40:41.141+0000] {docker.py:436} INFO - 24/06/26 19:40:41 INFO SparkContext: OS info Linux, 6.5.0-41-generic, amd64
[2024-06-26T19:40:41.145+0000] {docker.py:436} INFO - 24/06/26 19:40:41 INFO SparkContext: Java version 17.0.11
[2024-06-26T19:40:41.179+0000] {docker.py:436} INFO - 24/06/26 19:40:41 INFO ResourceUtils: ==============================================================
[2024-06-26T19:40:41.181+0000] {docker.py:436} INFO - 24/06/26 19:40:41 INFO ResourceUtils: No custom resources configured for spark.driver.
[2024-06-26T19:40:41.182+0000] {docker.py:436} INFO - 24/06/26 19:40:41 INFO ResourceUtils: ==============================================================
[2024-06-26T19:40:41.183+0000] {docker.py:436} INFO - 24/06/26 19:40:41 INFO SparkContext: Submitted application: PostgreSQL Connection with PySpark
[2024-06-26T19:40:41.211+0000] {docker.py:436} INFO - 24/06/26 19:40:41 INFO ResourceProfile: Default ResourceProfile created, executor resources: Map(cores -> name: cores, amount: 1, script: , vendor: , memory -> name: memory, amount: 1024, script: , vendor: , offHeap -> name: offHeap, amount: 0, script: , vendor: ), task resources: Map(cpus -> name: cpus, amount: 1.0)
[2024-06-26T19:40:41.223+0000] {docker.py:436} INFO - 24/06/26 19:40:41 INFO ResourceProfile: Limiting resource is cpu
[2024-06-26T19:40:41.225+0000] {docker.py:436} INFO - 24/06/26 19:40:41 INFO ResourceProfileManager: Added ResourceProfile id: 0
[2024-06-26T19:40:41.324+0000] {docker.py:436} INFO - 24/06/26 19:40:41 INFO SecurityManager: Changing view acls to: spark
[2024-06-26T19:40:41.325+0000] {docker.py:436} INFO - 24/06/26 19:40:41 INFO SecurityManager: Changing modify acls to: spark
[2024-06-26T19:40:41.327+0000] {docker.py:436} INFO - 24/06/26 19:40:41 INFO SecurityManager: Changing view acls groups to:
[2024-06-26T19:40:41.327+0000] {docker.py:436} INFO - 24/06/26 19:40:41 INFO SecurityManager: Changing modify acls groups to:
[2024-06-26T19:40:41.328+0000] {docker.py:436} INFO - 24/06/26 19:40:41 INFO SecurityManager: SecurityManager: authentication disabled; ui acls disabled; users with view permissions: spark; groups with view permissions: EMPTY; users with modify permissions: spark; groups with modify permissions: EMPTY
[2024-06-26T19:40:41.677+0000] {docker.py:436} INFO - 24/06/26 19:40:41 INFO Utils: Successfully started service 'sparkDriver' on port 38883.
[2024-06-26T19:40:41.727+0000] {docker.py:436} INFO - 24/06/26 19:40:41 INFO SparkEnv: Registering MapOutputTracker
[2024-06-26T19:40:41.798+0000] {docker.py:436} INFO - 24/06/26 19:40:41 INFO SparkEnv: Registering BlockManagerMaster
[2024-06-26T19:40:41.832+0000] {docker.py:436} INFO - 24/06/26 19:40:41 INFO BlockManagerMasterEndpoint: Using org.apache.spark.storage.DefaultTopologyMapper for getting topology information
[2024-06-26T19:40:41.833+0000] {docker.py:436} INFO - 24/06/26 19:40:41 INFO BlockManagerMasterEndpoint: BlockManagerMasterEndpoint up
[2024-06-26T19:40:41.840+0000] {docker.py:436} INFO - 24/06/26 19:40:41 INFO SparkEnv: Registering BlockManagerMasterHeartbeat
[2024-06-26T19:40:41.885+0000] {docker.py:436} INFO - 24/06/26 19:40:41 INFO DiskBlockManager: Created local directory at /tmp/blockmgr-0d60701c-65da-4625-8852-8d08b1cb1dc1
[2024-06-26T19:40:41.913+0000] {docker.py:436} INFO - 24/06/26 19:40:41 INFO MemoryStore: MemoryStore started with capacity 434.4 MiB
[2024-06-26T19:40:41.938+0000] {docker.py:436} INFO - 24/06/26 19:40:41 INFO SparkEnv: Registering OutputCommitCoordinator
[2024-06-26T19:40:42.120+0000] {docker.py:436} INFO - 24/06/26 19:40:42 INFO JettyUtils: Start Jetty 0.0.0.0:4040 for SparkUI
[2024-06-26T19:40:42.234+0000] {docker.py:436} INFO - 24/06/26 19:40:42 INFO Utils: Successfully started service 'SparkUI' on port 4040.
[2024-06-26T19:40:42.296+0000] {docker.py:436} INFO - 24/06/26 19:40:42 INFO SparkContext: Added JAR file:///opt/bitnami/spark/.ivy2/jars/org.apache.spark_spark-sql-kafka-0-10_2.12-3.3.0.jar at spark://localhost:38883/jars/org.apache.spark_spark-sql-kafka-0-10_2.12-3.3.0.jar with timestamp 1719430841130
[2024-06-26T19:40:42.297+0000] {docker.py:436} INFO - 24/06/26 19:40:42 INFO SparkContext: Added JAR file:///opt/bitnami/spark/.ivy2/jars/org.postgresql_postgresql-42.2.2.jar at spark://localhost:38883/jars/org.postgresql_postgresql-42.2.2.jar with timestamp 1719430841130
[2024-06-26T19:40:42.297+0000] {docker.py:436} INFO - 24/06/26 19:40:42 INFO SparkContext: Added JAR file:///opt/bitnami/spark/.ivy2/jars/org.apache.spark_spark-token-provider-kafka-0-10_2.12-3.3.0.jar at spark://localhost:38883/jars/org.apache.spark_spark-token-provider-kafka-0-10_2.12-3.3.0.jar with timestamp 1719430841130
[2024-06-26T19:40:42.298+0000] {docker.py:436} INFO - 24/06/26 19:40:42 INFO SparkContext: Added JAR file:///opt/bitnami/spark/.ivy2/jars/org.apache.kafka_kafka-clients-2.8.1.jar at spark://localhost:38883/jars/org.apache.kafka_kafka-clients-2.8.1.jar with timestamp 1719430841130
[2024-06-26T19:40:42.298+0000] {docker.py:436} INFO - 24/06/26 19:40:42 INFO SparkContext: Added JAR file:///opt/bitnami/spark/.ivy2/jars/com.google.code.findbugs_jsr305-3.0.0.jar at spark://localhost:38883/jars/com.google.code.findbugs_jsr305-3.0.0.jar with timestamp 1719430841130
[2024-06-26T19:40:42.299+0000] {docker.py:436} INFO - 24/06/26 19:40:42 INFO SparkContext: Added JAR file:///opt/bitnami/spark/.ivy2/jars/org.apache.commons_commons-pool2-2.11.1.jar at spark://localhost:38883/jars/org.apache.commons_commons-pool2-2.11.1.jar with timestamp 1719430841130
[2024-06-26T19:40:42.299+0000] {docker.py:436} INFO - 24/06/26 19:40:42 INFO SparkContext: Added JAR file:///opt/bitnami/spark/.ivy2/jars/org.spark-project.spark_unused-1.0.0.jar at spark://localhost:38883/jars/org.spark-project.spark_unused-1.0.0.jar with timestamp 1719430841130
[2024-06-26T19:40:42.300+0000] {docker.py:436} INFO - 24/06/26 19:40:42 INFO SparkContext: Added JAR file:///opt/bitnami/spark/.ivy2/jars/org.apache.hadoop_hadoop-client-runtime-3.3.2.jar at spark://localhost:38883/jars/org.apache.hadoop_hadoop-client-runtime-3.3.2.jar with timestamp 1719430841130
[2024-06-26T19:40:42.302+0000] {docker.py:436} INFO - 24/06/26 19:40:42 INFO SparkContext: Added JAR file:///opt/bitnami/spark/.ivy2/jars/org.lz4_lz4-java-1.8.0.jar at spark://localhost:38883/jars/org.lz4_lz4-java-1.8.0.jar with timestamp 1719430841130
[2024-06-26T19:40:42.303+0000] {docker.py:436} INFO - 24/06/26 19:40:42 INFO SparkContext: Added JAR file:///opt/bitnami/spark/.ivy2/jars/org.xerial.snappy_snappy-java-1.1.8.4.jar at spark://localhost:38883/jars/org.xerial.snappy_snappy-java-1.1.8.4.jar with timestamp 1719430841130
[2024-06-26T19:40:42.304+0000] {docker.py:436} INFO - 24/06/26 19:40:42 INFO SparkContext: Added JAR file:///opt/bitnami/spark/.ivy2/jars/org.slf4j_slf4j-api-1.7.32.jar at spark://localhost:38883/jars/org.slf4j_slf4j-api-1.7.32.jar with timestamp 1719430841130
[2024-06-26T19:40:42.305+0000] {docker.py:436} INFO - 24/06/26 19:40:42 INFO SparkContext: Added JAR file:///opt/bitnami/spark/.ivy2/jars/org.apache.hadoop_hadoop-client-api-3.3.2.jar at spark://localhost:38883/jars/org.apache.hadoop_hadoop-client-api-3.3.2.jar with timestamp 1719430841130
[2024-06-26T19:40:42.306+0000] {docker.py:436} INFO - 24/06/26 19:40:42 INFO SparkContext: Added JAR file:///opt/bitnami/spark/.ivy2/jars/commons-logging_commons-logging-1.1.3.jar at spark://localhost:38883/jars/commons-logging_commons-logging-1.1.3.jar with timestamp 1719430841130
[2024-06-26T19:40:42.311+0000] {docker.py:436} INFO - 24/06/26 19:40:42 INFO SparkContext: Added file file:///opt/bitnami/spark/.ivy2/jars/org.apache.spark_spark-sql-kafka-0-10_2.12-3.3.0.jar at file:///opt/bitnami/spark/.ivy2/jars/org.apache.spark_spark-sql-kafka-0-10_2.12-3.3.0.jar with timestamp 1719430841130
[2024-06-26T19:40:42.312+0000] {docker.py:436} INFO - 24/06/26 19:40:42 INFO Utils: Copying /opt/bitnami/spark/.ivy2/jars/org.apache.spark_spark-sql-kafka-0-10_2.12-3.3.0.jar to /tmp/spark-010daf7a-1e1e-4433-8e6d-0cdd321189d3/userFiles-ddb5fd1d-72a9-4abf-969a-74170f30f220/org.apache.spark_spark-sql-kafka-0-10_2.12-3.3.0.jar
[2024-06-26T19:40:42.325+0000] {docker.py:436} INFO - 24/06/26 19:40:42 INFO SparkContext: Added file file:///opt/bitnami/spark/.ivy2/jars/org.postgresql_postgresql-42.2.2.jar at file:///opt/bitnami/spark/.ivy2/jars/org.postgresql_postgresql-42.2.2.jar with timestamp 1719430841130
24/06/26 19:40:42 INFO Utils: Copying /opt/bitnami/spark/.ivy2/jars/org.postgresql_postgresql-42.2.2.jar to /tmp/spark-010daf7a-1e1e-4433-8e6d-0cdd321189d3/userFiles-ddb5fd1d-72a9-4abf-969a-74170f30f220/org.postgresql_postgresql-42.2.2.jar
[2024-06-26T19:40:42.334+0000] {docker.py:436} INFO - 24/06/26 19:40:42 INFO SparkContext: Added file file:///opt/bitnami/spark/.ivy2/jars/org.apache.spark_spark-token-provider-kafka-0-10_2.12-3.3.0.jar at file:///opt/bitnami/spark/.ivy2/jars/org.apache.spark_spark-token-provider-kafka-0-10_2.12-3.3.0.jar with timestamp 1719430841130
24/06/26 19:40:42 INFO Utils: Copying /opt/bitnami/spark/.ivy2/jars/org.apache.spark_spark-token-provider-kafka-0-10_2.12-3.3.0.jar to /tmp/spark-010daf7a-1e1e-4433-8e6d-0cdd321189d3/userFiles-ddb5fd1d-72a9-4abf-969a-74170f30f220/org.apache.spark_spark-token-provider-kafka-0-10_2.12-3.3.0.jar
[2024-06-26T19:40:42.342+0000] {docker.py:436} INFO - 24/06/26 19:40:42 INFO SparkContext: Added file file:///opt/bitnami/spark/.ivy2/jars/org.apache.kafka_kafka-clients-2.8.1.jar at file:///opt/bitnami/spark/.ivy2/jars/org.apache.kafka_kafka-clients-2.8.1.jar with timestamp 1719430841130
[2024-06-26T19:40:42.342+0000] {docker.py:436} INFO - 24/06/26 19:40:42 INFO Utils: Copying /opt/bitnami/spark/.ivy2/jars/org.apache.kafka_kafka-clients-2.8.1.jar to /tmp/spark-010daf7a-1e1e-4433-8e6d-0cdd321189d3/userFiles-ddb5fd1d-72a9-4abf-969a-74170f30f220/org.apache.kafka_kafka-clients-2.8.1.jar
[2024-06-26T19:40:42.360+0000] {docker.py:436} INFO - 24/06/26 19:40:42 INFO SparkContext: Added file file:///opt/bitnami/spark/.ivy2/jars/com.google.code.findbugs_jsr305-3.0.0.jar at file:///opt/bitnami/spark/.ivy2/jars/com.google.code.findbugs_jsr305-3.0.0.jar with timestamp 1719430841130
24/06/26 19:40:42 INFO Utils: Copying /opt/bitnami/spark/.ivy2/jars/com.google.code.findbugs_jsr305-3.0.0.jar to /tmp/spark-010daf7a-1e1e-4433-8e6d-0cdd321189d3/userFiles-ddb5fd1d-72a9-4abf-969a-74170f30f220/com.google.code.findbugs_jsr305-3.0.0.jar
[2024-06-26T19:40:42.374+0000] {docker.py:436} INFO - 24/06/26 19:40:42 INFO SparkContext: Added file file:///opt/bitnami/spark/.ivy2/jars/org.apache.commons_commons-pool2-2.11.1.jar at file:///opt/bitnami/spark/.ivy2/jars/org.apache.commons_commons-pool2-2.11.1.jar with timestamp 1719430841130
[2024-06-26T19:40:42.375+0000] {docker.py:436} INFO - 24/06/26 19:40:42 INFO Utils: Copying /opt/bitnami/spark/.ivy2/jars/org.apache.commons_commons-pool2-2.11.1.jar to /tmp/spark-010daf7a-1e1e-4433-8e6d-0cdd321189d3/userFiles-ddb5fd1d-72a9-4abf-969a-74170f30f220/org.apache.commons_commons-pool2-2.11.1.jar
[2024-06-26T19:40:42.398+0000] {docker.py:436} INFO - 24/06/26 19:40:42 INFO SparkContext: Added file file:///opt/bitnami/spark/.ivy2/jars/org.spark-project.spark_unused-1.0.0.jar at file:///opt/bitnami/spark/.ivy2/jars/org.spark-project.spark_unused-1.0.0.jar with timestamp 1719430841130
[2024-06-26T19:40:42.400+0000] {docker.py:436} INFO - 24/06/26 19:40:42 INFO Utils: Copying /opt/bitnami/spark/.ivy2/jars/org.spark-project.spark_unused-1.0.0.jar to /tmp/spark-010daf7a-1e1e-4433-8e6d-0cdd321189d3/userFiles-ddb5fd1d-72a9-4abf-969a-74170f30f220/org.spark-project.spark_unused-1.0.0.jar
[2024-06-26T19:40:42.453+0000] {docker.py:436} INFO - 24/06/26 19:40:42 INFO SparkContext: Added file file:///opt/bitnami/spark/.ivy2/jars/org.apache.hadoop_hadoop-client-runtime-3.3.2.jar at file:///opt/bitnami/spark/.ivy2/jars/org.apache.hadoop_hadoop-client-runtime-3.3.2.jar with timestamp 1719430841130
[2024-06-26T19:40:42.454+0000] {docker.py:436} INFO - 24/06/26 19:40:42 INFO Utils: Copying /opt/bitnami/spark/.ivy2/jars/org.apache.hadoop_hadoop-client-runtime-3.3.2.jar to /tmp/spark-010daf7a-1e1e-4433-8e6d-0cdd321189d3/userFiles-ddb5fd1d-72a9-4abf-969a-74170f30f220/org.apache.hadoop_hadoop-client-runtime-3.3.2.jar
[2024-06-26T19:40:42.506+0000] {docker.py:436} INFO - 24/06/26 19:40:42 INFO SparkContext: Added file file:///opt/bitnami/spark/.ivy2/jars/org.lz4_lz4-java-1.8.0.jar at file:///opt/bitnami/spark/.ivy2/jars/org.lz4_lz4-java-1.8.0.jar with timestamp 1719430841130
[2024-06-26T19:40:42.507+0000] {docker.py:436} INFO - 24/06/26 19:40:42 INFO Utils: Copying /opt/bitnami/spark/.ivy2/jars/org.lz4_lz4-java-1.8.0.jar to /tmp/spark-010daf7a-1e1e-4433-8e6d-0cdd321189d3/userFiles-ddb5fd1d-72a9-4abf-969a-74170f30f220/org.lz4_lz4-java-1.8.0.jar
[2024-06-26T19:40:42.514+0000] {docker.py:436} INFO - 24/06/26 19:40:42 INFO SparkContext: Added file file:///opt/bitnami/spark/.ivy2/jars/org.xerial.snappy_snappy-java-1.1.8.4.jar at file:///opt/bitnami/spark/.ivy2/jars/org.xerial.snappy_snappy-java-1.1.8.4.jar with timestamp 1719430841130
[2024-06-26T19:40:42.515+0000] {docker.py:436} INFO - 24/06/26 19:40:42 INFO Utils: Copying /opt/bitnami/spark/.ivy2/jars/org.xerial.snappy_snappy-java-1.1.8.4.jar to /tmp/spark-010daf7a-1e1e-4433-8e6d-0cdd321189d3/userFiles-ddb5fd1d-72a9-4abf-969a-74170f30f220/org.xerial.snappy_snappy-java-1.1.8.4.jar
[2024-06-26T19:40:42.523+0000] {docker.py:436} INFO - 24/06/26 19:40:42 INFO SparkContext: Added file file:///opt/bitnami/spark/.ivy2/jars/org.slf4j_slf4j-api-1.7.32.jar at file:///opt/bitnami/spark/.ivy2/jars/org.slf4j_slf4j-api-1.7.32.jar with timestamp 1719430841130
[2024-06-26T19:40:42.525+0000] {docker.py:436} INFO - 24/06/26 19:40:42 INFO Utils: Copying /opt/bitnami/spark/.ivy2/jars/org.slf4j_slf4j-api-1.7.32.jar to /tmp/spark-010daf7a-1e1e-4433-8e6d-0cdd321189d3/userFiles-ddb5fd1d-72a9-4abf-969a-74170f30f220/org.slf4j_slf4j-api-1.7.32.jar
[2024-06-26T19:40:42.531+0000] {docker.py:436} INFO - 24/06/26 19:40:42 INFO SparkContext: Added file file:///opt/bitnami/spark/.ivy2/jars/org.apache.hadoop_hadoop-client-api-3.3.2.jar at file:///opt/bitnami/spark/.ivy2/jars/org.apache.hadoop_hadoop-client-api-3.3.2.jar with timestamp 1719430841130
[2024-06-26T19:40:42.532+0000] {docker.py:436} INFO - 24/06/26 19:40:42 INFO Utils: Copying /opt/bitnami/spark/.ivy2/jars/org.apache.hadoop_hadoop-client-api-3.3.2.jar to /tmp/spark-010daf7a-1e1e-4433-8e6d-0cdd321189d3/userFiles-ddb5fd1d-72a9-4abf-969a-74170f30f220/org.apache.hadoop_hadoop-client-api-3.3.2.jar
[2024-06-26T19:40:42.554+0000] {docker.py:436} INFO - 24/06/26 19:40:42 INFO SparkContext: Added file file:///opt/bitnami/spark/.ivy2/jars/commons-logging_commons-logging-1.1.3.jar at file:///opt/bitnami/spark/.ivy2/jars/commons-logging_commons-logging-1.1.3.jar with timestamp 1719430841130
[2024-06-26T19:40:42.554+0000] {docker.py:436} INFO - 24/06/26 19:40:42 INFO Utils: Copying /opt/bitnami/spark/.ivy2/jars/commons-logging_commons-logging-1.1.3.jar to /tmp/spark-010daf7a-1e1e-4433-8e6d-0cdd321189d3/userFiles-ddb5fd1d-72a9-4abf-969a-74170f30f220/commons-logging_commons-logging-1.1.3.jar
[2024-06-26T19:40:42.674+0000] {docker.py:436} INFO - 24/06/26 19:40:42 INFO Executor: Starting executor ID driver on host localhost
[2024-06-26T19:40:42.675+0000] {docker.py:436} INFO - 24/06/26 19:40:42 INFO Executor: OS info Linux, 6.5.0-41-generic, amd64
[2024-06-26T19:40:42.675+0000] {docker.py:436} INFO - 24/06/26 19:40:42 INFO Executor: Java version 17.0.11
[2024-06-26T19:40:42.687+0000] {docker.py:436} INFO - 24/06/26 19:40:42 INFO Executor: Starting executor with user classpath (userClassPathFirst = false): ''
[2024-06-26T19:40:42.689+0000] {docker.py:436} INFO - 24/06/26 19:40:42 INFO Executor: Created or updated repl class loader org.apache.spark.util.MutableURLClassLoader@3a9f7d81 for default.
[2024-06-26T19:40:42.704+0000] {docker.py:436} INFO - 24/06/26 19:40:42 INFO Executor: Fetching file:///opt/bitnami/spark/.ivy2/jars/org.postgresql_postgresql-42.2.2.jar with timestamp 1719430841130
[2024-06-26T19:40:42.732+0000] {docker.py:436} INFO - 24/06/26 19:40:42 INFO Utils: /opt/bitnami/spark/.ivy2/jars/org.postgresql_postgresql-42.2.2.jar has been previously copied to /tmp/spark-010daf7a-1e1e-4433-8e6d-0cdd321189d3/userFiles-ddb5fd1d-72a9-4abf-969a-74170f30f220/org.postgresql_postgresql-42.2.2.jar
[2024-06-26T19:40:42.736+0000] {docker.py:436} INFO - 24/06/26 19:40:42 INFO Executor: Fetching file:///opt/bitnami/spark/.ivy2/jars/org.apache.hadoop_hadoop-client-api-3.3.2.jar with timestamp 1719430841130
[2024-06-26T19:40:42.763+0000] {docker.py:436} INFO - 24/06/26 19:40:42 INFO Utils: /opt/bitnami/spark/.ivy2/jars/org.apache.hadoop_hadoop-client-api-3.3.2.jar has been previously copied to /tmp/spark-010daf7a-1e1e-4433-8e6d-0cdd321189d3/userFiles-ddb5fd1d-72a9-4abf-969a-74170f30f220/org.apache.hadoop_hadoop-client-api-3.3.2.jar
[2024-06-26T19:40:42.775+0000] {docker.py:436} INFO - 24/06/26 19:40:42 INFO Executor: Fetching file:///opt/bitnami/spark/.ivy2/jars/org.xerial.snappy_snappy-java-1.1.8.4.jar with timestamp 1719430841130
24/06/26 19:40:42 INFO Utils: /opt/bitnami/spark/.ivy2/jars/org.xerial.snappy_snappy-java-1.1.8.4.jar has been previously copied to /tmp/spark-010daf7a-1e1e-4433-8e6d-0cdd321189d3/userFiles-ddb5fd1d-72a9-4abf-969a-74170f30f220/org.xerial.snappy_snappy-java-1.1.8.4.jar
[2024-06-26T19:40:42.783+0000] {docker.py:436} INFO - 24/06/26 19:40:42 INFO Executor: Fetching file:///opt/bitnami/spark/.ivy2/jars/org.apache.hadoop_hadoop-client-runtime-3.3.2.jar with timestamp 1719430841130
[2024-06-26T19:40:42.816+0000] {docker.py:436} INFO - 24/06/26 19:40:42 INFO Utils: /opt/bitnami/spark/.ivy2/jars/org.apache.hadoop_hadoop-client-runtime-3.3.2.jar has been previously copied to /tmp/spark-010daf7a-1e1e-4433-8e6d-0cdd321189d3/userFiles-ddb5fd1d-72a9-4abf-969a-74170f30f220/org.apache.hadoop_hadoop-client-runtime-3.3.2.jar
[2024-06-26T19:40:42.822+0000] {docker.py:436} INFO - 24/06/26 19:40:42 INFO Executor: Fetching file:///opt/bitnami/spark/.ivy2/jars/org.apache.commons_commons-pool2-2.11.1.jar with timestamp 1719430841130
[2024-06-26T19:40:42.823+0000] {docker.py:436} INFO - 24/06/26 19:40:42 INFO Utils: /opt/bitnami/spark/.ivy2/jars/org.apache.commons_commons-pool2-2.11.1.jar has been previously copied to /tmp/spark-010daf7a-1e1e-4433-8e6d-0cdd321189d3/userFiles-ddb5fd1d-72a9-4abf-969a-74170f30f220/org.apache.commons_commons-pool2-2.11.1.jar
[2024-06-26T19:40:42.827+0000] {docker.py:436} INFO - 24/06/26 19:40:42 INFO Executor: Fetching file:///opt/bitnami/spark/.ivy2/jars/org.apache.spark_spark-token-provider-kafka-0-10_2.12-3.3.0.jar with timestamp 1719430841130
[2024-06-26T19:40:42.828+0000] {docker.py:436} INFO - 24/06/26 19:40:42 INFO Utils: /opt/bitnami/spark/.ivy2/jars/org.apache.spark_spark-token-provider-kafka-0-10_2.12-3.3.0.jar has been previously copied to /tmp/spark-010daf7a-1e1e-4433-8e6d-0cdd321189d3/userFiles-ddb5fd1d-72a9-4abf-969a-74170f30f220/org.apache.spark_spark-token-provider-kafka-0-10_2.12-3.3.0.jar
[2024-06-26T19:40:42.834+0000] {docker.py:436} INFO - 24/06/26 19:40:42 INFO Executor: Fetching file:///opt/bitnami/spark/.ivy2/jars/org.slf4j_slf4j-api-1.7.32.jar with timestamp 1719430841130
[2024-06-26T19:40:42.835+0000] {docker.py:436} INFO - 24/06/26 19:40:42 INFO Utils: /opt/bitnami/spark/.ivy2/jars/org.slf4j_slf4j-api-1.7.32.jar has been previously copied to /tmp/spark-010daf7a-1e1e-4433-8e6d-0cdd321189d3/userFiles-ddb5fd1d-72a9-4abf-969a-74170f30f220/org.slf4j_slf4j-api-1.7.32.jar
[2024-06-26T19:40:42.840+0000] {docker.py:436} INFO - 24/06/26 19:40:42 INFO Executor: Fetching file:///opt/bitnami/spark/.ivy2/jars/org.apache.spark_spark-sql-kafka-0-10_2.12-3.3.0.jar with timestamp 1719430841130
[2024-06-26T19:40:42.842+0000] {docker.py:436} INFO - 24/06/26 19:40:42 INFO Utils: /opt/bitnami/spark/.ivy2/jars/org.apache.spark_spark-sql-kafka-0-10_2.12-3.3.0.jar has been previously copied to /tmp/spark-010daf7a-1e1e-4433-8e6d-0cdd321189d3/userFiles-ddb5fd1d-72a9-4abf-969a-74170f30f220/org.apache.spark_spark-sql-kafka-0-10_2.12-3.3.0.jar
[2024-06-26T19:40:42.847+0000] {docker.py:436} INFO - 24/06/26 19:40:42 INFO Executor: Fetching file:///opt/bitnami/spark/.ivy2/jars/com.google.code.findbugs_jsr305-3.0.0.jar with timestamp 1719430841130
[2024-06-26T19:40:42.848+0000] {docker.py:436} INFO - 24/06/26 19:40:42 INFO Utils: /opt/bitnami/spark/.ivy2/jars/com.google.code.findbugs_jsr305-3.0.0.jar has been previously copied to /tmp/spark-010daf7a-1e1e-4433-8e6d-0cdd321189d3/userFiles-ddb5fd1d-72a9-4abf-969a-74170f30f220/com.google.code.findbugs_jsr305-3.0.0.jar
[2024-06-26T19:40:42.853+0000] {docker.py:436} INFO - 24/06/26 19:40:42 INFO Executor: Fetching file:///opt/bitnami/spark/.ivy2/jars/org.lz4_lz4-java-1.8.0.jar with timestamp 1719430841130
[2024-06-26T19:40:42.854+0000] {docker.py:436} INFO - 24/06/26 19:40:42 INFO Utils: /opt/bitnami/spark/.ivy2/jars/org.lz4_lz4-java-1.8.0.jar has been previously copied to /tmp/spark-010daf7a-1e1e-4433-8e6d-0cdd321189d3/userFiles-ddb5fd1d-72a9-4abf-969a-74170f30f220/org.lz4_lz4-java-1.8.0.jar
[2024-06-26T19:40:42.860+0000] {docker.py:436} INFO - 24/06/26 19:40:42 INFO Executor: Fetching file:///opt/bitnami/spark/.ivy2/jars/commons-logging_commons-logging-1.1.3.jar with timestamp 1719430841130
[2024-06-26T19:40:42.861+0000] {docker.py:436} INFO - 24/06/26 19:40:42 INFO Utils: /opt/bitnami/spark/.ivy2/jars/commons-logging_commons-logging-1.1.3.jar has been previously copied to /tmp/spark-010daf7a-1e1e-4433-8e6d-0cdd321189d3/userFiles-ddb5fd1d-72a9-4abf-969a-74170f30f220/commons-logging_commons-logging-1.1.3.jar
[2024-06-26T19:40:42.880+0000] {docker.py:436} INFO - 24/06/26 19:40:42 INFO Executor: Fetching file:///opt/bitnami/spark/.ivy2/jars/org.spark-project.spark_unused-1.0.0.jar with timestamp 1719430841130
[2024-06-26T19:40:42.881+0000] {docker.py:436} INFO - 24/06/26 19:40:42 INFO Utils: /opt/bitnami/spark/.ivy2/jars/org.spark-project.spark_unused-1.0.0.jar has been previously copied to /tmp/spark-010daf7a-1e1e-4433-8e6d-0cdd321189d3/userFiles-ddb5fd1d-72a9-4abf-969a-74170f30f220/org.spark-project.spark_unused-1.0.0.jar
[2024-06-26T19:40:42.906+0000] {docker.py:436} INFO - 24/06/26 19:40:42 INFO Executor: Fetching file:///opt/bitnami/spark/.ivy2/jars/org.apache.kafka_kafka-clients-2.8.1.jar with timestamp 1719430841130
[2024-06-26T19:40:42.914+0000] {docker.py:436} INFO - 24/06/26 19:40:42 INFO Utils: /opt/bitnami/spark/.ivy2/jars/org.apache.kafka_kafka-clients-2.8.1.jar has been previously copied to /tmp/spark-010daf7a-1e1e-4433-8e6d-0cdd321189d3/userFiles-ddb5fd1d-72a9-4abf-969a-74170f30f220/org.apache.kafka_kafka-clients-2.8.1.jar
[2024-06-26T19:40:42.951+0000] {docker.py:436} INFO - 24/06/26 19:40:42 INFO Executor: Fetching spark://localhost:38883/jars/org.xerial.snappy_snappy-java-1.1.8.4.jar with timestamp 1719430841130
[2024-06-26T19:40:43.057+0000] {docker.py:436} INFO - 24/06/26 19:40:43 INFO TransportClientFactory: Successfully created connection to localhost/127.0.0.1:38883 after 80 ms (0 ms spent in bootstraps)
[2024-06-26T19:40:43.065+0000] {docker.py:436} INFO - 24/06/26 19:40:43 INFO Utils: Fetching spark://localhost:38883/jars/org.xerial.snappy_snappy-java-1.1.8.4.jar to /tmp/spark-010daf7a-1e1e-4433-8e6d-0cdd321189d3/userFiles-ddb5fd1d-72a9-4abf-969a-74170f30f220/fetchFileTemp11549298860274112824.tmp
[2024-06-26T19:40:43.126+0000] {docker.py:436} INFO - 24/06/26 19:40:43 INFO Utils: /tmp/spark-010daf7a-1e1e-4433-8e6d-0cdd321189d3/userFiles-ddb5fd1d-72a9-4abf-969a-74170f30f220/fetchFileTemp11549298860274112824.tmp has been previously copied to /tmp/spark-010daf7a-1e1e-4433-8e6d-0cdd321189d3/userFiles-ddb5fd1d-72a9-4abf-969a-74170f30f220/org.xerial.snappy_snappy-java-1.1.8.4.jar
[2024-06-26T19:40:43.133+0000] {docker.py:436} INFO - 24/06/26 19:40:43 INFO Executor: Adding file:/tmp/spark-010daf7a-1e1e-4433-8e6d-0cdd321189d3/userFiles-ddb5fd1d-72a9-4abf-969a-74170f30f220/org.xerial.snappy_snappy-java-1.1.8.4.jar to class loader default
[2024-06-26T19:40:43.134+0000] {docker.py:436} INFO - 24/06/26 19:40:43 INFO Executor: Fetching spark://localhost:38883/jars/com.google.code.findbugs_jsr305-3.0.0.jar with timestamp 1719430841130
[2024-06-26T19:40:43.135+0000] {docker.py:436} INFO - 24/06/26 19:40:43 INFO Utils: Fetching spark://localhost:38883/jars/com.google.code.findbugs_jsr305-3.0.0.jar to /tmp/spark-010daf7a-1e1e-4433-8e6d-0cdd321189d3/userFiles-ddb5fd1d-72a9-4abf-969a-74170f30f220/fetchFileTemp2762356033338979122.tmp
[2024-06-26T19:40:43.141+0000] {docker.py:436} INFO - 24/06/26 19:40:43 INFO Utils: /tmp/spark-010daf7a-1e1e-4433-8e6d-0cdd321189d3/userFiles-ddb5fd1d-72a9-4abf-969a-74170f30f220/fetchFileTemp2762356033338979122.tmp has been previously copied to /tmp/spark-010daf7a-1e1e-4433-8e6d-0cdd321189d3/userFiles-ddb5fd1d-72a9-4abf-969a-74170f30f220/com.google.code.findbugs_jsr305-3.0.0.jar
[2024-06-26T19:40:43.146+0000] {docker.py:436} INFO - 24/06/26 19:40:43 INFO Executor: Adding file:/tmp/spark-010daf7a-1e1e-4433-8e6d-0cdd321189d3/userFiles-ddb5fd1d-72a9-4abf-969a-74170f30f220/com.google.code.findbugs_jsr305-3.0.0.jar to class loader default
[2024-06-26T19:40:43.148+0000] {docker.py:436} INFO - 24/06/26 19:40:43 INFO Executor: Fetching spark://localhost:38883/jars/org.postgresql_postgresql-42.2.2.jar with timestamp 1719430841130
[2024-06-26T19:40:43.149+0000] {docker.py:436} INFO - 24/06/26 19:40:43 INFO Utils: Fetching spark://localhost:38883/jars/org.postgresql_postgresql-42.2.2.jar to /tmp/spark-010daf7a-1e1e-4433-8e6d-0cdd321189d3/userFiles-ddb5fd1d-72a9-4abf-969a-74170f30f220/fetchFileTemp6180699986175005615.tmp
[2024-06-26T19:40:43.160+0000] {docker.py:436} INFO - 24/06/26 19:40:43 INFO Utils: /tmp/spark-010daf7a-1e1e-4433-8e6d-0cdd321189d3/userFiles-ddb5fd1d-72a9-4abf-969a-74170f30f220/fetchFileTemp6180699986175005615.tmp has been previously copied to /tmp/spark-010daf7a-1e1e-4433-8e6d-0cdd321189d3/userFiles-ddb5fd1d-72a9-4abf-969a-74170f30f220/org.postgresql_postgresql-42.2.2.jar
[2024-06-26T19:40:43.163+0000] {docker.py:436} INFO - 24/06/26 19:40:43 INFO Executor: Adding file:/tmp/spark-010daf7a-1e1e-4433-8e6d-0cdd321189d3/userFiles-ddb5fd1d-72a9-4abf-969a-74170f30f220/org.postgresql_postgresql-42.2.2.jar to class loader default
[2024-06-26T19:40:43.164+0000] {docker.py:436} INFO - 24/06/26 19:40:43 INFO Executor: Fetching spark://localhost:38883/jars/org.apache.spark_spark-token-provider-kafka-0-10_2.12-3.3.0.jar with timestamp 1719430841130
[2024-06-26T19:40:43.165+0000] {docker.py:436} INFO - 24/06/26 19:40:43 INFO Utils: Fetching spark://localhost:38883/jars/org.apache.spark_spark-token-provider-kafka-0-10_2.12-3.3.0.jar to /tmp/spark-010daf7a-1e1e-4433-8e6d-0cdd321189d3/userFiles-ddb5fd1d-72a9-4abf-969a-74170f30f220/fetchFileTemp3347518936309011283.tmp
[2024-06-26T19:40:43.172+0000] {docker.py:436} INFO - 24/06/26 19:40:43 INFO Utils: /tmp/spark-010daf7a-1e1e-4433-8e6d-0cdd321189d3/userFiles-ddb5fd1d-72a9-4abf-969a-74170f30f220/fetchFileTemp3347518936309011283.tmp has been previously copied to /tmp/spark-010daf7a-1e1e-4433-8e6d-0cdd321189d3/userFiles-ddb5fd1d-72a9-4abf-969a-74170f30f220/org.apache.spark_spark-token-provider-kafka-0-10_2.12-3.3.0.jar
[2024-06-26T19:40:43.179+0000] {docker.py:436} INFO - 24/06/26 19:40:43 INFO Executor: Adding file:/tmp/spark-010daf7a-1e1e-4433-8e6d-0cdd321189d3/userFiles-ddb5fd1d-72a9-4abf-969a-74170f30f220/org.apache.spark_spark-token-provider-kafka-0-10_2.12-3.3.0.jar to class loader default
[2024-06-26T19:40:43.180+0000] {docker.py:436} INFO - 24/06/26 19:40:43 INFO Executor: Fetching spark://localhost:38883/jars/org.slf4j_slf4j-api-1.7.32.jar with timestamp 1719430841130
[2024-06-26T19:40:43.182+0000] {docker.py:436} INFO - 24/06/26 19:40:43 INFO Utils: Fetching spark://localhost:38883/jars/org.slf4j_slf4j-api-1.7.32.jar to /tmp/spark-010daf7a-1e1e-4433-8e6d-0cdd321189d3/userFiles-ddb5fd1d-72a9-4abf-969a-74170f30f220/fetchFileTemp1327627844199613351.tmp
[2024-06-26T19:40:43.184+0000] {docker.py:436} INFO - 24/06/26 19:40:43 INFO Utils: /tmp/spark-010daf7a-1e1e-4433-8e6d-0cdd321189d3/userFiles-ddb5fd1d-72a9-4abf-969a-74170f30f220/fetchFileTemp1327627844199613351.tmp has been previously copied to /tmp/spark-010daf7a-1e1e-4433-8e6d-0cdd321189d3/userFiles-ddb5fd1d-72a9-4abf-969a-74170f30f220/org.slf4j_slf4j-api-1.7.32.jar
[2024-06-26T19:40:43.191+0000] {docker.py:436} INFO - 24/06/26 19:40:43 INFO Executor: Adding file:/tmp/spark-010daf7a-1e1e-4433-8e6d-0cdd321189d3/userFiles-ddb5fd1d-72a9-4abf-969a-74170f30f220/org.slf4j_slf4j-api-1.7.32.jar to class loader default
[2024-06-26T19:40:43.192+0000] {docker.py:436} INFO - 24/06/26 19:40:43 INFO Executor: Fetching spark://localhost:38883/jars/org.lz4_lz4-java-1.8.0.jar with timestamp 1719430841130
[2024-06-26T19:40:43.194+0000] {docker.py:436} INFO - 24/06/26 19:40:43 INFO Utils: Fetching spark://localhost:38883/jars/org.lz4_lz4-java-1.8.0.jar to /tmp/spark-010daf7a-1e1e-4433-8e6d-0cdd321189d3/userFiles-ddb5fd1d-72a9-4abf-969a-74170f30f220/fetchFileTemp4850219010643070555.tmp
[2024-06-26T19:40:43.202+0000] {docker.py:436} INFO - 24/06/26 19:40:43 INFO Utils: /tmp/spark-010daf7a-1e1e-4433-8e6d-0cdd321189d3/userFiles-ddb5fd1d-72a9-4abf-969a-74170f30f220/fetchFileTemp4850219010643070555.tmp has been previously copied to /tmp/spark-010daf7a-1e1e-4433-8e6d-0cdd321189d3/userFiles-ddb5fd1d-72a9-4abf-969a-74170f30f220/org.lz4_lz4-java-1.8.0.jar
[2024-06-26T19:40:43.206+0000] {docker.py:436} INFO - 24/06/26 19:40:43 INFO Executor: Adding file:/tmp/spark-010daf7a-1e1e-4433-8e6d-0cdd321189d3/userFiles-ddb5fd1d-72a9-4abf-969a-74170f30f220/org.lz4_lz4-java-1.8.0.jar to class loader default
[2024-06-26T19:40:43.207+0000] {docker.py:436} INFO - 24/06/26 19:40:43 INFO Executor: Fetching spark://localhost:38883/jars/org.apache.hadoop_hadoop-client-runtime-3.3.2.jar with timestamp 1719430841130
24/06/26 19:40:43 INFO Utils: Fetching spark://localhost:38883/jars/org.apache.hadoop_hadoop-client-runtime-3.3.2.jar to /tmp/spark-010daf7a-1e1e-4433-8e6d-0cdd321189d3/userFiles-ddb5fd1d-72a9-4abf-969a-74170f30f220/fetchFileTemp777955682451269029.tmp
[2024-06-26T19:40:43.462+0000] {docker.py:436} INFO - 24/06/26 19:40:43 INFO Utils: /tmp/spark-010daf7a-1e1e-4433-8e6d-0cdd321189d3/userFiles-ddb5fd1d-72a9-4abf-969a-74170f30f220/fetchFileTemp777955682451269029.tmp has been previously copied to /tmp/spark-010daf7a-1e1e-4433-8e6d-0cdd321189d3/userFiles-ddb5fd1d-72a9-4abf-969a-74170f30f220/org.apache.hadoop_hadoop-client-runtime-3.3.2.jar
[2024-06-26T19:40:43.472+0000] {docker.py:436} INFO - 24/06/26 19:40:43 INFO Executor: Adding file:/tmp/spark-010daf7a-1e1e-4433-8e6d-0cdd321189d3/userFiles-ddb5fd1d-72a9-4abf-969a-74170f30f220/org.apache.hadoop_hadoop-client-runtime-3.3.2.jar to class loader default
[2024-06-26T19:40:43.472+0000] {docker.py:436} INFO - 24/06/26 19:40:43 INFO Executor: Fetching spark://localhost:38883/jars/org.apache.kafka_kafka-clients-2.8.1.jar with timestamp 1719430841130
[2024-06-26T19:40:43.474+0000] {docker.py:436} INFO - 24/06/26 19:40:43 INFO Utils: Fetching spark://localhost:38883/jars/org.apache.kafka_kafka-clients-2.8.1.jar to /tmp/spark-010daf7a-1e1e-4433-8e6d-0cdd321189d3/userFiles-ddb5fd1d-72a9-4abf-969a-74170f30f220/fetchFileTemp7430500511652998193.tmp
[2024-06-26T19:40:43.489+0000] {docker.py:436} INFO - 24/06/26 19:40:43 INFO Utils: /tmp/spark-010daf7a-1e1e-4433-8e6d-0cdd321189d3/userFiles-ddb5fd1d-72a9-4abf-969a-74170f30f220/fetchFileTemp7430500511652998193.tmp has been previously copied to /tmp/spark-010daf7a-1e1e-4433-8e6d-0cdd321189d3/userFiles-ddb5fd1d-72a9-4abf-969a-74170f30f220/org.apache.kafka_kafka-clients-2.8.1.jar
[2024-06-26T19:40:43.506+0000] {docker.py:436} INFO - 24/06/26 19:40:43 INFO Executor: Adding file:/tmp/spark-010daf7a-1e1e-4433-8e6d-0cdd321189d3/userFiles-ddb5fd1d-72a9-4abf-969a-74170f30f220/org.apache.kafka_kafka-clients-2.8.1.jar to class loader default
[2024-06-26T19:40:43.506+0000] {docker.py:436} INFO - 24/06/26 19:40:43 INFO Executor: Fetching spark://localhost:38883/jars/commons-logging_commons-logging-1.1.3.jar with timestamp 1719430841130
[2024-06-26T19:40:43.507+0000] {docker.py:436} INFO - 24/06/26 19:40:43 INFO Utils: Fetching spark://localhost:38883/jars/commons-logging_commons-logging-1.1.3.jar to /tmp/spark-010daf7a-1e1e-4433-8e6d-0cdd321189d3/userFiles-ddb5fd1d-72a9-4abf-969a-74170f30f220/fetchFileTemp15535360348051534166.tmp
[2024-06-26T19:40:43.508+0000] {docker.py:436} INFO - 24/06/26 19:40:43 INFO Utils: /tmp/spark-010daf7a-1e1e-4433-8e6d-0cdd321189d3/userFiles-ddb5fd1d-72a9-4abf-969a-74170f30f220/fetchFileTemp15535360348051534166.tmp has been previously copied to /tmp/spark-010daf7a-1e1e-4433-8e6d-0cdd321189d3/userFiles-ddb5fd1d-72a9-4abf-969a-74170f30f220/commons-logging_commons-logging-1.1.3.jar
[2024-06-26T19:40:43.537+0000] {docker.py:436} INFO - 24/06/26 19:40:43 INFO Executor: Adding file:/tmp/spark-010daf7a-1e1e-4433-8e6d-0cdd321189d3/userFiles-ddb5fd1d-72a9-4abf-969a-74170f30f220/commons-logging_commons-logging-1.1.3.jar to class loader default
[2024-06-26T19:40:43.538+0000] {docker.py:436} INFO - 24/06/26 19:40:43 INFO Executor: Fetching spark://localhost:38883/jars/org.spark-project.spark_unused-1.0.0.jar with timestamp 1719430841130
[2024-06-26T19:40:43.542+0000] {docker.py:436} INFO - 24/06/26 19:40:43 INFO Utils: Fetching spark://localhost:38883/jars/org.spark-project.spark_unused-1.0.0.jar to /tmp/spark-010daf7a-1e1e-4433-8e6d-0cdd321189d3/userFiles-ddb5fd1d-72a9-4abf-969a-74170f30f220/fetchFileTemp8773059471326913808.tmp
[2024-06-26T19:40:43.542+0000] {docker.py:436} INFO - 24/06/26 19:40:43 INFO Utils: /tmp/spark-010daf7a-1e1e-4433-8e6d-0cdd321189d3/userFiles-ddb5fd1d-72a9-4abf-969a-74170f30f220/fetchFileTemp8773059471326913808.tmp has been previously copied to /tmp/spark-010daf7a-1e1e-4433-8e6d-0cdd321189d3/userFiles-ddb5fd1d-72a9-4abf-969a-74170f30f220/org.spark-project.spark_unused-1.0.0.jar
[2024-06-26T19:40:43.558+0000] {docker.py:436} INFO - 24/06/26 19:40:43 INFO Executor: Adding file:/tmp/spark-010daf7a-1e1e-4433-8e6d-0cdd321189d3/userFiles-ddb5fd1d-72a9-4abf-969a-74170f30f220/org.spark-project.spark_unused-1.0.0.jar to class loader default
[2024-06-26T19:40:43.561+0000] {docker.py:436} INFO - 24/06/26 19:40:43 INFO Executor: Fetching spark://localhost:38883/jars/org.apache.hadoop_hadoop-client-api-3.3.2.jar with timestamp 1719430841130
24/06/26 19:40:43 INFO Utils: Fetching spark://localhost:38883/jars/org.apache.hadoop_hadoop-client-api-3.3.2.jar to /tmp/spark-010daf7a-1e1e-4433-8e6d-0cdd321189d3/userFiles-ddb5fd1d-72a9-4abf-969a-74170f30f220/fetchFileTemp9688348074279902576.tmp
[2024-06-26T19:40:43.701+0000] {docker.py:436} INFO - 24/06/26 19:40:43 INFO Utils: /tmp/spark-010daf7a-1e1e-4433-8e6d-0cdd321189d3/userFiles-ddb5fd1d-72a9-4abf-969a-74170f30f220/fetchFileTemp9688348074279902576.tmp has been previously copied to /tmp/spark-010daf7a-1e1e-4433-8e6d-0cdd321189d3/userFiles-ddb5fd1d-72a9-4abf-969a-74170f30f220/org.apache.hadoop_hadoop-client-api-3.3.2.jar
[2024-06-26T19:40:43.708+0000] {docker.py:436} INFO - 24/06/26 19:40:43 INFO Executor: Adding file:/tmp/spark-010daf7a-1e1e-4433-8e6d-0cdd321189d3/userFiles-ddb5fd1d-72a9-4abf-969a-74170f30f220/org.apache.hadoop_hadoop-client-api-3.3.2.jar to class loader default
[2024-06-26T19:40:43.709+0000] {docker.py:436} INFO - 24/06/26 19:40:43 INFO Executor: Fetching spark://localhost:38883/jars/org.apache.commons_commons-pool2-2.11.1.jar with timestamp 1719430841130
[2024-06-26T19:40:43.710+0000] {docker.py:436} INFO - 24/06/26 19:40:43 INFO Utils: Fetching spark://localhost:38883/jars/org.apache.commons_commons-pool2-2.11.1.jar to /tmp/spark-010daf7a-1e1e-4433-8e6d-0cdd321189d3/userFiles-ddb5fd1d-72a9-4abf-969a-74170f30f220/fetchFileTemp164199070237356716.tmp
[2024-06-26T19:40:43.712+0000] {docker.py:436} INFO - 24/06/26 19:40:43 INFO Utils: /tmp/spark-010daf7a-1e1e-4433-8e6d-0cdd321189d3/userFiles-ddb5fd1d-72a9-4abf-969a-74170f30f220/fetchFileTemp164199070237356716.tmp has been previously copied to /tmp/spark-010daf7a-1e1e-4433-8e6d-0cdd321189d3/userFiles-ddb5fd1d-72a9-4abf-969a-74170f30f220/org.apache.commons_commons-pool2-2.11.1.jar
[2024-06-26T19:40:43.716+0000] {docker.py:436} INFO - 24/06/26 19:40:43 INFO Executor: Adding file:/tmp/spark-010daf7a-1e1e-4433-8e6d-0cdd321189d3/userFiles-ddb5fd1d-72a9-4abf-969a-74170f30f220/org.apache.commons_commons-pool2-2.11.1.jar to class loader default
[2024-06-26T19:40:43.716+0000] {docker.py:436} INFO - 24/06/26 19:40:43 INFO Executor: Fetching spark://localhost:38883/jars/org.apache.spark_spark-sql-kafka-0-10_2.12-3.3.0.jar with timestamp 1719430841130
[2024-06-26T19:40:43.717+0000] {docker.py:436} INFO - 24/06/26 19:40:43 INFO Utils: Fetching spark://localhost:38883/jars/org.apache.spark_spark-sql-kafka-0-10_2.12-3.3.0.jar to /tmp/spark-010daf7a-1e1e-4433-8e6d-0cdd321189d3/userFiles-ddb5fd1d-72a9-4abf-969a-74170f30f220/fetchFileTemp17075709695695891895.tmp
[2024-06-26T19:40:43.720+0000] {docker.py:436} INFO - 24/06/26 19:40:43 INFO Utils: /tmp/spark-010daf7a-1e1e-4433-8e6d-0cdd321189d3/userFiles-ddb5fd1d-72a9-4abf-969a-74170f30f220/fetchFileTemp17075709695695891895.tmp has been previously copied to /tmp/spark-010daf7a-1e1e-4433-8e6d-0cdd321189d3/userFiles-ddb5fd1d-72a9-4abf-969a-74170f30f220/org.apache.spark_spark-sql-kafka-0-10_2.12-3.3.0.jar
[2024-06-26T19:40:43.724+0000] {docker.py:436} INFO - 24/06/26 19:40:43 INFO Executor: Adding file:/tmp/spark-010daf7a-1e1e-4433-8e6d-0cdd321189d3/userFiles-ddb5fd1d-72a9-4abf-969a-74170f30f220/org.apache.spark_spark-sql-kafka-0-10_2.12-3.3.0.jar to class loader default
[2024-06-26T19:40:43.740+0000] {docker.py:436} INFO - 24/06/26 19:40:43 INFO Utils: Successfully started service 'org.apache.spark.network.netty.NettyBlockTransferService' on port 40385.
[2024-06-26T19:40:43.740+0000] {docker.py:436} INFO - 24/06/26 19:40:43 INFO NettyBlockTransferService: Server created on localhost:40385
[2024-06-26T19:40:43.743+0000] {docker.py:436} INFO - 24/06/26 19:40:43 INFO BlockManager: Using org.apache.spark.storage.RandomBlockReplicationPolicy for block replication policy
[2024-06-26T19:40:43.754+0000] {docker.py:436} INFO - 24/06/26 19:40:43 INFO BlockManagerMaster: Registering BlockManager BlockManagerId(driver, localhost, 40385, None)
[2024-06-26T19:40:43.759+0000] {docker.py:436} INFO - 24/06/26 19:40:43 INFO BlockManagerMasterEndpoint: Registering block manager localhost:40385 with 434.4 MiB RAM, BlockManagerId(driver, localhost, 40385, None)
[2024-06-26T19:40:43.762+0000] {docker.py:436} INFO - 24/06/26 19:40:43 INFO BlockManagerMaster: Registered BlockManager BlockManagerId(driver, localhost, 40385, None)
[2024-06-26T19:40:43.764+0000] {docker.py:436} INFO - 24/06/26 19:40:43 INFO BlockManager: Initialized BlockManager: BlockManagerId(driver, localhost, 40385, None)
[2024-06-26T19:40:44.385+0000] {docker.py:436} INFO - 2024-06-26 19:40:44,384:create_spark_session:INFO:Spark session created successfully
[2024-06-26T19:40:44.396+0000] {docker.py:436} INFO - 24/06/26 19:40:44 INFO SharedState: Setting hive.metastore.warehouse.dir ('null') to the value of spark.sql.warehouse.dir.
[2024-06-26T19:40:44.402+0000] {docker.py:436} INFO - 24/06/26 19:40:44 INFO SharedState: Warehouse path is 'file:/opt/bitnami/spark/spark-warehouse'.
[2024-06-26T19:40:46.237+0000] {docker.py:436} INFO - 2024-06-26 19:40:46,235:create_initial_dataframe:INFO:Initial dataframe created successfully:
[2024-06-26T19:40:46.423+0000] {docker.py:436} INFO - Traceback (most recent call last):
  File "/opt/bitnami/spark/scripts/spark_bronze_layer.py", line 132, in <module>
[2024-06-26T19:40:46.424+0000] {docker.py:436} INFO - write_to_postgres()
  File "/opt/bitnami/spark/scripts/spark_bronze_layer.py", line 120, in write_to_postgres
[2024-06-26T19:40:46.425+0000] {docker.py:436} INFO - final_df =create_final_dataframe(df)
              ^^^^^^^^^^^^^^^^^^^^^^^^^^
  File "/opt/bitnami/spark/scripts/spark_bronze_layer.py", line 83, in create_final_dataframe
[2024-06-26T19:40:46.425+0000] {docker.py:436} INFO - df_out = df_out.select(F.explode(df_out.purchases).alias("purchase")).select("purchase.*")
                                     ^^^^^^^^^^^^^^^^
[2024-06-26T19:40:46.426+0000] {docker.py:436} INFO - File "/opt/bitnami/spark/python/lib/pyspark.zip/pyspark/sql/dataframe.py", line 3127, in __getattr__
[2024-06-26T19:40:46.426+0000] {docker.py:436} INFO - AttributeError: 'DataFrame' object has no attribute 'purchases'
[2024-06-26T19:40:46.427+0000] {docker.py:436} INFO - 
[2024-06-26T19:40:46.428+0000] {docker.py:436} INFO - 2024-06-26 19:40:46,424:close:INFO:Closing down clientserver connection
[2024-06-26T19:40:46.492+0000] {docker.py:436} INFO - 24/06/26 19:40:46 INFO SparkContext: Invoking stop() from shutdown hook
[2024-06-26T19:40:46.494+0000] {docker.py:436} INFO - 24/06/26 19:40:46 INFO SparkContext: SparkContext is stopping with exitCode 0.
[2024-06-26T19:40:46.511+0000] {docker.py:436} INFO - 24/06/26 19:40:46 INFO SparkUI: Stopped Spark web UI at http://localhost:4040
[2024-06-26T19:40:46.539+0000] {docker.py:436} INFO - 24/06/26 19:40:46 INFO MapOutputTrackerMasterEndpoint: MapOutputTrackerMasterEndpoint stopped!
[2024-06-26T19:40:46.557+0000] {docker.py:436} INFO - 24/06/26 19:40:46 INFO MemoryStore: MemoryStore cleared
[2024-06-26T19:40:46.558+0000] {docker.py:436} INFO - 24/06/26 19:40:46 INFO BlockManager: BlockManager stopped
[2024-06-26T19:40:46.568+0000] {docker.py:436} INFO - 24/06/26 19:40:46 INFO BlockManagerMaster: BlockManagerMaster stopped
[2024-06-26T19:40:46.574+0000] {docker.py:436} INFO - 24/06/26 19:40:46 INFO OutputCommitCoordinator$OutputCommitCoordinatorEndpoint: OutputCommitCoordinator stopped!
[2024-06-26T19:40:46.600+0000] {docker.py:436} INFO - 24/06/26 19:40:46 INFO SparkContext: Successfully stopped SparkContext
[2024-06-26T19:40:46.601+0000] {docker.py:436} INFO - 24/06/26 19:40:46 INFO ShutdownHookManager: Shutdown hook called
[2024-06-26T19:40:46.606+0000] {docker.py:436} INFO - 24/06/26 19:40:46 INFO ShutdownHookManager: Deleting directory /tmp/spark-010daf7a-1e1e-4433-8e6d-0cdd321189d3/pyspark-d5236afe-6a09-4f13-85c0-806a926f4e92
[2024-06-26T19:40:46.611+0000] {docker.py:436} INFO - 24/06/26 19:40:46 INFO ShutdownHookManager: Deleting directory /tmp/spark-2f566957-a4ba-4ea7-8a2b-ac8a8c5d8308
[2024-06-26T19:40:46.616+0000] {docker.py:436} INFO - 24/06/26 19:40:46 INFO ShutdownHookManager: Deleting directory /tmp/spark-010daf7a-1e1e-4433-8e6d-0cdd321189d3
[2024-06-26T19:40:46.942+0000] {taskinstance.py:441} INFO - ::group::Post task execution logs
[2024-06-26T19:40:46.957+0000] {taskinstance.py:2905} ERROR - Task failed with exception
Traceback (most recent call last):
  File "/home/airflow/.local/lib/python3.12/site-packages/docker/api/client.py", line 265, in _raise_for_status
    response.raise_for_status()
  File "/home/airflow/.local/lib/python3.12/site-packages/requests/models.py", line 1021, in raise_for_status
    raise HTTPError(http_error_msg, response=self)
requests.exceptions.HTTPError: 400 Client Error: Bad Request for url: http://docker-proxy:2375/v1.45/containers/create

The above exception was the direct cause of the following exception:

Traceback (most recent call last):
  File "/home/airflow/.local/lib/python3.12/site-packages/airflow/providers/docker/operators/docker.py", line 371, in _run_image
    return self._run_image_with_mounts([*self.mounts, tmp_mount], add_tmp_variable=True)
           ^^^^^^^^^^^^^^^^^^^^^^^^^^^^^^^^^^^^^^^^^^^^^^^^^^^^^^^^^^^^^^^^^^^^^^^^^^^^^
  File "/home/airflow/.local/lib/python3.12/site-packages/airflow/providers/docker/operators/docker.py", line 398, in _run_image_with_mounts
    self.container = self.cli.create_container(
                     ^^^^^^^^^^^^^^^^^^^^^^^^^^
  File "/home/airflow/.local/lib/python3.12/site-packages/docker/api/container.py", line 439, in create_container
    return self.create_container_from_config(config, name, platform)
           ^^^^^^^^^^^^^^^^^^^^^^^^^^^^^^^^^^^^^^^^^^^^^^^^^^^^^^^^^
  File "/home/airflow/.local/lib/python3.12/site-packages/docker/api/container.py", line 456, in create_container_from_config
    return self._result(res, True)
           ^^^^^^^^^^^^^^^^^^^^^^^
  File "/home/airflow/.local/lib/python3.12/site-packages/docker/api/client.py", line 271, in _result
    self._raise_for_status(response)
  File "/home/airflow/.local/lib/python3.12/site-packages/docker/api/client.py", line 267, in _raise_for_status
    raise create_api_error_from_http_exception(e) from e
          ^^^^^^^^^^^^^^^^^^^^^^^^^^^^^^^^^^^^^^^
  File "/home/airflow/.local/lib/python3.12/site-packages/docker/errors.py", line 39, in create_api_error_from_http_exception
    raise cls(e, response=response, explanation=explanation) from e
docker.errors.APIError: 400 Client Error for http://docker-proxy:2375/v1.45/containers/create: Bad Request ("invalid mount config for type "bind": bind source path does not exist: /tmp/airflowtmpsd8yh9n4")

During handling of the above exception, another exception occurred:

Traceback (most recent call last):
  File "/home/airflow/.local/lib/python3.12/site-packages/airflow/models/taskinstance.py", line 465, in _execute_task
    result = _execute_callable(context=context, **execute_callable_kwargs)
             ^^^^^^^^^^^^^^^^^^^^^^^^^^^^^^^^^^^^^^^^^^^^^^^^^^^^^^^^^^^^^
  File "/home/airflow/.local/lib/python3.12/site-packages/airflow/models/taskinstance.py", line 432, in _execute_callable
    return execute_callable(context=context, **execute_callable_kwargs)
           ^^^^^^^^^^^^^^^^^^^^^^^^^^^^^^^^^^^^^^^^^^^^^^^^^^^^^^^^^^^^
  File "/home/airflow/.local/lib/python3.12/site-packages/airflow/models/baseoperator.py", line 400, in wrapper
    return func(self, *args, **kwargs)
           ^^^^^^^^^^^^^^^^^^^^^^^^^^^
  File "/home/airflow/.local/lib/python3.12/site-packages/airflow/providers/docker/operators/docker.py", line 509, in execute
    return self._run_image()
           ^^^^^^^^^^^^^^^^^
  File "/home/airflow/.local/lib/python3.12/site-packages/airflow/providers/docker/operators/docker.py", line 380, in _run_image
    return self._run_image_with_mounts(self.mounts, add_tmp_variable=False)
           ^^^^^^^^^^^^^^^^^^^^^^^^^^^^^^^^^^^^^^^^^^^^^^^^^^^^^^^^^^^^^^^^
  File "/home/airflow/.local/lib/python3.12/site-packages/airflow/providers/docker/operators/docker.py", line 444, in _run_image_with_mounts
    raise DockerContainerFailedException(f"Docker container failed: {result!r}", logs=log_lines)
airflow.providers.docker.exceptions.DockerContainerFailedException: Docker container failed: {'StatusCode': 1}
[2024-06-26T19:40:46.967+0000] {taskinstance.py:1206} INFO - Marking task as FAILED. dag_id=Stage_1, task_id=run_bronze_job, run_id=manual__2024-06-26T19:40:11.919320+00:00, execution_date=20240626T194011, start_date=20240626T194019, end_date=20240626T194046
[2024-06-26T19:40:46.998+0000] {standard_task_runner.py:110} ERROR - Failed to execute job 85 for task run_bronze_job (Docker container failed: {'StatusCode': 1}; 550)
[2024-06-26T19:40:47.035+0000] {local_task_job_runner.py:240} INFO - Task exited with return code 1
[2024-06-26T19:40:47.059+0000] {taskinstance.py:3498} INFO - 0 downstream tasks scheduled from follow-on schedule check
[2024-06-26T19:40:47.066+0000] {local_task_job_runner.py:222} INFO - ::endgroup::
