[2024-06-25T19:06:46.647+0000] {local_task_job_runner.py:120} INFO - ::group::Pre task execution logs
[2024-06-25T19:06:46.701+0000] {taskinstance.py:2076} INFO - Dependencies all met for dep_context=non-requeueable deps ti=<TaskInstance: Stage_1.run_bronze_job manual__2024-06-25T19:06:40.724959+00:00 [queued]>
[2024-06-25T19:06:46.717+0000] {taskinstance.py:2076} INFO - Dependencies all met for dep_context=requeueable deps ti=<TaskInstance: Stage_1.run_bronze_job manual__2024-06-25T19:06:40.724959+00:00 [queued]>
[2024-06-25T19:06:46.718+0000] {taskinstance.py:2306} INFO - Starting attempt 1 of 1
[2024-06-25T19:06:46.738+0000] {taskinstance.py:2330} INFO - Executing <Task(DockerOperator): run_bronze_job> on 2024-06-25 19:06:40.724959+00:00
[2024-06-25T19:06:46.750+0000] {logging_mixin.py:188} WARNING - /home/***/.local/lib/python3.12/site-packages/***/task/task_runner/standard_task_runner.py:61 DeprecationWarning: This process (pid=381) is multi-threaded, use of fork() may lead to deadlocks in the child.
[2024-06-25T19:06:46.752+0000] {standard_task_runner.py:63} INFO - Started process 382 to run task
[2024-06-25T19:06:46.750+0000] {standard_task_runner.py:90} INFO - Running: ['***', 'tasks', 'run', 'Stage_1', 'run_bronze_job', 'manual__2024-06-25T19:06:40.724959+00:00', '--job-id', '16', '--raw', '--subdir', 'DAGS_FOLDER/kafka_dag.py', '--cfg-path', '/tmp/tmpmzu7c7lc']
[2024-06-25T19:06:46.753+0000] {standard_task_runner.py:91} INFO - Job 16: Subtask run_bronze_job
[2024-06-25T19:06:46.772+0000] {logging_mixin.py:188} WARNING - /home/***/.local/lib/python3.12/site-packages/***/settings.py:195 DeprecationWarning: The sql_alchemy_conn option in [core] has been moved to the sql_alchemy_conn option in [database] - the old setting has been used, but please update your config.
[2024-06-25T19:06:46.812+0000] {task_command.py:426} INFO - Running <TaskInstance: Stage_1.run_bronze_job manual__2024-06-25T19:06:40.724959+00:00 [running]> on host 52f7dad43485
[2024-06-25T19:06:46.938+0000] {taskinstance.py:2648} INFO - Exporting env vars: AIRFLOW_CTX_DAG_OWNER='***' AIRFLOW_CTX_DAG_ID='Stage_1' AIRFLOW_CTX_TASK_ID='run_bronze_job' AIRFLOW_CTX_EXECUTION_DATE='2024-06-25T19:06:40.724959+00:00' AIRFLOW_CTX_TRY_NUMBER='1' AIRFLOW_CTX_DAG_RUN_ID='manual__2024-06-25T19:06:40.724959+00:00'
[2024-06-25T19:06:46.939+0000] {taskinstance.py:430} INFO - ::endgroup::
[2024-06-25T19:06:47.016+0000] {docker.py:366} INFO - Starting docker container from image bitnami/spark:latest
[2024-06-25T19:06:47.024+0000] {docker.py:374} WARNING - Using remote engine or docker-in-docker and mounting temporary volume from host is not supported. Falling back to `mount_tmp_dir=False` mode. You can set `mount_tmp_dir` parameter to False to disable mounting and remove the warning
[2024-06-25T19:06:47.589+0000] {docker.py:436} INFO - [38;5;6mspark [38;5;5m19:06:47.58 [0m[38;5;2mINFO [0m ==>
[2024-06-25T19:06:47.591+0000] {docker.py:436} INFO - [38;5;6mspark [38;5;5m19:06:47.59 [0m[38;5;2mINFO [0m ==> [1mWelcome to the Bitnami spark container[0m
[2024-06-25T19:06:47.595+0000] {docker.py:436} INFO - [38;5;6mspark [38;5;5m19:06:47.59 [0m[38;5;2mINFO [0m ==> Subscribe to project updates by watching [1mhttps://github.com/bitnami/containers[0m
[2024-06-25T19:06:47.598+0000] {docker.py:436} INFO - [38;5;6mspark [38;5;5m19:06:47.59 [0m[38;5;2mINFO [0m ==> Submit issues and feature requests at [1mhttps://github.com/bitnami/containers/issues[0m
[2024-06-25T19:06:47.601+0000] {docker.py:436} INFO - [38;5;6mspark [38;5;5m19:06:47.60 [0m[38;5;2mINFO [0m ==> Upgrade to Tanzu Application Catalog for production environments to access custom-configured and pre-packaged software components. Gain enhanced features, including Software Bill of Materials (SBOM), CVE scan result reports, and VEX documents. To learn more, visit [1mhttps://bitnami.com/enterprise[0m
[2024-06-25T19:06:47.604+0000] {docker.py:436} INFO - [38;5;6mspark [38;5;5m19:06:47.60 [0m[38;5;2mINFO [0m ==>
[2024-06-25T19:06:47.617+0000] {docker.py:436} INFO - 
[2024-06-25T19:06:50.143+0000] {docker.py:436} INFO - :: loading settings :: url = jar:file:/opt/bitnami/spark/jars/ivy-2.5.1.jar!/org/apache/ivy/core/settings/ivysettings.xml
[2024-06-25T19:06:50.254+0000] {docker.py:436} INFO - Ivy Default Cache set to: /opt/bitnami/spark/.ivy2/cache
[2024-06-25T19:06:50.255+0000] {docker.py:436} INFO - The jars for the packages stored in: /opt/bitnami/spark/.ivy2/jars
[2024-06-25T19:06:50.265+0000] {docker.py:436} INFO - org.apache.spark#spark-sql-kafka-0-10_2.12 added as a dependency
[2024-06-25T19:06:50.265+0000] {docker.py:436} INFO - org.postgresql#postgresql added as a dependency
[2024-06-25T19:06:50.269+0000] {docker.py:436} INFO - :: resolving dependencies :: org.apache.spark#spark-submit-parent-6ffab28c-3b52-4852-99fa-1718c77b3dba;1.0
[2024-06-25T19:06:50.269+0000] {docker.py:436} INFO - confs: [default]
[2024-06-25T19:06:53.991+0000] {docker.py:436} INFO - found org.apache.spark#spark-sql-kafka-0-10_2.12;3.3.0 in central
[2024-06-25T19:06:54.484+0000] {docker.py:436} INFO - found org.apache.spark#spark-token-provider-kafka-0-10_2.12;3.3.0 in central
[2024-06-25T19:06:54.561+0000] {docker.py:436} INFO - found org.apache.kafka#kafka-clients;2.8.1 in central
[2024-06-25T19:06:54.619+0000] {docker.py:436} INFO - found org.lz4#lz4-java;1.8.0 in central
[2024-06-25T19:06:54.690+0000] {docker.py:436} INFO - found org.xerial.snappy#snappy-java;1.1.8.4 in central
[2024-06-25T19:06:55.858+0000] {docker.py:436} INFO - found org.slf4j#slf4j-api;1.7.32 in central
[2024-06-25T19:06:57.924+0000] {docker.py:436} INFO - found org.apache.hadoop#hadoop-client-runtime;3.3.2 in central
[2024-06-25T19:06:58.038+0000] {docker.py:436} INFO - found org.spark-project.spark#unused;1.0.0 in central
[2024-06-25T19:06:58.162+0000] {docker.py:436} INFO - found org.apache.hadoop#hadoop-client-api;3.3.2 in central
[2024-06-25T19:06:58.573+0000] {docker.py:436} INFO - found commons-logging#commons-logging;1.1.3 in central
[2024-06-25T19:06:58.616+0000] {docker.py:436} INFO - found com.google.code.findbugs#jsr305;3.0.0 in central
[2024-06-25T19:07:00.106+0000] {docker.py:436} INFO - found org.apache.commons#commons-pool2;2.11.1 in central
[2024-06-25T19:07:01.914+0000] {docker.py:436} INFO - found org.postgresql#postgresql;42.2.2 in central
[2024-06-25T19:07:01.943+0000] {docker.py:436} INFO - downloading https://repo1.maven.org/maven2/org/apache/spark/spark-sql-kafka-0-10_2.12/3.3.0/spark-sql-kafka-0-10_2.12-3.3.0.jar ...
[2024-06-25T19:07:02.049+0000] {docker.py:436} INFO - [SUCCESSFUL ] org.apache.spark#spark-sql-kafka-0-10_2.12;3.3.0!spark-sql-kafka-0-10_2.12.jar (118ms)
[2024-06-25T19:07:02.061+0000] {docker.py:436} INFO - downloading https://repo1.maven.org/maven2/org/postgresql/postgresql/42.2.2/postgresql-42.2.2.jar ...
[2024-06-25T19:07:02.278+0000] {docker.py:436} INFO - [SUCCESSFUL ] org.postgresql#postgresql;42.2.2!postgresql.jar(bundle) (228ms)
[2024-06-25T19:07:02.307+0000] {docker.py:436} INFO - downloading https://repo1.maven.org/maven2/org/apache/spark/spark-token-provider-kafka-0-10_2.12/3.3.0/spark-token-provider-kafka-0-10_2.12-3.3.0.jar ...
[2024-06-25T19:07:02.340+0000] {docker.py:436} INFO - [SUCCESSFUL ] org.apache.spark#spark-token-provider-kafka-0-10_2.12;3.3.0!spark-token-provider-kafka-0-10_2.12.jar (56ms)
[2024-06-25T19:07:02.355+0000] {docker.py:436} INFO - downloading https://repo1.maven.org/maven2/org/apache/kafka/kafka-clients/2.8.1/kafka-clients-2.8.1.jar ...
[2024-06-25T19:07:03.134+0000] {docker.py:436} INFO - [SUCCESSFUL ] org.apache.kafka#kafka-clients;2.8.1!kafka-clients.jar (792ms)
[2024-06-25T19:07:03.145+0000] {docker.py:436} INFO - downloading https://repo1.maven.org/maven2/com/google/code/findbugs/jsr305/3.0.0/jsr305-3.0.0.jar ...
[2024-06-25T19:07:03.160+0000] {docker.py:436} INFO - [SUCCESSFUL ] com.google.code.findbugs#jsr305;3.0.0!jsr305.jar (24ms)
[2024-06-25T19:07:03.176+0000] {docker.py:436} INFO - downloading https://repo1.maven.org/maven2/org/apache/commons/commons-pool2/2.11.1/commons-pool2-2.11.1.jar ...
[2024-06-25T19:07:03.209+0000] {docker.py:436} INFO - [SUCCESSFUL ] org.apache.commons#commons-pool2;2.11.1!commons-pool2.jar (47ms)
[2024-06-25T19:07:03.218+0000] {docker.py:436} INFO - downloading https://repo1.maven.org/maven2/org/spark-project/spark/unused/1.0.0/unused-1.0.0.jar ...
[2024-06-25T19:07:03.231+0000] {docker.py:436} INFO - [SUCCESSFUL ] org.spark-project.spark#unused;1.0.0!unused.jar (21ms)
[2024-06-25T19:07:03.242+0000] {docker.py:436} INFO - downloading https://repo1.maven.org/maven2/org/apache/hadoop/hadoop-client-runtime/3.3.2/hadoop-client-runtime-3.3.2.jar ...
[2024-06-25T19:07:08.869+0000] {docker.py:436} INFO - [SUCCESSFUL ] org.apache.hadoop#hadoop-client-runtime;3.3.2!hadoop-client-runtime.jar (5636ms)
[2024-06-25T19:07:08.888+0000] {docker.py:436} INFO - downloading https://repo1.maven.org/maven2/org/lz4/lz4-java/1.8.0/lz4-java-1.8.0.jar ...
[2024-06-25T19:07:09.045+0000] {docker.py:436} INFO - [SUCCESSFUL ] org.lz4#lz4-java;1.8.0!lz4-java.jar (175ms)
[2024-06-25T19:07:09.059+0000] {docker.py:436} INFO - downloading https://repo1.maven.org/maven2/org/xerial/snappy/snappy-java/1.1.8.4/snappy-java-1.1.8.4.jar ...
[2024-06-25T19:07:09.565+0000] {docker.py:436} INFO - [SUCCESSFUL ] org.xerial.snappy#snappy-java;1.1.8.4!snappy-java.jar(bundle) (519ms)
[2024-06-25T19:07:09.580+0000] {docker.py:436} INFO - downloading https://repo1.maven.org/maven2/org/slf4j/slf4j-api/1.7.32/slf4j-api-1.7.32.jar ...
[2024-06-25T19:07:09.609+0000] {docker.py:436} INFO - [SUCCESSFUL ] org.slf4j#slf4j-api;1.7.32!slf4j-api.jar (42ms)
[2024-06-25T19:07:09.622+0000] {docker.py:436} INFO - downloading https://repo1.maven.org/maven2/org/apache/hadoop/hadoop-client-api/3.3.2/hadoop-client-api-3.3.2.jar ...
[2024-06-25T19:07:13.032+0000] {docker.py:436} INFO - [SUCCESSFUL ] org.apache.hadoop#hadoop-client-api;3.3.2!hadoop-client-api.jar (3422ms)
[2024-06-25T19:07:13.042+0000] {docker.py:436} INFO - downloading https://repo1.maven.org/maven2/commons-logging/commons-logging/1.1.3/commons-logging-1.1.3.jar ...
[2024-06-25T19:07:13.065+0000] {docker.py:436} INFO - [SUCCESSFUL ] commons-logging#commons-logging;1.1.3!commons-logging.jar (31ms)
[2024-06-25T19:07:13.066+0000] {docker.py:436} INFO - :: resolution report :: resolve 11661ms :: artifacts dl 11136ms
[2024-06-25T19:07:13.066+0000] {docker.py:436} INFO - :: modules in use:
[2024-06-25T19:07:13.067+0000] {docker.py:436} INFO - com.google.code.findbugs#jsr305;3.0.0 from central in [default]
	commons-logging#commons-logging;1.1.3 from central in [default]
	org.apache.commons#commons-pool2;2.11.1 from central in [default]
[2024-06-25T19:07:13.068+0000] {docker.py:436} INFO - org.apache.hadoop#hadoop-client-api;3.3.2 from central in [default]
	org.apache.hadoop#hadoop-client-runtime;3.3.2 from central in [default]
	org.apache.kafka#kafka-clients;2.8.1 from central in [default]
	org.apache.spark#spark-sql-kafka-0-10_2.12;3.3.0 from central in [default]
	org.apache.spark#spark-token-provider-kafka-0-10_2.12;3.3.0 from central in [default]
	org.lz4#lz4-java;1.8.0 from central in [default]
[2024-06-25T19:07:13.068+0000] {docker.py:436} INFO - org.postgresql#postgresql;42.2.2 from central in [default]
	org.slf4j#slf4j-api;1.7.32 from central in [default]
	org.spark-project.spark#unused;1.0.0 from central in [default]
	org.xerial.snappy#snappy-java;1.1.8.4 from central in [default]
[2024-06-25T19:07:13.069+0000] {docker.py:436} INFO - ---------------------------------------------------------------------
	|                  |            modules            ||   artifacts   |
	|       conf       | number| search|dwnlded|evicted|| number|dwnlded|
	---------------------------------------------------------------------
[2024-06-25T19:07:13.069+0000] {docker.py:436} INFO - |      default     |   13  |   13  |   13  |   0   ||   13  |   13  |
	---------------------------------------------------------------------
[2024-06-25T19:07:13.075+0000] {docker.py:436} INFO - :: retrieving :: org.apache.spark#spark-submit-parent-6ffab28c-3b52-4852-99fa-1718c77b3dba
[2024-06-25T19:07:13.076+0000] {docker.py:436} INFO - confs: [default]
[2024-06-25T19:07:13.172+0000] {docker.py:436} INFO - 13 artifacts copied, 0 already retrieved (57403kB/98ms)
[2024-06-25T19:07:13.490+0000] {docker.py:436} INFO - 24/06/25 19:07:13 WARN NativeCodeLoader: Unable to load native-hadoop library for your platform... using builtin-java classes where applicable
[2024-06-25T19:07:15.227+0000] {docker.py:436} INFO - 24/06/25 19:07:15 INFO SparkContext: Running Spark version 3.5.1
[2024-06-25T19:07:15.228+0000] {docker.py:436} INFO - 24/06/25 19:07:15 INFO SparkContext: OS info Linux, 6.5.0-41-generic, amd64
[2024-06-25T19:07:15.229+0000] {docker.py:436} INFO - 24/06/25 19:07:15 INFO SparkContext: Java version 17.0.11
[2024-06-25T19:07:15.256+0000] {docker.py:436} INFO - 24/06/25 19:07:15 INFO ResourceUtils: ==============================================================
[2024-06-25T19:07:15.256+0000] {docker.py:436} INFO - 24/06/25 19:07:15 INFO ResourceUtils: No custom resources configured for spark.driver.
[2024-06-25T19:07:15.257+0000] {docker.py:436} INFO - 24/06/25 19:07:15 INFO ResourceUtils: ==============================================================
[2024-06-25T19:07:15.257+0000] {docker.py:436} INFO - 24/06/25 19:07:15 INFO SparkContext: Submitted application: PostgreSQL Connection with PySpark
[2024-06-25T19:07:15.287+0000] {docker.py:436} INFO - 24/06/25 19:07:15 INFO ResourceProfile: Default ResourceProfile created, executor resources: Map(cores -> name: cores, amount: 1, script: , vendor: , memory -> name: memory, amount: 1024, script: , vendor: , offHeap -> name: offHeap, amount: 0, script: , vendor: ), task resources: Map(cpus -> name: cpus, amount: 1.0)
[2024-06-25T19:07:15.298+0000] {docker.py:436} INFO - 24/06/25 19:07:15 INFO ResourceProfile: Limiting resource is cpu
[2024-06-25T19:07:15.299+0000] {docker.py:436} INFO - 24/06/25 19:07:15 INFO ResourceProfileManager: Added ResourceProfile id: 0
[2024-06-25T19:07:15.360+0000] {docker.py:436} INFO - 24/06/25 19:07:15 INFO SecurityManager: Changing view acls to: spark
[2024-06-25T19:07:15.361+0000] {docker.py:436} INFO - 24/06/25 19:07:15 INFO SecurityManager: Changing modify acls to: spark
[2024-06-25T19:07:15.361+0000] {docker.py:436} INFO - 24/06/25 19:07:15 INFO SecurityManager: Changing view acls groups to:
[2024-06-25T19:07:15.362+0000] {docker.py:436} INFO - 24/06/25 19:07:15 INFO SecurityManager: Changing modify acls groups to:
[2024-06-25T19:07:15.362+0000] {docker.py:436} INFO - 24/06/25 19:07:15 INFO SecurityManager: SecurityManager: authentication disabled; ui acls disabled; users with view permissions: spark; groups with view permissions: EMPTY; users with modify permissions: spark; groups with modify permissions: EMPTY
[2024-06-25T19:07:15.699+0000] {docker.py:436} INFO - 24/06/25 19:07:15 INFO Utils: Successfully started service 'sparkDriver' on port 41027.
[2024-06-25T19:07:15.756+0000] {docker.py:436} INFO - 24/06/25 19:07:15 INFO SparkEnv: Registering MapOutputTracker
[2024-06-25T19:07:15.808+0000] {docker.py:436} INFO - 24/06/25 19:07:15 INFO SparkEnv: Registering BlockManagerMaster
[2024-06-25T19:07:15.833+0000] {docker.py:436} INFO - 24/06/25 19:07:15 INFO BlockManagerMasterEndpoint: Using org.apache.spark.storage.DefaultTopologyMapper for getting topology information
[2024-06-25T19:07:15.834+0000] {docker.py:436} INFO - 24/06/25 19:07:15 INFO BlockManagerMasterEndpoint: BlockManagerMasterEndpoint up
[2024-06-25T19:07:15.838+0000] {docker.py:436} INFO - 24/06/25 19:07:15 INFO SparkEnv: Registering BlockManagerMasterHeartbeat
[2024-06-25T19:07:15.860+0000] {docker.py:436} INFO - 24/06/25 19:07:15 INFO DiskBlockManager: Created local directory at /tmp/blockmgr-14e42770-89dc-4cd3-8b57-2d382a4630e1
[2024-06-25T19:07:15.874+0000] {docker.py:436} INFO - 24/06/25 19:07:15 INFO MemoryStore: MemoryStore started with capacity 434.4 MiB
[2024-06-25T19:07:15.891+0000] {docker.py:436} INFO - 24/06/25 19:07:15 INFO SparkEnv: Registering OutputCommitCoordinator
[2024-06-25T19:07:16.047+0000] {docker.py:436} INFO - 24/06/25 19:07:16 INFO JettyUtils: Start Jetty 0.0.0.0:4040 for SparkUI
[2024-06-25T19:07:16.140+0000] {docker.py:436} INFO - 24/06/25 19:07:16 INFO Utils: Successfully started service 'SparkUI' on port 4040.
[2024-06-25T19:07:16.205+0000] {docker.py:436} INFO - 24/06/25 19:07:16 INFO SparkContext: Added JAR file:///opt/bitnami/spark/.ivy2/jars/org.apache.spark_spark-sql-kafka-0-10_2.12-3.3.0.jar at spark://localhost:41027/jars/org.apache.spark_spark-sql-kafka-0-10_2.12-3.3.0.jar with timestamp 1719342435218
[2024-06-25T19:07:16.205+0000] {docker.py:436} INFO - 24/06/25 19:07:16 INFO SparkContext: Added JAR file:///opt/bitnami/spark/.ivy2/jars/org.postgresql_postgresql-42.2.2.jar at spark://localhost:41027/jars/org.postgresql_postgresql-42.2.2.jar with timestamp 1719342435218
[2024-06-25T19:07:16.206+0000] {docker.py:436} INFO - 24/06/25 19:07:16 INFO SparkContext: Added JAR file:///opt/bitnami/spark/.ivy2/jars/org.apache.spark_spark-token-provider-kafka-0-10_2.12-3.3.0.jar at spark://localhost:41027/jars/org.apache.spark_spark-token-provider-kafka-0-10_2.12-3.3.0.jar with timestamp 1719342435218
[2024-06-25T19:07:16.206+0000] {docker.py:436} INFO - 24/06/25 19:07:16 INFO SparkContext: Added JAR file:///opt/bitnami/spark/.ivy2/jars/org.apache.kafka_kafka-clients-2.8.1.jar at spark://localhost:41027/jars/org.apache.kafka_kafka-clients-2.8.1.jar with timestamp 1719342435218
[2024-06-25T19:07:16.207+0000] {docker.py:436} INFO - 24/06/25 19:07:16 INFO SparkContext: Added JAR file:///opt/bitnami/spark/.ivy2/jars/com.google.code.findbugs_jsr305-3.0.0.jar at spark://localhost:41027/jars/com.google.code.findbugs_jsr305-3.0.0.jar with timestamp 1719342435218
[2024-06-25T19:07:16.207+0000] {docker.py:436} INFO - 24/06/25 19:07:16 INFO SparkContext: Added JAR file:///opt/bitnami/spark/.ivy2/jars/org.apache.commons_commons-pool2-2.11.1.jar at spark://localhost:41027/jars/org.apache.commons_commons-pool2-2.11.1.jar with timestamp 1719342435218
[2024-06-25T19:07:16.208+0000] {docker.py:436} INFO - 24/06/25 19:07:16 INFO SparkContext: Added JAR file:///opt/bitnami/spark/.ivy2/jars/org.spark-project.spark_unused-1.0.0.jar at spark://localhost:41027/jars/org.spark-project.spark_unused-1.0.0.jar with timestamp 1719342435218
[2024-06-25T19:07:16.208+0000] {docker.py:436} INFO - 24/06/25 19:07:16 INFO SparkContext: Added JAR file:///opt/bitnami/spark/.ivy2/jars/org.apache.hadoop_hadoop-client-runtime-3.3.2.jar at spark://localhost:41027/jars/org.apache.hadoop_hadoop-client-runtime-3.3.2.jar with timestamp 1719342435218
[2024-06-25T19:07:16.209+0000] {docker.py:436} INFO - 24/06/25 19:07:16 INFO SparkContext: Added JAR file:///opt/bitnami/spark/.ivy2/jars/org.lz4_lz4-java-1.8.0.jar at spark://localhost:41027/jars/org.lz4_lz4-java-1.8.0.jar with timestamp 1719342435218
[2024-06-25T19:07:16.210+0000] {docker.py:436} INFO - 24/06/25 19:07:16 INFO SparkContext: Added JAR file:///opt/bitnami/spark/.ivy2/jars/org.xerial.snappy_snappy-java-1.1.8.4.jar at spark://localhost:41027/jars/org.xerial.snappy_snappy-java-1.1.8.4.jar with timestamp 1719342435218
[2024-06-25T19:07:16.211+0000] {docker.py:436} INFO - 24/06/25 19:07:16 INFO SparkContext: Added JAR file:///opt/bitnami/spark/.ivy2/jars/org.slf4j_slf4j-api-1.7.32.jar at spark://localhost:41027/jars/org.slf4j_slf4j-api-1.7.32.jar with timestamp 1719342435218
[2024-06-25T19:07:16.212+0000] {docker.py:436} INFO - 24/06/25 19:07:16 INFO SparkContext: Added JAR file:///opt/bitnami/spark/.ivy2/jars/org.apache.hadoop_hadoop-client-api-3.3.2.jar at spark://localhost:41027/jars/org.apache.hadoop_hadoop-client-api-3.3.2.jar with timestamp 1719342435218
[2024-06-25T19:07:16.213+0000] {docker.py:436} INFO - 24/06/25 19:07:16 INFO SparkContext: Added JAR file:///opt/bitnami/spark/.ivy2/jars/commons-logging_commons-logging-1.1.3.jar at spark://localhost:41027/jars/commons-logging_commons-logging-1.1.3.jar with timestamp 1719342435218
[2024-06-25T19:07:16.218+0000] {docker.py:436} INFO - 24/06/25 19:07:16 INFO SparkContext: Added file file:///opt/bitnami/spark/.ivy2/jars/org.apache.spark_spark-sql-kafka-0-10_2.12-3.3.0.jar at file:///opt/bitnami/spark/.ivy2/jars/org.apache.spark_spark-sql-kafka-0-10_2.12-3.3.0.jar with timestamp 1719342435218
[2024-06-25T19:07:16.220+0000] {docker.py:436} INFO - 24/06/25 19:07:16 INFO Utils: Copying /opt/bitnami/spark/.ivy2/jars/org.apache.spark_spark-sql-kafka-0-10_2.12-3.3.0.jar to /tmp/spark-08e66aa0-f2bd-4300-9e34-eb3fa111903e/userFiles-51cad466-bb5c-4227-9498-26ea7c71e776/org.apache.spark_spark-sql-kafka-0-10_2.12-3.3.0.jar
[2024-06-25T19:07:16.231+0000] {docker.py:436} INFO - 24/06/25 19:07:16 INFO SparkContext: Added file file:///opt/bitnami/spark/.ivy2/jars/org.postgresql_postgresql-42.2.2.jar at file:///opt/bitnami/spark/.ivy2/jars/org.postgresql_postgresql-42.2.2.jar with timestamp 1719342435218
[2024-06-25T19:07:16.232+0000] {docker.py:436} INFO - 24/06/25 19:07:16 INFO Utils: Copying /opt/bitnami/spark/.ivy2/jars/org.postgresql_postgresql-42.2.2.jar to /tmp/spark-08e66aa0-f2bd-4300-9e34-eb3fa111903e/userFiles-51cad466-bb5c-4227-9498-26ea7c71e776/org.postgresql_postgresql-42.2.2.jar
[2024-06-25T19:07:16.239+0000] {docker.py:436} INFO - 24/06/25 19:07:16 INFO SparkContext: Added file file:///opt/bitnami/spark/.ivy2/jars/org.apache.spark_spark-token-provider-kafka-0-10_2.12-3.3.0.jar at file:///opt/bitnami/spark/.ivy2/jars/org.apache.spark_spark-token-provider-kafka-0-10_2.12-3.3.0.jar with timestamp 1719342435218
[2024-06-25T19:07:16.239+0000] {docker.py:436} INFO - 24/06/25 19:07:16 INFO Utils: Copying /opt/bitnami/spark/.ivy2/jars/org.apache.spark_spark-token-provider-kafka-0-10_2.12-3.3.0.jar to /tmp/spark-08e66aa0-f2bd-4300-9e34-eb3fa111903e/userFiles-51cad466-bb5c-4227-9498-26ea7c71e776/org.apache.spark_spark-token-provider-kafka-0-10_2.12-3.3.0.jar
[2024-06-25T19:07:16.245+0000] {docker.py:436} INFO - 24/06/25 19:07:16 INFO SparkContext: Added file file:///opt/bitnami/spark/.ivy2/jars/org.apache.kafka_kafka-clients-2.8.1.jar at file:///opt/bitnami/spark/.ivy2/jars/org.apache.kafka_kafka-clients-2.8.1.jar with timestamp 1719342435218
[2024-06-25T19:07:16.246+0000] {docker.py:436} INFO - 24/06/25 19:07:16 INFO Utils: Copying /opt/bitnami/spark/.ivy2/jars/org.apache.kafka_kafka-clients-2.8.1.jar to /tmp/spark-08e66aa0-f2bd-4300-9e34-eb3fa111903e/userFiles-51cad466-bb5c-4227-9498-26ea7c71e776/org.apache.kafka_kafka-clients-2.8.1.jar
[2024-06-25T19:07:16.255+0000] {docker.py:436} INFO - 24/06/25 19:07:16 INFO SparkContext: Added file file:///opt/bitnami/spark/.ivy2/jars/com.google.code.findbugs_jsr305-3.0.0.jar at file:///opt/bitnami/spark/.ivy2/jars/com.google.code.findbugs_jsr305-3.0.0.jar with timestamp 1719342435218
[2024-06-25T19:07:16.256+0000] {docker.py:436} INFO - 24/06/25 19:07:16 INFO Utils: Copying /opt/bitnami/spark/.ivy2/jars/com.google.code.findbugs_jsr305-3.0.0.jar to /tmp/spark-08e66aa0-f2bd-4300-9e34-eb3fa111903e/userFiles-51cad466-bb5c-4227-9498-26ea7c71e776/com.google.code.findbugs_jsr305-3.0.0.jar
[2024-06-25T19:07:16.262+0000] {docker.py:436} INFO - 24/06/25 19:07:16 INFO SparkContext: Added file file:///opt/bitnami/spark/.ivy2/jars/org.apache.commons_commons-pool2-2.11.1.jar at file:///opt/bitnami/spark/.ivy2/jars/org.apache.commons_commons-pool2-2.11.1.jar with timestamp 1719342435218
[2024-06-25T19:07:16.263+0000] {docker.py:436} INFO - 24/06/25 19:07:16 INFO Utils: Copying /opt/bitnami/spark/.ivy2/jars/org.apache.commons_commons-pool2-2.11.1.jar to /tmp/spark-08e66aa0-f2bd-4300-9e34-eb3fa111903e/userFiles-51cad466-bb5c-4227-9498-26ea7c71e776/org.apache.commons_commons-pool2-2.11.1.jar
[2024-06-25T19:07:16.269+0000] {docker.py:436} INFO - 24/06/25 19:07:16 INFO SparkContext: Added file file:///opt/bitnami/spark/.ivy2/jars/org.spark-project.spark_unused-1.0.0.jar at file:///opt/bitnami/spark/.ivy2/jars/org.spark-project.spark_unused-1.0.0.jar with timestamp 1719342435218
[2024-06-25T19:07:16.269+0000] {docker.py:436} INFO - 24/06/25 19:07:16 INFO Utils: Copying /opt/bitnami/spark/.ivy2/jars/org.spark-project.spark_unused-1.0.0.jar to /tmp/spark-08e66aa0-f2bd-4300-9e34-eb3fa111903e/userFiles-51cad466-bb5c-4227-9498-26ea7c71e776/org.spark-project.spark_unused-1.0.0.jar
[2024-06-25T19:07:16.275+0000] {docker.py:436} INFO - 24/06/25 19:07:16 INFO SparkContext: Added file file:///opt/bitnami/spark/.ivy2/jars/org.apache.hadoop_hadoop-client-runtime-3.3.2.jar at file:///opt/bitnami/spark/.ivy2/jars/org.apache.hadoop_hadoop-client-runtime-3.3.2.jar with timestamp 1719342435218
[2024-06-25T19:07:16.276+0000] {docker.py:436} INFO - 24/06/25 19:07:16 INFO Utils: Copying /opt/bitnami/spark/.ivy2/jars/org.apache.hadoop_hadoop-client-runtime-3.3.2.jar to /tmp/spark-08e66aa0-f2bd-4300-9e34-eb3fa111903e/userFiles-51cad466-bb5c-4227-9498-26ea7c71e776/org.apache.hadoop_hadoop-client-runtime-3.3.2.jar
[2024-06-25T19:07:16.315+0000] {docker.py:436} INFO - 24/06/25 19:07:16 INFO SparkContext: Added file file:///opt/bitnami/spark/.ivy2/jars/org.lz4_lz4-java-1.8.0.jar at file:///opt/bitnami/spark/.ivy2/jars/org.lz4_lz4-java-1.8.0.jar with timestamp 1719342435218
[2024-06-25T19:07:16.316+0000] {docker.py:436} INFO - 24/06/25 19:07:16 INFO Utils: Copying /opt/bitnami/spark/.ivy2/jars/org.lz4_lz4-java-1.8.0.jar to /tmp/spark-08e66aa0-f2bd-4300-9e34-eb3fa111903e/userFiles-51cad466-bb5c-4227-9498-26ea7c71e776/org.lz4_lz4-java-1.8.0.jar
[2024-06-25T19:07:16.323+0000] {docker.py:436} INFO - 24/06/25 19:07:16 INFO SparkContext: Added file file:///opt/bitnami/spark/.ivy2/jars/org.xerial.snappy_snappy-java-1.1.8.4.jar at file:///opt/bitnami/spark/.ivy2/jars/org.xerial.snappy_snappy-java-1.1.8.4.jar with timestamp 1719342435218
[2024-06-25T19:07:16.324+0000] {docker.py:436} INFO - 24/06/25 19:07:16 INFO Utils: Copying /opt/bitnami/spark/.ivy2/jars/org.xerial.snappy_snappy-java-1.1.8.4.jar to /tmp/spark-08e66aa0-f2bd-4300-9e34-eb3fa111903e/userFiles-51cad466-bb5c-4227-9498-26ea7c71e776/org.xerial.snappy_snappy-java-1.1.8.4.jar
[2024-06-25T19:07:16.331+0000] {docker.py:436} INFO - 24/06/25 19:07:16 INFO SparkContext: Added file file:///opt/bitnami/spark/.ivy2/jars/org.slf4j_slf4j-api-1.7.32.jar at file:///opt/bitnami/spark/.ivy2/jars/org.slf4j_slf4j-api-1.7.32.jar with timestamp 1719342435218
[2024-06-25T19:07:16.332+0000] {docker.py:436} INFO - 24/06/25 19:07:16 INFO Utils: Copying /opt/bitnami/spark/.ivy2/jars/org.slf4j_slf4j-api-1.7.32.jar to /tmp/spark-08e66aa0-f2bd-4300-9e34-eb3fa111903e/userFiles-51cad466-bb5c-4227-9498-26ea7c71e776/org.slf4j_slf4j-api-1.7.32.jar
[2024-06-25T19:07:16.338+0000] {docker.py:436} INFO - 24/06/25 19:07:16 INFO SparkContext: Added file file:///opt/bitnami/spark/.ivy2/jars/org.apache.hadoop_hadoop-client-api-3.3.2.jar at file:///opt/bitnami/spark/.ivy2/jars/org.apache.hadoop_hadoop-client-api-3.3.2.jar with timestamp 1719342435218
[2024-06-25T19:07:16.339+0000] {docker.py:436} INFO - 24/06/25 19:07:16 INFO Utils: Copying /opt/bitnami/spark/.ivy2/jars/org.apache.hadoop_hadoop-client-api-3.3.2.jar to /tmp/spark-08e66aa0-f2bd-4300-9e34-eb3fa111903e/userFiles-51cad466-bb5c-4227-9498-26ea7c71e776/org.apache.hadoop_hadoop-client-api-3.3.2.jar
[2024-06-25T19:07:16.366+0000] {docker.py:436} INFO - 24/06/25 19:07:16 INFO SparkContext: Added file file:///opt/bitnami/spark/.ivy2/jars/commons-logging_commons-logging-1.1.3.jar at file:///opt/bitnami/spark/.ivy2/jars/commons-logging_commons-logging-1.1.3.jar with timestamp 1719342435218
[2024-06-25T19:07:16.367+0000] {docker.py:436} INFO - 24/06/25 19:07:16 INFO Utils: Copying /opt/bitnami/spark/.ivy2/jars/commons-logging_commons-logging-1.1.3.jar to /tmp/spark-08e66aa0-f2bd-4300-9e34-eb3fa111903e/userFiles-51cad466-bb5c-4227-9498-26ea7c71e776/commons-logging_commons-logging-1.1.3.jar
[2024-06-25T19:07:16.463+0000] {docker.py:436} INFO - 24/06/25 19:07:16 INFO Executor: Starting executor ID driver on host localhost
[2024-06-25T19:07:16.463+0000] {docker.py:436} INFO - 24/06/25 19:07:16 INFO Executor: OS info Linux, 6.5.0-41-generic, amd64
[2024-06-25T19:07:16.464+0000] {docker.py:436} INFO - 24/06/25 19:07:16 INFO Executor: Java version 17.0.11
[2024-06-25T19:07:16.474+0000] {docker.py:436} INFO - 24/06/25 19:07:16 INFO Executor: Starting executor with user classpath (userClassPathFirst = false): ''
[2024-06-25T19:07:16.475+0000] {docker.py:436} INFO - 24/06/25 19:07:16 INFO Executor: Created or updated repl class loader org.apache.spark.util.MutableURLClassLoader@16d36692 for default.
[2024-06-25T19:07:16.487+0000] {docker.py:436} INFO - 24/06/25 19:07:16 INFO Executor: Fetching file:///opt/bitnami/spark/.ivy2/jars/org.postgresql_postgresql-42.2.2.jar with timestamp 1719342435218
[2024-06-25T19:07:16.518+0000] {docker.py:436} INFO - 24/06/25 19:07:16 INFO Utils: /opt/bitnami/spark/.ivy2/jars/org.postgresql_postgresql-42.2.2.jar has been previously copied to /tmp/spark-08e66aa0-f2bd-4300-9e34-eb3fa111903e/userFiles-51cad466-bb5c-4227-9498-26ea7c71e776/org.postgresql_postgresql-42.2.2.jar
[2024-06-25T19:07:16.524+0000] {docker.py:436} INFO - 24/06/25 19:07:16 INFO Executor: Fetching file:///opt/bitnami/spark/.ivy2/jars/org.apache.hadoop_hadoop-client-api-3.3.2.jar with timestamp 1719342435218
[2024-06-25T19:07:16.550+0000] {docker.py:436} INFO - 24/06/25 19:07:16 INFO Utils: /opt/bitnami/spark/.ivy2/jars/org.apache.hadoop_hadoop-client-api-3.3.2.jar has been previously copied to /tmp/spark-08e66aa0-f2bd-4300-9e34-eb3fa111903e/userFiles-51cad466-bb5c-4227-9498-26ea7c71e776/org.apache.hadoop_hadoop-client-api-3.3.2.jar
[2024-06-25T19:07:16.554+0000] {docker.py:436} INFO - 24/06/25 19:07:16 INFO Executor: Fetching file:///opt/bitnami/spark/.ivy2/jars/org.xerial.snappy_snappy-java-1.1.8.4.jar with timestamp 1719342435218
[2024-06-25T19:07:16.556+0000] {docker.py:436} INFO - 24/06/25 19:07:16 INFO Utils: /opt/bitnami/spark/.ivy2/jars/org.xerial.snappy_snappy-java-1.1.8.4.jar has been previously copied to /tmp/spark-08e66aa0-f2bd-4300-9e34-eb3fa111903e/userFiles-51cad466-bb5c-4227-9498-26ea7c71e776/org.xerial.snappy_snappy-java-1.1.8.4.jar
[2024-06-25T19:07:16.560+0000] {docker.py:436} INFO - 24/06/25 19:07:16 INFO Executor: Fetching file:///opt/bitnami/spark/.ivy2/jars/org.apache.hadoop_hadoop-client-runtime-3.3.2.jar with timestamp 1719342435218
[2024-06-25T19:07:16.598+0000] {docker.py:436} INFO - 24/06/25 19:07:16 INFO Utils: /opt/bitnami/spark/.ivy2/jars/org.apache.hadoop_hadoop-client-runtime-3.3.2.jar has been previously copied to /tmp/spark-08e66aa0-f2bd-4300-9e34-eb3fa111903e/userFiles-51cad466-bb5c-4227-9498-26ea7c71e776/org.apache.hadoop_hadoop-client-runtime-3.3.2.jar
[2024-06-25T19:07:16.601+0000] {docker.py:436} INFO - 24/06/25 19:07:16 INFO Executor: Fetching file:///opt/bitnami/spark/.ivy2/jars/org.apache.commons_commons-pool2-2.11.1.jar with timestamp 1719342435218
[2024-06-25T19:07:16.602+0000] {docker.py:436} INFO - 24/06/25 19:07:16 INFO Utils: /opt/bitnami/spark/.ivy2/jars/org.apache.commons_commons-pool2-2.11.1.jar has been previously copied to /tmp/spark-08e66aa0-f2bd-4300-9e34-eb3fa111903e/userFiles-51cad466-bb5c-4227-9498-26ea7c71e776/org.apache.commons_commons-pool2-2.11.1.jar
[2024-06-25T19:07:16.605+0000] {docker.py:436} INFO - 24/06/25 19:07:16 INFO Executor: Fetching file:///opt/bitnami/spark/.ivy2/jars/org.apache.spark_spark-token-provider-kafka-0-10_2.12-3.3.0.jar with timestamp 1719342435218
[2024-06-25T19:07:16.606+0000] {docker.py:436} INFO - 24/06/25 19:07:16 INFO Utils: /opt/bitnami/spark/.ivy2/jars/org.apache.spark_spark-token-provider-kafka-0-10_2.12-3.3.0.jar has been previously copied to /tmp/spark-08e66aa0-f2bd-4300-9e34-eb3fa111903e/userFiles-51cad466-bb5c-4227-9498-26ea7c71e776/org.apache.spark_spark-token-provider-kafka-0-10_2.12-3.3.0.jar
[2024-06-25T19:07:16.623+0000] {docker.py:436} INFO - 24/06/25 19:07:16 INFO Executor: Fetching file:///opt/bitnami/spark/.ivy2/jars/org.slf4j_slf4j-api-1.7.32.jar with timestamp 1719342435218
[2024-06-25T19:07:16.624+0000] {docker.py:436} INFO - 24/06/25 19:07:16 INFO Utils: /opt/bitnami/spark/.ivy2/jars/org.slf4j_slf4j-api-1.7.32.jar has been previously copied to /tmp/spark-08e66aa0-f2bd-4300-9e34-eb3fa111903e/userFiles-51cad466-bb5c-4227-9498-26ea7c71e776/org.slf4j_slf4j-api-1.7.32.jar
[2024-06-25T19:07:16.629+0000] {docker.py:436} INFO - 24/06/25 19:07:16 INFO Executor: Fetching file:///opt/bitnami/spark/.ivy2/jars/org.apache.spark_spark-sql-kafka-0-10_2.12-3.3.0.jar with timestamp 1719342435218
[2024-06-25T19:07:16.631+0000] {docker.py:436} INFO - 24/06/25 19:07:16 INFO Utils: /opt/bitnami/spark/.ivy2/jars/org.apache.spark_spark-sql-kafka-0-10_2.12-3.3.0.jar has been previously copied to /tmp/spark-08e66aa0-f2bd-4300-9e34-eb3fa111903e/userFiles-51cad466-bb5c-4227-9498-26ea7c71e776/org.apache.spark_spark-sql-kafka-0-10_2.12-3.3.0.jar
[2024-06-25T19:07:16.637+0000] {docker.py:436} INFO - 24/06/25 19:07:16 INFO Executor: Fetching file:///opt/bitnami/spark/.ivy2/jars/com.google.code.findbugs_jsr305-3.0.0.jar with timestamp 1719342435218
[2024-06-25T19:07:16.637+0000] {docker.py:436} INFO - 24/06/25 19:07:16 INFO Utils: /opt/bitnami/spark/.ivy2/jars/com.google.code.findbugs_jsr305-3.0.0.jar has been previously copied to /tmp/spark-08e66aa0-f2bd-4300-9e34-eb3fa111903e/userFiles-51cad466-bb5c-4227-9498-26ea7c71e776/com.google.code.findbugs_jsr305-3.0.0.jar
[2024-06-25T19:07:16.642+0000] {docker.py:436} INFO - 24/06/25 19:07:16 INFO Executor: Fetching file:///opt/bitnami/spark/.ivy2/jars/org.lz4_lz4-java-1.8.0.jar with timestamp 1719342435218
[2024-06-25T19:07:16.644+0000] {docker.py:436} INFO - 24/06/25 19:07:16 INFO Utils: /opt/bitnami/spark/.ivy2/jars/org.lz4_lz4-java-1.8.0.jar has been previously copied to /tmp/spark-08e66aa0-f2bd-4300-9e34-eb3fa111903e/userFiles-51cad466-bb5c-4227-9498-26ea7c71e776/org.lz4_lz4-java-1.8.0.jar
[2024-06-25T19:07:16.648+0000] {docker.py:436} INFO - 24/06/25 19:07:16 INFO Executor: Fetching file:///opt/bitnami/spark/.ivy2/jars/commons-logging_commons-logging-1.1.3.jar with timestamp 1719342435218
[2024-06-25T19:07:16.649+0000] {docker.py:436} INFO - 24/06/25 19:07:16 INFO Utils: /opt/bitnami/spark/.ivy2/jars/commons-logging_commons-logging-1.1.3.jar has been previously copied to /tmp/spark-08e66aa0-f2bd-4300-9e34-eb3fa111903e/userFiles-51cad466-bb5c-4227-9498-26ea7c71e776/commons-logging_commons-logging-1.1.3.jar
[2024-06-25T19:07:16.654+0000] {docker.py:436} INFO - 24/06/25 19:07:16 INFO Executor: Fetching file:///opt/bitnami/spark/.ivy2/jars/org.spark-project.spark_unused-1.0.0.jar with timestamp 1719342435218
[2024-06-25T19:07:16.655+0000] {docker.py:436} INFO - 24/06/25 19:07:16 INFO Utils: /opt/bitnami/spark/.ivy2/jars/org.spark-project.spark_unused-1.0.0.jar has been previously copied to /tmp/spark-08e66aa0-f2bd-4300-9e34-eb3fa111903e/userFiles-51cad466-bb5c-4227-9498-26ea7c71e776/org.spark-project.spark_unused-1.0.0.jar
[2024-06-25T19:07:16.663+0000] {docker.py:436} INFO - 24/06/25 19:07:16 INFO Executor: Fetching file:///opt/bitnami/spark/.ivy2/jars/org.apache.kafka_kafka-clients-2.8.1.jar with timestamp 1719342435218
[2024-06-25T19:07:16.668+0000] {docker.py:436} INFO - 24/06/25 19:07:16 INFO Utils: /opt/bitnami/spark/.ivy2/jars/org.apache.kafka_kafka-clients-2.8.1.jar has been previously copied to /tmp/spark-08e66aa0-f2bd-4300-9e34-eb3fa111903e/userFiles-51cad466-bb5c-4227-9498-26ea7c71e776/org.apache.kafka_kafka-clients-2.8.1.jar
[2024-06-25T19:07:16.677+0000] {docker.py:436} INFO - 24/06/25 19:07:16 INFO Executor: Fetching spark://localhost:41027/jars/org.xerial.snappy_snappy-java-1.1.8.4.jar with timestamp 1719342435218
[2024-06-25T19:07:16.728+0000] {docker.py:436} INFO - 24/06/25 19:07:16 INFO TransportClientFactory: Successfully created connection to localhost/127.0.0.1:41027 after 36 ms (0 ms spent in bootstraps)
[2024-06-25T19:07:16.736+0000] {docker.py:436} INFO - 24/06/25 19:07:16 INFO Utils: Fetching spark://localhost:41027/jars/org.xerial.snappy_snappy-java-1.1.8.4.jar to /tmp/spark-08e66aa0-f2bd-4300-9e34-eb3fa111903e/userFiles-51cad466-bb5c-4227-9498-26ea7c71e776/fetchFileTemp13747723327557970387.tmp
[2024-06-25T19:07:16.775+0000] {docker.py:436} INFO - 24/06/25 19:07:16 INFO Utils: /tmp/spark-08e66aa0-f2bd-4300-9e34-eb3fa111903e/userFiles-51cad466-bb5c-4227-9498-26ea7c71e776/fetchFileTemp13747723327557970387.tmp has been previously copied to /tmp/spark-08e66aa0-f2bd-4300-9e34-eb3fa111903e/userFiles-51cad466-bb5c-4227-9498-26ea7c71e776/org.xerial.snappy_snappy-java-1.1.8.4.jar
[2024-06-25T19:07:16.783+0000] {docker.py:436} INFO - 24/06/25 19:07:16 INFO Executor: Adding file:/tmp/spark-08e66aa0-f2bd-4300-9e34-eb3fa111903e/userFiles-51cad466-bb5c-4227-9498-26ea7c71e776/org.xerial.snappy_snappy-java-1.1.8.4.jar to class loader default
[2024-06-25T19:07:16.784+0000] {docker.py:436} INFO - 24/06/25 19:07:16 INFO Executor: Fetching spark://localhost:41027/jars/org.apache.hadoop_hadoop-client-api-3.3.2.jar with timestamp 1719342435218
[2024-06-25T19:07:16.784+0000] {docker.py:436} INFO - 24/06/25 19:07:16 INFO Utils: Fetching spark://localhost:41027/jars/org.apache.hadoop_hadoop-client-api-3.3.2.jar to /tmp/spark-08e66aa0-f2bd-4300-9e34-eb3fa111903e/userFiles-51cad466-bb5c-4227-9498-26ea7c71e776/fetchFileTemp8602394555139300359.tmp
[2024-06-25T19:07:16.928+0000] {docker.py:436} INFO - 24/06/25 19:07:16 INFO Utils: /tmp/spark-08e66aa0-f2bd-4300-9e34-eb3fa111903e/userFiles-51cad466-bb5c-4227-9498-26ea7c71e776/fetchFileTemp8602394555139300359.tmp has been previously copied to /tmp/spark-08e66aa0-f2bd-4300-9e34-eb3fa111903e/userFiles-51cad466-bb5c-4227-9498-26ea7c71e776/org.apache.hadoop_hadoop-client-api-3.3.2.jar
[2024-06-25T19:07:16.935+0000] {docker.py:436} INFO - 24/06/25 19:07:16 INFO Executor: Adding file:/tmp/spark-08e66aa0-f2bd-4300-9e34-eb3fa111903e/userFiles-51cad466-bb5c-4227-9498-26ea7c71e776/org.apache.hadoop_hadoop-client-api-3.3.2.jar to class loader default
[2024-06-25T19:07:16.936+0000] {docker.py:436} INFO - 24/06/25 19:07:16 INFO Executor: Fetching spark://localhost:41027/jars/org.apache.hadoop_hadoop-client-runtime-3.3.2.jar with timestamp 1719342435218
[2024-06-25T19:07:16.936+0000] {docker.py:436} INFO - 24/06/25 19:07:16 INFO Utils: Fetching spark://localhost:41027/jars/org.apache.hadoop_hadoop-client-runtime-3.3.2.jar to /tmp/spark-08e66aa0-f2bd-4300-9e34-eb3fa111903e/userFiles-51cad466-bb5c-4227-9498-26ea7c71e776/fetchFileTemp839475497479957087.tmp
[2024-06-25T19:07:17.179+0000] {docker.py:436} INFO - 24/06/25 19:07:17 INFO Utils: /tmp/spark-08e66aa0-f2bd-4300-9e34-eb3fa111903e/userFiles-51cad466-bb5c-4227-9498-26ea7c71e776/fetchFileTemp839475497479957087.tmp has been previously copied to /tmp/spark-08e66aa0-f2bd-4300-9e34-eb3fa111903e/userFiles-51cad466-bb5c-4227-9498-26ea7c71e776/org.apache.hadoop_hadoop-client-runtime-3.3.2.jar
[2024-06-25T19:07:17.194+0000] {docker.py:436} INFO - 24/06/25 19:07:17 INFO Executor: Adding file:/tmp/spark-08e66aa0-f2bd-4300-9e34-eb3fa111903e/userFiles-51cad466-bb5c-4227-9498-26ea7c71e776/org.apache.hadoop_hadoop-client-runtime-3.3.2.jar to class loader default
[2024-06-25T19:07:17.195+0000] {docker.py:436} INFO - 24/06/25 19:07:17 INFO Executor: Fetching spark://localhost:41027/jars/org.apache.kafka_kafka-clients-2.8.1.jar with timestamp 1719342435218
[2024-06-25T19:07:17.200+0000] {docker.py:436} INFO - 24/06/25 19:07:17 INFO Utils: Fetching spark://localhost:41027/jars/org.apache.kafka_kafka-clients-2.8.1.jar to /tmp/spark-08e66aa0-f2bd-4300-9e34-eb3fa111903e/userFiles-51cad466-bb5c-4227-9498-26ea7c71e776/fetchFileTemp9349360187252437935.tmp
[2024-06-25T19:07:17.216+0000] {docker.py:436} INFO - 24/06/25 19:07:17 INFO Utils: /tmp/spark-08e66aa0-f2bd-4300-9e34-eb3fa111903e/userFiles-51cad466-bb5c-4227-9498-26ea7c71e776/fetchFileTemp9349360187252437935.tmp has been previously copied to /tmp/spark-08e66aa0-f2bd-4300-9e34-eb3fa111903e/userFiles-51cad466-bb5c-4227-9498-26ea7c71e776/org.apache.kafka_kafka-clients-2.8.1.jar
[2024-06-25T19:07:17.225+0000] {docker.py:436} INFO - 24/06/25 19:07:17 INFO Executor: Adding file:/tmp/spark-08e66aa0-f2bd-4300-9e34-eb3fa111903e/userFiles-51cad466-bb5c-4227-9498-26ea7c71e776/org.apache.kafka_kafka-clients-2.8.1.jar to class loader default
[2024-06-25T19:07:17.225+0000] {docker.py:436} INFO - 24/06/25 19:07:17 INFO Executor: Fetching spark://localhost:41027/jars/com.google.code.findbugs_jsr305-3.0.0.jar with timestamp 1719342435218
[2024-06-25T19:07:17.226+0000] {docker.py:436} INFO - 24/06/25 19:07:17 INFO Utils: Fetching spark://localhost:41027/jars/com.google.code.findbugs_jsr305-3.0.0.jar to /tmp/spark-08e66aa0-f2bd-4300-9e34-eb3fa111903e/userFiles-51cad466-bb5c-4227-9498-26ea7c71e776/fetchFileTemp17546204942241778963.tmp
[2024-06-25T19:07:17.228+0000] {docker.py:436} INFO - 24/06/25 19:07:17 INFO Utils: /tmp/spark-08e66aa0-f2bd-4300-9e34-eb3fa111903e/userFiles-51cad466-bb5c-4227-9498-26ea7c71e776/fetchFileTemp17546204942241778963.tmp has been previously copied to /tmp/spark-08e66aa0-f2bd-4300-9e34-eb3fa111903e/userFiles-51cad466-bb5c-4227-9498-26ea7c71e776/com.google.code.findbugs_jsr305-3.0.0.jar
[2024-06-25T19:07:17.231+0000] {docker.py:436} INFO - 24/06/25 19:07:17 INFO Executor: Adding file:/tmp/spark-08e66aa0-f2bd-4300-9e34-eb3fa111903e/userFiles-51cad466-bb5c-4227-9498-26ea7c71e776/com.google.code.findbugs_jsr305-3.0.0.jar to class loader default
[2024-06-25T19:07:17.232+0000] {docker.py:436} INFO - 24/06/25 19:07:17 INFO Executor: Fetching spark://localhost:41027/jars/org.apache.commons_commons-pool2-2.11.1.jar with timestamp 1719342435218
[2024-06-25T19:07:17.233+0000] {docker.py:436} INFO - 24/06/25 19:07:17 INFO Utils: Fetching spark://localhost:41027/jars/org.apache.commons_commons-pool2-2.11.1.jar to /tmp/spark-08e66aa0-f2bd-4300-9e34-eb3fa111903e/userFiles-51cad466-bb5c-4227-9498-26ea7c71e776/fetchFileTemp4911451660888491907.tmp
[2024-06-25T19:07:17.235+0000] {docker.py:436} INFO - 24/06/25 19:07:17 INFO Utils: /tmp/spark-08e66aa0-f2bd-4300-9e34-eb3fa111903e/userFiles-51cad466-bb5c-4227-9498-26ea7c71e776/fetchFileTemp4911451660888491907.tmp has been previously copied to /tmp/spark-08e66aa0-f2bd-4300-9e34-eb3fa111903e/userFiles-51cad466-bb5c-4227-9498-26ea7c71e776/org.apache.commons_commons-pool2-2.11.1.jar
[2024-06-25T19:07:17.239+0000] {docker.py:436} INFO - 24/06/25 19:07:17 INFO Executor: Adding file:/tmp/spark-08e66aa0-f2bd-4300-9e34-eb3fa111903e/userFiles-51cad466-bb5c-4227-9498-26ea7c71e776/org.apache.commons_commons-pool2-2.11.1.jar to class loader default
[2024-06-25T19:07:17.240+0000] {docker.py:436} INFO - 24/06/25 19:07:17 INFO Executor: Fetching spark://localhost:41027/jars/org.lz4_lz4-java-1.8.0.jar with timestamp 1719342435218
[2024-06-25T19:07:17.240+0000] {docker.py:436} INFO - 24/06/25 19:07:17 INFO Utils: Fetching spark://localhost:41027/jars/org.lz4_lz4-java-1.8.0.jar to /tmp/spark-08e66aa0-f2bd-4300-9e34-eb3fa111903e/userFiles-51cad466-bb5c-4227-9498-26ea7c71e776/fetchFileTemp13940193493863787644.tmp
[2024-06-25T19:07:17.246+0000] {docker.py:436} INFO - 24/06/25 19:07:17 INFO Utils: /tmp/spark-08e66aa0-f2bd-4300-9e34-eb3fa111903e/userFiles-51cad466-bb5c-4227-9498-26ea7c71e776/fetchFileTemp13940193493863787644.tmp has been previously copied to /tmp/spark-08e66aa0-f2bd-4300-9e34-eb3fa111903e/userFiles-51cad466-bb5c-4227-9498-26ea7c71e776/org.lz4_lz4-java-1.8.0.jar
[2024-06-25T19:07:17.250+0000] {docker.py:436} INFO - 24/06/25 19:07:17 INFO Executor: Adding file:/tmp/spark-08e66aa0-f2bd-4300-9e34-eb3fa111903e/userFiles-51cad466-bb5c-4227-9498-26ea7c71e776/org.lz4_lz4-java-1.8.0.jar to class loader default
[2024-06-25T19:07:17.251+0000] {docker.py:436} INFO - 24/06/25 19:07:17 INFO Executor: Fetching spark://localhost:41027/jars/org.spark-project.spark_unused-1.0.0.jar with timestamp 1719342435218
[2024-06-25T19:07:17.252+0000] {docker.py:436} INFO - 24/06/25 19:07:17 INFO Utils: Fetching spark://localhost:41027/jars/org.spark-project.spark_unused-1.0.0.jar to /tmp/spark-08e66aa0-f2bd-4300-9e34-eb3fa111903e/userFiles-51cad466-bb5c-4227-9498-26ea7c71e776/fetchFileTemp2889840646400528913.tmp
[2024-06-25T19:07:17.253+0000] {docker.py:436} INFO - 24/06/25 19:07:17 INFO Utils: /tmp/spark-08e66aa0-f2bd-4300-9e34-eb3fa111903e/userFiles-51cad466-bb5c-4227-9498-26ea7c71e776/fetchFileTemp2889840646400528913.tmp has been previously copied to /tmp/spark-08e66aa0-f2bd-4300-9e34-eb3fa111903e/userFiles-51cad466-bb5c-4227-9498-26ea7c71e776/org.spark-project.spark_unused-1.0.0.jar
[2024-06-25T19:07:17.258+0000] {docker.py:436} INFO - 24/06/25 19:07:17 INFO Executor: Adding file:/tmp/spark-08e66aa0-f2bd-4300-9e34-eb3fa111903e/userFiles-51cad466-bb5c-4227-9498-26ea7c71e776/org.spark-project.spark_unused-1.0.0.jar to class loader default
[2024-06-25T19:07:17.258+0000] {docker.py:436} INFO - 24/06/25 19:07:17 INFO Executor: Fetching spark://localhost:41027/jars/org.slf4j_slf4j-api-1.7.32.jar with timestamp 1719342435218
[2024-06-25T19:07:17.259+0000] {docker.py:436} INFO - 24/06/25 19:07:17 INFO Utils: Fetching spark://localhost:41027/jars/org.slf4j_slf4j-api-1.7.32.jar to /tmp/spark-08e66aa0-f2bd-4300-9e34-eb3fa111903e/userFiles-51cad466-bb5c-4227-9498-26ea7c71e776/fetchFileTemp6744931317636585910.tmp
[2024-06-25T19:07:17.260+0000] {docker.py:436} INFO - 24/06/25 19:07:17 INFO Utils: /tmp/spark-08e66aa0-f2bd-4300-9e34-eb3fa111903e/userFiles-51cad466-bb5c-4227-9498-26ea7c71e776/fetchFileTemp6744931317636585910.tmp has been previously copied to /tmp/spark-08e66aa0-f2bd-4300-9e34-eb3fa111903e/userFiles-51cad466-bb5c-4227-9498-26ea7c71e776/org.slf4j_slf4j-api-1.7.32.jar
[2024-06-25T19:07:17.264+0000] {docker.py:436} INFO - 24/06/25 19:07:17 INFO Executor: Adding file:/tmp/spark-08e66aa0-f2bd-4300-9e34-eb3fa111903e/userFiles-51cad466-bb5c-4227-9498-26ea7c71e776/org.slf4j_slf4j-api-1.7.32.jar to class loader default
[2024-06-25T19:07:17.265+0000] {docker.py:436} INFO - 24/06/25 19:07:17 INFO Executor: Fetching spark://localhost:41027/jars/org.postgresql_postgresql-42.2.2.jar with timestamp 1719342435218
[2024-06-25T19:07:17.265+0000] {docker.py:436} INFO - 24/06/25 19:07:17 INFO Utils: Fetching spark://localhost:41027/jars/org.postgresql_postgresql-42.2.2.jar to /tmp/spark-08e66aa0-f2bd-4300-9e34-eb3fa111903e/userFiles-51cad466-bb5c-4227-9498-26ea7c71e776/fetchFileTemp2512997258858177459.tmp
[2024-06-25T19:07:17.269+0000] {docker.py:436} INFO - 24/06/25 19:07:17 INFO Utils: /tmp/spark-08e66aa0-f2bd-4300-9e34-eb3fa111903e/userFiles-51cad466-bb5c-4227-9498-26ea7c71e776/fetchFileTemp2512997258858177459.tmp has been previously copied to /tmp/spark-08e66aa0-f2bd-4300-9e34-eb3fa111903e/userFiles-51cad466-bb5c-4227-9498-26ea7c71e776/org.postgresql_postgresql-42.2.2.jar
[2024-06-25T19:07:17.274+0000] {docker.py:436} INFO - 24/06/25 19:07:17 INFO Executor: Adding file:/tmp/spark-08e66aa0-f2bd-4300-9e34-eb3fa111903e/userFiles-51cad466-bb5c-4227-9498-26ea7c71e776/org.postgresql_postgresql-42.2.2.jar to class loader default
[2024-06-25T19:07:17.275+0000] {docker.py:436} INFO - 24/06/25 19:07:17 INFO Executor: Fetching spark://localhost:41027/jars/org.apache.spark_spark-sql-kafka-0-10_2.12-3.3.0.jar with timestamp 1719342435218
[2024-06-25T19:07:17.277+0000] {docker.py:436} INFO - 24/06/25 19:07:17 INFO Utils: Fetching spark://localhost:41027/jars/org.apache.spark_spark-sql-kafka-0-10_2.12-3.3.0.jar to /tmp/spark-08e66aa0-f2bd-4300-9e34-eb3fa111903e/userFiles-51cad466-bb5c-4227-9498-26ea7c71e776/fetchFileTemp2586839853233733044.tmp
[2024-06-25T19:07:17.279+0000] {docker.py:436} INFO - 24/06/25 19:07:17 INFO Utils: /tmp/spark-08e66aa0-f2bd-4300-9e34-eb3fa111903e/userFiles-51cad466-bb5c-4227-9498-26ea7c71e776/fetchFileTemp2586839853233733044.tmp has been previously copied to /tmp/spark-08e66aa0-f2bd-4300-9e34-eb3fa111903e/userFiles-51cad466-bb5c-4227-9498-26ea7c71e776/org.apache.spark_spark-sql-kafka-0-10_2.12-3.3.0.jar
[2024-06-25T19:07:17.285+0000] {docker.py:436} INFO - 24/06/25 19:07:17 INFO Executor: Adding file:/tmp/spark-08e66aa0-f2bd-4300-9e34-eb3fa111903e/userFiles-51cad466-bb5c-4227-9498-26ea7c71e776/org.apache.spark_spark-sql-kafka-0-10_2.12-3.3.0.jar to class loader default
24/06/25 19:07:17 INFO Executor: Fetching spark://localhost:41027/jars/org.apache.spark_spark-token-provider-kafka-0-10_2.12-3.3.0.jar with timestamp 1719342435218
[2024-06-25T19:07:17.286+0000] {docker.py:436} INFO - 24/06/25 19:07:17 INFO Utils: Fetching spark://localhost:41027/jars/org.apache.spark_spark-token-provider-kafka-0-10_2.12-3.3.0.jar to /tmp/spark-08e66aa0-f2bd-4300-9e34-eb3fa111903e/userFiles-51cad466-bb5c-4227-9498-26ea7c71e776/fetchFileTemp6793259375819980335.tmp
[2024-06-25T19:07:17.286+0000] {docker.py:436} INFO - 24/06/25 19:07:17 INFO Utils: /tmp/spark-08e66aa0-f2bd-4300-9e34-eb3fa111903e/userFiles-51cad466-bb5c-4227-9498-26ea7c71e776/fetchFileTemp6793259375819980335.tmp has been previously copied to /tmp/spark-08e66aa0-f2bd-4300-9e34-eb3fa111903e/userFiles-51cad466-bb5c-4227-9498-26ea7c71e776/org.apache.spark_spark-token-provider-kafka-0-10_2.12-3.3.0.jar
[2024-06-25T19:07:17.290+0000] {docker.py:436} INFO - 24/06/25 19:07:17 INFO Executor: Adding file:/tmp/spark-08e66aa0-f2bd-4300-9e34-eb3fa111903e/userFiles-51cad466-bb5c-4227-9498-26ea7c71e776/org.apache.spark_spark-token-provider-kafka-0-10_2.12-3.3.0.jar to class loader default
[2024-06-25T19:07:17.291+0000] {docker.py:436} INFO - 24/06/25 19:07:17 INFO Executor: Fetching spark://localhost:41027/jars/commons-logging_commons-logging-1.1.3.jar with timestamp 1719342435218
[2024-06-25T19:07:17.292+0000] {docker.py:436} INFO - 24/06/25 19:07:17 INFO Utils: Fetching spark://localhost:41027/jars/commons-logging_commons-logging-1.1.3.jar to /tmp/spark-08e66aa0-f2bd-4300-9e34-eb3fa111903e/userFiles-51cad466-bb5c-4227-9498-26ea7c71e776/fetchFileTemp1769366150821344900.tmp
[2024-06-25T19:07:17.293+0000] {docker.py:436} INFO - 24/06/25 19:07:17 INFO Utils: /tmp/spark-08e66aa0-f2bd-4300-9e34-eb3fa111903e/userFiles-51cad466-bb5c-4227-9498-26ea7c71e776/fetchFileTemp1769366150821344900.tmp has been previously copied to /tmp/spark-08e66aa0-f2bd-4300-9e34-eb3fa111903e/userFiles-51cad466-bb5c-4227-9498-26ea7c71e776/commons-logging_commons-logging-1.1.3.jar
[2024-06-25T19:07:17.297+0000] {docker.py:436} INFO - 24/06/25 19:07:17 INFO Executor: Adding file:/tmp/spark-08e66aa0-f2bd-4300-9e34-eb3fa111903e/userFiles-51cad466-bb5c-4227-9498-26ea7c71e776/commons-logging_commons-logging-1.1.3.jar to class loader default
[2024-06-25T19:07:17.307+0000] {docker.py:436} INFO - 24/06/25 19:07:17 INFO Utils: Successfully started service 'org.apache.spark.network.netty.NettyBlockTransferService' on port 45155.
[2024-06-25T19:07:17.308+0000] {docker.py:436} INFO - 24/06/25 19:07:17 INFO NettyBlockTransferService: Server created on localhost:45155
[2024-06-25T19:07:17.310+0000] {docker.py:436} INFO - 24/06/25 19:07:17 INFO BlockManager: Using org.apache.spark.storage.RandomBlockReplicationPolicy for block replication policy
[2024-06-25T19:07:17.317+0000] {docker.py:436} INFO - 24/06/25 19:07:17 INFO BlockManagerMaster: Registering BlockManager BlockManagerId(driver, localhost, 45155, None)
[2024-06-25T19:07:17.322+0000] {docker.py:436} INFO - 24/06/25 19:07:17 INFO BlockManagerMasterEndpoint: Registering block manager localhost:45155 with 434.4 MiB RAM, BlockManagerId(driver, localhost, 45155, None)
[2024-06-25T19:07:17.326+0000] {docker.py:436} INFO - 24/06/25 19:07:17 INFO BlockManagerMaster: Registered BlockManager BlockManagerId(driver, localhost, 45155, None)
[2024-06-25T19:07:17.327+0000] {docker.py:436} INFO - 24/06/25 19:07:17 INFO BlockManager: Initialized BlockManager: BlockManagerId(driver, localhost, 45155, None)
[2024-06-25T19:07:17.780+0000] {docker.py:436} INFO - 2024-06-25 19:07:17,780:create_spark_session:INFO:Spark session created successfully
[2024-06-25T19:07:17.797+0000] {docker.py:436} INFO - 24/06/25 19:07:17 INFO SharedState: Setting hive.metastore.warehouse.dir ('null') to the value of spark.sql.warehouse.dir.
[2024-06-25T19:07:17.802+0000] {docker.py:436} INFO - 24/06/25 19:07:17 INFO SharedState: Warehouse path is 'file:/opt/bitnami/spark/spark-warehouse'.
[2024-06-25T19:07:19.787+0000] {docker.py:436} INFO - 2024-06-25 19:07:19,784:create_initial_dataframe:INFO:Initial dataframe created successfully: {df.show()}
StructType([StructField('item_purchased', StringType(), True), StructField('date_of_purchase', DateType(), True), StructField('cost', FloatType(), True), StructField('quantity', IntegerType(), True), StructField('purchased_by', StringType(), True), StructField('payment_method', StringType(), True)])
[2024-06-25T19:07:20.139+0000] {docker.py:436} INFO - 24/06/25 19:07:20 INFO SparkContext: SparkContext is stopping with exitCode 0.
[2024-06-25T19:07:20.154+0000] {docker.py:436} INFO - 24/06/25 19:07:20 INFO SparkUI: Stopped Spark web UI at http://localhost:4040
[2024-06-25T19:07:20.169+0000] {docker.py:436} INFO - 24/06/25 19:07:20 INFO MapOutputTrackerMasterEndpoint: MapOutputTrackerMasterEndpoint stopped!
[2024-06-25T19:07:20.184+0000] {docker.py:436} INFO - 24/06/25 19:07:20 INFO MemoryStore: MemoryStore cleared
24/06/25 19:07:20 INFO BlockManager: BlockManager stopped
[2024-06-25T19:07:20.194+0000] {docker.py:436} INFO - 24/06/25 19:07:20 INFO BlockManagerMaster: BlockManagerMaster stopped
[2024-06-25T19:07:20.198+0000] {docker.py:436} INFO - 24/06/25 19:07:20 INFO OutputCommitCoordinator$OutputCommitCoordinatorEndpoint: OutputCommitCoordinator stopped!
[2024-06-25T19:07:20.218+0000] {docker.py:436} INFO - 24/06/25 19:07:20 INFO SparkContext: Successfully stopped SparkContext
[2024-06-25T19:07:20.578+0000] {docker.py:436} INFO - 2024-06-25 19:07:20,578:close:INFO:Closing down clientserver connection
[2024-06-25T19:07:20.625+0000] {docker.py:436} INFO - 24/06/25 19:07:20 INFO ShutdownHookManager: Shutdown hook called
[2024-06-25T19:07:20.626+0000] {docker.py:436} INFO - 24/06/25 19:07:20 INFO ShutdownHookManager: Deleting directory /tmp/spark-08e66aa0-f2bd-4300-9e34-eb3fa111903e/pyspark-3c40cac5-ecd2-434d-949a-41f00b049596
[2024-06-25T19:07:20.629+0000] {docker.py:436} INFO - 24/06/25 19:07:20 INFO ShutdownHookManager: Deleting directory /tmp/spark-136c243a-9a91-4eba-a9cf-95b00a0237a1
[2024-06-25T19:07:20.633+0000] {docker.py:436} INFO - 24/06/25 19:07:20 INFO ShutdownHookManager: Deleting directory /tmp/spark-08e66aa0-f2bd-4300-9e34-eb3fa111903e
[2024-06-25T19:07:21.258+0000] {taskinstance.py:441} INFO - ::group::Post task execution logs
[2024-06-25T19:07:21.293+0000] {taskinstance.py:1206} INFO - Marking task as SUCCESS. dag_id=Stage_1, task_id=run_bronze_job, run_id=manual__2024-06-25T19:06:40.724959+00:00, execution_date=20240625T190640, start_date=20240625T190646, end_date=20240625T190721
[2024-06-25T19:07:21.323+0000] {local_task_job_runner.py:240} INFO - Task exited with return code 0
[2024-06-25T19:07:21.344+0000] {taskinstance.py:3498} INFO - 0 downstream tasks scheduled from follow-on schedule check
[2024-06-25T19:07:21.346+0000] {local_task_job_runner.py:222} INFO - ::endgroup::
