[2024-06-26T19:32:06.822+0000] {local_task_job_runner.py:120} INFO - ::group::Pre task execution logs
[2024-06-26T19:32:06.865+0000] {taskinstance.py:2076} INFO - Dependencies all met for dep_context=non-requeueable deps ti=<TaskInstance: Stage_1.bronze_table_creation manual__2024-06-26T19:32:02.012417+00:00 [queued]>
[2024-06-26T19:32:06.875+0000] {taskinstance.py:2076} INFO - Dependencies all met for dep_context=requeueable deps ti=<TaskInstance: Stage_1.bronze_table_creation manual__2024-06-26T19:32:02.012417+00:00 [queued]>
[2024-06-26T19:32:06.875+0000] {taskinstance.py:2306} INFO - Starting attempt 1 of 1
[2024-06-26T19:32:06.892+0000] {taskinstance.py:2330} INFO - Executing <Task(PythonOperator): bronze_table_creation> on 2024-06-26 19:32:02.012417+00:00
[2024-06-26T19:32:06.901+0000] {logging_mixin.py:188} WARNING - /home/***/.local/lib/python3.12/site-packages/***/task/task_runner/standard_task_runner.py:61 DeprecationWarning: This process (pid=418) is multi-threaded, use of fork() may lead to deadlocks in the child.
[2024-06-26T19:32:06.902+0000] {standard_task_runner.py:63} INFO - Started process 419 to run task
[2024-06-26T19:32:06.901+0000] {standard_task_runner.py:90} INFO - Running: ['***', 'tasks', 'run', 'Stage_1', 'bronze_table_creation', 'manual__2024-06-26T19:32:02.012417+00:00', '--job-id', '64', '--raw', '--subdir', 'DAGS_FOLDER/kafka_dag.py', '--cfg-path', '/tmp/tmpr0jkcm6d']
[2024-06-26T19:32:06.903+0000] {standard_task_runner.py:91} INFO - Job 64: Subtask bronze_table_creation
[2024-06-26T19:32:06.918+0000] {logging_mixin.py:188} WARNING - /home/***/.local/lib/python3.12/site-packages/***/settings.py:195 DeprecationWarning: The sql_alchemy_conn option in [core] has been moved to the sql_alchemy_conn option in [database] - the old setting has been used, but please update your config.
[2024-06-26T19:32:06.954+0000] {task_command.py:426} INFO - Running <TaskInstance: Stage_1.bronze_table_creation manual__2024-06-26T19:32:02.012417+00:00 [running]> on host ba36c0353089
[2024-06-26T19:32:07.056+0000] {taskinstance.py:2648} INFO - Exporting env vars: AIRFLOW_CTX_DAG_OWNER='***' AIRFLOW_CTX_DAG_ID='Stage_1' AIRFLOW_CTX_TASK_ID='bronze_table_creation' AIRFLOW_CTX_EXECUTION_DATE='2024-06-26T19:32:02.012417+00:00' AIRFLOW_CTX_TRY_NUMBER='1' AIRFLOW_CTX_DAG_RUN_ID='manual__2024-06-26T19:32:02.012417+00:00'
[2024-06-26T19:32:07.057+0000] {taskinstance.py:430} INFO - ::endgroup::
[2024-06-26T19:32:07.082+0000] {logging_mixin.py:188} INFO - Table 'purchases' created successfully.
[2024-06-26T19:32:07.083+0000] {python.py:237} INFO - Done. Returned value was: None
[2024-06-26T19:32:07.083+0000] {taskinstance.py:441} INFO - ::group::Post task execution logs
[2024-06-26T19:32:07.093+0000] {taskinstance.py:1206} INFO - Marking task as SUCCESS. dag_id=Stage_1, task_id=bronze_table_creation, run_id=manual__2024-06-26T19:32:02.012417+00:00, execution_date=20240626T193202, start_date=20240626T193206, end_date=20240626T193207
[2024-06-26T19:32:07.116+0000] {local_task_job_runner.py:240} INFO - Task exited with return code 0
[2024-06-26T19:32:07.139+0000] {taskinstance.py:3498} INFO - 1 downstream tasks scheduled from follow-on schedule check
[2024-06-26T19:32:07.141+0000] {local_task_job_runner.py:222} INFO - ::endgroup::
