[2024-06-27T07:23:04.810+0000] {local_task_job_runner.py:120} INFO - ::group::Pre task execution logs
[2024-06-27T07:23:04.883+0000] {taskinstance.py:2076} INFO - Dependencies all met for dep_context=non-requeueable deps ti=<TaskInstance: Stage_1.run_bronze_job manual__2024-06-27T07:23:03.009639+00:00 [queued]>
[2024-06-27T07:23:04.910+0000] {taskinstance.py:2076} INFO - Dependencies all met for dep_context=requeueable deps ti=<TaskInstance: Stage_1.run_bronze_job manual__2024-06-27T07:23:03.009639+00:00 [queued]>
[2024-06-27T07:23:04.911+0000] {taskinstance.py:2306} INFO - Starting attempt 1 of 1
[2024-06-27T07:23:04.956+0000] {taskinstance.py:2330} INFO - Executing <Task(DockerOperator): run_bronze_job> on 2024-06-27 07:23:03.009639+00:00
[2024-06-27T07:23:04.982+0000] {logging_mixin.py:188} WARNING - /home/***/.local/lib/python3.12/site-packages/***/task/task_runner/standard_task_runner.py:61 DeprecationWarning: This process (pid=530) is multi-threaded, use of fork() may lead to deadlocks in the child.
[2024-06-27T07:23:04.987+0000] {standard_task_runner.py:63} INFO - Started process 531 to run task
[2024-06-27T07:23:04.992+0000] {standard_task_runner.py:90} INFO - Running: ['***', 'tasks', 'run', 'Stage_1', 'run_bronze_job', 'manual__2024-06-27T07:23:03.009639+00:00', '--job-id', '157', '--raw', '--subdir', 'DAGS_FOLDER/kafka_dag.py', '--cfg-path', '/tmp/tmpbrmh88id']
[2024-06-27T07:23:04.995+0000] {standard_task_runner.py:91} INFO - Job 157: Subtask run_bronze_job
[2024-06-27T07:23:05.039+0000] {logging_mixin.py:188} WARNING - /home/***/.local/lib/python3.12/site-packages/***/settings.py:195 DeprecationWarning: The sql_alchemy_conn option in [core] has been moved to the sql_alchemy_conn option in [database] - the old setting has been used, but please update your config.
[2024-06-27T07:23:05.126+0000] {task_command.py:426} INFO - Running <TaskInstance: Stage_1.run_bronze_job manual__2024-06-27T07:23:03.009639+00:00 [running]> on host 08bfa8b73cac
[2024-06-27T07:23:05.392+0000] {taskinstance.py:2648} INFO - Exporting env vars: AIRFLOW_CTX_DAG_OWNER='***' AIRFLOW_CTX_DAG_ID='Stage_1' AIRFLOW_CTX_TASK_ID='run_bronze_job' AIRFLOW_CTX_EXECUTION_DATE='2024-06-27T07:23:03.009639+00:00' AIRFLOW_CTX_TRY_NUMBER='1' AIRFLOW_CTX_DAG_RUN_ID='manual__2024-06-27T07:23:03.009639+00:00'
[2024-06-27T07:23:05.393+0000] {taskinstance.py:430} INFO - ::endgroup::
[2024-06-27T07:23:05.494+0000] {docker.py:366} INFO - Starting docker container from image bitnami/spark:latest
[2024-06-27T07:23:05.520+0000] {docker.py:374} WARNING - Using remote engine or docker-in-docker and mounting temporary volume from host is not supported. Falling back to `mount_tmp_dir=False` mode. You can set `mount_tmp_dir` parameter to False to disable mounting and remove the warning
[2024-06-27T07:23:06.307+0000] {docker.py:436} INFO - [38;5;6mspark [38;5;5m07:23:06.30 [0m[38;5;2mINFO [0m ==>
[2024-06-27T07:23:06.312+0000] {docker.py:436} INFO - [38;5;6mspark [38;5;5m07:23:06.30 [0m[38;5;2mINFO [0m ==> [1mWelcome to the Bitnami spark container[0m
[2024-06-27T07:23:06.319+0000] {docker.py:436} INFO - [38;5;6mspark [38;5;5m07:23:06.31 [0m[38;5;2mINFO [0m ==> Subscribe to project updates by watching [1mhttps://github.com/bitnami/containers[0m
[2024-06-27T07:23:06.338+0000] {docker.py:436} INFO - [38;5;6mspark [38;5;5m07:23:06.32 [0m[38;5;2mINFO [0m ==> Submit issues and feature requests at [1mhttps://github.com/bitnami/containers/issues[0m
[2024-06-27T07:23:06.351+0000] {docker.py:436} INFO - [38;5;6mspark [38;5;5m07:23:06.34 [0m[38;5;2mINFO [0m ==> Upgrade to Tanzu Application Catalog for production environments to access custom-configured and pre-packaged software components. Gain enhanced features, including Software Bill of Materials (SBOM), CVE scan result reports, and VEX documents. To learn more, visit [1mhttps://bitnami.com/enterprise[0m
[2024-06-27T07:23:06.353+0000] {docker.py:436} INFO - [38;5;6mspark [38;5;5m07:23:06.35 [0m[38;5;2mINFO [0m ==>
[2024-06-27T07:23:06.416+0000] {docker.py:436} INFO - 
[2024-06-27T07:23:10.271+0000] {docker.py:436} INFO - :: loading settings :: url = jar:file:/opt/bitnami/spark/jars/ivy-2.5.1.jar!/org/apache/ivy/core/settings/ivysettings.xml
[2024-06-27T07:23:10.406+0000] {docker.py:436} INFO - Ivy Default Cache set to: /opt/bitnami/spark/.ivy2/cache
The jars for the packages stored in: /opt/bitnami/spark/.ivy2/jars
[2024-06-27T07:23:10.418+0000] {docker.py:436} INFO - org.apache.spark#spark-sql-kafka-0-10_2.12 added as a dependency
[2024-06-27T07:23:10.419+0000] {docker.py:436} INFO - org.postgresql#postgresql added as a dependency
[2024-06-27T07:23:10.420+0000] {docker.py:436} INFO - :: resolving dependencies :: org.apache.spark#spark-submit-parent-04b6c9b7-83e6-46ca-9b15-265cf469bec2;1.0
[2024-06-27T07:23:10.421+0000] {docker.py:436} INFO - confs: [default]
[2024-06-27T07:23:13.325+0000] {docker.py:436} INFO - found org.apache.spark#spark-sql-kafka-0-10_2.12;3.3.0 in central
[2024-06-27T07:23:13.918+0000] {docker.py:436} INFO - found org.apache.spark#spark-token-provider-kafka-0-10_2.12;3.3.0 in central
[2024-06-27T07:23:14.077+0000] {docker.py:436} INFO - found org.apache.kafka#kafka-clients;2.8.1 in central
[2024-06-27T07:23:14.160+0000] {docker.py:436} INFO - found org.lz4#lz4-java;1.8.0 in central
[2024-06-27T07:23:14.269+0000] {docker.py:436} INFO - found org.xerial.snappy#snappy-java;1.1.8.4 in central
[2024-06-27T07:23:15.281+0000] {docker.py:436} INFO - found org.slf4j#slf4j-api;1.7.32 in central
[2024-06-27T07:23:17.027+0000] {docker.py:436} INFO - found org.apache.hadoop#hadoop-client-runtime;3.3.2 in central
[2024-06-27T07:23:17.133+0000] {docker.py:436} INFO - found org.spark-project.spark#unused;1.0.0 in central
[2024-06-27T07:23:17.253+0000] {docker.py:436} INFO - found org.apache.hadoop#hadoop-client-api;3.3.2 in central
[2024-06-27T07:23:17.467+0000] {docker.py:436} INFO - found commons-logging#commons-logging;1.1.3 in central
[2024-06-27T07:23:17.534+0000] {docker.py:436} INFO - found com.google.code.findbugs#jsr305;3.0.0 in central
[2024-06-27T07:23:17.994+0000] {docker.py:436} INFO - found org.apache.commons#commons-pool2;2.11.1 in central
[2024-06-27T07:23:19.674+0000] {docker.py:436} INFO - found org.postgresql#postgresql;42.2.2 in central
[2024-06-27T07:23:19.705+0000] {docker.py:436} INFO - downloading https://repo1.maven.org/maven2/org/apache/spark/spark-sql-kafka-0-10_2.12/3.3.0/spark-sql-kafka-0-10_2.12-3.3.0.jar ...
[2024-06-27T07:23:19.799+0000] {docker.py:436} INFO - [SUCCESSFUL ] org.apache.spark#spark-sql-kafka-0-10_2.12;3.3.0!spark-sql-kafka-0-10_2.12.jar (108ms)
[2024-06-27T07:23:19.811+0000] {docker.py:436} INFO - downloading https://repo1.maven.org/maven2/org/postgresql/postgresql/42.2.2/postgresql-42.2.2.jar ...
[2024-06-27T07:23:19.935+0000] {docker.py:436} INFO - [SUCCESSFUL ] org.postgresql#postgresql;42.2.2!postgresql.jar(bundle) (135ms)
[2024-06-27T07:23:19.945+0000] {docker.py:436} INFO - downloading https://repo1.maven.org/maven2/org/apache/spark/spark-token-provider-kafka-0-10_2.12/3.3.0/spark-token-provider-kafka-0-10_2.12-3.3.0.jar ...
[2024-06-27T07:23:19.961+0000] {docker.py:436} INFO - [SUCCESSFUL ] org.apache.spark#spark-token-provider-kafka-0-10_2.12;3.3.0!spark-token-provider-kafka-0-10_2.12.jar (24ms)
[2024-06-27T07:23:19.975+0000] {docker.py:436} INFO - downloading https://repo1.maven.org/maven2/org/apache/kafka/kafka-clients/2.8.1/kafka-clients-2.8.1.jar ...
[2024-06-27T07:23:20.438+0000] {docker.py:436} INFO - [SUCCESSFUL ] org.apache.kafka#kafka-clients;2.8.1!kafka-clients.jar (476ms)
[2024-06-27T07:23:20.449+0000] {docker.py:436} INFO - downloading https://repo1.maven.org/maven2/com/google/code/findbugs/jsr305/3.0.0/jsr305-3.0.0.jar ...
[2024-06-27T07:23:20.461+0000] {docker.py:436} INFO - [SUCCESSFUL ] com.google.code.findbugs#jsr305;3.0.0!jsr305.jar (22ms)
[2024-06-27T07:23:20.475+0000] {docker.py:436} INFO - downloading https://repo1.maven.org/maven2/org/apache/commons/commons-pool2/2.11.1/commons-pool2-2.11.1.jar ...
[2024-06-27T07:23:20.498+0000] {docker.py:436} INFO - [SUCCESSFUL ] org.apache.commons#commons-pool2;2.11.1!commons-pool2.jar (35ms)
[2024-06-27T07:23:20.510+0000] {docker.py:436} INFO - downloading https://repo1.maven.org/maven2/org/spark-project/spark/unused/1.0.0/unused-1.0.0.jar ...
[2024-06-27T07:23:20.521+0000] {docker.py:436} INFO - [SUCCESSFUL ] org.spark-project.spark#unused;1.0.0!unused.jar (22ms)
[2024-06-27T07:23:20.532+0000] {docker.py:436} INFO - downloading https://repo1.maven.org/maven2/org/apache/hadoop/hadoop-client-runtime/3.3.2/hadoop-client-runtime-3.3.2.jar ...
[2024-06-27T07:23:24.804+0000] {docker.py:436} INFO - [SUCCESSFUL ] org.apache.hadoop#hadoop-client-runtime;3.3.2!hadoop-client-runtime.jar (4282ms)
[2024-06-27T07:23:24.835+0000] {docker.py:436} INFO - downloading https://repo1.maven.org/maven2/org/lz4/lz4-java/1.8.0/lz4-java-1.8.0.jar ...
[2024-06-27T07:23:25.157+0000] {docker.py:436} INFO - [SUCCESSFUL ] org.lz4#lz4-java;1.8.0!lz4-java.jar (351ms)
[2024-06-27T07:23:25.170+0000] {docker.py:436} INFO - downloading https://repo1.maven.org/maven2/org/xerial/snappy/snappy-java/1.1.8.4/snappy-java-1.1.8.4.jar ...
[2024-06-27T07:23:25.435+0000] {docker.py:436} INFO - [SUCCESSFUL ] org.xerial.snappy#snappy-java;1.1.8.4!snappy-java.jar(bundle) (277ms)
[2024-06-27T07:23:25.448+0000] {docker.py:436} INFO - downloading https://repo1.maven.org/maven2/org/slf4j/slf4j-api/1.7.32/slf4j-api-1.7.32.jar ...
[2024-06-27T07:23:25.465+0000] {docker.py:436} INFO - [SUCCESSFUL ] org.slf4j#slf4j-api;1.7.32!slf4j-api.jar (29ms)
[2024-06-27T07:23:25.475+0000] {docker.py:436} INFO - downloading https://repo1.maven.org/maven2/org/apache/hadoop/hadoop-client-api/3.3.2/hadoop-client-api-3.3.2.jar ...
[2024-06-27T07:23:27.888+0000] {docker.py:436} INFO - [SUCCESSFUL ] org.apache.hadoop#hadoop-client-api;3.3.2!hadoop-client-api.jar (2422ms)
[2024-06-27T07:23:27.897+0000] {docker.py:436} INFO - downloading https://repo1.maven.org/maven2/commons-logging/commons-logging/1.1.3/commons-logging-1.1.3.jar ...
[2024-06-27T07:23:27.913+0000] {docker.py:436} INFO - [SUCCESSFUL ] commons-logging#commons-logging;1.1.3!commons-logging.jar (23ms)
[2024-06-27T07:23:27.913+0000] {docker.py:436} INFO - :: resolution report :: resolve 9270ms :: artifacts dl 8224ms
[2024-06-27T07:23:27.914+0000] {docker.py:436} INFO - :: modules in use:
[2024-06-27T07:23:27.914+0000] {docker.py:436} INFO - com.google.code.findbugs#jsr305;3.0.0 from central in [default]
	commons-logging#commons-logging;1.1.3 from central in [default]
[2024-06-27T07:23:27.915+0000] {docker.py:436} INFO - org.apache.commons#commons-pool2;2.11.1 from central in [default]
	org.apache.hadoop#hadoop-client-api;3.3.2 from central in [default]
	org.apache.hadoop#hadoop-client-runtime;3.3.2 from central in [default]
	org.apache.kafka#kafka-clients;2.8.1 from central in [default]
	org.apache.spark#spark-sql-kafka-0-10_2.12;3.3.0 from central in [default]
[2024-06-27T07:23:27.915+0000] {docker.py:436} INFO - org.apache.spark#spark-token-provider-kafka-0-10_2.12;3.3.0 from central in [default]
	org.lz4#lz4-java;1.8.0 from central in [default]
	org.postgresql#postgresql;42.2.2 from central in [default]
[2024-06-27T07:23:27.916+0000] {docker.py:436} INFO - org.slf4j#slf4j-api;1.7.32 from central in [default]
	org.spark-project.spark#unused;1.0.0 from central in [default]
	org.xerial.snappy#snappy-java;1.1.8.4 from central in [default]
[2024-06-27T07:23:27.916+0000] {docker.py:436} INFO - ---------------------------------------------------------------------
	|                  |            modules            ||   artifacts   |
	|       conf       | number| search|dwnlded|evicted|| number|dwnlded|
	---------------------------------------------------------------------
[2024-06-27T07:23:27.917+0000] {docker.py:436} INFO - |      default     |   13  |   13  |   13  |   0   ||   13  |   13  |
	---------------------------------------------------------------------
[2024-06-27T07:23:27.923+0000] {docker.py:436} INFO - :: retrieving :: org.apache.spark#spark-submit-parent-04b6c9b7-83e6-46ca-9b15-265cf469bec2
[2024-06-27T07:23:27.924+0000] {docker.py:436} INFO - confs: [default]
[2024-06-27T07:23:28.003+0000] {docker.py:436} INFO - 13 artifacts copied, 0 already retrieved (57403kB/80ms)
[2024-06-27T07:23:28.341+0000] {docker.py:436} INFO - 24/06/27 07:23:28 WARN NativeCodeLoader: Unable to load native-hadoop library for your platform... using builtin-java classes where applicable
[2024-06-27T07:23:29.969+0000] {docker.py:436} INFO - 24/06/27 07:23:29 INFO SparkContext: Running Spark version 3.5.1
[2024-06-27T07:23:29.969+0000] {docker.py:436} INFO - 24/06/27 07:23:29 INFO SparkContext: OS info Linux, 6.5.0-41-generic, amd64
[2024-06-27T07:23:29.970+0000] {docker.py:436} INFO - 24/06/27 07:23:29 INFO SparkContext: Java version 17.0.11
[2024-06-27T07:23:30.007+0000] {docker.py:436} INFO - 24/06/27 07:23:30 INFO ResourceUtils: ==============================================================
[2024-06-27T07:23:30.009+0000] {docker.py:436} INFO - 24/06/27 07:23:30 INFO ResourceUtils: No custom resources configured for spark.driver.
[2024-06-27T07:23:30.010+0000] {docker.py:436} INFO - 24/06/27 07:23:30 INFO ResourceUtils: ==============================================================
[2024-06-27T07:23:30.011+0000] {docker.py:436} INFO - 24/06/27 07:23:30 INFO SparkContext: Submitted application: PostgreSQL Connection with PySpark
[2024-06-27T07:23:30.037+0000] {docker.py:436} INFO - 24/06/27 07:23:30 INFO ResourceProfile: Default ResourceProfile created, executor resources: Map(cores -> name: cores, amount: 1, script: , vendor: , memory -> name: memory, amount: 1024, script: , vendor: , offHeap -> name: offHeap, amount: 0, script: , vendor: ), task resources: Map(cpus -> name: cpus, amount: 1.0)
[2024-06-27T07:23:30.047+0000] {docker.py:436} INFO - 24/06/27 07:23:30 INFO ResourceProfile: Limiting resource is cpu
[2024-06-27T07:23:30.048+0000] {docker.py:436} INFO - 24/06/27 07:23:30 INFO ResourceProfileManager: Added ResourceProfile id: 0
[2024-06-27T07:23:30.110+0000] {docker.py:436} INFO - 24/06/27 07:23:30 INFO SecurityManager: Changing view acls to: spark
[2024-06-27T07:23:30.111+0000] {docker.py:436} INFO - 24/06/27 07:23:30 INFO SecurityManager: Changing modify acls to: spark
[2024-06-27T07:23:30.112+0000] {docker.py:436} INFO - 24/06/27 07:23:30 INFO SecurityManager: Changing view acls groups to:
[2024-06-27T07:23:30.113+0000] {docker.py:436} INFO - 24/06/27 07:23:30 INFO SecurityManager: Changing modify acls groups to:
[2024-06-27T07:23:30.115+0000] {docker.py:436} INFO - 24/06/27 07:23:30 INFO SecurityManager: SecurityManager: authentication disabled; ui acls disabled; users with view permissions: spark; groups with view permissions: EMPTY; users with modify permissions: spark; groups with modify permissions: EMPTY
[2024-06-27T07:23:30.448+0000] {docker.py:436} INFO - 24/06/27 07:23:30 INFO Utils: Successfully started service 'sparkDriver' on port 34429.
[2024-06-27T07:23:30.506+0000] {docker.py:436} INFO - 24/06/27 07:23:30 INFO SparkEnv: Registering MapOutputTracker
[2024-06-27T07:23:30.558+0000] {docker.py:436} INFO - 24/06/27 07:23:30 INFO SparkEnv: Registering BlockManagerMaster
[2024-06-27T07:23:30.583+0000] {docker.py:436} INFO - 24/06/27 07:23:30 INFO BlockManagerMasterEndpoint: Using org.apache.spark.storage.DefaultTopologyMapper for getting topology information
[2024-06-27T07:23:30.585+0000] {docker.py:436} INFO - 24/06/27 07:23:30 INFO BlockManagerMasterEndpoint: BlockManagerMasterEndpoint up
[2024-06-27T07:23:30.590+0000] {docker.py:436} INFO - 24/06/27 07:23:30 INFO SparkEnv: Registering BlockManagerMasterHeartbeat
[2024-06-27T07:23:30.613+0000] {docker.py:436} INFO - 24/06/27 07:23:30 INFO DiskBlockManager: Created local directory at /tmp/blockmgr-4390d957-9955-4a39-89ea-19f7f7235477
[2024-06-27T07:23:30.630+0000] {docker.py:436} INFO - 24/06/27 07:23:30 INFO MemoryStore: MemoryStore started with capacity 434.4 MiB
[2024-06-27T07:23:30.661+0000] {docker.py:436} INFO - 24/06/27 07:23:30 INFO SparkEnv: Registering OutputCommitCoordinator
[2024-06-27T07:23:30.868+0000] {docker.py:436} INFO - 24/06/27 07:23:30 INFO JettyUtils: Start Jetty 0.0.0.0:4040 for SparkUI
[2024-06-27T07:23:30.977+0000] {docker.py:436} INFO - 24/06/27 07:23:30 INFO Utils: Successfully started service 'SparkUI' on port 4040.
[2024-06-27T07:23:31.089+0000] {docker.py:436} INFO - 24/06/27 07:23:31 INFO SparkContext: Added JAR file:///opt/bitnami/spark/.ivy2/jars/org.apache.spark_spark-sql-kafka-0-10_2.12-3.3.0.jar at spark://localhost:34429/jars/org.apache.spark_spark-sql-kafka-0-10_2.12-3.3.0.jar with timestamp 1719473009951
[2024-06-27T07:23:31.090+0000] {docker.py:436} INFO - 24/06/27 07:23:31 INFO SparkContext: Added JAR file:///opt/bitnami/spark/.ivy2/jars/org.postgresql_postgresql-42.2.2.jar at spark://localhost:34429/jars/org.postgresql_postgresql-42.2.2.jar with timestamp 1719473009951
[2024-06-27T07:23:31.090+0000] {docker.py:436} INFO - 24/06/27 07:23:31 INFO SparkContext: Added JAR file:///opt/bitnami/spark/.ivy2/jars/org.apache.spark_spark-token-provider-kafka-0-10_2.12-3.3.0.jar at spark://localhost:34429/jars/org.apache.spark_spark-token-provider-kafka-0-10_2.12-3.3.0.jar with timestamp 1719473009951
[2024-06-27T07:23:31.091+0000] {docker.py:436} INFO - 24/06/27 07:23:31 INFO SparkContext: Added JAR file:///opt/bitnami/spark/.ivy2/jars/org.apache.kafka_kafka-clients-2.8.1.jar at spark://localhost:34429/jars/org.apache.kafka_kafka-clients-2.8.1.jar with timestamp 1719473009951
[2024-06-27T07:23:31.092+0000] {docker.py:436} INFO - 24/06/27 07:23:31 INFO SparkContext: Added JAR file:///opt/bitnami/spark/.ivy2/jars/com.google.code.findbugs_jsr305-3.0.0.jar at spark://localhost:34429/jars/com.google.code.findbugs_jsr305-3.0.0.jar with timestamp 1719473009951
[2024-06-27T07:23:31.092+0000] {docker.py:436} INFO - 24/06/27 07:23:31 INFO SparkContext: Added JAR file:///opt/bitnami/spark/.ivy2/jars/org.apache.commons_commons-pool2-2.11.1.jar at spark://localhost:34429/jars/org.apache.commons_commons-pool2-2.11.1.jar with timestamp 1719473009951
[2024-06-27T07:23:31.093+0000] {docker.py:436} INFO - 24/06/27 07:23:31 INFO SparkContext: Added JAR file:///opt/bitnami/spark/.ivy2/jars/org.spark-project.spark_unused-1.0.0.jar at spark://localhost:34429/jars/org.spark-project.spark_unused-1.0.0.jar with timestamp 1719473009951
[2024-06-27T07:23:31.093+0000] {docker.py:436} INFO - 24/06/27 07:23:31 INFO SparkContext: Added JAR file:///opt/bitnami/spark/.ivy2/jars/org.apache.hadoop_hadoop-client-runtime-3.3.2.jar at spark://localhost:34429/jars/org.apache.hadoop_hadoop-client-runtime-3.3.2.jar with timestamp 1719473009951
[2024-06-27T07:23:31.094+0000] {docker.py:436} INFO - 24/06/27 07:23:31 INFO SparkContext: Added JAR file:///opt/bitnami/spark/.ivy2/jars/org.lz4_lz4-java-1.8.0.jar at spark://localhost:34429/jars/org.lz4_lz4-java-1.8.0.jar with timestamp 1719473009951
[2024-06-27T07:23:31.094+0000] {docker.py:436} INFO - 24/06/27 07:23:31 INFO SparkContext: Added JAR file:///opt/bitnami/spark/.ivy2/jars/org.xerial.snappy_snappy-java-1.1.8.4.jar at spark://localhost:34429/jars/org.xerial.snappy_snappy-java-1.1.8.4.jar with timestamp 1719473009951
[2024-06-27T07:23:31.095+0000] {docker.py:436} INFO - 24/06/27 07:23:31 INFO SparkContext: Added JAR file:///opt/bitnami/spark/.ivy2/jars/org.slf4j_slf4j-api-1.7.32.jar at spark://localhost:34429/jars/org.slf4j_slf4j-api-1.7.32.jar with timestamp 1719473009951
[2024-06-27T07:23:31.095+0000] {docker.py:436} INFO - 24/06/27 07:23:31 INFO SparkContext: Added JAR file:///opt/bitnami/spark/.ivy2/jars/org.apache.hadoop_hadoop-client-api-3.3.2.jar at spark://localhost:34429/jars/org.apache.hadoop_hadoop-client-api-3.3.2.jar with timestamp 1719473009951
[2024-06-27T07:23:31.096+0000] {docker.py:436} INFO - 24/06/27 07:23:31 INFO SparkContext: Added JAR file:///opt/bitnami/spark/.ivy2/jars/commons-logging_commons-logging-1.1.3.jar at spark://localhost:34429/jars/commons-logging_commons-logging-1.1.3.jar with timestamp 1719473009951
[2024-06-27T07:23:31.101+0000] {docker.py:436} INFO - 24/06/27 07:23:31 INFO SparkContext: Added file file:///opt/bitnami/spark/.ivy2/jars/org.apache.spark_spark-sql-kafka-0-10_2.12-3.3.0.jar at file:///opt/bitnami/spark/.ivy2/jars/org.apache.spark_spark-sql-kafka-0-10_2.12-3.3.0.jar with timestamp 1719473009951
[2024-06-27T07:23:31.107+0000] {docker.py:436} INFO - 24/06/27 07:23:31 INFO Utils: Copying /opt/bitnami/spark/.ivy2/jars/org.apache.spark_spark-sql-kafka-0-10_2.12-3.3.0.jar to /tmp/spark-1bfe2eb9-3d02-4b72-9f18-23a9cde996f4/userFiles-bd28a9f0-66ba-425d-8542-d418871ea858/org.apache.spark_spark-sql-kafka-0-10_2.12-3.3.0.jar
[2024-06-27T07:23:31.120+0000] {docker.py:436} INFO - 24/06/27 07:23:31 INFO SparkContext: Added file file:///opt/bitnami/spark/.ivy2/jars/org.postgresql_postgresql-42.2.2.jar at file:///opt/bitnami/spark/.ivy2/jars/org.postgresql_postgresql-42.2.2.jar with timestamp 1719473009951
[2024-06-27T07:23:31.121+0000] {docker.py:436} INFO - 24/06/27 07:23:31 INFO Utils: Copying /opt/bitnami/spark/.ivy2/jars/org.postgresql_postgresql-42.2.2.jar to /tmp/spark-1bfe2eb9-3d02-4b72-9f18-23a9cde996f4/userFiles-bd28a9f0-66ba-425d-8542-d418871ea858/org.postgresql_postgresql-42.2.2.jar
[2024-06-27T07:23:31.130+0000] {docker.py:436} INFO - 24/06/27 07:23:31 INFO SparkContext: Added file file:///opt/bitnami/spark/.ivy2/jars/org.apache.spark_spark-token-provider-kafka-0-10_2.12-3.3.0.jar at file:///opt/bitnami/spark/.ivy2/jars/org.apache.spark_spark-token-provider-kafka-0-10_2.12-3.3.0.jar with timestamp 1719473009951
[2024-06-27T07:23:31.131+0000] {docker.py:436} INFO - 24/06/27 07:23:31 INFO Utils: Copying /opt/bitnami/spark/.ivy2/jars/org.apache.spark_spark-token-provider-kafka-0-10_2.12-3.3.0.jar to /tmp/spark-1bfe2eb9-3d02-4b72-9f18-23a9cde996f4/userFiles-bd28a9f0-66ba-425d-8542-d418871ea858/org.apache.spark_spark-token-provider-kafka-0-10_2.12-3.3.0.jar
[2024-06-27T07:23:31.139+0000] {docker.py:436} INFO - 24/06/27 07:23:31 INFO SparkContext: Added file file:///opt/bitnami/spark/.ivy2/jars/org.apache.kafka_kafka-clients-2.8.1.jar at file:///opt/bitnami/spark/.ivy2/jars/org.apache.kafka_kafka-clients-2.8.1.jar with timestamp 1719473009951
[2024-06-27T07:23:31.140+0000] {docker.py:436} INFO - 24/06/27 07:23:31 INFO Utils: Copying /opt/bitnami/spark/.ivy2/jars/org.apache.kafka_kafka-clients-2.8.1.jar to /tmp/spark-1bfe2eb9-3d02-4b72-9f18-23a9cde996f4/userFiles-bd28a9f0-66ba-425d-8542-d418871ea858/org.apache.kafka_kafka-clients-2.8.1.jar
[2024-06-27T07:23:31.150+0000] {docker.py:436} INFO - 24/06/27 07:23:31 INFO SparkContext: Added file file:///opt/bitnami/spark/.ivy2/jars/com.google.code.findbugs_jsr305-3.0.0.jar at file:///opt/bitnami/spark/.ivy2/jars/com.google.code.findbugs_jsr305-3.0.0.jar with timestamp 1719473009951
[2024-06-27T07:23:31.151+0000] {docker.py:436} INFO - 24/06/27 07:23:31 INFO Utils: Copying /opt/bitnami/spark/.ivy2/jars/com.google.code.findbugs_jsr305-3.0.0.jar to /tmp/spark-1bfe2eb9-3d02-4b72-9f18-23a9cde996f4/userFiles-bd28a9f0-66ba-425d-8542-d418871ea858/com.google.code.findbugs_jsr305-3.0.0.jar
[2024-06-27T07:23:31.161+0000] {docker.py:436} INFO - 24/06/27 07:23:31 INFO SparkContext: Added file file:///opt/bitnami/spark/.ivy2/jars/org.apache.commons_commons-pool2-2.11.1.jar at file:///opt/bitnami/spark/.ivy2/jars/org.apache.commons_commons-pool2-2.11.1.jar with timestamp 1719473009951
[2024-06-27T07:23:31.161+0000] {docker.py:436} INFO - 24/06/27 07:23:31 INFO Utils: Copying /opt/bitnami/spark/.ivy2/jars/org.apache.commons_commons-pool2-2.11.1.jar to /tmp/spark-1bfe2eb9-3d02-4b72-9f18-23a9cde996f4/userFiles-bd28a9f0-66ba-425d-8542-d418871ea858/org.apache.commons_commons-pool2-2.11.1.jar
[2024-06-27T07:23:31.169+0000] {docker.py:436} INFO - 24/06/27 07:23:31 INFO SparkContext: Added file file:///opt/bitnami/spark/.ivy2/jars/org.spark-project.spark_unused-1.0.0.jar at file:///opt/bitnami/spark/.ivy2/jars/org.spark-project.spark_unused-1.0.0.jar with timestamp 1719473009951
[2024-06-27T07:23:31.171+0000] {docker.py:436} INFO - 24/06/27 07:23:31 INFO Utils: Copying /opt/bitnami/spark/.ivy2/jars/org.spark-project.spark_unused-1.0.0.jar to /tmp/spark-1bfe2eb9-3d02-4b72-9f18-23a9cde996f4/userFiles-bd28a9f0-66ba-425d-8542-d418871ea858/org.spark-project.spark_unused-1.0.0.jar
[2024-06-27T07:23:31.180+0000] {docker.py:436} INFO - 24/06/27 07:23:31 INFO SparkContext: Added file file:///opt/bitnami/spark/.ivy2/jars/org.apache.hadoop_hadoop-client-runtime-3.3.2.jar at file:///opt/bitnami/spark/.ivy2/jars/org.apache.hadoop_hadoop-client-runtime-3.3.2.jar with timestamp 1719473009951
[2024-06-27T07:23:31.183+0000] {docker.py:436} INFO - 24/06/27 07:23:31 INFO Utils: Copying /opt/bitnami/spark/.ivy2/jars/org.apache.hadoop_hadoop-client-runtime-3.3.2.jar to /tmp/spark-1bfe2eb9-3d02-4b72-9f18-23a9cde996f4/userFiles-bd28a9f0-66ba-425d-8542-d418871ea858/org.apache.hadoop_hadoop-client-runtime-3.3.2.jar
[2024-06-27T07:23:31.231+0000] {docker.py:436} INFO - 24/06/27 07:23:31 INFO SparkContext: Added file file:///opt/bitnami/spark/.ivy2/jars/org.lz4_lz4-java-1.8.0.jar at file:///opt/bitnami/spark/.ivy2/jars/org.lz4_lz4-java-1.8.0.jar with timestamp 1719473009951
[2024-06-27T07:23:31.232+0000] {docker.py:436} INFO - 24/06/27 07:23:31 INFO Utils: Copying /opt/bitnami/spark/.ivy2/jars/org.lz4_lz4-java-1.8.0.jar to /tmp/spark-1bfe2eb9-3d02-4b72-9f18-23a9cde996f4/userFiles-bd28a9f0-66ba-425d-8542-d418871ea858/org.lz4_lz4-java-1.8.0.jar
[2024-06-27T07:23:31.240+0000] {docker.py:436} INFO - 24/06/27 07:23:31 INFO SparkContext: Added file file:///opt/bitnami/spark/.ivy2/jars/org.xerial.snappy_snappy-java-1.1.8.4.jar at file:///opt/bitnami/spark/.ivy2/jars/org.xerial.snappy_snappy-java-1.1.8.4.jar with timestamp 1719473009951
[2024-06-27T07:23:31.242+0000] {docker.py:436} INFO - 24/06/27 07:23:31 INFO Utils: Copying /opt/bitnami/spark/.ivy2/jars/org.xerial.snappy_snappy-java-1.1.8.4.jar to /tmp/spark-1bfe2eb9-3d02-4b72-9f18-23a9cde996f4/userFiles-bd28a9f0-66ba-425d-8542-d418871ea858/org.xerial.snappy_snappy-java-1.1.8.4.jar
[2024-06-27T07:23:31.254+0000] {docker.py:436} INFO - 24/06/27 07:23:31 INFO SparkContext: Added file file:///opt/bitnami/spark/.ivy2/jars/org.slf4j_slf4j-api-1.7.32.jar at file:///opt/bitnami/spark/.ivy2/jars/org.slf4j_slf4j-api-1.7.32.jar with timestamp 1719473009951
[2024-06-27T07:23:31.255+0000] {docker.py:436} INFO - 24/06/27 07:23:31 INFO Utils: Copying /opt/bitnami/spark/.ivy2/jars/org.slf4j_slf4j-api-1.7.32.jar to /tmp/spark-1bfe2eb9-3d02-4b72-9f18-23a9cde996f4/userFiles-bd28a9f0-66ba-425d-8542-d418871ea858/org.slf4j_slf4j-api-1.7.32.jar
[2024-06-27T07:23:31.264+0000] {docker.py:436} INFO - 24/06/27 07:23:31 INFO SparkContext: Added file file:///opt/bitnami/spark/.ivy2/jars/org.apache.hadoop_hadoop-client-api-3.3.2.jar at file:///opt/bitnami/spark/.ivy2/jars/org.apache.hadoop_hadoop-client-api-3.3.2.jar with timestamp 1719473009951
[2024-06-27T07:23:31.265+0000] {docker.py:436} INFO - 24/06/27 07:23:31 INFO Utils: Copying /opt/bitnami/spark/.ivy2/jars/org.apache.hadoop_hadoop-client-api-3.3.2.jar to /tmp/spark-1bfe2eb9-3d02-4b72-9f18-23a9cde996f4/userFiles-bd28a9f0-66ba-425d-8542-d418871ea858/org.apache.hadoop_hadoop-client-api-3.3.2.jar
[2024-06-27T07:23:31.304+0000] {docker.py:436} INFO - 24/06/27 07:23:31 INFO SparkContext: Added file file:///opt/bitnami/spark/.ivy2/jars/commons-logging_commons-logging-1.1.3.jar at file:///opt/bitnami/spark/.ivy2/jars/commons-logging_commons-logging-1.1.3.jar with timestamp 1719473009951
[2024-06-27T07:23:31.305+0000] {docker.py:436} INFO - 24/06/27 07:23:31 INFO Utils: Copying /opt/bitnami/spark/.ivy2/jars/commons-logging_commons-logging-1.1.3.jar to /tmp/spark-1bfe2eb9-3d02-4b72-9f18-23a9cde996f4/userFiles-bd28a9f0-66ba-425d-8542-d418871ea858/commons-logging_commons-logging-1.1.3.jar
[2024-06-27T07:23:31.474+0000] {docker.py:436} INFO - 24/06/27 07:23:31 INFO Executor: Starting executor ID driver on host localhost
[2024-06-27T07:23:31.475+0000] {docker.py:436} INFO - 24/06/27 07:23:31 INFO Executor: OS info Linux, 6.5.0-41-generic, amd64
[2024-06-27T07:23:31.476+0000] {docker.py:436} INFO - 24/06/27 07:23:31 INFO Executor: Java version 17.0.11
[2024-06-27T07:23:31.490+0000] {docker.py:436} INFO - 24/06/27 07:23:31 INFO Executor: Starting executor with user classpath (userClassPathFirst = false): ''
[2024-06-27T07:23:31.506+0000] {docker.py:436} INFO - 24/06/27 07:23:31 INFO Executor: Created or updated repl class loader org.apache.spark.util.MutableURLClassLoader@41276854 for default.
[2024-06-27T07:23:31.516+0000] {docker.py:436} INFO - 24/06/27 07:23:31 INFO Executor: Fetching file:///opt/bitnami/spark/.ivy2/jars/org.postgresql_postgresql-42.2.2.jar with timestamp 1719473009951
[2024-06-27T07:23:31.567+0000] {docker.py:436} INFO - 24/06/27 07:23:31 INFO Utils: /opt/bitnami/spark/.ivy2/jars/org.postgresql_postgresql-42.2.2.jar has been previously copied to /tmp/spark-1bfe2eb9-3d02-4b72-9f18-23a9cde996f4/userFiles-bd28a9f0-66ba-425d-8542-d418871ea858/org.postgresql_postgresql-42.2.2.jar
[2024-06-27T07:23:31.575+0000] {docker.py:436} INFO - 24/06/27 07:23:31 INFO Executor: Fetching file:///opt/bitnami/spark/.ivy2/jars/org.apache.hadoop_hadoop-client-api-3.3.2.jar with timestamp 1719473009951
[2024-06-27T07:23:31.611+0000] {docker.py:436} INFO - 24/06/27 07:23:31 INFO Utils: /opt/bitnami/spark/.ivy2/jars/org.apache.hadoop_hadoop-client-api-3.3.2.jar has been previously copied to /tmp/spark-1bfe2eb9-3d02-4b72-9f18-23a9cde996f4/userFiles-bd28a9f0-66ba-425d-8542-d418871ea858/org.apache.hadoop_hadoop-client-api-3.3.2.jar
[2024-06-27T07:23:31.616+0000] {docker.py:436} INFO - 24/06/27 07:23:31 INFO Executor: Fetching file:///opt/bitnami/spark/.ivy2/jars/org.xerial.snappy_snappy-java-1.1.8.4.jar with timestamp 1719473009951
[2024-06-27T07:23:31.623+0000] {docker.py:436} INFO - 24/06/27 07:23:31 INFO Utils: /opt/bitnami/spark/.ivy2/jars/org.xerial.snappy_snappy-java-1.1.8.4.jar has been previously copied to /tmp/spark-1bfe2eb9-3d02-4b72-9f18-23a9cde996f4/userFiles-bd28a9f0-66ba-425d-8542-d418871ea858/org.xerial.snappy_snappy-java-1.1.8.4.jar
[2024-06-27T07:23:31.629+0000] {docker.py:436} INFO - 24/06/27 07:23:31 INFO Executor: Fetching file:///opt/bitnami/spark/.ivy2/jars/org.apache.hadoop_hadoop-client-runtime-3.3.2.jar with timestamp 1719473009951
[2024-06-27T07:23:31.661+0000] {docker.py:436} INFO - 24/06/27 07:23:31 INFO Utils: /opt/bitnami/spark/.ivy2/jars/org.apache.hadoop_hadoop-client-runtime-3.3.2.jar has been previously copied to /tmp/spark-1bfe2eb9-3d02-4b72-9f18-23a9cde996f4/userFiles-bd28a9f0-66ba-425d-8542-d418871ea858/org.apache.hadoop_hadoop-client-runtime-3.3.2.jar
[2024-06-27T07:23:32.218+0000] {docker.py:436} INFO - 24/06/27 07:23:32 INFO Executor: Fetching file:///opt/bitnami/spark/.ivy2/jars/org.apache.commons_commons-pool2-2.11.1.jar with timestamp 1719473009951
[2024-06-27T07:23:32.219+0000] {docker.py:436} INFO - 24/06/27 07:23:32 INFO Utils: /opt/bitnami/spark/.ivy2/jars/org.apache.commons_commons-pool2-2.11.1.jar has been previously copied to /tmp/spark-1bfe2eb9-3d02-4b72-9f18-23a9cde996f4/userFiles-bd28a9f0-66ba-425d-8542-d418871ea858/org.apache.commons_commons-pool2-2.11.1.jar
[2024-06-27T07:23:32.222+0000] {docker.py:436} INFO - 24/06/27 07:23:32 INFO Executor: Fetching file:///opt/bitnami/spark/.ivy2/jars/org.apache.spark_spark-token-provider-kafka-0-10_2.12-3.3.0.jar with timestamp 1719473009951
[2024-06-27T07:23:32.223+0000] {docker.py:436} INFO - 24/06/27 07:23:32 INFO Utils: /opt/bitnami/spark/.ivy2/jars/org.apache.spark_spark-token-provider-kafka-0-10_2.12-3.3.0.jar has been previously copied to /tmp/spark-1bfe2eb9-3d02-4b72-9f18-23a9cde996f4/userFiles-bd28a9f0-66ba-425d-8542-d418871ea858/org.apache.spark_spark-token-provider-kafka-0-10_2.12-3.3.0.jar
[2024-06-27T07:23:32.226+0000] {docker.py:436} INFO - 24/06/27 07:23:32 INFO Executor: Fetching file:///opt/bitnami/spark/.ivy2/jars/org.slf4j_slf4j-api-1.7.32.jar with timestamp 1719473009951
[2024-06-27T07:23:32.227+0000] {docker.py:436} INFO - 24/06/27 07:23:32 INFO Utils: /opt/bitnami/spark/.ivy2/jars/org.slf4j_slf4j-api-1.7.32.jar has been previously copied to /tmp/spark-1bfe2eb9-3d02-4b72-9f18-23a9cde996f4/userFiles-bd28a9f0-66ba-425d-8542-d418871ea858/org.slf4j_slf4j-api-1.7.32.jar
[2024-06-27T07:23:32.231+0000] {docker.py:436} INFO - 24/06/27 07:23:32 INFO Executor: Fetching file:///opt/bitnami/spark/.ivy2/jars/org.apache.spark_spark-sql-kafka-0-10_2.12-3.3.0.jar with timestamp 1719473009951
[2024-06-27T07:23:32.232+0000] {docker.py:436} INFO - 24/06/27 07:23:32 INFO Utils: /opt/bitnami/spark/.ivy2/jars/org.apache.spark_spark-sql-kafka-0-10_2.12-3.3.0.jar has been previously copied to /tmp/spark-1bfe2eb9-3d02-4b72-9f18-23a9cde996f4/userFiles-bd28a9f0-66ba-425d-8542-d418871ea858/org.apache.spark_spark-sql-kafka-0-10_2.12-3.3.0.jar
[2024-06-27T07:23:32.236+0000] {docker.py:436} INFO - 24/06/27 07:23:32 INFO Executor: Fetching file:///opt/bitnami/spark/.ivy2/jars/com.google.code.findbugs_jsr305-3.0.0.jar with timestamp 1719473009951
[2024-06-27T07:23:32.237+0000] {docker.py:436} INFO - 24/06/27 07:23:32 INFO Utils: /opt/bitnami/spark/.ivy2/jars/com.google.code.findbugs_jsr305-3.0.0.jar has been previously copied to /tmp/spark-1bfe2eb9-3d02-4b72-9f18-23a9cde996f4/userFiles-bd28a9f0-66ba-425d-8542-d418871ea858/com.google.code.findbugs_jsr305-3.0.0.jar
[2024-06-27T07:23:32.240+0000] {docker.py:436} INFO - 24/06/27 07:23:32 INFO Executor: Fetching file:///opt/bitnami/spark/.ivy2/jars/org.lz4_lz4-java-1.8.0.jar with timestamp 1719473009951
[2024-06-27T07:23:32.245+0000] {docker.py:436} INFO - 24/06/27 07:23:32 INFO Utils: /opt/bitnami/spark/.ivy2/jars/org.lz4_lz4-java-1.8.0.jar has been previously copied to /tmp/spark-1bfe2eb9-3d02-4b72-9f18-23a9cde996f4/userFiles-bd28a9f0-66ba-425d-8542-d418871ea858/org.lz4_lz4-java-1.8.0.jar
[2024-06-27T07:23:32.248+0000] {docker.py:436} INFO - 24/06/27 07:23:32 INFO Executor: Fetching file:///opt/bitnami/spark/.ivy2/jars/commons-logging_commons-logging-1.1.3.jar with timestamp 1719473009951
[2024-06-27T07:23:32.250+0000] {docker.py:436} INFO - 24/06/27 07:23:32 INFO Utils: /opt/bitnami/spark/.ivy2/jars/commons-logging_commons-logging-1.1.3.jar has been previously copied to /tmp/spark-1bfe2eb9-3d02-4b72-9f18-23a9cde996f4/userFiles-bd28a9f0-66ba-425d-8542-d418871ea858/commons-logging_commons-logging-1.1.3.jar
[2024-06-27T07:23:32.258+0000] {docker.py:436} INFO - 24/06/27 07:23:32 INFO Executor: Fetching file:///opt/bitnami/spark/.ivy2/jars/org.spark-project.spark_unused-1.0.0.jar with timestamp 1719473009951
[2024-06-27T07:23:32.258+0000] {docker.py:436} INFO - 24/06/27 07:23:32 INFO Utils: /opt/bitnami/spark/.ivy2/jars/org.spark-project.spark_unused-1.0.0.jar has been previously copied to /tmp/spark-1bfe2eb9-3d02-4b72-9f18-23a9cde996f4/userFiles-bd28a9f0-66ba-425d-8542-d418871ea858/org.spark-project.spark_unused-1.0.0.jar
[2024-06-27T07:23:32.262+0000] {docker.py:436} INFO - 24/06/27 07:23:32 INFO Executor: Fetching file:///opt/bitnami/spark/.ivy2/jars/org.apache.kafka_kafka-clients-2.8.1.jar with timestamp 1719473009951
[2024-06-27T07:23:32.271+0000] {docker.py:436} INFO - 24/06/27 07:23:32 INFO Utils: /opt/bitnami/spark/.ivy2/jars/org.apache.kafka_kafka-clients-2.8.1.jar has been previously copied to /tmp/spark-1bfe2eb9-3d02-4b72-9f18-23a9cde996f4/userFiles-bd28a9f0-66ba-425d-8542-d418871ea858/org.apache.kafka_kafka-clients-2.8.1.jar
[2024-06-27T07:23:32.283+0000] {docker.py:436} INFO - 24/06/27 07:23:32 INFO Executor: Fetching spark://localhost:34429/jars/org.lz4_lz4-java-1.8.0.jar with timestamp 1719473009951
[2024-06-27T07:23:32.346+0000] {docker.py:436} INFO - 24/06/27 07:23:32 INFO TransportClientFactory: Successfully created connection to localhost/127.0.0.1:34429 after 44 ms (0 ms spent in bootstraps)
[2024-06-27T07:23:32.357+0000] {docker.py:436} INFO - 24/06/27 07:23:32 INFO Utils: Fetching spark://localhost:34429/jars/org.lz4_lz4-java-1.8.0.jar to /tmp/spark-1bfe2eb9-3d02-4b72-9f18-23a9cde996f4/userFiles-bd28a9f0-66ba-425d-8542-d418871ea858/fetchFileTemp4720381374824746225.tmp
[2024-06-27T07:23:32.441+0000] {docker.py:436} INFO - 24/06/27 07:23:32 INFO Utils: /tmp/spark-1bfe2eb9-3d02-4b72-9f18-23a9cde996f4/userFiles-bd28a9f0-66ba-425d-8542-d418871ea858/fetchFileTemp4720381374824746225.tmp has been previously copied to /tmp/spark-1bfe2eb9-3d02-4b72-9f18-23a9cde996f4/userFiles-bd28a9f0-66ba-425d-8542-d418871ea858/org.lz4_lz4-java-1.8.0.jar
[2024-06-27T07:23:32.509+0000] {docker.py:436} INFO - 24/06/27 07:23:32 INFO Executor: Adding file:/tmp/spark-1bfe2eb9-3d02-4b72-9f18-23a9cde996f4/userFiles-bd28a9f0-66ba-425d-8542-d418871ea858/org.lz4_lz4-java-1.8.0.jar to class loader default
[2024-06-27T07:23:32.510+0000] {docker.py:436} INFO - 24/06/27 07:23:32 INFO Executor: Fetching spark://localhost:34429/jars/org.postgresql_postgresql-42.2.2.jar with timestamp 1719473009951
[2024-06-27T07:23:32.510+0000] {docker.py:436} INFO - 24/06/27 07:23:32 INFO Utils: Fetching spark://localhost:34429/jars/org.postgresql_postgresql-42.2.2.jar to /tmp/spark-1bfe2eb9-3d02-4b72-9f18-23a9cde996f4/userFiles-bd28a9f0-66ba-425d-8542-d418871ea858/fetchFileTemp3106199823446322830.tmp
[2024-06-27T07:23:32.518+0000] {docker.py:436} INFO - 24/06/27 07:23:32 INFO Utils: /tmp/spark-1bfe2eb9-3d02-4b72-9f18-23a9cde996f4/userFiles-bd28a9f0-66ba-425d-8542-d418871ea858/fetchFileTemp3106199823446322830.tmp has been previously copied to /tmp/spark-1bfe2eb9-3d02-4b72-9f18-23a9cde996f4/userFiles-bd28a9f0-66ba-425d-8542-d418871ea858/org.postgresql_postgresql-42.2.2.jar
[2024-06-27T07:23:32.579+0000] {docker.py:436} INFO - 24/06/27 07:23:32 INFO Executor: Adding file:/tmp/spark-1bfe2eb9-3d02-4b72-9f18-23a9cde996f4/userFiles-bd28a9f0-66ba-425d-8542-d418871ea858/org.postgresql_postgresql-42.2.2.jar to class loader default
[2024-06-27T07:23:32.580+0000] {docker.py:436} INFO - 24/06/27 07:23:32 INFO Executor: Fetching spark://localhost:34429/jars/org.apache.kafka_kafka-clients-2.8.1.jar with timestamp 1719473009951
[2024-06-27T07:23:32.580+0000] {docker.py:436} INFO - 24/06/27 07:23:32 INFO Utils: Fetching spark://localhost:34429/jars/org.apache.kafka_kafka-clients-2.8.1.jar to /tmp/spark-1bfe2eb9-3d02-4b72-9f18-23a9cde996f4/userFiles-bd28a9f0-66ba-425d-8542-d418871ea858/fetchFileTemp16502684182538325741.tmp
[2024-06-27T07:23:32.606+0000] {docker.py:436} INFO - 24/06/27 07:23:32 INFO Utils: /tmp/spark-1bfe2eb9-3d02-4b72-9f18-23a9cde996f4/userFiles-bd28a9f0-66ba-425d-8542-d418871ea858/fetchFileTemp16502684182538325741.tmp has been previously copied to /tmp/spark-1bfe2eb9-3d02-4b72-9f18-23a9cde996f4/userFiles-bd28a9f0-66ba-425d-8542-d418871ea858/org.apache.kafka_kafka-clients-2.8.1.jar
[2024-06-27T07:23:32.692+0000] {docker.py:436} INFO - 24/06/27 07:23:32 INFO Executor: Adding file:/tmp/spark-1bfe2eb9-3d02-4b72-9f18-23a9cde996f4/userFiles-bd28a9f0-66ba-425d-8542-d418871ea858/org.apache.kafka_kafka-clients-2.8.1.jar to class loader default
[2024-06-27T07:23:32.693+0000] {docker.py:436} INFO - 24/06/27 07:23:32 INFO Executor: Fetching spark://localhost:34429/jars/org.apache.spark_spark-token-provider-kafka-0-10_2.12-3.3.0.jar with timestamp 1719473009951
[2024-06-27T07:23:32.693+0000] {docker.py:436} INFO - 24/06/27 07:23:32 INFO Utils: Fetching spark://localhost:34429/jars/org.apache.spark_spark-token-provider-kafka-0-10_2.12-3.3.0.jar to /tmp/spark-1bfe2eb9-3d02-4b72-9f18-23a9cde996f4/userFiles-bd28a9f0-66ba-425d-8542-d418871ea858/fetchFileTemp8005744840658377301.tmp
[2024-06-27T07:23:32.695+0000] {docker.py:436} INFO - 24/06/27 07:23:32 INFO Utils: /tmp/spark-1bfe2eb9-3d02-4b72-9f18-23a9cde996f4/userFiles-bd28a9f0-66ba-425d-8542-d418871ea858/fetchFileTemp8005744840658377301.tmp has been previously copied to /tmp/spark-1bfe2eb9-3d02-4b72-9f18-23a9cde996f4/userFiles-bd28a9f0-66ba-425d-8542-d418871ea858/org.apache.spark_spark-token-provider-kafka-0-10_2.12-3.3.0.jar
[2024-06-27T07:23:32.829+0000] {docker.py:436} INFO - 24/06/27 07:23:32 INFO Executor: Adding file:/tmp/spark-1bfe2eb9-3d02-4b72-9f18-23a9cde996f4/userFiles-bd28a9f0-66ba-425d-8542-d418871ea858/org.apache.spark_spark-token-provider-kafka-0-10_2.12-3.3.0.jar to class loader default
[2024-06-27T07:23:32.830+0000] {docker.py:436} INFO - 24/06/27 07:23:32 INFO Executor: Fetching spark://localhost:34429/jars/org.apache.spark_spark-sql-kafka-0-10_2.12-3.3.0.jar with timestamp 1719473009951
24/06/27 07:23:32 INFO Utils: Fetching spark://localhost:34429/jars/org.apache.spark_spark-sql-kafka-0-10_2.12-3.3.0.jar to /tmp/spark-1bfe2eb9-3d02-4b72-9f18-23a9cde996f4/userFiles-bd28a9f0-66ba-425d-8542-d418871ea858/fetchFileTemp9613995046442150315.tmp
[2024-06-27T07:23:32.837+0000] {docker.py:436} INFO - 24/06/27 07:23:32 INFO Utils: /tmp/spark-1bfe2eb9-3d02-4b72-9f18-23a9cde996f4/userFiles-bd28a9f0-66ba-425d-8542-d418871ea858/fetchFileTemp9613995046442150315.tmp has been previously copied to /tmp/spark-1bfe2eb9-3d02-4b72-9f18-23a9cde996f4/userFiles-bd28a9f0-66ba-425d-8542-d418871ea858/org.apache.spark_spark-sql-kafka-0-10_2.12-3.3.0.jar
[2024-06-27T07:23:32.861+0000] {docker.py:436} INFO - 24/06/27 07:23:32 INFO Executor: Adding file:/tmp/spark-1bfe2eb9-3d02-4b72-9f18-23a9cde996f4/userFiles-bd28a9f0-66ba-425d-8542-d418871ea858/org.apache.spark_spark-sql-kafka-0-10_2.12-3.3.0.jar to class loader default
[2024-06-27T07:23:32.862+0000] {docker.py:436} INFO - 24/06/27 07:23:32 INFO Executor: Fetching spark://localhost:34429/jars/org.spark-project.spark_unused-1.0.0.jar with timestamp 1719473009951
[2024-06-27T07:23:32.862+0000] {docker.py:436} INFO - 24/06/27 07:23:32 INFO Utils: Fetching spark://localhost:34429/jars/org.spark-project.spark_unused-1.0.0.jar to /tmp/spark-1bfe2eb9-3d02-4b72-9f18-23a9cde996f4/userFiles-bd28a9f0-66ba-425d-8542-d418871ea858/fetchFileTemp14637807040829902862.tmp
[2024-06-27T07:23:32.864+0000] {docker.py:436} INFO - 24/06/27 07:23:32 INFO Utils: /tmp/spark-1bfe2eb9-3d02-4b72-9f18-23a9cde996f4/userFiles-bd28a9f0-66ba-425d-8542-d418871ea858/fetchFileTemp14637807040829902862.tmp has been previously copied to /tmp/spark-1bfe2eb9-3d02-4b72-9f18-23a9cde996f4/userFiles-bd28a9f0-66ba-425d-8542-d418871ea858/org.spark-project.spark_unused-1.0.0.jar
[2024-06-27T07:23:32.896+0000] {docker.py:436} INFO - 24/06/27 07:23:32 INFO Executor: Adding file:/tmp/spark-1bfe2eb9-3d02-4b72-9f18-23a9cde996f4/userFiles-bd28a9f0-66ba-425d-8542-d418871ea858/org.spark-project.spark_unused-1.0.0.jar to class loader default
[2024-06-27T07:23:32.896+0000] {docker.py:436} INFO - 24/06/27 07:23:32 INFO Executor: Fetching spark://localhost:34429/jars/org.apache.hadoop_hadoop-client-runtime-3.3.2.jar with timestamp 1719473009951
24/06/27 07:23:32 INFO Utils: Fetching spark://localhost:34429/jars/org.apache.hadoop_hadoop-client-runtime-3.3.2.jar to /tmp/spark-1bfe2eb9-3d02-4b72-9f18-23a9cde996f4/userFiles-bd28a9f0-66ba-425d-8542-d418871ea858/fetchFileTemp13607603359595842577.tmp
[2024-06-27T07:23:33.556+0000] {docker.py:436} INFO - 24/06/27 07:23:33 INFO Utils: /tmp/spark-1bfe2eb9-3d02-4b72-9f18-23a9cde996f4/userFiles-bd28a9f0-66ba-425d-8542-d418871ea858/fetchFileTemp13607603359595842577.tmp has been previously copied to /tmp/spark-1bfe2eb9-3d02-4b72-9f18-23a9cde996f4/userFiles-bd28a9f0-66ba-425d-8542-d418871ea858/org.apache.hadoop_hadoop-client-runtime-3.3.2.jar
[2024-06-27T07:23:33.565+0000] {docker.py:436} INFO - 24/06/27 07:23:33 INFO Executor: Adding file:/tmp/spark-1bfe2eb9-3d02-4b72-9f18-23a9cde996f4/userFiles-bd28a9f0-66ba-425d-8542-d418871ea858/org.apache.hadoop_hadoop-client-runtime-3.3.2.jar to class loader default
[2024-06-27T07:23:33.566+0000] {docker.py:436} INFO - 24/06/27 07:23:33 INFO Executor: Fetching spark://localhost:34429/jars/commons-logging_commons-logging-1.1.3.jar with timestamp 1719473009951
[2024-06-27T07:23:33.566+0000] {docker.py:436} INFO - 24/06/27 07:23:33 INFO Utils: Fetching spark://localhost:34429/jars/commons-logging_commons-logging-1.1.3.jar to /tmp/spark-1bfe2eb9-3d02-4b72-9f18-23a9cde996f4/userFiles-bd28a9f0-66ba-425d-8542-d418871ea858/fetchFileTemp12498467946897806181.tmp
[2024-06-27T07:23:33.568+0000] {docker.py:436} INFO - 24/06/27 07:23:33 INFO Utils: /tmp/spark-1bfe2eb9-3d02-4b72-9f18-23a9cde996f4/userFiles-bd28a9f0-66ba-425d-8542-d418871ea858/fetchFileTemp12498467946897806181.tmp has been previously copied to /tmp/spark-1bfe2eb9-3d02-4b72-9f18-23a9cde996f4/userFiles-bd28a9f0-66ba-425d-8542-d418871ea858/commons-logging_commons-logging-1.1.3.jar
[2024-06-27T07:23:33.571+0000] {docker.py:436} INFO - 24/06/27 07:23:33 INFO Executor: Adding file:/tmp/spark-1bfe2eb9-3d02-4b72-9f18-23a9cde996f4/userFiles-bd28a9f0-66ba-425d-8542-d418871ea858/commons-logging_commons-logging-1.1.3.jar to class loader default
[2024-06-27T07:23:33.572+0000] {docker.py:436} INFO - 24/06/27 07:23:33 INFO Executor: Fetching spark://localhost:34429/jars/org.slf4j_slf4j-api-1.7.32.jar with timestamp 1719473009951
[2024-06-27T07:23:33.572+0000] {docker.py:436} INFO - 24/06/27 07:23:33 INFO Utils: Fetching spark://localhost:34429/jars/org.slf4j_slf4j-api-1.7.32.jar to /tmp/spark-1bfe2eb9-3d02-4b72-9f18-23a9cde996f4/userFiles-bd28a9f0-66ba-425d-8542-d418871ea858/fetchFileTemp10523090448409133086.tmp
[2024-06-27T07:23:33.574+0000] {docker.py:436} INFO - 24/06/27 07:23:33 INFO Utils: /tmp/spark-1bfe2eb9-3d02-4b72-9f18-23a9cde996f4/userFiles-bd28a9f0-66ba-425d-8542-d418871ea858/fetchFileTemp10523090448409133086.tmp has been previously copied to /tmp/spark-1bfe2eb9-3d02-4b72-9f18-23a9cde996f4/userFiles-bd28a9f0-66ba-425d-8542-d418871ea858/org.slf4j_slf4j-api-1.7.32.jar
[2024-06-27T07:23:33.577+0000] {docker.py:436} INFO - 24/06/27 07:23:33 INFO Executor: Adding file:/tmp/spark-1bfe2eb9-3d02-4b72-9f18-23a9cde996f4/userFiles-bd28a9f0-66ba-425d-8542-d418871ea858/org.slf4j_slf4j-api-1.7.32.jar to class loader default
[2024-06-27T07:23:33.577+0000] {docker.py:436} INFO - 24/06/27 07:23:33 INFO Executor: Fetching spark://localhost:34429/jars/com.google.code.findbugs_jsr305-3.0.0.jar with timestamp 1719473009951
[2024-06-27T07:23:33.578+0000] {docker.py:436} INFO - 24/06/27 07:23:33 INFO Utils: Fetching spark://localhost:34429/jars/com.google.code.findbugs_jsr305-3.0.0.jar to /tmp/spark-1bfe2eb9-3d02-4b72-9f18-23a9cde996f4/userFiles-bd28a9f0-66ba-425d-8542-d418871ea858/fetchFileTemp18421723432272568632.tmp
[2024-06-27T07:23:33.579+0000] {docker.py:436} INFO - 24/06/27 07:23:33 INFO Utils: /tmp/spark-1bfe2eb9-3d02-4b72-9f18-23a9cde996f4/userFiles-bd28a9f0-66ba-425d-8542-d418871ea858/fetchFileTemp18421723432272568632.tmp has been previously copied to /tmp/spark-1bfe2eb9-3d02-4b72-9f18-23a9cde996f4/userFiles-bd28a9f0-66ba-425d-8542-d418871ea858/com.google.code.findbugs_jsr305-3.0.0.jar
[2024-06-27T07:23:33.583+0000] {docker.py:436} INFO - 24/06/27 07:23:33 INFO Executor: Adding file:/tmp/spark-1bfe2eb9-3d02-4b72-9f18-23a9cde996f4/userFiles-bd28a9f0-66ba-425d-8542-d418871ea858/com.google.code.findbugs_jsr305-3.0.0.jar to class loader default
[2024-06-27T07:23:33.584+0000] {docker.py:436} INFO - 24/06/27 07:23:33 INFO Executor: Fetching spark://localhost:34429/jars/org.apache.commons_commons-pool2-2.11.1.jar with timestamp 1719473009951
[2024-06-27T07:23:33.584+0000] {docker.py:436} INFO - 24/06/27 07:23:33 INFO Utils: Fetching spark://localhost:34429/jars/org.apache.commons_commons-pool2-2.11.1.jar to /tmp/spark-1bfe2eb9-3d02-4b72-9f18-23a9cde996f4/userFiles-bd28a9f0-66ba-425d-8542-d418871ea858/fetchFileTemp18010953016861364833.tmp
[2024-06-27T07:23:33.586+0000] {docker.py:436} INFO - 24/06/27 07:23:33 INFO Utils: /tmp/spark-1bfe2eb9-3d02-4b72-9f18-23a9cde996f4/userFiles-bd28a9f0-66ba-425d-8542-d418871ea858/fetchFileTemp18010953016861364833.tmp has been previously copied to /tmp/spark-1bfe2eb9-3d02-4b72-9f18-23a9cde996f4/userFiles-bd28a9f0-66ba-425d-8542-d418871ea858/org.apache.commons_commons-pool2-2.11.1.jar
[2024-06-27T07:23:33.589+0000] {docker.py:436} INFO - 24/06/27 07:23:33 INFO Executor: Adding file:/tmp/spark-1bfe2eb9-3d02-4b72-9f18-23a9cde996f4/userFiles-bd28a9f0-66ba-425d-8542-d418871ea858/org.apache.commons_commons-pool2-2.11.1.jar to class loader default
[2024-06-27T07:23:33.590+0000] {docker.py:436} INFO - 24/06/27 07:23:33 INFO Executor: Fetching spark://localhost:34429/jars/org.apache.hadoop_hadoop-client-api-3.3.2.jar with timestamp 1719473009951
[2024-06-27T07:23:33.590+0000] {docker.py:436} INFO - 24/06/27 07:23:33 INFO Utils: Fetching spark://localhost:34429/jars/org.apache.hadoop_hadoop-client-api-3.3.2.jar to /tmp/spark-1bfe2eb9-3d02-4b72-9f18-23a9cde996f4/userFiles-bd28a9f0-66ba-425d-8542-d418871ea858/fetchFileTemp6971567870047428697.tmp
[2024-06-27T07:23:33.694+0000] {docker.py:436} INFO - 24/06/27 07:23:33 INFO Utils: /tmp/spark-1bfe2eb9-3d02-4b72-9f18-23a9cde996f4/userFiles-bd28a9f0-66ba-425d-8542-d418871ea858/fetchFileTemp6971567870047428697.tmp has been previously copied to /tmp/spark-1bfe2eb9-3d02-4b72-9f18-23a9cde996f4/userFiles-bd28a9f0-66ba-425d-8542-d418871ea858/org.apache.hadoop_hadoop-client-api-3.3.2.jar
[2024-06-27T07:23:33.704+0000] {docker.py:436} INFO - 24/06/27 07:23:33 INFO Executor: Adding file:/tmp/spark-1bfe2eb9-3d02-4b72-9f18-23a9cde996f4/userFiles-bd28a9f0-66ba-425d-8542-d418871ea858/org.apache.hadoop_hadoop-client-api-3.3.2.jar to class loader default
24/06/27 07:23:33 INFO Executor: Fetching spark://localhost:34429/jars/org.xerial.snappy_snappy-java-1.1.8.4.jar with timestamp 1719473009951
24/06/27 07:23:33 INFO Utils: Fetching spark://localhost:34429/jars/org.xerial.snappy_snappy-java-1.1.8.4.jar to /tmp/spark-1bfe2eb9-3d02-4b72-9f18-23a9cde996f4/userFiles-bd28a9f0-66ba-425d-8542-d418871ea858/fetchFileTemp12400352551038801769.tmp
[2024-06-27T07:23:33.712+0000] {docker.py:436} INFO - 24/06/27 07:23:33 INFO Utils: /tmp/spark-1bfe2eb9-3d02-4b72-9f18-23a9cde996f4/userFiles-bd28a9f0-66ba-425d-8542-d418871ea858/fetchFileTemp12400352551038801769.tmp has been previously copied to /tmp/spark-1bfe2eb9-3d02-4b72-9f18-23a9cde996f4/userFiles-bd28a9f0-66ba-425d-8542-d418871ea858/org.xerial.snappy_snappy-java-1.1.8.4.jar
[2024-06-27T07:23:33.718+0000] {docker.py:436} INFO - 24/06/27 07:23:33 INFO Executor: Adding file:/tmp/spark-1bfe2eb9-3d02-4b72-9f18-23a9cde996f4/userFiles-bd28a9f0-66ba-425d-8542-d418871ea858/org.xerial.snappy_snappy-java-1.1.8.4.jar to class loader default
[2024-06-27T07:23:33.728+0000] {docker.py:436} INFO - 24/06/27 07:23:33 INFO Utils: Successfully started service 'org.apache.spark.network.netty.NettyBlockTransferService' on port 35347.
[2024-06-27T07:23:33.729+0000] {docker.py:436} INFO - 24/06/27 07:23:33 INFO NettyBlockTransferService: Server created on localhost:35347
[2024-06-27T07:23:33.731+0000] {docker.py:436} INFO - 24/06/27 07:23:33 INFO BlockManager: Using org.apache.spark.storage.RandomBlockReplicationPolicy for block replication policy
[2024-06-27T07:23:33.740+0000] {docker.py:436} INFO - 24/06/27 07:23:33 INFO BlockManagerMaster: Registering BlockManager BlockManagerId(driver, localhost, 35347, None)
[2024-06-27T07:23:33.744+0000] {docker.py:436} INFO - 24/06/27 07:23:33 INFO BlockManagerMasterEndpoint: Registering block manager localhost:35347 with 434.4 MiB RAM, BlockManagerId(driver, localhost, 35347, None)
[2024-06-27T07:23:33.749+0000] {docker.py:436} INFO - 24/06/27 07:23:33 INFO BlockManagerMaster: Registered BlockManager BlockManagerId(driver, localhost, 35347, None)
[2024-06-27T07:23:33.751+0000] {docker.py:436} INFO - 24/06/27 07:23:33 INFO BlockManager: Initialized BlockManager: BlockManagerId(driver, localhost, 35347, None)
[2024-06-27T07:23:34.227+0000] {docker.py:436} INFO - 2024-06-27 07:23:34,226:create_spark_session:INFO:Spark session created successfully
[2024-06-27T07:23:34.235+0000] {docker.py:436} INFO - 24/06/27 07:23:34 INFO SharedState: Setting hive.metastore.warehouse.dir ('null') to the value of spark.sql.warehouse.dir.
[2024-06-27T07:23:34.239+0000] {docker.py:436} INFO - 24/06/27 07:23:34 INFO SharedState: Warehouse path is 'file:/opt/bitnami/spark/spark-warehouse'.
[2024-06-27T07:23:36.350+0000] {docker.py:436} INFO - 2024-06-27 07:23:36,349:create_initial_dataframe:INFO:Initial dataframe created successfully:
[2024-06-27T07:23:37.907+0000] {docker.py:436} INFO - Traceback (most recent call last):
  File "/opt/bitnami/spark/scripts/spark_bronze_layer.py", line 161, in <module>
[2024-06-27T07:23:37.912+0000] {docker.py:436} INFO - write_to_postgres()
  File "/opt/bitnami/spark/scripts/spark_bronze_layer.py", line 156, in write_to_postgres
    query.awaitTermination()
    ^^^^^^^^^^^^^^^^^^^^^^
AttributeError: 'DataFrameWriter' object has no attribute 'awaitTermination'
2024-06-27 07:23:37,907:close:INFO:Closing down clientserver connection
[2024-06-27T07:23:38.039+0000] {docker.py:436} INFO - 24/06/27 07:23:38 INFO SparkContext: Invoking stop() from shutdown hook
[2024-06-27T07:23:38.041+0000] {docker.py:436} INFO - 24/06/27 07:23:38 INFO SparkContext: SparkContext is stopping with exitCode 0.
[2024-06-27T07:23:38.070+0000] {docker.py:436} INFO - 24/06/27 07:23:38 INFO SparkUI: Stopped Spark web UI at http://localhost:4040
[2024-06-27T07:23:38.113+0000] {docker.py:436} INFO - 24/06/27 07:23:38 INFO MapOutputTrackerMasterEndpoint: MapOutputTrackerMasterEndpoint stopped!
[2024-06-27T07:23:38.147+0000] {docker.py:436} INFO - 24/06/27 07:23:38 INFO MemoryStore: MemoryStore cleared
[2024-06-27T07:23:38.148+0000] {docker.py:436} INFO - 24/06/27 07:23:38 INFO BlockManager: BlockManager stopped
[2024-06-27T07:23:38.160+0000] {docker.py:436} INFO - 24/06/27 07:23:38 INFO BlockManagerMaster: BlockManagerMaster stopped
[2024-06-27T07:23:38.164+0000] {docker.py:436} INFO - 24/06/27 07:23:38 INFO OutputCommitCoordinator$OutputCommitCoordinatorEndpoint: OutputCommitCoordinator stopped!
[2024-06-27T07:23:38.193+0000] {docker.py:436} INFO - 24/06/27 07:23:38 INFO SparkContext: Successfully stopped SparkContext
[2024-06-27T07:23:38.194+0000] {docker.py:436} INFO - 24/06/27 07:23:38 INFO ShutdownHookManager: Shutdown hook called
[2024-06-27T07:23:38.195+0000] {docker.py:436} INFO - 24/06/27 07:23:38 INFO ShutdownHookManager: Deleting directory /tmp/spark-77953d29-dd76-4bf1-90ed-1b5eb48f3288
[2024-06-27T07:23:38.201+0000] {docker.py:436} INFO - 24/06/27 07:23:38 INFO ShutdownHookManager: Deleting directory /tmp/spark-1bfe2eb9-3d02-4b72-9f18-23a9cde996f4/pyspark-2e150ab9-9878-4f3a-ab1f-2f088572a902
[2024-06-27T07:23:38.206+0000] {docker.py:436} INFO - 24/06/27 07:23:38 INFO ShutdownHookManager: Deleting directory /tmp/spark-1bfe2eb9-3d02-4b72-9f18-23a9cde996f4
[2024-06-27T07:23:38.766+0000] {taskinstance.py:441} INFO - ::group::Post task execution logs
[2024-06-27T07:23:38.790+0000] {taskinstance.py:2905} ERROR - Task failed with exception
Traceback (most recent call last):
  File "/home/airflow/.local/lib/python3.12/site-packages/docker/api/client.py", line 265, in _raise_for_status
    response.raise_for_status()
  File "/home/airflow/.local/lib/python3.12/site-packages/requests/models.py", line 1021, in raise_for_status
    raise HTTPError(http_error_msg, response=self)
requests.exceptions.HTTPError: 400 Client Error: Bad Request for url: http://docker-proxy:2375/v1.45/containers/create

The above exception was the direct cause of the following exception:

Traceback (most recent call last):
  File "/home/airflow/.local/lib/python3.12/site-packages/airflow/providers/docker/operators/docker.py", line 371, in _run_image
    return self._run_image_with_mounts([*self.mounts, tmp_mount], add_tmp_variable=True)
           ^^^^^^^^^^^^^^^^^^^^^^^^^^^^^^^^^^^^^^^^^^^^^^^^^^^^^^^^^^^^^^^^^^^^^^^^^^^^^
  File "/home/airflow/.local/lib/python3.12/site-packages/airflow/providers/docker/operators/docker.py", line 398, in _run_image_with_mounts
    self.container = self.cli.create_container(
                     ^^^^^^^^^^^^^^^^^^^^^^^^^^
  File "/home/airflow/.local/lib/python3.12/site-packages/docker/api/container.py", line 439, in create_container
    return self.create_container_from_config(config, name, platform)
           ^^^^^^^^^^^^^^^^^^^^^^^^^^^^^^^^^^^^^^^^^^^^^^^^^^^^^^^^^
  File "/home/airflow/.local/lib/python3.12/site-packages/docker/api/container.py", line 456, in create_container_from_config
    return self._result(res, True)
           ^^^^^^^^^^^^^^^^^^^^^^^
  File "/home/airflow/.local/lib/python3.12/site-packages/docker/api/client.py", line 271, in _result
    self._raise_for_status(response)
  File "/home/airflow/.local/lib/python3.12/site-packages/docker/api/client.py", line 267, in _raise_for_status
    raise create_api_error_from_http_exception(e) from e
          ^^^^^^^^^^^^^^^^^^^^^^^^^^^^^^^^^^^^^^^
  File "/home/airflow/.local/lib/python3.12/site-packages/docker/errors.py", line 39, in create_api_error_from_http_exception
    raise cls(e, response=response, explanation=explanation) from e
docker.errors.APIError: 400 Client Error for http://docker-proxy:2375/v1.45/containers/create: Bad Request ("invalid mount config for type "bind": bind source path does not exist: /tmp/airflowtmp02r0p44v")

During handling of the above exception, another exception occurred:

Traceback (most recent call last):
  File "/home/airflow/.local/lib/python3.12/site-packages/airflow/models/taskinstance.py", line 465, in _execute_task
    result = _execute_callable(context=context, **execute_callable_kwargs)
             ^^^^^^^^^^^^^^^^^^^^^^^^^^^^^^^^^^^^^^^^^^^^^^^^^^^^^^^^^^^^^
  File "/home/airflow/.local/lib/python3.12/site-packages/airflow/models/taskinstance.py", line 432, in _execute_callable
    return execute_callable(context=context, **execute_callable_kwargs)
           ^^^^^^^^^^^^^^^^^^^^^^^^^^^^^^^^^^^^^^^^^^^^^^^^^^^^^^^^^^^^
  File "/home/airflow/.local/lib/python3.12/site-packages/airflow/models/baseoperator.py", line 400, in wrapper
    return func(self, *args, **kwargs)
           ^^^^^^^^^^^^^^^^^^^^^^^^^^^
  File "/home/airflow/.local/lib/python3.12/site-packages/airflow/providers/docker/operators/docker.py", line 509, in execute
    return self._run_image()
           ^^^^^^^^^^^^^^^^^
  File "/home/airflow/.local/lib/python3.12/site-packages/airflow/providers/docker/operators/docker.py", line 380, in _run_image
    return self._run_image_with_mounts(self.mounts, add_tmp_variable=False)
           ^^^^^^^^^^^^^^^^^^^^^^^^^^^^^^^^^^^^^^^^^^^^^^^^^^^^^^^^^^^^^^^^
  File "/home/airflow/.local/lib/python3.12/site-packages/airflow/providers/docker/operators/docker.py", line 444, in _run_image_with_mounts
    raise DockerContainerFailedException(f"Docker container failed: {result!r}", logs=log_lines)
airflow.providers.docker.exceptions.DockerContainerFailedException: Docker container failed: {'StatusCode': 1}
[2024-06-27T07:23:38.806+0000] {taskinstance.py:1206} INFO - Marking task as FAILED. dag_id=Stage_1, task_id=run_bronze_job, run_id=manual__2024-06-27T07:23:03.009639+00:00, execution_date=20240627T072303, start_date=20240627T072304, end_date=20240627T072338
[2024-06-27T07:23:38.853+0000] {standard_task_runner.py:110} ERROR - Failed to execute job 157 for task run_bronze_job (Docker container failed: {'StatusCode': 1}; 531)
[2024-06-27T07:23:38.876+0000] {local_task_job_runner.py:240} INFO - Task exited with return code 1
[2024-06-27T07:23:38.896+0000] {taskinstance.py:3498} INFO - 0 downstream tasks scheduled from follow-on schedule check
[2024-06-27T07:23:38.901+0000] {local_task_job_runner.py:222} INFO - ::endgroup::
