[2024-06-27T08:04:36.889+0000] {local_task_job_runner.py:120} INFO - ::group::Pre task execution logs
[2024-06-27T08:04:36.927+0000] {taskinstance.py:2076} INFO - Dependencies all met for dep_context=non-requeueable deps ti=<TaskInstance: Stage_1.run_bronze_job manual__2024-06-27T08:04:30.023742+00:00 [queued]>
[2024-06-27T08:04:36.940+0000] {taskinstance.py:2076} INFO - Dependencies all met for dep_context=requeueable deps ti=<TaskInstance: Stage_1.run_bronze_job manual__2024-06-27T08:04:30.023742+00:00 [queued]>
[2024-06-27T08:04:36.940+0000] {taskinstance.py:2306} INFO - Starting attempt 1 of 1
[2024-06-27T08:04:36.966+0000] {taskinstance.py:2330} INFO - Executing <Task(DockerOperator): run_bronze_job> on 2024-06-27 08:04:30.023742+00:00
[2024-06-27T08:04:36.978+0000] {logging_mixin.py:188} WARNING - /home/***/.local/lib/python3.12/site-packages/***/task/task_runner/standard_task_runner.py:61 DeprecationWarning: This process (pid=1099) is multi-threaded, use of fork() may lead to deadlocks in the child.
[2024-06-27T08:04:36.980+0000] {standard_task_runner.py:63} INFO - Started process 1100 to run task
[2024-06-27T08:04:36.980+0000] {standard_task_runner.py:90} INFO - Running: ['***', 'tasks', 'run', 'Stage_1', 'run_bronze_job', 'manual__2024-06-27T08:04:30.023742+00:00', '--job-id', '231', '--raw', '--subdir', 'DAGS_FOLDER/kafka_dag.py', '--cfg-path', '/tmp/tmpmht4809u']
[2024-06-27T08:04:36.983+0000] {standard_task_runner.py:91} INFO - Job 231: Subtask run_bronze_job
[2024-06-27T08:04:37.003+0000] {logging_mixin.py:188} WARNING - /home/***/.local/lib/python3.12/site-packages/***/settings.py:195 DeprecationWarning: The sql_alchemy_conn option in [core] has been moved to the sql_alchemy_conn option in [database] - the old setting has been used, but please update your config.
[2024-06-27T08:04:37.076+0000] {task_command.py:426} INFO - Running <TaskInstance: Stage_1.run_bronze_job manual__2024-06-27T08:04:30.023742+00:00 [running]> on host 08bfa8b73cac
[2024-06-27T08:04:37.218+0000] {taskinstance.py:2648} INFO - Exporting env vars: AIRFLOW_CTX_DAG_OWNER='***' AIRFLOW_CTX_DAG_ID='Stage_1' AIRFLOW_CTX_TASK_ID='run_bronze_job' AIRFLOW_CTX_EXECUTION_DATE='2024-06-27T08:04:30.023742+00:00' AIRFLOW_CTX_TRY_NUMBER='1' AIRFLOW_CTX_DAG_RUN_ID='manual__2024-06-27T08:04:30.023742+00:00'
[2024-06-27T08:04:37.219+0000] {taskinstance.py:430} INFO - ::endgroup::
[2024-06-27T08:04:37.252+0000] {docker.py:366} INFO - Starting docker container from image bitnami/spark:latest
[2024-06-27T08:04:37.255+0000] {docker.py:374} WARNING - Using remote engine or docker-in-docker and mounting temporary volume from host is not supported. Falling back to `mount_tmp_dir=False` mode. You can set `mount_tmp_dir` parameter to False to disable mounting and remove the warning
[2024-06-27T08:04:37.729+0000] {docker.py:436} INFO - [38;5;6mspark [38;5;5m08:04:37.72 [0m[38;5;2mINFO [0m ==>
[2024-06-27T08:04:37.732+0000] {docker.py:436} INFO - [38;5;6mspark [38;5;5m08:04:37.72 [0m[38;5;2mINFO [0m ==> [1mWelcome to the Bitnami spark container[0m
[2024-06-27T08:04:37.733+0000] {docker.py:436} INFO - [38;5;6mspark [38;5;5m08:04:37.73 [0m[38;5;2mINFO [0m ==> Subscribe to project updates by watching [1mhttps://github.com/bitnami/containers[0m
[2024-06-27T08:04:37.735+0000] {docker.py:436} INFO - [38;5;6mspark [38;5;5m08:04:37.73 [0m[38;5;2mINFO [0m ==> Submit issues and feature requests at [1mhttps://github.com/bitnami/containers/issues[0m
[2024-06-27T08:04:37.737+0000] {docker.py:436} INFO - [38;5;6mspark [38;5;5m08:04:37.73 [0m[38;5;2mINFO [0m ==> Upgrade to Tanzu Application Catalog for production environments to access custom-configured and pre-packaged software components. Gain enhanced features, including Software Bill of Materials (SBOM), CVE scan result reports, and VEX documents. To learn more, visit [1mhttps://bitnami.com/enterprise[0m
[2024-06-27T08:04:37.740+0000] {docker.py:436} INFO - [38;5;6mspark [38;5;5m08:04:37.73 [0m[38;5;2mINFO [0m ==>
[2024-06-27T08:04:37.751+0000] {docker.py:436} INFO - 
[2024-06-27T08:04:39.999+0000] {docker.py:436} INFO - :: loading settings :: url = jar:file:/opt/bitnami/spark/jars/ivy-2.5.1.jar!/org/apache/ivy/core/settings/ivysettings.xml
[2024-06-27T08:04:40.100+0000] {docker.py:436} INFO - Ivy Default Cache set to: /opt/bitnami/spark/.ivy2/cache
The jars for the packages stored in: /opt/bitnami/spark/.ivy2/jars
[2024-06-27T08:04:40.121+0000] {docker.py:436} INFO - org.apache.spark#spark-sql-kafka-0-10_2.12 added as a dependency
[2024-06-27T08:04:40.122+0000] {docker.py:436} INFO - org.postgresql#postgresql added as a dependency
[2024-06-27T08:04:40.123+0000] {docker.py:436} INFO - :: resolving dependencies :: org.apache.spark#spark-submit-parent-77df3597-39dd-4f8b-8c94-425602440f81;1.0
	confs: [default]
[2024-06-27T08:04:41.690+0000] {docker.py:436} INFO - found org.apache.spark#spark-sql-kafka-0-10_2.12;3.3.0 in central
[2024-06-27T08:04:42.116+0000] {docker.py:436} INFO - found org.apache.spark#spark-token-provider-kafka-0-10_2.12;3.3.0 in central
[2024-06-27T08:04:42.183+0000] {docker.py:436} INFO - found org.apache.kafka#kafka-clients;2.8.1 in central
[2024-06-27T08:04:42.251+0000] {docker.py:436} INFO - found org.lz4#lz4-java;1.8.0 in central
[2024-06-27T08:04:42.323+0000] {docker.py:436} INFO - found org.xerial.snappy#snappy-java;1.1.8.4 in central
[2024-06-27T08:04:43.271+0000] {docker.py:436} INFO - found org.slf4j#slf4j-api;1.7.32 in central
[2024-06-27T08:04:44.914+0000] {docker.py:436} INFO - found org.apache.hadoop#hadoop-client-runtime;3.3.2 in central
[2024-06-27T08:04:45.052+0000] {docker.py:436} INFO - found org.spark-project.spark#unused;1.0.0 in central
[2024-06-27T08:04:45.186+0000] {docker.py:436} INFO - found org.apache.hadoop#hadoop-client-api;3.3.2 in central
[2024-06-27T08:04:45.419+0000] {docker.py:436} INFO - found commons-logging#commons-logging;1.1.3 in central
[2024-06-27T08:04:45.492+0000] {docker.py:436} INFO - found com.google.code.findbugs#jsr305;3.0.0 in central
[2024-06-27T08:04:46.699+0000] {docker.py:436} INFO - found org.apache.commons#commons-pool2;2.11.1 in central
[2024-06-27T08:04:48.544+0000] {docker.py:436} INFO - found org.postgresql#postgresql;42.2.2 in central
[2024-06-27T08:04:48.569+0000] {docker.py:436} INFO - downloading https://repo1.maven.org/maven2/org/apache/spark/spark-sql-kafka-0-10_2.12/3.3.0/spark-sql-kafka-0-10_2.12-3.3.0.jar ...
[2024-06-27T08:04:48.630+0000] {docker.py:436} INFO - [SUCCESSFUL ] org.apache.spark#spark-sql-kafka-0-10_2.12;3.3.0!spark-sql-kafka-0-10_2.12.jar (71ms)
[2024-06-27T08:04:48.646+0000] {docker.py:436} INFO - downloading https://repo1.maven.org/maven2/org/postgresql/postgresql/42.2.2/postgresql-42.2.2.jar ...
[2024-06-27T08:04:48.737+0000] {docker.py:436} INFO - [SUCCESSFUL ] org.postgresql#postgresql;42.2.2!postgresql.jar(bundle) (105ms)
[2024-06-27T08:04:48.753+0000] {docker.py:436} INFO - downloading https://repo1.maven.org/maven2/org/apache/spark/spark-token-provider-kafka-0-10_2.12/3.3.0/spark-token-provider-kafka-0-10_2.12-3.3.0.jar ...
[2024-06-27T08:04:48.772+0000] {docker.py:436} INFO - [SUCCESSFUL ] org.apache.spark#spark-token-provider-kafka-0-10_2.12;3.3.0!spark-token-provider-kafka-0-10_2.12.jar (33ms)
[2024-06-27T08:04:48.783+0000] {docker.py:436} INFO - downloading https://repo1.maven.org/maven2/org/apache/kafka/kafka-clients/2.8.1/kafka-clients-2.8.1.jar ...
[2024-06-27T08:04:49.405+0000] {docker.py:436} INFO - [SUCCESSFUL ] org.apache.kafka#kafka-clients;2.8.1!kafka-clients.jar (630ms)
[2024-06-27T08:04:49.418+0000] {docker.py:436} INFO - downloading https://repo1.maven.org/maven2/com/google/code/findbugs/jsr305/3.0.0/jsr305-3.0.0.jar ...
[2024-06-27T08:04:49.437+0000] {docker.py:436} INFO - [SUCCESSFUL ] com.google.code.findbugs#jsr305;3.0.0!jsr305.jar (29ms)
[2024-06-27T08:04:49.466+0000] {docker.py:436} INFO - downloading https://repo1.maven.org/maven2/org/apache/commons/commons-pool2/2.11.1/commons-pool2-2.11.1.jar ...
[2024-06-27T08:04:49.504+0000] {docker.py:436} INFO - [SUCCESSFUL ] org.apache.commons#commons-pool2;2.11.1!commons-pool2.jar (68ms)
[2024-06-27T08:04:49.516+0000] {docker.py:436} INFO - downloading https://repo1.maven.org/maven2/org/spark-project/spark/unused/1.0.0/unused-1.0.0.jar ...
[2024-06-27T08:04:49.526+0000] {docker.py:436} INFO - [SUCCESSFUL ] org.spark-project.spark#unused;1.0.0!unused.jar (20ms)
[2024-06-27T08:04:49.537+0000] {docker.py:436} INFO - downloading https://repo1.maven.org/maven2/org/apache/hadoop/hadoop-client-runtime/3.3.2/hadoop-client-runtime-3.3.2.jar ...
[2024-06-27T08:04:53.192+0000] {docker.py:436} INFO - [SUCCESSFUL ] org.apache.hadoop#hadoop-client-runtime;3.3.2!hadoop-client-runtime.jar (3666ms)
[2024-06-27T08:04:53.212+0000] {docker.py:436} INFO - downloading https://repo1.maven.org/maven2/org/lz4/lz4-java/1.8.0/lz4-java-1.8.0.jar ...
[2024-06-27T08:04:53.292+0000] {docker.py:436} INFO - [SUCCESSFUL ] org.lz4#lz4-java;1.8.0!lz4-java.jar (98ms)
[2024-06-27T08:04:53.311+0000] {docker.py:436} INFO - downloading https://repo1.maven.org/maven2/org/xerial/snappy/snappy-java/1.1.8.4/snappy-java-1.1.8.4.jar ...
[2024-06-27T08:04:53.546+0000] {docker.py:436} INFO - [SUCCESSFUL ] org.xerial.snappy#snappy-java;1.1.8.4!snappy-java.jar(bundle) (251ms)
[2024-06-27T08:04:53.555+0000] {docker.py:436} INFO - downloading https://repo1.maven.org/maven2/org/slf4j/slf4j-api/1.7.32/slf4j-api-1.7.32.jar ...
[2024-06-27T08:04:53.571+0000] {docker.py:436} INFO - [SUCCESSFUL ] org.slf4j#slf4j-api;1.7.32!slf4j-api.jar (23ms)
[2024-06-27T08:04:53.581+0000] {docker.py:436} INFO - downloading https://repo1.maven.org/maven2/org/apache/hadoop/hadoop-client-api/3.3.2/hadoop-client-api-3.3.2.jar ...
[2024-06-27T08:04:55.787+0000] {docker.py:436} INFO - [SUCCESSFUL ] org.apache.hadoop#hadoop-client-api;3.3.2!hadoop-client-api.jar (2215ms)
[2024-06-27T08:04:55.799+0000] {docker.py:436} INFO - downloading https://repo1.maven.org/maven2/commons-logging/commons-logging/1.1.3/commons-logging-1.1.3.jar ...
[2024-06-27T08:04:55.815+0000] {docker.py:436} INFO - [SUCCESSFUL ] commons-logging#commons-logging;1.1.3!commons-logging.jar (27ms)
[2024-06-27T08:04:55.816+0000] {docker.py:436} INFO - :: resolution report :: resolve 8436ms :: artifacts dl 7257ms
[2024-06-27T08:04:55.816+0000] {docker.py:436} INFO - :: modules in use:
[2024-06-27T08:04:55.817+0000] {docker.py:436} INFO - com.google.code.findbugs#jsr305;3.0.0 from central in [default]
[2024-06-27T08:04:55.817+0000] {docker.py:436} INFO - commons-logging#commons-logging;1.1.3 from central in [default]
[2024-06-27T08:04:55.818+0000] {docker.py:436} INFO - org.apache.commons#commons-pool2;2.11.1 from central in [default]
[2024-06-27T08:04:55.818+0000] {docker.py:436} INFO - org.apache.hadoop#hadoop-client-api;3.3.2 from central in [default]
	org.apache.hadoop#hadoop-client-runtime;3.3.2 from central in [default]
[2024-06-27T08:04:55.819+0000] {docker.py:436} INFO - org.apache.kafka#kafka-clients;2.8.1 from central in [default]
[2024-06-27T08:04:55.819+0000] {docker.py:436} INFO - org.apache.spark#spark-sql-kafka-0-10_2.12;3.3.0 from central in [default]
	org.apache.spark#spark-token-provider-kafka-0-10_2.12;3.3.0 from central in [default]
[2024-06-27T08:04:55.820+0000] {docker.py:436} INFO - org.lz4#lz4-java;1.8.0 from central in [default]
[2024-06-27T08:04:55.820+0000] {docker.py:436} INFO - org.postgresql#postgresql;42.2.2 from central in [default]
[2024-06-27T08:04:55.821+0000] {docker.py:436} INFO - org.slf4j#slf4j-api;1.7.32 from central in [default]
[2024-06-27T08:04:55.821+0000] {docker.py:436} INFO - org.spark-project.spark#unused;1.0.0 from central in [default]
	org.xerial.snappy#snappy-java;1.1.8.4 from central in [default]
[2024-06-27T08:04:55.821+0000] {docker.py:436} INFO - ---------------------------------------------------------------------
[2024-06-27T08:04:55.822+0000] {docker.py:436} INFO - |                  |            modules            ||   artifacts   |
	|       conf       | number| search|dwnlded|evicted|| number|dwnlded|
	---------------------------------------------------------------------
[2024-06-27T08:04:55.822+0000] {docker.py:436} INFO - |      default     |   13  |   13  |   13  |   0   ||   13  |   13  |
	---------------------------------------------------------------------
[2024-06-27T08:04:55.825+0000] {docker.py:436} INFO - :: retrieving :: org.apache.spark#spark-submit-parent-77df3597-39dd-4f8b-8c94-425602440f81
	confs: [default]
[2024-06-27T08:04:55.904+0000] {docker.py:436} INFO - 13 artifacts copied, 0 already retrieved (57403kB/79ms)
[2024-06-27T08:04:56.239+0000] {docker.py:436} INFO - 24/06/27 08:04:56 WARN NativeCodeLoader: Unable to load native-hadoop library for your platform... using builtin-java classes where applicable
[2024-06-27T08:04:57.716+0000] {docker.py:436} INFO - 24/06/27 08:04:57 INFO SparkContext: Running Spark version 3.5.1
[2024-06-27T08:04:57.717+0000] {docker.py:436} INFO - 24/06/27 08:04:57 INFO SparkContext: OS info Linux, 6.5.0-41-generic, amd64
[2024-06-27T08:04:57.718+0000] {docker.py:436} INFO - 24/06/27 08:04:57 INFO SparkContext: Java version 17.0.11
[2024-06-27T08:04:57.757+0000] {docker.py:436} INFO - 24/06/27 08:04:57 INFO ResourceUtils: ==============================================================
[2024-06-27T08:04:57.757+0000] {docker.py:436} INFO - 24/06/27 08:04:57 INFO ResourceUtils: No custom resources configured for spark.driver.
[2024-06-27T08:04:57.758+0000] {docker.py:436} INFO - 24/06/27 08:04:57 INFO ResourceUtils: ==============================================================
[2024-06-27T08:04:57.759+0000] {docker.py:436} INFO - 24/06/27 08:04:57 INFO SparkContext: Submitted application: PostgreSQL Connection with PySpark
[2024-06-27T08:04:57.816+0000] {docker.py:436} INFO - 24/06/27 08:04:57 INFO ResourceProfile: Default ResourceProfile created, executor resources: Map(cores -> name: cores, amount: 1, script: , vendor: , memory -> name: memory, amount: 1024, script: , vendor: , offHeap -> name: offHeap, amount: 0, script: , vendor: ), task resources: Map(cpus -> name: cpus, amount: 1.0)
[2024-06-27T08:04:57.829+0000] {docker.py:436} INFO - 24/06/27 08:04:57 INFO ResourceProfile: Limiting resource is cpu
[2024-06-27T08:04:57.830+0000] {docker.py:436} INFO - 24/06/27 08:04:57 INFO ResourceProfileManager: Added ResourceProfile id: 0
[2024-06-27T08:04:57.894+0000] {docker.py:436} INFO - 24/06/27 08:04:57 INFO SecurityManager: Changing view acls to: spark
[2024-06-27T08:04:57.894+0000] {docker.py:436} INFO - 24/06/27 08:04:57 INFO SecurityManager: Changing modify acls to: spark
[2024-06-27T08:04:57.895+0000] {docker.py:436} INFO - 24/06/27 08:04:57 INFO SecurityManager: Changing view acls groups to:
[2024-06-27T08:04:57.896+0000] {docker.py:436} INFO - 24/06/27 08:04:57 INFO SecurityManager: Changing modify acls groups to:
[2024-06-27T08:04:57.897+0000] {docker.py:436} INFO - 24/06/27 08:04:57 INFO SecurityManager: SecurityManager: authentication disabled; ui acls disabled; users with view permissions: spark; groups with view permissions: EMPTY; users with modify permissions: spark; groups with modify permissions: EMPTY
[2024-06-27T08:04:58.282+0000] {docker.py:436} INFO - 24/06/27 08:04:58 INFO Utils: Successfully started service 'sparkDriver' on port 40613.
[2024-06-27T08:04:58.328+0000] {docker.py:436} INFO - 24/06/27 08:04:58 INFO SparkEnv: Registering MapOutputTracker
[2024-06-27T08:04:58.398+0000] {docker.py:436} INFO - 24/06/27 08:04:58 INFO SparkEnv: Registering BlockManagerMaster
[2024-06-27T08:04:58.428+0000] {docker.py:436} INFO - 24/06/27 08:04:58 INFO BlockManagerMasterEndpoint: Using org.apache.spark.storage.DefaultTopologyMapper for getting topology information
[2024-06-27T08:04:58.431+0000] {docker.py:436} INFO - 24/06/27 08:04:58 INFO BlockManagerMasterEndpoint: BlockManagerMasterEndpoint up
[2024-06-27T08:04:58.437+0000] {docker.py:436} INFO - 24/06/27 08:04:58 INFO SparkEnv: Registering BlockManagerMasterHeartbeat
[2024-06-27T08:04:58.468+0000] {docker.py:436} INFO - 24/06/27 08:04:58 INFO DiskBlockManager: Created local directory at /tmp/blockmgr-d708c8fa-9a68-43ff-8334-147a75c9b354
[2024-06-27T08:04:58.492+0000] {docker.py:436} INFO - 24/06/27 08:04:58 INFO MemoryStore: MemoryStore started with capacity 434.4 MiB
[2024-06-27T08:04:58.517+0000] {docker.py:436} INFO - 24/06/27 08:04:58 INFO SparkEnv: Registering OutputCommitCoordinator
[2024-06-27T08:04:58.694+0000] {docker.py:436} INFO - 24/06/27 08:04:58 INFO JettyUtils: Start Jetty 0.0.0.0:4040 for SparkUI
[2024-06-27T08:04:58.835+0000] {docker.py:436} INFO - 24/06/27 08:04:58 INFO Utils: Successfully started service 'SparkUI' on port 4040.
[2024-06-27T08:04:58.902+0000] {docker.py:436} INFO - 24/06/27 08:04:58 INFO SparkContext: Added JAR file:///opt/bitnami/spark/.ivy2/jars/org.apache.spark_spark-sql-kafka-0-10_2.12-3.3.0.jar at spark://localhost:40613/jars/org.apache.spark_spark-sql-kafka-0-10_2.12-3.3.0.jar with timestamp 1719475497705
[2024-06-27T08:04:58.903+0000] {docker.py:436} INFO - 24/06/27 08:04:58 INFO SparkContext: Added JAR file:///opt/bitnami/spark/.ivy2/jars/org.postgresql_postgresql-42.2.2.jar at spark://localhost:40613/jars/org.postgresql_postgresql-42.2.2.jar with timestamp 1719475497705
[2024-06-27T08:04:58.904+0000] {docker.py:436} INFO - 24/06/27 08:04:58 INFO SparkContext: Added JAR file:///opt/bitnami/spark/.ivy2/jars/org.apache.spark_spark-token-provider-kafka-0-10_2.12-3.3.0.jar at spark://localhost:40613/jars/org.apache.spark_spark-token-provider-kafka-0-10_2.12-3.3.0.jar with timestamp 1719475497705
[2024-06-27T08:04:58.905+0000] {docker.py:436} INFO - 24/06/27 08:04:58 INFO SparkContext: Added JAR file:///opt/bitnami/spark/.ivy2/jars/org.apache.kafka_kafka-clients-2.8.1.jar at spark://localhost:40613/jars/org.apache.kafka_kafka-clients-2.8.1.jar with timestamp 1719475497705
[2024-06-27T08:04:58.906+0000] {docker.py:436} INFO - 24/06/27 08:04:58 INFO SparkContext: Added JAR file:///opt/bitnami/spark/.ivy2/jars/com.google.code.findbugs_jsr305-3.0.0.jar at spark://localhost:40613/jars/com.google.code.findbugs_jsr305-3.0.0.jar with timestamp 1719475497705
[2024-06-27T08:04:58.907+0000] {docker.py:436} INFO - 24/06/27 08:04:58 INFO SparkContext: Added JAR file:///opt/bitnami/spark/.ivy2/jars/org.apache.commons_commons-pool2-2.11.1.jar at spark://localhost:40613/jars/org.apache.commons_commons-pool2-2.11.1.jar with timestamp 1719475497705
[2024-06-27T08:04:58.907+0000] {docker.py:436} INFO - 24/06/27 08:04:58 INFO SparkContext: Added JAR file:///opt/bitnami/spark/.ivy2/jars/org.spark-project.spark_unused-1.0.0.jar at spark://localhost:40613/jars/org.spark-project.spark_unused-1.0.0.jar with timestamp 1719475497705
[2024-06-27T08:04:58.908+0000] {docker.py:436} INFO - 24/06/27 08:04:58 INFO SparkContext: Added JAR file:///opt/bitnami/spark/.ivy2/jars/org.apache.hadoop_hadoop-client-runtime-3.3.2.jar at spark://localhost:40613/jars/org.apache.hadoop_hadoop-client-runtime-3.3.2.jar with timestamp 1719475497705
[2024-06-27T08:04:58.909+0000] {docker.py:436} INFO - 24/06/27 08:04:58 INFO SparkContext: Added JAR file:///opt/bitnami/spark/.ivy2/jars/org.lz4_lz4-java-1.8.0.jar at spark://localhost:40613/jars/org.lz4_lz4-java-1.8.0.jar with timestamp 1719475497705
[2024-06-27T08:04:58.910+0000] {docker.py:436} INFO - 24/06/27 08:04:58 INFO SparkContext: Added JAR file:///opt/bitnami/spark/.ivy2/jars/org.xerial.snappy_snappy-java-1.1.8.4.jar at spark://localhost:40613/jars/org.xerial.snappy_snappy-java-1.1.8.4.jar with timestamp 1719475497705
[2024-06-27T08:04:58.911+0000] {docker.py:436} INFO - 24/06/27 08:04:58 INFO SparkContext: Added JAR file:///opt/bitnami/spark/.ivy2/jars/org.slf4j_slf4j-api-1.7.32.jar at spark://localhost:40613/jars/org.slf4j_slf4j-api-1.7.32.jar with timestamp 1719475497705
[2024-06-27T08:04:58.912+0000] {docker.py:436} INFO - 24/06/27 08:04:58 INFO SparkContext: Added JAR file:///opt/bitnami/spark/.ivy2/jars/org.apache.hadoop_hadoop-client-api-3.3.2.jar at spark://localhost:40613/jars/org.apache.hadoop_hadoop-client-api-3.3.2.jar with timestamp 1719475497705
[2024-06-27T08:04:58.921+0000] {docker.py:436} INFO - 24/06/27 08:04:58 INFO SparkContext: Added JAR file:///opt/bitnami/spark/.ivy2/jars/commons-logging_commons-logging-1.1.3.jar at spark://localhost:40613/jars/commons-logging_commons-logging-1.1.3.jar with timestamp 1719475497705
[2024-06-27T08:04:58.921+0000] {docker.py:436} INFO - 24/06/27 08:04:58 INFO SparkContext: Added file file:///opt/bitnami/spark/.ivy2/jars/org.apache.spark_spark-sql-kafka-0-10_2.12-3.3.0.jar at file:///opt/bitnami/spark/.ivy2/jars/org.apache.spark_spark-sql-kafka-0-10_2.12-3.3.0.jar with timestamp 1719475497705
[2024-06-27T08:04:58.922+0000] {docker.py:436} INFO - 24/06/27 08:04:58 INFO Utils: Copying /opt/bitnami/spark/.ivy2/jars/org.apache.spark_spark-sql-kafka-0-10_2.12-3.3.0.jar to /tmp/spark-bc1de3f6-50df-43d1-9b60-6767ce1db13a/userFiles-4b3166ab-e3eb-4cd1-b09e-78279c0ef2c1/org.apache.spark_spark-sql-kafka-0-10_2.12-3.3.0.jar
[2024-06-27T08:04:58.935+0000] {docker.py:436} INFO - 24/06/27 08:04:58 INFO SparkContext: Added file file:///opt/bitnami/spark/.ivy2/jars/org.postgresql_postgresql-42.2.2.jar at file:///opt/bitnami/spark/.ivy2/jars/org.postgresql_postgresql-42.2.2.jar with timestamp 1719475497705
[2024-06-27T08:04:58.936+0000] {docker.py:436} INFO - 24/06/27 08:04:58 INFO Utils: Copying /opt/bitnami/spark/.ivy2/jars/org.postgresql_postgresql-42.2.2.jar to /tmp/spark-bc1de3f6-50df-43d1-9b60-6767ce1db13a/userFiles-4b3166ab-e3eb-4cd1-b09e-78279c0ef2c1/org.postgresql_postgresql-42.2.2.jar
[2024-06-27T08:04:58.944+0000] {docker.py:436} INFO - 24/06/27 08:04:58 INFO SparkContext: Added file file:///opt/bitnami/spark/.ivy2/jars/org.apache.spark_spark-token-provider-kafka-0-10_2.12-3.3.0.jar at file:///opt/bitnami/spark/.ivy2/jars/org.apache.spark_spark-token-provider-kafka-0-10_2.12-3.3.0.jar with timestamp 1719475497705
[2024-06-27T08:04:58.946+0000] {docker.py:436} INFO - 24/06/27 08:04:58 INFO Utils: Copying /opt/bitnami/spark/.ivy2/jars/org.apache.spark_spark-token-provider-kafka-0-10_2.12-3.3.0.jar to /tmp/spark-bc1de3f6-50df-43d1-9b60-6767ce1db13a/userFiles-4b3166ab-e3eb-4cd1-b09e-78279c0ef2c1/org.apache.spark_spark-token-provider-kafka-0-10_2.12-3.3.0.jar
[2024-06-27T08:04:58.955+0000] {docker.py:436} INFO - 24/06/27 08:04:58 INFO SparkContext: Added file file:///opt/bitnami/spark/.ivy2/jars/org.apache.kafka_kafka-clients-2.8.1.jar at file:///opt/bitnami/spark/.ivy2/jars/org.apache.kafka_kafka-clients-2.8.1.jar with timestamp 1719475497705
[2024-06-27T08:04:58.955+0000] {docker.py:436} INFO - 24/06/27 08:04:58 INFO Utils: Copying /opt/bitnami/spark/.ivy2/jars/org.apache.kafka_kafka-clients-2.8.1.jar to /tmp/spark-bc1de3f6-50df-43d1-9b60-6767ce1db13a/userFiles-4b3166ab-e3eb-4cd1-b09e-78279c0ef2c1/org.apache.kafka_kafka-clients-2.8.1.jar
[2024-06-27T08:04:58.970+0000] {docker.py:436} INFO - 24/06/27 08:04:58 INFO SparkContext: Added file file:///opt/bitnami/spark/.ivy2/jars/com.google.code.findbugs_jsr305-3.0.0.jar at file:///opt/bitnami/spark/.ivy2/jars/com.google.code.findbugs_jsr305-3.0.0.jar with timestamp 1719475497705
[2024-06-27T08:04:58.971+0000] {docker.py:436} INFO - 24/06/27 08:04:58 INFO Utils: Copying /opt/bitnami/spark/.ivy2/jars/com.google.code.findbugs_jsr305-3.0.0.jar to /tmp/spark-bc1de3f6-50df-43d1-9b60-6767ce1db13a/userFiles-4b3166ab-e3eb-4cd1-b09e-78279c0ef2c1/com.google.code.findbugs_jsr305-3.0.0.jar
[2024-06-27T08:04:58.978+0000] {docker.py:436} INFO - 24/06/27 08:04:58 INFO SparkContext: Added file file:///opt/bitnami/spark/.ivy2/jars/org.apache.commons_commons-pool2-2.11.1.jar at file:///opt/bitnami/spark/.ivy2/jars/org.apache.commons_commons-pool2-2.11.1.jar with timestamp 1719475497705
[2024-06-27T08:04:58.979+0000] {docker.py:436} INFO - 24/06/27 08:04:58 INFO Utils: Copying /opt/bitnami/spark/.ivy2/jars/org.apache.commons_commons-pool2-2.11.1.jar to /tmp/spark-bc1de3f6-50df-43d1-9b60-6767ce1db13a/userFiles-4b3166ab-e3eb-4cd1-b09e-78279c0ef2c1/org.apache.commons_commons-pool2-2.11.1.jar
[2024-06-27T08:04:58.986+0000] {docker.py:436} INFO - 24/06/27 08:04:58 INFO SparkContext: Added file file:///opt/bitnami/spark/.ivy2/jars/org.spark-project.spark_unused-1.0.0.jar at file:///opt/bitnami/spark/.ivy2/jars/org.spark-project.spark_unused-1.0.0.jar with timestamp 1719475497705
[2024-06-27T08:04:58.987+0000] {docker.py:436} INFO - 24/06/27 08:04:58 INFO Utils: Copying /opt/bitnami/spark/.ivy2/jars/org.spark-project.spark_unused-1.0.0.jar to /tmp/spark-bc1de3f6-50df-43d1-9b60-6767ce1db13a/userFiles-4b3166ab-e3eb-4cd1-b09e-78279c0ef2c1/org.spark-project.spark_unused-1.0.0.jar
[2024-06-27T08:04:58.993+0000] {docker.py:436} INFO - 24/06/27 08:04:58 INFO SparkContext: Added file file:///opt/bitnami/spark/.ivy2/jars/org.apache.hadoop_hadoop-client-runtime-3.3.2.jar at file:///opt/bitnami/spark/.ivy2/jars/org.apache.hadoop_hadoop-client-runtime-3.3.2.jar with timestamp 1719475497705
[2024-06-27T08:04:58.993+0000] {docker.py:436} INFO - 24/06/27 08:04:58 INFO Utils: Copying /opt/bitnami/spark/.ivy2/jars/org.apache.hadoop_hadoop-client-runtime-3.3.2.jar to /tmp/spark-bc1de3f6-50df-43d1-9b60-6767ce1db13a/userFiles-4b3166ab-e3eb-4cd1-b09e-78279c0ef2c1/org.apache.hadoop_hadoop-client-runtime-3.3.2.jar
[2024-06-27T08:04:59.039+0000] {docker.py:436} INFO - 24/06/27 08:04:59 INFO SparkContext: Added file file:///opt/bitnami/spark/.ivy2/jars/org.lz4_lz4-java-1.8.0.jar at file:///opt/bitnami/spark/.ivy2/jars/org.lz4_lz4-java-1.8.0.jar with timestamp 1719475497705
[2024-06-27T08:04:59.040+0000] {docker.py:436} INFO - 24/06/27 08:04:59 INFO Utils: Copying /opt/bitnami/spark/.ivy2/jars/org.lz4_lz4-java-1.8.0.jar to /tmp/spark-bc1de3f6-50df-43d1-9b60-6767ce1db13a/userFiles-4b3166ab-e3eb-4cd1-b09e-78279c0ef2c1/org.lz4_lz4-java-1.8.0.jar
[2024-06-27T08:04:59.048+0000] {docker.py:436} INFO - 24/06/27 08:04:59 INFO SparkContext: Added file file:///opt/bitnami/spark/.ivy2/jars/org.xerial.snappy_snappy-java-1.1.8.4.jar at file:///opt/bitnami/spark/.ivy2/jars/org.xerial.snappy_snappy-java-1.1.8.4.jar with timestamp 1719475497705
[2024-06-27T08:04:59.048+0000] {docker.py:436} INFO - 24/06/27 08:04:59 INFO Utils: Copying /opt/bitnami/spark/.ivy2/jars/org.xerial.snappy_snappy-java-1.1.8.4.jar to /tmp/spark-bc1de3f6-50df-43d1-9b60-6767ce1db13a/userFiles-4b3166ab-e3eb-4cd1-b09e-78279c0ef2c1/org.xerial.snappy_snappy-java-1.1.8.4.jar
[2024-06-27T08:04:59.055+0000] {docker.py:436} INFO - 24/06/27 08:04:59 INFO SparkContext: Added file file:///opt/bitnami/spark/.ivy2/jars/org.slf4j_slf4j-api-1.7.32.jar at file:///opt/bitnami/spark/.ivy2/jars/org.slf4j_slf4j-api-1.7.32.jar with timestamp 1719475497705
[2024-06-27T08:04:59.056+0000] {docker.py:436} INFO - 24/06/27 08:04:59 INFO Utils: Copying /opt/bitnami/spark/.ivy2/jars/org.slf4j_slf4j-api-1.7.32.jar to /tmp/spark-bc1de3f6-50df-43d1-9b60-6767ce1db13a/userFiles-4b3166ab-e3eb-4cd1-b09e-78279c0ef2c1/org.slf4j_slf4j-api-1.7.32.jar
[2024-06-27T08:04:59.061+0000] {docker.py:436} INFO - 24/06/27 08:04:59 INFO SparkContext: Added file file:///opt/bitnami/spark/.ivy2/jars/org.apache.hadoop_hadoop-client-api-3.3.2.jar at file:///opt/bitnami/spark/.ivy2/jars/org.apache.hadoop_hadoop-client-api-3.3.2.jar with timestamp 1719475497705
[2024-06-27T08:04:59.061+0000] {docker.py:436} INFO - 24/06/27 08:04:59 INFO Utils: Copying /opt/bitnami/spark/.ivy2/jars/org.apache.hadoop_hadoop-client-api-3.3.2.jar to /tmp/spark-bc1de3f6-50df-43d1-9b60-6767ce1db13a/userFiles-4b3166ab-e3eb-4cd1-b09e-78279c0ef2c1/org.apache.hadoop_hadoop-client-api-3.3.2.jar
[2024-06-27T08:04:59.082+0000] {docker.py:436} INFO - 24/06/27 08:04:59 INFO SparkContext: Added file file:///opt/bitnami/spark/.ivy2/jars/commons-logging_commons-logging-1.1.3.jar at file:///opt/bitnami/spark/.ivy2/jars/commons-logging_commons-logging-1.1.3.jar with timestamp 1719475497705
[2024-06-27T08:04:59.082+0000] {docker.py:436} INFO - 24/06/27 08:04:59 INFO Utils: Copying /opt/bitnami/spark/.ivy2/jars/commons-logging_commons-logging-1.1.3.jar to /tmp/spark-bc1de3f6-50df-43d1-9b60-6767ce1db13a/userFiles-4b3166ab-e3eb-4cd1-b09e-78279c0ef2c1/commons-logging_commons-logging-1.1.3.jar
[2024-06-27T08:04:59.172+0000] {docker.py:436} INFO - 24/06/27 08:04:59 INFO Executor: Starting executor ID driver on host localhost
[2024-06-27T08:04:59.173+0000] {docker.py:436} INFO - 24/06/27 08:04:59 INFO Executor: OS info Linux, 6.5.0-41-generic, amd64
[2024-06-27T08:04:59.174+0000] {docker.py:436} INFO - 24/06/27 08:04:59 INFO Executor: Java version 17.0.11
[2024-06-27T08:04:59.183+0000] {docker.py:436} INFO - 24/06/27 08:04:59 INFO Executor: Starting executor with user classpath (userClassPathFirst = false): ''
[2024-06-27T08:04:59.184+0000] {docker.py:436} INFO - 24/06/27 08:04:59 INFO Executor: Created or updated repl class loader org.apache.spark.util.MutableURLClassLoader@77d1356e for default.
[2024-06-27T08:04:59.200+0000] {docker.py:436} INFO - 24/06/27 08:04:59 INFO Executor: Fetching file:///opt/bitnami/spark/.ivy2/jars/org.postgresql_postgresql-42.2.2.jar with timestamp 1719475497705
[2024-06-27T08:04:59.242+0000] {docker.py:436} INFO - 24/06/27 08:04:59 INFO Utils: /opt/bitnami/spark/.ivy2/jars/org.postgresql_postgresql-42.2.2.jar has been previously copied to /tmp/spark-bc1de3f6-50df-43d1-9b60-6767ce1db13a/userFiles-4b3166ab-e3eb-4cd1-b09e-78279c0ef2c1/org.postgresql_postgresql-42.2.2.jar
[2024-06-27T08:04:59.251+0000] {docker.py:436} INFO - 24/06/27 08:04:59 INFO Executor: Fetching file:///opt/bitnami/spark/.ivy2/jars/org.apache.hadoop_hadoop-client-api-3.3.2.jar with timestamp 1719475497705
[2024-06-27T08:04:59.283+0000] {docker.py:436} INFO - 24/06/27 08:04:59 INFO Utils: /opt/bitnami/spark/.ivy2/jars/org.apache.hadoop_hadoop-client-api-3.3.2.jar has been previously copied to /tmp/spark-bc1de3f6-50df-43d1-9b60-6767ce1db13a/userFiles-4b3166ab-e3eb-4cd1-b09e-78279c0ef2c1/org.apache.hadoop_hadoop-client-api-3.3.2.jar
[2024-06-27T08:04:59.294+0000] {docker.py:436} INFO - 24/06/27 08:04:59 INFO Executor: Fetching file:///opt/bitnami/spark/.ivy2/jars/org.xerial.snappy_snappy-java-1.1.8.4.jar with timestamp 1719475497705
[2024-06-27T08:04:59.296+0000] {docker.py:436} INFO - 24/06/27 08:04:59 INFO Utils: /opt/bitnami/spark/.ivy2/jars/org.xerial.snappy_snappy-java-1.1.8.4.jar has been previously copied to /tmp/spark-bc1de3f6-50df-43d1-9b60-6767ce1db13a/userFiles-4b3166ab-e3eb-4cd1-b09e-78279c0ef2c1/org.xerial.snappy_snappy-java-1.1.8.4.jar
[2024-06-27T08:04:59.300+0000] {docker.py:436} INFO - 24/06/27 08:04:59 INFO Executor: Fetching file:///opt/bitnami/spark/.ivy2/jars/org.apache.hadoop_hadoop-client-runtime-3.3.2.jar with timestamp 1719475497705
[2024-06-27T08:04:59.329+0000] {docker.py:436} INFO - 24/06/27 08:04:59 INFO Utils: /opt/bitnami/spark/.ivy2/jars/org.apache.hadoop_hadoop-client-runtime-3.3.2.jar has been previously copied to /tmp/spark-bc1de3f6-50df-43d1-9b60-6767ce1db13a/userFiles-4b3166ab-e3eb-4cd1-b09e-78279c0ef2c1/org.apache.hadoop_hadoop-client-runtime-3.3.2.jar
[2024-06-27T08:04:59.333+0000] {docker.py:436} INFO - 24/06/27 08:04:59 INFO Executor: Fetching file:///opt/bitnami/spark/.ivy2/jars/org.apache.commons_commons-pool2-2.11.1.jar with timestamp 1719475497705
[2024-06-27T08:04:59.333+0000] {docker.py:436} INFO - 24/06/27 08:04:59 INFO Utils: /opt/bitnami/spark/.ivy2/jars/org.apache.commons_commons-pool2-2.11.1.jar has been previously copied to /tmp/spark-bc1de3f6-50df-43d1-9b60-6767ce1db13a/userFiles-4b3166ab-e3eb-4cd1-b09e-78279c0ef2c1/org.apache.commons_commons-pool2-2.11.1.jar
[2024-06-27T08:04:59.338+0000] {docker.py:436} INFO - 24/06/27 08:04:59 INFO Executor: Fetching file:///opt/bitnami/spark/.ivy2/jars/org.apache.spark_spark-token-provider-kafka-0-10_2.12-3.3.0.jar with timestamp 1719475497705
[2024-06-27T08:04:59.339+0000] {docker.py:436} INFO - 24/06/27 08:04:59 INFO Utils: /opt/bitnami/spark/.ivy2/jars/org.apache.spark_spark-token-provider-kafka-0-10_2.12-3.3.0.jar has been previously copied to /tmp/spark-bc1de3f6-50df-43d1-9b60-6767ce1db13a/userFiles-4b3166ab-e3eb-4cd1-b09e-78279c0ef2c1/org.apache.spark_spark-token-provider-kafka-0-10_2.12-3.3.0.jar
[2024-06-27T08:04:59.342+0000] {docker.py:436} INFO - 24/06/27 08:04:59 INFO Executor: Fetching file:///opt/bitnami/spark/.ivy2/jars/org.slf4j_slf4j-api-1.7.32.jar with timestamp 1719475497705
[2024-06-27T08:04:59.343+0000] {docker.py:436} INFO - 24/06/27 08:04:59 INFO Utils: /opt/bitnami/spark/.ivy2/jars/org.slf4j_slf4j-api-1.7.32.jar has been previously copied to /tmp/spark-bc1de3f6-50df-43d1-9b60-6767ce1db13a/userFiles-4b3166ab-e3eb-4cd1-b09e-78279c0ef2c1/org.slf4j_slf4j-api-1.7.32.jar
[2024-06-27T08:04:59.346+0000] {docker.py:436} INFO - 24/06/27 08:04:59 INFO Executor: Fetching file:///opt/bitnami/spark/.ivy2/jars/org.apache.spark_spark-sql-kafka-0-10_2.12-3.3.0.jar with timestamp 1719475497705
[2024-06-27T08:04:59.347+0000] {docker.py:436} INFO - 24/06/27 08:04:59 INFO Utils: /opt/bitnami/spark/.ivy2/jars/org.apache.spark_spark-sql-kafka-0-10_2.12-3.3.0.jar has been previously copied to /tmp/spark-bc1de3f6-50df-43d1-9b60-6767ce1db13a/userFiles-4b3166ab-e3eb-4cd1-b09e-78279c0ef2c1/org.apache.spark_spark-sql-kafka-0-10_2.12-3.3.0.jar
[2024-06-27T08:04:59.351+0000] {docker.py:436} INFO - 24/06/27 08:04:59 INFO Executor: Fetching file:///opt/bitnami/spark/.ivy2/jars/com.google.code.findbugs_jsr305-3.0.0.jar with timestamp 1719475497705
[2024-06-27T08:04:59.352+0000] {docker.py:436} INFO - 24/06/27 08:04:59 INFO Utils: /opt/bitnami/spark/.ivy2/jars/com.google.code.findbugs_jsr305-3.0.0.jar has been previously copied to /tmp/spark-bc1de3f6-50df-43d1-9b60-6767ce1db13a/userFiles-4b3166ab-e3eb-4cd1-b09e-78279c0ef2c1/com.google.code.findbugs_jsr305-3.0.0.jar
[2024-06-27T08:04:59.355+0000] {docker.py:436} INFO - 24/06/27 08:04:59 INFO Executor: Fetching file:///opt/bitnami/spark/.ivy2/jars/org.lz4_lz4-java-1.8.0.jar with timestamp 1719475497705
[2024-06-27T08:04:59.356+0000] {docker.py:436} INFO - 24/06/27 08:04:59 INFO Utils: /opt/bitnami/spark/.ivy2/jars/org.lz4_lz4-java-1.8.0.jar has been previously copied to /tmp/spark-bc1de3f6-50df-43d1-9b60-6767ce1db13a/userFiles-4b3166ab-e3eb-4cd1-b09e-78279c0ef2c1/org.lz4_lz4-java-1.8.0.jar
[2024-06-27T08:04:59.360+0000] {docker.py:436} INFO - 24/06/27 08:04:59 INFO Executor: Fetching file:///opt/bitnami/spark/.ivy2/jars/commons-logging_commons-logging-1.1.3.jar with timestamp 1719475497705
[2024-06-27T08:04:59.360+0000] {docker.py:436} INFO - 24/06/27 08:04:59 INFO Utils: /opt/bitnami/spark/.ivy2/jars/commons-logging_commons-logging-1.1.3.jar has been previously copied to /tmp/spark-bc1de3f6-50df-43d1-9b60-6767ce1db13a/userFiles-4b3166ab-e3eb-4cd1-b09e-78279c0ef2c1/commons-logging_commons-logging-1.1.3.jar
[2024-06-27T08:04:59.365+0000] {docker.py:436} INFO - 24/06/27 08:04:59 INFO Executor: Fetching file:///opt/bitnami/spark/.ivy2/jars/org.spark-project.spark_unused-1.0.0.jar with timestamp 1719475497705
[2024-06-27T08:04:59.365+0000] {docker.py:436} INFO - 24/06/27 08:04:59 INFO Utils: /opt/bitnami/spark/.ivy2/jars/org.spark-project.spark_unused-1.0.0.jar has been previously copied to /tmp/spark-bc1de3f6-50df-43d1-9b60-6767ce1db13a/userFiles-4b3166ab-e3eb-4cd1-b09e-78279c0ef2c1/org.spark-project.spark_unused-1.0.0.jar
[2024-06-27T08:04:59.368+0000] {docker.py:436} INFO - 24/06/27 08:04:59 INFO Executor: Fetching file:///opt/bitnami/spark/.ivy2/jars/org.apache.kafka_kafka-clients-2.8.1.jar with timestamp 1719475497705
[2024-06-27T08:04:59.373+0000] {docker.py:436} INFO - 24/06/27 08:04:59 INFO Utils: /opt/bitnami/spark/.ivy2/jars/org.apache.kafka_kafka-clients-2.8.1.jar has been previously copied to /tmp/spark-bc1de3f6-50df-43d1-9b60-6767ce1db13a/userFiles-4b3166ab-e3eb-4cd1-b09e-78279c0ef2c1/org.apache.kafka_kafka-clients-2.8.1.jar
[2024-06-27T08:04:59.379+0000] {docker.py:436} INFO - 24/06/27 08:04:59 INFO Executor: Fetching spark://localhost:40613/jars/org.apache.spark_spark-token-provider-kafka-0-10_2.12-3.3.0.jar with timestamp 1719475497705
[2024-06-27T08:04:59.424+0000] {docker.py:436} INFO - 24/06/27 08:04:59 INFO TransportClientFactory: Successfully created connection to localhost/127.0.0.1:40613 after 32 ms (0 ms spent in bootstraps)
[2024-06-27T08:04:59.432+0000] {docker.py:436} INFO - 24/06/27 08:04:59 INFO Utils: Fetching spark://localhost:40613/jars/org.apache.spark_spark-token-provider-kafka-0-10_2.12-3.3.0.jar to /tmp/spark-bc1de3f6-50df-43d1-9b60-6767ce1db13a/userFiles-4b3166ab-e3eb-4cd1-b09e-78279c0ef2c1/fetchFileTemp1944744145070406702.tmp
[2024-06-27T08:04:59.480+0000] {docker.py:436} INFO - 24/06/27 08:04:59 INFO Utils: /tmp/spark-bc1de3f6-50df-43d1-9b60-6767ce1db13a/userFiles-4b3166ab-e3eb-4cd1-b09e-78279c0ef2c1/fetchFileTemp1944744145070406702.tmp has been previously copied to /tmp/spark-bc1de3f6-50df-43d1-9b60-6767ce1db13a/userFiles-4b3166ab-e3eb-4cd1-b09e-78279c0ef2c1/org.apache.spark_spark-token-provider-kafka-0-10_2.12-3.3.0.jar
[2024-06-27T08:04:59.495+0000] {docker.py:436} INFO - 24/06/27 08:04:59 INFO Executor: Adding file:/tmp/spark-bc1de3f6-50df-43d1-9b60-6767ce1db13a/userFiles-4b3166ab-e3eb-4cd1-b09e-78279c0ef2c1/org.apache.spark_spark-token-provider-kafka-0-10_2.12-3.3.0.jar to class loader default
[2024-06-27T08:04:59.496+0000] {docker.py:436} INFO - 24/06/27 08:04:59 INFO Executor: Fetching spark://localhost:40613/jars/commons-logging_commons-logging-1.1.3.jar with timestamp 1719475497705
[2024-06-27T08:04:59.500+0000] {docker.py:436} INFO - 24/06/27 08:04:59 INFO Utils: Fetching spark://localhost:40613/jars/commons-logging_commons-logging-1.1.3.jar to /tmp/spark-bc1de3f6-50df-43d1-9b60-6767ce1db13a/userFiles-4b3166ab-e3eb-4cd1-b09e-78279c0ef2c1/fetchFileTemp1777283462072844520.tmp
[2024-06-27T08:04:59.507+0000] {docker.py:436} INFO - 24/06/27 08:04:59 INFO Utils: /tmp/spark-bc1de3f6-50df-43d1-9b60-6767ce1db13a/userFiles-4b3166ab-e3eb-4cd1-b09e-78279c0ef2c1/fetchFileTemp1777283462072844520.tmp has been previously copied to /tmp/spark-bc1de3f6-50df-43d1-9b60-6767ce1db13a/userFiles-4b3166ab-e3eb-4cd1-b09e-78279c0ef2c1/commons-logging_commons-logging-1.1.3.jar
[2024-06-27T08:04:59.514+0000] {docker.py:436} INFO - 24/06/27 08:04:59 INFO Executor: Adding file:/tmp/spark-bc1de3f6-50df-43d1-9b60-6767ce1db13a/userFiles-4b3166ab-e3eb-4cd1-b09e-78279c0ef2c1/commons-logging_commons-logging-1.1.3.jar to class loader default
[2024-06-27T08:04:59.515+0000] {docker.py:436} INFO - 24/06/27 08:04:59 INFO Executor: Fetching spark://localhost:40613/jars/org.postgresql_postgresql-42.2.2.jar with timestamp 1719475497705
[2024-06-27T08:04:59.515+0000] {docker.py:436} INFO - 24/06/27 08:04:59 INFO Utils: Fetching spark://localhost:40613/jars/org.postgresql_postgresql-42.2.2.jar to /tmp/spark-bc1de3f6-50df-43d1-9b60-6767ce1db13a/userFiles-4b3166ab-e3eb-4cd1-b09e-78279c0ef2c1/fetchFileTemp370416998773600650.tmp
[2024-06-27T08:04:59.525+0000] {docker.py:436} INFO - 24/06/27 08:04:59 INFO Utils: /tmp/spark-bc1de3f6-50df-43d1-9b60-6767ce1db13a/userFiles-4b3166ab-e3eb-4cd1-b09e-78279c0ef2c1/fetchFileTemp370416998773600650.tmp has been previously copied to /tmp/spark-bc1de3f6-50df-43d1-9b60-6767ce1db13a/userFiles-4b3166ab-e3eb-4cd1-b09e-78279c0ef2c1/org.postgresql_postgresql-42.2.2.jar
[2024-06-27T08:04:59.530+0000] {docker.py:436} INFO - 24/06/27 08:04:59 INFO Executor: Adding file:/tmp/spark-bc1de3f6-50df-43d1-9b60-6767ce1db13a/userFiles-4b3166ab-e3eb-4cd1-b09e-78279c0ef2c1/org.postgresql_postgresql-42.2.2.jar to class loader default
[2024-06-27T08:04:59.530+0000] {docker.py:436} INFO - 24/06/27 08:04:59 INFO Executor: Fetching spark://localhost:40613/jars/org.lz4_lz4-java-1.8.0.jar with timestamp 1719475497705
[2024-06-27T08:04:59.533+0000] {docker.py:436} INFO - 24/06/27 08:04:59 INFO Utils: Fetching spark://localhost:40613/jars/org.lz4_lz4-java-1.8.0.jar to /tmp/spark-bc1de3f6-50df-43d1-9b60-6767ce1db13a/userFiles-4b3166ab-e3eb-4cd1-b09e-78279c0ef2c1/fetchFileTemp16606342362293397849.tmp
[2024-06-27T08:04:59.540+0000] {docker.py:436} INFO - 24/06/27 08:04:59 INFO Utils: /tmp/spark-bc1de3f6-50df-43d1-9b60-6767ce1db13a/userFiles-4b3166ab-e3eb-4cd1-b09e-78279c0ef2c1/fetchFileTemp16606342362293397849.tmp has been previously copied to /tmp/spark-bc1de3f6-50df-43d1-9b60-6767ce1db13a/userFiles-4b3166ab-e3eb-4cd1-b09e-78279c0ef2c1/org.lz4_lz4-java-1.8.0.jar
[2024-06-27T08:04:59.545+0000] {docker.py:436} INFO - 24/06/27 08:04:59 INFO Executor: Adding file:/tmp/spark-bc1de3f6-50df-43d1-9b60-6767ce1db13a/userFiles-4b3166ab-e3eb-4cd1-b09e-78279c0ef2c1/org.lz4_lz4-java-1.8.0.jar to class loader default
[2024-06-27T08:04:59.546+0000] {docker.py:436} INFO - 24/06/27 08:04:59 INFO Executor: Fetching spark://localhost:40613/jars/org.apache.hadoop_hadoop-client-runtime-3.3.2.jar with timestamp 1719475497705
[2024-06-27T08:04:59.547+0000] {docker.py:436} INFO - 24/06/27 08:04:59 INFO Utils: Fetching spark://localhost:40613/jars/org.apache.hadoop_hadoop-client-runtime-3.3.2.jar to /tmp/spark-bc1de3f6-50df-43d1-9b60-6767ce1db13a/userFiles-4b3166ab-e3eb-4cd1-b09e-78279c0ef2c1/fetchFileTemp4359884224993351896.tmp
[2024-06-27T08:05:00.091+0000] {docker.py:436} INFO - 24/06/27 08:05:00 INFO Utils: /tmp/spark-bc1de3f6-50df-43d1-9b60-6767ce1db13a/userFiles-4b3166ab-e3eb-4cd1-b09e-78279c0ef2c1/fetchFileTemp4359884224993351896.tmp has been previously copied to /tmp/spark-bc1de3f6-50df-43d1-9b60-6767ce1db13a/userFiles-4b3166ab-e3eb-4cd1-b09e-78279c0ef2c1/org.apache.hadoop_hadoop-client-runtime-3.3.2.jar
[2024-06-27T08:05:00.181+0000] {docker.py:436} INFO - 24/06/27 08:05:00 INFO Executor: Adding file:/tmp/spark-bc1de3f6-50df-43d1-9b60-6767ce1db13a/userFiles-4b3166ab-e3eb-4cd1-b09e-78279c0ef2c1/org.apache.hadoop_hadoop-client-runtime-3.3.2.jar to class loader default
[2024-06-27T08:05:00.181+0000] {docker.py:436} INFO - 24/06/27 08:05:00 INFO Executor: Fetching spark://localhost:40613/jars/com.google.code.findbugs_jsr305-3.0.0.jar with timestamp 1719475497705
[2024-06-27T08:05:00.182+0000] {docker.py:436} INFO - 24/06/27 08:05:00 INFO Utils: Fetching spark://localhost:40613/jars/com.google.code.findbugs_jsr305-3.0.0.jar to /tmp/spark-bc1de3f6-50df-43d1-9b60-6767ce1db13a/userFiles-4b3166ab-e3eb-4cd1-b09e-78279c0ef2c1/fetchFileTemp7157434928001262834.tmp
[2024-06-27T08:05:00.183+0000] {docker.py:436} INFO - 24/06/27 08:05:00 INFO Utils: /tmp/spark-bc1de3f6-50df-43d1-9b60-6767ce1db13a/userFiles-4b3166ab-e3eb-4cd1-b09e-78279c0ef2c1/fetchFileTemp7157434928001262834.tmp has been previously copied to /tmp/spark-bc1de3f6-50df-43d1-9b60-6767ce1db13a/userFiles-4b3166ab-e3eb-4cd1-b09e-78279c0ef2c1/com.google.code.findbugs_jsr305-3.0.0.jar
[2024-06-27T08:05:00.322+0000] {docker.py:436} INFO - 24/06/27 08:05:00 INFO Executor: Adding file:/tmp/spark-bc1de3f6-50df-43d1-9b60-6767ce1db13a/userFiles-4b3166ab-e3eb-4cd1-b09e-78279c0ef2c1/com.google.code.findbugs_jsr305-3.0.0.jar to class loader default
[2024-06-27T08:05:00.323+0000] {docker.py:436} INFO - 24/06/27 08:05:00 INFO Executor: Fetching spark://localhost:40613/jars/org.apache.spark_spark-sql-kafka-0-10_2.12-3.3.0.jar with timestamp 1719475497705
[2024-06-27T08:05:00.323+0000] {docker.py:436} INFO - 24/06/27 08:05:00 INFO Utils: Fetching spark://localhost:40613/jars/org.apache.spark_spark-sql-kafka-0-10_2.12-3.3.0.jar to /tmp/spark-bc1de3f6-50df-43d1-9b60-6767ce1db13a/userFiles-4b3166ab-e3eb-4cd1-b09e-78279c0ef2c1/fetchFileTemp15654242430919402778.tmp
[2024-06-27T08:05:00.327+0000] {docker.py:436} INFO - 24/06/27 08:05:00 INFO Utils: /tmp/spark-bc1de3f6-50df-43d1-9b60-6767ce1db13a/userFiles-4b3166ab-e3eb-4cd1-b09e-78279c0ef2c1/fetchFileTemp15654242430919402778.tmp has been previously copied to /tmp/spark-bc1de3f6-50df-43d1-9b60-6767ce1db13a/userFiles-4b3166ab-e3eb-4cd1-b09e-78279c0ef2c1/org.apache.spark_spark-sql-kafka-0-10_2.12-3.3.0.jar
[2024-06-27T08:05:00.344+0000] {docker.py:436} INFO - 24/06/27 08:05:00 INFO Executor: Adding file:/tmp/spark-bc1de3f6-50df-43d1-9b60-6767ce1db13a/userFiles-4b3166ab-e3eb-4cd1-b09e-78279c0ef2c1/org.apache.spark_spark-sql-kafka-0-10_2.12-3.3.0.jar to class loader default
[2024-06-27T08:05:00.345+0000] {docker.py:436} INFO - 24/06/27 08:05:00 INFO Executor: Fetching spark://localhost:40613/jars/org.spark-project.spark_unused-1.0.0.jar with timestamp 1719475497705
[2024-06-27T08:05:00.346+0000] {docker.py:436} INFO - 24/06/27 08:05:00 INFO Utils: Fetching spark://localhost:40613/jars/org.spark-project.spark_unused-1.0.0.jar to /tmp/spark-bc1de3f6-50df-43d1-9b60-6767ce1db13a/userFiles-4b3166ab-e3eb-4cd1-b09e-78279c0ef2c1/fetchFileTemp17060285664362077918.tmp
[2024-06-27T08:05:00.347+0000] {docker.py:436} INFO - 24/06/27 08:05:00 INFO Utils: /tmp/spark-bc1de3f6-50df-43d1-9b60-6767ce1db13a/userFiles-4b3166ab-e3eb-4cd1-b09e-78279c0ef2c1/fetchFileTemp17060285664362077918.tmp has been previously copied to /tmp/spark-bc1de3f6-50df-43d1-9b60-6767ce1db13a/userFiles-4b3166ab-e3eb-4cd1-b09e-78279c0ef2c1/org.spark-project.spark_unused-1.0.0.jar
[2024-06-27T08:05:00.378+0000] {docker.py:436} INFO - 24/06/27 08:05:00 INFO Executor: Adding file:/tmp/spark-bc1de3f6-50df-43d1-9b60-6767ce1db13a/userFiles-4b3166ab-e3eb-4cd1-b09e-78279c0ef2c1/org.spark-project.spark_unused-1.0.0.jar to class loader default
[2024-06-27T08:05:00.379+0000] {docker.py:436} INFO - 24/06/27 08:05:00 INFO Executor: Fetching spark://localhost:40613/jars/org.xerial.snappy_snappy-java-1.1.8.4.jar with timestamp 1719475497705
[2024-06-27T08:05:00.379+0000] {docker.py:436} INFO - 24/06/27 08:05:00 INFO Utils: Fetching spark://localhost:40613/jars/org.xerial.snappy_snappy-java-1.1.8.4.jar to /tmp/spark-bc1de3f6-50df-43d1-9b60-6767ce1db13a/userFiles-4b3166ab-e3eb-4cd1-b09e-78279c0ef2c1/fetchFileTemp6000918847938672882.tmp
[2024-06-27T08:05:00.388+0000] {docker.py:436} INFO - 24/06/27 08:05:00 INFO Utils: /tmp/spark-bc1de3f6-50df-43d1-9b60-6767ce1db13a/userFiles-4b3166ab-e3eb-4cd1-b09e-78279c0ef2c1/fetchFileTemp6000918847938672882.tmp has been previously copied to /tmp/spark-bc1de3f6-50df-43d1-9b60-6767ce1db13a/userFiles-4b3166ab-e3eb-4cd1-b09e-78279c0ef2c1/org.xerial.snappy_snappy-java-1.1.8.4.jar
[2024-06-27T08:05:00.397+0000] {docker.py:436} INFO - 24/06/27 08:05:00 INFO Executor: Adding file:/tmp/spark-bc1de3f6-50df-43d1-9b60-6767ce1db13a/userFiles-4b3166ab-e3eb-4cd1-b09e-78279c0ef2c1/org.xerial.snappy_snappy-java-1.1.8.4.jar to class loader default
[2024-06-27T08:05:00.397+0000] {docker.py:436} INFO - 24/06/27 08:05:00 INFO Executor: Fetching spark://localhost:40613/jars/org.apache.kafka_kafka-clients-2.8.1.jar with timestamp 1719475497705
[2024-06-27T08:05:00.398+0000] {docker.py:436} INFO - 24/06/27 08:05:00 INFO Utils: Fetching spark://localhost:40613/jars/org.apache.kafka_kafka-clients-2.8.1.jar to /tmp/spark-bc1de3f6-50df-43d1-9b60-6767ce1db13a/userFiles-4b3166ab-e3eb-4cd1-b09e-78279c0ef2c1/fetchFileTemp13976075326851776621.tmp
[2024-06-27T08:05:00.415+0000] {docker.py:436} INFO - 24/06/27 08:05:00 INFO Utils: /tmp/spark-bc1de3f6-50df-43d1-9b60-6767ce1db13a/userFiles-4b3166ab-e3eb-4cd1-b09e-78279c0ef2c1/fetchFileTemp13976075326851776621.tmp has been previously copied to /tmp/spark-bc1de3f6-50df-43d1-9b60-6767ce1db13a/userFiles-4b3166ab-e3eb-4cd1-b09e-78279c0ef2c1/org.apache.kafka_kafka-clients-2.8.1.jar
[2024-06-27T08:05:00.551+0000] {docker.py:436} INFO - 24/06/27 08:05:00 INFO Executor: Adding file:/tmp/spark-bc1de3f6-50df-43d1-9b60-6767ce1db13a/userFiles-4b3166ab-e3eb-4cd1-b09e-78279c0ef2c1/org.apache.kafka_kafka-clients-2.8.1.jar to class loader default
[2024-06-27T08:05:00.552+0000] {docker.py:436} INFO - 24/06/27 08:05:00 INFO Executor: Fetching spark://localhost:40613/jars/org.apache.hadoop_hadoop-client-api-3.3.2.jar with timestamp 1719475497705
[2024-06-27T08:05:00.552+0000] {docker.py:436} INFO - 24/06/27 08:05:00 INFO Utils: Fetching spark://localhost:40613/jars/org.apache.hadoop_hadoop-client-api-3.3.2.jar to /tmp/spark-bc1de3f6-50df-43d1-9b60-6767ce1db13a/userFiles-4b3166ab-e3eb-4cd1-b09e-78279c0ef2c1/fetchFileTemp5344224505202872226.tmp
[2024-06-27T08:05:01.050+0000] {docker.py:436} INFO - 24/06/27 08:05:01 INFO Utils: /tmp/spark-bc1de3f6-50df-43d1-9b60-6767ce1db13a/userFiles-4b3166ab-e3eb-4cd1-b09e-78279c0ef2c1/fetchFileTemp5344224505202872226.tmp has been previously copied to /tmp/spark-bc1de3f6-50df-43d1-9b60-6767ce1db13a/userFiles-4b3166ab-e3eb-4cd1-b09e-78279c0ef2c1/org.apache.hadoop_hadoop-client-api-3.3.2.jar
[2024-06-27T08:05:01.331+0000] {docker.py:436} INFO - 24/06/27 08:05:01 INFO Executor: Adding file:/tmp/spark-bc1de3f6-50df-43d1-9b60-6767ce1db13a/userFiles-4b3166ab-e3eb-4cd1-b09e-78279c0ef2c1/org.apache.hadoop_hadoop-client-api-3.3.2.jar to class loader default
[2024-06-27T08:05:01.332+0000] {docker.py:436} INFO - 24/06/27 08:05:01 INFO Executor: Fetching spark://localhost:40613/jars/org.slf4j_slf4j-api-1.7.32.jar with timestamp 1719475497705
[2024-06-27T08:05:01.333+0000] {docker.py:436} INFO - 24/06/27 08:05:01 INFO Utils: Fetching spark://localhost:40613/jars/org.slf4j_slf4j-api-1.7.32.jar to /tmp/spark-bc1de3f6-50df-43d1-9b60-6767ce1db13a/userFiles-4b3166ab-e3eb-4cd1-b09e-78279c0ef2c1/fetchFileTemp5318992992077639190.tmp
[2024-06-27T08:05:01.334+0000] {docker.py:436} INFO - 24/06/27 08:05:01 INFO Utils: /tmp/spark-bc1de3f6-50df-43d1-9b60-6767ce1db13a/userFiles-4b3166ab-e3eb-4cd1-b09e-78279c0ef2c1/fetchFileTemp5318992992077639190.tmp has been previously copied to /tmp/spark-bc1de3f6-50df-43d1-9b60-6767ce1db13a/userFiles-4b3166ab-e3eb-4cd1-b09e-78279c0ef2c1/org.slf4j_slf4j-api-1.7.32.jar
[2024-06-27T08:05:01.462+0000] {docker.py:436} INFO - 24/06/27 08:05:01 INFO Executor: Adding file:/tmp/spark-bc1de3f6-50df-43d1-9b60-6767ce1db13a/userFiles-4b3166ab-e3eb-4cd1-b09e-78279c0ef2c1/org.slf4j_slf4j-api-1.7.32.jar to class loader default
[2024-06-27T08:05:01.463+0000] {docker.py:436} INFO - 24/06/27 08:05:01 INFO Executor: Fetching spark://localhost:40613/jars/org.apache.commons_commons-pool2-2.11.1.jar with timestamp 1719475497705
[2024-06-27T08:05:01.464+0000] {docker.py:436} INFO - 24/06/27 08:05:01 INFO Utils: Fetching spark://localhost:40613/jars/org.apache.commons_commons-pool2-2.11.1.jar to /tmp/spark-bc1de3f6-50df-43d1-9b60-6767ce1db13a/userFiles-4b3166ab-e3eb-4cd1-b09e-78279c0ef2c1/fetchFileTemp17684414401439130594.tmp
[2024-06-27T08:05:01.465+0000] {docker.py:436} INFO - 24/06/27 08:05:01 INFO Utils: /tmp/spark-bc1de3f6-50df-43d1-9b60-6767ce1db13a/userFiles-4b3166ab-e3eb-4cd1-b09e-78279c0ef2c1/fetchFileTemp17684414401439130594.tmp has been previously copied to /tmp/spark-bc1de3f6-50df-43d1-9b60-6767ce1db13a/userFiles-4b3166ab-e3eb-4cd1-b09e-78279c0ef2c1/org.apache.commons_commons-pool2-2.11.1.jar
[2024-06-27T08:05:01.484+0000] {docker.py:436} INFO - 24/06/27 08:05:01 INFO Executor: Adding file:/tmp/spark-bc1de3f6-50df-43d1-9b60-6767ce1db13a/userFiles-4b3166ab-e3eb-4cd1-b09e-78279c0ef2c1/org.apache.commons_commons-pool2-2.11.1.jar to class loader default
[2024-06-27T08:05:01.494+0000] {docker.py:436} INFO - 24/06/27 08:05:01 INFO Utils: Successfully started service 'org.apache.spark.network.netty.NettyBlockTransferService' on port 36105.
[2024-06-27T08:05:01.495+0000] {docker.py:436} INFO - 24/06/27 08:05:01 INFO NettyBlockTransferService: Server created on localhost:36105
[2024-06-27T08:05:01.497+0000] {docker.py:436} INFO - 24/06/27 08:05:01 INFO BlockManager: Using org.apache.spark.storage.RandomBlockReplicationPolicy for block replication policy
[2024-06-27T08:05:01.505+0000] {docker.py:436} INFO - 24/06/27 08:05:01 INFO BlockManagerMaster: Registering BlockManager BlockManagerId(driver, localhost, 36105, None)
[2024-06-27T08:05:01.510+0000] {docker.py:436} INFO - 24/06/27 08:05:01 INFO BlockManagerMasterEndpoint: Registering block manager localhost:36105 with 434.4 MiB RAM, BlockManagerId(driver, localhost, 36105, None)
[2024-06-27T08:05:01.515+0000] {docker.py:436} INFO - 24/06/27 08:05:01 INFO BlockManagerMaster: Registered BlockManager BlockManagerId(driver, localhost, 36105, None)
[2024-06-27T08:05:01.517+0000] {docker.py:436} INFO - 24/06/27 08:05:01 INFO BlockManager: Initialized BlockManager: BlockManagerId(driver, localhost, 36105, None)
[2024-06-27T08:05:02.108+0000] {docker.py:436} INFO - 2024-06-27 08:05:02,107:create_spark_session:INFO:Spark session created successfully
[2024-06-27T08:05:02.115+0000] {docker.py:436} INFO - 24/06/27 08:05:02 INFO SharedState: Setting hive.metastore.warehouse.dir ('null') to the value of spark.sql.warehouse.dir.
[2024-06-27T08:05:02.119+0000] {docker.py:436} INFO - 24/06/27 08:05:02 INFO SharedState: Warehouse path is 'file:/opt/bitnami/spark/spark-warehouse'.
[2024-06-27T08:05:03.998+0000] {docker.py:436} INFO - 2024-06-27 08:05:03,998:create_initial_dataframe:INFO:Initial dataframe created successfully:
[2024-06-27T08:05:04.202+0000] {docker.py:436} INFO - Traceback (most recent call last):
  File "/opt/bitnami/spark/scripts/spark_bronze_layer.py", line 135, in <module>
[2024-06-27T08:05:04.203+0000] {docker.py:436} INFO - write_to_postgres()
  File "/opt/bitnami/spark/scripts/spark_bronze_layer.py", line 124, in write_to_postgres
    final_df=final_df.selectExpr(F.substring(col("value"),11,30))
             ^^^^^^^^^^^^^^^^^^^^^^^^^^^^^^^^^^^^^^^^^^^^^^^^^^^^
  File "/opt/bitnami/spark/python/lib/pyspark.zip/pyspark/sql/dataframe.py", line 3267, in selectExpr
  File "/opt/bitnami/spark/python/lib/pyspark.zip/pyspark/sql/dataframe.py", line 2751, in _jseq
[2024-06-27T08:05:04.204+0000] {docker.py:436} INFO - File "/opt/bitnami/spark/python/lib/pyspark.zip/pyspark/sql/column.py", line 90, in _to_seq
  File "/opt/bitnami/spark/python/lib/py4j-0.10.9.7-src.zip/py4j/java_gateway.py", line 1314, in __call__
[2024-06-27T08:05:04.205+0000] {docker.py:436} INFO - File "/opt/bitnami/spark/python/lib/py4j-0.10.9.7-src.zip/py4j/java_gateway.py", line 1277, in _build_args
  File "/opt/bitnami/spark/python/lib/py4j-0.10.9.7-src.zip/py4j/java_gateway.py", line 1264, in _get_args
  File "/opt/bitnami/spark/python/lib/py4j-0.10.9.7-src.zip/py4j/java_collections.py", line 511, in convert
[2024-06-27T08:05:04.206+0000] {docker.py:436} INFO - File "/opt/bitnami/spark/python/lib/py4j-0.10.9.7-src.zip/py4j/java_gateway.py", line 1314, in __call__
  File "/opt/bitnami/spark/python/lib/py4j-0.10.9.7-src.zip/py4j/java_gateway.py", line 1277, in _build_args
  File "/opt/bitnami/spark/python/lib/py4j-0.10.9.7-src.zip/py4j/java_gateway.py", line 1264, in _get_args
[2024-06-27T08:05:04.207+0000] {docker.py:436} INFO - File "/opt/bitnami/spark/python/lib/py4j-0.10.9.7-src.zip/py4j/java_collections.py", line 510, in convert
  File "/opt/bitnami/spark/python/lib/pyspark.zip/pyspark/sql/column.py", line 718, in __iter__
[2024-06-27T08:05:04.220+0000] {docker.py:436} INFO - pyspark.errors.exceptions.base.PySparkTypeError: [NOT_ITERABLE] Column is not iterable.
2024-06-27 08:05:04,207:close:INFO:Closing down clientserver connection
[2024-06-27T08:05:04.297+0000] {docker.py:436} INFO - 24/06/27 08:05:04 INFO SparkContext: Invoking stop() from shutdown hook
[2024-06-27T08:05:04.298+0000] {docker.py:436} INFO - 24/06/27 08:05:04 INFO SparkContext: SparkContext is stopping with exitCode 0.
[2024-06-27T08:05:04.318+0000] {docker.py:436} INFO - 24/06/27 08:05:04 INFO SparkUI: Stopped Spark web UI at http://localhost:4040
[2024-06-27T08:05:04.360+0000] {docker.py:436} INFO - 24/06/27 08:05:04 INFO MapOutputTrackerMasterEndpoint: MapOutputTrackerMasterEndpoint stopped!
[2024-06-27T08:05:04.385+0000] {docker.py:436} INFO - 24/06/27 08:05:04 INFO MemoryStore: MemoryStore cleared
[2024-06-27T08:05:04.387+0000] {docker.py:436} INFO - 24/06/27 08:05:04 INFO BlockManager: BlockManager stopped
[2024-06-27T08:05:04.400+0000] {docker.py:436} INFO - 24/06/27 08:05:04 INFO BlockManagerMaster: BlockManagerMaster stopped
[2024-06-27T08:05:04.407+0000] {docker.py:436} INFO - 24/06/27 08:05:04 INFO OutputCommitCoordinator$OutputCommitCoordinatorEndpoint: OutputCommitCoordinator stopped!
[2024-06-27T08:05:04.456+0000] {docker.py:436} INFO - 24/06/27 08:05:04 INFO SparkContext: Successfully stopped SparkContext
[2024-06-27T08:05:04.457+0000] {docker.py:436} INFO - 24/06/27 08:05:04 INFO ShutdownHookManager: Shutdown hook called
[2024-06-27T08:05:04.459+0000] {docker.py:436} INFO - 24/06/27 08:05:04 INFO ShutdownHookManager: Deleting directory /tmp/spark-bc1de3f6-50df-43d1-9b60-6767ce1db13a/pyspark-cbba8c6b-0494-40cd-8d92-932bac46720a
[2024-06-27T08:05:04.464+0000] {docker.py:436} INFO - 24/06/27 08:05:04 INFO ShutdownHookManager: Deleting directory /tmp/spark-45252c5c-ba23-461c-91ab-f356459cf3f8
[2024-06-27T08:05:04.470+0000] {docker.py:436} INFO - 24/06/27 08:05:04 INFO ShutdownHookManager: Deleting directory /tmp/spark-bc1de3f6-50df-43d1-9b60-6767ce1db13a
[2024-06-27T08:05:06.297+0000] {taskinstance.py:441} INFO - ::group::Post task execution logs
[2024-06-27T08:05:06.306+0000] {taskinstance.py:2905} ERROR - Task failed with exception
Traceback (most recent call last):
  File "/home/airflow/.local/lib/python3.12/site-packages/docker/api/client.py", line 265, in _raise_for_status
    response.raise_for_status()
  File "/home/airflow/.local/lib/python3.12/site-packages/requests/models.py", line 1021, in raise_for_status
    raise HTTPError(http_error_msg, response=self)
requests.exceptions.HTTPError: 400 Client Error: Bad Request for url: http://docker-proxy:2375/v1.45/containers/create

The above exception was the direct cause of the following exception:

Traceback (most recent call last):
  File "/home/airflow/.local/lib/python3.12/site-packages/airflow/providers/docker/operators/docker.py", line 371, in _run_image
    return self._run_image_with_mounts([*self.mounts, tmp_mount], add_tmp_variable=True)
           ^^^^^^^^^^^^^^^^^^^^^^^^^^^^^^^^^^^^^^^^^^^^^^^^^^^^^^^^^^^^^^^^^^^^^^^^^^^^^
  File "/home/airflow/.local/lib/python3.12/site-packages/airflow/providers/docker/operators/docker.py", line 398, in _run_image_with_mounts
    self.container = self.cli.create_container(
                     ^^^^^^^^^^^^^^^^^^^^^^^^^^
  File "/home/airflow/.local/lib/python3.12/site-packages/docker/api/container.py", line 439, in create_container
    return self.create_container_from_config(config, name, platform)
           ^^^^^^^^^^^^^^^^^^^^^^^^^^^^^^^^^^^^^^^^^^^^^^^^^^^^^^^^^
  File "/home/airflow/.local/lib/python3.12/site-packages/docker/api/container.py", line 456, in create_container_from_config
    return self._result(res, True)
           ^^^^^^^^^^^^^^^^^^^^^^^
  File "/home/airflow/.local/lib/python3.12/site-packages/docker/api/client.py", line 271, in _result
    self._raise_for_status(response)
  File "/home/airflow/.local/lib/python3.12/site-packages/docker/api/client.py", line 267, in _raise_for_status
    raise create_api_error_from_http_exception(e) from e
          ^^^^^^^^^^^^^^^^^^^^^^^^^^^^^^^^^^^^^^^
  File "/home/airflow/.local/lib/python3.12/site-packages/docker/errors.py", line 39, in create_api_error_from_http_exception
    raise cls(e, response=response, explanation=explanation) from e
docker.errors.APIError: 400 Client Error for http://docker-proxy:2375/v1.45/containers/create: Bad Request ("invalid mount config for type "bind": bind source path does not exist: /tmp/airflowtmpi0wrd_c9")

During handling of the above exception, another exception occurred:

Traceback (most recent call last):
  File "/home/airflow/.local/lib/python3.12/site-packages/airflow/models/taskinstance.py", line 465, in _execute_task
    result = _execute_callable(context=context, **execute_callable_kwargs)
             ^^^^^^^^^^^^^^^^^^^^^^^^^^^^^^^^^^^^^^^^^^^^^^^^^^^^^^^^^^^^^
  File "/home/airflow/.local/lib/python3.12/site-packages/airflow/models/taskinstance.py", line 432, in _execute_callable
    return execute_callable(context=context, **execute_callable_kwargs)
           ^^^^^^^^^^^^^^^^^^^^^^^^^^^^^^^^^^^^^^^^^^^^^^^^^^^^^^^^^^^^
  File "/home/airflow/.local/lib/python3.12/site-packages/airflow/models/baseoperator.py", line 400, in wrapper
    return func(self, *args, **kwargs)
           ^^^^^^^^^^^^^^^^^^^^^^^^^^^
  File "/home/airflow/.local/lib/python3.12/site-packages/airflow/providers/docker/operators/docker.py", line 509, in execute
    return self._run_image()
           ^^^^^^^^^^^^^^^^^
  File "/home/airflow/.local/lib/python3.12/site-packages/airflow/providers/docker/operators/docker.py", line 380, in _run_image
    return self._run_image_with_mounts(self.mounts, add_tmp_variable=False)
           ^^^^^^^^^^^^^^^^^^^^^^^^^^^^^^^^^^^^^^^^^^^^^^^^^^^^^^^^^^^^^^^^
  File "/home/airflow/.local/lib/python3.12/site-packages/airflow/providers/docker/operators/docker.py", line 444, in _run_image_with_mounts
    raise DockerContainerFailedException(f"Docker container failed: {result!r}", logs=log_lines)
airflow.providers.docker.exceptions.DockerContainerFailedException: Docker container failed: {'StatusCode': 1}
[2024-06-27T08:05:06.313+0000] {taskinstance.py:1206} INFO - Marking task as FAILED. dag_id=Stage_1, task_id=run_bronze_job, run_id=manual__2024-06-27T08:04:30.023742+00:00, execution_date=20240627T080430, start_date=20240627T080436, end_date=20240627T080506
[2024-06-27T08:05:06.327+0000] {standard_task_runner.py:110} ERROR - Failed to execute job 231 for task run_bronze_job (Docker container failed: {'StatusCode': 1}; 1100)
[2024-06-27T08:05:06.359+0000] {local_task_job_runner.py:240} INFO - Task exited with return code 1
[2024-06-27T08:05:06.374+0000] {taskinstance.py:3498} INFO - 0 downstream tasks scheduled from follow-on schedule check
[2024-06-27T08:05:06.376+0000] {local_task_job_runner.py:222} INFO - ::endgroup::
