[2024-06-27T07:23:58.080+0000] {local_task_job_runner.py:120} INFO - ::group::Pre task execution logs
[2024-06-27T07:23:58.188+0000] {taskinstance.py:2076} INFO - Dependencies all met for dep_context=non-requeueable deps ti=<TaskInstance: Stage_1.run_bronze_job manual__2024-06-27T07:23:56.287394+00:00 [queued]>
[2024-06-27T07:23:58.208+0000] {taskinstance.py:2076} INFO - Dependencies all met for dep_context=requeueable deps ti=<TaskInstance: Stage_1.run_bronze_job manual__2024-06-27T07:23:56.287394+00:00 [queued]>
[2024-06-27T07:23:58.209+0000] {taskinstance.py:2306} INFO - Starting attempt 1 of 1
[2024-06-27T07:23:58.243+0000] {taskinstance.py:2330} INFO - Executing <Task(DockerOperator): run_bronze_job> on 2024-06-27 07:23:56.287394+00:00
[2024-06-27T07:23:58.262+0000] {logging_mixin.py:188} WARNING - /home/***/.local/lib/python3.12/site-packages/***/task/task_runner/standard_task_runner.py:61 DeprecationWarning: This process (pid=545) is multi-threaded, use of fork() may lead to deadlocks in the child.
[2024-06-27T07:23:58.265+0000] {standard_task_runner.py:63} INFO - Started process 547 to run task
[2024-06-27T07:23:58.264+0000] {standard_task_runner.py:90} INFO - Running: ['***', 'tasks', 'run', 'Stage_1', 'run_bronze_job', 'manual__2024-06-27T07:23:56.287394+00:00', '--job-id', '162', '--raw', '--subdir', 'DAGS_FOLDER/kafka_dag.py', '--cfg-path', '/tmp/tmp_awqcyqs']
[2024-06-27T07:23:58.273+0000] {standard_task_runner.py:91} INFO - Job 162: Subtask run_bronze_job
[2024-06-27T07:23:58.323+0000] {logging_mixin.py:188} WARNING - /home/***/.local/lib/python3.12/site-packages/***/settings.py:195 DeprecationWarning: The sql_alchemy_conn option in [core] has been moved to the sql_alchemy_conn option in [database] - the old setting has been used, but please update your config.
[2024-06-27T07:23:58.449+0000] {task_command.py:426} INFO - Running <TaskInstance: Stage_1.run_bronze_job manual__2024-06-27T07:23:56.287394+00:00 [running]> on host 08bfa8b73cac
[2024-06-27T07:23:58.692+0000] {taskinstance.py:2648} INFO - Exporting env vars: AIRFLOW_CTX_DAG_OWNER='***' AIRFLOW_CTX_DAG_ID='Stage_1' AIRFLOW_CTX_TASK_ID='run_bronze_job' AIRFLOW_CTX_EXECUTION_DATE='2024-06-27T07:23:56.287394+00:00' AIRFLOW_CTX_TRY_NUMBER='1' AIRFLOW_CTX_DAG_RUN_ID='manual__2024-06-27T07:23:56.287394+00:00'
[2024-06-27T07:23:58.693+0000] {taskinstance.py:430} INFO - ::endgroup::
[2024-06-27T07:23:58.787+0000] {docker.py:366} INFO - Starting docker container from image bitnami/spark:latest
[2024-06-27T07:23:58.801+0000] {docker.py:374} WARNING - Using remote engine or docker-in-docker and mounting temporary volume from host is not supported. Falling back to `mount_tmp_dir=False` mode. You can set `mount_tmp_dir` parameter to False to disable mounting and remove the warning
[2024-06-27T07:23:59.673+0000] {docker.py:436} INFO - [38;5;6mspark [38;5;5m07:23:59.67 [0m[38;5;2mINFO [0m ==>
[2024-06-27T07:23:59.680+0000] {docker.py:436} INFO - [38;5;6mspark [38;5;5m07:23:59.67 [0m[38;5;2mINFO [0m ==> [1mWelcome to the Bitnami spark container[0m
[2024-06-27T07:23:59.687+0000] {docker.py:436} INFO - [38;5;6mspark [38;5;5m07:23:59.68 [0m[38;5;2mINFO [0m ==> Subscribe to project updates by watching [1mhttps://github.com/bitnami/containers[0m
[2024-06-27T07:23:59.693+0000] {docker.py:436} INFO - [38;5;6mspark [38;5;5m07:23:59.68 [0m[38;5;2mINFO [0m ==> Submit issues and feature requests at [1mhttps://github.com/bitnami/containers/issues[0m
[2024-06-27T07:23:59.705+0000] {docker.py:436} INFO - [38;5;6mspark [38;5;5m07:23:59.69 [0m[38;5;2mINFO [0m ==> Upgrade to Tanzu Application Catalog for production environments to access custom-configured and pre-packaged software components. Gain enhanced features, including Software Bill of Materials (SBOM), CVE scan result reports, and VEX documents. To learn more, visit [1mhttps://bitnami.com/enterprise[0m
[2024-06-27T07:23:59.717+0000] {docker.py:436} INFO - [38;5;6mspark [38;5;5m07:23:59.71 [0m[38;5;2mINFO [0m ==>
[2024-06-27T07:23:59.741+0000] {docker.py:436} INFO - 
[2024-06-27T07:24:03.441+0000] {docker.py:436} INFO - :: loading settings :: url = jar:file:/opt/bitnami/spark/jars/ivy-2.5.1.jar!/org/apache/ivy/core/settings/ivysettings.xml
[2024-06-27T07:24:03.570+0000] {docker.py:436} INFO - Ivy Default Cache set to: /opt/bitnami/spark/.ivy2/cache
The jars for the packages stored in: /opt/bitnami/spark/.ivy2/jars
[2024-06-27T07:24:03.579+0000] {docker.py:436} INFO - org.apache.spark#spark-sql-kafka-0-10_2.12 added as a dependency
org.postgresql#postgresql added as a dependency
[2024-06-27T07:24:03.580+0000] {docker.py:436} INFO - :: resolving dependencies :: org.apache.spark#spark-submit-parent-5001c0e6-aaf6-48f7-aed7-68bb777b51a4;1.0
	confs: [default]
[2024-06-27T07:24:05.135+0000] {docker.py:436} INFO - found org.apache.spark#spark-sql-kafka-0-10_2.12;3.3.0 in central
[2024-06-27T07:24:05.518+0000] {docker.py:436} INFO - found org.apache.spark#spark-token-provider-kafka-0-10_2.12;3.3.0 in central
[2024-06-27T07:24:05.608+0000] {docker.py:436} INFO - found org.apache.kafka#kafka-clients;2.8.1 in central
[2024-06-27T07:24:05.685+0000] {docker.py:436} INFO - found org.lz4#lz4-java;1.8.0 in central
[2024-06-27T07:24:05.755+0000] {docker.py:436} INFO - found org.xerial.snappy#snappy-java;1.1.8.4 in central
[2024-06-27T07:24:06.675+0000] {docker.py:436} INFO - found org.slf4j#slf4j-api;1.7.32 in central
[2024-06-27T07:24:07.092+0000] {docker.py:436} INFO - found org.apache.hadoop#hadoop-client-runtime;3.3.2 in central
[2024-06-27T07:24:07.223+0000] {docker.py:436} INFO - found org.spark-project.spark#unused;1.0.0 in central
[2024-06-27T07:24:07.327+0000] {docker.py:436} INFO - found org.apache.hadoop#hadoop-client-api;3.3.2 in central
[2024-06-27T07:24:09.343+0000] {docker.py:436} INFO - found commons-logging#commons-logging;1.1.3 in central
[2024-06-27T07:24:09.389+0000] {docker.py:436} INFO - found com.google.code.findbugs#jsr305;3.0.0 in central
[2024-06-27T07:24:10.464+0000] {docker.py:436} INFO - found org.apache.commons#commons-pool2;2.11.1 in central
[2024-06-27T07:24:12.712+0000] {docker.py:436} INFO - found org.postgresql#postgresql;42.2.2 in central
[2024-06-27T07:24:12.738+0000] {docker.py:436} INFO - downloading https://repo1.maven.org/maven2/org/apache/spark/spark-sql-kafka-0-10_2.12/3.3.0/spark-sql-kafka-0-10_2.12-3.3.0.jar ...
[2024-06-27T07:24:12.813+0000] {docker.py:436} INFO - [SUCCESSFUL ] org.apache.spark#spark-sql-kafka-0-10_2.12;3.3.0!spark-sql-kafka-0-10_2.12.jar (80ms)
[2024-06-27T07:24:12.827+0000] {docker.py:436} INFO - downloading https://repo1.maven.org/maven2/org/postgresql/postgresql/42.2.2/postgresql-42.2.2.jar ...
[2024-06-27T07:24:12.939+0000] {docker.py:436} INFO - [SUCCESSFUL ] org.postgresql#postgresql;42.2.2!postgresql.jar(bundle) (126ms)
[2024-06-27T07:24:12.950+0000] {docker.py:436} INFO - downloading https://repo1.maven.org/maven2/org/apache/spark/spark-token-provider-kafka-0-10_2.12/3.3.0/spark-token-provider-kafka-0-10_2.12-3.3.0.jar ...
[2024-06-27T07:24:12.967+0000] {docker.py:436} INFO - [SUCCESSFUL ] org.apache.spark#spark-token-provider-kafka-0-10_2.12;3.3.0!spark-token-provider-kafka-0-10_2.12.jar (26ms)
[2024-06-27T07:24:12.982+0000] {docker.py:436} INFO - downloading https://repo1.maven.org/maven2/org/apache/kafka/kafka-clients/2.8.1/kafka-clients-2.8.1.jar ...
[2024-06-27T07:24:13.860+0000] {docker.py:436} INFO - [SUCCESSFUL ] org.apache.kafka#kafka-clients;2.8.1!kafka-clients.jar (893ms)
[2024-06-27T07:24:13.870+0000] {docker.py:436} INFO - downloading https://repo1.maven.org/maven2/com/google/code/findbugs/jsr305/3.0.0/jsr305-3.0.0.jar ...
[2024-06-27T07:24:13.886+0000] {docker.py:436} INFO - [SUCCESSFUL ] com.google.code.findbugs#jsr305;3.0.0!jsr305.jar (24ms)
[2024-06-27T07:24:13.896+0000] {docker.py:436} INFO - downloading https://repo1.maven.org/maven2/org/apache/commons/commons-pool2/2.11.1/commons-pool2-2.11.1.jar ...
[2024-06-27T07:24:13.925+0000] {docker.py:436} INFO - [SUCCESSFUL ] org.apache.commons#commons-pool2;2.11.1!commons-pool2.jar (38ms)
[2024-06-27T07:24:13.936+0000] {docker.py:436} INFO - downloading https://repo1.maven.org/maven2/org/spark-project/spark/unused/1.0.0/unused-1.0.0.jar ...
[2024-06-27T07:24:13.946+0000] {docker.py:436} INFO - [SUCCESSFUL ] org.spark-project.spark#unused;1.0.0!unused.jar (21ms)
[2024-06-27T07:24:13.956+0000] {docker.py:436} INFO - downloading https://repo1.maven.org/maven2/org/apache/hadoop/hadoop-client-runtime/3.3.2/hadoop-client-runtime-3.3.2.jar ...
[2024-06-27T07:24:18.094+0000] {docker.py:436} INFO - [SUCCESSFUL ] org.apache.hadoop#hadoop-client-runtime;3.3.2!hadoop-client-runtime.jar (4147ms)
[2024-06-27T07:24:18.116+0000] {docker.py:436} INFO - downloading https://repo1.maven.org/maven2/org/lz4/lz4-java/1.8.0/lz4-java-1.8.0.jar ...
[2024-06-27T07:24:18.195+0000] {docker.py:436} INFO - [SUCCESSFUL ] org.lz4#lz4-java;1.8.0!lz4-java.jar (99ms)
[2024-06-27T07:24:18.208+0000] {docker.py:436} INFO - downloading https://repo1.maven.org/maven2/org/xerial/snappy/snappy-java/1.1.8.4/snappy-java-1.1.8.4.jar ...
[2024-06-27T07:24:18.453+0000] {docker.py:436} INFO - [SUCCESSFUL ] org.xerial.snappy#snappy-java;1.1.8.4!snappy-java.jar(bundle) (256ms)
[2024-06-27T07:24:18.470+0000] {docker.py:436} INFO - downloading https://repo1.maven.org/maven2/org/slf4j/slf4j-api/1.7.32/slf4j-api-1.7.32.jar ...
[2024-06-27T07:24:18.485+0000] {docker.py:436} INFO - [SUCCESSFUL ] org.slf4j#slf4j-api;1.7.32!slf4j-api.jar (32ms)
[2024-06-27T07:24:18.496+0000] {docker.py:436} INFO - downloading https://repo1.maven.org/maven2/org/apache/hadoop/hadoop-client-api/3.3.2/hadoop-client-api-3.3.2.jar ...
[2024-06-27T07:24:20.513+0000] {docker.py:436} INFO - [SUCCESSFUL ] org.apache.hadoop#hadoop-client-api;3.3.2!hadoop-client-api.jar (2026ms)
[2024-06-27T07:24:20.524+0000] {docker.py:436} INFO - downloading https://repo1.maven.org/maven2/commons-logging/commons-logging/1.1.3/commons-logging-1.1.3.jar ...
[2024-06-27T07:24:20.542+0000] {docker.py:436} INFO - [SUCCESSFUL ] commons-logging#commons-logging;1.1.3!commons-logging.jar (27ms)
[2024-06-27T07:24:20.543+0000] {docker.py:436} INFO - :: resolution report :: resolve 9145ms :: artifacts dl 7817ms
	:: modules in use:
	com.google.code.findbugs#jsr305;3.0.0 from central in [default]
	commons-logging#commons-logging;1.1.3 from central in [default]
	org.apache.commons#commons-pool2;2.11.1 from central in [default]
	org.apache.hadoop#hadoop-client-api;3.3.2 from central in [default]
	org.apache.hadoop#hadoop-client-runtime;3.3.2 from central in [default]
	org.apache.kafka#kafka-clients;2.8.1 from central in [default]
	org.apache.spark#spark-sql-kafka-0-10_2.12;3.3.0 from central in [default]
	org.apache.spark#spark-token-provider-kafka-0-10_2.12;3.3.0 from central in [default]
	org.lz4#lz4-java;1.8.0 from central in [default]
	org.postgresql#postgresql;42.2.2 from central in [default]
	org.slf4j#slf4j-api;1.7.32 from central in [default]
	org.spark-project.spark#unused;1.0.0 from central in [default]
	org.xerial.snappy#snappy-java;1.1.8.4 from central in [default]
[2024-06-27T07:24:20.543+0000] {docker.py:436} INFO - ---------------------------------------------------------------------
	|                  |            modules            ||   artifacts   |
	|       conf       | number| search|dwnlded|evicted|| number|dwnlded|
	---------------------------------------------------------------------
[2024-06-27T07:24:20.544+0000] {docker.py:436} INFO - |      default     |   13  |   13  |   13  |   0   ||   13  |   13  |
	---------------------------------------------------------------------
[2024-06-27T07:24:20.552+0000] {docker.py:436} INFO - :: retrieving :: org.apache.spark#spark-submit-parent-5001c0e6-aaf6-48f7-aed7-68bb777b51a4
[2024-06-27T07:24:20.553+0000] {docker.py:436} INFO - confs: [default]
[2024-06-27T07:24:20.647+0000] {docker.py:436} INFO - 13 artifacts copied, 0 already retrieved (57403kB/95ms)
[2024-06-27T07:24:21.019+0000] {docker.py:436} INFO - 24/06/27 07:24:21 WARN NativeCodeLoader: Unable to load native-hadoop library for your platform... using builtin-java classes where applicable
[2024-06-27T07:24:22.810+0000] {docker.py:436} INFO - 24/06/27 07:24:22 INFO SparkContext: Running Spark version 3.5.1
[2024-06-27T07:24:22.811+0000] {docker.py:436} INFO - 24/06/27 07:24:22 INFO SparkContext: OS info Linux, 6.5.0-41-generic, amd64
[2024-06-27T07:24:22.812+0000] {docker.py:436} INFO - 24/06/27 07:24:22 INFO SparkContext: Java version 17.0.11
[2024-06-27T07:24:22.865+0000] {docker.py:436} INFO - 24/06/27 07:24:22 INFO ResourceUtils: ==============================================================
[2024-06-27T07:24:22.866+0000] {docker.py:436} INFO - 24/06/27 07:24:22 INFO ResourceUtils: No custom resources configured for spark.driver.
[2024-06-27T07:24:22.867+0000] {docker.py:436} INFO - 24/06/27 07:24:22 INFO ResourceUtils: ==============================================================
[2024-06-27T07:24:22.868+0000] {docker.py:436} INFO - 24/06/27 07:24:22 INFO SparkContext: Submitted application: PostgreSQL Connection with PySpark
[2024-06-27T07:24:22.902+0000] {docker.py:436} INFO - 24/06/27 07:24:22 INFO ResourceProfile: Default ResourceProfile created, executor resources: Map(cores -> name: cores, amount: 1, script: , vendor: , memory -> name: memory, amount: 1024, script: , vendor: , offHeap -> name: offHeap, amount: 0, script: , vendor: ), task resources: Map(cpus -> name: cpus, amount: 1.0)
[2024-06-27T07:24:22.913+0000] {docker.py:436} INFO - 24/06/27 07:24:22 INFO ResourceProfile: Limiting resource is cpu
[2024-06-27T07:24:22.915+0000] {docker.py:436} INFO - 24/06/27 07:24:22 INFO ResourceProfileManager: Added ResourceProfile id: 0
[2024-06-27T07:24:22.982+0000] {docker.py:436} INFO - 24/06/27 07:24:22 INFO SecurityManager: Changing view acls to: spark
[2024-06-27T07:24:22.983+0000] {docker.py:436} INFO - 24/06/27 07:24:22 INFO SecurityManager: Changing modify acls to: spark
[2024-06-27T07:24:22.984+0000] {docker.py:436} INFO - 24/06/27 07:24:22 INFO SecurityManager: Changing view acls groups to:
[2024-06-27T07:24:22.984+0000] {docker.py:436} INFO - 24/06/27 07:24:22 INFO SecurityManager: Changing modify acls groups to:
[2024-06-27T07:24:22.985+0000] {docker.py:436} INFO - 24/06/27 07:24:22 INFO SecurityManager: SecurityManager: authentication disabled; ui acls disabled; users with view permissions: spark; groups with view permissions: EMPTY; users with modify permissions: spark; groups with modify permissions: EMPTY
[2024-06-27T07:24:23.412+0000] {docker.py:436} INFO - 24/06/27 07:24:23 INFO Utils: Successfully started service 'sparkDriver' on port 36765.
[2024-06-27T07:24:23.460+0000] {docker.py:436} INFO - 24/06/27 07:24:23 INFO SparkEnv: Registering MapOutputTracker
[2024-06-27T07:24:23.546+0000] {docker.py:436} INFO - 24/06/27 07:24:23 INFO SparkEnv: Registering BlockManagerMaster
[2024-06-27T07:24:23.576+0000] {docker.py:436} INFO - 24/06/27 07:24:23 INFO BlockManagerMasterEndpoint: Using org.apache.spark.storage.DefaultTopologyMapper for getting topology information
[2024-06-27T07:24:23.578+0000] {docker.py:436} INFO - 24/06/27 07:24:23 INFO BlockManagerMasterEndpoint: BlockManagerMasterEndpoint up
[2024-06-27T07:24:23.582+0000] {docker.py:436} INFO - 24/06/27 07:24:23 INFO SparkEnv: Registering BlockManagerMasterHeartbeat
[2024-06-27T07:24:23.612+0000] {docker.py:436} INFO - 24/06/27 07:24:23 INFO DiskBlockManager: Created local directory at /tmp/blockmgr-c1d9e34e-26f0-488d-ae4a-8fdda57732b0
[2024-06-27T07:24:23.642+0000] {docker.py:436} INFO - 24/06/27 07:24:23 INFO MemoryStore: MemoryStore started with capacity 434.4 MiB
[2024-06-27T07:24:23.687+0000] {docker.py:436} INFO - 24/06/27 07:24:23 INFO SparkEnv: Registering OutputCommitCoordinator
[2024-06-27T07:24:23.973+0000] {docker.py:436} INFO - 24/06/27 07:24:23 INFO JettyUtils: Start Jetty 0.0.0.0:4040 for SparkUI
[2024-06-27T07:24:24.310+0000] {docker.py:436} INFO - 24/06/27 07:24:24 INFO Utils: Successfully started service 'SparkUI' on port 4040.
[2024-06-27T07:24:24.439+0000] {docker.py:436} INFO - 24/06/27 07:24:24 INFO SparkContext: Added JAR file:///opt/bitnami/spark/.ivy2/jars/org.apache.spark_spark-sql-kafka-0-10_2.12-3.3.0.jar at spark://localhost:36765/jars/org.apache.spark_spark-sql-kafka-0-10_2.12-3.3.0.jar with timestamp 1719473062798
[2024-06-27T07:24:24.441+0000] {docker.py:436} INFO - 24/06/27 07:24:24 INFO SparkContext: Added JAR file:///opt/bitnami/spark/.ivy2/jars/org.postgresql_postgresql-42.2.2.jar at spark://localhost:36765/jars/org.postgresql_postgresql-42.2.2.jar with timestamp 1719473062798
[2024-06-27T07:24:24.443+0000] {docker.py:436} INFO - 24/06/27 07:24:24 INFO SparkContext: Added JAR file:///opt/bitnami/spark/.ivy2/jars/org.apache.spark_spark-token-provider-kafka-0-10_2.12-3.3.0.jar at spark://localhost:36765/jars/org.apache.spark_spark-token-provider-kafka-0-10_2.12-3.3.0.jar with timestamp 1719473062798
[2024-06-27T07:24:24.444+0000] {docker.py:436} INFO - 24/06/27 07:24:24 INFO SparkContext: Added JAR file:///opt/bitnami/spark/.ivy2/jars/org.apache.kafka_kafka-clients-2.8.1.jar at spark://localhost:36765/jars/org.apache.kafka_kafka-clients-2.8.1.jar with timestamp 1719473062798
[2024-06-27T07:24:24.446+0000] {docker.py:436} INFO - 24/06/27 07:24:24 INFO SparkContext: Added JAR file:///opt/bitnami/spark/.ivy2/jars/com.google.code.findbugs_jsr305-3.0.0.jar at spark://localhost:36765/jars/com.google.code.findbugs_jsr305-3.0.0.jar with timestamp 1719473062798
[2024-06-27T07:24:24.454+0000] {docker.py:436} INFO - 24/06/27 07:24:24 INFO SparkContext: Added JAR file:///opt/bitnami/spark/.ivy2/jars/org.apache.commons_commons-pool2-2.11.1.jar at spark://localhost:36765/jars/org.apache.commons_commons-pool2-2.11.1.jar with timestamp 1719473062798
[2024-06-27T07:24:24.458+0000] {docker.py:436} INFO - 24/06/27 07:24:24 INFO SparkContext: Added JAR file:///opt/bitnami/spark/.ivy2/jars/org.spark-project.spark_unused-1.0.0.jar at spark://localhost:36765/jars/org.spark-project.spark_unused-1.0.0.jar with timestamp 1719473062798
[2024-06-27T07:24:24.460+0000] {docker.py:436} INFO - 24/06/27 07:24:24 INFO SparkContext: Added JAR file:///opt/bitnami/spark/.ivy2/jars/org.apache.hadoop_hadoop-client-runtime-3.3.2.jar at spark://localhost:36765/jars/org.apache.hadoop_hadoop-client-runtime-3.3.2.jar with timestamp 1719473062798
[2024-06-27T07:24:24.461+0000] {docker.py:436} INFO - 24/06/27 07:24:24 INFO SparkContext: Added JAR file:///opt/bitnami/spark/.ivy2/jars/org.lz4_lz4-java-1.8.0.jar at spark://localhost:36765/jars/org.lz4_lz4-java-1.8.0.jar with timestamp 1719473062798
[2024-06-27T07:24:24.463+0000] {docker.py:436} INFO - 24/06/27 07:24:24 INFO SparkContext: Added JAR file:///opt/bitnami/spark/.ivy2/jars/org.xerial.snappy_snappy-java-1.1.8.4.jar at spark://localhost:36765/jars/org.xerial.snappy_snappy-java-1.1.8.4.jar with timestamp 1719473062798
[2024-06-27T07:24:24.467+0000] {docker.py:436} INFO - 24/06/27 07:24:24 INFO SparkContext: Added JAR file:///opt/bitnami/spark/.ivy2/jars/org.slf4j_slf4j-api-1.7.32.jar at spark://localhost:36765/jars/org.slf4j_slf4j-api-1.7.32.jar with timestamp 1719473062798
[2024-06-27T07:24:24.468+0000] {docker.py:436} INFO - 24/06/27 07:24:24 INFO SparkContext: Added JAR file:///opt/bitnami/spark/.ivy2/jars/org.apache.hadoop_hadoop-client-api-3.3.2.jar at spark://localhost:36765/jars/org.apache.hadoop_hadoop-client-api-3.3.2.jar with timestamp 1719473062798
[2024-06-27T07:24:24.473+0000] {docker.py:436} INFO - 24/06/27 07:24:24 INFO SparkContext: Added JAR file:///opt/bitnami/spark/.ivy2/jars/commons-logging_commons-logging-1.1.3.jar at spark://localhost:36765/jars/commons-logging_commons-logging-1.1.3.jar with timestamp 1719473062798
[2024-06-27T07:24:24.479+0000] {docker.py:436} INFO - 24/06/27 07:24:24 INFO SparkContext: Added file file:///opt/bitnami/spark/.ivy2/jars/org.apache.spark_spark-sql-kafka-0-10_2.12-3.3.0.jar at file:///opt/bitnami/spark/.ivy2/jars/org.apache.spark_spark-sql-kafka-0-10_2.12-3.3.0.jar with timestamp 1719473062798
[2024-06-27T07:24:24.487+0000] {docker.py:436} INFO - 24/06/27 07:24:24 INFO Utils: Copying /opt/bitnami/spark/.ivy2/jars/org.apache.spark_spark-sql-kafka-0-10_2.12-3.3.0.jar to /tmp/spark-112f53c4-37ed-496a-bbf1-aa02bef8ff39/userFiles-4fcc34ba-5b75-436c-8432-d49d18f1bf12/org.apache.spark_spark-sql-kafka-0-10_2.12-3.3.0.jar
[2024-06-27T07:24:24.500+0000] {docker.py:436} INFO - 24/06/27 07:24:24 INFO SparkContext: Added file file:///opt/bitnami/spark/.ivy2/jars/org.postgresql_postgresql-42.2.2.jar at file:///opt/bitnami/spark/.ivy2/jars/org.postgresql_postgresql-42.2.2.jar with timestamp 1719473062798
[2024-06-27T07:24:24.501+0000] {docker.py:436} INFO - 24/06/27 07:24:24 INFO Utils: Copying /opt/bitnami/spark/.ivy2/jars/org.postgresql_postgresql-42.2.2.jar to /tmp/spark-112f53c4-37ed-496a-bbf1-aa02bef8ff39/userFiles-4fcc34ba-5b75-436c-8432-d49d18f1bf12/org.postgresql_postgresql-42.2.2.jar
[2024-06-27T07:24:24.507+0000] {docker.py:436} INFO - 24/06/27 07:24:24 INFO SparkContext: Added file file:///opt/bitnami/spark/.ivy2/jars/org.apache.spark_spark-token-provider-kafka-0-10_2.12-3.3.0.jar at file:///opt/bitnami/spark/.ivy2/jars/org.apache.spark_spark-token-provider-kafka-0-10_2.12-3.3.0.jar with timestamp 1719473062798
[2024-06-27T07:24:24.508+0000] {docker.py:436} INFO - 24/06/27 07:24:24 INFO Utils: Copying /opt/bitnami/spark/.ivy2/jars/org.apache.spark_spark-token-provider-kafka-0-10_2.12-3.3.0.jar to /tmp/spark-112f53c4-37ed-496a-bbf1-aa02bef8ff39/userFiles-4fcc34ba-5b75-436c-8432-d49d18f1bf12/org.apache.spark_spark-token-provider-kafka-0-10_2.12-3.3.0.jar
[2024-06-27T07:24:24.514+0000] {docker.py:436} INFO - 24/06/27 07:24:24 INFO SparkContext: Added file file:///opt/bitnami/spark/.ivy2/jars/org.apache.kafka_kafka-clients-2.8.1.jar at file:///opt/bitnami/spark/.ivy2/jars/org.apache.kafka_kafka-clients-2.8.1.jar with timestamp 1719473062798
[2024-06-27T07:24:24.515+0000] {docker.py:436} INFO - 24/06/27 07:24:24 INFO Utils: Copying /opt/bitnami/spark/.ivy2/jars/org.apache.kafka_kafka-clients-2.8.1.jar to /tmp/spark-112f53c4-37ed-496a-bbf1-aa02bef8ff39/userFiles-4fcc34ba-5b75-436c-8432-d49d18f1bf12/org.apache.kafka_kafka-clients-2.8.1.jar
[2024-06-27T07:24:24.527+0000] {docker.py:436} INFO - 24/06/27 07:24:24 INFO SparkContext: Added file file:///opt/bitnami/spark/.ivy2/jars/com.google.code.findbugs_jsr305-3.0.0.jar at file:///opt/bitnami/spark/.ivy2/jars/com.google.code.findbugs_jsr305-3.0.0.jar with timestamp 1719473062798
[2024-06-27T07:24:24.528+0000] {docker.py:436} INFO - 24/06/27 07:24:24 INFO Utils: Copying /opt/bitnami/spark/.ivy2/jars/com.google.code.findbugs_jsr305-3.0.0.jar to /tmp/spark-112f53c4-37ed-496a-bbf1-aa02bef8ff39/userFiles-4fcc34ba-5b75-436c-8432-d49d18f1bf12/com.google.code.findbugs_jsr305-3.0.0.jar
[2024-06-27T07:24:24.537+0000] {docker.py:436} INFO - 24/06/27 07:24:24 INFO SparkContext: Added file file:///opt/bitnami/spark/.ivy2/jars/org.apache.commons_commons-pool2-2.11.1.jar at file:///opt/bitnami/spark/.ivy2/jars/org.apache.commons_commons-pool2-2.11.1.jar with timestamp 1719473062798
24/06/27 07:24:24 INFO Utils: Copying /opt/bitnami/spark/.ivy2/jars/org.apache.commons_commons-pool2-2.11.1.jar to /tmp/spark-112f53c4-37ed-496a-bbf1-aa02bef8ff39/userFiles-4fcc34ba-5b75-436c-8432-d49d18f1bf12/org.apache.commons_commons-pool2-2.11.1.jar
[2024-06-27T07:24:24.545+0000] {docker.py:436} INFO - 24/06/27 07:24:24 INFO SparkContext: Added file file:///opt/bitnami/spark/.ivy2/jars/org.spark-project.spark_unused-1.0.0.jar at file:///opt/bitnami/spark/.ivy2/jars/org.spark-project.spark_unused-1.0.0.jar with timestamp 1719473062798
[2024-06-27T07:24:24.546+0000] {docker.py:436} INFO - 24/06/27 07:24:24 INFO Utils: Copying /opt/bitnami/spark/.ivy2/jars/org.spark-project.spark_unused-1.0.0.jar to /tmp/spark-112f53c4-37ed-496a-bbf1-aa02bef8ff39/userFiles-4fcc34ba-5b75-436c-8432-d49d18f1bf12/org.spark-project.spark_unused-1.0.0.jar
[2024-06-27T07:24:24.554+0000] {docker.py:436} INFO - 24/06/27 07:24:24 INFO SparkContext: Added file file:///opt/bitnami/spark/.ivy2/jars/org.apache.hadoop_hadoop-client-runtime-3.3.2.jar at file:///opt/bitnami/spark/.ivy2/jars/org.apache.hadoop_hadoop-client-runtime-3.3.2.jar with timestamp 1719473062798
[2024-06-27T07:24:24.554+0000] {docker.py:436} INFO - 24/06/27 07:24:24 INFO Utils: Copying /opt/bitnami/spark/.ivy2/jars/org.apache.hadoop_hadoop-client-runtime-3.3.2.jar to /tmp/spark-112f53c4-37ed-496a-bbf1-aa02bef8ff39/userFiles-4fcc34ba-5b75-436c-8432-d49d18f1bf12/org.apache.hadoop_hadoop-client-runtime-3.3.2.jar
[2024-06-27T07:24:24.589+0000] {docker.py:436} INFO - 24/06/27 07:24:24 INFO SparkContext: Added file file:///opt/bitnami/spark/.ivy2/jars/org.lz4_lz4-java-1.8.0.jar at file:///opt/bitnami/spark/.ivy2/jars/org.lz4_lz4-java-1.8.0.jar with timestamp 1719473062798
[2024-06-27T07:24:24.589+0000] {docker.py:436} INFO - 24/06/27 07:24:24 INFO Utils: Copying /opt/bitnami/spark/.ivy2/jars/org.lz4_lz4-java-1.8.0.jar to /tmp/spark-112f53c4-37ed-496a-bbf1-aa02bef8ff39/userFiles-4fcc34ba-5b75-436c-8432-d49d18f1bf12/org.lz4_lz4-java-1.8.0.jar
[2024-06-27T07:24:24.595+0000] {docker.py:436} INFO - 24/06/27 07:24:24 INFO SparkContext: Added file file:///opt/bitnami/spark/.ivy2/jars/org.xerial.snappy_snappy-java-1.1.8.4.jar at file:///opt/bitnami/spark/.ivy2/jars/org.xerial.snappy_snappy-java-1.1.8.4.jar with timestamp 1719473062798
[2024-06-27T07:24:24.598+0000] {docker.py:436} INFO - 24/06/27 07:24:24 INFO Utils: Copying /opt/bitnami/spark/.ivy2/jars/org.xerial.snappy_snappy-java-1.1.8.4.jar to /tmp/spark-112f53c4-37ed-496a-bbf1-aa02bef8ff39/userFiles-4fcc34ba-5b75-436c-8432-d49d18f1bf12/org.xerial.snappy_snappy-java-1.1.8.4.jar
[2024-06-27T07:24:24.605+0000] {docker.py:436} INFO - 24/06/27 07:24:24 INFO SparkContext: Added file file:///opt/bitnami/spark/.ivy2/jars/org.slf4j_slf4j-api-1.7.32.jar at file:///opt/bitnami/spark/.ivy2/jars/org.slf4j_slf4j-api-1.7.32.jar with timestamp 1719473062798
[2024-06-27T07:24:24.605+0000] {docker.py:436} INFO - 24/06/27 07:24:24 INFO Utils: Copying /opt/bitnami/spark/.ivy2/jars/org.slf4j_slf4j-api-1.7.32.jar to /tmp/spark-112f53c4-37ed-496a-bbf1-aa02bef8ff39/userFiles-4fcc34ba-5b75-436c-8432-d49d18f1bf12/org.slf4j_slf4j-api-1.7.32.jar
[2024-06-27T07:24:24.611+0000] {docker.py:436} INFO - 24/06/27 07:24:24 INFO SparkContext: Added file file:///opt/bitnami/spark/.ivy2/jars/org.apache.hadoop_hadoop-client-api-3.3.2.jar at file:///opt/bitnami/spark/.ivy2/jars/org.apache.hadoop_hadoop-client-api-3.3.2.jar with timestamp 1719473062798
[2024-06-27T07:24:24.612+0000] {docker.py:436} INFO - 24/06/27 07:24:24 INFO Utils: Copying /opt/bitnami/spark/.ivy2/jars/org.apache.hadoop_hadoop-client-api-3.3.2.jar to /tmp/spark-112f53c4-37ed-496a-bbf1-aa02bef8ff39/userFiles-4fcc34ba-5b75-436c-8432-d49d18f1bf12/org.apache.hadoop_hadoop-client-api-3.3.2.jar
[2024-06-27T07:24:24.642+0000] {docker.py:436} INFO - 24/06/27 07:24:24 INFO SparkContext: Added file file:///opt/bitnami/spark/.ivy2/jars/commons-logging_commons-logging-1.1.3.jar at file:///opt/bitnami/spark/.ivy2/jars/commons-logging_commons-logging-1.1.3.jar with timestamp 1719473062798
[2024-06-27T07:24:24.643+0000] {docker.py:436} INFO - 24/06/27 07:24:24 INFO Utils: Copying /opt/bitnami/spark/.ivy2/jars/commons-logging_commons-logging-1.1.3.jar to /tmp/spark-112f53c4-37ed-496a-bbf1-aa02bef8ff39/userFiles-4fcc34ba-5b75-436c-8432-d49d18f1bf12/commons-logging_commons-logging-1.1.3.jar
[2024-06-27T07:24:24.747+0000] {docker.py:436} INFO - 24/06/27 07:24:24 INFO Executor: Starting executor ID driver on host localhost
[2024-06-27T07:24:24.748+0000] {docker.py:436} INFO - 24/06/27 07:24:24 INFO Executor: OS info Linux, 6.5.0-41-generic, amd64
[2024-06-27T07:24:24.749+0000] {docker.py:436} INFO - 24/06/27 07:24:24 INFO Executor: Java version 17.0.11
[2024-06-27T07:24:24.761+0000] {docker.py:436} INFO - 24/06/27 07:24:24 INFO Executor: Starting executor with user classpath (userClassPathFirst = false): ''
[2024-06-27T07:24:24.762+0000] {docker.py:436} INFO - 24/06/27 07:24:24 INFO Executor: Created or updated repl class loader org.apache.spark.util.MutableURLClassLoader@1e5b809a for default.
[2024-06-27T07:24:24.779+0000] {docker.py:436} INFO - 24/06/27 07:24:24 INFO Executor: Fetching file:///opt/bitnami/spark/.ivy2/jars/org.postgresql_postgresql-42.2.2.jar with timestamp 1719473062798
[2024-06-27T07:24:24.815+0000] {docker.py:436} INFO - 24/06/27 07:24:24 INFO Utils: /opt/bitnami/spark/.ivy2/jars/org.postgresql_postgresql-42.2.2.jar has been previously copied to /tmp/spark-112f53c4-37ed-496a-bbf1-aa02bef8ff39/userFiles-4fcc34ba-5b75-436c-8432-d49d18f1bf12/org.postgresql_postgresql-42.2.2.jar
[2024-06-27T07:24:24.822+0000] {docker.py:436} INFO - 24/06/27 07:24:24 INFO Executor: Fetching file:///opt/bitnami/spark/.ivy2/jars/org.apache.hadoop_hadoop-client-api-3.3.2.jar with timestamp 1719473062798
[2024-06-27T07:24:24.846+0000] {docker.py:436} INFO - 24/06/27 07:24:24 INFO Utils: /opt/bitnami/spark/.ivy2/jars/org.apache.hadoop_hadoop-client-api-3.3.2.jar has been previously copied to /tmp/spark-112f53c4-37ed-496a-bbf1-aa02bef8ff39/userFiles-4fcc34ba-5b75-436c-8432-d49d18f1bf12/org.apache.hadoop_hadoop-client-api-3.3.2.jar
[2024-06-27T07:24:24.850+0000] {docker.py:436} INFO - 24/06/27 07:24:24 INFO Executor: Fetching file:///opt/bitnami/spark/.ivy2/jars/org.xerial.snappy_snappy-java-1.1.8.4.jar with timestamp 1719473062798
[2024-06-27T07:24:24.853+0000] {docker.py:436} INFO - 24/06/27 07:24:24 INFO Utils: /opt/bitnami/spark/.ivy2/jars/org.xerial.snappy_snappy-java-1.1.8.4.jar has been previously copied to /tmp/spark-112f53c4-37ed-496a-bbf1-aa02bef8ff39/userFiles-4fcc34ba-5b75-436c-8432-d49d18f1bf12/org.xerial.snappy_snappy-java-1.1.8.4.jar
[2024-06-27T07:24:24.858+0000] {docker.py:436} INFO - 24/06/27 07:24:24 INFO Executor: Fetching file:///opt/bitnami/spark/.ivy2/jars/org.apache.hadoop_hadoop-client-runtime-3.3.2.jar with timestamp 1719473062798
[2024-06-27T07:24:24.897+0000] {docker.py:436} INFO - 24/06/27 07:24:24 INFO Utils: /opt/bitnami/spark/.ivy2/jars/org.apache.hadoop_hadoop-client-runtime-3.3.2.jar has been previously copied to /tmp/spark-112f53c4-37ed-496a-bbf1-aa02bef8ff39/userFiles-4fcc34ba-5b75-436c-8432-d49d18f1bf12/org.apache.hadoop_hadoop-client-runtime-3.3.2.jar
[2024-06-27T07:24:24.898+0000] {docker.py:436} INFO - 24/06/27 07:24:24 INFO Executor: Fetching file:///opt/bitnami/spark/.ivy2/jars/org.apache.commons_commons-pool2-2.11.1.jar with timestamp 1719473062798
[2024-06-27T07:24:24.901+0000] {docker.py:436} INFO - 24/06/27 07:24:24 INFO Utils: /opt/bitnami/spark/.ivy2/jars/org.apache.commons_commons-pool2-2.11.1.jar has been previously copied to /tmp/spark-112f53c4-37ed-496a-bbf1-aa02bef8ff39/userFiles-4fcc34ba-5b75-436c-8432-d49d18f1bf12/org.apache.commons_commons-pool2-2.11.1.jar
[2024-06-27T07:24:24.908+0000] {docker.py:436} INFO - 24/06/27 07:24:24 INFO Executor: Fetching file:///opt/bitnami/spark/.ivy2/jars/org.apache.spark_spark-token-provider-kafka-0-10_2.12-3.3.0.jar with timestamp 1719473062798
[2024-06-27T07:24:24.910+0000] {docker.py:436} INFO - 24/06/27 07:24:24 INFO Utils: /opt/bitnami/spark/.ivy2/jars/org.apache.spark_spark-token-provider-kafka-0-10_2.12-3.3.0.jar has been previously copied to /tmp/spark-112f53c4-37ed-496a-bbf1-aa02bef8ff39/userFiles-4fcc34ba-5b75-436c-8432-d49d18f1bf12/org.apache.spark_spark-token-provider-kafka-0-10_2.12-3.3.0.jar
[2024-06-27T07:24:24.916+0000] {docker.py:436} INFO - 24/06/27 07:24:24 INFO Executor: Fetching file:///opt/bitnami/spark/.ivy2/jars/org.slf4j_slf4j-api-1.7.32.jar with timestamp 1719473062798
[2024-06-27T07:24:24.917+0000] {docker.py:436} INFO - 24/06/27 07:24:24 INFO Utils: /opt/bitnami/spark/.ivy2/jars/org.slf4j_slf4j-api-1.7.32.jar has been previously copied to /tmp/spark-112f53c4-37ed-496a-bbf1-aa02bef8ff39/userFiles-4fcc34ba-5b75-436c-8432-d49d18f1bf12/org.slf4j_slf4j-api-1.7.32.jar
[2024-06-27T07:24:24.924+0000] {docker.py:436} INFO - 24/06/27 07:24:24 INFO Executor: Fetching file:///opt/bitnami/spark/.ivy2/jars/org.apache.spark_spark-sql-kafka-0-10_2.12-3.3.0.jar with timestamp 1719473062798
[2024-06-27T07:24:24.925+0000] {docker.py:436} INFO - 24/06/27 07:24:24 INFO Utils: /opt/bitnami/spark/.ivy2/jars/org.apache.spark_spark-sql-kafka-0-10_2.12-3.3.0.jar has been previously copied to /tmp/spark-112f53c4-37ed-496a-bbf1-aa02bef8ff39/userFiles-4fcc34ba-5b75-436c-8432-d49d18f1bf12/org.apache.spark_spark-sql-kafka-0-10_2.12-3.3.0.jar
[2024-06-27T07:24:24.933+0000] {docker.py:436} INFO - 24/06/27 07:24:24 INFO Executor: Fetching file:///opt/bitnami/spark/.ivy2/jars/com.google.code.findbugs_jsr305-3.0.0.jar with timestamp 1719473062798
[2024-06-27T07:24:24.933+0000] {docker.py:436} INFO - 24/06/27 07:24:24 INFO Utils: /opt/bitnami/spark/.ivy2/jars/com.google.code.findbugs_jsr305-3.0.0.jar has been previously copied to /tmp/spark-112f53c4-37ed-496a-bbf1-aa02bef8ff39/userFiles-4fcc34ba-5b75-436c-8432-d49d18f1bf12/com.google.code.findbugs_jsr305-3.0.0.jar
[2024-06-27T07:24:24.940+0000] {docker.py:436} INFO - 24/06/27 07:24:24 INFO Executor: Fetching file:///opt/bitnami/spark/.ivy2/jars/org.lz4_lz4-java-1.8.0.jar with timestamp 1719473062798
[2024-06-27T07:24:24.942+0000] {docker.py:436} INFO - 24/06/27 07:24:24 INFO Utils: /opt/bitnami/spark/.ivy2/jars/org.lz4_lz4-java-1.8.0.jar has been previously copied to /tmp/spark-112f53c4-37ed-496a-bbf1-aa02bef8ff39/userFiles-4fcc34ba-5b75-436c-8432-d49d18f1bf12/org.lz4_lz4-java-1.8.0.jar
[2024-06-27T07:24:24.948+0000] {docker.py:436} INFO - 24/06/27 07:24:24 INFO Executor: Fetching file:///opt/bitnami/spark/.ivy2/jars/commons-logging_commons-logging-1.1.3.jar with timestamp 1719473062798
[2024-06-27T07:24:24.949+0000] {docker.py:436} INFO - 24/06/27 07:24:24 INFO Utils: /opt/bitnami/spark/.ivy2/jars/commons-logging_commons-logging-1.1.3.jar has been previously copied to /tmp/spark-112f53c4-37ed-496a-bbf1-aa02bef8ff39/userFiles-4fcc34ba-5b75-436c-8432-d49d18f1bf12/commons-logging_commons-logging-1.1.3.jar
[2024-06-27T07:24:24.954+0000] {docker.py:436} INFO - 24/06/27 07:24:24 INFO Executor: Fetching file:///opt/bitnami/spark/.ivy2/jars/org.spark-project.spark_unused-1.0.0.jar with timestamp 1719473062798
[2024-06-27T07:24:24.955+0000] {docker.py:436} INFO - 24/06/27 07:24:24 INFO Utils: /opt/bitnami/spark/.ivy2/jars/org.spark-project.spark_unused-1.0.0.jar has been previously copied to /tmp/spark-112f53c4-37ed-496a-bbf1-aa02bef8ff39/userFiles-4fcc34ba-5b75-436c-8432-d49d18f1bf12/org.spark-project.spark_unused-1.0.0.jar
[2024-06-27T07:24:24.962+0000] {docker.py:436} INFO - 24/06/27 07:24:24 INFO Executor: Fetching file:///opt/bitnami/spark/.ivy2/jars/org.apache.kafka_kafka-clients-2.8.1.jar with timestamp 1719473062798
[2024-06-27T07:24:24.969+0000] {docker.py:436} INFO - 24/06/27 07:24:24 INFO Utils: /opt/bitnami/spark/.ivy2/jars/org.apache.kafka_kafka-clients-2.8.1.jar has been previously copied to /tmp/spark-112f53c4-37ed-496a-bbf1-aa02bef8ff39/userFiles-4fcc34ba-5b75-436c-8432-d49d18f1bf12/org.apache.kafka_kafka-clients-2.8.1.jar
[2024-06-27T07:24:24.978+0000] {docker.py:436} INFO - 24/06/27 07:24:24 INFO Executor: Fetching spark://localhost:36765/jars/org.apache.spark_spark-sql-kafka-0-10_2.12-3.3.0.jar with timestamp 1719473062798
[2024-06-27T07:24:25.033+0000] {docker.py:436} INFO - 24/06/27 07:24:25 INFO TransportClientFactory: Successfully created connection to localhost/127.0.0.1:36765 after 41 ms (0 ms spent in bootstraps)
[2024-06-27T07:24:25.045+0000] {docker.py:436} INFO - 24/06/27 07:24:25 INFO Utils: Fetching spark://localhost:36765/jars/org.apache.spark_spark-sql-kafka-0-10_2.12-3.3.0.jar to /tmp/spark-112f53c4-37ed-496a-bbf1-aa02bef8ff39/userFiles-4fcc34ba-5b75-436c-8432-d49d18f1bf12/fetchFileTemp16195965041467938735.tmp
[2024-06-27T07:24:25.079+0000] {docker.py:436} INFO - 24/06/27 07:24:25 INFO Utils: /tmp/spark-112f53c4-37ed-496a-bbf1-aa02bef8ff39/userFiles-4fcc34ba-5b75-436c-8432-d49d18f1bf12/fetchFileTemp16195965041467938735.tmp has been previously copied to /tmp/spark-112f53c4-37ed-496a-bbf1-aa02bef8ff39/userFiles-4fcc34ba-5b75-436c-8432-d49d18f1bf12/org.apache.spark_spark-sql-kafka-0-10_2.12-3.3.0.jar
[2024-06-27T07:24:25.086+0000] {docker.py:436} INFO - 24/06/27 07:24:25 INFO Executor: Adding file:/tmp/spark-112f53c4-37ed-496a-bbf1-aa02bef8ff39/userFiles-4fcc34ba-5b75-436c-8432-d49d18f1bf12/org.apache.spark_spark-sql-kafka-0-10_2.12-3.3.0.jar to class loader default
[2024-06-27T07:24:25.087+0000] {docker.py:436} INFO - 24/06/27 07:24:25 INFO Executor: Fetching spark://localhost:36765/jars/org.spark-project.spark_unused-1.0.0.jar with timestamp 1719473062798
[2024-06-27T07:24:25.088+0000] {docker.py:436} INFO - 24/06/27 07:24:25 INFO Utils: Fetching spark://localhost:36765/jars/org.spark-project.spark_unused-1.0.0.jar to /tmp/spark-112f53c4-37ed-496a-bbf1-aa02bef8ff39/userFiles-4fcc34ba-5b75-436c-8432-d49d18f1bf12/fetchFileTemp10577686663782254097.tmp
[2024-06-27T07:24:25.090+0000] {docker.py:436} INFO - 24/06/27 07:24:25 INFO Utils: /tmp/spark-112f53c4-37ed-496a-bbf1-aa02bef8ff39/userFiles-4fcc34ba-5b75-436c-8432-d49d18f1bf12/fetchFileTemp10577686663782254097.tmp has been previously copied to /tmp/spark-112f53c4-37ed-496a-bbf1-aa02bef8ff39/userFiles-4fcc34ba-5b75-436c-8432-d49d18f1bf12/org.spark-project.spark_unused-1.0.0.jar
[2024-06-27T07:24:25.094+0000] {docker.py:436} INFO - 24/06/27 07:24:25 INFO Executor: Adding file:/tmp/spark-112f53c4-37ed-496a-bbf1-aa02bef8ff39/userFiles-4fcc34ba-5b75-436c-8432-d49d18f1bf12/org.spark-project.spark_unused-1.0.0.jar to class loader default
[2024-06-27T07:24:25.095+0000] {docker.py:436} INFO - 24/06/27 07:24:25 INFO Executor: Fetching spark://localhost:36765/jars/org.xerial.snappy_snappy-java-1.1.8.4.jar with timestamp 1719473062798
[2024-06-27T07:24:25.096+0000] {docker.py:436} INFO - 24/06/27 07:24:25 INFO Utils: Fetching spark://localhost:36765/jars/org.xerial.snappy_snappy-java-1.1.8.4.jar to /tmp/spark-112f53c4-37ed-496a-bbf1-aa02bef8ff39/userFiles-4fcc34ba-5b75-436c-8432-d49d18f1bf12/fetchFileTemp4327386012899106378.tmp
[2024-06-27T07:24:25.114+0000] {docker.py:436} INFO - 24/06/27 07:24:25 INFO Utils: /tmp/spark-112f53c4-37ed-496a-bbf1-aa02bef8ff39/userFiles-4fcc34ba-5b75-436c-8432-d49d18f1bf12/fetchFileTemp4327386012899106378.tmp has been previously copied to /tmp/spark-112f53c4-37ed-496a-bbf1-aa02bef8ff39/userFiles-4fcc34ba-5b75-436c-8432-d49d18f1bf12/org.xerial.snappy_snappy-java-1.1.8.4.jar
[2024-06-27T07:24:25.120+0000] {docker.py:436} INFO - 24/06/27 07:24:25 INFO Executor: Adding file:/tmp/spark-112f53c4-37ed-496a-bbf1-aa02bef8ff39/userFiles-4fcc34ba-5b75-436c-8432-d49d18f1bf12/org.xerial.snappy_snappy-java-1.1.8.4.jar to class loader default
[2024-06-27T07:24:25.121+0000] {docker.py:436} INFO - 24/06/27 07:24:25 INFO Executor: Fetching spark://localhost:36765/jars/org.apache.hadoop_hadoop-client-api-3.3.2.jar with timestamp 1719473062798
[2024-06-27T07:24:25.122+0000] {docker.py:436} INFO - 24/06/27 07:24:25 INFO Utils: Fetching spark://localhost:36765/jars/org.apache.hadoop_hadoop-client-api-3.3.2.jar to /tmp/spark-112f53c4-37ed-496a-bbf1-aa02bef8ff39/userFiles-4fcc34ba-5b75-436c-8432-d49d18f1bf12/fetchFileTemp12784676009822882654.tmp
[2024-06-27T07:24:25.299+0000] {docker.py:436} INFO - 24/06/27 07:24:25 INFO Utils: /tmp/spark-112f53c4-37ed-496a-bbf1-aa02bef8ff39/userFiles-4fcc34ba-5b75-436c-8432-d49d18f1bf12/fetchFileTemp12784676009822882654.tmp has been previously copied to /tmp/spark-112f53c4-37ed-496a-bbf1-aa02bef8ff39/userFiles-4fcc34ba-5b75-436c-8432-d49d18f1bf12/org.apache.hadoop_hadoop-client-api-3.3.2.jar
[2024-06-27T07:24:25.308+0000] {docker.py:436} INFO - 24/06/27 07:24:25 INFO Executor: Adding file:/tmp/spark-112f53c4-37ed-496a-bbf1-aa02bef8ff39/userFiles-4fcc34ba-5b75-436c-8432-d49d18f1bf12/org.apache.hadoop_hadoop-client-api-3.3.2.jar to class loader default
[2024-06-27T07:24:25.309+0000] {docker.py:436} INFO - 24/06/27 07:24:25 INFO Executor: Fetching spark://localhost:36765/jars/org.postgresql_postgresql-42.2.2.jar with timestamp 1719473062798
[2024-06-27T07:24:25.310+0000] {docker.py:436} INFO - 24/06/27 07:24:25 INFO Utils: Fetching spark://localhost:36765/jars/org.postgresql_postgresql-42.2.2.jar to /tmp/spark-112f53c4-37ed-496a-bbf1-aa02bef8ff39/userFiles-4fcc34ba-5b75-436c-8432-d49d18f1bf12/fetchFileTemp5006772428779515847.tmp
[2024-06-27T07:24:25.316+0000] {docker.py:436} INFO - 24/06/27 07:24:25 INFO Utils: /tmp/spark-112f53c4-37ed-496a-bbf1-aa02bef8ff39/userFiles-4fcc34ba-5b75-436c-8432-d49d18f1bf12/fetchFileTemp5006772428779515847.tmp has been previously copied to /tmp/spark-112f53c4-37ed-496a-bbf1-aa02bef8ff39/userFiles-4fcc34ba-5b75-436c-8432-d49d18f1bf12/org.postgresql_postgresql-42.2.2.jar
[2024-06-27T07:24:25.321+0000] {docker.py:436} INFO - 24/06/27 07:24:25 INFO Executor: Adding file:/tmp/spark-112f53c4-37ed-496a-bbf1-aa02bef8ff39/userFiles-4fcc34ba-5b75-436c-8432-d49d18f1bf12/org.postgresql_postgresql-42.2.2.jar to class loader default
[2024-06-27T07:24:25.322+0000] {docker.py:436} INFO - 24/06/27 07:24:25 INFO Executor: Fetching spark://localhost:36765/jars/org.apache.spark_spark-token-provider-kafka-0-10_2.12-3.3.0.jar with timestamp 1719473062798
[2024-06-27T07:24:25.322+0000] {docker.py:436} INFO - 24/06/27 07:24:25 INFO Utils: Fetching spark://localhost:36765/jars/org.apache.spark_spark-token-provider-kafka-0-10_2.12-3.3.0.jar to /tmp/spark-112f53c4-37ed-496a-bbf1-aa02bef8ff39/userFiles-4fcc34ba-5b75-436c-8432-d49d18f1bf12/fetchFileTemp2508779612756745972.tmp
[2024-06-27T07:24:25.324+0000] {docker.py:436} INFO - 24/06/27 07:24:25 INFO Utils: /tmp/spark-112f53c4-37ed-496a-bbf1-aa02bef8ff39/userFiles-4fcc34ba-5b75-436c-8432-d49d18f1bf12/fetchFileTemp2508779612756745972.tmp has been previously copied to /tmp/spark-112f53c4-37ed-496a-bbf1-aa02bef8ff39/userFiles-4fcc34ba-5b75-436c-8432-d49d18f1bf12/org.apache.spark_spark-token-provider-kafka-0-10_2.12-3.3.0.jar
[2024-06-27T07:24:25.328+0000] {docker.py:436} INFO - 24/06/27 07:24:25 INFO Executor: Adding file:/tmp/spark-112f53c4-37ed-496a-bbf1-aa02bef8ff39/userFiles-4fcc34ba-5b75-436c-8432-d49d18f1bf12/org.apache.spark_spark-token-provider-kafka-0-10_2.12-3.3.0.jar to class loader default
[2024-06-27T07:24:25.329+0000] {docker.py:436} INFO - 24/06/27 07:24:25 INFO Executor: Fetching spark://localhost:36765/jars/commons-logging_commons-logging-1.1.3.jar with timestamp 1719473062798
[2024-06-27T07:24:25.331+0000] {docker.py:436} INFO - 24/06/27 07:24:25 INFO Utils: Fetching spark://localhost:36765/jars/commons-logging_commons-logging-1.1.3.jar to /tmp/spark-112f53c4-37ed-496a-bbf1-aa02bef8ff39/userFiles-4fcc34ba-5b75-436c-8432-d49d18f1bf12/fetchFileTemp4972484135771546408.tmp
[2024-06-27T07:24:25.334+0000] {docker.py:436} INFO - 24/06/27 07:24:25 INFO Utils: /tmp/spark-112f53c4-37ed-496a-bbf1-aa02bef8ff39/userFiles-4fcc34ba-5b75-436c-8432-d49d18f1bf12/fetchFileTemp4972484135771546408.tmp has been previously copied to /tmp/spark-112f53c4-37ed-496a-bbf1-aa02bef8ff39/userFiles-4fcc34ba-5b75-436c-8432-d49d18f1bf12/commons-logging_commons-logging-1.1.3.jar
[2024-06-27T07:24:25.338+0000] {docker.py:436} INFO - 24/06/27 07:24:25 INFO Executor: Adding file:/tmp/spark-112f53c4-37ed-496a-bbf1-aa02bef8ff39/userFiles-4fcc34ba-5b75-436c-8432-d49d18f1bf12/commons-logging_commons-logging-1.1.3.jar to class loader default
[2024-06-27T07:24:25.338+0000] {docker.py:436} INFO - 24/06/27 07:24:25 INFO Executor: Fetching spark://localhost:36765/jars/org.apache.commons_commons-pool2-2.11.1.jar with timestamp 1719473062798
[2024-06-27T07:24:25.339+0000] {docker.py:436} INFO - 24/06/27 07:24:25 INFO Utils: Fetching spark://localhost:36765/jars/org.apache.commons_commons-pool2-2.11.1.jar to /tmp/spark-112f53c4-37ed-496a-bbf1-aa02bef8ff39/userFiles-4fcc34ba-5b75-436c-8432-d49d18f1bf12/fetchFileTemp13326185992008539685.tmp
[2024-06-27T07:24:25.340+0000] {docker.py:436} INFO - 24/06/27 07:24:25 INFO Utils: /tmp/spark-112f53c4-37ed-496a-bbf1-aa02bef8ff39/userFiles-4fcc34ba-5b75-436c-8432-d49d18f1bf12/fetchFileTemp13326185992008539685.tmp has been previously copied to /tmp/spark-112f53c4-37ed-496a-bbf1-aa02bef8ff39/userFiles-4fcc34ba-5b75-436c-8432-d49d18f1bf12/org.apache.commons_commons-pool2-2.11.1.jar
[2024-06-27T07:24:25.345+0000] {docker.py:436} INFO - 24/06/27 07:24:25 INFO Executor: Adding file:/tmp/spark-112f53c4-37ed-496a-bbf1-aa02bef8ff39/userFiles-4fcc34ba-5b75-436c-8432-d49d18f1bf12/org.apache.commons_commons-pool2-2.11.1.jar to class loader default
[2024-06-27T07:24:25.346+0000] {docker.py:436} INFO - 24/06/27 07:24:25 INFO Executor: Fetching spark://localhost:36765/jars/org.lz4_lz4-java-1.8.0.jar with timestamp 1719473062798
[2024-06-27T07:24:25.346+0000] {docker.py:436} INFO - 24/06/27 07:24:25 INFO Utils: Fetching spark://localhost:36765/jars/org.lz4_lz4-java-1.8.0.jar to /tmp/spark-112f53c4-37ed-496a-bbf1-aa02bef8ff39/userFiles-4fcc34ba-5b75-436c-8432-d49d18f1bf12/fetchFileTemp89960709454953913.tmp
[2024-06-27T07:24:25.350+0000] {docker.py:436} INFO - 24/06/27 07:24:25 INFO Utils: /tmp/spark-112f53c4-37ed-496a-bbf1-aa02bef8ff39/userFiles-4fcc34ba-5b75-436c-8432-d49d18f1bf12/fetchFileTemp89960709454953913.tmp has been previously copied to /tmp/spark-112f53c4-37ed-496a-bbf1-aa02bef8ff39/userFiles-4fcc34ba-5b75-436c-8432-d49d18f1bf12/org.lz4_lz4-java-1.8.0.jar
[2024-06-27T07:24:25.355+0000] {docker.py:436} INFO - 24/06/27 07:24:25 INFO Executor: Adding file:/tmp/spark-112f53c4-37ed-496a-bbf1-aa02bef8ff39/userFiles-4fcc34ba-5b75-436c-8432-d49d18f1bf12/org.lz4_lz4-java-1.8.0.jar to class loader default
[2024-06-27T07:24:25.356+0000] {docker.py:436} INFO - 24/06/27 07:24:25 INFO Executor: Fetching spark://localhost:36765/jars/org.slf4j_slf4j-api-1.7.32.jar with timestamp 1719473062798
[2024-06-27T07:24:25.357+0000] {docker.py:436} INFO - 24/06/27 07:24:25 INFO Utils: Fetching spark://localhost:36765/jars/org.slf4j_slf4j-api-1.7.32.jar to /tmp/spark-112f53c4-37ed-496a-bbf1-aa02bef8ff39/userFiles-4fcc34ba-5b75-436c-8432-d49d18f1bf12/fetchFileTemp2760757170500796036.tmp
[2024-06-27T07:24:25.358+0000] {docker.py:436} INFO - 24/06/27 07:24:25 INFO Utils: /tmp/spark-112f53c4-37ed-496a-bbf1-aa02bef8ff39/userFiles-4fcc34ba-5b75-436c-8432-d49d18f1bf12/fetchFileTemp2760757170500796036.tmp has been previously copied to /tmp/spark-112f53c4-37ed-496a-bbf1-aa02bef8ff39/userFiles-4fcc34ba-5b75-436c-8432-d49d18f1bf12/org.slf4j_slf4j-api-1.7.32.jar
[2024-06-27T07:24:25.362+0000] {docker.py:436} INFO - 24/06/27 07:24:25 INFO Executor: Adding file:/tmp/spark-112f53c4-37ed-496a-bbf1-aa02bef8ff39/userFiles-4fcc34ba-5b75-436c-8432-d49d18f1bf12/org.slf4j_slf4j-api-1.7.32.jar to class loader default
[2024-06-27T07:24:25.363+0000] {docker.py:436} INFO - 24/06/27 07:24:25 INFO Executor: Fetching spark://localhost:36765/jars/org.apache.kafka_kafka-clients-2.8.1.jar with timestamp 1719473062798
[2024-06-27T07:24:25.363+0000] {docker.py:436} INFO - 24/06/27 07:24:25 INFO Utils: Fetching spark://localhost:36765/jars/org.apache.kafka_kafka-clients-2.8.1.jar to /tmp/spark-112f53c4-37ed-496a-bbf1-aa02bef8ff39/userFiles-4fcc34ba-5b75-436c-8432-d49d18f1bf12/fetchFileTemp3396767048447567646.tmp
[2024-06-27T07:24:25.388+0000] {docker.py:436} INFO - 24/06/27 07:24:25 INFO Utils: /tmp/spark-112f53c4-37ed-496a-bbf1-aa02bef8ff39/userFiles-4fcc34ba-5b75-436c-8432-d49d18f1bf12/fetchFileTemp3396767048447567646.tmp has been previously copied to /tmp/spark-112f53c4-37ed-496a-bbf1-aa02bef8ff39/userFiles-4fcc34ba-5b75-436c-8432-d49d18f1bf12/org.apache.kafka_kafka-clients-2.8.1.jar
[2024-06-27T07:24:25.396+0000] {docker.py:436} INFO - 24/06/27 07:24:25 INFO Executor: Adding file:/tmp/spark-112f53c4-37ed-496a-bbf1-aa02bef8ff39/userFiles-4fcc34ba-5b75-436c-8432-d49d18f1bf12/org.apache.kafka_kafka-clients-2.8.1.jar to class loader default
[2024-06-27T07:24:25.396+0000] {docker.py:436} INFO - 24/06/27 07:24:25 INFO Executor: Fetching spark://localhost:36765/jars/org.apache.hadoop_hadoop-client-runtime-3.3.2.jar with timestamp 1719473062798
[2024-06-27T07:24:25.398+0000] {docker.py:436} INFO - 24/06/27 07:24:25 INFO Utils: Fetching spark://localhost:36765/jars/org.apache.hadoop_hadoop-client-runtime-3.3.2.jar to /tmp/spark-112f53c4-37ed-496a-bbf1-aa02bef8ff39/userFiles-4fcc34ba-5b75-436c-8432-d49d18f1bf12/fetchFileTemp3935288997753891055.tmp
[2024-06-27T07:24:25.605+0000] {docker.py:436} INFO - 24/06/27 07:24:25 INFO Utils: /tmp/spark-112f53c4-37ed-496a-bbf1-aa02bef8ff39/userFiles-4fcc34ba-5b75-436c-8432-d49d18f1bf12/fetchFileTemp3935288997753891055.tmp has been previously copied to /tmp/spark-112f53c4-37ed-496a-bbf1-aa02bef8ff39/userFiles-4fcc34ba-5b75-436c-8432-d49d18f1bf12/org.apache.hadoop_hadoop-client-runtime-3.3.2.jar
[2024-06-27T07:24:25.617+0000] {docker.py:436} INFO - 24/06/27 07:24:25 INFO Executor: Adding file:/tmp/spark-112f53c4-37ed-496a-bbf1-aa02bef8ff39/userFiles-4fcc34ba-5b75-436c-8432-d49d18f1bf12/org.apache.hadoop_hadoop-client-runtime-3.3.2.jar to class loader default
[2024-06-27T07:24:25.618+0000] {docker.py:436} INFO - 24/06/27 07:24:25 INFO Executor: Fetching spark://localhost:36765/jars/com.google.code.findbugs_jsr305-3.0.0.jar with timestamp 1719473062798
[2024-06-27T07:24:25.619+0000] {docker.py:436} INFO - 24/06/27 07:24:25 INFO Utils: Fetching spark://localhost:36765/jars/com.google.code.findbugs_jsr305-3.0.0.jar to /tmp/spark-112f53c4-37ed-496a-bbf1-aa02bef8ff39/userFiles-4fcc34ba-5b75-436c-8432-d49d18f1bf12/fetchFileTemp2006569007789643915.tmp
[2024-06-27T07:24:25.622+0000] {docker.py:436} INFO - 24/06/27 07:24:25 INFO Utils: /tmp/spark-112f53c4-37ed-496a-bbf1-aa02bef8ff39/userFiles-4fcc34ba-5b75-436c-8432-d49d18f1bf12/fetchFileTemp2006569007789643915.tmp has been previously copied to /tmp/spark-112f53c4-37ed-496a-bbf1-aa02bef8ff39/userFiles-4fcc34ba-5b75-436c-8432-d49d18f1bf12/com.google.code.findbugs_jsr305-3.0.0.jar
[2024-06-27T07:24:25.627+0000] {docker.py:436} INFO - 24/06/27 07:24:25 INFO Executor: Adding file:/tmp/spark-112f53c4-37ed-496a-bbf1-aa02bef8ff39/userFiles-4fcc34ba-5b75-436c-8432-d49d18f1bf12/com.google.code.findbugs_jsr305-3.0.0.jar to class loader default
[2024-06-27T07:24:25.638+0000] {docker.py:436} INFO - 24/06/27 07:24:25 INFO Utils: Successfully started service 'org.apache.spark.network.netty.NettyBlockTransferService' on port 40465.
[2024-06-27T07:24:25.639+0000] {docker.py:436} INFO - 24/06/27 07:24:25 INFO NettyBlockTransferService: Server created on localhost:40465
[2024-06-27T07:24:25.641+0000] {docker.py:436} INFO - 24/06/27 07:24:25 INFO BlockManager: Using org.apache.spark.storage.RandomBlockReplicationPolicy for block replication policy
[2024-06-27T07:24:25.652+0000] {docker.py:436} INFO - 24/06/27 07:24:25 INFO BlockManagerMaster: Registering BlockManager BlockManagerId(driver, localhost, 40465, None)
[2024-06-27T07:24:25.658+0000] {docker.py:436} INFO - 24/06/27 07:24:25 INFO BlockManagerMasterEndpoint: Registering block manager localhost:40465 with 434.4 MiB RAM, BlockManagerId(driver, localhost, 40465, None)
[2024-06-27T07:24:25.662+0000] {docker.py:436} INFO - 24/06/27 07:24:25 INFO BlockManagerMaster: Registered BlockManager BlockManagerId(driver, localhost, 40465, None)
[2024-06-27T07:24:25.667+0000] {docker.py:436} INFO - 24/06/27 07:24:25 INFO BlockManager: Initialized BlockManager: BlockManagerId(driver, localhost, 40465, None)
[2024-06-27T07:24:26.145+0000] {docker.py:436} INFO - 2024-06-27 07:24:26,145:create_spark_session:INFO:Spark session created successfully
[2024-06-27T07:24:26.153+0000] {docker.py:436} INFO - 24/06/27 07:24:26 INFO SharedState: Setting hive.metastore.warehouse.dir ('null') to the value of spark.sql.warehouse.dir.
[2024-06-27T07:24:26.158+0000] {docker.py:436} INFO - 24/06/27 07:24:26 INFO SharedState: Warehouse path is 'file:/opt/bitnami/spark/spark-warehouse'.
[2024-06-27T07:24:28.114+0000] {docker.py:436} INFO - 2024-06-27 07:24:28,114:create_initial_dataframe:INFO:Initial dataframe created successfully:
[2024-06-27T07:24:29.096+0000] {docker.py:436} INFO - 2024-06-27 07:24:29,095:close:INFO:Closing down clientserver connection
[2024-06-27T07:24:29.147+0000] {docker.py:436} INFO - 24/06/27 07:24:29 INFO SparkContext: Invoking stop() from shutdown hook
[2024-06-27T07:24:29.148+0000] {docker.py:436} INFO - 24/06/27 07:24:29 INFO SparkContext: SparkContext is stopping with exitCode 0.
[2024-06-27T07:24:29.162+0000] {docker.py:436} INFO - 24/06/27 07:24:29 INFO SparkUI: Stopped Spark web UI at http://localhost:4040
[2024-06-27T07:24:29.188+0000] {docker.py:436} INFO - 24/06/27 07:24:29 INFO MapOutputTrackerMasterEndpoint: MapOutputTrackerMasterEndpoint stopped!
[2024-06-27T07:24:29.199+0000] {docker.py:436} INFO - 24/06/27 07:24:29 INFO MemoryStore: MemoryStore cleared
[2024-06-27T07:24:29.200+0000] {docker.py:436} INFO - 24/06/27 07:24:29 INFO BlockManager: BlockManager stopped
[2024-06-27T07:24:29.209+0000] {docker.py:436} INFO - 24/06/27 07:24:29 INFO BlockManagerMaster: BlockManagerMaster stopped
[2024-06-27T07:24:29.213+0000] {docker.py:436} INFO - 24/06/27 07:24:29 INFO OutputCommitCoordinator$OutputCommitCoordinatorEndpoint: OutputCommitCoordinator stopped!
[2024-06-27T07:24:29.249+0000] {docker.py:436} INFO - 24/06/27 07:24:29 INFO SparkContext: Successfully stopped SparkContext
[2024-06-27T07:24:29.249+0000] {docker.py:436} INFO - 24/06/27 07:24:29 INFO ShutdownHookManager: Shutdown hook called
[2024-06-27T07:24:29.250+0000] {docker.py:436} INFO - 24/06/27 07:24:29 INFO ShutdownHookManager: Deleting directory /tmp/spark-112f53c4-37ed-496a-bbf1-aa02bef8ff39/pyspark-916dc9b1-4103-44b1-87ed-8f458af9df5a
[2024-06-27T07:24:29.253+0000] {docker.py:436} INFO - 24/06/27 07:24:29 INFO ShutdownHookManager: Deleting directory /tmp/spark-112f53c4-37ed-496a-bbf1-aa02bef8ff39
[2024-06-27T07:24:29.257+0000] {docker.py:436} INFO - 24/06/27 07:24:29 INFO ShutdownHookManager: Deleting directory /tmp/spark-3414f8d5-2c8b-4ead-a4c0-340c2d33781a
[2024-06-27T07:24:29.711+0000] {taskinstance.py:441} INFO - ::group::Post task execution logs
[2024-06-27T07:24:29.743+0000] {taskinstance.py:1206} INFO - Marking task as SUCCESS. dag_id=Stage_1, task_id=run_bronze_job, run_id=manual__2024-06-27T07:23:56.287394+00:00, execution_date=20240627T072356, start_date=20240627T072358, end_date=20240627T072429
[2024-06-27T07:24:29.765+0000] {local_task_job_runner.py:240} INFO - Task exited with return code 0
[2024-06-27T07:24:29.780+0000] {taskinstance.py:3498} INFO - 0 downstream tasks scheduled from follow-on schedule check
[2024-06-27T07:24:29.782+0000] {local_task_job_runner.py:222} INFO - ::endgroup::
