[2024-06-25T08:03:01.427+0000] {local_task_job_runner.py:120} INFO - ::group::Pre task execution logs
[2024-06-25T08:03:01.463+0000] {taskinstance.py:2076} INFO - Dependencies all met for dep_context=non-requeueable deps ti=<TaskInstance: Stage_1.run_bronze_job manual__2024-06-25T08:02:54.865954+00:00 [queued]>
[2024-06-25T08:03:01.473+0000] {taskinstance.py:2076} INFO - Dependencies all met for dep_context=requeueable deps ti=<TaskInstance: Stage_1.run_bronze_job manual__2024-06-25T08:02:54.865954+00:00 [queued]>
[2024-06-25T08:03:01.473+0000] {taskinstance.py:2306} INFO - Starting attempt 1 of 1
[2024-06-25T08:03:01.487+0000] {taskinstance.py:2330} INFO - Executing <Task(DockerOperator): run_bronze_job> on 2024-06-25 08:02:54.865954+00:00
[2024-06-25T08:03:01.495+0000] {logging_mixin.py:188} WARNING - /home/***/.local/lib/python3.12/site-packages/***/task/task_runner/standard_task_runner.py:61 DeprecationWarning: This process (pid=384) is multi-threaded, use of fork() may lead to deadlocks in the child.
[2024-06-25T08:03:01.496+0000] {standard_task_runner.py:63} INFO - Started process 385 to run task
[2024-06-25T08:03:01.495+0000] {standard_task_runner.py:90} INFO - Running: ['***', 'tasks', 'run', 'Stage_1', 'run_bronze_job', 'manual__2024-06-25T08:02:54.865954+00:00', '--job-id', '17', '--raw', '--subdir', 'DAGS_FOLDER/kafka_dag.py', '--cfg-path', '/tmp/tmpqx77y3tx']
[2024-06-25T08:03:01.496+0000] {standard_task_runner.py:91} INFO - Job 17: Subtask run_bronze_job
[2024-06-25T08:03:01.510+0000] {logging_mixin.py:188} WARNING - /home/***/.local/lib/python3.12/site-packages/***/settings.py:195 DeprecationWarning: The sql_alchemy_conn option in [core] has been moved to the sql_alchemy_conn option in [database] - the old setting has been used, but please update your config.
[2024-06-25T08:03:01.547+0000] {task_command.py:426} INFO - Running <TaskInstance: Stage_1.run_bronze_job manual__2024-06-25T08:02:54.865954+00:00 [running]> on host ec73b68e126f
[2024-06-25T08:03:01.633+0000] {taskinstance.py:2648} INFO - Exporting env vars: AIRFLOW_CTX_DAG_OWNER='***' AIRFLOW_CTX_DAG_ID='Stage_1' AIRFLOW_CTX_TASK_ID='run_bronze_job' AIRFLOW_CTX_EXECUTION_DATE='2024-06-25T08:02:54.865954+00:00' AIRFLOW_CTX_TRY_NUMBER='1' AIRFLOW_CTX_DAG_RUN_ID='manual__2024-06-25T08:02:54.865954+00:00'
[2024-06-25T08:03:01.634+0000] {taskinstance.py:430} INFO - ::endgroup::
[2024-06-25T08:03:01.665+0000] {docker.py:366} INFO - Starting docker container from image bitnami/spark:latest
[2024-06-25T08:03:01.668+0000] {docker.py:374} WARNING - Using remote engine or docker-in-docker and mounting temporary volume from host is not supported. Falling back to `mount_tmp_dir=False` mode. You can set `mount_tmp_dir` parameter to False to disable mounting and remove the warning
[2024-06-25T08:03:02.068+0000] {docker.py:436} INFO - [38;5;6mspark [38;5;5m08:03:02.06 [0m[38;5;2mINFO [0m ==>
[2024-06-25T08:03:02.069+0000] {docker.py:436} INFO - [38;5;6mspark [38;5;5m08:03:02.06 [0m[38;5;2mINFO [0m ==> [1mWelcome to the Bitnami spark container[0m
[2024-06-25T08:03:02.070+0000] {docker.py:436} INFO - [38;5;6mspark [38;5;5m08:03:02.07 [0m[38;5;2mINFO [0m ==> Subscribe to project updates by watching [1mhttps://github.com/bitnami/containers[0m
[2024-06-25T08:03:02.072+0000] {docker.py:436} INFO - [38;5;6mspark [38;5;5m08:03:02.07 [0m[38;5;2mINFO [0m ==> Submit issues and feature requests at [1mhttps://github.com/bitnami/containers/issues[0m
[2024-06-25T08:03:02.074+0000] {docker.py:436} INFO - [38;5;6mspark [38;5;5m08:03:02.07 [0m[38;5;2mINFO [0m ==> Upgrade to Tanzu Application Catalog for production environments to access custom-configured and pre-packaged software components. Gain enhanced features, including Software Bill of Materials (SBOM), CVE scan result reports, and VEX documents. To learn more, visit [1mhttps://bitnami.com/enterprise[0m
[2024-06-25T08:03:02.076+0000] {docker.py:436} INFO - [38;5;6mspark [38;5;5m08:03:02.07 [0m[38;5;2mINFO [0m ==>
[2024-06-25T08:03:02.084+0000] {docker.py:436} INFO - 
[2024-06-25T08:03:04.197+0000] {docker.py:436} INFO - :: loading settings :: url = jar:file:/opt/bitnami/spark/jars/ivy-2.5.1.jar!/org/apache/ivy/core/settings/ivysettings.xml
[2024-06-25T08:03:04.286+0000] {docker.py:436} INFO - Ivy Default Cache set to: /opt/bitnami/spark/.ivy2/cache
The jars for the packages stored in: /opt/bitnami/spark/.ivy2/jars
[2024-06-25T08:03:04.294+0000] {docker.py:436} INFO - org.apache.spark#spark-sql-kafka-0-10_2.12 added as a dependency
[2024-06-25T08:03:04.295+0000] {docker.py:436} INFO - :: resolving dependencies :: org.apache.spark#spark-submit-parent-369def6a-ba60-40fc-b726-9db708cddae5;1.0
	confs: [default]
[2024-06-25T08:03:06.143+0000] {docker.py:436} INFO - found org.apache.spark#spark-sql-kafka-0-10_2.12;3.3.0 in central
[2024-06-25T08:03:06.480+0000] {docker.py:436} INFO - found org.apache.spark#spark-token-provider-kafka-0-10_2.12;3.3.0 in central
[2024-06-25T08:03:06.542+0000] {docker.py:436} INFO - found org.apache.kafka#kafka-clients;2.8.1 in central
[2024-06-25T08:03:06.625+0000] {docker.py:436} INFO - found org.lz4#lz4-java;1.8.0 in central
[2024-06-25T08:03:06.707+0000] {docker.py:436} INFO - found org.xerial.snappy#snappy-java;1.1.8.4 in central
[2024-06-25T08:03:07.748+0000] {docker.py:436} INFO - found org.slf4j#slf4j-api;1.7.32 in central
[2024-06-25T08:03:08.040+0000] {docker.py:436} INFO - found org.apache.hadoop#hadoop-client-runtime;3.3.2 in central
[2024-06-25T08:03:08.178+0000] {docker.py:436} INFO - found org.spark-project.spark#unused;1.0.0 in central
[2024-06-25T08:03:08.344+0000] {docker.py:436} INFO - found org.apache.hadoop#hadoop-client-api;3.3.2 in central
[2024-06-25T08:03:08.586+0000] {docker.py:436} INFO - found commons-logging#commons-logging;1.1.3 in central
[2024-06-25T08:03:08.644+0000] {docker.py:436} INFO - found com.google.code.findbugs#jsr305;3.0.0 in central
[2024-06-25T08:03:09.900+0000] {docker.py:436} INFO - found org.apache.commons#commons-pool2;2.11.1 in central
[2024-06-25T08:03:09.939+0000] {docker.py:436} INFO - downloading https://repo1.maven.org/maven2/org/apache/spark/spark-sql-kafka-0-10_2.12/3.3.0/spark-sql-kafka-0-10_2.12-3.3.0.jar ...
[2024-06-25T08:03:10.021+0000] {docker.py:436} INFO - [SUCCESSFUL ] org.apache.spark#spark-sql-kafka-0-10_2.12;3.3.0!spark-sql-kafka-0-10_2.12.jar (94ms)
[2024-06-25T08:03:10.033+0000] {docker.py:436} INFO - downloading https://repo1.maven.org/maven2/org/apache/spark/spark-token-provider-kafka-0-10_2.12/3.3.0/spark-token-provider-kafka-0-10_2.12-3.3.0.jar ...
[2024-06-25T08:03:10.058+0000] {docker.py:436} INFO - [SUCCESSFUL ] org.apache.spark#spark-token-provider-kafka-0-10_2.12;3.3.0!spark-token-provider-kafka-0-10_2.12.jar (36ms)
[2024-06-25T08:03:10.075+0000] {docker.py:436} INFO - downloading https://repo1.maven.org/maven2/org/apache/kafka/kafka-clients/2.8.1/kafka-clients-2.8.1.jar ...
[2024-06-25T08:03:10.622+0000] {docker.py:436} INFO - [SUCCESSFUL ] org.apache.kafka#kafka-clients;2.8.1!kafka-clients.jar (563ms)
[2024-06-25T08:03:10.637+0000] {docker.py:436} INFO - downloading https://repo1.maven.org/maven2/com/google/code/findbugs/jsr305/3.0.0/jsr305-3.0.0.jar ...
[2024-06-25T08:03:10.655+0000] {docker.py:436} INFO - [SUCCESSFUL ] com.google.code.findbugs#jsr305;3.0.0!jsr305.jar (31ms)
[2024-06-25T08:03:10.674+0000] {docker.py:436} INFO - downloading https://repo1.maven.org/maven2/org/apache/commons/commons-pool2/2.11.1/commons-pool2-2.11.1.jar ...
[2024-06-25T08:03:10.701+0000] {docker.py:436} INFO - [SUCCESSFUL ] org.apache.commons#commons-pool2;2.11.1!commons-pool2.jar (45ms)
[2024-06-25T08:03:10.726+0000] {docker.py:436} INFO - downloading https://repo1.maven.org/maven2/org/spark-project/spark/unused/1.0.0/unused-1.0.0.jar ...
[2024-06-25T08:03:10.736+0000] {docker.py:436} INFO - [SUCCESSFUL ] org.spark-project.spark#unused;1.0.0!unused.jar (33ms)
[2024-06-25T08:03:10.747+0000] {docker.py:436} INFO - downloading https://repo1.maven.org/maven2/org/apache/hadoop/hadoop-client-runtime/3.3.2/hadoop-client-runtime-3.3.2.jar ...
[2024-06-25T08:03:14.412+0000] {docker.py:436} INFO - [SUCCESSFUL ] org.apache.hadoop#hadoop-client-runtime;3.3.2!hadoop-client-runtime.jar (3676ms)
[2024-06-25T08:03:14.422+0000] {docker.py:436} INFO - downloading https://repo1.maven.org/maven2/org/lz4/lz4-java/1.8.0/lz4-java-1.8.0.jar ...
[2024-06-25T08:03:14.525+0000] {docker.py:436} INFO - [SUCCESSFUL ] org.lz4#lz4-java;1.8.0!lz4-java.jar (111ms)
[2024-06-25T08:03:14.542+0000] {docker.py:436} INFO - downloading https://repo1.maven.org/maven2/org/xerial/snappy/snappy-java/1.1.8.4/snappy-java-1.1.8.4.jar ...
[2024-06-25T08:03:14.764+0000] {docker.py:436} INFO - [SUCCESSFUL ] org.xerial.snappy#snappy-java;1.1.8.4!snappy-java.jar(bundle) (236ms)
[2024-06-25T08:03:14.774+0000] {docker.py:436} INFO - downloading https://repo1.maven.org/maven2/org/slf4j/slf4j-api/1.7.32/slf4j-api-1.7.32.jar ...
[2024-06-25T08:03:14.787+0000] {docker.py:436} INFO - [SUCCESSFUL ] org.slf4j#slf4j-api;1.7.32!slf4j-api.jar (22ms)
[2024-06-25T08:03:14.796+0000] {docker.py:436} INFO - downloading https://repo1.maven.org/maven2/org/apache/hadoop/hadoop-client-api/3.3.2/hadoop-client-api-3.3.2.jar ...
[2024-06-25T08:03:16.944+0000] {docker.py:436} INFO - [SUCCESSFUL ] org.apache.hadoop#hadoop-client-api;3.3.2!hadoop-client-api.jar (2155ms)
[2024-06-25T08:03:16.954+0000] {docker.py:436} INFO - downloading https://repo1.maven.org/maven2/commons-logging/commons-logging/1.1.3/commons-logging-1.1.3.jar ...
[2024-06-25T08:03:16.973+0000] {docker.py:436} INFO - [SUCCESSFUL ] commons-logging#commons-logging;1.1.3!commons-logging.jar (28ms)
[2024-06-25T08:03:16.973+0000] {docker.py:436} INFO - :: resolution report :: resolve 5628ms :: artifacts dl 7050ms
[2024-06-25T08:03:16.974+0000] {docker.py:436} INFO - :: modules in use:
[2024-06-25T08:03:16.974+0000] {docker.py:436} INFO - com.google.code.findbugs#jsr305;3.0.0 from central in [default]
[2024-06-25T08:03:16.975+0000] {docker.py:436} INFO - commons-logging#commons-logging;1.1.3 from central in [default]
[2024-06-25T08:03:16.975+0000] {docker.py:436} INFO - org.apache.commons#commons-pool2;2.11.1 from central in [default]
[2024-06-25T08:03:16.975+0000] {docker.py:436} INFO - org.apache.hadoop#hadoop-client-api;3.3.2 from central in [default]
[2024-06-25T08:03:16.976+0000] {docker.py:436} INFO - org.apache.hadoop#hadoop-client-runtime;3.3.2 from central in [default]
[2024-06-25T08:03:16.976+0000] {docker.py:436} INFO - org.apache.kafka#kafka-clients;2.8.1 from central in [default]
	org.apache.spark#spark-sql-kafka-0-10_2.12;3.3.0 from central in [default]
[2024-06-25T08:03:16.976+0000] {docker.py:436} INFO - org.apache.spark#spark-token-provider-kafka-0-10_2.12;3.3.0 from central in [default]
[2024-06-25T08:03:16.977+0000] {docker.py:436} INFO - org.lz4#lz4-java;1.8.0 from central in [default]
[2024-06-25T08:03:16.977+0000] {docker.py:436} INFO - org.slf4j#slf4j-api;1.7.32 from central in [default]
[2024-06-25T08:03:16.978+0000] {docker.py:436} INFO - org.spark-project.spark#unused;1.0.0 from central in [default]
[2024-06-25T08:03:16.978+0000] {docker.py:436} INFO - org.xerial.snappy#snappy-java;1.1.8.4 from central in [default]
[2024-06-25T08:03:16.979+0000] {docker.py:436} INFO - ---------------------------------------------------------------------
[2024-06-25T08:03:16.979+0000] {docker.py:436} INFO - |                  |            modules            ||   artifacts   |
[2024-06-25T08:03:16.980+0000] {docker.py:436} INFO - |       conf       | number| search|dwnlded|evicted|| number|dwnlded|
	---------------------------------------------------------------------
[2024-06-25T08:03:16.980+0000] {docker.py:436} INFO - |      default     |   12  |   12  |   12  |   0   ||   12  |   12  |
	---------------------------------------------------------------------
[2024-06-25T08:03:16.982+0000] {docker.py:436} INFO - :: retrieving :: org.apache.spark#spark-submit-parent-369def6a-ba60-40fc-b726-9db708cddae5
[2024-06-25T08:03:16.983+0000] {docker.py:436} INFO - confs: [default]
[2024-06-25T08:03:17.074+0000] {docker.py:436} INFO - 12 artifacts copied, 0 already retrieved (56631kB/92ms)
[2024-06-25T08:03:17.404+0000] {docker.py:436} INFO - 24/06/25 08:03:17 WARN NativeCodeLoader: Unable to load native-hadoop library for your platform... using builtin-java classes where applicable
[2024-06-25T08:03:18.800+0000] {docker.py:436} INFO - 24/06/25 08:03:18 INFO SparkContext: Running Spark version 3.5.1
[2024-06-25T08:03:18.801+0000] {docker.py:436} INFO - 24/06/25 08:03:18 INFO SparkContext: OS info Linux, 6.5.0-41-generic, amd64
[2024-06-25T08:03:18.803+0000] {docker.py:436} INFO - 24/06/25 08:03:18 INFO SparkContext: Java version 17.0.11
[2024-06-25T08:03:18.833+0000] {docker.py:436} INFO - 24/06/25 08:03:18 INFO ResourceUtils: ==============================================================
[2024-06-25T08:03:18.834+0000] {docker.py:436} INFO - 24/06/25 08:03:18 INFO ResourceUtils: No custom resources configured for spark.driver.
[2024-06-25T08:03:18.835+0000] {docker.py:436} INFO - 24/06/25 08:03:18 INFO ResourceUtils: ==============================================================
24/06/25 08:03:18 INFO SparkContext: Submitted application: PostgreSQL Connection with PySpark
[2024-06-25T08:03:18.866+0000] {docker.py:436} INFO - 24/06/25 08:03:18 INFO ResourceProfile: Default ResourceProfile created, executor resources: Map(cores -> name: cores, amount: 1, script: , vendor: , memory -> name: memory, amount: 1024, script: , vendor: , offHeap -> name: offHeap, amount: 0, script: , vendor: ), task resources: Map(cpus -> name: cpus, amount: 1.0)
[2024-06-25T08:03:18.876+0000] {docker.py:436} INFO - 24/06/25 08:03:18 INFO ResourceProfile: Limiting resource is cpu
[2024-06-25T08:03:18.877+0000] {docker.py:436} INFO - 24/06/25 08:03:18 INFO ResourceProfileManager: Added ResourceProfile id: 0
[2024-06-25T08:03:18.943+0000] {docker.py:436} INFO - 24/06/25 08:03:18 INFO SecurityManager: Changing view acls to: spark
[2024-06-25T08:03:18.949+0000] {docker.py:436} INFO - 24/06/25 08:03:18 INFO SecurityManager: Changing modify acls to: spark
24/06/25 08:03:18 INFO SecurityManager: Changing view acls groups to: 
24/06/25 08:03:18 INFO SecurityManager: Changing modify acls groups to: 
24/06/25 08:03:18 INFO SecurityManager: SecurityManager: authentication disabled; ui acls disabled; users with view permissions: spark; groups with view permissions: EMPTY; users with modify permissions: spark; groups with modify permissions: EMPTY
[2024-06-25T08:03:19.322+0000] {docker.py:436} INFO - 24/06/25 08:03:19 INFO Utils: Successfully started service 'sparkDriver' on port 36323.
[2024-06-25T08:03:19.363+0000] {docker.py:436} INFO - 24/06/25 08:03:19 INFO SparkEnv: Registering MapOutputTracker
[2024-06-25T08:03:19.412+0000] {docker.py:436} INFO - 24/06/25 08:03:19 INFO SparkEnv: Registering BlockManagerMaster
[2024-06-25T08:03:19.445+0000] {docker.py:436} INFO - 24/06/25 08:03:19 INFO BlockManagerMasterEndpoint: Using org.apache.spark.storage.DefaultTopologyMapper for getting topology information
[2024-06-25T08:03:19.446+0000] {docker.py:436} INFO - 24/06/25 08:03:19 INFO BlockManagerMasterEndpoint: BlockManagerMasterEndpoint up
[2024-06-25T08:03:19.451+0000] {docker.py:436} INFO - 24/06/25 08:03:19 INFO SparkEnv: Registering BlockManagerMasterHeartbeat
[2024-06-25T08:03:19.481+0000] {docker.py:436} INFO - 24/06/25 08:03:19 INFO DiskBlockManager: Created local directory at /tmp/blockmgr-2ddaca09-ecdf-4b37-be8c-a5f1a1f212c0
[2024-06-25T08:03:19.495+0000] {docker.py:436} INFO - 24/06/25 08:03:19 INFO MemoryStore: MemoryStore started with capacity 434.4 MiB
[2024-06-25T08:03:19.512+0000] {docker.py:436} INFO - 24/06/25 08:03:19 INFO SparkEnv: Registering OutputCommitCoordinator
[2024-06-25T08:03:19.717+0000] {docker.py:436} INFO - 24/06/25 08:03:19 INFO JettyUtils: Start Jetty 0.0.0.0:4040 for SparkUI
[2024-06-25T08:03:19.814+0000] {docker.py:436} INFO - 24/06/25 08:03:19 INFO Utils: Successfully started service 'SparkUI' on port 4040.
[2024-06-25T08:03:19.864+0000] {docker.py:436} INFO - 24/06/25 08:03:19 INFO SparkContext: Added JAR file:///opt/bitnami/spark/.ivy2/jars/org.apache.spark_spark-sql-kafka-0-10_2.12-3.3.0.jar at spark://localhost:36323/jars/org.apache.spark_spark-sql-kafka-0-10_2.12-3.3.0.jar with timestamp 1719302598791
[2024-06-25T08:03:19.865+0000] {docker.py:436} INFO - 24/06/25 08:03:19 INFO SparkContext: Added JAR file:///opt/bitnami/spark/.ivy2/jars/org.apache.spark_spark-token-provider-kafka-0-10_2.12-3.3.0.jar at spark://localhost:36323/jars/org.apache.spark_spark-token-provider-kafka-0-10_2.12-3.3.0.jar with timestamp 1719302598791
[2024-06-25T08:03:19.865+0000] {docker.py:436} INFO - 24/06/25 08:03:19 INFO SparkContext: Added JAR file:///opt/bitnami/spark/.ivy2/jars/org.apache.kafka_kafka-clients-2.8.1.jar at spark://localhost:36323/jars/org.apache.kafka_kafka-clients-2.8.1.jar with timestamp 1719302598791
[2024-06-25T08:03:19.866+0000] {docker.py:436} INFO - 24/06/25 08:03:19 INFO SparkContext: Added JAR file:///opt/bitnami/spark/.ivy2/jars/com.google.code.findbugs_jsr305-3.0.0.jar at spark://localhost:36323/jars/com.google.code.findbugs_jsr305-3.0.0.jar with timestamp 1719302598791
[2024-06-25T08:03:19.866+0000] {docker.py:436} INFO - 24/06/25 08:03:19 INFO SparkContext: Added JAR file:///opt/bitnami/spark/.ivy2/jars/org.apache.commons_commons-pool2-2.11.1.jar at spark://localhost:36323/jars/org.apache.commons_commons-pool2-2.11.1.jar with timestamp 1719302598791
[2024-06-25T08:03:19.867+0000] {docker.py:436} INFO - 24/06/25 08:03:19 INFO SparkContext: Added JAR file:///opt/bitnami/spark/.ivy2/jars/org.spark-project.spark_unused-1.0.0.jar at spark://localhost:36323/jars/org.spark-project.spark_unused-1.0.0.jar with timestamp 1719302598791
[2024-06-25T08:03:19.868+0000] {docker.py:436} INFO - 24/06/25 08:03:19 INFO SparkContext: Added JAR file:///opt/bitnami/spark/.ivy2/jars/org.apache.hadoop_hadoop-client-runtime-3.3.2.jar at spark://localhost:36323/jars/org.apache.hadoop_hadoop-client-runtime-3.3.2.jar with timestamp 1719302598791
[2024-06-25T08:03:19.868+0000] {docker.py:436} INFO - 24/06/25 08:03:19 INFO SparkContext: Added JAR file:///opt/bitnami/spark/.ivy2/jars/org.lz4_lz4-java-1.8.0.jar at spark://localhost:36323/jars/org.lz4_lz4-java-1.8.0.jar with timestamp 1719302598791
[2024-06-25T08:03:19.869+0000] {docker.py:436} INFO - 24/06/25 08:03:19 INFO SparkContext: Added JAR file:///opt/bitnami/spark/.ivy2/jars/org.xerial.snappy_snappy-java-1.1.8.4.jar at spark://localhost:36323/jars/org.xerial.snappy_snappy-java-1.1.8.4.jar with timestamp 1719302598791
[2024-06-25T08:03:19.869+0000] {docker.py:436} INFO - 24/06/25 08:03:19 INFO SparkContext: Added JAR file:///opt/bitnami/spark/.ivy2/jars/org.slf4j_slf4j-api-1.7.32.jar at spark://localhost:36323/jars/org.slf4j_slf4j-api-1.7.32.jar with timestamp 1719302598791
[2024-06-25T08:03:19.870+0000] {docker.py:436} INFO - 24/06/25 08:03:19 INFO SparkContext: Added JAR file:///opt/bitnami/spark/.ivy2/jars/org.apache.hadoop_hadoop-client-api-3.3.2.jar at spark://localhost:36323/jars/org.apache.hadoop_hadoop-client-api-3.3.2.jar with timestamp 1719302598791
24/06/25 08:03:19 INFO SparkContext: Added JAR file:///opt/bitnami/spark/.ivy2/jars/commons-logging_commons-logging-1.1.3.jar at spark://localhost:36323/jars/commons-logging_commons-logging-1.1.3.jar with timestamp 1719302598791
[2024-06-25T08:03:19.872+0000] {docker.py:436} INFO - 24/06/25 08:03:19 INFO SparkContext: Added file file:///opt/bitnami/spark/.ivy2/jars/org.apache.spark_spark-sql-kafka-0-10_2.12-3.3.0.jar at file:///opt/bitnami/spark/.ivy2/jars/org.apache.spark_spark-sql-kafka-0-10_2.12-3.3.0.jar with timestamp 1719302598791
[2024-06-25T08:03:19.874+0000] {docker.py:436} INFO - 24/06/25 08:03:19 INFO Utils: Copying /opt/bitnami/spark/.ivy2/jars/org.apache.spark_spark-sql-kafka-0-10_2.12-3.3.0.jar to /tmp/spark-0f4f27be-8343-4c78-b28d-f40c56fc88d8/userFiles-c649ca9e-31f5-488c-9e69-049468e964be/org.apache.spark_spark-sql-kafka-0-10_2.12-3.3.0.jar
[2024-06-25T08:03:19.887+0000] {docker.py:436} INFO - 24/06/25 08:03:19 INFO SparkContext: Added file file:///opt/bitnami/spark/.ivy2/jars/org.apache.spark_spark-token-provider-kafka-0-10_2.12-3.3.0.jar at file:///opt/bitnami/spark/.ivy2/jars/org.apache.spark_spark-token-provider-kafka-0-10_2.12-3.3.0.jar with timestamp 1719302598791
[2024-06-25T08:03:19.888+0000] {docker.py:436} INFO - 24/06/25 08:03:19 INFO Utils: Copying /opt/bitnami/spark/.ivy2/jars/org.apache.spark_spark-token-provider-kafka-0-10_2.12-3.3.0.jar to /tmp/spark-0f4f27be-8343-4c78-b28d-f40c56fc88d8/userFiles-c649ca9e-31f5-488c-9e69-049468e964be/org.apache.spark_spark-token-provider-kafka-0-10_2.12-3.3.0.jar
[2024-06-25T08:03:19.894+0000] {docker.py:436} INFO - 24/06/25 08:03:19 INFO SparkContext: Added file file:///opt/bitnami/spark/.ivy2/jars/org.apache.kafka_kafka-clients-2.8.1.jar at file:///opt/bitnami/spark/.ivy2/jars/org.apache.kafka_kafka-clients-2.8.1.jar with timestamp 1719302598791
[2024-06-25T08:03:19.895+0000] {docker.py:436} INFO - 24/06/25 08:03:19 INFO Utils: Copying /opt/bitnami/spark/.ivy2/jars/org.apache.kafka_kafka-clients-2.8.1.jar to /tmp/spark-0f4f27be-8343-4c78-b28d-f40c56fc88d8/userFiles-c649ca9e-31f5-488c-9e69-049468e964be/org.apache.kafka_kafka-clients-2.8.1.jar
[2024-06-25T08:03:19.904+0000] {docker.py:436} INFO - 24/06/25 08:03:19 INFO SparkContext: Added file file:///opt/bitnami/spark/.ivy2/jars/com.google.code.findbugs_jsr305-3.0.0.jar at file:///opt/bitnami/spark/.ivy2/jars/com.google.code.findbugs_jsr305-3.0.0.jar with timestamp 1719302598791
[2024-06-25T08:03:19.904+0000] {docker.py:436} INFO - 24/06/25 08:03:19 INFO Utils: Copying /opt/bitnami/spark/.ivy2/jars/com.google.code.findbugs_jsr305-3.0.0.jar to /tmp/spark-0f4f27be-8343-4c78-b28d-f40c56fc88d8/userFiles-c649ca9e-31f5-488c-9e69-049468e964be/com.google.code.findbugs_jsr305-3.0.0.jar
[2024-06-25T08:03:19.914+0000] {docker.py:436} INFO - 24/06/25 08:03:19 INFO SparkContext: Added file file:///opt/bitnami/spark/.ivy2/jars/org.apache.commons_commons-pool2-2.11.1.jar at file:///opt/bitnami/spark/.ivy2/jars/org.apache.commons_commons-pool2-2.11.1.jar with timestamp 1719302598791
[2024-06-25T08:03:19.915+0000] {docker.py:436} INFO - 24/06/25 08:03:19 INFO Utils: Copying /opt/bitnami/spark/.ivy2/jars/org.apache.commons_commons-pool2-2.11.1.jar to /tmp/spark-0f4f27be-8343-4c78-b28d-f40c56fc88d8/userFiles-c649ca9e-31f5-488c-9e69-049468e964be/org.apache.commons_commons-pool2-2.11.1.jar
[2024-06-25T08:03:19.921+0000] {docker.py:436} INFO - 24/06/25 08:03:19 INFO SparkContext: Added file file:///opt/bitnami/spark/.ivy2/jars/org.spark-project.spark_unused-1.0.0.jar at file:///opt/bitnami/spark/.ivy2/jars/org.spark-project.spark_unused-1.0.0.jar with timestamp 1719302598791
[2024-06-25T08:03:19.921+0000] {docker.py:436} INFO - 24/06/25 08:03:19 INFO Utils: Copying /opt/bitnami/spark/.ivy2/jars/org.spark-project.spark_unused-1.0.0.jar to /tmp/spark-0f4f27be-8343-4c78-b28d-f40c56fc88d8/userFiles-c649ca9e-31f5-488c-9e69-049468e964be/org.spark-project.spark_unused-1.0.0.jar
[2024-06-25T08:03:19.925+0000] {docker.py:436} INFO - 24/06/25 08:03:19 INFO SparkContext: Added file file:///opt/bitnami/spark/.ivy2/jars/org.apache.hadoop_hadoop-client-runtime-3.3.2.jar at file:///opt/bitnami/spark/.ivy2/jars/org.apache.hadoop_hadoop-client-runtime-3.3.2.jar with timestamp 1719302598791
[2024-06-25T08:03:19.926+0000] {docker.py:436} INFO - 24/06/25 08:03:19 INFO Utils: Copying /opt/bitnami/spark/.ivy2/jars/org.apache.hadoop_hadoop-client-runtime-3.3.2.jar to /tmp/spark-0f4f27be-8343-4c78-b28d-f40c56fc88d8/userFiles-c649ca9e-31f5-488c-9e69-049468e964be/org.apache.hadoop_hadoop-client-runtime-3.3.2.jar
[2024-06-25T08:03:19.953+0000] {docker.py:436} INFO - 24/06/25 08:03:19 INFO SparkContext: Added file file:///opt/bitnami/spark/.ivy2/jars/org.lz4_lz4-java-1.8.0.jar at file:///opt/bitnami/spark/.ivy2/jars/org.lz4_lz4-java-1.8.0.jar with timestamp 1719302598791
[2024-06-25T08:03:19.954+0000] {docker.py:436} INFO - 24/06/25 08:03:19 INFO Utils: Copying /opt/bitnami/spark/.ivy2/jars/org.lz4_lz4-java-1.8.0.jar to /tmp/spark-0f4f27be-8343-4c78-b28d-f40c56fc88d8/userFiles-c649ca9e-31f5-488c-9e69-049468e964be/org.lz4_lz4-java-1.8.0.jar
[2024-06-25T08:03:19.958+0000] {docker.py:436} INFO - 24/06/25 08:03:19 INFO SparkContext: Added file file:///opt/bitnami/spark/.ivy2/jars/org.xerial.snappy_snappy-java-1.1.8.4.jar at file:///opt/bitnami/spark/.ivy2/jars/org.xerial.snappy_snappy-java-1.1.8.4.jar with timestamp 1719302598791
[2024-06-25T08:03:19.958+0000] {docker.py:436} INFO - 24/06/25 08:03:19 INFO Utils: Copying /opt/bitnami/spark/.ivy2/jars/org.xerial.snappy_snappy-java-1.1.8.4.jar to /tmp/spark-0f4f27be-8343-4c78-b28d-f40c56fc88d8/userFiles-c649ca9e-31f5-488c-9e69-049468e964be/org.xerial.snappy_snappy-java-1.1.8.4.jar
[2024-06-25T08:03:19.964+0000] {docker.py:436} INFO - 24/06/25 08:03:19 INFO SparkContext: Added file file:///opt/bitnami/spark/.ivy2/jars/org.slf4j_slf4j-api-1.7.32.jar at file:///opt/bitnami/spark/.ivy2/jars/org.slf4j_slf4j-api-1.7.32.jar with timestamp 1719302598791
[2024-06-25T08:03:19.965+0000] {docker.py:436} INFO - 24/06/25 08:03:19 INFO Utils: Copying /opt/bitnami/spark/.ivy2/jars/org.slf4j_slf4j-api-1.7.32.jar to /tmp/spark-0f4f27be-8343-4c78-b28d-f40c56fc88d8/userFiles-c649ca9e-31f5-488c-9e69-049468e964be/org.slf4j_slf4j-api-1.7.32.jar
[2024-06-25T08:03:19.969+0000] {docker.py:436} INFO - 24/06/25 08:03:19 INFO SparkContext: Added file file:///opt/bitnami/spark/.ivy2/jars/org.apache.hadoop_hadoop-client-api-3.3.2.jar at file:///opt/bitnami/spark/.ivy2/jars/org.apache.hadoop_hadoop-client-api-3.3.2.jar with timestamp 1719302598791
[2024-06-25T08:03:19.970+0000] {docker.py:436} INFO - 24/06/25 08:03:19 INFO Utils: Copying /opt/bitnami/spark/.ivy2/jars/org.apache.hadoop_hadoop-client-api-3.3.2.jar to /tmp/spark-0f4f27be-8343-4c78-b28d-f40c56fc88d8/userFiles-c649ca9e-31f5-488c-9e69-049468e964be/org.apache.hadoop_hadoop-client-api-3.3.2.jar
[2024-06-25T08:03:19.989+0000] {docker.py:436} INFO - 24/06/25 08:03:19 INFO SparkContext: Added file file:///opt/bitnami/spark/.ivy2/jars/commons-logging_commons-logging-1.1.3.jar at file:///opt/bitnami/spark/.ivy2/jars/commons-logging_commons-logging-1.1.3.jar with timestamp 1719302598791
[2024-06-25T08:03:19.990+0000] {docker.py:436} INFO - 24/06/25 08:03:19 INFO Utils: Copying /opt/bitnami/spark/.ivy2/jars/commons-logging_commons-logging-1.1.3.jar to /tmp/spark-0f4f27be-8343-4c78-b28d-f40c56fc88d8/userFiles-c649ca9e-31f5-488c-9e69-049468e964be/commons-logging_commons-logging-1.1.3.jar
[2024-06-25T08:03:20.087+0000] {docker.py:436} INFO - 24/06/25 08:03:20 INFO Executor: Starting executor ID driver on host localhost
[2024-06-25T08:03:20.087+0000] {docker.py:436} INFO - 24/06/25 08:03:20 INFO Executor: OS info Linux, 6.5.0-41-generic, amd64
[2024-06-25T08:03:20.088+0000] {docker.py:436} INFO - 24/06/25 08:03:20 INFO Executor: Java version 17.0.11
[2024-06-25T08:03:20.107+0000] {docker.py:436} INFO - 24/06/25 08:03:20 INFO Executor: Starting executor with user classpath (userClassPathFirst = false): ''
[2024-06-25T08:03:20.108+0000] {docker.py:436} INFO - 24/06/25 08:03:20 INFO Executor: Created or updated repl class loader org.apache.spark.util.MutableURLClassLoader@1ac6f43c for default.
[2024-06-25T08:03:20.124+0000] {docker.py:436} INFO - 24/06/25 08:03:20 INFO Executor: Fetching file:///opt/bitnami/spark/.ivy2/jars/org.apache.hadoop_hadoop-client-api-3.3.2.jar with timestamp 1719302598791
[2024-06-25T08:03:20.165+0000] {docker.py:436} INFO - 24/06/25 08:03:20 INFO Utils: /opt/bitnami/spark/.ivy2/jars/org.apache.hadoop_hadoop-client-api-3.3.2.jar has been previously copied to /tmp/spark-0f4f27be-8343-4c78-b28d-f40c56fc88d8/userFiles-c649ca9e-31f5-488c-9e69-049468e964be/org.apache.hadoop_hadoop-client-api-3.3.2.jar
[2024-06-25T08:03:20.168+0000] {docker.py:436} INFO - 24/06/25 08:03:20 INFO Executor: Fetching file:///opt/bitnami/spark/.ivy2/jars/org.xerial.snappy_snappy-java-1.1.8.4.jar with timestamp 1719302598791
[2024-06-25T08:03:20.171+0000] {docker.py:436} INFO - 24/06/25 08:03:20 INFO Utils: /opt/bitnami/spark/.ivy2/jars/org.xerial.snappy_snappy-java-1.1.8.4.jar has been previously copied to /tmp/spark-0f4f27be-8343-4c78-b28d-f40c56fc88d8/userFiles-c649ca9e-31f5-488c-9e69-049468e964be/org.xerial.snappy_snappy-java-1.1.8.4.jar
[2024-06-25T08:03:20.175+0000] {docker.py:436} INFO - 24/06/25 08:03:20 INFO Executor: Fetching file:///opt/bitnami/spark/.ivy2/jars/org.apache.hadoop_hadoop-client-runtime-3.3.2.jar with timestamp 1719302598791
[2024-06-25T08:03:20.206+0000] {docker.py:436} INFO - 24/06/25 08:03:20 INFO Utils: /opt/bitnami/spark/.ivy2/jars/org.apache.hadoop_hadoop-client-runtime-3.3.2.jar has been previously copied to /tmp/spark-0f4f27be-8343-4c78-b28d-f40c56fc88d8/userFiles-c649ca9e-31f5-488c-9e69-049468e964be/org.apache.hadoop_hadoop-client-runtime-3.3.2.jar
[2024-06-25T08:03:20.209+0000] {docker.py:436} INFO - 24/06/25 08:03:20 INFO Executor: Fetching file:///opt/bitnami/spark/.ivy2/jars/org.apache.commons_commons-pool2-2.11.1.jar with timestamp 1719302598791
[2024-06-25T08:03:20.210+0000] {docker.py:436} INFO - 24/06/25 08:03:20 INFO Utils: /opt/bitnami/spark/.ivy2/jars/org.apache.commons_commons-pool2-2.11.1.jar has been previously copied to /tmp/spark-0f4f27be-8343-4c78-b28d-f40c56fc88d8/userFiles-c649ca9e-31f5-488c-9e69-049468e964be/org.apache.commons_commons-pool2-2.11.1.jar
[2024-06-25T08:03:20.214+0000] {docker.py:436} INFO - 24/06/25 08:03:20 INFO Executor: Fetching file:///opt/bitnami/spark/.ivy2/jars/org.apache.spark_spark-token-provider-kafka-0-10_2.12-3.3.0.jar with timestamp 1719302598791
[2024-06-25T08:03:20.214+0000] {docker.py:436} INFO - 24/06/25 08:03:20 INFO Utils: /opt/bitnami/spark/.ivy2/jars/org.apache.spark_spark-token-provider-kafka-0-10_2.12-3.3.0.jar has been previously copied to /tmp/spark-0f4f27be-8343-4c78-b28d-f40c56fc88d8/userFiles-c649ca9e-31f5-488c-9e69-049468e964be/org.apache.spark_spark-token-provider-kafka-0-10_2.12-3.3.0.jar
[2024-06-25T08:03:20.217+0000] {docker.py:436} INFO - 24/06/25 08:03:20 INFO Executor: Fetching file:///opt/bitnami/spark/.ivy2/jars/org.slf4j_slf4j-api-1.7.32.jar with timestamp 1719302598791
[2024-06-25T08:03:20.218+0000] {docker.py:436} INFO - 24/06/25 08:03:20 INFO Utils: /opt/bitnami/spark/.ivy2/jars/org.slf4j_slf4j-api-1.7.32.jar has been previously copied to /tmp/spark-0f4f27be-8343-4c78-b28d-f40c56fc88d8/userFiles-c649ca9e-31f5-488c-9e69-049468e964be/org.slf4j_slf4j-api-1.7.32.jar
[2024-06-25T08:03:20.223+0000] {docker.py:436} INFO - 24/06/25 08:03:20 INFO Executor: Fetching file:///opt/bitnami/spark/.ivy2/jars/org.apache.spark_spark-sql-kafka-0-10_2.12-3.3.0.jar with timestamp 1719302598791
[2024-06-25T08:03:20.224+0000] {docker.py:436} INFO - 24/06/25 08:03:20 INFO Utils: /opt/bitnami/spark/.ivy2/jars/org.apache.spark_spark-sql-kafka-0-10_2.12-3.3.0.jar has been previously copied to /tmp/spark-0f4f27be-8343-4c78-b28d-f40c56fc88d8/userFiles-c649ca9e-31f5-488c-9e69-049468e964be/org.apache.spark_spark-sql-kafka-0-10_2.12-3.3.0.jar
[2024-06-25T08:03:20.228+0000] {docker.py:436} INFO - 24/06/25 08:03:20 INFO Executor: Fetching file:///opt/bitnami/spark/.ivy2/jars/com.google.code.findbugs_jsr305-3.0.0.jar with timestamp 1719302598791
[2024-06-25T08:03:20.228+0000] {docker.py:436} INFO - 24/06/25 08:03:20 INFO Utils: /opt/bitnami/spark/.ivy2/jars/com.google.code.findbugs_jsr305-3.0.0.jar has been previously copied to /tmp/spark-0f4f27be-8343-4c78-b28d-f40c56fc88d8/userFiles-c649ca9e-31f5-488c-9e69-049468e964be/com.google.code.findbugs_jsr305-3.0.0.jar
[2024-06-25T08:03:20.231+0000] {docker.py:436} INFO - 24/06/25 08:03:20 INFO Executor: Fetching file:///opt/bitnami/spark/.ivy2/jars/org.lz4_lz4-java-1.8.0.jar with timestamp 1719302598791
[2024-06-25T08:03:20.233+0000] {docker.py:436} INFO - 24/06/25 08:03:20 INFO Utils: /opt/bitnami/spark/.ivy2/jars/org.lz4_lz4-java-1.8.0.jar has been previously copied to /tmp/spark-0f4f27be-8343-4c78-b28d-f40c56fc88d8/userFiles-c649ca9e-31f5-488c-9e69-049468e964be/org.lz4_lz4-java-1.8.0.jar
[2024-06-25T08:03:20.237+0000] {docker.py:436} INFO - 24/06/25 08:03:20 INFO Executor: Fetching file:///opt/bitnami/spark/.ivy2/jars/commons-logging_commons-logging-1.1.3.jar with timestamp 1719302598791
[2024-06-25T08:03:20.238+0000] {docker.py:436} INFO - 24/06/25 08:03:20 INFO Utils: /opt/bitnami/spark/.ivy2/jars/commons-logging_commons-logging-1.1.3.jar has been previously copied to /tmp/spark-0f4f27be-8343-4c78-b28d-f40c56fc88d8/userFiles-c649ca9e-31f5-488c-9e69-049468e964be/commons-logging_commons-logging-1.1.3.jar
[2024-06-25T08:03:20.241+0000] {docker.py:436} INFO - 24/06/25 08:03:20 INFO Executor: Fetching file:///opt/bitnami/spark/.ivy2/jars/org.spark-project.spark_unused-1.0.0.jar with timestamp 1719302598791
[2024-06-25T08:03:20.243+0000] {docker.py:436} INFO - 24/06/25 08:03:20 INFO Utils: /opt/bitnami/spark/.ivy2/jars/org.spark-project.spark_unused-1.0.0.jar has been previously copied to /tmp/spark-0f4f27be-8343-4c78-b28d-f40c56fc88d8/userFiles-c649ca9e-31f5-488c-9e69-049468e964be/org.spark-project.spark_unused-1.0.0.jar
[2024-06-25T08:03:20.246+0000] {docker.py:436} INFO - 24/06/25 08:03:20 INFO Executor: Fetching file:///opt/bitnami/spark/.ivy2/jars/org.apache.kafka_kafka-clients-2.8.1.jar with timestamp 1719302598791
[2024-06-25T08:03:20.251+0000] {docker.py:436} INFO - 24/06/25 08:03:20 INFO Utils: /opt/bitnami/spark/.ivy2/jars/org.apache.kafka_kafka-clients-2.8.1.jar has been previously copied to /tmp/spark-0f4f27be-8343-4c78-b28d-f40c56fc88d8/userFiles-c649ca9e-31f5-488c-9e69-049468e964be/org.apache.kafka_kafka-clients-2.8.1.jar
[2024-06-25T08:03:20.258+0000] {docker.py:436} INFO - 24/06/25 08:03:20 INFO Executor: Fetching spark://localhost:36323/jars/org.slf4j_slf4j-api-1.7.32.jar with timestamp 1719302598791
[2024-06-25T08:03:20.304+0000] {docker.py:436} INFO - 24/06/25 08:03:20 INFO TransportClientFactory: Successfully created connection to localhost/127.0.0.1:36323 after 32 ms (0 ms spent in bootstraps)
[2024-06-25T08:03:20.312+0000] {docker.py:436} INFO - 24/06/25 08:03:20 INFO Utils: Fetching spark://localhost:36323/jars/org.slf4j_slf4j-api-1.7.32.jar to /tmp/spark-0f4f27be-8343-4c78-b28d-f40c56fc88d8/userFiles-c649ca9e-31f5-488c-9e69-049468e964be/fetchFileTemp7758789470539228686.tmp
[2024-06-25T08:03:20.352+0000] {docker.py:436} INFO - 24/06/25 08:03:20 INFO Utils: /tmp/spark-0f4f27be-8343-4c78-b28d-f40c56fc88d8/userFiles-c649ca9e-31f5-488c-9e69-049468e964be/fetchFileTemp7758789470539228686.tmp has been previously copied to /tmp/spark-0f4f27be-8343-4c78-b28d-f40c56fc88d8/userFiles-c649ca9e-31f5-488c-9e69-049468e964be/org.slf4j_slf4j-api-1.7.32.jar
[2024-06-25T08:03:20.357+0000] {docker.py:436} INFO - 24/06/25 08:03:20 INFO Executor: Adding file:/tmp/spark-0f4f27be-8343-4c78-b28d-f40c56fc88d8/userFiles-c649ca9e-31f5-488c-9e69-049468e964be/org.slf4j_slf4j-api-1.7.32.jar to class loader default
[2024-06-25T08:03:20.357+0000] {docker.py:436} INFO - 24/06/25 08:03:20 INFO Executor: Fetching spark://localhost:36323/jars/org.apache.kafka_kafka-clients-2.8.1.jar with timestamp 1719302598791
[2024-06-25T08:03:20.358+0000] {docker.py:436} INFO - 24/06/25 08:03:20 INFO Utils: Fetching spark://localhost:36323/jars/org.apache.kafka_kafka-clients-2.8.1.jar to /tmp/spark-0f4f27be-8343-4c78-b28d-f40c56fc88d8/userFiles-c649ca9e-31f5-488c-9e69-049468e964be/fetchFileTemp16623601164016809999.tmp
[2024-06-25T08:03:20.401+0000] {docker.py:436} INFO - 24/06/25 08:03:20 INFO Utils: /tmp/spark-0f4f27be-8343-4c78-b28d-f40c56fc88d8/userFiles-c649ca9e-31f5-488c-9e69-049468e964be/fetchFileTemp16623601164016809999.tmp has been previously copied to /tmp/spark-0f4f27be-8343-4c78-b28d-f40c56fc88d8/userFiles-c649ca9e-31f5-488c-9e69-049468e964be/org.apache.kafka_kafka-clients-2.8.1.jar
[2024-06-25T08:03:20.408+0000] {docker.py:436} INFO - 24/06/25 08:03:20 INFO Executor: Adding file:/tmp/spark-0f4f27be-8343-4c78-b28d-f40c56fc88d8/userFiles-c649ca9e-31f5-488c-9e69-049468e964be/org.apache.kafka_kafka-clients-2.8.1.jar to class loader default
[2024-06-25T08:03:20.409+0000] {docker.py:436} INFO - 24/06/25 08:03:20 INFO Executor: Fetching spark://localhost:36323/jars/org.xerial.snappy_snappy-java-1.1.8.4.jar with timestamp 1719302598791
[2024-06-25T08:03:20.410+0000] {docker.py:436} INFO - 24/06/25 08:03:20 INFO Utils: Fetching spark://localhost:36323/jars/org.xerial.snappy_snappy-java-1.1.8.4.jar to /tmp/spark-0f4f27be-8343-4c78-b28d-f40c56fc88d8/userFiles-c649ca9e-31f5-488c-9e69-049468e964be/fetchFileTemp12547936819323791219.tmp
[2024-06-25T08:03:20.422+0000] {docker.py:436} INFO - 24/06/25 08:03:20 INFO Utils: /tmp/spark-0f4f27be-8343-4c78-b28d-f40c56fc88d8/userFiles-c649ca9e-31f5-488c-9e69-049468e964be/fetchFileTemp12547936819323791219.tmp has been previously copied to /tmp/spark-0f4f27be-8343-4c78-b28d-f40c56fc88d8/userFiles-c649ca9e-31f5-488c-9e69-049468e964be/org.xerial.snappy_snappy-java-1.1.8.4.jar
[2024-06-25T08:03:20.430+0000] {docker.py:436} INFO - 24/06/25 08:03:20 INFO Executor: Adding file:/tmp/spark-0f4f27be-8343-4c78-b28d-f40c56fc88d8/userFiles-c649ca9e-31f5-488c-9e69-049468e964be/org.xerial.snappy_snappy-java-1.1.8.4.jar to class loader default
[2024-06-25T08:03:20.430+0000] {docker.py:436} INFO - 24/06/25 08:03:20 INFO Executor: Fetching spark://localhost:36323/jars/org.apache.hadoop_hadoop-client-api-3.3.2.jar with timestamp 1719302598791
[2024-06-25T08:03:20.432+0000] {docker.py:436} INFO - 24/06/25 08:03:20 INFO Utils: Fetching spark://localhost:36323/jars/org.apache.hadoop_hadoop-client-api-3.3.2.jar to /tmp/spark-0f4f27be-8343-4c78-b28d-f40c56fc88d8/userFiles-c649ca9e-31f5-488c-9e69-049468e964be/fetchFileTemp13563695043664192200.tmp
[2024-06-25T08:03:20.580+0000] {docker.py:436} INFO - 24/06/25 08:03:20 INFO Utils: /tmp/spark-0f4f27be-8343-4c78-b28d-f40c56fc88d8/userFiles-c649ca9e-31f5-488c-9e69-049468e964be/fetchFileTemp13563695043664192200.tmp has been previously copied to /tmp/spark-0f4f27be-8343-4c78-b28d-f40c56fc88d8/userFiles-c649ca9e-31f5-488c-9e69-049468e964be/org.apache.hadoop_hadoop-client-api-3.3.2.jar
[2024-06-25T08:03:20.589+0000] {docker.py:436} INFO - 24/06/25 08:03:20 INFO Executor: Adding file:/tmp/spark-0f4f27be-8343-4c78-b28d-f40c56fc88d8/userFiles-c649ca9e-31f5-488c-9e69-049468e964be/org.apache.hadoop_hadoop-client-api-3.3.2.jar to class loader default
[2024-06-25T08:03:20.591+0000] {docker.py:436} INFO - 24/06/25 08:03:20 INFO Executor: Fetching spark://localhost:36323/jars/org.apache.commons_commons-pool2-2.11.1.jar with timestamp 1719302598791
24/06/25 08:03:20 INFO Utils: Fetching spark://localhost:36323/jars/org.apache.commons_commons-pool2-2.11.1.jar to /tmp/spark-0f4f27be-8343-4c78-b28d-f40c56fc88d8/userFiles-c649ca9e-31f5-488c-9e69-049468e964be/fetchFileTemp15199266967239039444.tmp
[2024-06-25T08:03:20.594+0000] {docker.py:436} INFO - 24/06/25 08:03:20 INFO Utils: /tmp/spark-0f4f27be-8343-4c78-b28d-f40c56fc88d8/userFiles-c649ca9e-31f5-488c-9e69-049468e964be/fetchFileTemp15199266967239039444.tmp has been previously copied to /tmp/spark-0f4f27be-8343-4c78-b28d-f40c56fc88d8/userFiles-c649ca9e-31f5-488c-9e69-049468e964be/org.apache.commons_commons-pool2-2.11.1.jar
[2024-06-25T08:03:20.598+0000] {docker.py:436} INFO - 24/06/25 08:03:20 INFO Executor: Adding file:/tmp/spark-0f4f27be-8343-4c78-b28d-f40c56fc88d8/userFiles-c649ca9e-31f5-488c-9e69-049468e964be/org.apache.commons_commons-pool2-2.11.1.jar to class loader default
[2024-06-25T08:03:20.599+0000] {docker.py:436} INFO - 24/06/25 08:03:20 INFO Executor: Fetching spark://localhost:36323/jars/org.spark-project.spark_unused-1.0.0.jar with timestamp 1719302598791
[2024-06-25T08:03:20.600+0000] {docker.py:436} INFO - 24/06/25 08:03:20 INFO Utils: Fetching spark://localhost:36323/jars/org.spark-project.spark_unused-1.0.0.jar to /tmp/spark-0f4f27be-8343-4c78-b28d-f40c56fc88d8/userFiles-c649ca9e-31f5-488c-9e69-049468e964be/fetchFileTemp14664266730835550974.tmp
[2024-06-25T08:03:20.601+0000] {docker.py:436} INFO - 24/06/25 08:03:20 INFO Utils: /tmp/spark-0f4f27be-8343-4c78-b28d-f40c56fc88d8/userFiles-c649ca9e-31f5-488c-9e69-049468e964be/fetchFileTemp14664266730835550974.tmp has been previously copied to /tmp/spark-0f4f27be-8343-4c78-b28d-f40c56fc88d8/userFiles-c649ca9e-31f5-488c-9e69-049468e964be/org.spark-project.spark_unused-1.0.0.jar
[2024-06-25T08:03:20.605+0000] {docker.py:436} INFO - 24/06/25 08:03:20 INFO Executor: Adding file:/tmp/spark-0f4f27be-8343-4c78-b28d-f40c56fc88d8/userFiles-c649ca9e-31f5-488c-9e69-049468e964be/org.spark-project.spark_unused-1.0.0.jar to class loader default
[2024-06-25T08:03:20.606+0000] {docker.py:436} INFO - 24/06/25 08:03:20 INFO Executor: Fetching spark://localhost:36323/jars/commons-logging_commons-logging-1.1.3.jar with timestamp 1719302598791
[2024-06-25T08:03:20.608+0000] {docker.py:436} INFO - 24/06/25 08:03:20 INFO Utils: Fetching spark://localhost:36323/jars/commons-logging_commons-logging-1.1.3.jar to /tmp/spark-0f4f27be-8343-4c78-b28d-f40c56fc88d8/userFiles-c649ca9e-31f5-488c-9e69-049468e964be/fetchFileTemp1985247083363429415.tmp
[2024-06-25T08:03:20.610+0000] {docker.py:436} INFO - 24/06/25 08:03:20 INFO Utils: /tmp/spark-0f4f27be-8343-4c78-b28d-f40c56fc88d8/userFiles-c649ca9e-31f5-488c-9e69-049468e964be/fetchFileTemp1985247083363429415.tmp has been previously copied to /tmp/spark-0f4f27be-8343-4c78-b28d-f40c56fc88d8/userFiles-c649ca9e-31f5-488c-9e69-049468e964be/commons-logging_commons-logging-1.1.3.jar
[2024-06-25T08:03:20.614+0000] {docker.py:436} INFO - 24/06/25 08:03:20 INFO Executor: Adding file:/tmp/spark-0f4f27be-8343-4c78-b28d-f40c56fc88d8/userFiles-c649ca9e-31f5-488c-9e69-049468e964be/commons-logging_commons-logging-1.1.3.jar to class loader default
[2024-06-25T08:03:20.614+0000] {docker.py:436} INFO - 24/06/25 08:03:20 INFO Executor: Fetching spark://localhost:36323/jars/com.google.code.findbugs_jsr305-3.0.0.jar with timestamp 1719302598791
[2024-06-25T08:03:20.615+0000] {docker.py:436} INFO - 24/06/25 08:03:20 INFO Utils: Fetching spark://localhost:36323/jars/com.google.code.findbugs_jsr305-3.0.0.jar to /tmp/spark-0f4f27be-8343-4c78-b28d-f40c56fc88d8/userFiles-c649ca9e-31f5-488c-9e69-049468e964be/fetchFileTemp11031123844892709850.tmp
[2024-06-25T08:03:20.617+0000] {docker.py:436} INFO - 24/06/25 08:03:20 INFO Utils: /tmp/spark-0f4f27be-8343-4c78-b28d-f40c56fc88d8/userFiles-c649ca9e-31f5-488c-9e69-049468e964be/fetchFileTemp11031123844892709850.tmp has been previously copied to /tmp/spark-0f4f27be-8343-4c78-b28d-f40c56fc88d8/userFiles-c649ca9e-31f5-488c-9e69-049468e964be/com.google.code.findbugs_jsr305-3.0.0.jar
[2024-06-25T08:03:20.621+0000] {docker.py:436} INFO - 24/06/25 08:03:20 INFO Executor: Adding file:/tmp/spark-0f4f27be-8343-4c78-b28d-f40c56fc88d8/userFiles-c649ca9e-31f5-488c-9e69-049468e964be/com.google.code.findbugs_jsr305-3.0.0.jar to class loader default
[2024-06-25T08:03:20.623+0000] {docker.py:436} INFO - 24/06/25 08:03:20 INFO Executor: Fetching spark://localhost:36323/jars/org.lz4_lz4-java-1.8.0.jar with timestamp 1719302598791
[2024-06-25T08:03:20.624+0000] {docker.py:436} INFO - 24/06/25 08:03:20 INFO Utils: Fetching spark://localhost:36323/jars/org.lz4_lz4-java-1.8.0.jar to /tmp/spark-0f4f27be-8343-4c78-b28d-f40c56fc88d8/userFiles-c649ca9e-31f5-488c-9e69-049468e964be/fetchFileTemp18233313909308867719.tmp
[2024-06-25T08:03:20.627+0000] {docker.py:436} INFO - 24/06/25 08:03:20 INFO Utils: /tmp/spark-0f4f27be-8343-4c78-b28d-f40c56fc88d8/userFiles-c649ca9e-31f5-488c-9e69-049468e964be/fetchFileTemp18233313909308867719.tmp has been previously copied to /tmp/spark-0f4f27be-8343-4c78-b28d-f40c56fc88d8/userFiles-c649ca9e-31f5-488c-9e69-049468e964be/org.lz4_lz4-java-1.8.0.jar
[2024-06-25T08:03:20.631+0000] {docker.py:436} INFO - 24/06/25 08:03:20 INFO Executor: Adding file:/tmp/spark-0f4f27be-8343-4c78-b28d-f40c56fc88d8/userFiles-c649ca9e-31f5-488c-9e69-049468e964be/org.lz4_lz4-java-1.8.0.jar to class loader default
[2024-06-25T08:03:20.632+0000] {docker.py:436} INFO - 24/06/25 08:03:20 INFO Executor: Fetching spark://localhost:36323/jars/org.apache.hadoop_hadoop-client-runtime-3.3.2.jar with timestamp 1719302598791
[2024-06-25T08:03:20.632+0000] {docker.py:436} INFO - 24/06/25 08:03:20 INFO Utils: Fetching spark://localhost:36323/jars/org.apache.hadoop_hadoop-client-runtime-3.3.2.jar to /tmp/spark-0f4f27be-8343-4c78-b28d-f40c56fc88d8/userFiles-c649ca9e-31f5-488c-9e69-049468e964be/fetchFileTemp9378550708617864715.tmp
[2024-06-25T08:03:21.014+0000] {docker.py:436} INFO - 24/06/25 08:03:21 INFO Utils: /tmp/spark-0f4f27be-8343-4c78-b28d-f40c56fc88d8/userFiles-c649ca9e-31f5-488c-9e69-049468e964be/fetchFileTemp9378550708617864715.tmp has been previously copied to /tmp/spark-0f4f27be-8343-4c78-b28d-f40c56fc88d8/userFiles-c649ca9e-31f5-488c-9e69-049468e964be/org.apache.hadoop_hadoop-client-runtime-3.3.2.jar
[2024-06-25T08:03:21.021+0000] {docker.py:436} INFO - 24/06/25 08:03:21 INFO Executor: Adding file:/tmp/spark-0f4f27be-8343-4c78-b28d-f40c56fc88d8/userFiles-c649ca9e-31f5-488c-9e69-049468e964be/org.apache.hadoop_hadoop-client-runtime-3.3.2.jar to class loader default
[2024-06-25T08:03:21.022+0000] {docker.py:436} INFO - 24/06/25 08:03:21 INFO Executor: Fetching spark://localhost:36323/jars/org.apache.spark_spark-sql-kafka-0-10_2.12-3.3.0.jar with timestamp 1719302598791
[2024-06-25T08:03:21.022+0000] {docker.py:436} INFO - 24/06/25 08:03:21 INFO Utils: Fetching spark://localhost:36323/jars/org.apache.spark_spark-sql-kafka-0-10_2.12-3.3.0.jar to /tmp/spark-0f4f27be-8343-4c78-b28d-f40c56fc88d8/userFiles-c649ca9e-31f5-488c-9e69-049468e964be/fetchFileTemp12239206214092773089.tmp
[2024-06-25T08:03:21.025+0000] {docker.py:436} INFO - 24/06/25 08:03:21 INFO Utils: /tmp/spark-0f4f27be-8343-4c78-b28d-f40c56fc88d8/userFiles-c649ca9e-31f5-488c-9e69-049468e964be/fetchFileTemp12239206214092773089.tmp has been previously copied to /tmp/spark-0f4f27be-8343-4c78-b28d-f40c56fc88d8/userFiles-c649ca9e-31f5-488c-9e69-049468e964be/org.apache.spark_spark-sql-kafka-0-10_2.12-3.3.0.jar
[2024-06-25T08:03:21.130+0000] {docker.py:436} INFO - 24/06/25 08:03:21 INFO Executor: Adding file:/tmp/spark-0f4f27be-8343-4c78-b28d-f40c56fc88d8/userFiles-c649ca9e-31f5-488c-9e69-049468e964be/org.apache.spark_spark-sql-kafka-0-10_2.12-3.3.0.jar to class loader default
[2024-06-25T08:03:21.130+0000] {docker.py:436} INFO - 24/06/25 08:03:21 INFO Executor: Fetching spark://localhost:36323/jars/org.apache.spark_spark-token-provider-kafka-0-10_2.12-3.3.0.jar with timestamp 1719302598791
[2024-06-25T08:03:21.131+0000] {docker.py:436} INFO - 24/06/25 08:03:21 INFO Utils: Fetching spark://localhost:36323/jars/org.apache.spark_spark-token-provider-kafka-0-10_2.12-3.3.0.jar to /tmp/spark-0f4f27be-8343-4c78-b28d-f40c56fc88d8/userFiles-c649ca9e-31f5-488c-9e69-049468e964be/fetchFileTemp6372087135292774432.tmp
[2024-06-25T08:03:21.132+0000] {docker.py:436} INFO - 24/06/25 08:03:21 INFO Utils: /tmp/spark-0f4f27be-8343-4c78-b28d-f40c56fc88d8/userFiles-c649ca9e-31f5-488c-9e69-049468e964be/fetchFileTemp6372087135292774432.tmp has been previously copied to /tmp/spark-0f4f27be-8343-4c78-b28d-f40c56fc88d8/userFiles-c649ca9e-31f5-488c-9e69-049468e964be/org.apache.spark_spark-token-provider-kafka-0-10_2.12-3.3.0.jar
[2024-06-25T08:03:21.163+0000] {docker.py:436} INFO - 24/06/25 08:03:21 INFO Executor: Adding file:/tmp/spark-0f4f27be-8343-4c78-b28d-f40c56fc88d8/userFiles-c649ca9e-31f5-488c-9e69-049468e964be/org.apache.spark_spark-token-provider-kafka-0-10_2.12-3.3.0.jar to class loader default
[2024-06-25T08:03:21.173+0000] {docker.py:436} INFO - 24/06/25 08:03:21 INFO Utils: Successfully started service 'org.apache.spark.network.netty.NettyBlockTransferService' on port 45193.
[2024-06-25T08:03:21.174+0000] {docker.py:436} INFO - 24/06/25 08:03:21 INFO NettyBlockTransferService: Server created on localhost:45193
[2024-06-25T08:03:21.176+0000] {docker.py:436} INFO - 24/06/25 08:03:21 INFO BlockManager: Using org.apache.spark.storage.RandomBlockReplicationPolicy for block replication policy
[2024-06-25T08:03:21.183+0000] {docker.py:436} INFO - 24/06/25 08:03:21 INFO BlockManagerMaster: Registering BlockManager BlockManagerId(driver, localhost, 45193, None)
[2024-06-25T08:03:21.186+0000] {docker.py:436} INFO - 24/06/25 08:03:21 INFO BlockManagerMasterEndpoint: Registering block manager localhost:45193 with 434.4 MiB RAM, BlockManagerId(driver, localhost, 45193, None)
[2024-06-25T08:03:21.189+0000] {docker.py:436} INFO - 24/06/25 08:03:21 INFO BlockManagerMaster: Registered BlockManager BlockManagerId(driver, localhost, 45193, None)
[2024-06-25T08:03:21.191+0000] {docker.py:436} INFO - 24/06/25 08:03:21 INFO BlockManager: Initialized BlockManager: BlockManagerId(driver, localhost, 45193, None)
[2024-06-25T08:03:21.632+0000] {docker.py:436} INFO - 2024-06-25 08:03:21,632:create_spark_session:INFO:Spark session created successfully
[2024-06-25T08:03:21.642+0000] {docker.py:436} INFO - 24/06/25 08:03:21 INFO SharedState: Setting hive.metastore.warehouse.dir ('null') to the value of spark.sql.warehouse.dir.
[2024-06-25T08:03:21.645+0000] {docker.py:436} INFO - 24/06/25 08:03:21 INFO SharedState: Warehouse path is 'file:/opt/bitnami/spark/spark-warehouse'.
[2024-06-25T08:03:23.242+0000] {docker.py:436} INFO - 2024-06-25 08:03:23,242:create_initial_dataframe:INFO:Initial dataframe created successfully
[2024-06-25T08:03:23.243+0000] {docker.py:436} INFO - 2024-06-25 08:03:23,242:close:INFO:Closing down clientserver connection
[2024-06-25T08:03:23.291+0000] {docker.py:436} INFO - 24/06/25 08:03:23 INFO SparkContext: Invoking stop() from shutdown hook
[2024-06-25T08:03:23.291+0000] {docker.py:436} INFO - 24/06/25 08:03:23 INFO SparkContext: SparkContext is stopping with exitCode 0.
[2024-06-25T08:03:23.302+0000] {docker.py:436} INFO - 24/06/25 08:03:23 INFO SparkUI: Stopped Spark web UI at http://localhost:4040
[2024-06-25T08:03:23.315+0000] {docker.py:436} INFO - 24/06/25 08:03:23 INFO MapOutputTrackerMasterEndpoint: MapOutputTrackerMasterEndpoint stopped!
[2024-06-25T08:03:23.330+0000] {docker.py:436} INFO - 24/06/25 08:03:23 INFO MemoryStore: MemoryStore cleared
[2024-06-25T08:03:23.331+0000] {docker.py:436} INFO - 24/06/25 08:03:23 INFO BlockManager: BlockManager stopped
[2024-06-25T08:03:23.340+0000] {docker.py:436} INFO - 24/06/25 08:03:23 INFO BlockManagerMaster: BlockManagerMaster stopped
[2024-06-25T08:03:23.347+0000] {docker.py:436} INFO - 24/06/25 08:03:23 INFO OutputCommitCoordinator$OutputCommitCoordinatorEndpoint: OutputCommitCoordinator stopped!
[2024-06-25T08:03:23.377+0000] {docker.py:436} INFO - 24/06/25 08:03:23 INFO SparkContext: Successfully stopped SparkContext
[2024-06-25T08:03:23.378+0000] {docker.py:436} INFO - 24/06/25 08:03:23 INFO ShutdownHookManager: Shutdown hook called
[2024-06-25T08:03:23.379+0000] {docker.py:436} INFO - 24/06/25 08:03:23 INFO ShutdownHookManager: Deleting directory /tmp/spark-0f4f27be-8343-4c78-b28d-f40c56fc88d8/pyspark-f845a049-4a74-4d38-99af-41b2bc16fe4c
[2024-06-25T08:03:23.384+0000] {docker.py:436} INFO - 24/06/25 08:03:23 INFO ShutdownHookManager: Deleting directory /tmp/spark-d44f2aae-1ff6-40be-a2c1-3f117b622f34
[2024-06-25T08:03:23.389+0000] {docker.py:436} INFO - 24/06/25 08:03:23 INFO ShutdownHookManager: Deleting directory /tmp/spark-0f4f27be-8343-4c78-b28d-f40c56fc88d8
[2024-06-25T08:03:23.938+0000] {taskinstance.py:441} INFO - ::group::Post task execution logs
[2024-06-25T08:03:23.962+0000] {taskinstance.py:1206} INFO - Marking task as SUCCESS. dag_id=Stage_1, task_id=run_bronze_job, run_id=manual__2024-06-25T08:02:54.865954+00:00, execution_date=20240625T080254, start_date=20240625T080301, end_date=20240625T080323
[2024-06-25T08:03:24.007+0000] {local_task_job_runner.py:240} INFO - Task exited with return code 0
[2024-06-25T08:03:24.023+0000] {taskinstance.py:3498} INFO - 0 downstream tasks scheduled from follow-on schedule check
[2024-06-25T08:03:24.025+0000] {local_task_job_runner.py:222} INFO - ::endgroup::
