[2024-06-27T11:26:52.141+0000] {local_task_job_runner.py:120} INFO - ::group::Pre task execution logs
[2024-06-27T11:26:52.179+0000] {taskinstance.py:2076} INFO - Dependencies all met for dep_context=non-requeueable deps ti=<TaskInstance: Stage_1.run_bronze_job manual__2024-06-27T11:26:45.546645+00:00 [queued]>
[2024-06-27T11:26:52.190+0000] {taskinstance.py:2076} INFO - Dependencies all met for dep_context=requeueable deps ti=<TaskInstance: Stage_1.run_bronze_job manual__2024-06-27T11:26:45.546645+00:00 [queued]>
[2024-06-27T11:26:52.191+0000] {taskinstance.py:2306} INFO - Starting attempt 1 of 1
[2024-06-27T11:26:52.206+0000] {taskinstance.py:2330} INFO - Executing <Task(DockerOperator): run_bronze_job> on 2024-06-27 11:26:45.546645+00:00
[2024-06-27T11:26:52.213+0000] {logging_mixin.py:188} WARNING - /home/***/.local/lib/python3.12/site-packages/***/task/task_runner/standard_task_runner.py:61 DeprecationWarning: This process (pid=630) is multi-threaded, use of fork() may lead to deadlocks in the child.
[2024-06-27T11:26:52.214+0000] {standard_task_runner.py:63} INFO - Started process 631 to run task
[2024-06-27T11:26:52.213+0000] {standard_task_runner.py:90} INFO - Running: ['***', 'tasks', 'run', 'Stage_1', 'run_bronze_job', 'manual__2024-06-27T11:26:45.546645+00:00', '--job-id', '368', '--raw', '--subdir', 'DAGS_FOLDER/kafka_dag.py', '--cfg-path', '/tmp/tmpax8ubyc9']
[2024-06-27T11:26:52.215+0000] {standard_task_runner.py:91} INFO - Job 368: Subtask run_bronze_job
[2024-06-27T11:26:52.230+0000] {logging_mixin.py:188} WARNING - /home/***/.local/lib/python3.12/site-packages/***/settings.py:195 DeprecationWarning: The sql_alchemy_conn option in [core] has been moved to the sql_alchemy_conn option in [database] - the old setting has been used, but please update your config.
[2024-06-27T11:26:52.263+0000] {task_command.py:426} INFO - Running <TaskInstance: Stage_1.run_bronze_job manual__2024-06-27T11:26:45.546645+00:00 [running]> on host 3d646c49e37a
[2024-06-27T11:26:52.377+0000] {taskinstance.py:2648} INFO - Exporting env vars: AIRFLOW_CTX_DAG_OWNER='***' AIRFLOW_CTX_DAG_ID='Stage_1' AIRFLOW_CTX_TASK_ID='run_bronze_job' AIRFLOW_CTX_EXECUTION_DATE='2024-06-27T11:26:45.546645+00:00' AIRFLOW_CTX_TRY_NUMBER='1' AIRFLOW_CTX_DAG_RUN_ID='manual__2024-06-27T11:26:45.546645+00:00'
[2024-06-27T11:26:52.378+0000] {taskinstance.py:430} INFO - ::endgroup::
[2024-06-27T11:26:52.413+0000] {docker.py:366} INFO - Starting docker container from image bitnami/spark:latest
[2024-06-27T11:26:52.416+0000] {docker.py:374} WARNING - Using remote engine or docker-in-docker and mounting temporary volume from host is not supported. Falling back to `mount_tmp_dir=False` mode. You can set `mount_tmp_dir` parameter to False to disable mounting and remove the warning
[2024-06-27T11:26:52.833+0000] {docker.py:436} INFO - [38;5;6mspark [38;5;5m11:26:52.83 [0m[38;5;2mINFO [0m ==>
[2024-06-27T11:26:52.835+0000] {docker.py:436} INFO - [38;5;6mspark [38;5;5m11:26:52.83 [0m[38;5;2mINFO [0m ==> [1mWelcome to the Bitnami spark container[0m
[2024-06-27T11:26:52.837+0000] {docker.py:436} INFO - [38;5;6mspark [38;5;5m11:26:52.83 [0m[38;5;2mINFO [0m ==> Subscribe to project updates by watching [1mhttps://github.com/bitnami/containers[0m
[2024-06-27T11:26:52.841+0000] {docker.py:436} INFO - [38;5;6mspark [38;5;5m11:26:52.83 [0m[38;5;2mINFO [0m ==> Submit issues and feature requests at [1mhttps://github.com/bitnami/containers/issues[0m
[2024-06-27T11:26:52.842+0000] {docker.py:436} INFO - [38;5;6mspark [38;5;5m11:26:52.84 [0m[38;5;2mINFO [0m ==> Upgrade to Tanzu Application Catalog for production environments to access custom-configured and pre-packaged software components. Gain enhanced features, including Software Bill of Materials (SBOM), CVE scan result reports, and VEX documents. To learn more, visit [1mhttps://bitnami.com/enterprise[0m
[2024-06-27T11:26:52.844+0000] {docker.py:436} INFO - [38;5;6mspark [38;5;5m11:26:52.84 [0m[38;5;2mINFO [0m ==>
[2024-06-27T11:26:52.852+0000] {docker.py:436} INFO - 
[2024-06-27T11:26:55.261+0000] {docker.py:436} INFO - :: loading settings :: url = jar:file:/opt/bitnami/spark/jars/ivy-2.5.1.jar!/org/apache/ivy/core/settings/ivysettings.xml
[2024-06-27T11:26:55.356+0000] {docker.py:436} INFO - Ivy Default Cache set to: /opt/bitnami/spark/.ivy2/cache
The jars for the packages stored in: /opt/bitnami/spark/.ivy2/jars
[2024-06-27T11:26:55.363+0000] {docker.py:436} INFO - org.apache.spark#spark-sql-kafka-0-10_2.12 added as a dependency
[2024-06-27T11:26:55.364+0000] {docker.py:436} INFO - org.postgresql#postgresql added as a dependency
[2024-06-27T11:26:55.366+0000] {docker.py:436} INFO - :: resolving dependencies :: org.apache.spark#spark-submit-parent-859312e0-f132-4fbe-a993-0af1132afb01;1.0
[2024-06-27T11:26:55.367+0000] {docker.py:436} INFO - confs: [default]
[2024-06-27T11:26:57.073+0000] {docker.py:436} INFO - found org.apache.spark#spark-sql-kafka-0-10_2.12;3.3.0 in central
[2024-06-27T11:26:57.461+0000] {docker.py:436} INFO - found org.apache.spark#spark-token-provider-kafka-0-10_2.12;3.3.0 in central
[2024-06-27T11:26:57.533+0000] {docker.py:436} INFO - found org.apache.kafka#kafka-clients;2.8.1 in central
[2024-06-27T11:26:57.606+0000] {docker.py:436} INFO - found org.lz4#lz4-java;1.8.0 in central
[2024-06-27T11:26:57.678+0000] {docker.py:436} INFO - found org.xerial.snappy#snappy-java;1.1.8.4 in central
[2024-06-27T11:26:58.638+0000] {docker.py:436} INFO - found org.slf4j#slf4j-api;1.7.32 in central
[2024-06-27T11:27:00.388+0000] {docker.py:436} INFO - found org.apache.hadoop#hadoop-client-runtime;3.3.2 in central
[2024-06-27T11:27:00.505+0000] {docker.py:436} INFO - found org.spark-project.spark#unused;1.0.0 in central
[2024-06-27T11:27:00.619+0000] {docker.py:436} INFO - found org.apache.hadoop#hadoop-client-api;3.3.2 in central
[2024-06-27T11:27:00.947+0000] {docker.py:436} INFO - found commons-logging#commons-logging;1.1.3 in central
[2024-06-27T11:27:00.999+0000] {docker.py:436} INFO - found com.google.code.findbugs#jsr305;3.0.0 in central
[2024-06-27T11:27:01.333+0000] {docker.py:436} INFO - found org.apache.commons#commons-pool2;2.11.1 in central
[2024-06-27T11:27:03.237+0000] {docker.py:436} INFO - found org.postgresql#postgresql;42.2.2 in central
[2024-06-27T11:27:03.265+0000] {docker.py:436} INFO - downloading https://repo1.maven.org/maven2/org/apache/spark/spark-sql-kafka-0-10_2.12/3.3.0/spark-sql-kafka-0-10_2.12-3.3.0.jar ...
[2024-06-27T11:27:03.516+0000] {docker.py:436} INFO - [SUCCESSFUL ] org.apache.spark#spark-sql-kafka-0-10_2.12;3.3.0!spark-sql-kafka-0-10_2.12.jar (264ms)
[2024-06-27T11:27:03.529+0000] {docker.py:436} INFO - downloading https://repo1.maven.org/maven2/org/postgresql/postgresql/42.2.2/postgresql-42.2.2.jar ...
[2024-06-27T11:27:03.941+0000] {docker.py:436} INFO - [SUCCESSFUL ] org.postgresql#postgresql;42.2.2!postgresql.jar(bundle) (423ms)
[2024-06-27T11:27:03.957+0000] {docker.py:436} INFO - downloading https://repo1.maven.org/maven2/org/apache/spark/spark-token-provider-kafka-0-10_2.12/3.3.0/spark-token-provider-kafka-0-10_2.12-3.3.0.jar ...
[2024-06-27T11:27:03.999+0000] {docker.py:436} INFO - [SUCCESSFUL ] org.apache.spark#spark-token-provider-kafka-0-10_2.12;3.3.0!spark-token-provider-kafka-0-10_2.12.jar (56ms)
[2024-06-27T11:27:04.011+0000] {docker.py:436} INFO - downloading https://repo1.maven.org/maven2/org/apache/kafka/kafka-clients/2.8.1/kafka-clients-2.8.1.jar ...
[2024-06-27T11:27:06.622+0000] {docker.py:436} INFO - [SUCCESSFUL ] org.apache.kafka#kafka-clients;2.8.1!kafka-clients.jar (2621ms)
[2024-06-27T11:27:06.637+0000] {docker.py:436} INFO - downloading https://repo1.maven.org/maven2/com/google/code/findbugs/jsr305/3.0.0/jsr305-3.0.0.jar ...
[2024-06-27T11:27:06.658+0000] {docker.py:436} INFO - [SUCCESSFUL ] com.google.code.findbugs#jsr305;3.0.0!jsr305.jar (35ms)
[2024-06-27T11:27:06.669+0000] {docker.py:436} INFO - downloading https://repo1.maven.org/maven2/org/apache/commons/commons-pool2/2.11.1/commons-pool2-2.11.1.jar ...
[2024-06-27T11:27:06.704+0000] {docker.py:436} INFO - [SUCCESSFUL ] org.apache.commons#commons-pool2;2.11.1!commons-pool2.jar (45ms)
[2024-06-27T11:27:06.713+0000] {docker.py:436} INFO - downloading https://repo1.maven.org/maven2/org/spark-project/spark/unused/1.0.0/unused-1.0.0.jar ...
[2024-06-27T11:27:06.723+0000] {docker.py:436} INFO - [SUCCESSFUL ] org.spark-project.spark#unused;1.0.0!unused.jar (17ms)
[2024-06-27T11:27:06.735+0000] {docker.py:436} INFO - downloading https://repo1.maven.org/maven2/org/apache/hadoop/hadoop-client-runtime/3.3.2/hadoop-client-runtime-3.3.2.jar ...
[2024-06-27T11:27:15.837+0000] {docker.py:436} INFO - [SUCCESSFUL ] org.apache.hadoop#hadoop-client-runtime;3.3.2!hadoop-client-runtime.jar (9113ms)
[2024-06-27T11:27:15.849+0000] {docker.py:436} INFO - downloading https://repo1.maven.org/maven2/org/lz4/lz4-java/1.8.0/lz4-java-1.8.0.jar ...
[2024-06-27T11:27:16.031+0000] {docker.py:436} INFO - [SUCCESSFUL ] org.lz4#lz4-java;1.8.0!lz4-java.jar (192ms)
[2024-06-27T11:27:16.045+0000] {docker.py:436} INFO - downloading https://repo1.maven.org/maven2/org/xerial/snappy/snappy-java/1.1.8.4/snappy-java-1.1.8.4.jar ...
[2024-06-27T11:27:16.493+0000] {docker.py:436} INFO - [SUCCESSFUL ] org.xerial.snappy#snappy-java;1.1.8.4!snappy-java.jar(bundle) (461ms)
[2024-06-27T11:27:16.502+0000] {docker.py:436} INFO - downloading https://repo1.maven.org/maven2/org/slf4j/slf4j-api/1.7.32/slf4j-api-1.7.32.jar ...
[2024-06-27T11:27:16.522+0000] {docker.py:436} INFO - [SUCCESSFUL ] org.slf4j#slf4j-api;1.7.32!slf4j-api.jar (27ms)
[2024-06-27T11:27:16.532+0000] {docker.py:436} INFO - downloading https://repo1.maven.org/maven2/org/apache/hadoop/hadoop-client-api/3.3.2/hadoop-client-api-3.3.2.jar ...
[2024-06-27T11:27:21.901+0000] {docker.py:436} INFO - [SUCCESSFUL ] org.apache.hadoop#hadoop-client-api;3.3.2!hadoop-client-api.jar (5378ms)
[2024-06-27T11:27:21.924+0000] {docker.py:436} INFO - downloading https://repo1.maven.org/maven2/commons-logging/commons-logging/1.1.3/commons-logging-1.1.3.jar ...
[2024-06-27T11:27:21.943+0000] {docker.py:436} INFO - [SUCCESSFUL ] commons-logging#commons-logging;1.1.3!commons-logging.jar (42ms)
[2024-06-27T11:27:21.944+0000] {docker.py:436} INFO - :: resolution report :: resolve 7883ms :: artifacts dl 18694ms
[2024-06-27T11:27:21.944+0000] {docker.py:436} INFO - :: modules in use:
[2024-06-27T11:27:21.945+0000] {docker.py:436} INFO - com.google.code.findbugs#jsr305;3.0.0 from central in [default]
	commons-logging#commons-logging;1.1.3 from central in [default]
[2024-06-27T11:27:21.945+0000] {docker.py:436} INFO - org.apache.commons#commons-pool2;2.11.1 from central in [default]
[2024-06-27T11:27:21.946+0000] {docker.py:436} INFO - org.apache.hadoop#hadoop-client-api;3.3.2 from central in [default]
	org.apache.hadoop#hadoop-client-runtime;3.3.2 from central in [default]
[2024-06-27T11:27:21.946+0000] {docker.py:436} INFO - org.apache.kafka#kafka-clients;2.8.1 from central in [default]
[2024-06-27T11:27:21.947+0000] {docker.py:436} INFO - org.apache.spark#spark-sql-kafka-0-10_2.12;3.3.0 from central in [default]
[2024-06-27T11:27:21.948+0000] {docker.py:436} INFO - org.apache.spark#spark-token-provider-kafka-0-10_2.12;3.3.0 from central in [default]
	org.lz4#lz4-java;1.8.0 from central in [default]
[2024-06-27T11:27:21.948+0000] {docker.py:436} INFO - org.postgresql#postgresql;42.2.2 from central in [default]
[2024-06-27T11:27:21.949+0000] {docker.py:436} INFO - org.slf4j#slf4j-api;1.7.32 from central in [default]
	org.spark-project.spark#unused;1.0.0 from central in [default]
[2024-06-27T11:27:21.949+0000] {docker.py:436} INFO - org.xerial.snappy#snappy-java;1.1.8.4 from central in [default]
[2024-06-27T11:27:21.950+0000] {docker.py:436} INFO - ---------------------------------------------------------------------
[2024-06-27T11:27:21.950+0000] {docker.py:436} INFO - |                  |            modules            ||   artifacts   |
[2024-06-27T11:27:21.951+0000] {docker.py:436} INFO - |       conf       | number| search|dwnlded|evicted|| number|dwnlded|
[2024-06-27T11:27:21.951+0000] {docker.py:436} INFO - ---------------------------------------------------------------------
[2024-06-27T11:27:21.957+0000] {docker.py:436} INFO - |      default     |   13  |   13  |   13  |   0   ||   13  |   13  |
[2024-06-27T11:27:21.958+0000] {docker.py:436} INFO - ---------------------------------------------------------------------
[2024-06-27T11:27:21.958+0000] {docker.py:436} INFO - :: retrieving :: org.apache.spark#spark-submit-parent-859312e0-f132-4fbe-a993-0af1132afb01
[2024-06-27T11:27:21.958+0000] {docker.py:436} INFO - confs: [default]
[2024-06-27T11:27:22.041+0000] {docker.py:436} INFO - 13 artifacts copied, 0 already retrieved (57403kB/87ms)
[2024-06-27T11:27:22.353+0000] {docker.py:436} INFO - 24/06/27 11:27:22 WARN NativeCodeLoader: Unable to load native-hadoop library for your platform... using builtin-java classes where applicable
[2024-06-27T11:27:23.980+0000] {docker.py:436} INFO - 24/06/27 11:27:23 INFO SparkContext: Running Spark version 3.5.1
[2024-06-27T11:27:23.981+0000] {docker.py:436} INFO - 24/06/27 11:27:23 INFO SparkContext: OS info Linux, 6.5.0-41-generic, amd64
[2024-06-27T11:27:23.981+0000] {docker.py:436} INFO - 24/06/27 11:27:23 INFO SparkContext: Java version 17.0.11
[2024-06-27T11:27:24.036+0000] {docker.py:436} INFO - 24/06/27 11:27:24 INFO ResourceUtils: ==============================================================
24/06/27 11:27:24 INFO ResourceUtils: No custom resources configured for spark.driver.
24/06/27 11:27:24 INFO ResourceUtils: ==============================================================
24/06/27 11:27:24 INFO SparkContext: Submitted application: PostgreSQL Connection with PySpark
[2024-06-27T11:27:24.080+0000] {docker.py:436} INFO - 24/06/27 11:27:24 INFO ResourceProfile: Default ResourceProfile created, executor resources: Map(cores -> name: cores, amount: 1, script: , vendor: , memory -> name: memory, amount: 1024, script: , vendor: , offHeap -> name: offHeap, amount: 0, script: , vendor: ), task resources: Map(cpus -> name: cpus, amount: 1.0)
[2024-06-27T11:27:24.094+0000] {docker.py:436} INFO - 24/06/27 11:27:24 INFO ResourceProfile: Limiting resource is cpu
[2024-06-27T11:27:24.095+0000] {docker.py:436} INFO - 24/06/27 11:27:24 INFO ResourceProfileManager: Added ResourceProfile id: 0
[2024-06-27T11:27:24.169+0000] {docker.py:436} INFO - 24/06/27 11:27:24 INFO SecurityManager: Changing view acls to: spark
[2024-06-27T11:27:24.169+0000] {docker.py:436} INFO - 24/06/27 11:27:24 INFO SecurityManager: Changing modify acls to: spark
[2024-06-27T11:27:24.170+0000] {docker.py:436} INFO - 24/06/27 11:27:24 INFO SecurityManager: Changing view acls groups to:
[2024-06-27T11:27:24.171+0000] {docker.py:436} INFO - 24/06/27 11:27:24 INFO SecurityManager: Changing modify acls groups to:
[2024-06-27T11:27:24.172+0000] {docker.py:436} INFO - 24/06/27 11:27:24 INFO SecurityManager: SecurityManager: authentication disabled; ui acls disabled; users with view permissions: spark; groups with view permissions: EMPTY; users with modify permissions: spark; groups with modify permissions: EMPTY
[2024-06-27T11:27:24.545+0000] {docker.py:436} INFO - 24/06/27 11:27:24 INFO Utils: Successfully started service 'sparkDriver' on port 41887.
[2024-06-27T11:27:24.588+0000] {docker.py:436} INFO - 24/06/27 11:27:24 INFO SparkEnv: Registering MapOutputTracker
[2024-06-27T11:27:24.642+0000] {docker.py:436} INFO - 24/06/27 11:27:24 INFO SparkEnv: Registering BlockManagerMaster
[2024-06-27T11:27:24.664+0000] {docker.py:436} INFO - 24/06/27 11:27:24 INFO BlockManagerMasterEndpoint: Using org.apache.spark.storage.DefaultTopologyMapper for getting topology information
[2024-06-27T11:27:24.666+0000] {docker.py:436} INFO - 24/06/27 11:27:24 INFO BlockManagerMasterEndpoint: BlockManagerMasterEndpoint up
[2024-06-27T11:27:24.670+0000] {docker.py:436} INFO - 24/06/27 11:27:24 INFO SparkEnv: Registering BlockManagerMasterHeartbeat
[2024-06-27T11:27:24.694+0000] {docker.py:436} INFO - 24/06/27 11:27:24 INFO DiskBlockManager: Created local directory at /tmp/blockmgr-995c688d-bf07-4313-ab1a-1862a185b4d1
[2024-06-27T11:27:24.713+0000] {docker.py:436} INFO - 24/06/27 11:27:24 INFO MemoryStore: MemoryStore started with capacity 434.4 MiB
[2024-06-27T11:27:24.737+0000] {docker.py:436} INFO - 24/06/27 11:27:24 INFO SparkEnv: Registering OutputCommitCoordinator
[2024-06-27T11:27:24.928+0000] {docker.py:436} INFO - 24/06/27 11:27:24 INFO JettyUtils: Start Jetty 0.0.0.0:4040 for SparkUI
[2024-06-27T11:27:25.038+0000] {docker.py:436} INFO - 24/06/27 11:27:25 INFO Utils: Successfully started service 'SparkUI' on port 4040.
[2024-06-27T11:27:25.101+0000] {docker.py:436} INFO - 24/06/27 11:27:25 INFO SparkContext: Added JAR file:///opt/bitnami/spark/.ivy2/jars/org.apache.spark_spark-sql-kafka-0-10_2.12-3.3.0.jar at spark://localhost:41887/jars/org.apache.spark_spark-sql-kafka-0-10_2.12-3.3.0.jar with timestamp 1719487643967
[2024-06-27T11:27:25.103+0000] {docker.py:436} INFO - 24/06/27 11:27:25 INFO SparkContext: Added JAR file:///opt/bitnami/spark/.ivy2/jars/org.postgresql_postgresql-42.2.2.jar at spark://localhost:41887/jars/org.postgresql_postgresql-42.2.2.jar with timestamp 1719487643967
24/06/27 11:27:25 INFO SparkContext: Added JAR file:///opt/bitnami/spark/.ivy2/jars/org.apache.spark_spark-token-provider-kafka-0-10_2.12-3.3.0.jar at spark://localhost:41887/jars/org.apache.spark_spark-token-provider-kafka-0-10_2.12-3.3.0.jar with timestamp 1719487643967
24/06/27 11:27:25 INFO SparkContext: Added JAR file:///opt/bitnami/spark/.ivy2/jars/org.apache.kafka_kafka-clients-2.8.1.jar at spark://localhost:41887/jars/org.apache.kafka_kafka-clients-2.8.1.jar with timestamp 1719487643967
[2024-06-27T11:27:25.104+0000] {docker.py:436} INFO - 24/06/27 11:27:25 INFO SparkContext: Added JAR file:///opt/bitnami/spark/.ivy2/jars/com.google.code.findbugs_jsr305-3.0.0.jar at spark://localhost:41887/jars/com.google.code.findbugs_jsr305-3.0.0.jar with timestamp 1719487643967
[2024-06-27T11:27:25.105+0000] {docker.py:436} INFO - 24/06/27 11:27:25 INFO SparkContext: Added JAR file:///opt/bitnami/spark/.ivy2/jars/org.apache.commons_commons-pool2-2.11.1.jar at spark://localhost:41887/jars/org.apache.commons_commons-pool2-2.11.1.jar with timestamp 1719487643967
24/06/27 11:27:25 INFO SparkContext: Added JAR file:///opt/bitnami/spark/.ivy2/jars/org.spark-project.spark_unused-1.0.0.jar at spark://localhost:41887/jars/org.spark-project.spark_unused-1.0.0.jar with timestamp 1719487643967
24/06/27 11:27:25 INFO SparkContext: Added JAR file:///opt/bitnami/spark/.ivy2/jars/org.apache.hadoop_hadoop-client-runtime-3.3.2.jar at spark://localhost:41887/jars/org.apache.hadoop_hadoop-client-runtime-3.3.2.jar with timestamp 1719487643967
[2024-06-27T11:27:25.106+0000] {docker.py:436} INFO - 24/06/27 11:27:25 INFO SparkContext: Added JAR file:///opt/bitnami/spark/.ivy2/jars/org.lz4_lz4-java-1.8.0.jar at spark://localhost:41887/jars/org.lz4_lz4-java-1.8.0.jar with timestamp 1719487643967
[2024-06-27T11:27:25.107+0000] {docker.py:436} INFO - 24/06/27 11:27:25 INFO SparkContext: Added JAR file:///opt/bitnami/spark/.ivy2/jars/org.xerial.snappy_snappy-java-1.1.8.4.jar at spark://localhost:41887/jars/org.xerial.snappy_snappy-java-1.1.8.4.jar with timestamp 1719487643967
[2024-06-27T11:27:25.108+0000] {docker.py:436} INFO - 24/06/27 11:27:25 INFO SparkContext: Added JAR file:///opt/bitnami/spark/.ivy2/jars/org.slf4j_slf4j-api-1.7.32.jar at spark://localhost:41887/jars/org.slf4j_slf4j-api-1.7.32.jar with timestamp 1719487643967
[2024-06-27T11:27:25.109+0000] {docker.py:436} INFO - 24/06/27 11:27:25 INFO SparkContext: Added JAR file:///opt/bitnami/spark/.ivy2/jars/org.apache.hadoop_hadoop-client-api-3.3.2.jar at spark://localhost:41887/jars/org.apache.hadoop_hadoop-client-api-3.3.2.jar with timestamp 1719487643967
[2024-06-27T11:27:25.109+0000] {docker.py:436} INFO - 24/06/27 11:27:25 INFO SparkContext: Added JAR file:///opt/bitnami/spark/.ivy2/jars/commons-logging_commons-logging-1.1.3.jar at spark://localhost:41887/jars/commons-logging_commons-logging-1.1.3.jar with timestamp 1719487643967
[2024-06-27T11:27:25.111+0000] {docker.py:436} INFO - 24/06/27 11:27:25 INFO SparkContext: Added file file:///opt/bitnami/spark/.ivy2/jars/org.apache.spark_spark-sql-kafka-0-10_2.12-3.3.0.jar at file:///opt/bitnami/spark/.ivy2/jars/org.apache.spark_spark-sql-kafka-0-10_2.12-3.3.0.jar with timestamp 1719487643967
[2024-06-27T11:27:25.114+0000] {docker.py:436} INFO - 24/06/27 11:27:25 INFO Utils: Copying /opt/bitnami/spark/.ivy2/jars/org.apache.spark_spark-sql-kafka-0-10_2.12-3.3.0.jar to /tmp/spark-1ad7356c-4a34-430c-9a40-a94fabf52d7c/userFiles-5beab9d0-37ba-4707-bdaf-ad601ec8cf0c/org.apache.spark_spark-sql-kafka-0-10_2.12-3.3.0.jar
[2024-06-27T11:27:25.133+0000] {docker.py:436} INFO - 24/06/27 11:27:25 INFO SparkContext: Added file file:///opt/bitnami/spark/.ivy2/jars/org.postgresql_postgresql-42.2.2.jar at file:///opt/bitnami/spark/.ivy2/jars/org.postgresql_postgresql-42.2.2.jar with timestamp 1719487643967
[2024-06-27T11:27:25.135+0000] {docker.py:436} INFO - 24/06/27 11:27:25 INFO Utils: Copying /opt/bitnami/spark/.ivy2/jars/org.postgresql_postgresql-42.2.2.jar to /tmp/spark-1ad7356c-4a34-430c-9a40-a94fabf52d7c/userFiles-5beab9d0-37ba-4707-bdaf-ad601ec8cf0c/org.postgresql_postgresql-42.2.2.jar
[2024-06-27T11:27:25.142+0000] {docker.py:436} INFO - 24/06/27 11:27:25 INFO SparkContext: Added file file:///opt/bitnami/spark/.ivy2/jars/org.apache.spark_spark-token-provider-kafka-0-10_2.12-3.3.0.jar at file:///opt/bitnami/spark/.ivy2/jars/org.apache.spark_spark-token-provider-kafka-0-10_2.12-3.3.0.jar with timestamp 1719487643967
[2024-06-27T11:27:25.143+0000] {docker.py:436} INFO - 24/06/27 11:27:25 INFO Utils: Copying /opt/bitnami/spark/.ivy2/jars/org.apache.spark_spark-token-provider-kafka-0-10_2.12-3.3.0.jar to /tmp/spark-1ad7356c-4a34-430c-9a40-a94fabf52d7c/userFiles-5beab9d0-37ba-4707-bdaf-ad601ec8cf0c/org.apache.spark_spark-token-provider-kafka-0-10_2.12-3.3.0.jar
[2024-06-27T11:27:25.148+0000] {docker.py:436} INFO - 24/06/27 11:27:25 INFO SparkContext: Added file file:///opt/bitnami/spark/.ivy2/jars/org.apache.kafka_kafka-clients-2.8.1.jar at file:///opt/bitnami/spark/.ivy2/jars/org.apache.kafka_kafka-clients-2.8.1.jar with timestamp 1719487643967
[2024-06-27T11:27:25.150+0000] {docker.py:436} INFO - 24/06/27 11:27:25 INFO Utils: Copying /opt/bitnami/spark/.ivy2/jars/org.apache.kafka_kafka-clients-2.8.1.jar to /tmp/spark-1ad7356c-4a34-430c-9a40-a94fabf52d7c/userFiles-5beab9d0-37ba-4707-bdaf-ad601ec8cf0c/org.apache.kafka_kafka-clients-2.8.1.jar
[2024-06-27T11:27:25.158+0000] {docker.py:436} INFO - 24/06/27 11:27:25 INFO SparkContext: Added file file:///opt/bitnami/spark/.ivy2/jars/com.google.code.findbugs_jsr305-3.0.0.jar at file:///opt/bitnami/spark/.ivy2/jars/com.google.code.findbugs_jsr305-3.0.0.jar with timestamp 1719487643967
[2024-06-27T11:27:25.158+0000] {docker.py:436} INFO - 24/06/27 11:27:25 INFO Utils: Copying /opt/bitnami/spark/.ivy2/jars/com.google.code.findbugs_jsr305-3.0.0.jar to /tmp/spark-1ad7356c-4a34-430c-9a40-a94fabf52d7c/userFiles-5beab9d0-37ba-4707-bdaf-ad601ec8cf0c/com.google.code.findbugs_jsr305-3.0.0.jar
[2024-06-27T11:27:25.163+0000] {docker.py:436} INFO - 24/06/27 11:27:25 INFO SparkContext: Added file file:///opt/bitnami/spark/.ivy2/jars/org.apache.commons_commons-pool2-2.11.1.jar at file:///opt/bitnami/spark/.ivy2/jars/org.apache.commons_commons-pool2-2.11.1.jar with timestamp 1719487643967
[2024-06-27T11:27:25.164+0000] {docker.py:436} INFO - 24/06/27 11:27:25 INFO Utils: Copying /opt/bitnami/spark/.ivy2/jars/org.apache.commons_commons-pool2-2.11.1.jar to /tmp/spark-1ad7356c-4a34-430c-9a40-a94fabf52d7c/userFiles-5beab9d0-37ba-4707-bdaf-ad601ec8cf0c/org.apache.commons_commons-pool2-2.11.1.jar
[2024-06-27T11:27:25.168+0000] {docker.py:436} INFO - 24/06/27 11:27:25 INFO SparkContext: Added file file:///opt/bitnami/spark/.ivy2/jars/org.spark-project.spark_unused-1.0.0.jar at file:///opt/bitnami/spark/.ivy2/jars/org.spark-project.spark_unused-1.0.0.jar with timestamp 1719487643967
[2024-06-27T11:27:25.169+0000] {docker.py:436} INFO - 24/06/27 11:27:25 INFO Utils: Copying /opt/bitnami/spark/.ivy2/jars/org.spark-project.spark_unused-1.0.0.jar to /tmp/spark-1ad7356c-4a34-430c-9a40-a94fabf52d7c/userFiles-5beab9d0-37ba-4707-bdaf-ad601ec8cf0c/org.spark-project.spark_unused-1.0.0.jar
[2024-06-27T11:27:25.175+0000] {docker.py:436} INFO - 24/06/27 11:27:25 INFO SparkContext: Added file file:///opt/bitnami/spark/.ivy2/jars/org.apache.hadoop_hadoop-client-runtime-3.3.2.jar at file:///opt/bitnami/spark/.ivy2/jars/org.apache.hadoop_hadoop-client-runtime-3.3.2.jar with timestamp 1719487643967
[2024-06-27T11:27:25.177+0000] {docker.py:436} INFO - 24/06/27 11:27:25 INFO Utils: Copying /opt/bitnami/spark/.ivy2/jars/org.apache.hadoop_hadoop-client-runtime-3.3.2.jar to /tmp/spark-1ad7356c-4a34-430c-9a40-a94fabf52d7c/userFiles-5beab9d0-37ba-4707-bdaf-ad601ec8cf0c/org.apache.hadoop_hadoop-client-runtime-3.3.2.jar
[2024-06-27T11:27:25.204+0000] {docker.py:436} INFO - 24/06/27 11:27:25 INFO SparkContext: Added file file:///opt/bitnami/spark/.ivy2/jars/org.lz4_lz4-java-1.8.0.jar at file:///opt/bitnami/spark/.ivy2/jars/org.lz4_lz4-java-1.8.0.jar with timestamp 1719487643967
[2024-06-27T11:27:25.205+0000] {docker.py:436} INFO - 24/06/27 11:27:25 INFO Utils: Copying /opt/bitnami/spark/.ivy2/jars/org.lz4_lz4-java-1.8.0.jar to /tmp/spark-1ad7356c-4a34-430c-9a40-a94fabf52d7c/userFiles-5beab9d0-37ba-4707-bdaf-ad601ec8cf0c/org.lz4_lz4-java-1.8.0.jar
[2024-06-27T11:27:25.210+0000] {docker.py:436} INFO - 24/06/27 11:27:25 INFO SparkContext: Added file file:///opt/bitnami/spark/.ivy2/jars/org.xerial.snappy_snappy-java-1.1.8.4.jar at file:///opt/bitnami/spark/.ivy2/jars/org.xerial.snappy_snappy-java-1.1.8.4.jar with timestamp 1719487643967
[2024-06-27T11:27:25.211+0000] {docker.py:436} INFO - 24/06/27 11:27:25 INFO Utils: Copying /opt/bitnami/spark/.ivy2/jars/org.xerial.snappy_snappy-java-1.1.8.4.jar to /tmp/spark-1ad7356c-4a34-430c-9a40-a94fabf52d7c/userFiles-5beab9d0-37ba-4707-bdaf-ad601ec8cf0c/org.xerial.snappy_snappy-java-1.1.8.4.jar
[2024-06-27T11:27:25.217+0000] {docker.py:436} INFO - 24/06/27 11:27:25 INFO SparkContext: Added file file:///opt/bitnami/spark/.ivy2/jars/org.slf4j_slf4j-api-1.7.32.jar at file:///opt/bitnami/spark/.ivy2/jars/org.slf4j_slf4j-api-1.7.32.jar with timestamp 1719487643967
[2024-06-27T11:27:25.218+0000] {docker.py:436} INFO - 24/06/27 11:27:25 INFO Utils: Copying /opt/bitnami/spark/.ivy2/jars/org.slf4j_slf4j-api-1.7.32.jar to /tmp/spark-1ad7356c-4a34-430c-9a40-a94fabf52d7c/userFiles-5beab9d0-37ba-4707-bdaf-ad601ec8cf0c/org.slf4j_slf4j-api-1.7.32.jar
[2024-06-27T11:27:25.222+0000] {docker.py:436} INFO - 24/06/27 11:27:25 INFO SparkContext: Added file file:///opt/bitnami/spark/.ivy2/jars/org.apache.hadoop_hadoop-client-api-3.3.2.jar at file:///opt/bitnami/spark/.ivy2/jars/org.apache.hadoop_hadoop-client-api-3.3.2.jar with timestamp 1719487643967
[2024-06-27T11:27:25.223+0000] {docker.py:436} INFO - 24/06/27 11:27:25 INFO Utils: Copying /opt/bitnami/spark/.ivy2/jars/org.apache.hadoop_hadoop-client-api-3.3.2.jar to /tmp/spark-1ad7356c-4a34-430c-9a40-a94fabf52d7c/userFiles-5beab9d0-37ba-4707-bdaf-ad601ec8cf0c/org.apache.hadoop_hadoop-client-api-3.3.2.jar
[2024-06-27T11:27:25.249+0000] {docker.py:436} INFO - 24/06/27 11:27:25 INFO SparkContext: Added file file:///opt/bitnami/spark/.ivy2/jars/commons-logging_commons-logging-1.1.3.jar at file:///opt/bitnami/spark/.ivy2/jars/commons-logging_commons-logging-1.1.3.jar with timestamp 1719487643967
[2024-06-27T11:27:25.250+0000] {docker.py:436} INFO - 24/06/27 11:27:25 INFO Utils: Copying /opt/bitnami/spark/.ivy2/jars/commons-logging_commons-logging-1.1.3.jar to /tmp/spark-1ad7356c-4a34-430c-9a40-a94fabf52d7c/userFiles-5beab9d0-37ba-4707-bdaf-ad601ec8cf0c/commons-logging_commons-logging-1.1.3.jar
[2024-06-27T11:27:25.342+0000] {docker.py:436} INFO - 24/06/27 11:27:25 INFO Executor: Starting executor ID driver on host localhost
[2024-06-27T11:27:25.343+0000] {docker.py:436} INFO - 24/06/27 11:27:25 INFO Executor: OS info Linux, 6.5.0-41-generic, amd64
[2024-06-27T11:27:25.344+0000] {docker.py:436} INFO - 24/06/27 11:27:25 INFO Executor: Java version 17.0.11
[2024-06-27T11:27:25.355+0000] {docker.py:436} INFO - 24/06/27 11:27:25 INFO Executor: Starting executor with user classpath (userClassPathFirst = false): ''
[2024-06-27T11:27:25.356+0000] {docker.py:436} INFO - 24/06/27 11:27:25 INFO Executor: Created or updated repl class loader org.apache.spark.util.MutableURLClassLoader@7263b31b for default.
[2024-06-27T11:27:25.371+0000] {docker.py:436} INFO - 24/06/27 11:27:25 INFO Executor: Fetching file:///opt/bitnami/spark/.ivy2/jars/org.postgresql_postgresql-42.2.2.jar with timestamp 1719487643967
[2024-06-27T11:27:25.403+0000] {docker.py:436} INFO - 24/06/27 11:27:25 INFO Utils: /opt/bitnami/spark/.ivy2/jars/org.postgresql_postgresql-42.2.2.jar has been previously copied to /tmp/spark-1ad7356c-4a34-430c-9a40-a94fabf52d7c/userFiles-5beab9d0-37ba-4707-bdaf-ad601ec8cf0c/org.postgresql_postgresql-42.2.2.jar
[2024-06-27T11:27:25.407+0000] {docker.py:436} INFO - 24/06/27 11:27:25 INFO Executor: Fetching file:///opt/bitnami/spark/.ivy2/jars/org.apache.hadoop_hadoop-client-api-3.3.2.jar with timestamp 1719487643967
[2024-06-27T11:27:25.425+0000] {docker.py:436} INFO - 24/06/27 11:27:25 INFO Utils: /opt/bitnami/spark/.ivy2/jars/org.apache.hadoop_hadoop-client-api-3.3.2.jar has been previously copied to /tmp/spark-1ad7356c-4a34-430c-9a40-a94fabf52d7c/userFiles-5beab9d0-37ba-4707-bdaf-ad601ec8cf0c/org.apache.hadoop_hadoop-client-api-3.3.2.jar
[2024-06-27T11:27:25.430+0000] {docker.py:436} INFO - 24/06/27 11:27:25 INFO Executor: Fetching file:///opt/bitnami/spark/.ivy2/jars/org.xerial.snappy_snappy-java-1.1.8.4.jar with timestamp 1719487643967
[2024-06-27T11:27:25.432+0000] {docker.py:436} INFO - 24/06/27 11:27:25 INFO Utils: /opt/bitnami/spark/.ivy2/jars/org.xerial.snappy_snappy-java-1.1.8.4.jar has been previously copied to /tmp/spark-1ad7356c-4a34-430c-9a40-a94fabf52d7c/userFiles-5beab9d0-37ba-4707-bdaf-ad601ec8cf0c/org.xerial.snappy_snappy-java-1.1.8.4.jar
[2024-06-27T11:27:25.436+0000] {docker.py:436} INFO - 24/06/27 11:27:25 INFO Executor: Fetching file:///opt/bitnami/spark/.ivy2/jars/org.apache.hadoop_hadoop-client-runtime-3.3.2.jar with timestamp 1719487643967
[2024-06-27T11:27:25.464+0000] {docker.py:436} INFO - 24/06/27 11:27:25 INFO Utils: /opt/bitnami/spark/.ivy2/jars/org.apache.hadoop_hadoop-client-runtime-3.3.2.jar has been previously copied to /tmp/spark-1ad7356c-4a34-430c-9a40-a94fabf52d7c/userFiles-5beab9d0-37ba-4707-bdaf-ad601ec8cf0c/org.apache.hadoop_hadoop-client-runtime-3.3.2.jar
[2024-06-27T11:27:25.468+0000] {docker.py:436} INFO - 24/06/27 11:27:25 INFO Executor: Fetching file:///opt/bitnami/spark/.ivy2/jars/org.apache.commons_commons-pool2-2.11.1.jar with timestamp 1719487643967
[2024-06-27T11:27:25.469+0000] {docker.py:436} INFO - 24/06/27 11:27:25 INFO Utils: /opt/bitnami/spark/.ivy2/jars/org.apache.commons_commons-pool2-2.11.1.jar has been previously copied to /tmp/spark-1ad7356c-4a34-430c-9a40-a94fabf52d7c/userFiles-5beab9d0-37ba-4707-bdaf-ad601ec8cf0c/org.apache.commons_commons-pool2-2.11.1.jar
[2024-06-27T11:27:25.472+0000] {docker.py:436} INFO - 24/06/27 11:27:25 INFO Executor: Fetching file:///opt/bitnami/spark/.ivy2/jars/org.apache.spark_spark-token-provider-kafka-0-10_2.12-3.3.0.jar with timestamp 1719487643967
[2024-06-27T11:27:25.473+0000] {docker.py:436} INFO - 24/06/27 11:27:25 INFO Utils: /opt/bitnami/spark/.ivy2/jars/org.apache.spark_spark-token-provider-kafka-0-10_2.12-3.3.0.jar has been previously copied to /tmp/spark-1ad7356c-4a34-430c-9a40-a94fabf52d7c/userFiles-5beab9d0-37ba-4707-bdaf-ad601ec8cf0c/org.apache.spark_spark-token-provider-kafka-0-10_2.12-3.3.0.jar
[2024-06-27T11:27:25.476+0000] {docker.py:436} INFO - 24/06/27 11:27:25 INFO Executor: Fetching file:///opt/bitnami/spark/.ivy2/jars/org.slf4j_slf4j-api-1.7.32.jar with timestamp 1719487643967
[2024-06-27T11:27:25.477+0000] {docker.py:436} INFO - 24/06/27 11:27:25 INFO Utils: /opt/bitnami/spark/.ivy2/jars/org.slf4j_slf4j-api-1.7.32.jar has been previously copied to /tmp/spark-1ad7356c-4a34-430c-9a40-a94fabf52d7c/userFiles-5beab9d0-37ba-4707-bdaf-ad601ec8cf0c/org.slf4j_slf4j-api-1.7.32.jar
[2024-06-27T11:27:25.480+0000] {docker.py:436} INFO - 24/06/27 11:27:25 INFO Executor: Fetching file:///opt/bitnami/spark/.ivy2/jars/org.apache.spark_spark-sql-kafka-0-10_2.12-3.3.0.jar with timestamp 1719487643967
[2024-06-27T11:27:25.481+0000] {docker.py:436} INFO - 24/06/27 11:27:25 INFO Utils: /opt/bitnami/spark/.ivy2/jars/org.apache.spark_spark-sql-kafka-0-10_2.12-3.3.0.jar has been previously copied to /tmp/spark-1ad7356c-4a34-430c-9a40-a94fabf52d7c/userFiles-5beab9d0-37ba-4707-bdaf-ad601ec8cf0c/org.apache.spark_spark-sql-kafka-0-10_2.12-3.3.0.jar
[2024-06-27T11:27:25.484+0000] {docker.py:436} INFO - 24/06/27 11:27:25 INFO Executor: Fetching file:///opt/bitnami/spark/.ivy2/jars/com.google.code.findbugs_jsr305-3.0.0.jar with timestamp 1719487643967
[2024-06-27T11:27:25.485+0000] {docker.py:436} INFO - 24/06/27 11:27:25 INFO Utils: /opt/bitnami/spark/.ivy2/jars/com.google.code.findbugs_jsr305-3.0.0.jar has been previously copied to /tmp/spark-1ad7356c-4a34-430c-9a40-a94fabf52d7c/userFiles-5beab9d0-37ba-4707-bdaf-ad601ec8cf0c/com.google.code.findbugs_jsr305-3.0.0.jar
[2024-06-27T11:27:25.489+0000] {docker.py:436} INFO - 24/06/27 11:27:25 INFO Executor: Fetching file:///opt/bitnami/spark/.ivy2/jars/org.lz4_lz4-java-1.8.0.jar with timestamp 1719487643967
[2024-06-27T11:27:25.490+0000] {docker.py:436} INFO - 24/06/27 11:27:25 INFO Utils: /opt/bitnami/spark/.ivy2/jars/org.lz4_lz4-java-1.8.0.jar has been previously copied to /tmp/spark-1ad7356c-4a34-430c-9a40-a94fabf52d7c/userFiles-5beab9d0-37ba-4707-bdaf-ad601ec8cf0c/org.lz4_lz4-java-1.8.0.jar
[2024-06-27T11:27:25.493+0000] {docker.py:436} INFO - 24/06/27 11:27:25 INFO Executor: Fetching file:///opt/bitnami/spark/.ivy2/jars/commons-logging_commons-logging-1.1.3.jar with timestamp 1719487643967
[2024-06-27T11:27:25.494+0000] {docker.py:436} INFO - 24/06/27 11:27:25 INFO Utils: /opt/bitnami/spark/.ivy2/jars/commons-logging_commons-logging-1.1.3.jar has been previously copied to /tmp/spark-1ad7356c-4a34-430c-9a40-a94fabf52d7c/userFiles-5beab9d0-37ba-4707-bdaf-ad601ec8cf0c/commons-logging_commons-logging-1.1.3.jar
[2024-06-27T11:27:25.497+0000] {docker.py:436} INFO - 24/06/27 11:27:25 INFO Executor: Fetching file:///opt/bitnami/spark/.ivy2/jars/org.spark-project.spark_unused-1.0.0.jar with timestamp 1719487643967
[2024-06-27T11:27:25.498+0000] {docker.py:436} INFO - 24/06/27 11:27:25 INFO Utils: /opt/bitnami/spark/.ivy2/jars/org.spark-project.spark_unused-1.0.0.jar has been previously copied to /tmp/spark-1ad7356c-4a34-430c-9a40-a94fabf52d7c/userFiles-5beab9d0-37ba-4707-bdaf-ad601ec8cf0c/org.spark-project.spark_unused-1.0.0.jar
[2024-06-27T11:27:25.501+0000] {docker.py:436} INFO - 24/06/27 11:27:25 INFO Executor: Fetching file:///opt/bitnami/spark/.ivy2/jars/org.apache.kafka_kafka-clients-2.8.1.jar with timestamp 1719487643967
[2024-06-27T11:27:25.506+0000] {docker.py:436} INFO - 24/06/27 11:27:25 INFO Utils: /opt/bitnami/spark/.ivy2/jars/org.apache.kafka_kafka-clients-2.8.1.jar has been previously copied to /tmp/spark-1ad7356c-4a34-430c-9a40-a94fabf52d7c/userFiles-5beab9d0-37ba-4707-bdaf-ad601ec8cf0c/org.apache.kafka_kafka-clients-2.8.1.jar
[2024-06-27T11:27:25.511+0000] {docker.py:436} INFO - 24/06/27 11:27:25 INFO Executor: Fetching spark://localhost:41887/jars/org.apache.hadoop_hadoop-client-runtime-3.3.2.jar with timestamp 1719487643967
[2024-06-27T11:27:25.551+0000] {docker.py:436} INFO - 24/06/27 11:27:25 INFO TransportClientFactory: Successfully created connection to localhost/127.0.0.1:41887 after 28 ms (0 ms spent in bootstraps)
[2024-06-27T11:27:25.557+0000] {docker.py:436} INFO - 24/06/27 11:27:25 INFO Utils: Fetching spark://localhost:41887/jars/org.apache.hadoop_hadoop-client-runtime-3.3.2.jar to /tmp/spark-1ad7356c-4a34-430c-9a40-a94fabf52d7c/userFiles-5beab9d0-37ba-4707-bdaf-ad601ec8cf0c/fetchFileTemp15903247589524989868.tmp
[2024-06-27T11:27:25.785+0000] {docker.py:436} INFO - 24/06/27 11:27:25 INFO Utils: /tmp/spark-1ad7356c-4a34-430c-9a40-a94fabf52d7c/userFiles-5beab9d0-37ba-4707-bdaf-ad601ec8cf0c/fetchFileTemp15903247589524989868.tmp has been previously copied to /tmp/spark-1ad7356c-4a34-430c-9a40-a94fabf52d7c/userFiles-5beab9d0-37ba-4707-bdaf-ad601ec8cf0c/org.apache.hadoop_hadoop-client-runtime-3.3.2.jar
[2024-06-27T11:27:25.796+0000] {docker.py:436} INFO - 24/06/27 11:27:25 INFO Executor: Adding file:/tmp/spark-1ad7356c-4a34-430c-9a40-a94fabf52d7c/userFiles-5beab9d0-37ba-4707-bdaf-ad601ec8cf0c/org.apache.hadoop_hadoop-client-runtime-3.3.2.jar to class loader default
[2024-06-27T11:27:25.796+0000] {docker.py:436} INFO - 24/06/27 11:27:25 INFO Executor: Fetching spark://localhost:41887/jars/org.spark-project.spark_unused-1.0.0.jar with timestamp 1719487643967
[2024-06-27T11:27:25.797+0000] {docker.py:436} INFO - 24/06/27 11:27:25 INFO Utils: Fetching spark://localhost:41887/jars/org.spark-project.spark_unused-1.0.0.jar to /tmp/spark-1ad7356c-4a34-430c-9a40-a94fabf52d7c/userFiles-5beab9d0-37ba-4707-bdaf-ad601ec8cf0c/fetchFileTemp17712868150818678747.tmp
[2024-06-27T11:27:25.799+0000] {docker.py:436} INFO - 24/06/27 11:27:25 INFO Utils: /tmp/spark-1ad7356c-4a34-430c-9a40-a94fabf52d7c/userFiles-5beab9d0-37ba-4707-bdaf-ad601ec8cf0c/fetchFileTemp17712868150818678747.tmp has been previously copied to /tmp/spark-1ad7356c-4a34-430c-9a40-a94fabf52d7c/userFiles-5beab9d0-37ba-4707-bdaf-ad601ec8cf0c/org.spark-project.spark_unused-1.0.0.jar
[2024-06-27T11:27:25.804+0000] {docker.py:436} INFO - 24/06/27 11:27:25 INFO Executor: Adding file:/tmp/spark-1ad7356c-4a34-430c-9a40-a94fabf52d7c/userFiles-5beab9d0-37ba-4707-bdaf-ad601ec8cf0c/org.spark-project.spark_unused-1.0.0.jar to class loader default
[2024-06-27T11:27:25.804+0000] {docker.py:436} INFO - 24/06/27 11:27:25 INFO Executor: Fetching spark://localhost:41887/jars/org.apache.spark_spark-token-provider-kafka-0-10_2.12-3.3.0.jar with timestamp 1719487643967
[2024-06-27T11:27:25.805+0000] {docker.py:436} INFO - 24/06/27 11:27:25 INFO Utils: Fetching spark://localhost:41887/jars/org.apache.spark_spark-token-provider-kafka-0-10_2.12-3.3.0.jar to /tmp/spark-1ad7356c-4a34-430c-9a40-a94fabf52d7c/userFiles-5beab9d0-37ba-4707-bdaf-ad601ec8cf0c/fetchFileTemp5064185276430984286.tmp
[2024-06-27T11:27:25.807+0000] {docker.py:436} INFO - 24/06/27 11:27:25 INFO Utils: /tmp/spark-1ad7356c-4a34-430c-9a40-a94fabf52d7c/userFiles-5beab9d0-37ba-4707-bdaf-ad601ec8cf0c/fetchFileTemp5064185276430984286.tmp has been previously copied to /tmp/spark-1ad7356c-4a34-430c-9a40-a94fabf52d7c/userFiles-5beab9d0-37ba-4707-bdaf-ad601ec8cf0c/org.apache.spark_spark-token-provider-kafka-0-10_2.12-3.3.0.jar
[2024-06-27T11:27:25.811+0000] {docker.py:436} INFO - 24/06/27 11:27:25 INFO Executor: Adding file:/tmp/spark-1ad7356c-4a34-430c-9a40-a94fabf52d7c/userFiles-5beab9d0-37ba-4707-bdaf-ad601ec8cf0c/org.apache.spark_spark-token-provider-kafka-0-10_2.12-3.3.0.jar to class loader default
[2024-06-27T11:27:25.812+0000] {docker.py:436} INFO - 24/06/27 11:27:25 INFO Executor: Fetching spark://localhost:41887/jars/commons-logging_commons-logging-1.1.3.jar with timestamp 1719487643967
[2024-06-27T11:27:25.813+0000] {docker.py:436} INFO - 24/06/27 11:27:25 INFO Utils: Fetching spark://localhost:41887/jars/commons-logging_commons-logging-1.1.3.jar to /tmp/spark-1ad7356c-4a34-430c-9a40-a94fabf52d7c/userFiles-5beab9d0-37ba-4707-bdaf-ad601ec8cf0c/fetchFileTemp1011389389198097745.tmp
[2024-06-27T11:27:25.815+0000] {docker.py:436} INFO - 24/06/27 11:27:25 INFO Utils: /tmp/spark-1ad7356c-4a34-430c-9a40-a94fabf52d7c/userFiles-5beab9d0-37ba-4707-bdaf-ad601ec8cf0c/fetchFileTemp1011389389198097745.tmp has been previously copied to /tmp/spark-1ad7356c-4a34-430c-9a40-a94fabf52d7c/userFiles-5beab9d0-37ba-4707-bdaf-ad601ec8cf0c/commons-logging_commons-logging-1.1.3.jar
[2024-06-27T11:27:25.819+0000] {docker.py:436} INFO - 24/06/27 11:27:25 INFO Executor: Adding file:/tmp/spark-1ad7356c-4a34-430c-9a40-a94fabf52d7c/userFiles-5beab9d0-37ba-4707-bdaf-ad601ec8cf0c/commons-logging_commons-logging-1.1.3.jar to class loader default
[2024-06-27T11:27:25.820+0000] {docker.py:436} INFO - 24/06/27 11:27:25 INFO Executor: Fetching spark://localhost:41887/jars/org.lz4_lz4-java-1.8.0.jar with timestamp 1719487643967
[2024-06-27T11:27:25.821+0000] {docker.py:436} INFO - 24/06/27 11:27:25 INFO Utils: Fetching spark://localhost:41887/jars/org.lz4_lz4-java-1.8.0.jar to /tmp/spark-1ad7356c-4a34-430c-9a40-a94fabf52d7c/userFiles-5beab9d0-37ba-4707-bdaf-ad601ec8cf0c/fetchFileTemp2709888562285591349.tmp
[2024-06-27T11:27:25.824+0000] {docker.py:436} INFO - 24/06/27 11:27:25 INFO Utils: /tmp/spark-1ad7356c-4a34-430c-9a40-a94fabf52d7c/userFiles-5beab9d0-37ba-4707-bdaf-ad601ec8cf0c/fetchFileTemp2709888562285591349.tmp has been previously copied to /tmp/spark-1ad7356c-4a34-430c-9a40-a94fabf52d7c/userFiles-5beab9d0-37ba-4707-bdaf-ad601ec8cf0c/org.lz4_lz4-java-1.8.0.jar
[2024-06-27T11:27:25.828+0000] {docker.py:436} INFO - 24/06/27 11:27:25 INFO Executor: Adding file:/tmp/spark-1ad7356c-4a34-430c-9a40-a94fabf52d7c/userFiles-5beab9d0-37ba-4707-bdaf-ad601ec8cf0c/org.lz4_lz4-java-1.8.0.jar to class loader default
[2024-06-27T11:27:25.829+0000] {docker.py:436} INFO - 24/06/27 11:27:25 INFO Executor: Fetching spark://localhost:41887/jars/org.apache.spark_spark-sql-kafka-0-10_2.12-3.3.0.jar with timestamp 1719487643967
[2024-06-27T11:27:25.829+0000] {docker.py:436} INFO - 24/06/27 11:27:25 INFO Utils: Fetching spark://localhost:41887/jars/org.apache.spark_spark-sql-kafka-0-10_2.12-3.3.0.jar to /tmp/spark-1ad7356c-4a34-430c-9a40-a94fabf52d7c/userFiles-5beab9d0-37ba-4707-bdaf-ad601ec8cf0c/fetchFileTemp8255704551378815913.tmp
[2024-06-27T11:27:25.832+0000] {docker.py:436} INFO - 24/06/27 11:27:25 INFO Utils: /tmp/spark-1ad7356c-4a34-430c-9a40-a94fabf52d7c/userFiles-5beab9d0-37ba-4707-bdaf-ad601ec8cf0c/fetchFileTemp8255704551378815913.tmp has been previously copied to /tmp/spark-1ad7356c-4a34-430c-9a40-a94fabf52d7c/userFiles-5beab9d0-37ba-4707-bdaf-ad601ec8cf0c/org.apache.spark_spark-sql-kafka-0-10_2.12-3.3.0.jar
[2024-06-27T11:27:25.836+0000] {docker.py:436} INFO - 24/06/27 11:27:25 INFO Executor: Adding file:/tmp/spark-1ad7356c-4a34-430c-9a40-a94fabf52d7c/userFiles-5beab9d0-37ba-4707-bdaf-ad601ec8cf0c/org.apache.spark_spark-sql-kafka-0-10_2.12-3.3.0.jar to class loader default
[2024-06-27T11:27:25.837+0000] {docker.py:436} INFO - 24/06/27 11:27:25 INFO Executor: Fetching spark://localhost:41887/jars/org.apache.commons_commons-pool2-2.11.1.jar with timestamp 1719487643967
[2024-06-27T11:27:25.838+0000] {docker.py:436} INFO - 24/06/27 11:27:25 INFO Utils: Fetching spark://localhost:41887/jars/org.apache.commons_commons-pool2-2.11.1.jar to /tmp/spark-1ad7356c-4a34-430c-9a40-a94fabf52d7c/userFiles-5beab9d0-37ba-4707-bdaf-ad601ec8cf0c/fetchFileTemp10876271779956180390.tmp
[2024-06-27T11:27:25.839+0000] {docker.py:436} INFO - 24/06/27 11:27:25 INFO Utils: /tmp/spark-1ad7356c-4a34-430c-9a40-a94fabf52d7c/userFiles-5beab9d0-37ba-4707-bdaf-ad601ec8cf0c/fetchFileTemp10876271779956180390.tmp has been previously copied to /tmp/spark-1ad7356c-4a34-430c-9a40-a94fabf52d7c/userFiles-5beab9d0-37ba-4707-bdaf-ad601ec8cf0c/org.apache.commons_commons-pool2-2.11.1.jar
[2024-06-27T11:27:25.842+0000] {docker.py:436} INFO - 24/06/27 11:27:25 INFO Executor: Adding file:/tmp/spark-1ad7356c-4a34-430c-9a40-a94fabf52d7c/userFiles-5beab9d0-37ba-4707-bdaf-ad601ec8cf0c/org.apache.commons_commons-pool2-2.11.1.jar to class loader default
[2024-06-27T11:27:25.843+0000] {docker.py:436} INFO - 24/06/27 11:27:25 INFO Executor: Fetching spark://localhost:41887/jars/org.xerial.snappy_snappy-java-1.1.8.4.jar with timestamp 1719487643967
[2024-06-27T11:27:25.844+0000] {docker.py:436} INFO - 24/06/27 11:27:25 INFO Utils: Fetching spark://localhost:41887/jars/org.xerial.snappy_snappy-java-1.1.8.4.jar to /tmp/spark-1ad7356c-4a34-430c-9a40-a94fabf52d7c/userFiles-5beab9d0-37ba-4707-bdaf-ad601ec8cf0c/fetchFileTemp17227438445461574128.tmp
[2024-06-27T11:27:25.852+0000] {docker.py:436} INFO - 24/06/27 11:27:25 INFO Utils: /tmp/spark-1ad7356c-4a34-430c-9a40-a94fabf52d7c/userFiles-5beab9d0-37ba-4707-bdaf-ad601ec8cf0c/fetchFileTemp17227438445461574128.tmp has been previously copied to /tmp/spark-1ad7356c-4a34-430c-9a40-a94fabf52d7c/userFiles-5beab9d0-37ba-4707-bdaf-ad601ec8cf0c/org.xerial.snappy_snappy-java-1.1.8.4.jar
[2024-06-27T11:27:25.857+0000] {docker.py:436} INFO - 24/06/27 11:27:25 INFO Executor: Adding file:/tmp/spark-1ad7356c-4a34-430c-9a40-a94fabf52d7c/userFiles-5beab9d0-37ba-4707-bdaf-ad601ec8cf0c/org.xerial.snappy_snappy-java-1.1.8.4.jar to class loader default
[2024-06-27T11:27:25.858+0000] {docker.py:436} INFO - 24/06/27 11:27:25 INFO Executor: Fetching spark://localhost:41887/jars/com.google.code.findbugs_jsr305-3.0.0.jar with timestamp 1719487643967
[2024-06-27T11:27:25.858+0000] {docker.py:436} INFO - 24/06/27 11:27:25 INFO Utils: Fetching spark://localhost:41887/jars/com.google.code.findbugs_jsr305-3.0.0.jar to /tmp/spark-1ad7356c-4a34-430c-9a40-a94fabf52d7c/userFiles-5beab9d0-37ba-4707-bdaf-ad601ec8cf0c/fetchFileTemp6824553562288310802.tmp
[2024-06-27T11:27:25.860+0000] {docker.py:436} INFO - 24/06/27 11:27:25 INFO Utils: /tmp/spark-1ad7356c-4a34-430c-9a40-a94fabf52d7c/userFiles-5beab9d0-37ba-4707-bdaf-ad601ec8cf0c/fetchFileTemp6824553562288310802.tmp has been previously copied to /tmp/spark-1ad7356c-4a34-430c-9a40-a94fabf52d7c/userFiles-5beab9d0-37ba-4707-bdaf-ad601ec8cf0c/com.google.code.findbugs_jsr305-3.0.0.jar
[2024-06-27T11:27:25.863+0000] {docker.py:436} INFO - 24/06/27 11:27:25 INFO Executor: Adding file:/tmp/spark-1ad7356c-4a34-430c-9a40-a94fabf52d7c/userFiles-5beab9d0-37ba-4707-bdaf-ad601ec8cf0c/com.google.code.findbugs_jsr305-3.0.0.jar to class loader default
[2024-06-27T11:27:25.864+0000] {docker.py:436} INFO - 24/06/27 11:27:25 INFO Executor: Fetching spark://localhost:41887/jars/org.apache.kafka_kafka-clients-2.8.1.jar with timestamp 1719487643967
[2024-06-27T11:27:25.864+0000] {docker.py:436} INFO - 24/06/27 11:27:25 INFO Utils: Fetching spark://localhost:41887/jars/org.apache.kafka_kafka-clients-2.8.1.jar to /tmp/spark-1ad7356c-4a34-430c-9a40-a94fabf52d7c/userFiles-5beab9d0-37ba-4707-bdaf-ad601ec8cf0c/fetchFileTemp18197956996991063017.tmp
[2024-06-27T11:27:25.880+0000] {docker.py:436} INFO - 24/06/27 11:27:25 INFO Utils: /tmp/spark-1ad7356c-4a34-430c-9a40-a94fabf52d7c/userFiles-5beab9d0-37ba-4707-bdaf-ad601ec8cf0c/fetchFileTemp18197956996991063017.tmp has been previously copied to /tmp/spark-1ad7356c-4a34-430c-9a40-a94fabf52d7c/userFiles-5beab9d0-37ba-4707-bdaf-ad601ec8cf0c/org.apache.kafka_kafka-clients-2.8.1.jar
[2024-06-27T11:27:25.888+0000] {docker.py:436} INFO - 24/06/27 11:27:25 INFO Executor: Adding file:/tmp/spark-1ad7356c-4a34-430c-9a40-a94fabf52d7c/userFiles-5beab9d0-37ba-4707-bdaf-ad601ec8cf0c/org.apache.kafka_kafka-clients-2.8.1.jar to class loader default
[2024-06-27T11:27:25.889+0000] {docker.py:436} INFO - 24/06/27 11:27:25 INFO Executor: Fetching spark://localhost:41887/jars/org.postgresql_postgresql-42.2.2.jar with timestamp 1719487643967
[2024-06-27T11:27:25.889+0000] {docker.py:436} INFO - 24/06/27 11:27:25 INFO Utils: Fetching spark://localhost:41887/jars/org.postgresql_postgresql-42.2.2.jar to /tmp/spark-1ad7356c-4a34-430c-9a40-a94fabf52d7c/userFiles-5beab9d0-37ba-4707-bdaf-ad601ec8cf0c/fetchFileTemp9763522758953142863.tmp
[2024-06-27T11:27:25.894+0000] {docker.py:436} INFO - 24/06/27 11:27:25 INFO Utils: /tmp/spark-1ad7356c-4a34-430c-9a40-a94fabf52d7c/userFiles-5beab9d0-37ba-4707-bdaf-ad601ec8cf0c/fetchFileTemp9763522758953142863.tmp has been previously copied to /tmp/spark-1ad7356c-4a34-430c-9a40-a94fabf52d7c/userFiles-5beab9d0-37ba-4707-bdaf-ad601ec8cf0c/org.postgresql_postgresql-42.2.2.jar
[2024-06-27T11:27:25.898+0000] {docker.py:436} INFO - 24/06/27 11:27:25 INFO Executor: Adding file:/tmp/spark-1ad7356c-4a34-430c-9a40-a94fabf52d7c/userFiles-5beab9d0-37ba-4707-bdaf-ad601ec8cf0c/org.postgresql_postgresql-42.2.2.jar to class loader default
[2024-06-27T11:27:25.898+0000] {docker.py:436} INFO - 24/06/27 11:27:25 INFO Executor: Fetching spark://localhost:41887/jars/org.apache.hadoop_hadoop-client-api-3.3.2.jar with timestamp 1719487643967
[2024-06-27T11:27:25.900+0000] {docker.py:436} INFO - 24/06/27 11:27:25 INFO Utils: Fetching spark://localhost:41887/jars/org.apache.hadoop_hadoop-client-api-3.3.2.jar to /tmp/spark-1ad7356c-4a34-430c-9a40-a94fabf52d7c/userFiles-5beab9d0-37ba-4707-bdaf-ad601ec8cf0c/fetchFileTemp685491579221121680.tmp
[2024-06-27T11:27:26.024+0000] {docker.py:436} INFO - 24/06/27 11:27:26 INFO Utils: /tmp/spark-1ad7356c-4a34-430c-9a40-a94fabf52d7c/userFiles-5beab9d0-37ba-4707-bdaf-ad601ec8cf0c/fetchFileTemp685491579221121680.tmp has been previously copied to /tmp/spark-1ad7356c-4a34-430c-9a40-a94fabf52d7c/userFiles-5beab9d0-37ba-4707-bdaf-ad601ec8cf0c/org.apache.hadoop_hadoop-client-api-3.3.2.jar
[2024-06-27T11:27:26.031+0000] {docker.py:436} INFO - 24/06/27 11:27:26 INFO Executor: Adding file:/tmp/spark-1ad7356c-4a34-430c-9a40-a94fabf52d7c/userFiles-5beab9d0-37ba-4707-bdaf-ad601ec8cf0c/org.apache.hadoop_hadoop-client-api-3.3.2.jar to class loader default
[2024-06-27T11:27:26.031+0000] {docker.py:436} INFO - 24/06/27 11:27:26 INFO Executor: Fetching spark://localhost:41887/jars/org.slf4j_slf4j-api-1.7.32.jar with timestamp 1719487643967
[2024-06-27T11:27:26.031+0000] {docker.py:436} INFO - 24/06/27 11:27:26 INFO Utils: Fetching spark://localhost:41887/jars/org.slf4j_slf4j-api-1.7.32.jar to /tmp/spark-1ad7356c-4a34-430c-9a40-a94fabf52d7c/userFiles-5beab9d0-37ba-4707-bdaf-ad601ec8cf0c/fetchFileTemp366105404688851418.tmp
[2024-06-27T11:27:26.033+0000] {docker.py:436} INFO - 24/06/27 11:27:26 INFO Utils: /tmp/spark-1ad7356c-4a34-430c-9a40-a94fabf52d7c/userFiles-5beab9d0-37ba-4707-bdaf-ad601ec8cf0c/fetchFileTemp366105404688851418.tmp has been previously copied to /tmp/spark-1ad7356c-4a34-430c-9a40-a94fabf52d7c/userFiles-5beab9d0-37ba-4707-bdaf-ad601ec8cf0c/org.slf4j_slf4j-api-1.7.32.jar
[2024-06-27T11:27:26.036+0000] {docker.py:436} INFO - 24/06/27 11:27:26 INFO Executor: Adding file:/tmp/spark-1ad7356c-4a34-430c-9a40-a94fabf52d7c/userFiles-5beab9d0-37ba-4707-bdaf-ad601ec8cf0c/org.slf4j_slf4j-api-1.7.32.jar to class loader default
[2024-06-27T11:27:26.045+0000] {docker.py:436} INFO - 24/06/27 11:27:26 INFO Utils: Successfully started service 'org.apache.spark.network.netty.NettyBlockTransferService' on port 33583.
[2024-06-27T11:27:26.045+0000] {docker.py:436} INFO - 24/06/27 11:27:26 INFO NettyBlockTransferService: Server created on localhost:33583
[2024-06-27T11:27:26.047+0000] {docker.py:436} INFO - 24/06/27 11:27:26 INFO BlockManager: Using org.apache.spark.storage.RandomBlockReplicationPolicy for block replication policy
[2024-06-27T11:27:26.053+0000] {docker.py:436} INFO - 24/06/27 11:27:26 INFO BlockManagerMaster: Registering BlockManager BlockManagerId(driver, localhost, 33583, None)
[2024-06-27T11:27:26.057+0000] {docker.py:436} INFO - 24/06/27 11:27:26 INFO BlockManagerMasterEndpoint: Registering block manager localhost:33583 with 434.4 MiB RAM, BlockManagerId(driver, localhost, 33583, None)
[2024-06-27T11:27:26.060+0000] {docker.py:436} INFO - 24/06/27 11:27:26 INFO BlockManagerMaster: Registered BlockManager BlockManagerId(driver, localhost, 33583, None)
[2024-06-27T11:27:26.061+0000] {docker.py:436} INFO - 24/06/27 11:27:26 INFO BlockManager: Initialized BlockManager: BlockManagerId(driver, localhost, 33583, None)
[2024-06-27T11:27:26.532+0000] {docker.py:436} INFO - 2024-06-27 11:27:26,531:create_spark_session:INFO:Spark session created successfully
[2024-06-27T11:27:26.544+0000] {docker.py:436} INFO - 24/06/27 11:27:26 INFO SharedState: Setting hive.metastore.warehouse.dir ('null') to the value of spark.sql.warehouse.dir.
[2024-06-27T11:27:26.554+0000] {docker.py:436} INFO - 24/06/27 11:27:26 INFO SharedState: Warehouse path is 'file:/opt/bitnami/spark/spark-warehouse'.
[2024-06-27T11:27:28.341+0000] {docker.py:436} INFO - 2024-06-27 11:27:28,341:create_initial_dataframe:INFO:Initial dataframe created successfully:
[2024-06-27T11:27:29.019+0000] {docker.py:436} INFO - 2024-06-27 11:27:29,018:start_streaming:INFO:Start streaming ...
[2024-06-27T11:27:29.280+0000] {docker.py:436} INFO - 2024-06-27 11:27:29,280:run:INFO:Callback Server Starting
[2024-06-27T11:27:29.281+0000] {docker.py:436} INFO - 2024-06-27 11:27:29,280:run:INFO:Socket listening on ('127.0.0.1', 38637)
[2024-06-27T11:27:29.303+0000] {docker.py:436} INFO - 24/06/27 11:27:29 INFO StateStoreCoordinatorRef: Registered StateStoreCoordinator endpoint
[2024-06-27T11:27:29.335+0000] {docker.py:436} INFO - 24/06/27 11:27:29 WARN ResolveWriteToStream: Temporary checkpoint location created which is deleted normally when the query didn't fail: /tmp/temporary-712b078a-3544-4160-b394-6f76595daf76. If it's required to delete it under any circumstances, please set spark.sql.streaming.forceDeleteTempCheckpointLocation to true. Important to know deleting temp checkpoint folder is best effort.
[2024-06-27T11:27:29.363+0000] {docker.py:436} INFO - 24/06/27 11:27:29 INFO ResolveWriteToStream: Checkpoint root file:///tmp/temporary-712b078a-3544-4160-b394-6f76595daf76 resolved to file:/tmp/temporary-712b078a-3544-4160-b394-6f76595daf76.
[2024-06-27T11:27:29.364+0000] {docker.py:436} INFO - 24/06/27 11:27:29 WARN ResolveWriteToStream: spark.sql.adaptive.enabled is not supported in streaming DataFrames/Datasets and will be disabled.
[2024-06-27T11:27:29.432+0000] {docker.py:436} INFO - 24/06/27 11:27:29 INFO CheckpointFileManager: Writing atomically to file:/tmp/temporary-712b078a-3544-4160-b394-6f76595daf76/metadata using temp file file:/tmp/temporary-712b078a-3544-4160-b394-6f76595daf76/.metadata.39814956-4226-4440-a242-83df196ed1ca.tmp
[2024-06-27T11:27:29.528+0000] {docker.py:436} INFO - 24/06/27 11:27:29 INFO CheckpointFileManager: Renamed temp file file:/tmp/temporary-712b078a-3544-4160-b394-6f76595daf76/.metadata.39814956-4226-4440-a242-83df196ed1ca.tmp to file:/tmp/temporary-712b078a-3544-4160-b394-6f76595daf76/metadata
[2024-06-27T11:27:29.561+0000] {docker.py:436} INFO - 24/06/27 11:27:29 INFO MicroBatchExecution: Starting [id = af3707b2-3e1b-4f4a-bad9-0a6aaefb5cdb, runId = 8e5dfcb2-249a-4d18-bd81-7e6791576684]. Use file:/tmp/temporary-712b078a-3544-4160-b394-6f76595daf76 to store the query checkpoint.
[2024-06-27T11:27:29.573+0000] {docker.py:436} INFO - 24/06/27 11:27:29 INFO MicroBatchExecution: Reading table [org.apache.spark.sql.kafka010.KafkaSourceProvider$KafkaTable@71b96ba8] from DataSourceV2 named 'kafka' [org.apache.spark.sql.kafka010.KafkaSourceProvider@48179a8b]
[2024-06-27T11:27:29.619+0000] {docker.py:436} INFO - 24/06/27 11:27:29 INFO OffsetSeqLog: BatchIds found from listing:
[2024-06-27T11:27:29.622+0000] {docker.py:436} INFO - 24/06/27 11:27:29 INFO OffsetSeqLog: BatchIds found from listing:
[2024-06-27T11:27:29.623+0000] {docker.py:436} INFO - 24/06/27 11:27:29 INFO MicroBatchExecution: Starting new streaming query.
[2024-06-27T11:27:29.628+0000] {docker.py:436} INFO - 24/06/27 11:27:29 INFO MicroBatchExecution: Stream started from {}
[2024-06-27T11:27:30.054+0000] {docker.py:436} INFO - 24/06/27 11:27:30 INFO AdminClientConfig: AdminClientConfig values: 
	bootstrap.servers = [kafka:9092]
	client.dns.lookup = use_all_dns_ips
	client.id = 
	connections.max.idle.ms = 300000
	default.api.timeout.ms = 60000
	metadata.max.age.ms = 300000
	metric.reporters = []
	metrics.num.samples = 2
	metrics.recording.level = INFO
	metrics.sample.window.ms = 30000
	receive.buffer.bytes = 65536
	reconnect.backoff.max.ms = 1000
	reconnect.backoff.ms = 50
	request.timeout.ms = 30000
	retries = 2147483647
	retry.backoff.ms = 100
	sasl.client.callback.handler.class = null
	sasl.jaas.config = null
	sasl.kerberos.kinit.cmd = /usr/bin/kinit
	sasl.kerberos.min.time.before.relogin = 60000
	sasl.kerberos.service.name = null
	sasl.kerberos.ticket.renew.jitter = 0.05
	sasl.kerberos.ticket.renew.window.factor = 0.8
	sasl.login.callback.handler.class = null
	sasl.login.class = null
	sasl.login.refresh.buffer.seconds = 300
	sasl.login.refresh.min.period.seconds = 60
	sasl.login.refresh.window.factor = 0.8
	sasl.login.refresh.window.jitter = 0.05
	sasl.mechanism = GSSAPI
	security.protocol = PLAINTEXT
	security.providers = null
	send.buffer.bytes = 131072
	socket.connection.setup.timeout.max.ms = 30000
	socket.connection.setup.timeout.ms = 10000
	ssl.cipher.suites = null
	ssl.enabled.protocols = [TLSv1.2, TLSv1.3]
	ssl.endpoint.identification.algorithm = https
	ssl.engine.factory.class = null
	ssl.key.password = null
	ssl.keymanager.algorithm = SunX509
	ssl.keystore.certificate.chain = null
	ssl.keystore.key = null
	ssl.keystore.location = null
	ssl.keystore.password = null
	ssl.keystore.type = JKS
	ssl.protocol = TLSv1.3
	ssl.provider = null
	ssl.secure.random.implementation = null
	ssl.trustmanager.algorithm = PKIX
	ssl.truststore.certificates = null
	ssl.truststore.location = null
	ssl.truststore.password = null
	ssl.truststore.type = JKS
[2024-06-27T11:27:30.241+0000] {docker.py:436} INFO - 24/06/27 11:27:30 WARN AdminClientConfig: The configuration 'key.deserializer' was supplied but isn't a known config.
[2024-06-27T11:27:30.241+0000] {docker.py:436} INFO - 24/06/27 11:27:30 WARN AdminClientConfig: The configuration 'value.deserializer' was supplied but isn't a known config.
[2024-06-27T11:27:30.242+0000] {docker.py:436} INFO - 24/06/27 11:27:30 WARN AdminClientConfig: The configuration 'enable.auto.commit' was supplied but isn't a known config.
[2024-06-27T11:27:30.242+0000] {docker.py:436} INFO - 24/06/27 11:27:30 WARN AdminClientConfig: The configuration 'max.poll.records' was supplied but isn't a known config.
24/06/27 11:27:30 WARN AdminClientConfig: The configuration 'auto.offset.reset' was supplied but isn't a known config.
[2024-06-27T11:27:30.245+0000] {docker.py:436} INFO - 24/06/27 11:27:30 INFO AppInfoParser: Kafka version: 2.8.1
[2024-06-27T11:27:30.245+0000] {docker.py:436} INFO - 24/06/27 11:27:30 INFO AppInfoParser: Kafka commitId: 839b886f9b732b15
24/06/27 11:27:30 INFO AppInfoParser: Kafka startTimeMs: 1719487650242
[2024-06-27T11:27:30.577+0000] {docker.py:436} INFO - 24/06/27 11:27:30 INFO CheckpointFileManager: Writing atomically to file:/tmp/temporary-712b078a-3544-4160-b394-6f76595daf76/sources/0/0 using temp file file:/tmp/temporary-712b078a-3544-4160-b394-6f76595daf76/sources/0/.0.8256ee8e-f2a3-420c-a0b0-938d76529bdf.tmp
[2024-06-27T11:27:30.632+0000] {docker.py:436} INFO - 24/06/27 11:27:30 INFO CheckpointFileManager: Renamed temp file file:/tmp/temporary-712b078a-3544-4160-b394-6f76595daf76/sources/0/.0.8256ee8e-f2a3-420c-a0b0-938d76529bdf.tmp to file:/tmp/temporary-712b078a-3544-4160-b394-6f76595daf76/sources/0/0
24/06/27 11:27:30 INFO KafkaMicroBatchStream: Initial offsets: {"store_source_data":{"0":8}}
[2024-06-27T11:27:30.659+0000] {docker.py:436} INFO - 24/06/27 11:27:30 INFO CheckpointFileManager: Writing atomically to file:/tmp/temporary-712b078a-3544-4160-b394-6f76595daf76/offsets/0 using temp file file:/tmp/temporary-712b078a-3544-4160-b394-6f76595daf76/offsets/.0.4283bb1e-fefe-4baf-ad5e-44cfee634a72.tmp
[2024-06-27T11:27:30.703+0000] {docker.py:436} INFO - 24/06/27 11:27:30 INFO CheckpointFileManager: Renamed temp file file:/tmp/temporary-712b078a-3544-4160-b394-6f76595daf76/offsets/.0.4283bb1e-fefe-4baf-ad5e-44cfee634a72.tmp to file:/tmp/temporary-712b078a-3544-4160-b394-6f76595daf76/offsets/0
[2024-06-27T11:27:30.704+0000] {docker.py:436} INFO - 24/06/27 11:27:30 INFO MicroBatchExecution: Committed offsets for batch 0. Metadata OffsetSeqMetadata(0,1719487650648,Map(spark.sql.streaming.stateStore.providerClass -> org.apache.spark.sql.execution.streaming.state.HDFSBackedStateStoreProvider, spark.sql.streaming.join.stateFormatVersion -> 2, spark.sql.streaming.stateStore.compression.codec -> lz4, spark.sql.streaming.stateStore.rocksdb.formatVersion -> 5, spark.sql.streaming.statefulOperator.useStrictDistribution -> true, spark.sql.streaming.flatMapGroupsWithState.stateFormatVersion -> 2, spark.sql.streaming.multipleWatermarkPolicy -> min, spark.sql.streaming.aggregation.stateFormatVersion -> 2, spark.sql.shuffle.partitions -> 200))
[2024-06-27T11:27:31.159+0000] {docker.py:436} INFO - 24/06/27 11:27:31 INFO KafkaOffsetReaderAdmin: Partitions added: Map()
[2024-06-27T11:27:31.235+0000] {docker.py:436} INFO - 24/06/27 11:27:31 INFO KafkaOffsetReaderAdmin: Partitions added: Map()
[2024-06-27T11:27:31.301+0000] {docker.py:436} INFO - 24/06/27 11:27:31 INFO KafkaOffsetReaderAdmin: Partitions added: Map()
[2024-06-27T11:27:31.303+0000] {docker.py:436} INFO - 24/06/27 11:27:31 INFO KafkaOffsetReaderAdmin: Partitions added: Map()
[2024-06-27T11:27:32.013+0000] {docker.py:436} INFO - 24/06/27 11:27:32 INFO CodeGenerator: Code generated in 493.738929 ms
[2024-06-27T11:27:32.177+0000] {docker.py:436} INFO - 2024-06-27 11:27:32,176:wait_for_commands:INFO:Python Server ready to receive messages
2024-06-27 11:27:32,176:wait_for_commands:INFO:Received command c on object id p0
[2024-06-27T11:27:32.258+0000] {docker.py:436} INFO - 2024-06-27 11:27:32,219:_call_proxy:ERROR:There was an exception while executing the Python Proxy on the Python Side.
Traceback (most recent call last):
  File "/opt/bitnami/spark/python/lib/py4j-0.10.9.7-src.zip/py4j/clientserver.py", line 617, in _call_proxy
    return_value = getattr(self.pool[obj_id], method)(*params)
                   ^^^^^^^^^^^^^^^^^^^^^^^^^^^^^^^^^^^^^^^^^^^
  File "/opt/bitnami/spark/python/lib/pyspark.zip/pyspark/sql/utils.py", line 120, in call
    raise e
  File "/opt/bitnami/spark/python/lib/pyspark.zip/pyspark/sql/utils.py", line 117, in call
    self.func(DataFrame(jdf, wrapped_session_jdf), batch_id)
  File "/opt/bitnami/spark/scripts/spark_bronze_layer.py", line 129, in <lambda>
    existing_data_df, batch_df[unique_column] == existing_data_df[unique_column], "leftanti"
                      ~~~~~~~~^^^^^^^^^^^^^^^
  File "/opt/bitnami/spark/python/lib/pyspark.zip/pyspark/sql/dataframe.py", line 3078, in __getitem__
    jc = self._jdf.apply(item)
         ^^^^^^^^^^^^^^^^^^^
[2024-06-27T11:27:32.259+0000] {docker.py:436} INFO - ^^
  File "/opt/bitnami/spark/python/lib/py4j-0.10.9.7-src.zip/py4j/java_gateway.py", line 1322, in __call__
    return_value = get_return_value(
                   ^^^^^^^^^^^^^^^^^
  File "/opt/bitnami/spark/python/lib/pyspark.zip/pyspark/errors/exceptions/captured.py", line 185, in deco
    raise converted from None
pyspark.errors.exceptions.captured.AnalysisException: [UNRESOLVED_COLUMN.WITH_SUGGESTION] A column or function parameter with name `item_purchased` cannot be resolved. Did you mean one of the following? [`key`, `value`, `topic`, `partition`, `offset`, `timestamp`, `timestampType`, `extracted_content`].
[2024-06-27T11:27:32.286+0000] {docker.py:436} INFO - 24/06/27 11:27:32 ERROR MicroBatchExecution: Query [id = af3707b2-3e1b-4f4a-bad9-0a6aaefb5cdb, runId = 8e5dfcb2-249a-4d18-bd81-7e6791576684] terminated with error
py4j.Py4JException: An exception was raised by the Python Proxy. Return Message: Traceback (most recent call last):
  File "/opt/bitnami/spark/python/lib/py4j-0.10.9.7-src.zip/py4j/clientserver.py", line 617, in _call_proxy
    return_value = getattr(self.pool[obj_id], method)(*params)
                   ^^^^^^^^^^^^^^^^^^^^^^^^^^^^^^^^^^^^^^^^^^^
  File "/opt/bitnami/spark/python/lib/pyspark.zip/pyspark/sql/utils.py", line 120, in call
    raise e
  File "/opt/bitnami/spark/python/lib/pyspark.zip/pyspark/sql/utils.py", line 117, in call
    self.func(DataFrame(jdf, wrapped_session_jdf), batch_id)
  File "/opt/bitnami/spark/scripts/spark_bronze_layer.py", line 129, in <lambda>
    existing_data_df, batch_df[unique_column] == existing_data_df[unique_column], "leftanti"
                      ~~~~~~~~^^^^^^^^^^^^^^^
  File "/opt/bitnami/spark/python/lib/pyspark.zip/pyspark/sql/dataframe.py", line 3078, in __getitem__
    jc = self._jdf.apply(item)
         ^^^^^^^^^^^^^^^^^^^^^
  File "/opt/bitnami/spark/python/lib/py4j-0.10.9.7-src.zip/py4j/java_gateway.py", line 1322, in __call__
    return_value = get_return_value(
                   ^^^^^^^^^^^^^^^^^
  File "/opt/bitnami/spark/python/lib/pyspark.zip/pyspark/errors/exceptions/captured.py", line 185, in deco
    raise converted from None
pyspark.errors.exceptions.captured.AnalysisException: [UNRESOLVED_COLUMN.WITH_SUGGESTION] A column or function parameter with name `item_purchased` cannot be resolved. Did you mean one of the following? [`key`, `value`, `topic`, `partition`, `offset`, `timestamp`, `timestampType`, `extracted_content`].

	at py4j.Protocol.getReturnValue(Protocol.java:476)
	at py4j.reflection.PythonProxyHandler.invoke(PythonProxyHandler.java:108)
	at jdk.proxy3/jdk.proxy3.$Proxy30.call(Unknown Source)
	at org.apache.spark.sql.execution.streaming.sources.PythonForeachBatchHelper$.$anonfun$callForeachBatch$1(ForeachBatchSink.scala:53)
	at org.apache.spark.sql.execution.streaming.sources.PythonForeachBatchHelper$.$anonfun$callForeachBatch$1$adapted(ForeachBatchSink.scala:53)
	at org.apache.spark.sql.execution.streaming.sources.ForeachBatchSink.addBatch(ForeachBatchSink.scala:34)
	at org.apache.spark.sql.execution.streaming.MicroBatchExecution.$anonfun$runBatch$17(MicroBatchExecution.scala:732)
	at org.apache.spark.sql.execution.SQLExecution$.$anonfun$withNewExecutionId$6(SQLExecution.scala:125)
	at org.apache.spark.sql.execution.SQLExecution$.withSQLConfPropagated(SQLExecution.scala:201)
	at org.apache.spark.sql.execution.SQLExecution$.$anonfun$withNewExecutionId$1(SQLExecution.scala:108)
	at org.apache.spark.sql.SparkSession.withActive(SparkSession.scala:900)
	at org.apache.spark.sql.execution.SQLExecution$.withNewExecutionId(SQLExecution.scala:66)
	at org.apache.spark.sql.execution.streaming.MicroBatchExecution.$anonfun$runBatch$16(MicroBatchExecution.scala:729)
	at org.apache.spark.sql.execution.streaming.ProgressReporter.reportTimeTaken(ProgressReporter.scala:427)
	at org.apache.spark.sql.execution.streaming.ProgressReporter.reportTimeTaken$(ProgressReporter.scala:425)
	at org.apache.spark.sql.execution.streaming.StreamExecution.reportTimeTaken(StreamExecution.scala:67)
	at org.apache.spark.sql.execution.streaming.MicroBatchExecution.runBatch(MicroBatchExecution.scala:729)
	at org.apache.spark.sql.execution.streaming.MicroBatchExecution.$anonfun$runActivatedStream$2(MicroBatchExecution.scala:286)
	at scala.runtime.java8.JFunction0$mcV$sp.apply(JFunction0$mcV$sp.java:23)
	at org.apache.spark.sql.execution.streaming.ProgressReporter.reportTimeTaken(ProgressReporter.scala:427)
	at org.apache.spark.sql.execution.streaming.ProgressReporter.reportTimeTaken$(ProgressReporter.scala:425)
	at org.apache.spark.sql.execution.streaming.StreamExecution.reportTimeTaken(StreamExecution.scala:67)
	at org.apache.spark.sql.execution.streaming.MicroBatchExecution.$anonfun$runActivatedStream$1(MicroBatchExecution.scala:249)
	at org.apache.spark.sql.execution.streaming.SingleBatchExecutor.execute(TriggerExecutor.scala:39)
	at org.apache.spark.sql.execution.streaming.MicroBatchExecution.runActivatedStream(MicroBatchExecution.scala:239)
	at org.apache.spark.sql.execution.streaming.StreamExecution.$anonfun$runStream$1(StreamExecution.scala:311)
	at scala.runtime.java8.JFunction0$mcV$sp.apply(JFunction0$mcV$sp.java:23)
	at org.apache.spark.sql.SparkSession.withActive(SparkSession.scala:900)
	at org.apache.spark.sql.execution.streaming.StreamExecution.org$apache$spark$sql$execution$streaming$StreamExecution$$runStream(StreamExecution.scala:289)
	at org.apache.spark.sql.execution.streaming.StreamExecution$$anon$1.$anonfun$run$1(StreamExecution.scala:211)
	at scala.runtime.java8.JFunction0$mcV$sp.apply(JFunction0$mcV$sp.java:23)
	at org.apache.spark.JobArtifactSet$.withActiveJobArtifactState(JobArtifactSet.scala:94)
	at org.apache.spark.sql.execution.streaming.StreamExecution$$anon$1.run(StreamExecution.scala:211)
[2024-06-27T11:27:32.291+0000] {docker.py:436} INFO - 24/06/27 11:27:32 INFO AppInfoParser: App info kafka.admin.client for adminclient-1 unregistered
[2024-06-27T11:27:32.295+0000] {docker.py:436} INFO - 24/06/27 11:27:32 INFO Metrics: Metrics scheduler closed
[2024-06-27T11:27:32.296+0000] {docker.py:436} INFO - 24/06/27 11:27:32 INFO Metrics: Closing reporter org.apache.kafka.common.metrics.JmxReporter
24/06/27 11:27:32 INFO Metrics: Metrics reporters closed
[2024-06-27T11:27:32.297+0000] {docker.py:436} INFO - 24/06/27 11:27:32 INFO MicroBatchExecution: Async log purge executor pool for query [id = af3707b2-3e1b-4f4a-bad9-0a6aaefb5cdb, runId = 8e5dfcb2-249a-4d18-bd81-7e6791576684] has been shutdown
[2024-06-27T11:27:32.430+0000] {docker.py:436} INFO - Traceback (most recent call last):
  File "/opt/bitnami/spark/scripts/spark_bronze_layer.py", line 156, in <module>
[2024-06-27T11:27:32.431+0000] {docker.py:436} INFO - write_to_postgres()
  File "/opt/bitnami/spark/scripts/spark_bronze_layer.py", line 152, in write_to_postgres
    start_streaming(final_df,spark)
  File "/opt/bitnami/spark/scripts/spark_bronze_layer.py", line 138, in start_streaming
    return query.awaitTermination()
           ^^^^^^^^^^^^^^^^^^^^^^^^
  File "/opt/bitnami/spark/python/lib/pyspark.zip/pyspark/sql/streaming/query.py", line 221, in awaitTermination
  File "/opt/bitnami/spark/python/lib/py4j-0.10.9.7-src.zip/py4j/java_gateway.py", line 1322, in __call__
[2024-06-27T11:27:32.432+0000] {docker.py:436} INFO - File "/opt/bitnami/spark/python/lib/pyspark.zip/pyspark/errors/exceptions/captured.py", line 185, in deco
pyspark.errors.exceptions.captured.StreamingQueryException
[2024-06-27T11:27:32.438+0000] {docker.py:436} INFO - : [STREAM_FAILED] Query [id = af3707b2-3e1b-4f4a-bad9-0a6aaefb5cdb, runId = 8e5dfcb2-249a-4d18-bd81-7e6791576684] terminated with exception: An exception was raised by the Python Proxy. Return Message: Traceback (most recent call last):
  File "/opt/bitnami/spark/python/lib/py4j-0.10.9.7-src.zip/py4j/clientserver.py", line 617, in _call_proxy
    return_value = getattr(self.pool[obj_id], method)(*params)
                   ^^^^^^^^^^^^^^^^^^^^^^^^^^^^^^^^^^^^^^^^^^^
  File "/opt/bitnami/spark/python/lib/pyspark.zip/pyspark/sql/utils.py", line 120, in call
    raise e
  File "/opt/bitnami/spark/python/lib/pyspark.zip/pyspark/sql/utils.py", line 117, in call
    self.func(DataFrame(jdf, wrapped_session_jdf), batch_id)
  File "/opt/bitnami/spark/scripts/spark_bronze_layer.py", line 129, in <lambda>
    existing_data_df, batch_df[unique_column] == existing_data_df[unique_column], "leftanti"
                      ~~~~~~~~^^^^^^^^^^^^^^^
  File "/opt/bitnami/spark/python/lib/pyspark.zip/pyspark/sql/dataframe.py", line 3078, in __getitem__
    jc = self._jdf.apply(item)
         ^^^^^^^^^^^^^^^^^^^^^
  File "/opt/bitnami/spark/python/lib/py4j-0.10.9.7-src.zip/py4j/java_gateway.py", line 1322, in __call__
    return_value = get_return_value(
                   ^^^^^^^^^^^^^^^^^
  File "/opt/bitnami/spark/python/lib/pyspark.zip/pyspark/errors/exceptions/captured.py", line 185, in deco
    raise converted from None
pyspark.errors.exceptions.captured.AnalysisException: [UNRESOLVED_COLUMN.WITH_SUGGESTION] A column or function parameter with name `item_purchased` cannot be resolved. Did you mean one of the following? [`key`, `value`, `topic`, `partition`, `offset`, `timestamp`, `timestampType`, `extracted_content`].

2024-06-27 11:27:32,437:close:INFO:Closing down clientserver connection
[2024-06-27T11:27:32.501+0000] {docker.py:436} INFO - 24/06/27 11:27:32 INFO SparkContext: Invoking stop() from shutdown hook
[2024-06-27T11:27:32.502+0000] {docker.py:436} INFO - 24/06/27 11:27:32 INFO SparkContext: SparkContext is stopping with exitCode 0.
[2024-06-27T11:27:32.514+0000] {docker.py:436} INFO - 24/06/27 11:27:32 INFO SparkUI: Stopped Spark web UI at http://localhost:4040
[2024-06-27T11:27:32.548+0000] {docker.py:436} INFO - 24/06/27 11:27:32 INFO MapOutputTrackerMasterEndpoint: MapOutputTrackerMasterEndpoint stopped!
[2024-06-27T11:27:32.560+0000] {docker.py:436} INFO - 24/06/27 11:27:32 INFO MemoryStore: MemoryStore cleared
[2024-06-27T11:27:32.561+0000] {docker.py:436} INFO - 24/06/27 11:27:32 INFO BlockManager: BlockManager stopped
[2024-06-27T11:27:32.568+0000] {docker.py:436} INFO - 24/06/27 11:27:32 INFO BlockManagerMaster: BlockManagerMaster stopped
[2024-06-27T11:27:32.582+0000] {docker.py:436} INFO - 24/06/27 11:27:32 INFO OutputCommitCoordinator$OutputCommitCoordinatorEndpoint: OutputCommitCoordinator stopped!
[2024-06-27T11:27:32.603+0000] {docker.py:436} INFO - 24/06/27 11:27:32 INFO SparkContext: Successfully stopped SparkContext
[2024-06-27T11:27:32.603+0000] {docker.py:436} INFO - 24/06/27 11:27:32 INFO ShutdownHookManager: Shutdown hook called
[2024-06-27T11:27:32.605+0000] {docker.py:436} INFO - 24/06/27 11:27:32 INFO ShutdownHookManager: Deleting directory /tmp/spark-ee0d1098-beb2-4d35-ac7f-64f185e38769
[2024-06-27T11:27:32.615+0000] {docker.py:436} INFO - 24/06/27 11:27:32 INFO ShutdownHookManager: Deleting directory /tmp/spark-1ad7356c-4a34-430c-9a40-a94fabf52d7c
[2024-06-27T11:27:32.620+0000] {docker.py:436} INFO - 24/06/27 11:27:32 INFO ShutdownHookManager: Deleting directory /tmp/temporary-712b078a-3544-4160-b394-6f76595daf76
[2024-06-27T11:27:32.625+0000] {docker.py:436} INFO - 24/06/27 11:27:32 INFO ShutdownHookManager: Deleting directory /tmp/spark-1ad7356c-4a34-430c-9a40-a94fabf52d7c/pyspark-189990cc-3979-4f40-be28-794dd26239ae
[2024-06-27T11:27:33.140+0000] {taskinstance.py:441} INFO - ::group::Post task execution logs
[2024-06-27T11:27:33.151+0000] {taskinstance.py:2905} ERROR - Task failed with exception
Traceback (most recent call last):
  File "/home/airflow/.local/lib/python3.12/site-packages/docker/api/client.py", line 265, in _raise_for_status
    response.raise_for_status()
  File "/home/airflow/.local/lib/python3.12/site-packages/requests/models.py", line 1021, in raise_for_status
    raise HTTPError(http_error_msg, response=self)
requests.exceptions.HTTPError: 400 Client Error: Bad Request for url: http://docker-proxy:2375/v1.45/containers/create

The above exception was the direct cause of the following exception:

Traceback (most recent call last):
  File "/home/airflow/.local/lib/python3.12/site-packages/airflow/providers/docker/operators/docker.py", line 371, in _run_image
    return self._run_image_with_mounts([*self.mounts, tmp_mount], add_tmp_variable=True)
           ^^^^^^^^^^^^^^^^^^^^^^^^^^^^^^^^^^^^^^^^^^^^^^^^^^^^^^^^^^^^^^^^^^^^^^^^^^^^^
  File "/home/airflow/.local/lib/python3.12/site-packages/airflow/providers/docker/operators/docker.py", line 398, in _run_image_with_mounts
    self.container = self.cli.create_container(
                     ^^^^^^^^^^^^^^^^^^^^^^^^^^
  File "/home/airflow/.local/lib/python3.12/site-packages/docker/api/container.py", line 439, in create_container
    return self.create_container_from_config(config, name, platform)
           ^^^^^^^^^^^^^^^^^^^^^^^^^^^^^^^^^^^^^^^^^^^^^^^^^^^^^^^^^
  File "/home/airflow/.local/lib/python3.12/site-packages/docker/api/container.py", line 456, in create_container_from_config
    return self._result(res, True)
           ^^^^^^^^^^^^^^^^^^^^^^^
  File "/home/airflow/.local/lib/python3.12/site-packages/docker/api/client.py", line 271, in _result
    self._raise_for_status(response)
  File "/home/airflow/.local/lib/python3.12/site-packages/docker/api/client.py", line 267, in _raise_for_status
    raise create_api_error_from_http_exception(e) from e
          ^^^^^^^^^^^^^^^^^^^^^^^^^^^^^^^^^^^^^^^
  File "/home/airflow/.local/lib/python3.12/site-packages/docker/errors.py", line 39, in create_api_error_from_http_exception
    raise cls(e, response=response, explanation=explanation) from e
docker.errors.APIError: 400 Client Error for http://docker-proxy:2375/v1.45/containers/create: Bad Request ("invalid mount config for type "bind": bind source path does not exist: /tmp/airflowtmp5ckt2aso")

During handling of the above exception, another exception occurred:

Traceback (most recent call last):
  File "/home/airflow/.local/lib/python3.12/site-packages/airflow/models/taskinstance.py", line 465, in _execute_task
    result = _execute_callable(context=context, **execute_callable_kwargs)
             ^^^^^^^^^^^^^^^^^^^^^^^^^^^^^^^^^^^^^^^^^^^^^^^^^^^^^^^^^^^^^
  File "/home/airflow/.local/lib/python3.12/site-packages/airflow/models/taskinstance.py", line 432, in _execute_callable
    return execute_callable(context=context, **execute_callable_kwargs)
           ^^^^^^^^^^^^^^^^^^^^^^^^^^^^^^^^^^^^^^^^^^^^^^^^^^^^^^^^^^^^
  File "/home/airflow/.local/lib/python3.12/site-packages/airflow/models/baseoperator.py", line 400, in wrapper
    return func(self, *args, **kwargs)
           ^^^^^^^^^^^^^^^^^^^^^^^^^^^
  File "/home/airflow/.local/lib/python3.12/site-packages/airflow/providers/docker/operators/docker.py", line 509, in execute
    return self._run_image()
           ^^^^^^^^^^^^^^^^^
  File "/home/airflow/.local/lib/python3.12/site-packages/airflow/providers/docker/operators/docker.py", line 380, in _run_image
    return self._run_image_with_mounts(self.mounts, add_tmp_variable=False)
           ^^^^^^^^^^^^^^^^^^^^^^^^^^^^^^^^^^^^^^^^^^^^^^^^^^^^^^^^^^^^^^^^
  File "/home/airflow/.local/lib/python3.12/site-packages/airflow/providers/docker/operators/docker.py", line 444, in _run_image_with_mounts
    raise DockerContainerFailedException(f"Docker container failed: {result!r}", logs=log_lines)
airflow.providers.docker.exceptions.DockerContainerFailedException: Docker container failed: {'StatusCode': 1}
[2024-06-27T11:27:33.157+0000] {taskinstance.py:1206} INFO - Marking task as FAILED. dag_id=Stage_1, task_id=run_bronze_job, run_id=manual__2024-06-27T11:26:45.546645+00:00, execution_date=20240627T112645, start_date=20240627T112652, end_date=20240627T112733
[2024-06-27T11:27:33.170+0000] {standard_task_runner.py:110} ERROR - Failed to execute job 368 for task run_bronze_job (Docker container failed: {'StatusCode': 1}; 631)
[2024-06-27T11:27:33.218+0000] {local_task_job_runner.py:240} INFO - Task exited with return code 1
[2024-06-27T11:27:33.247+0000] {taskinstance.py:3498} INFO - 0 downstream tasks scheduled from follow-on schedule check
[2024-06-27T11:27:33.253+0000] {local_task_job_runner.py:222} INFO - ::endgroup::
