[2024-06-25T12:30:11.643+0000] {local_task_job_runner.py:120} INFO - ::group::Pre task execution logs
[2024-06-25T12:30:11.682+0000] {taskinstance.py:2076} INFO - Dependencies all met for dep_context=non-requeueable deps ti=<TaskInstance: Stage_1.run_bronze_job manual__2024-06-25T12:30:05.883555+00:00 [queued]>
[2024-06-25T12:30:11.694+0000] {taskinstance.py:2076} INFO - Dependencies all met for dep_context=requeueable deps ti=<TaskInstance: Stage_1.run_bronze_job manual__2024-06-25T12:30:05.883555+00:00 [queued]>
[2024-06-25T12:30:11.694+0000] {taskinstance.py:2306} INFO - Starting attempt 1 of 1
[2024-06-25T12:30:11.708+0000] {taskinstance.py:2330} INFO - Executing <Task(DockerOperator): run_bronze_job> on 2024-06-25 12:30:05.883555+00:00
[2024-06-25T12:30:11.716+0000] {logging_mixin.py:188} WARNING - /home/***/.local/lib/python3.12/site-packages/***/task/task_runner/standard_task_runner.py:61 DeprecationWarning: This process (pid=1601) is multi-threaded, use of fork() may lead to deadlocks in the child.
[2024-06-25T12:30:11.717+0000] {standard_task_runner.py:63} INFO - Started process 1602 to run task
[2024-06-25T12:30:11.716+0000] {standard_task_runner.py:90} INFO - Running: ['***', 'tasks', 'run', 'Stage_1', 'run_bronze_job', 'manual__2024-06-25T12:30:05.883555+00:00', '--job-id', '114', '--raw', '--subdir', 'DAGS_FOLDER/kafka_dag.py', '--cfg-path', '/tmp/tmp2nyl8o97']
[2024-06-25T12:30:11.718+0000] {standard_task_runner.py:91} INFO - Job 114: Subtask run_bronze_job
[2024-06-25T12:30:11.733+0000] {logging_mixin.py:188} WARNING - /home/***/.local/lib/python3.12/site-packages/***/settings.py:195 DeprecationWarning: The sql_alchemy_conn option in [core] has been moved to the sql_alchemy_conn option in [database] - the old setting has been used, but please update your config.
[2024-06-25T12:30:11.768+0000] {task_command.py:426} INFO - Running <TaskInstance: Stage_1.run_bronze_job manual__2024-06-25T12:30:05.883555+00:00 [running]> on host 0b2aef5f9e3a
[2024-06-25T12:30:11.867+0000] {taskinstance.py:2648} INFO - Exporting env vars: AIRFLOW_CTX_DAG_OWNER='***' AIRFLOW_CTX_DAG_ID='Stage_1' AIRFLOW_CTX_TASK_ID='run_bronze_job' AIRFLOW_CTX_EXECUTION_DATE='2024-06-25T12:30:05.883555+00:00' AIRFLOW_CTX_TRY_NUMBER='1' AIRFLOW_CTX_DAG_RUN_ID='manual__2024-06-25T12:30:05.883555+00:00'
[2024-06-25T12:30:11.868+0000] {taskinstance.py:430} INFO - ::endgroup::
[2024-06-25T12:30:11.901+0000] {docker.py:366} INFO - Starting docker container from image bitnami/spark:latest
[2024-06-25T12:30:11.904+0000] {docker.py:374} WARNING - Using remote engine or docker-in-docker and mounting temporary volume from host is not supported. Falling back to `mount_tmp_dir=False` mode. You can set `mount_tmp_dir` parameter to False to disable mounting and remove the warning
[2024-06-25T12:30:12.387+0000] {docker.py:436} INFO - [38;5;6mspark [38;5;5m12:30:12.38 [0m[38;5;2mINFO [0m ==>
[2024-06-25T12:30:12.389+0000] {docker.py:436} INFO - [38;5;6mspark [38;5;5m12:30:12.38 [0m[38;5;2mINFO [0m ==> [1mWelcome to the Bitnami spark container[0m
[2024-06-25T12:30:12.391+0000] {docker.py:436} INFO - [38;5;6mspark [38;5;5m12:30:12.39 [0m[38;5;2mINFO [0m ==> Subscribe to project updates by watching [1mhttps://github.com/bitnami/containers[0m
[2024-06-25T12:30:12.393+0000] {docker.py:436} INFO - [38;5;6mspark [38;5;5m12:30:12.39 [0m[38;5;2mINFO [0m ==> Submit issues and feature requests at [1mhttps://github.com/bitnami/containers/issues[0m
[2024-06-25T12:30:12.394+0000] {docker.py:436} INFO - [38;5;6mspark [38;5;5m12:30:12.39 [0m[38;5;2mINFO [0m ==> Upgrade to Tanzu Application Catalog for production environments to access custom-configured and pre-packaged software components. Gain enhanced features, including Software Bill of Materials (SBOM), CVE scan result reports, and VEX documents. To learn more, visit [1mhttps://bitnami.com/enterprise[0m
[2024-06-25T12:30:12.396+0000] {docker.py:436} INFO - [38;5;6mspark [38;5;5m12:30:12.39 [0m[38;5;2mINFO [0m ==>
[2024-06-25T12:30:12.403+0000] {docker.py:436} INFO - 
[2024-06-25T12:30:14.676+0000] {docker.py:436} INFO - :: loading settings :: url = jar:file:/opt/bitnami/spark/jars/ivy-2.5.1.jar!/org/apache/ivy/core/settings/ivysettings.xml
[2024-06-25T12:30:14.775+0000] {docker.py:436} INFO - Ivy Default Cache set to: /opt/bitnami/spark/.ivy2/cache
[2024-06-25T12:30:14.776+0000] {docker.py:436} INFO - The jars for the packages stored in: /opt/bitnami/spark/.ivy2/jars
[2024-06-25T12:30:14.787+0000] {docker.py:436} INFO - org.apache.spark#spark-sql-kafka-0-10_2.12 added as a dependency
org.postgresql#postgresql added as a dependency
[2024-06-25T12:30:14.788+0000] {docker.py:436} INFO - :: resolving dependencies :: org.apache.spark#spark-submit-parent-3287ba33-43e2-400c-86c4-011a2907177f;1.0
[2024-06-25T12:30:14.789+0000] {docker.py:436} INFO - confs: [default]
[2024-06-25T12:30:16.582+0000] {docker.py:436} INFO - found org.apache.spark#spark-sql-kafka-0-10_2.12;3.3.0 in central
[2024-06-25T12:30:16.937+0000] {docker.py:436} INFO - found org.apache.spark#spark-token-provider-kafka-0-10_2.12;3.3.0 in central
[2024-06-25T12:30:17.003+0000] {docker.py:436} INFO - found org.apache.kafka#kafka-clients;2.8.1 in central
[2024-06-25T12:30:17.063+0000] {docker.py:436} INFO - found org.lz4#lz4-java;1.8.0 in central
[2024-06-25T12:30:17.116+0000] {docker.py:436} INFO - found org.xerial.snappy#snappy-java;1.1.8.4 in central
[2024-06-25T12:30:18.206+0000] {docker.py:436} INFO - found org.slf4j#slf4j-api;1.7.32 in central
[2024-06-25T12:30:19.825+0000] {docker.py:436} INFO - found org.apache.hadoop#hadoop-client-runtime;3.3.2 in central
[2024-06-25T12:30:19.972+0000] {docker.py:436} INFO - found org.spark-project.spark#unused;1.0.0 in central
[2024-06-25T12:30:20.164+0000] {docker.py:436} INFO - found org.apache.hadoop#hadoop-client-api;3.3.2 in central
[2024-06-25T12:30:20.408+0000] {docker.py:436} INFO - found commons-logging#commons-logging;1.1.3 in central
[2024-06-25T12:30:20.464+0000] {docker.py:436} INFO - found com.google.code.findbugs#jsr305;3.0.0 in central
[2024-06-25T12:30:21.655+0000] {docker.py:436} INFO - found org.apache.commons#commons-pool2;2.11.1 in central
[2024-06-25T12:30:23.425+0000] {docker.py:436} INFO - found org.postgresql#postgresql;42.2.2 in central
[2024-06-25T12:30:23.448+0000] {docker.py:436} INFO - downloading https://repo1.maven.org/maven2/org/apache/spark/spark-sql-kafka-0-10_2.12/3.3.0/spark-sql-kafka-0-10_2.12-3.3.0.jar ...
[2024-06-25T12:30:23.501+0000] {docker.py:436} INFO - [SUCCESSFUL ] org.apache.spark#spark-sql-kafka-0-10_2.12;3.3.0!spark-sql-kafka-0-10_2.12.jar (63ms)
[2024-06-25T12:30:23.511+0000] {docker.py:436} INFO - downloading https://repo1.maven.org/maven2/org/postgresql/postgresql/42.2.2/postgresql-42.2.2.jar ...
[2024-06-25T12:30:23.611+0000] {docker.py:436} INFO - [SUCCESSFUL ] org.postgresql#postgresql;42.2.2!postgresql.jar(bundle) (109ms)
[2024-06-25T12:30:23.626+0000] {docker.py:436} INFO - downloading https://repo1.maven.org/maven2/org/apache/spark/spark-token-provider-kafka-0-10_2.12/3.3.0/spark-token-provider-kafka-0-10_2.12-3.3.0.jar ...
[2024-06-25T12:30:23.652+0000] {docker.py:436} INFO - [SUCCESSFUL ] org.apache.spark#spark-token-provider-kafka-0-10_2.12;3.3.0!spark-token-provider-kafka-0-10_2.12.jar (37ms)
[2024-06-25T12:30:23.666+0000] {docker.py:436} INFO - downloading https://repo1.maven.org/maven2/org/apache/kafka/kafka-clients/2.8.1/kafka-clients-2.8.1.jar ...
[2024-06-25T12:30:24.140+0000] {docker.py:436} INFO - [SUCCESSFUL ] org.apache.kafka#kafka-clients;2.8.1!kafka-clients.jar (485ms)
[2024-06-25T12:30:24.154+0000] {docker.py:436} INFO - downloading https://repo1.maven.org/maven2/com/google/code/findbugs/jsr305/3.0.0/jsr305-3.0.0.jar ...
[2024-06-25T12:30:24.175+0000] {docker.py:436} INFO - [SUCCESSFUL ] com.google.code.findbugs#jsr305;3.0.0!jsr305.jar (32ms)
[2024-06-25T12:30:24.198+0000] {docker.py:436} INFO - downloading https://repo1.maven.org/maven2/org/apache/commons/commons-pool2/2.11.1/commons-pool2-2.11.1.jar ...
[2024-06-25T12:30:24.221+0000] {docker.py:436} INFO - [SUCCESSFUL ] org.apache.commons#commons-pool2;2.11.1!commons-pool2.jar (39ms)
[2024-06-25T12:30:24.235+0000] {docker.py:436} INFO - downloading https://repo1.maven.org/maven2/org/spark-project/spark/unused/1.0.0/unused-1.0.0.jar ...
[2024-06-25T12:30:24.245+0000] {docker.py:436} INFO - [SUCCESSFUL ] org.spark-project.spark#unused;1.0.0!unused.jar (22ms)
[2024-06-25T12:30:24.260+0000] {docker.py:436} INFO - downloading https://repo1.maven.org/maven2/org/apache/hadoop/hadoop-client-runtime/3.3.2/hadoop-client-runtime-3.3.2.jar ...
[2024-06-25T12:30:27.662+0000] {docker.py:436} INFO - [SUCCESSFUL ] org.apache.hadoop#hadoop-client-runtime;3.3.2!hadoop-client-runtime.jar (3412ms)
[2024-06-25T12:30:27.674+0000] {docker.py:436} INFO - downloading https://repo1.maven.org/maven2/org/lz4/lz4-java/1.8.0/lz4-java-1.8.0.jar ...
[2024-06-25T12:30:27.749+0000] {docker.py:436} INFO - [SUCCESSFUL ] org.lz4#lz4-java;1.8.0!lz4-java.jar (85ms)
[2024-06-25T12:30:27.763+0000] {docker.py:436} INFO - downloading https://repo1.maven.org/maven2/org/xerial/snappy/snappy-java/1.1.8.4/snappy-java-1.1.8.4.jar ...
[2024-06-25T12:30:27.945+0000] {docker.py:436} INFO - [SUCCESSFUL ] org.xerial.snappy#snappy-java;1.1.8.4!snappy-java.jar(bundle) (194ms)
[2024-06-25T12:30:27.954+0000] {docker.py:436} INFO - downloading https://repo1.maven.org/maven2/org/slf4j/slf4j-api/1.7.32/slf4j-api-1.7.32.jar ...
[2024-06-25T12:30:27.970+0000] {docker.py:436} INFO - [SUCCESSFUL ] org.slf4j#slf4j-api;1.7.32!slf4j-api.jar (24ms)
[2024-06-25T12:30:27.983+0000] {docker.py:436} INFO - downloading https://repo1.maven.org/maven2/org/apache/hadoop/hadoop-client-api/3.3.2/hadoop-client-api-3.3.2.jar ...
[2024-06-25T12:30:29.859+0000] {docker.py:436} INFO - [SUCCESSFUL ] org.apache.hadoop#hadoop-client-api;3.3.2!hadoop-client-api.jar (1888ms)
[2024-06-25T12:30:29.868+0000] {docker.py:436} INFO - downloading https://repo1.maven.org/maven2/commons-logging/commons-logging/1.1.3/commons-logging-1.1.3.jar ...
[2024-06-25T12:30:29.885+0000] {docker.py:436} INFO - [SUCCESSFUL ] commons-logging#commons-logging;1.1.3!commons-logging.jar (24ms)
[2024-06-25T12:30:29.885+0000] {docker.py:436} INFO - :: resolution report :: resolve 8649ms :: artifacts dl 6450ms
[2024-06-25T12:30:29.886+0000] {docker.py:436} INFO - :: modules in use:
[2024-06-25T12:30:29.886+0000] {docker.py:436} INFO - com.google.code.findbugs#jsr305;3.0.0 from central in [default]
[2024-06-25T12:30:29.887+0000] {docker.py:436} INFO - commons-logging#commons-logging;1.1.3 from central in [default]
[2024-06-25T12:30:29.887+0000] {docker.py:436} INFO - org.apache.commons#commons-pool2;2.11.1 from central in [default]
[2024-06-25T12:30:29.888+0000] {docker.py:436} INFO - org.apache.hadoop#hadoop-client-api;3.3.2 from central in [default]
	org.apache.hadoop#hadoop-client-runtime;3.3.2 from central in [default]
	org.apache.kafka#kafka-clients;2.8.1 from central in [default]
[2024-06-25T12:30:29.888+0000] {docker.py:436} INFO - org.apache.spark#spark-sql-kafka-0-10_2.12;3.3.0 from central in [default]
	org.apache.spark#spark-token-provider-kafka-0-10_2.12;3.3.0 from central in [default]
	org.lz4#lz4-java;1.8.0 from central in [default]
[2024-06-25T12:30:29.889+0000] {docker.py:436} INFO - org.postgresql#postgresql;42.2.2 from central in [default]
	org.slf4j#slf4j-api;1.7.32 from central in [default]
	org.spark-project.spark#unused;1.0.0 from central in [default]
[2024-06-25T12:30:29.889+0000] {docker.py:436} INFO - org.xerial.snappy#snappy-java;1.1.8.4 from central in [default]
[2024-06-25T12:30:29.890+0000] {docker.py:436} INFO - ---------------------------------------------------------------------
[2024-06-25T12:30:29.890+0000] {docker.py:436} INFO - |                  |            modules            ||   artifacts   |
[2024-06-25T12:30:29.891+0000] {docker.py:436} INFO - |       conf       | number| search|dwnlded|evicted|| number|dwnlded|
	---------------------------------------------------------------------
[2024-06-25T12:30:29.891+0000] {docker.py:436} INFO - |      default     |   13  |   13  |   13  |   0   ||   13  |   13  |
	---------------------------------------------------------------------
[2024-06-25T12:30:29.895+0000] {docker.py:436} INFO - :: retrieving :: org.apache.spark#spark-submit-parent-3287ba33-43e2-400c-86c4-011a2907177f
[2024-06-25T12:30:29.895+0000] {docker.py:436} INFO - confs: [default]
[2024-06-25T12:30:29.990+0000] {docker.py:436} INFO - 13 artifacts copied, 0 already retrieved (57403kB/95ms)
[2024-06-25T12:30:30.245+0000] {docker.py:436} INFO - 24/06/25 12:30:30 WARN NativeCodeLoader: Unable to load native-hadoop library for your platform... using builtin-java classes where applicable
[2024-06-25T12:30:31.649+0000] {docker.py:436} INFO - 24/06/25 12:30:31 INFO SparkContext: Running Spark version 3.5.1
[2024-06-25T12:30:31.651+0000] {docker.py:436} INFO - 24/06/25 12:30:31 INFO SparkContext: OS info Linux, 6.5.0-41-generic, amd64
24/06/25 12:30:31 INFO SparkContext: Java version 17.0.11
[2024-06-25T12:30:31.721+0000] {docker.py:436} INFO - 24/06/25 12:30:31 INFO ResourceUtils: ==============================================================
[2024-06-25T12:30:31.723+0000] {docker.py:436} INFO - 24/06/25 12:30:31 INFO ResourceUtils: No custom resources configured for spark.driver.
[2024-06-25T12:30:31.724+0000] {docker.py:436} INFO - 24/06/25 12:30:31 INFO ResourceUtils: ==============================================================
[2024-06-25T12:30:31.726+0000] {docker.py:436} INFO - 24/06/25 12:30:31 INFO SparkContext: Submitted application: PostgreSQL Connection with PySpark
[2024-06-25T12:30:31.780+0000] {docker.py:436} INFO - 24/06/25 12:30:31 INFO ResourceProfile: Default ResourceProfile created, executor resources: Map(cores -> name: cores, amount: 1, script: , vendor: , memory -> name: memory, amount: 1024, script: , vendor: , offHeap -> name: offHeap, amount: 0, script: , vendor: ), task resources: Map(cpus -> name: cpus, amount: 1.0)
[2024-06-25T12:30:31.794+0000] {docker.py:436} INFO - 24/06/25 12:30:31 INFO ResourceProfile: Limiting resource is cpu
[2024-06-25T12:30:31.796+0000] {docker.py:436} INFO - 24/06/25 12:30:31 INFO ResourceProfileManager: Added ResourceProfile id: 0
[2024-06-25T12:30:31.890+0000] {docker.py:436} INFO - 24/06/25 12:30:31 INFO SecurityManager: Changing view acls to: spark
[2024-06-25T12:30:31.891+0000] {docker.py:436} INFO - 24/06/25 12:30:31 INFO SecurityManager: Changing modify acls to: spark
[2024-06-25T12:30:31.891+0000] {docker.py:436} INFO - 24/06/25 12:30:31 INFO SecurityManager: Changing view acls groups to:
[2024-06-25T12:30:31.892+0000] {docker.py:436} INFO - 24/06/25 12:30:31 INFO SecurityManager: Changing modify acls groups to:
[2024-06-25T12:30:31.893+0000] {docker.py:436} INFO - 24/06/25 12:30:31 INFO SecurityManager: SecurityManager: authentication disabled; ui acls disabled; users with view permissions: spark; groups with view permissions: EMPTY; users with modify permissions: spark; groups with modify permissions: EMPTY
[2024-06-25T12:30:32.270+0000] {docker.py:436} INFO - 24/06/25 12:30:32 INFO Utils: Successfully started service 'sparkDriver' on port 38965.
[2024-06-25T12:30:32.305+0000] {docker.py:436} INFO - 24/06/25 12:30:32 INFO SparkEnv: Registering MapOutputTracker
[2024-06-25T12:30:32.360+0000] {docker.py:436} INFO - 24/06/25 12:30:32 INFO SparkEnv: Registering BlockManagerMaster
[2024-06-25T12:30:32.400+0000] {docker.py:436} INFO - 24/06/25 12:30:32 INFO BlockManagerMasterEndpoint: Using org.apache.spark.storage.DefaultTopologyMapper for getting topology information
[2024-06-25T12:30:32.402+0000] {docker.py:436} INFO - 24/06/25 12:30:32 INFO BlockManagerMasterEndpoint: BlockManagerMasterEndpoint up
[2024-06-25T12:30:32.410+0000] {docker.py:436} INFO - 24/06/25 12:30:32 INFO SparkEnv: Registering BlockManagerMasterHeartbeat
[2024-06-25T12:30:32.459+0000] {docker.py:436} INFO - 24/06/25 12:30:32 INFO DiskBlockManager: Created local directory at /tmp/blockmgr-ba32795e-4469-4385-8dd2-76a1c56192bc
[2024-06-25T12:30:32.490+0000] {docker.py:436} INFO - 24/06/25 12:30:32 INFO MemoryStore: MemoryStore started with capacity 434.4 MiB
[2024-06-25T12:30:32.514+0000] {docker.py:436} INFO - 24/06/25 12:30:32 INFO SparkEnv: Registering OutputCommitCoordinator
[2024-06-25T12:30:33.279+0000] {docker.py:436} INFO - 24/06/25 12:30:33 INFO JettyUtils: Start Jetty 0.0.0.0:4040 for SparkUI
[2024-06-25T12:30:33.375+0000] {docker.py:436} INFO - 24/06/25 12:30:33 INFO Utils: Successfully started service 'SparkUI' on port 4040.
[2024-06-25T12:30:33.469+0000] {docker.py:436} INFO - 24/06/25 12:30:33 INFO SparkContext: Added JAR file:///opt/bitnami/spark/.ivy2/jars/org.apache.spark_spark-sql-kafka-0-10_2.12-3.3.0.jar at spark://localhost:38965/jars/org.apache.spark_spark-sql-kafka-0-10_2.12-3.3.0.jar with timestamp 1719318631618
[2024-06-25T12:30:33.471+0000] {docker.py:436} INFO - 24/06/25 12:30:33 INFO SparkContext: Added JAR file:///opt/bitnami/spark/.ivy2/jars/org.postgresql_postgresql-42.2.2.jar at spark://localhost:38965/jars/org.postgresql_postgresql-42.2.2.jar with timestamp 1719318631618
[2024-06-25T12:30:33.472+0000] {docker.py:436} INFO - 24/06/25 12:30:33 INFO SparkContext: Added JAR file:///opt/bitnami/spark/.ivy2/jars/org.apache.spark_spark-token-provider-kafka-0-10_2.12-3.3.0.jar at spark://localhost:38965/jars/org.apache.spark_spark-token-provider-kafka-0-10_2.12-3.3.0.jar with timestamp 1719318631618
[2024-06-25T12:30:33.472+0000] {docker.py:436} INFO - 24/06/25 12:30:33 INFO SparkContext: Added JAR file:///opt/bitnami/spark/.ivy2/jars/org.apache.kafka_kafka-clients-2.8.1.jar at spark://localhost:38965/jars/org.apache.kafka_kafka-clients-2.8.1.jar with timestamp 1719318631618
[2024-06-25T12:30:33.473+0000] {docker.py:436} INFO - 24/06/25 12:30:33 INFO SparkContext: Added JAR file:///opt/bitnami/spark/.ivy2/jars/com.google.code.findbugs_jsr305-3.0.0.jar at spark://localhost:38965/jars/com.google.code.findbugs_jsr305-3.0.0.jar with timestamp 1719318631618
[2024-06-25T12:30:33.474+0000] {docker.py:436} INFO - 24/06/25 12:30:33 INFO SparkContext: Added JAR file:///opt/bitnami/spark/.ivy2/jars/org.apache.commons_commons-pool2-2.11.1.jar at spark://localhost:38965/jars/org.apache.commons_commons-pool2-2.11.1.jar with timestamp 1719318631618
[2024-06-25T12:30:33.475+0000] {docker.py:436} INFO - 24/06/25 12:30:33 INFO SparkContext: Added JAR file:///opt/bitnami/spark/.ivy2/jars/org.spark-project.spark_unused-1.0.0.jar at spark://localhost:38965/jars/org.spark-project.spark_unused-1.0.0.jar with timestamp 1719318631618
[2024-06-25T12:30:33.476+0000] {docker.py:436} INFO - 24/06/25 12:30:33 INFO SparkContext: Added JAR file:///opt/bitnami/spark/.ivy2/jars/org.apache.hadoop_hadoop-client-runtime-3.3.2.jar at spark://localhost:38965/jars/org.apache.hadoop_hadoop-client-runtime-3.3.2.jar with timestamp 1719318631618
[2024-06-25T12:30:33.476+0000] {docker.py:436} INFO - 24/06/25 12:30:33 INFO SparkContext: Added JAR file:///opt/bitnami/spark/.ivy2/jars/org.lz4_lz4-java-1.8.0.jar at spark://localhost:38965/jars/org.lz4_lz4-java-1.8.0.jar with timestamp 1719318631618
[2024-06-25T12:30:33.477+0000] {docker.py:436} INFO - 24/06/25 12:30:33 INFO SparkContext: Added JAR file:///opt/bitnami/spark/.ivy2/jars/org.xerial.snappy_snappy-java-1.1.8.4.jar at spark://localhost:38965/jars/org.xerial.snappy_snappy-java-1.1.8.4.jar with timestamp 1719318631618
[2024-06-25T12:30:33.478+0000] {docker.py:436} INFO - 24/06/25 12:30:33 INFO SparkContext: Added JAR file:///opt/bitnami/spark/.ivy2/jars/org.slf4j_slf4j-api-1.7.32.jar at spark://localhost:38965/jars/org.slf4j_slf4j-api-1.7.32.jar with timestamp 1719318631618
[2024-06-25T12:30:33.478+0000] {docker.py:436} INFO - 24/06/25 12:30:33 INFO SparkContext: Added JAR file:///opt/bitnami/spark/.ivy2/jars/org.apache.hadoop_hadoop-client-api-3.3.2.jar at spark://localhost:38965/jars/org.apache.hadoop_hadoop-client-api-3.3.2.jar with timestamp 1719318631618
[2024-06-25T12:30:33.479+0000] {docker.py:436} INFO - 24/06/25 12:30:33 INFO SparkContext: Added JAR file:///opt/bitnami/spark/.ivy2/jars/commons-logging_commons-logging-1.1.3.jar at spark://localhost:38965/jars/commons-logging_commons-logging-1.1.3.jar with timestamp 1719318631618
[2024-06-25T12:30:33.485+0000] {docker.py:436} INFO - 24/06/25 12:30:33 INFO SparkContext: Added file file:///opt/bitnami/spark/.ivy2/jars/org.apache.spark_spark-sql-kafka-0-10_2.12-3.3.0.jar at file:///opt/bitnami/spark/.ivy2/jars/org.apache.spark_spark-sql-kafka-0-10_2.12-3.3.0.jar with timestamp 1719318631618
[2024-06-25T12:30:33.488+0000] {docker.py:436} INFO - 24/06/25 12:30:33 INFO Utils: Copying /opt/bitnami/spark/.ivy2/jars/org.apache.spark_spark-sql-kafka-0-10_2.12-3.3.0.jar to /tmp/spark-e396981c-3321-404e-adec-d5e141c837ad/userFiles-08d9084c-ac5f-43fe-b06f-a5d63dd6a73c/org.apache.spark_spark-sql-kafka-0-10_2.12-3.3.0.jar
[2024-06-25T12:30:33.502+0000] {docker.py:436} INFO - 24/06/25 12:30:33 INFO SparkContext: Added file file:///opt/bitnami/spark/.ivy2/jars/org.postgresql_postgresql-42.2.2.jar at file:///opt/bitnami/spark/.ivy2/jars/org.postgresql_postgresql-42.2.2.jar with timestamp 1719318631618
[2024-06-25T12:30:33.503+0000] {docker.py:436} INFO - 24/06/25 12:30:33 INFO Utils: Copying /opt/bitnami/spark/.ivy2/jars/org.postgresql_postgresql-42.2.2.jar to /tmp/spark-e396981c-3321-404e-adec-d5e141c837ad/userFiles-08d9084c-ac5f-43fe-b06f-a5d63dd6a73c/org.postgresql_postgresql-42.2.2.jar
[2024-06-25T12:30:33.508+0000] {docker.py:436} INFO - 24/06/25 12:30:33 INFO SparkContext: Added file file:///opt/bitnami/spark/.ivy2/jars/org.apache.spark_spark-token-provider-kafka-0-10_2.12-3.3.0.jar at file:///opt/bitnami/spark/.ivy2/jars/org.apache.spark_spark-token-provider-kafka-0-10_2.12-3.3.0.jar with timestamp 1719318631618
[2024-06-25T12:30:33.509+0000] {docker.py:436} INFO - 24/06/25 12:30:33 INFO Utils: Copying /opt/bitnami/spark/.ivy2/jars/org.apache.spark_spark-token-provider-kafka-0-10_2.12-3.3.0.jar to /tmp/spark-e396981c-3321-404e-adec-d5e141c837ad/userFiles-08d9084c-ac5f-43fe-b06f-a5d63dd6a73c/org.apache.spark_spark-token-provider-kafka-0-10_2.12-3.3.0.jar
[2024-06-25T12:30:33.515+0000] {docker.py:436} INFO - 24/06/25 12:30:33 INFO SparkContext: Added file file:///opt/bitnami/spark/.ivy2/jars/org.apache.kafka_kafka-clients-2.8.1.jar at file:///opt/bitnami/spark/.ivy2/jars/org.apache.kafka_kafka-clients-2.8.1.jar with timestamp 1719318631618
[2024-06-25T12:30:33.516+0000] {docker.py:436} INFO - 24/06/25 12:30:33 INFO Utils: Copying /opt/bitnami/spark/.ivy2/jars/org.apache.kafka_kafka-clients-2.8.1.jar to /tmp/spark-e396981c-3321-404e-adec-d5e141c837ad/userFiles-08d9084c-ac5f-43fe-b06f-a5d63dd6a73c/org.apache.kafka_kafka-clients-2.8.1.jar
[2024-06-25T12:30:33.527+0000] {docker.py:436} INFO - 24/06/25 12:30:33 INFO SparkContext: Added file file:///opt/bitnami/spark/.ivy2/jars/com.google.code.findbugs_jsr305-3.0.0.jar at file:///opt/bitnami/spark/.ivy2/jars/com.google.code.findbugs_jsr305-3.0.0.jar with timestamp 1719318631618
[2024-06-25T12:30:33.528+0000] {docker.py:436} INFO - 24/06/25 12:30:33 INFO Utils: Copying /opt/bitnami/spark/.ivy2/jars/com.google.code.findbugs_jsr305-3.0.0.jar to /tmp/spark-e396981c-3321-404e-adec-d5e141c837ad/userFiles-08d9084c-ac5f-43fe-b06f-a5d63dd6a73c/com.google.code.findbugs_jsr305-3.0.0.jar
[2024-06-25T12:30:33.535+0000] {docker.py:436} INFO - 24/06/25 12:30:33 INFO SparkContext: Added file file:///opt/bitnami/spark/.ivy2/jars/org.apache.commons_commons-pool2-2.11.1.jar at file:///opt/bitnami/spark/.ivy2/jars/org.apache.commons_commons-pool2-2.11.1.jar with timestamp 1719318631618
[2024-06-25T12:30:33.535+0000] {docker.py:436} INFO - 24/06/25 12:30:33 INFO Utils: Copying /opt/bitnami/spark/.ivy2/jars/org.apache.commons_commons-pool2-2.11.1.jar to /tmp/spark-e396981c-3321-404e-adec-d5e141c837ad/userFiles-08d9084c-ac5f-43fe-b06f-a5d63dd6a73c/org.apache.commons_commons-pool2-2.11.1.jar
[2024-06-25T12:30:33.540+0000] {docker.py:436} INFO - 24/06/25 12:30:33 INFO SparkContext: Added file file:///opt/bitnami/spark/.ivy2/jars/org.spark-project.spark_unused-1.0.0.jar at file:///opt/bitnami/spark/.ivy2/jars/org.spark-project.spark_unused-1.0.0.jar with timestamp 1719318631618
[2024-06-25T12:30:33.541+0000] {docker.py:436} INFO - 24/06/25 12:30:33 INFO Utils: Copying /opt/bitnami/spark/.ivy2/jars/org.spark-project.spark_unused-1.0.0.jar to /tmp/spark-e396981c-3321-404e-adec-d5e141c837ad/userFiles-08d9084c-ac5f-43fe-b06f-a5d63dd6a73c/org.spark-project.spark_unused-1.0.0.jar
[2024-06-25T12:30:33.545+0000] {docker.py:436} INFO - 24/06/25 12:30:33 INFO SparkContext: Added file file:///opt/bitnami/spark/.ivy2/jars/org.apache.hadoop_hadoop-client-runtime-3.3.2.jar at file:///opt/bitnami/spark/.ivy2/jars/org.apache.hadoop_hadoop-client-runtime-3.3.2.jar with timestamp 1719318631618
[2024-06-25T12:30:33.546+0000] {docker.py:436} INFO - 24/06/25 12:30:33 INFO Utils: Copying /opt/bitnami/spark/.ivy2/jars/org.apache.hadoop_hadoop-client-runtime-3.3.2.jar to /tmp/spark-e396981c-3321-404e-adec-d5e141c837ad/userFiles-08d9084c-ac5f-43fe-b06f-a5d63dd6a73c/org.apache.hadoop_hadoop-client-runtime-3.3.2.jar
[2024-06-25T12:30:33.592+0000] {docker.py:436} INFO - 24/06/25 12:30:33 INFO SparkContext: Added file file:///opt/bitnami/spark/.ivy2/jars/org.lz4_lz4-java-1.8.0.jar at file:///opt/bitnami/spark/.ivy2/jars/org.lz4_lz4-java-1.8.0.jar with timestamp 1719318631618
[2024-06-25T12:30:33.593+0000] {docker.py:436} INFO - 24/06/25 12:30:33 INFO Utils: Copying /opt/bitnami/spark/.ivy2/jars/org.lz4_lz4-java-1.8.0.jar to /tmp/spark-e396981c-3321-404e-adec-d5e141c837ad/userFiles-08d9084c-ac5f-43fe-b06f-a5d63dd6a73c/org.lz4_lz4-java-1.8.0.jar
[2024-06-25T12:30:33.597+0000] {docker.py:436} INFO - 24/06/25 12:30:33 INFO SparkContext: Added file file:///opt/bitnami/spark/.ivy2/jars/org.xerial.snappy_snappy-java-1.1.8.4.jar at file:///opt/bitnami/spark/.ivy2/jars/org.xerial.snappy_snappy-java-1.1.8.4.jar with timestamp 1719318631618
[2024-06-25T12:30:33.598+0000] {docker.py:436} INFO - 24/06/25 12:30:33 INFO Utils: Copying /opt/bitnami/spark/.ivy2/jars/org.xerial.snappy_snappy-java-1.1.8.4.jar to /tmp/spark-e396981c-3321-404e-adec-d5e141c837ad/userFiles-08d9084c-ac5f-43fe-b06f-a5d63dd6a73c/org.xerial.snappy_snappy-java-1.1.8.4.jar
[2024-06-25T12:30:33.605+0000] {docker.py:436} INFO - 24/06/25 12:30:33 INFO SparkContext: Added file file:///opt/bitnami/spark/.ivy2/jars/org.slf4j_slf4j-api-1.7.32.jar at file:///opt/bitnami/spark/.ivy2/jars/org.slf4j_slf4j-api-1.7.32.jar with timestamp 1719318631618
[2024-06-25T12:30:33.606+0000] {docker.py:436} INFO - 24/06/25 12:30:33 INFO Utils: Copying /opt/bitnami/spark/.ivy2/jars/org.slf4j_slf4j-api-1.7.32.jar to /tmp/spark-e396981c-3321-404e-adec-d5e141c837ad/userFiles-08d9084c-ac5f-43fe-b06f-a5d63dd6a73c/org.slf4j_slf4j-api-1.7.32.jar
[2024-06-25T12:30:33.611+0000] {docker.py:436} INFO - 24/06/25 12:30:33 INFO SparkContext: Added file file:///opt/bitnami/spark/.ivy2/jars/org.apache.hadoop_hadoop-client-api-3.3.2.jar at file:///opt/bitnami/spark/.ivy2/jars/org.apache.hadoop_hadoop-client-api-3.3.2.jar with timestamp 1719318631618
[2024-06-25T12:30:33.612+0000] {docker.py:436} INFO - 24/06/25 12:30:33 INFO Utils: Copying /opt/bitnami/spark/.ivy2/jars/org.apache.hadoop_hadoop-client-api-3.3.2.jar to /tmp/spark-e396981c-3321-404e-adec-d5e141c837ad/userFiles-08d9084c-ac5f-43fe-b06f-a5d63dd6a73c/org.apache.hadoop_hadoop-client-api-3.3.2.jar
[2024-06-25T12:30:33.635+0000] {docker.py:436} INFO - 24/06/25 12:30:33 INFO SparkContext: Added file file:///opt/bitnami/spark/.ivy2/jars/commons-logging_commons-logging-1.1.3.jar at file:///opt/bitnami/spark/.ivy2/jars/commons-logging_commons-logging-1.1.3.jar with timestamp 1719318631618
[2024-06-25T12:30:33.636+0000] {docker.py:436} INFO - 24/06/25 12:30:33 INFO Utils: Copying /opt/bitnami/spark/.ivy2/jars/commons-logging_commons-logging-1.1.3.jar to /tmp/spark-e396981c-3321-404e-adec-d5e141c837ad/userFiles-08d9084c-ac5f-43fe-b06f-a5d63dd6a73c/commons-logging_commons-logging-1.1.3.jar
[2024-06-25T12:30:33.753+0000] {docker.py:436} INFO - 24/06/25 12:30:33 INFO Executor: Starting executor ID driver on host localhost
[2024-06-25T12:30:33.754+0000] {docker.py:436} INFO - 24/06/25 12:30:33 INFO Executor: OS info Linux, 6.5.0-41-generic, amd64
[2024-06-25T12:30:33.755+0000] {docker.py:436} INFO - 24/06/25 12:30:33 INFO Executor: Java version 17.0.11
[2024-06-25T12:30:33.765+0000] {docker.py:436} INFO - 24/06/25 12:30:33 INFO Executor: Starting executor with user classpath (userClassPathFirst = false): ''
[2024-06-25T12:30:33.767+0000] {docker.py:436} INFO - 24/06/25 12:30:33 INFO Executor: Created or updated repl class loader org.apache.spark.util.MutableURLClassLoader@1ed70cc7 for default.
[2024-06-25T12:30:33.783+0000] {docker.py:436} INFO - 24/06/25 12:30:33 INFO Executor: Fetching file:///opt/bitnami/spark/.ivy2/jars/org.postgresql_postgresql-42.2.2.jar with timestamp 1719318631618
[2024-06-25T12:30:33.817+0000] {docker.py:436} INFO - 24/06/25 12:30:33 INFO Utils: /opt/bitnami/spark/.ivy2/jars/org.postgresql_postgresql-42.2.2.jar has been previously copied to /tmp/spark-e396981c-3321-404e-adec-d5e141c837ad/userFiles-08d9084c-ac5f-43fe-b06f-a5d63dd6a73c/org.postgresql_postgresql-42.2.2.jar
[2024-06-25T12:30:33.824+0000] {docker.py:436} INFO - 24/06/25 12:30:33 INFO Executor: Fetching file:///opt/bitnami/spark/.ivy2/jars/org.apache.hadoop_hadoop-client-api-3.3.2.jar with timestamp 1719318631618
[2024-06-25T12:30:33.851+0000] {docker.py:436} INFO - 24/06/25 12:30:33 INFO Utils: /opt/bitnami/spark/.ivy2/jars/org.apache.hadoop_hadoop-client-api-3.3.2.jar has been previously copied to /tmp/spark-e396981c-3321-404e-adec-d5e141c837ad/userFiles-08d9084c-ac5f-43fe-b06f-a5d63dd6a73c/org.apache.hadoop_hadoop-client-api-3.3.2.jar
[2024-06-25T12:30:33.856+0000] {docker.py:436} INFO - 24/06/25 12:30:33 INFO Executor: Fetching file:///opt/bitnami/spark/.ivy2/jars/org.xerial.snappy_snappy-java-1.1.8.4.jar with timestamp 1719318631618
[2024-06-25T12:30:33.861+0000] {docker.py:436} INFO - 24/06/25 12:30:33 INFO Utils: /opt/bitnami/spark/.ivy2/jars/org.xerial.snappy_snappy-java-1.1.8.4.jar has been previously copied to /tmp/spark-e396981c-3321-404e-adec-d5e141c837ad/userFiles-08d9084c-ac5f-43fe-b06f-a5d63dd6a73c/org.xerial.snappy_snappy-java-1.1.8.4.jar
[2024-06-25T12:30:33.868+0000] {docker.py:436} INFO - 24/06/25 12:30:33 INFO Executor: Fetching file:///opt/bitnami/spark/.ivy2/jars/org.apache.hadoop_hadoop-client-runtime-3.3.2.jar with timestamp 1719318631618
[2024-06-25T12:30:33.900+0000] {docker.py:436} INFO - 24/06/25 12:30:33 INFO Utils: /opt/bitnami/spark/.ivy2/jars/org.apache.hadoop_hadoop-client-runtime-3.3.2.jar has been previously copied to /tmp/spark-e396981c-3321-404e-adec-d5e141c837ad/userFiles-08d9084c-ac5f-43fe-b06f-a5d63dd6a73c/org.apache.hadoop_hadoop-client-runtime-3.3.2.jar
[2024-06-25T12:30:33.905+0000] {docker.py:436} INFO - 24/06/25 12:30:33 INFO Executor: Fetching file:///opt/bitnami/spark/.ivy2/jars/org.apache.commons_commons-pool2-2.11.1.jar with timestamp 1719318631618
[2024-06-25T12:30:33.905+0000] {docker.py:436} INFO - 24/06/25 12:30:33 INFO Utils: /opt/bitnami/spark/.ivy2/jars/org.apache.commons_commons-pool2-2.11.1.jar has been previously copied to /tmp/spark-e396981c-3321-404e-adec-d5e141c837ad/userFiles-08d9084c-ac5f-43fe-b06f-a5d63dd6a73c/org.apache.commons_commons-pool2-2.11.1.jar
[2024-06-25T12:30:33.909+0000] {docker.py:436} INFO - 24/06/25 12:30:33 INFO Executor: Fetching file:///opt/bitnami/spark/.ivy2/jars/org.apache.spark_spark-token-provider-kafka-0-10_2.12-3.3.0.jar with timestamp 1719318631618
[2024-06-25T12:30:33.910+0000] {docker.py:436} INFO - 24/06/25 12:30:33 INFO Utils: /opt/bitnami/spark/.ivy2/jars/org.apache.spark_spark-token-provider-kafka-0-10_2.12-3.3.0.jar has been previously copied to /tmp/spark-e396981c-3321-404e-adec-d5e141c837ad/userFiles-08d9084c-ac5f-43fe-b06f-a5d63dd6a73c/org.apache.spark_spark-token-provider-kafka-0-10_2.12-3.3.0.jar
[2024-06-25T12:30:33.914+0000] {docker.py:436} INFO - 24/06/25 12:30:33 INFO Executor: Fetching file:///opt/bitnami/spark/.ivy2/jars/org.slf4j_slf4j-api-1.7.32.jar with timestamp 1719318631618
[2024-06-25T12:30:33.915+0000] {docker.py:436} INFO - 24/06/25 12:30:33 INFO Utils: /opt/bitnami/spark/.ivy2/jars/org.slf4j_slf4j-api-1.7.32.jar has been previously copied to /tmp/spark-e396981c-3321-404e-adec-d5e141c837ad/userFiles-08d9084c-ac5f-43fe-b06f-a5d63dd6a73c/org.slf4j_slf4j-api-1.7.32.jar
[2024-06-25T12:30:33.918+0000] {docker.py:436} INFO - 24/06/25 12:30:33 INFO Executor: Fetching file:///opt/bitnami/spark/.ivy2/jars/org.apache.spark_spark-sql-kafka-0-10_2.12-3.3.0.jar with timestamp 1719318631618
[2024-06-25T12:30:33.919+0000] {docker.py:436} INFO - 24/06/25 12:30:33 INFO Utils: /opt/bitnami/spark/.ivy2/jars/org.apache.spark_spark-sql-kafka-0-10_2.12-3.3.0.jar has been previously copied to /tmp/spark-e396981c-3321-404e-adec-d5e141c837ad/userFiles-08d9084c-ac5f-43fe-b06f-a5d63dd6a73c/org.apache.spark_spark-sql-kafka-0-10_2.12-3.3.0.jar
[2024-06-25T12:30:33.923+0000] {docker.py:436} INFO - 24/06/25 12:30:33 INFO Executor: Fetching file:///opt/bitnami/spark/.ivy2/jars/com.google.code.findbugs_jsr305-3.0.0.jar with timestamp 1719318631618
[2024-06-25T12:30:33.924+0000] {docker.py:436} INFO - 24/06/25 12:30:33 INFO Utils: /opt/bitnami/spark/.ivy2/jars/com.google.code.findbugs_jsr305-3.0.0.jar has been previously copied to /tmp/spark-e396981c-3321-404e-adec-d5e141c837ad/userFiles-08d9084c-ac5f-43fe-b06f-a5d63dd6a73c/com.google.code.findbugs_jsr305-3.0.0.jar
[2024-06-25T12:30:33.928+0000] {docker.py:436} INFO - 24/06/25 12:30:33 INFO Executor: Fetching file:///opt/bitnami/spark/.ivy2/jars/org.lz4_lz4-java-1.8.0.jar with timestamp 1719318631618
[2024-06-25T12:30:33.930+0000] {docker.py:436} INFO - 24/06/25 12:30:33 INFO Utils: /opt/bitnami/spark/.ivy2/jars/org.lz4_lz4-java-1.8.0.jar has been previously copied to /tmp/spark-e396981c-3321-404e-adec-d5e141c837ad/userFiles-08d9084c-ac5f-43fe-b06f-a5d63dd6a73c/org.lz4_lz4-java-1.8.0.jar
[2024-06-25T12:30:33.934+0000] {docker.py:436} INFO - 24/06/25 12:30:33 INFO Executor: Fetching file:///opt/bitnami/spark/.ivy2/jars/commons-logging_commons-logging-1.1.3.jar with timestamp 1719318631618
[2024-06-25T12:30:33.937+0000] {docker.py:436} INFO - 24/06/25 12:30:33 INFO Utils: /opt/bitnami/spark/.ivy2/jars/commons-logging_commons-logging-1.1.3.jar has been previously copied to /tmp/spark-e396981c-3321-404e-adec-d5e141c837ad/userFiles-08d9084c-ac5f-43fe-b06f-a5d63dd6a73c/commons-logging_commons-logging-1.1.3.jar
[2024-06-25T12:30:33.940+0000] {docker.py:436} INFO - 24/06/25 12:30:33 INFO Executor: Fetching file:///opt/bitnami/spark/.ivy2/jars/org.spark-project.spark_unused-1.0.0.jar with timestamp 1719318631618
[2024-06-25T12:30:33.941+0000] {docker.py:436} INFO - 24/06/25 12:30:33 INFO Utils: /opt/bitnami/spark/.ivy2/jars/org.spark-project.spark_unused-1.0.0.jar has been previously copied to /tmp/spark-e396981c-3321-404e-adec-d5e141c837ad/userFiles-08d9084c-ac5f-43fe-b06f-a5d63dd6a73c/org.spark-project.spark_unused-1.0.0.jar
[2024-06-25T12:30:33.946+0000] {docker.py:436} INFO - 24/06/25 12:30:33 INFO Executor: Fetching file:///opt/bitnami/spark/.ivy2/jars/org.apache.kafka_kafka-clients-2.8.1.jar with timestamp 1719318631618
[2024-06-25T12:30:33.952+0000] {docker.py:436} INFO - 24/06/25 12:30:33 INFO Utils: /opt/bitnami/spark/.ivy2/jars/org.apache.kafka_kafka-clients-2.8.1.jar has been previously copied to /tmp/spark-e396981c-3321-404e-adec-d5e141c837ad/userFiles-08d9084c-ac5f-43fe-b06f-a5d63dd6a73c/org.apache.kafka_kafka-clients-2.8.1.jar
[2024-06-25T12:30:33.958+0000] {docker.py:436} INFO - 24/06/25 12:30:33 INFO Executor: Fetching spark://localhost:38965/jars/org.slf4j_slf4j-api-1.7.32.jar with timestamp 1719318631618
[2024-06-25T12:30:34.013+0000] {docker.py:436} INFO - 24/06/25 12:30:34 INFO TransportClientFactory: Successfully created connection to localhost/127.0.0.1:38965 after 36 ms (0 ms spent in bootstraps)
[2024-06-25T12:30:34.024+0000] {docker.py:436} INFO - 24/06/25 12:30:34 INFO Utils: Fetching spark://localhost:38965/jars/org.slf4j_slf4j-api-1.7.32.jar to /tmp/spark-e396981c-3321-404e-adec-d5e141c837ad/userFiles-08d9084c-ac5f-43fe-b06f-a5d63dd6a73c/fetchFileTemp4186017534161055347.tmp
[2024-06-25T12:30:34.055+0000] {docker.py:436} INFO - 24/06/25 12:30:34 INFO Utils: /tmp/spark-e396981c-3321-404e-adec-d5e141c837ad/userFiles-08d9084c-ac5f-43fe-b06f-a5d63dd6a73c/fetchFileTemp4186017534161055347.tmp has been previously copied to /tmp/spark-e396981c-3321-404e-adec-d5e141c837ad/userFiles-08d9084c-ac5f-43fe-b06f-a5d63dd6a73c/org.slf4j_slf4j-api-1.7.32.jar
[2024-06-25T12:30:34.059+0000] {docker.py:436} INFO - 24/06/25 12:30:34 INFO Executor: Adding file:/tmp/spark-e396981c-3321-404e-adec-d5e141c837ad/userFiles-08d9084c-ac5f-43fe-b06f-a5d63dd6a73c/org.slf4j_slf4j-api-1.7.32.jar to class loader default
[2024-06-25T12:30:34.060+0000] {docker.py:436} INFO - 24/06/25 12:30:34 INFO Executor: Fetching spark://localhost:38965/jars/org.apache.hadoop_hadoop-client-api-3.3.2.jar with timestamp 1719318631618
[2024-06-25T12:30:34.060+0000] {docker.py:436} INFO - 24/06/25 12:30:34 INFO Utils: Fetching spark://localhost:38965/jars/org.apache.hadoop_hadoop-client-api-3.3.2.jar to /tmp/spark-e396981c-3321-404e-adec-d5e141c837ad/userFiles-08d9084c-ac5f-43fe-b06f-a5d63dd6a73c/fetchFileTemp17252039206552136797.tmp
[2024-06-25T12:30:34.840+0000] {docker.py:436} INFO - 24/06/25 12:30:34 INFO Utils: /tmp/spark-e396981c-3321-404e-adec-d5e141c837ad/userFiles-08d9084c-ac5f-43fe-b06f-a5d63dd6a73c/fetchFileTemp17252039206552136797.tmp has been previously copied to /tmp/spark-e396981c-3321-404e-adec-d5e141c837ad/userFiles-08d9084c-ac5f-43fe-b06f-a5d63dd6a73c/org.apache.hadoop_hadoop-client-api-3.3.2.jar
[2024-06-25T12:30:34.846+0000] {docker.py:436} INFO - 24/06/25 12:30:34 INFO Executor: Adding file:/tmp/spark-e396981c-3321-404e-adec-d5e141c837ad/userFiles-08d9084c-ac5f-43fe-b06f-a5d63dd6a73c/org.apache.hadoop_hadoop-client-api-3.3.2.jar to class loader default
[2024-06-25T12:30:34.847+0000] {docker.py:436} INFO - 24/06/25 12:30:34 INFO Executor: Fetching spark://localhost:38965/jars/org.apache.commons_commons-pool2-2.11.1.jar with timestamp 1719318631618
[2024-06-25T12:30:34.848+0000] {docker.py:436} INFO - 24/06/25 12:30:34 INFO Utils: Fetching spark://localhost:38965/jars/org.apache.commons_commons-pool2-2.11.1.jar to /tmp/spark-e396981c-3321-404e-adec-d5e141c837ad/userFiles-08d9084c-ac5f-43fe-b06f-a5d63dd6a73c/fetchFileTemp9788983129559375534.tmp
[2024-06-25T12:30:34.850+0000] {docker.py:436} INFO - 24/06/25 12:30:34 INFO Utils: /tmp/spark-e396981c-3321-404e-adec-d5e141c837ad/userFiles-08d9084c-ac5f-43fe-b06f-a5d63dd6a73c/fetchFileTemp9788983129559375534.tmp has been previously copied to /tmp/spark-e396981c-3321-404e-adec-d5e141c837ad/userFiles-08d9084c-ac5f-43fe-b06f-a5d63dd6a73c/org.apache.commons_commons-pool2-2.11.1.jar
[2024-06-25T12:30:34.952+0000] {docker.py:436} INFO - 24/06/25 12:30:34 INFO Executor: Adding file:/tmp/spark-e396981c-3321-404e-adec-d5e141c837ad/userFiles-08d9084c-ac5f-43fe-b06f-a5d63dd6a73c/org.apache.commons_commons-pool2-2.11.1.jar to class loader default
[2024-06-25T12:30:34.954+0000] {docker.py:436} INFO - 24/06/25 12:30:34 INFO Executor: Fetching spark://localhost:38965/jars/org.apache.spark_spark-sql-kafka-0-10_2.12-3.3.0.jar with timestamp 1719318631618
24/06/25 12:30:34 INFO Utils: Fetching spark://localhost:38965/jars/org.apache.spark_spark-sql-kafka-0-10_2.12-3.3.0.jar to /tmp/spark-e396981c-3321-404e-adec-d5e141c837ad/userFiles-08d9084c-ac5f-43fe-b06f-a5d63dd6a73c/fetchFileTemp2567258781087151805.tmp
[2024-06-25T12:30:34.958+0000] {docker.py:436} INFO - 24/06/25 12:30:34 INFO Utils: /tmp/spark-e396981c-3321-404e-adec-d5e141c837ad/userFiles-08d9084c-ac5f-43fe-b06f-a5d63dd6a73c/fetchFileTemp2567258781087151805.tmp has been previously copied to /tmp/spark-e396981c-3321-404e-adec-d5e141c837ad/userFiles-08d9084c-ac5f-43fe-b06f-a5d63dd6a73c/org.apache.spark_spark-sql-kafka-0-10_2.12-3.3.0.jar
[2024-06-25T12:30:35.011+0000] {docker.py:436} INFO - 24/06/25 12:30:35 INFO Executor: Adding file:/tmp/spark-e396981c-3321-404e-adec-d5e141c837ad/userFiles-08d9084c-ac5f-43fe-b06f-a5d63dd6a73c/org.apache.spark_spark-sql-kafka-0-10_2.12-3.3.0.jar to class loader default
[2024-06-25T12:30:35.012+0000] {docker.py:436} INFO - 24/06/25 12:30:35 INFO Executor: Fetching spark://localhost:38965/jars/com.google.code.findbugs_jsr305-3.0.0.jar with timestamp 1719318631618
[2024-06-25T12:30:35.013+0000] {docker.py:436} INFO - 24/06/25 12:30:35 INFO Utils: Fetching spark://localhost:38965/jars/com.google.code.findbugs_jsr305-3.0.0.jar to /tmp/spark-e396981c-3321-404e-adec-d5e141c837ad/userFiles-08d9084c-ac5f-43fe-b06f-a5d63dd6a73c/fetchFileTemp9011538661632064015.tmp
[2024-06-25T12:30:35.015+0000] {docker.py:436} INFO - 24/06/25 12:30:35 INFO Utils: /tmp/spark-e396981c-3321-404e-adec-d5e141c837ad/userFiles-08d9084c-ac5f-43fe-b06f-a5d63dd6a73c/fetchFileTemp9011538661632064015.tmp has been previously copied to /tmp/spark-e396981c-3321-404e-adec-d5e141c837ad/userFiles-08d9084c-ac5f-43fe-b06f-a5d63dd6a73c/com.google.code.findbugs_jsr305-3.0.0.jar
[2024-06-25T12:30:35.032+0000] {docker.py:436} INFO - 24/06/25 12:30:35 INFO Executor: Adding file:/tmp/spark-e396981c-3321-404e-adec-d5e141c837ad/userFiles-08d9084c-ac5f-43fe-b06f-a5d63dd6a73c/com.google.code.findbugs_jsr305-3.0.0.jar to class loader default
[2024-06-25T12:30:35.035+0000] {docker.py:436} INFO - 24/06/25 12:30:35 INFO Executor: Fetching spark://localhost:38965/jars/org.postgresql_postgresql-42.2.2.jar with timestamp 1719318631618
[2024-06-25T12:30:35.037+0000] {docker.py:436} INFO - 24/06/25 12:30:35 INFO Utils: Fetching spark://localhost:38965/jars/org.postgresql_postgresql-42.2.2.jar to /tmp/spark-e396981c-3321-404e-adec-d5e141c837ad/userFiles-08d9084c-ac5f-43fe-b06f-a5d63dd6a73c/fetchFileTemp14119627212572452127.tmp
[2024-06-25T12:30:35.046+0000] {docker.py:436} INFO - 24/06/25 12:30:35 INFO Utils: /tmp/spark-e396981c-3321-404e-adec-d5e141c837ad/userFiles-08d9084c-ac5f-43fe-b06f-a5d63dd6a73c/fetchFileTemp14119627212572452127.tmp has been previously copied to /tmp/spark-e396981c-3321-404e-adec-d5e141c837ad/userFiles-08d9084c-ac5f-43fe-b06f-a5d63dd6a73c/org.postgresql_postgresql-42.2.2.jar
[2024-06-25T12:30:35.104+0000] {docker.py:436} INFO - 24/06/25 12:30:35 INFO Executor: Adding file:/tmp/spark-e396981c-3321-404e-adec-d5e141c837ad/userFiles-08d9084c-ac5f-43fe-b06f-a5d63dd6a73c/org.postgresql_postgresql-42.2.2.jar to class loader default
[2024-06-25T12:30:35.105+0000] {docker.py:436} INFO - 24/06/25 12:30:35 INFO Executor: Fetching spark://localhost:38965/jars/org.apache.kafka_kafka-clients-2.8.1.jar with timestamp 1719318631618
24/06/25 12:30:35 INFO Utils: Fetching spark://localhost:38965/jars/org.apache.kafka_kafka-clients-2.8.1.jar to /tmp/spark-e396981c-3321-404e-adec-d5e141c837ad/userFiles-08d9084c-ac5f-43fe-b06f-a5d63dd6a73c/fetchFileTemp6143646378726807011.tmp
[2024-06-25T12:30:35.128+0000] {docker.py:436} INFO - 24/06/25 12:30:35 INFO Utils: /tmp/spark-e396981c-3321-404e-adec-d5e141c837ad/userFiles-08d9084c-ac5f-43fe-b06f-a5d63dd6a73c/fetchFileTemp6143646378726807011.tmp has been previously copied to /tmp/spark-e396981c-3321-404e-adec-d5e141c837ad/userFiles-08d9084c-ac5f-43fe-b06f-a5d63dd6a73c/org.apache.kafka_kafka-clients-2.8.1.jar
[2024-06-25T12:30:35.188+0000] {docker.py:436} INFO - 24/06/25 12:30:35 INFO Executor: Adding file:/tmp/spark-e396981c-3321-404e-adec-d5e141c837ad/userFiles-08d9084c-ac5f-43fe-b06f-a5d63dd6a73c/org.apache.kafka_kafka-clients-2.8.1.jar to class loader default
[2024-06-25T12:30:35.189+0000] {docker.py:436} INFO - 24/06/25 12:30:35 INFO Executor: Fetching spark://localhost:38965/jars/org.xerial.snappy_snappy-java-1.1.8.4.jar with timestamp 1719318631618
[2024-06-25T12:30:35.190+0000] {docker.py:436} INFO - 24/06/25 12:30:35 INFO Utils: Fetching spark://localhost:38965/jars/org.xerial.snappy_snappy-java-1.1.8.4.jar to /tmp/spark-e396981c-3321-404e-adec-d5e141c837ad/userFiles-08d9084c-ac5f-43fe-b06f-a5d63dd6a73c/fetchFileTemp3017757354610667908.tmp
[2024-06-25T12:30:35.198+0000] {docker.py:436} INFO - 24/06/25 12:30:35 INFO Utils: /tmp/spark-e396981c-3321-404e-adec-d5e141c837ad/userFiles-08d9084c-ac5f-43fe-b06f-a5d63dd6a73c/fetchFileTemp3017757354610667908.tmp has been previously copied to /tmp/spark-e396981c-3321-404e-adec-d5e141c837ad/userFiles-08d9084c-ac5f-43fe-b06f-a5d63dd6a73c/org.xerial.snappy_snappy-java-1.1.8.4.jar
[2024-06-25T12:30:35.381+0000] {docker.py:436} INFO - 24/06/25 12:30:35 INFO Executor: Adding file:/tmp/spark-e396981c-3321-404e-adec-d5e141c837ad/userFiles-08d9084c-ac5f-43fe-b06f-a5d63dd6a73c/org.xerial.snappy_snappy-java-1.1.8.4.jar to class loader default
[2024-06-25T12:30:35.382+0000] {docker.py:436} INFO - 24/06/25 12:30:35 INFO Executor: Fetching spark://localhost:38965/jars/commons-logging_commons-logging-1.1.3.jar with timestamp 1719318631618
24/06/25 12:30:35 INFO Utils: Fetching spark://localhost:38965/jars/commons-logging_commons-logging-1.1.3.jar to /tmp/spark-e396981c-3321-404e-adec-d5e141c837ad/userFiles-08d9084c-ac5f-43fe-b06f-a5d63dd6a73c/fetchFileTemp16041840510447166813.tmp
[2024-06-25T12:30:35.386+0000] {docker.py:436} INFO - 24/06/25 12:30:35 INFO Utils: /tmp/spark-e396981c-3321-404e-adec-d5e141c837ad/userFiles-08d9084c-ac5f-43fe-b06f-a5d63dd6a73c/fetchFileTemp16041840510447166813.tmp has been previously copied to /tmp/spark-e396981c-3321-404e-adec-d5e141c837ad/userFiles-08d9084c-ac5f-43fe-b06f-a5d63dd6a73c/commons-logging_commons-logging-1.1.3.jar
[2024-06-25T12:30:35.458+0000] {docker.py:436} INFO - 24/06/25 12:30:35 INFO Executor: Adding file:/tmp/spark-e396981c-3321-404e-adec-d5e141c837ad/userFiles-08d9084c-ac5f-43fe-b06f-a5d63dd6a73c/commons-logging_commons-logging-1.1.3.jar to class loader default
[2024-06-25T12:30:35.459+0000] {docker.py:436} INFO - 24/06/25 12:30:35 INFO Executor: Fetching spark://localhost:38965/jars/org.apache.hadoop_hadoop-client-runtime-3.3.2.jar with timestamp 1719318631618
[2024-06-25T12:30:35.461+0000] {docker.py:436} INFO - 24/06/25 12:30:35 INFO Utils: Fetching spark://localhost:38965/jars/org.apache.hadoop_hadoop-client-runtime-3.3.2.jar to /tmp/spark-e396981c-3321-404e-adec-d5e141c837ad/userFiles-08d9084c-ac5f-43fe-b06f-a5d63dd6a73c/fetchFileTemp16901753438760954293.tmp
[2024-06-25T12:30:35.758+0000] {docker.py:436} INFO - 24/06/25 12:30:35 INFO Utils: /tmp/spark-e396981c-3321-404e-adec-d5e141c837ad/userFiles-08d9084c-ac5f-43fe-b06f-a5d63dd6a73c/fetchFileTemp16901753438760954293.tmp has been previously copied to /tmp/spark-e396981c-3321-404e-adec-d5e141c837ad/userFiles-08d9084c-ac5f-43fe-b06f-a5d63dd6a73c/org.apache.hadoop_hadoop-client-runtime-3.3.2.jar
[2024-06-25T12:30:35.767+0000] {docker.py:436} INFO - 24/06/25 12:30:35 INFO Executor: Adding file:/tmp/spark-e396981c-3321-404e-adec-d5e141c837ad/userFiles-08d9084c-ac5f-43fe-b06f-a5d63dd6a73c/org.apache.hadoop_hadoop-client-runtime-3.3.2.jar to class loader default
[2024-06-25T12:30:35.768+0000] {docker.py:436} INFO - 24/06/25 12:30:35 INFO Executor: Fetching spark://localhost:38965/jars/org.lz4_lz4-java-1.8.0.jar with timestamp 1719318631618
[2024-06-25T12:30:35.769+0000] {docker.py:436} INFO - 24/06/25 12:30:35 INFO Utils: Fetching spark://localhost:38965/jars/org.lz4_lz4-java-1.8.0.jar to /tmp/spark-e396981c-3321-404e-adec-d5e141c837ad/userFiles-08d9084c-ac5f-43fe-b06f-a5d63dd6a73c/fetchFileTemp14056370151706939115.tmp
[2024-06-25T12:30:35.772+0000] {docker.py:436} INFO - 24/06/25 12:30:35 INFO Utils: /tmp/spark-e396981c-3321-404e-adec-d5e141c837ad/userFiles-08d9084c-ac5f-43fe-b06f-a5d63dd6a73c/fetchFileTemp14056370151706939115.tmp has been previously copied to /tmp/spark-e396981c-3321-404e-adec-d5e141c837ad/userFiles-08d9084c-ac5f-43fe-b06f-a5d63dd6a73c/org.lz4_lz4-java-1.8.0.jar
[2024-06-25T12:30:35.776+0000] {docker.py:436} INFO - 24/06/25 12:30:35 INFO Executor: Adding file:/tmp/spark-e396981c-3321-404e-adec-d5e141c837ad/userFiles-08d9084c-ac5f-43fe-b06f-a5d63dd6a73c/org.lz4_lz4-java-1.8.0.jar to class loader default
[2024-06-25T12:30:35.776+0000] {docker.py:436} INFO - 24/06/25 12:30:35 INFO Executor: Fetching spark://localhost:38965/jars/org.spark-project.spark_unused-1.0.0.jar with timestamp 1719318631618
[2024-06-25T12:30:35.778+0000] {docker.py:436} INFO - 24/06/25 12:30:35 INFO Utils: Fetching spark://localhost:38965/jars/org.spark-project.spark_unused-1.0.0.jar to /tmp/spark-e396981c-3321-404e-adec-d5e141c837ad/userFiles-08d9084c-ac5f-43fe-b06f-a5d63dd6a73c/fetchFileTemp16958806004609792755.tmp
[2024-06-25T12:30:35.779+0000] {docker.py:436} INFO - 24/06/25 12:30:35 INFO Utils: /tmp/spark-e396981c-3321-404e-adec-d5e141c837ad/userFiles-08d9084c-ac5f-43fe-b06f-a5d63dd6a73c/fetchFileTemp16958806004609792755.tmp has been previously copied to /tmp/spark-e396981c-3321-404e-adec-d5e141c837ad/userFiles-08d9084c-ac5f-43fe-b06f-a5d63dd6a73c/org.spark-project.spark_unused-1.0.0.jar
[2024-06-25T12:30:35.783+0000] {docker.py:436} INFO - 24/06/25 12:30:35 INFO Executor: Adding file:/tmp/spark-e396981c-3321-404e-adec-d5e141c837ad/userFiles-08d9084c-ac5f-43fe-b06f-a5d63dd6a73c/org.spark-project.spark_unused-1.0.0.jar to class loader default
[2024-06-25T12:30:35.784+0000] {docker.py:436} INFO - 24/06/25 12:30:35 INFO Executor: Fetching spark://localhost:38965/jars/org.apache.spark_spark-token-provider-kafka-0-10_2.12-3.3.0.jar with timestamp 1719318631618
[2024-06-25T12:30:35.785+0000] {docker.py:436} INFO - 24/06/25 12:30:35 INFO Utils: Fetching spark://localhost:38965/jars/org.apache.spark_spark-token-provider-kafka-0-10_2.12-3.3.0.jar to /tmp/spark-e396981c-3321-404e-adec-d5e141c837ad/userFiles-08d9084c-ac5f-43fe-b06f-a5d63dd6a73c/fetchFileTemp11176843537384561096.tmp
[2024-06-25T12:30:35.787+0000] {docker.py:436} INFO - 24/06/25 12:30:35 INFO Utils: /tmp/spark-e396981c-3321-404e-adec-d5e141c837ad/userFiles-08d9084c-ac5f-43fe-b06f-a5d63dd6a73c/fetchFileTemp11176843537384561096.tmp has been previously copied to /tmp/spark-e396981c-3321-404e-adec-d5e141c837ad/userFiles-08d9084c-ac5f-43fe-b06f-a5d63dd6a73c/org.apache.spark_spark-token-provider-kafka-0-10_2.12-3.3.0.jar
[2024-06-25T12:30:35.790+0000] {docker.py:436} INFO - 24/06/25 12:30:35 INFO Executor: Adding file:/tmp/spark-e396981c-3321-404e-adec-d5e141c837ad/userFiles-08d9084c-ac5f-43fe-b06f-a5d63dd6a73c/org.apache.spark_spark-token-provider-kafka-0-10_2.12-3.3.0.jar to class loader default
[2024-06-25T12:30:35.804+0000] {docker.py:436} INFO - 24/06/25 12:30:35 INFO Utils: Successfully started service 'org.apache.spark.network.netty.NettyBlockTransferService' on port 45999.
[2024-06-25T12:30:35.804+0000] {docker.py:436} INFO - 24/06/25 12:30:35 INFO NettyBlockTransferService: Server created on localhost:45999
[2024-06-25T12:30:35.806+0000] {docker.py:436} INFO - 24/06/25 12:30:35 INFO BlockManager: Using org.apache.spark.storage.RandomBlockReplicationPolicy for block replication policy
[2024-06-25T12:30:35.824+0000] {docker.py:436} INFO - 24/06/25 12:30:35 INFO BlockManagerMaster: Registering BlockManager BlockManagerId(driver, localhost, 45999, None)
[2024-06-25T12:30:35.831+0000] {docker.py:436} INFO - 24/06/25 12:30:35 INFO BlockManagerMasterEndpoint: Registering block manager localhost:45999 with 434.4 MiB RAM, BlockManagerId(driver, localhost, 45999, None)
[2024-06-25T12:30:35.839+0000] {docker.py:436} INFO - 24/06/25 12:30:35 INFO BlockManagerMaster: Registered BlockManager BlockManagerId(driver, localhost, 45999, None)
[2024-06-25T12:30:35.842+0000] {docker.py:436} INFO - 24/06/25 12:30:35 INFO BlockManager: Initialized BlockManager: BlockManagerId(driver, localhost, 45999, None)
[2024-06-25T12:30:36.434+0000] {docker.py:436} INFO - 2024-06-25 12:30:36,433:create_spark_session:INFO:Spark session created successfully
[2024-06-25T12:30:36.442+0000] {docker.py:436} INFO - 24/06/25 12:30:36 INFO SharedState: Setting hive.metastore.warehouse.dir ('null') to the value of spark.sql.warehouse.dir.
[2024-06-25T12:30:36.445+0000] {docker.py:436} INFO - 24/06/25 12:30:36 INFO SharedState: Warehouse path is 'file:/opt/bitnami/spark/spark-warehouse'.
[2024-06-25T12:30:38.711+0000] {docker.py:436} INFO - 2024-06-25 12:30:38,710:create_initial_dataframe:INFO:Initial dataframe created successfully: {df.show()}
[2024-06-25T12:30:38.712+0000] {docker.py:436} INFO - StructType([StructField('item_purchased', StringType(), True), StructField('date_of_purchase', DateType(), True), StructField('cost', FloatType(), True), StructField('quantity', IntegerType(), True), StructField('purchased_by', StringType(), True), StructField('payment_method', StringType(), True)])
[2024-06-25T12:30:39.414+0000] {docker.py:436} INFO - Traceback (most recent call last):
  File "/opt/bitnami/spark/scripts/spark_bronze_layer.py", line 95, in <module>
[2024-06-25T12:30:39.416+0000] {docker.py:436} INFO - write_to_postgres()
  File "/opt/bitnami/spark/scripts/spark_bronze_layer.py", line 91, in write_to_postgres
    start_streaming(final_df)
  File "/opt/bitnami/spark/scripts/spark_bronze_layer.py", line 85, in start_streaming
    df_parsed.write.jdbc(url=url, table="bronze_grocery_purchase", mode="overwrite", properties=POSTGRES_PROPERTIES)  
    ^^^^^^^^^^^^^^^
  File "/opt/bitnami/spark/python/lib/pyspark.zip/pyspark/sql/dataframe.py", line 509, in write
  File "/opt/bitnami/spark/python/lib/pyspark.zip/pyspark/sql/readwriter.py", line 964, in __init__
[2024-06-25T12:30:39.419+0000] {docker.py:436} INFO - File "/opt/bitnami/spark/python/lib/py4j-0.10.9.7-src.zip/py4j/java_gateway.py", line 1322, in __call__
  File "/opt/bitnami/spark/python/lib/pyspark.zip/pyspark/errors/exceptions/captured.py", line 185, in deco
pyspark.errors.exceptions.captured.AnalysisException
[2024-06-25T12:30:39.432+0000] {docker.py:436} INFO - : [CALL_ON_STREAMING_DATASET_UNSUPPORTED] The method `write` can not be called on streaming Dataset/DataFrame.
2024-06-25 12:30:39,431:close:INFO:Closing down clientserver connection
[2024-06-25T12:30:39.510+0000] {docker.py:436} INFO - 24/06/25 12:30:39 INFO SparkContext: Invoking stop() from shutdown hook
[2024-06-25T12:30:39.510+0000] {docker.py:436} INFO - 24/06/25 12:30:39 INFO SparkContext: SparkContext is stopping with exitCode 0.
[2024-06-25T12:30:39.535+0000] {docker.py:436} INFO - 24/06/25 12:30:39 INFO SparkUI: Stopped Spark web UI at http://localhost:4040
[2024-06-25T12:30:39.585+0000] {docker.py:436} INFO - 24/06/25 12:30:39 INFO MapOutputTrackerMasterEndpoint: MapOutputTrackerMasterEndpoint stopped!
[2024-06-25T12:30:39.603+0000] {docker.py:436} INFO - 24/06/25 12:30:39 INFO MemoryStore: MemoryStore cleared
[2024-06-25T12:30:39.606+0000] {docker.py:436} INFO - 24/06/25 12:30:39 INFO BlockManager: BlockManager stopped
[2024-06-25T12:30:39.625+0000] {docker.py:436} INFO - 24/06/25 12:30:39 INFO BlockManagerMaster: BlockManagerMaster stopped
[2024-06-25T12:30:39.629+0000] {docker.py:436} INFO - 24/06/25 12:30:39 INFO OutputCommitCoordinator$OutputCommitCoordinatorEndpoint: OutputCommitCoordinator stopped!
[2024-06-25T12:30:39.658+0000] {docker.py:436} INFO - 24/06/25 12:30:39 INFO SparkContext: Successfully stopped SparkContext
[2024-06-25T12:30:39.659+0000] {docker.py:436} INFO - 24/06/25 12:30:39 INFO ShutdownHookManager: Shutdown hook called
[2024-06-25T12:30:39.660+0000] {docker.py:436} INFO - 24/06/25 12:30:39 INFO ShutdownHookManager: Deleting directory /tmp/spark-e396981c-3321-404e-adec-d5e141c837ad
[2024-06-25T12:30:39.664+0000] {docker.py:436} INFO - 24/06/25 12:30:39 INFO ShutdownHookManager: Deleting directory /tmp/spark-5ba67b63-b4b8-4025-8652-075d4047a256
[2024-06-25T12:30:39.668+0000] {docker.py:436} INFO - 24/06/25 12:30:39 INFO ShutdownHookManager: Deleting directory /tmp/spark-e396981c-3321-404e-adec-d5e141c837ad/pyspark-5f21d2f2-a4f1-4e9b-86fc-11c8fb8d7bd5
[2024-06-25T12:30:39.970+0000] {taskinstance.py:441} INFO - ::group::Post task execution logs
[2024-06-25T12:30:39.980+0000] {taskinstance.py:2905} ERROR - Task failed with exception
Traceback (most recent call last):
  File "/home/airflow/.local/lib/python3.12/site-packages/docker/api/client.py", line 265, in _raise_for_status
    response.raise_for_status()
  File "/home/airflow/.local/lib/python3.12/site-packages/requests/models.py", line 1021, in raise_for_status
    raise HTTPError(http_error_msg, response=self)
requests.exceptions.HTTPError: 400 Client Error: Bad Request for url: http://docker-proxy:2375/v1.45/containers/create

The above exception was the direct cause of the following exception:

Traceback (most recent call last):
  File "/home/airflow/.local/lib/python3.12/site-packages/airflow/providers/docker/operators/docker.py", line 371, in _run_image
    return self._run_image_with_mounts([*self.mounts, tmp_mount], add_tmp_variable=True)
           ^^^^^^^^^^^^^^^^^^^^^^^^^^^^^^^^^^^^^^^^^^^^^^^^^^^^^^^^^^^^^^^^^^^^^^^^^^^^^
  File "/home/airflow/.local/lib/python3.12/site-packages/airflow/providers/docker/operators/docker.py", line 398, in _run_image_with_mounts
    self.container = self.cli.create_container(
                     ^^^^^^^^^^^^^^^^^^^^^^^^^^
  File "/home/airflow/.local/lib/python3.12/site-packages/docker/api/container.py", line 439, in create_container
    return self.create_container_from_config(config, name, platform)
           ^^^^^^^^^^^^^^^^^^^^^^^^^^^^^^^^^^^^^^^^^^^^^^^^^^^^^^^^^
  File "/home/airflow/.local/lib/python3.12/site-packages/docker/api/container.py", line 456, in create_container_from_config
    return self._result(res, True)
           ^^^^^^^^^^^^^^^^^^^^^^^
  File "/home/airflow/.local/lib/python3.12/site-packages/docker/api/client.py", line 271, in _result
    self._raise_for_status(response)
  File "/home/airflow/.local/lib/python3.12/site-packages/docker/api/client.py", line 267, in _raise_for_status
    raise create_api_error_from_http_exception(e) from e
          ^^^^^^^^^^^^^^^^^^^^^^^^^^^^^^^^^^^^^^^
  File "/home/airflow/.local/lib/python3.12/site-packages/docker/errors.py", line 39, in create_api_error_from_http_exception
    raise cls(e, response=response, explanation=explanation) from e
docker.errors.APIError: 400 Client Error for http://docker-proxy:2375/v1.45/containers/create: Bad Request ("invalid mount config for type "bind": bind source path does not exist: /tmp/airflowtmpe0s_bfn_")

During handling of the above exception, another exception occurred:

Traceback (most recent call last):
  File "/home/airflow/.local/lib/python3.12/site-packages/airflow/models/taskinstance.py", line 465, in _execute_task
    result = _execute_callable(context=context, **execute_callable_kwargs)
             ^^^^^^^^^^^^^^^^^^^^^^^^^^^^^^^^^^^^^^^^^^^^^^^^^^^^^^^^^^^^^
  File "/home/airflow/.local/lib/python3.12/site-packages/airflow/models/taskinstance.py", line 432, in _execute_callable
    return execute_callable(context=context, **execute_callable_kwargs)
           ^^^^^^^^^^^^^^^^^^^^^^^^^^^^^^^^^^^^^^^^^^^^^^^^^^^^^^^^^^^^
  File "/home/airflow/.local/lib/python3.12/site-packages/airflow/models/baseoperator.py", line 400, in wrapper
    return func(self, *args, **kwargs)
           ^^^^^^^^^^^^^^^^^^^^^^^^^^^
  File "/home/airflow/.local/lib/python3.12/site-packages/airflow/providers/docker/operators/docker.py", line 509, in execute
    return self._run_image()
           ^^^^^^^^^^^^^^^^^
  File "/home/airflow/.local/lib/python3.12/site-packages/airflow/providers/docker/operators/docker.py", line 380, in _run_image
    return self._run_image_with_mounts(self.mounts, add_tmp_variable=False)
           ^^^^^^^^^^^^^^^^^^^^^^^^^^^^^^^^^^^^^^^^^^^^^^^^^^^^^^^^^^^^^^^^
  File "/home/airflow/.local/lib/python3.12/site-packages/airflow/providers/docker/operators/docker.py", line 444, in _run_image_with_mounts
    raise DockerContainerFailedException(f"Docker container failed: {result!r}", logs=log_lines)
airflow.providers.docker.exceptions.DockerContainerFailedException: Docker container failed: {'StatusCode': 1}
[2024-06-25T12:30:39.987+0000] {taskinstance.py:1206} INFO - Marking task as FAILED. dag_id=Stage_1, task_id=run_bronze_job, run_id=manual__2024-06-25T12:30:05.883555+00:00, execution_date=20240625T123005, start_date=20240625T123011, end_date=20240625T123039
[2024-06-25T12:30:40.002+0000] {standard_task_runner.py:110} ERROR - Failed to execute job 114 for task run_bronze_job (Docker container failed: {'StatusCode': 1}; 1602)
[2024-06-25T12:30:40.019+0000] {local_task_job_runner.py:240} INFO - Task exited with return code 1
[2024-06-25T12:30:40.037+0000] {taskinstance.py:3498} INFO - 0 downstream tasks scheduled from follow-on schedule check
[2024-06-25T12:30:40.039+0000] {local_task_job_runner.py:222} INFO - ::endgroup::
