[2024-06-25T08:06:41.940+0000] {local_task_job_runner.py:120} INFO - ::group::Pre task execution logs
[2024-06-25T08:06:41.975+0000] {taskinstance.py:2076} INFO - Dependencies all met for dep_context=non-requeueable deps ti=<TaskInstance: Stage_1.kafka_producer manual__2024-06-25T08:06:39.601638+00:00 [queued]>
[2024-06-25T08:06:41.985+0000] {taskinstance.py:2076} INFO - Dependencies all met for dep_context=requeueable deps ti=<TaskInstance: Stage_1.kafka_producer manual__2024-06-25T08:06:39.601638+00:00 [queued]>
[2024-06-25T08:06:41.985+0000] {taskinstance.py:2306} INFO - Starting attempt 1 of 1
[2024-06-25T08:06:41.999+0000] {taskinstance.py:2330} INFO - Executing <Task(PythonOperator): kafka_producer> on 2024-06-25 08:06:39.601638+00:00
[2024-06-25T08:06:42.007+0000] {logging_mixin.py:188} WARNING - /home/***/.local/lib/python3.12/site-packages/***/task/task_runner/standard_task_runner.py:61 DeprecationWarning: This process (pid=458) is multi-threaded, use of fork() may lead to deadlocks in the child.
[2024-06-25T08:06:42.008+0000] {standard_task_runner.py:63} INFO - Started process 459 to run task
[2024-06-25T08:06:42.007+0000] {standard_task_runner.py:90} INFO - Running: ['***', 'tasks', 'run', 'Stage_1', 'kafka_producer', 'manual__2024-06-25T08:06:39.601638+00:00', '--job-id', '19', '--raw', '--subdir', 'DAGS_FOLDER/kafka_dag.py', '--cfg-path', '/tmp/tmp9wexupwn']
[2024-06-25T08:06:42.009+0000] {standard_task_runner.py:91} INFO - Job 19: Subtask kafka_producer
[2024-06-25T08:06:42.022+0000] {logging_mixin.py:188} WARNING - /home/***/.local/lib/python3.12/site-packages/***/settings.py:195 DeprecationWarning: The sql_alchemy_conn option in [core] has been moved to the sql_alchemy_conn option in [database] - the old setting has been used, but please update your config.
[2024-06-25T08:06:42.053+0000] {task_command.py:426} INFO - Running <TaskInstance: Stage_1.kafka_producer manual__2024-06-25T08:06:39.601638+00:00 [running]> on host ec73b68e126f
[2024-06-25T08:06:42.149+0000] {taskinstance.py:2648} INFO - Exporting env vars: AIRFLOW_CTX_DAG_OWNER='***' AIRFLOW_CTX_DAG_ID='Stage_1' AIRFLOW_CTX_TASK_ID='kafka_producer' AIRFLOW_CTX_EXECUTION_DATE='2024-06-25T08:06:39.601638+00:00' AIRFLOW_CTX_TRY_NUMBER='1' AIRFLOW_CTX_DAG_RUN_ID='manual__2024-06-25T08:06:39.601638+00:00'
[2024-06-25T08:06:42.151+0000] {taskinstance.py:430} INFO - ::endgroup::
[2024-06-25T08:06:42.164+0000] {logging_mixin.py:188} INFO - Files and directories in '/opt/***/':
[2024-06-25T08:06:42.165+0000] {logging_mixin.py:188} INFO - logs
[2024-06-25T08:06:42.165+0000] {logging_mixin.py:188} INFO - dags
[2024-06-25T08:06:42.165+0000] {logging_mixin.py:188} INFO - ***.cfg
[2024-06-25T08:06:42.166+0000] {logging_mixin.py:188} INFO - src
[2024-06-25T08:06:42.166+0000] {logging_mixin.py:188} INFO - plugins
[2024-06-25T08:06:42.168+0000] {conn.py:380} INFO - <BrokerConnection node_id=bootstrap-0 host=kafka:9092 <connecting> [IPv4 ('172.18.0.2', 9092)]>: connecting to kafka:9092 [('172.18.0.2', 9092) IPv4]
[2024-06-25T08:06:42.168+0000] {conn.py:1206} INFO - Probing node bootstrap-0 broker version
[2024-06-25T08:06:42.169+0000] {conn.py:410} INFO - <BrokerConnection node_id=bootstrap-0 host=kafka:9092 <connecting> [IPv4 ('172.18.0.2', 9092)]>: Connection complete.
[2024-06-25T08:06:42.272+0000] {conn.py:1268} INFO - Broker version identified as 2.6.0
[2024-06-25T08:06:42.272+0000] {conn.py:1269} INFO - Set configuration api_version=(2, 6, 0) to skip auto check_version requests on startup
[2024-06-25T08:06:42.274+0000] {kafka.py:486} INFO - Closing the Kafka producer with 9223372036.0 secs timeout.
[2024-06-25T08:06:42.276+0000] {conn.py:919} INFO - <BrokerConnection node_id=bootstrap-0 host=kafka:9092 <connected> [IPv4 ('172.18.0.2', 9092)]>: Closing connection. 
[2024-06-25T08:06:42.277+0000] {python.py:237} INFO - Done. Returned value was: None
[2024-06-25T08:06:42.277+0000] {taskinstance.py:441} INFO - ::group::Post task execution logs
[2024-06-25T08:06:42.285+0000] {taskinstance.py:1206} INFO - Marking task as SUCCESS. dag_id=Stage_1, task_id=kafka_producer, run_id=manual__2024-06-25T08:06:39.601638+00:00, execution_date=20240625T080639, start_date=20240625T080641, end_date=20240625T080642
[2024-06-25T08:06:42.302+0000] {local_task_job_runner.py:240} INFO - Task exited with return code 0
[2024-06-25T08:06:42.329+0000] {taskinstance.py:3498} INFO - 1 downstream tasks scheduled from follow-on schedule check
[2024-06-25T08:06:42.331+0000] {local_task_job_runner.py:222} INFO - ::endgroup::
