[2024-07-02T11:24:40.477+0000] {local_task_job_runner.py:120} INFO - ::group::Pre task execution logs
[2024-07-02T11:24:40.521+0000] {taskinstance.py:2076} INFO - Dependencies all met for dep_context=non-requeueable deps ti=<TaskInstance: purchase_dag.run_pyspark_job manual__2024-07-02T11:24:34.417194+00:00 [queued]>
[2024-07-02T11:24:40.532+0000] {taskinstance.py:2076} INFO - Dependencies all met for dep_context=requeueable deps ti=<TaskInstance: purchase_dag.run_pyspark_job manual__2024-07-02T11:24:34.417194+00:00 [queued]>
[2024-07-02T11:24:40.532+0000] {taskinstance.py:2306} INFO - Starting attempt 1 of 1
[2024-07-02T11:24:40.547+0000] {taskinstance.py:2330} INFO - Executing <Task(DockerOperator): run_pyspark_job> on 2024-07-02 11:24:34.417194+00:00
[2024-07-02T11:24:40.555+0000] {logging_mixin.py:188} WARNING - /home/***/.local/lib/python3.12/site-packages/***/task/task_runner/standard_task_runner.py:61 DeprecationWarning: This process (pid=584) is multi-threaded, use of fork() may lead to deadlocks in the child.
[2024-07-02T11:24:40.556+0000] {standard_task_runner.py:63} INFO - Started process 590 to run task
[2024-07-02T11:24:40.555+0000] {standard_task_runner.py:90} INFO - Running: ['***', 'tasks', 'run', 'purchase_dag', 'run_pyspark_job', 'manual__2024-07-02T11:24:34.417194+00:00', '--job-id', '37', '--raw', '--subdir', 'DAGS_FOLDER/purchase_dag.py', '--cfg-path', '/tmp/tmpw_yqsobr']
[2024-07-02T11:24:40.557+0000] {standard_task_runner.py:91} INFO - Job 37: Subtask run_pyspark_job
[2024-07-02T11:24:40.571+0000] {logging_mixin.py:188} WARNING - /home/***/.local/lib/python3.12/site-packages/***/settings.py:195 DeprecationWarning: The sql_alchemy_conn option in [core] has been moved to the sql_alchemy_conn option in [database] - the old setting has been used, but please update your config.
[2024-07-02T11:24:40.602+0000] {task_command.py:426} INFO - Running <TaskInstance: purchase_dag.run_pyspark_job manual__2024-07-02T11:24:34.417194+00:00 [running]> on host 1bb3b4acd47e
[2024-07-02T11:24:40.694+0000] {taskinstance.py:2648} INFO - Exporting env vars: AIRFLOW_CTX_DAG_OWNER='***' AIRFLOW_CTX_DAG_ID='purchase_dag' AIRFLOW_CTX_TASK_ID='run_pyspark_job' AIRFLOW_CTX_EXECUTION_DATE='2024-07-02T11:24:34.417194+00:00' AIRFLOW_CTX_TRY_NUMBER='1' AIRFLOW_CTX_DAG_RUN_ID='manual__2024-07-02T11:24:34.417194+00:00'
[2024-07-02T11:24:40.695+0000] {taskinstance.py:430} INFO - ::endgroup::
[2024-07-02T11:24:40.728+0000] {docker.py:366} INFO - Starting docker container from image bitnami/spark:latest
[2024-07-02T11:24:40.733+0000] {docker.py:374} WARNING - Using remote engine or docker-in-docker and mounting temporary volume from host is not supported. Falling back to `mount_tmp_dir=False` mode. You can set `mount_tmp_dir` parameter to False to disable mounting and remove the warning
[2024-07-02T11:24:41.122+0000] {docker.py:436} INFO - [38;5;6mspark [38;5;5m11:24:41.12 [0m[38;5;2mINFO [0m ==>
[2024-07-02T11:24:41.124+0000] {docker.py:436} INFO - [38;5;6mspark [38;5;5m11:24:41.12 [0m[38;5;2mINFO [0m ==> [1mWelcome to the Bitnami spark container[0m
[2024-07-02T11:24:41.125+0000] {docker.py:436} INFO - [38;5;6mspark [38;5;5m11:24:41.12 [0m[38;5;2mINFO [0m ==> Subscribe to project updates by watching [1mhttps://github.com/bitnami/containers[0m
[2024-07-02T11:24:41.127+0000] {docker.py:436} INFO - [38;5;6mspark [38;5;5m11:24:41.12 [0m[38;5;2mINFO [0m ==> Submit issues and feature requests at [1mhttps://github.com/bitnami/containers/issues[0m
[2024-07-02T11:24:41.128+0000] {docker.py:436} INFO - [38;5;6mspark [38;5;5m11:24:41.12 [0m[38;5;2mINFO [0m ==> Upgrade to Tanzu Application Catalog for production environments to access custom-configured and pre-packaged software components. Gain enhanced features, including Software Bill of Materials (SBOM), CVE scan result reports, and VEX documents. To learn more, visit [1mhttps://bitnami.com/enterprise[0m
[2024-07-02T11:24:41.130+0000] {docker.py:436} INFO - [38;5;6mspark [38;5;5m11:24:41.12 [0m[38;5;2mINFO [0m ==>
[2024-07-02T11:24:41.137+0000] {docker.py:436} INFO - 
[2024-07-02T11:24:42.984+0000] {docker.py:436} INFO - :: loading settings :: url = jar:file:/opt/bitnami/spark/jars/ivy-2.5.1.jar!/org/apache/ivy/core/settings/ivysettings.xml
[2024-07-02T11:24:43.059+0000] {docker.py:436} INFO - Ivy Default Cache set to: /opt/bitnami/spark/.ivy2/cache
The jars for the packages stored in: /opt/bitnami/spark/.ivy2/jars
[2024-07-02T11:24:43.065+0000] {docker.py:436} INFO - org.postgresql#postgresql added as a dependency
org.apache.spark#spark-sql-kafka-0-10_2.12 added as a dependency
[2024-07-02T11:24:43.066+0000] {docker.py:436} INFO - :: resolving dependencies :: org.apache.spark#spark-submit-parent-56ef01ab-e83d-45df-9bd3-6540a1b2606d;1.0
	confs: [default]
[2024-07-02T11:24:43.569+0000] {docker.py:436} INFO - found org.postgresql#postgresql;42.5.4 in central
[2024-07-02T11:24:43.624+0000] {docker.py:436} INFO - found org.checkerframework#checker-qual;3.5.0 in central
[2024-07-02T11:24:44.847+0000] {docker.py:436} INFO - found org.apache.spark#spark-sql-kafka-0-10_2.12;3.5.0 in central
[2024-07-02T11:24:45.151+0000] {docker.py:436} INFO - found org.apache.spark#spark-token-provider-kafka-0-10_2.12;3.5.0 in central
[2024-07-02T11:24:45.218+0000] {docker.py:436} INFO - found org.apache.kafka#kafka-clients;3.4.1 in central
[2024-07-02T11:24:45.269+0000] {docker.py:436} INFO - found org.lz4#lz4-java;1.8.0 in central
[2024-07-02T11:24:45.320+0000] {docker.py:436} INFO - found org.xerial.snappy#snappy-java;1.1.10.3 in central
[2024-07-02T11:24:45.616+0000] {docker.py:436} INFO - found org.slf4j#slf4j-api;2.0.7 in central
[2024-07-02T11:24:46.641+0000] {docker.py:436} INFO - found org.apache.hadoop#hadoop-client-runtime;3.3.4 in central
[2024-07-02T11:24:46.769+0000] {docker.py:436} INFO - found org.apache.hadoop#hadoop-client-api;3.3.4 in central
[2024-07-02T11:24:46.966+0000] {docker.py:436} INFO - found commons-logging#commons-logging;1.1.3 in central
[2024-07-02T11:24:47.008+0000] {docker.py:436} INFO - found com.google.code.findbugs#jsr305;3.0.0 in central
[2024-07-02T11:24:47.911+0000] {docker.py:436} INFO - found org.apache.commons#commons-pool2;2.11.1 in central
[2024-07-02T11:24:47.935+0000] {docker.py:436} INFO - downloading https://repo1.maven.org/maven2/org/postgresql/postgresql/42.5.4/postgresql-42.5.4.jar ...
[2024-07-02T11:24:48.069+0000] {docker.py:436} INFO - [SUCCESSFUL ] org.postgresql#postgresql;42.5.4!postgresql.jar (143ms)
[2024-07-02T11:24:48.081+0000] {docker.py:436} INFO - downloading https://repo1.maven.org/maven2/org/apache/spark/spark-sql-kafka-0-10_2.12/3.5.0/spark-sql-kafka-0-10_2.12-3.5.0.jar ...
[2024-07-02T11:24:48.143+0000] {docker.py:436} INFO - [SUCCESSFUL ] org.apache.spark#spark-sql-kafka-0-10_2.12;3.5.0!spark-sql-kafka-0-10_2.12.jar (72ms)
[2024-07-02T11:24:48.154+0000] {docker.py:436} INFO - downloading https://repo1.maven.org/maven2/org/checkerframework/checker-qual/3.5.0/checker-qual-3.5.0.jar ...
[2024-07-02T11:24:48.186+0000] {docker.py:436} INFO - [SUCCESSFUL ] org.checkerframework#checker-qual;3.5.0!checker-qual.jar (43ms)
[2024-07-02T11:24:48.197+0000] {docker.py:436} INFO - downloading https://repo1.maven.org/maven2/org/apache/spark/spark-token-provider-kafka-0-10_2.12/3.5.0/spark-token-provider-kafka-0-10_2.12-3.5.0.jar ...
[2024-07-02T11:24:48.216+0000] {docker.py:436} INFO - [SUCCESSFUL ] org.apache.spark#spark-token-provider-kafka-0-10_2.12;3.5.0!spark-token-provider-kafka-0-10_2.12.jar (28ms)
[2024-07-02T11:24:48.236+0000] {docker.py:436} INFO - downloading https://repo1.maven.org/maven2/org/apache/kafka/kafka-clients/3.4.1/kafka-clients-3.4.1.jar ...
[2024-07-02T11:24:48.751+0000] {docker.py:436} INFO - [SUCCESSFUL ] org.apache.kafka#kafka-clients;3.4.1!kafka-clients.jar (534ms)
[2024-07-02T11:24:48.761+0000] {docker.py:436} INFO - downloading https://repo1.maven.org/maven2/com/google/code/findbugs/jsr305/3.0.0/jsr305-3.0.0.jar ...
[2024-07-02T11:24:48.776+0000] {docker.py:436} INFO - [SUCCESSFUL ] com.google.code.findbugs#jsr305;3.0.0!jsr305.jar (24ms)
[2024-07-02T11:24:48.790+0000] {docker.py:436} INFO - downloading https://repo1.maven.org/maven2/org/apache/commons/commons-pool2/2.11.1/commons-pool2-2.11.1.jar ...
[2024-07-02T11:24:48.812+0000] {docker.py:436} INFO - [SUCCESSFUL ] org.apache.commons#commons-pool2;2.11.1!commons-pool2.jar (34ms)
[2024-07-02T11:24:48.929+0000] {docker.py:436} INFO - downloading https://repo1.maven.org/maven2/org/apache/hadoop/hadoop-client-runtime/3.3.4/hadoop-client-runtime-3.3.4.jar ...
[2024-07-02T11:24:52.046+0000] {docker.py:436} INFO - [SUCCESSFUL ] org.apache.hadoop#hadoop-client-runtime;3.3.4!hadoop-client-runtime.jar (3233ms)
[2024-07-02T11:24:52.060+0000] {docker.py:436} INFO - downloading https://repo1.maven.org/maven2/org/lz4/lz4-java/1.8.0/lz4-java-1.8.0.jar ...
[2024-07-02T11:24:52.154+0000] {docker.py:436} INFO - [SUCCESSFUL ] org.lz4#lz4-java;1.8.0!lz4-java.jar (107ms)
[2024-07-02T11:24:52.172+0000] {docker.py:436} INFO - downloading https://repo1.maven.org/maven2/org/xerial/snappy/snappy-java/1.1.10.3/snappy-java-1.1.10.3.jar ...
[2024-07-02T11:24:52.385+0000] {docker.py:436} INFO - [SUCCESSFUL ] org.xerial.snappy#snappy-java;1.1.10.3!snappy-java.jar(bundle) (230ms)
[2024-07-02T11:24:52.394+0000] {docker.py:436} INFO - downloading https://repo1.maven.org/maven2/org/slf4j/slf4j-api/2.0.7/slf4j-api-2.0.7.jar ...
[2024-07-02T11:24:52.413+0000] {docker.py:436} INFO - [SUCCESSFUL ] org.slf4j#slf4j-api;2.0.7!slf4j-api.jar (27ms)
[2024-07-02T11:24:52.425+0000] {docker.py:436} INFO - downloading https://repo1.maven.org/maven2/org/apache/hadoop/hadoop-client-api/3.3.4/hadoop-client-api-3.3.4.jar ...
[2024-07-02T11:24:54.429+0000] {docker.py:436} INFO - [SUCCESSFUL ] org.apache.hadoop#hadoop-client-api;3.3.4!hadoop-client-api.jar (2014ms)
[2024-07-02T11:24:54.468+0000] {docker.py:436} INFO - downloading https://repo1.maven.org/maven2/commons-logging/commons-logging/1.1.3/commons-logging-1.1.3.jar ...
[2024-07-02T11:24:54.486+0000] {docker.py:436} INFO - [SUCCESSFUL ] commons-logging#commons-logging;1.1.3!commons-logging.jar (55ms)
[2024-07-02T11:24:54.487+0000] {docker.py:436} INFO - :: resolution report :: resolve 4858ms :: artifacts dl 6562ms
	:: modules in use:
	com.google.code.findbugs#jsr305;3.0.0 from central in [default]
	commons-logging#commons-logging;1.1.3 from central in [default]
	org.apache.commons#commons-pool2;2.11.1 from central in [default]
[2024-07-02T11:24:54.488+0000] {docker.py:436} INFO - org.apache.hadoop#hadoop-client-api;3.3.4 from central in [default]
	org.apache.hadoop#hadoop-client-runtime;3.3.4 from central in [default]
	org.apache.kafka#kafka-clients;3.4.1 from central in [default]
	org.apache.spark#spark-sql-kafka-0-10_2.12;3.5.0 from central in [default]
	org.apache.spark#spark-token-provider-kafka-0-10_2.12;3.5.0 from central in [default]
	org.checkerframework#checker-qual;3.5.0 from central in [default]
	org.lz4#lz4-java;1.8.0 from central in [default]
	org.postgresql#postgresql;42.5.4 from central in [default]
	org.slf4j#slf4j-api;2.0.7 from central in [default]
	org.xerial.snappy#snappy-java;1.1.10.3 from central in [default]
	---------------------------------------------------------------------
	|                  |            modules            ||   artifacts   |
	|       conf       | number| search|dwnlded|evicted|| number|dwnlded|
	---------------------------------------------------------------------
	|      default     |   13  |   13  |   13  |   0   ||   13  |   13  |
	---------------------------------------------------------------------
[2024-07-02T11:24:54.493+0000] {docker.py:436} INFO - :: retrieving :: org.apache.spark#spark-submit-parent-56ef01ab-e83d-45df-9bd3-6540a1b2606d
[2024-07-02T11:24:54.494+0000] {docker.py:436} INFO - confs: [default]
[2024-07-02T11:24:54.560+0000] {docker.py:436} INFO - 13 artifacts copied, 0 already retrieved (58001kB/66ms)
[2024-07-02T11:24:54.818+0000] {docker.py:436} INFO - 24/07/02 11:24:54 WARN NativeCodeLoader: Unable to load native-hadoop library for your platform... using builtin-java classes where applicable
[2024-07-02T11:24:56.273+0000] {docker.py:436} INFO - 24/07/02 11:24:56 INFO SparkContext: Running Spark version 3.5.1
[2024-07-02T11:24:56.273+0000] {docker.py:436} INFO - 24/07/02 11:24:56 INFO SparkContext: OS info Linux, 6.5.0-41-generic, amd64
[2024-07-02T11:24:56.274+0000] {docker.py:436} INFO - 24/07/02 11:24:56 INFO SparkContext: Java version 17.0.11
[2024-07-02T11:24:56.338+0000] {docker.py:436} INFO - 24/07/02 11:24:56 INFO ResourceUtils: ==============================================================
[2024-07-02T11:24:56.341+0000] {docker.py:436} INFO - 24/07/02 11:24:56 INFO ResourceUtils: No custom resources configured for spark.driver.
[2024-07-02T11:24:56.344+0000] {docker.py:436} INFO - 24/07/02 11:24:56 INFO ResourceUtils: ==============================================================
[2024-07-02T11:24:56.346+0000] {docker.py:436} INFO - 24/07/02 11:24:56 INFO SparkContext: Submitted application: PostgreSQL Connection with PySpark
[2024-07-02T11:24:56.469+0000] {docker.py:436} INFO - 24/07/02 11:24:56 INFO ResourceProfile: Default ResourceProfile created, executor resources: Map(cores -> name: cores, amount: 1, script: , vendor: , memory -> name: memory, amount: 1024, script: , vendor: , offHeap -> name: offHeap, amount: 0, script: , vendor: ), task resources: Map(cpus -> name: cpus, amount: 1.0)
[2024-07-02T11:24:56.488+0000] {docker.py:436} INFO - 24/07/02 11:24:56 INFO ResourceProfile: Limiting resource is cpu
[2024-07-02T11:24:56.489+0000] {docker.py:436} INFO - 24/07/02 11:24:56 INFO ResourceProfileManager: Added ResourceProfile id: 0
[2024-07-02T11:24:56.559+0000] {docker.py:436} INFO - 24/07/02 11:24:56 INFO SecurityManager: Changing view acls to: spark
[2024-07-02T11:24:56.559+0000] {docker.py:436} INFO - 24/07/02 11:24:56 INFO SecurityManager: Changing modify acls to: spark
[2024-07-02T11:24:56.560+0000] {docker.py:436} INFO - 24/07/02 11:24:56 INFO SecurityManager: Changing view acls groups to:
[2024-07-02T11:24:56.560+0000] {docker.py:436} INFO - 24/07/02 11:24:56 INFO SecurityManager: Changing modify acls groups to:
[2024-07-02T11:24:56.561+0000] {docker.py:436} INFO - 24/07/02 11:24:56 INFO SecurityManager: SecurityManager: authentication disabled; ui acls disabled; users with view permissions: spark; groups with view permissions: EMPTY; users with modify permissions: spark; groups with modify permissions: EMPTY
[2024-07-02T11:24:56.851+0000] {docker.py:436} INFO - 24/07/02 11:24:56 INFO Utils: Successfully started service 'sparkDriver' on port 40033.
[2024-07-02T11:24:56.886+0000] {docker.py:436} INFO - 24/07/02 11:24:56 INFO SparkEnv: Registering MapOutputTracker
[2024-07-02T11:24:56.929+0000] {docker.py:436} INFO - 24/07/02 11:24:56 INFO SparkEnv: Registering BlockManagerMaster
[2024-07-02T11:24:56.957+0000] {docker.py:436} INFO - 24/07/02 11:24:56 INFO BlockManagerMasterEndpoint: Using org.apache.spark.storage.DefaultTopologyMapper for getting topology information
[2024-07-02T11:24:56.958+0000] {docker.py:436} INFO - 24/07/02 11:24:56 INFO BlockManagerMasterEndpoint: BlockManagerMasterEndpoint up
[2024-07-02T11:24:56.962+0000] {docker.py:436} INFO - 24/07/02 11:24:56 INFO SparkEnv: Registering BlockManagerMasterHeartbeat
[2024-07-02T11:24:56.992+0000] {docker.py:436} INFO - 24/07/02 11:24:56 INFO DiskBlockManager: Created local directory at /tmp/blockmgr-c7365c1d-1eb9-405d-8d0e-285314b64e91
[2024-07-02T11:24:57.009+0000] {docker.py:436} INFO - 24/07/02 11:24:57 INFO MemoryStore: MemoryStore started with capacity 434.4 MiB
[2024-07-02T11:24:57.027+0000] {docker.py:436} INFO - 24/07/02 11:24:57 INFO SparkEnv: Registering OutputCommitCoordinator
[2024-07-02T11:24:57.196+0000] {docker.py:436} INFO - 24/07/02 11:24:57 INFO JettyUtils: Start Jetty 0.0.0.0:4040 for SparkUI
[2024-07-02T11:24:57.284+0000] {docker.py:436} INFO - 24/07/02 11:24:57 INFO Utils: Successfully started service 'SparkUI' on port 4040.
[2024-07-02T11:24:57.340+0000] {docker.py:436} INFO - 24/07/02 11:24:57 INFO SparkContext: Added JAR file:///opt/bitnami/spark/.ivy2/jars/org.postgresql_postgresql-42.5.4.jar at spark://localhost:40033/jars/org.postgresql_postgresql-42.5.4.jar with timestamp 1719919496233
[2024-07-02T11:24:57.341+0000] {docker.py:436} INFO - 24/07/02 11:24:57 INFO SparkContext: Added JAR file:///opt/bitnami/spark/.ivy2/jars/org.apache.spark_spark-sql-kafka-0-10_2.12-3.5.0.jar at spark://localhost:40033/jars/org.apache.spark_spark-sql-kafka-0-10_2.12-3.5.0.jar with timestamp 1719919496233
[2024-07-02T11:24:57.342+0000] {docker.py:436} INFO - 24/07/02 11:24:57 INFO SparkContext: Added JAR file:///opt/bitnami/spark/.ivy2/jars/org.checkerframework_checker-qual-3.5.0.jar at spark://localhost:40033/jars/org.checkerframework_checker-qual-3.5.0.jar with timestamp 1719919496233
[2024-07-02T11:24:57.343+0000] {docker.py:436} INFO - 24/07/02 11:24:57 INFO SparkContext: Added JAR file:///opt/bitnami/spark/.ivy2/jars/org.apache.spark_spark-token-provider-kafka-0-10_2.12-3.5.0.jar at spark://localhost:40033/jars/org.apache.spark_spark-token-provider-kafka-0-10_2.12-3.5.0.jar with timestamp 1719919496233
[2024-07-02T11:24:57.343+0000] {docker.py:436} INFO - 24/07/02 11:24:57 INFO SparkContext: Added JAR file:///opt/bitnami/spark/.ivy2/jars/org.apache.kafka_kafka-clients-3.4.1.jar at spark://localhost:40033/jars/org.apache.kafka_kafka-clients-3.4.1.jar with timestamp 1719919496233
[2024-07-02T11:24:57.344+0000] {docker.py:436} INFO - 24/07/02 11:24:57 INFO SparkContext: Added JAR file:///opt/bitnami/spark/.ivy2/jars/com.google.code.findbugs_jsr305-3.0.0.jar at spark://localhost:40033/jars/com.google.code.findbugs_jsr305-3.0.0.jar with timestamp 1719919496233
[2024-07-02T11:24:57.345+0000] {docker.py:436} INFO - 24/07/02 11:24:57 INFO SparkContext: Added JAR file:///opt/bitnami/spark/.ivy2/jars/org.apache.commons_commons-pool2-2.11.1.jar at spark://localhost:40033/jars/org.apache.commons_commons-pool2-2.11.1.jar with timestamp 1719919496233
[2024-07-02T11:24:57.345+0000] {docker.py:436} INFO - 24/07/02 11:24:57 INFO SparkContext: Added JAR file:///opt/bitnami/spark/.ivy2/jars/org.apache.hadoop_hadoop-client-runtime-3.3.4.jar at spark://localhost:40033/jars/org.apache.hadoop_hadoop-client-runtime-3.3.4.jar with timestamp 1719919496233
[2024-07-02T11:24:57.346+0000] {docker.py:436} INFO - 24/07/02 11:24:57 INFO SparkContext: Added JAR file:///opt/bitnami/spark/.ivy2/jars/org.lz4_lz4-java-1.8.0.jar at spark://localhost:40033/jars/org.lz4_lz4-java-1.8.0.jar with timestamp 1719919496233
[2024-07-02T11:24:57.346+0000] {docker.py:436} INFO - 24/07/02 11:24:57 INFO SparkContext: Added JAR file:///opt/bitnami/spark/.ivy2/jars/org.xerial.snappy_snappy-java-1.1.10.3.jar at spark://localhost:40033/jars/org.xerial.snappy_snappy-java-1.1.10.3.jar with timestamp 1719919496233
[2024-07-02T11:24:57.347+0000] {docker.py:436} INFO - 24/07/02 11:24:57 INFO SparkContext: Added JAR file:///opt/bitnami/spark/.ivy2/jars/org.slf4j_slf4j-api-2.0.7.jar at spark://localhost:40033/jars/org.slf4j_slf4j-api-2.0.7.jar with timestamp 1719919496233
24/07/02 11:24:57 INFO SparkContext: Added JAR file:///opt/bitnami/spark/.ivy2/jars/org.apache.hadoop_hadoop-client-api-3.3.4.jar at spark://localhost:40033/jars/org.apache.hadoop_hadoop-client-api-3.3.4.jar with timestamp 1719919496233
[2024-07-02T11:24:57.348+0000] {docker.py:436} INFO - 24/07/02 11:24:57 INFO SparkContext: Added JAR file:///opt/bitnami/spark/.ivy2/jars/commons-logging_commons-logging-1.1.3.jar at spark://localhost:40033/jars/commons-logging_commons-logging-1.1.3.jar with timestamp 1719919496233
[2024-07-02T11:24:57.349+0000] {docker.py:436} INFO - 24/07/02 11:24:57 INFO SparkContext: Added file file:///opt/bitnami/spark/.ivy2/jars/org.postgresql_postgresql-42.5.4.jar at file:///opt/bitnami/spark/.ivy2/jars/org.postgresql_postgresql-42.5.4.jar with timestamp 1719919496233
[2024-07-02T11:24:57.350+0000] {docker.py:436} INFO - 24/07/02 11:24:57 INFO Utils: Copying /opt/bitnami/spark/.ivy2/jars/org.postgresql_postgresql-42.5.4.jar to /tmp/spark-f098a806-63fb-4ee5-baab-a378e5005930/userFiles-7b589666-face-4318-a2cb-9e2ce27c3820/org.postgresql_postgresql-42.5.4.jar
[2024-07-02T11:24:57.362+0000] {docker.py:436} INFO - 24/07/02 11:24:57 INFO SparkContext: Added file file:///opt/bitnami/spark/.ivy2/jars/org.apache.spark_spark-sql-kafka-0-10_2.12-3.5.0.jar at file:///opt/bitnami/spark/.ivy2/jars/org.apache.spark_spark-sql-kafka-0-10_2.12-3.5.0.jar with timestamp 1719919496233
[2024-07-02T11:24:57.362+0000] {docker.py:436} INFO - 24/07/02 11:24:57 INFO Utils: Copying /opt/bitnami/spark/.ivy2/jars/org.apache.spark_spark-sql-kafka-0-10_2.12-3.5.0.jar to /tmp/spark-f098a806-63fb-4ee5-baab-a378e5005930/userFiles-7b589666-face-4318-a2cb-9e2ce27c3820/org.apache.spark_spark-sql-kafka-0-10_2.12-3.5.0.jar
[2024-07-02T11:24:57.367+0000] {docker.py:436} INFO - 24/07/02 11:24:57 INFO SparkContext: Added file file:///opt/bitnami/spark/.ivy2/jars/org.checkerframework_checker-qual-3.5.0.jar at file:///opt/bitnami/spark/.ivy2/jars/org.checkerframework_checker-qual-3.5.0.jar with timestamp 1719919496233
[2024-07-02T11:24:57.368+0000] {docker.py:436} INFO - 24/07/02 11:24:57 INFO Utils: Copying /opt/bitnami/spark/.ivy2/jars/org.checkerframework_checker-qual-3.5.0.jar to /tmp/spark-f098a806-63fb-4ee5-baab-a378e5005930/userFiles-7b589666-face-4318-a2cb-9e2ce27c3820/org.checkerframework_checker-qual-3.5.0.jar
[2024-07-02T11:24:57.373+0000] {docker.py:436} INFO - 24/07/02 11:24:57 INFO SparkContext: Added file file:///opt/bitnami/spark/.ivy2/jars/org.apache.spark_spark-token-provider-kafka-0-10_2.12-3.5.0.jar at file:///opt/bitnami/spark/.ivy2/jars/org.apache.spark_spark-token-provider-kafka-0-10_2.12-3.5.0.jar with timestamp 1719919496233
[2024-07-02T11:24:57.374+0000] {docker.py:436} INFO - 24/07/02 11:24:57 INFO Utils: Copying /opt/bitnami/spark/.ivy2/jars/org.apache.spark_spark-token-provider-kafka-0-10_2.12-3.5.0.jar to /tmp/spark-f098a806-63fb-4ee5-baab-a378e5005930/userFiles-7b589666-face-4318-a2cb-9e2ce27c3820/org.apache.spark_spark-token-provider-kafka-0-10_2.12-3.5.0.jar
[2024-07-02T11:24:57.378+0000] {docker.py:436} INFO - 24/07/02 11:24:57 INFO SparkContext: Added file file:///opt/bitnami/spark/.ivy2/jars/org.apache.kafka_kafka-clients-3.4.1.jar at file:///opt/bitnami/spark/.ivy2/jars/org.apache.kafka_kafka-clients-3.4.1.jar with timestamp 1719919496233
[2024-07-02T11:24:57.379+0000] {docker.py:436} INFO - 24/07/02 11:24:57 INFO Utils: Copying /opt/bitnami/spark/.ivy2/jars/org.apache.kafka_kafka-clients-3.4.1.jar to /tmp/spark-f098a806-63fb-4ee5-baab-a378e5005930/userFiles-7b589666-face-4318-a2cb-9e2ce27c3820/org.apache.kafka_kafka-clients-3.4.1.jar
[2024-07-02T11:24:57.388+0000] {docker.py:436} INFO - 24/07/02 11:24:57 INFO SparkContext: Added file file:///opt/bitnami/spark/.ivy2/jars/com.google.code.findbugs_jsr305-3.0.0.jar at file:///opt/bitnami/spark/.ivy2/jars/com.google.code.findbugs_jsr305-3.0.0.jar with timestamp 1719919496233
[2024-07-02T11:24:57.388+0000] {docker.py:436} INFO - 24/07/02 11:24:57 INFO Utils: Copying /opt/bitnami/spark/.ivy2/jars/com.google.code.findbugs_jsr305-3.0.0.jar to /tmp/spark-f098a806-63fb-4ee5-baab-a378e5005930/userFiles-7b589666-face-4318-a2cb-9e2ce27c3820/com.google.code.findbugs_jsr305-3.0.0.jar
[2024-07-02T11:24:57.392+0000] {docker.py:436} INFO - 24/07/02 11:24:57 INFO SparkContext: Added file file:///opt/bitnami/spark/.ivy2/jars/org.apache.commons_commons-pool2-2.11.1.jar at file:///opt/bitnami/spark/.ivy2/jars/org.apache.commons_commons-pool2-2.11.1.jar with timestamp 1719919496233
[2024-07-02T11:24:57.393+0000] {docker.py:436} INFO - 24/07/02 11:24:57 INFO Utils: Copying /opt/bitnami/spark/.ivy2/jars/org.apache.commons_commons-pool2-2.11.1.jar to /tmp/spark-f098a806-63fb-4ee5-baab-a378e5005930/userFiles-7b589666-face-4318-a2cb-9e2ce27c3820/org.apache.commons_commons-pool2-2.11.1.jar
[2024-07-02T11:24:57.397+0000] {docker.py:436} INFO - 24/07/02 11:24:57 INFO SparkContext: Added file file:///opt/bitnami/spark/.ivy2/jars/org.apache.hadoop_hadoop-client-runtime-3.3.4.jar at file:///opt/bitnami/spark/.ivy2/jars/org.apache.hadoop_hadoop-client-runtime-3.3.4.jar with timestamp 1719919496233
[2024-07-02T11:24:57.399+0000] {docker.py:436} INFO - 24/07/02 11:24:57 INFO Utils: Copying /opt/bitnami/spark/.ivy2/jars/org.apache.hadoop_hadoop-client-runtime-3.3.4.jar to /tmp/spark-f098a806-63fb-4ee5-baab-a378e5005930/userFiles-7b589666-face-4318-a2cb-9e2ce27c3820/org.apache.hadoop_hadoop-client-runtime-3.3.4.jar
[2024-07-02T11:24:57.424+0000] {docker.py:436} INFO - 24/07/02 11:24:57 INFO SparkContext: Added file file:///opt/bitnami/spark/.ivy2/jars/org.lz4_lz4-java-1.8.0.jar at file:///opt/bitnami/spark/.ivy2/jars/org.lz4_lz4-java-1.8.0.jar with timestamp 1719919496233
[2024-07-02T11:24:57.425+0000] {docker.py:436} INFO - 24/07/02 11:24:57 INFO Utils: Copying /opt/bitnami/spark/.ivy2/jars/org.lz4_lz4-java-1.8.0.jar to /tmp/spark-f098a806-63fb-4ee5-baab-a378e5005930/userFiles-7b589666-face-4318-a2cb-9e2ce27c3820/org.lz4_lz4-java-1.8.0.jar
[2024-07-02T11:24:57.429+0000] {docker.py:436} INFO - 24/07/02 11:24:57 INFO SparkContext: Added file file:///opt/bitnami/spark/.ivy2/jars/org.xerial.snappy_snappy-java-1.1.10.3.jar at file:///opt/bitnami/spark/.ivy2/jars/org.xerial.snappy_snappy-java-1.1.10.3.jar with timestamp 1719919496233
[2024-07-02T11:24:57.431+0000] {docker.py:436} INFO - 24/07/02 11:24:57 INFO Utils: Copying /opt/bitnami/spark/.ivy2/jars/org.xerial.snappy_snappy-java-1.1.10.3.jar to /tmp/spark-f098a806-63fb-4ee5-baab-a378e5005930/userFiles-7b589666-face-4318-a2cb-9e2ce27c3820/org.xerial.snappy_snappy-java-1.1.10.3.jar
[2024-07-02T11:24:57.437+0000] {docker.py:436} INFO - 24/07/02 11:24:57 INFO SparkContext: Added file file:///opt/bitnami/spark/.ivy2/jars/org.slf4j_slf4j-api-2.0.7.jar at file:///opt/bitnami/spark/.ivy2/jars/org.slf4j_slf4j-api-2.0.7.jar with timestamp 1719919496233
[2024-07-02T11:24:57.439+0000] {docker.py:436} INFO - 24/07/02 11:24:57 INFO Utils: Copying /opt/bitnami/spark/.ivy2/jars/org.slf4j_slf4j-api-2.0.7.jar to /tmp/spark-f098a806-63fb-4ee5-baab-a378e5005930/userFiles-7b589666-face-4318-a2cb-9e2ce27c3820/org.slf4j_slf4j-api-2.0.7.jar
[2024-07-02T11:24:57.444+0000] {docker.py:436} INFO - 24/07/02 11:24:57 INFO SparkContext: Added file file:///opt/bitnami/spark/.ivy2/jars/org.apache.hadoop_hadoop-client-api-3.3.4.jar at file:///opt/bitnami/spark/.ivy2/jars/org.apache.hadoop_hadoop-client-api-3.3.4.jar with timestamp 1719919496233
[2024-07-02T11:24:57.444+0000] {docker.py:436} INFO - 24/07/02 11:24:57 INFO Utils: Copying /opt/bitnami/spark/.ivy2/jars/org.apache.hadoop_hadoop-client-api-3.3.4.jar to /tmp/spark-f098a806-63fb-4ee5-baab-a378e5005930/userFiles-7b589666-face-4318-a2cb-9e2ce27c3820/org.apache.hadoop_hadoop-client-api-3.3.4.jar
[2024-07-02T11:24:57.462+0000] {docker.py:436} INFO - 24/07/02 11:24:57 INFO SparkContext: Added file file:///opt/bitnami/spark/.ivy2/jars/commons-logging_commons-logging-1.1.3.jar at file:///opt/bitnami/spark/.ivy2/jars/commons-logging_commons-logging-1.1.3.jar with timestamp 1719919496233
[2024-07-02T11:24:57.462+0000] {docker.py:436} INFO - 24/07/02 11:24:57 INFO Utils: Copying /opt/bitnami/spark/.ivy2/jars/commons-logging_commons-logging-1.1.3.jar to /tmp/spark-f098a806-63fb-4ee5-baab-a378e5005930/userFiles-7b589666-face-4318-a2cb-9e2ce27c3820/commons-logging_commons-logging-1.1.3.jar
[2024-07-02T11:24:57.541+0000] {docker.py:436} INFO - 24/07/02 11:24:57 INFO Executor: Starting executor ID driver on host localhost
[2024-07-02T11:24:57.542+0000] {docker.py:436} INFO - 24/07/02 11:24:57 INFO Executor: OS info Linux, 6.5.0-41-generic, amd64
[2024-07-02T11:24:57.543+0000] {docker.py:436} INFO - 24/07/02 11:24:57 INFO Executor: Java version 17.0.11
[2024-07-02T11:24:57.551+0000] {docker.py:436} INFO - 24/07/02 11:24:57 INFO Executor: Starting executor with user classpath (userClassPathFirst = false): ''
[2024-07-02T11:24:57.552+0000] {docker.py:436} INFO - 24/07/02 11:24:57 INFO Executor: Created or updated repl class loader org.apache.spark.util.MutableURLClassLoader@531d0a74 for default.
[2024-07-02T11:24:57.566+0000] {docker.py:436} INFO - 24/07/02 11:24:57 INFO Executor: Fetching file:///opt/bitnami/spark/.ivy2/jars/org.apache.spark_spark-token-provider-kafka-0-10_2.12-3.5.0.jar with timestamp 1719919496233
[2024-07-02T11:24:57.585+0000] {docker.py:436} INFO - 24/07/02 11:24:57 INFO Utils: /opt/bitnami/spark/.ivy2/jars/org.apache.spark_spark-token-provider-kafka-0-10_2.12-3.5.0.jar has been previously copied to /tmp/spark-f098a806-63fb-4ee5-baab-a378e5005930/userFiles-7b589666-face-4318-a2cb-9e2ce27c3820/org.apache.spark_spark-token-provider-kafka-0-10_2.12-3.5.0.jar
[2024-07-02T11:24:57.588+0000] {docker.py:436} INFO - 24/07/02 11:24:57 INFO Executor: Fetching file:///opt/bitnami/spark/.ivy2/jars/org.apache.hadoop_hadoop-client-runtime-3.3.4.jar with timestamp 1719919496233
[2024-07-02T11:24:57.617+0000] {docker.py:436} INFO - 24/07/02 11:24:57 INFO Utils: /opt/bitnami/spark/.ivy2/jars/org.apache.hadoop_hadoop-client-runtime-3.3.4.jar has been previously copied to /tmp/spark-f098a806-63fb-4ee5-baab-a378e5005930/userFiles-7b589666-face-4318-a2cb-9e2ce27c3820/org.apache.hadoop_hadoop-client-runtime-3.3.4.jar
[2024-07-02T11:24:57.621+0000] {docker.py:436} INFO - 24/07/02 11:24:57 INFO Executor: Fetching file:///opt/bitnami/spark/.ivy2/jars/org.apache.commons_commons-pool2-2.11.1.jar with timestamp 1719919496233
[2024-07-02T11:24:57.622+0000] {docker.py:436} INFO - 24/07/02 11:24:57 INFO Utils: /opt/bitnami/spark/.ivy2/jars/org.apache.commons_commons-pool2-2.11.1.jar has been previously copied to /tmp/spark-f098a806-63fb-4ee5-baab-a378e5005930/userFiles-7b589666-face-4318-a2cb-9e2ce27c3820/org.apache.commons_commons-pool2-2.11.1.jar
[2024-07-02T11:24:57.626+0000] {docker.py:436} INFO - 24/07/02 11:24:57 INFO Executor: Fetching file:///opt/bitnami/spark/.ivy2/jars/org.postgresql_postgresql-42.5.4.jar with timestamp 1719919496233
[2024-07-02T11:24:57.628+0000] {docker.py:436} INFO - 24/07/02 11:24:57 INFO Utils: /opt/bitnami/spark/.ivy2/jars/org.postgresql_postgresql-42.5.4.jar has been previously copied to /tmp/spark-f098a806-63fb-4ee5-baab-a378e5005930/userFiles-7b589666-face-4318-a2cb-9e2ce27c3820/org.postgresql_postgresql-42.5.4.jar
[2024-07-02T11:24:57.632+0000] {docker.py:436} INFO - 24/07/02 11:24:57 INFO Executor: Fetching file:///opt/bitnami/spark/.ivy2/jars/org.slf4j_slf4j-api-2.0.7.jar with timestamp 1719919496233
[2024-07-02T11:24:57.633+0000] {docker.py:436} INFO - 24/07/02 11:24:57 INFO Utils: /opt/bitnami/spark/.ivy2/jars/org.slf4j_slf4j-api-2.0.7.jar has been previously copied to /tmp/spark-f098a806-63fb-4ee5-baab-a378e5005930/userFiles-7b589666-face-4318-a2cb-9e2ce27c3820/org.slf4j_slf4j-api-2.0.7.jar
[2024-07-02T11:24:57.637+0000] {docker.py:436} INFO - 24/07/02 11:24:57 INFO Executor: Fetching file:///opt/bitnami/spark/.ivy2/jars/org.apache.kafka_kafka-clients-3.4.1.jar with timestamp 1719919496233
[2024-07-02T11:24:57.643+0000] {docker.py:436} INFO - 24/07/02 11:24:57 INFO Utils: /opt/bitnami/spark/.ivy2/jars/org.apache.kafka_kafka-clients-3.4.1.jar has been previously copied to /tmp/spark-f098a806-63fb-4ee5-baab-a378e5005930/userFiles-7b589666-face-4318-a2cb-9e2ce27c3820/org.apache.kafka_kafka-clients-3.4.1.jar
[2024-07-02T11:24:57.646+0000] {docker.py:436} INFO - 24/07/02 11:24:57 INFO Executor: Fetching file:///opt/bitnami/spark/.ivy2/jars/com.google.code.findbugs_jsr305-3.0.0.jar with timestamp 1719919496233
[2024-07-02T11:24:57.648+0000] {docker.py:436} INFO - 24/07/02 11:24:57 INFO Utils: /opt/bitnami/spark/.ivy2/jars/com.google.code.findbugs_jsr305-3.0.0.jar has been previously copied to /tmp/spark-f098a806-63fb-4ee5-baab-a378e5005930/userFiles-7b589666-face-4318-a2cb-9e2ce27c3820/com.google.code.findbugs_jsr305-3.0.0.jar
[2024-07-02T11:24:57.652+0000] {docker.py:436} INFO - 24/07/02 11:24:57 INFO Executor: Fetching file:///opt/bitnami/spark/.ivy2/jars/org.lz4_lz4-java-1.8.0.jar with timestamp 1719919496233
[2024-07-02T11:24:57.653+0000] {docker.py:436} INFO - 24/07/02 11:24:57 INFO Utils: /opt/bitnami/spark/.ivy2/jars/org.lz4_lz4-java-1.8.0.jar has been previously copied to /tmp/spark-f098a806-63fb-4ee5-baab-a378e5005930/userFiles-7b589666-face-4318-a2cb-9e2ce27c3820/org.lz4_lz4-java-1.8.0.jar
[2024-07-02T11:24:57.658+0000] {docker.py:436} INFO - 24/07/02 11:24:57 INFO Executor: Fetching file:///opt/bitnami/spark/.ivy2/jars/org.apache.spark_spark-sql-kafka-0-10_2.12-3.5.0.jar with timestamp 1719919496233
[2024-07-02T11:24:57.660+0000] {docker.py:436} INFO - 24/07/02 11:24:57 INFO Utils: /opt/bitnami/spark/.ivy2/jars/org.apache.spark_spark-sql-kafka-0-10_2.12-3.5.0.jar has been previously copied to /tmp/spark-f098a806-63fb-4ee5-baab-a378e5005930/userFiles-7b589666-face-4318-a2cb-9e2ce27c3820/org.apache.spark_spark-sql-kafka-0-10_2.12-3.5.0.jar
[2024-07-02T11:24:57.664+0000] {docker.py:436} INFO - 24/07/02 11:24:57 INFO Executor: Fetching file:///opt/bitnami/spark/.ivy2/jars/org.apache.hadoop_hadoop-client-api-3.3.4.jar with timestamp 1719919496233
[2024-07-02T11:24:57.681+0000] {docker.py:436} INFO - 24/07/02 11:24:57 INFO Utils: /opt/bitnami/spark/.ivy2/jars/org.apache.hadoop_hadoop-client-api-3.3.4.jar has been previously copied to /tmp/spark-f098a806-63fb-4ee5-baab-a378e5005930/userFiles-7b589666-face-4318-a2cb-9e2ce27c3820/org.apache.hadoop_hadoop-client-api-3.3.4.jar
[2024-07-02T11:24:57.685+0000] {docker.py:436} INFO - 24/07/02 11:24:57 INFO Executor: Fetching file:///opt/bitnami/spark/.ivy2/jars/commons-logging_commons-logging-1.1.3.jar with timestamp 1719919496233
[2024-07-02T11:24:57.685+0000] {docker.py:436} INFO - 24/07/02 11:24:57 INFO Utils: /opt/bitnami/spark/.ivy2/jars/commons-logging_commons-logging-1.1.3.jar has been previously copied to /tmp/spark-f098a806-63fb-4ee5-baab-a378e5005930/userFiles-7b589666-face-4318-a2cb-9e2ce27c3820/commons-logging_commons-logging-1.1.3.jar
[2024-07-02T11:24:57.689+0000] {docker.py:436} INFO - 24/07/02 11:24:57 INFO Executor: Fetching file:///opt/bitnami/spark/.ivy2/jars/org.checkerframework_checker-qual-3.5.0.jar with timestamp 1719919496233
[2024-07-02T11:24:57.689+0000] {docker.py:436} INFO - 24/07/02 11:24:57 INFO Utils: /opt/bitnami/spark/.ivy2/jars/org.checkerframework_checker-qual-3.5.0.jar has been previously copied to /tmp/spark-f098a806-63fb-4ee5-baab-a378e5005930/userFiles-7b589666-face-4318-a2cb-9e2ce27c3820/org.checkerframework_checker-qual-3.5.0.jar
[2024-07-02T11:24:57.692+0000] {docker.py:436} INFO - 24/07/02 11:24:57 INFO Executor: Fetching file:///opt/bitnami/spark/.ivy2/jars/org.xerial.snappy_snappy-java-1.1.10.3.jar with timestamp 1719919496233
[2024-07-02T11:24:57.695+0000] {docker.py:436} INFO - 24/07/02 11:24:57 INFO Utils: /opt/bitnami/spark/.ivy2/jars/org.xerial.snappy_snappy-java-1.1.10.3.jar has been previously copied to /tmp/spark-f098a806-63fb-4ee5-baab-a378e5005930/userFiles-7b589666-face-4318-a2cb-9e2ce27c3820/org.xerial.snappy_snappy-java-1.1.10.3.jar
[2024-07-02T11:24:57.701+0000] {docker.py:436} INFO - 24/07/02 11:24:57 INFO Executor: Fetching spark://localhost:40033/jars/org.xerial.snappy_snappy-java-1.1.10.3.jar with timestamp 1719919496233
[2024-07-02T11:24:57.759+0000] {docker.py:436} INFO - 24/07/02 11:24:57 INFO TransportClientFactory: Successfully created connection to localhost/127.0.0.1:40033 after 42 ms (0 ms spent in bootstraps)
[2024-07-02T11:24:57.768+0000] {docker.py:436} INFO - 24/07/02 11:24:57 INFO Utils: Fetching spark://localhost:40033/jars/org.xerial.snappy_snappy-java-1.1.10.3.jar to /tmp/spark-f098a806-63fb-4ee5-baab-a378e5005930/userFiles-7b589666-face-4318-a2cb-9e2ce27c3820/fetchFileTemp11489124845106851663.tmp
[2024-07-02T11:24:57.808+0000] {docker.py:436} INFO - 24/07/02 11:24:57 INFO Utils: /tmp/spark-f098a806-63fb-4ee5-baab-a378e5005930/userFiles-7b589666-face-4318-a2cb-9e2ce27c3820/fetchFileTemp11489124845106851663.tmp has been previously copied to /tmp/spark-f098a806-63fb-4ee5-baab-a378e5005930/userFiles-7b589666-face-4318-a2cb-9e2ce27c3820/org.xerial.snappy_snappy-java-1.1.10.3.jar
[2024-07-02T11:24:57.814+0000] {docker.py:436} INFO - 24/07/02 11:24:57 INFO Executor: Adding file:/tmp/spark-f098a806-63fb-4ee5-baab-a378e5005930/userFiles-7b589666-face-4318-a2cb-9e2ce27c3820/org.xerial.snappy_snappy-java-1.1.10.3.jar to class loader default
[2024-07-02T11:24:57.814+0000] {docker.py:436} INFO - 24/07/02 11:24:57 INFO Executor: Fetching spark://localhost:40033/jars/org.checkerframework_checker-qual-3.5.0.jar with timestamp 1719919496233
[2024-07-02T11:24:57.815+0000] {docker.py:436} INFO - 24/07/02 11:24:57 INFO Utils: Fetching spark://localhost:40033/jars/org.checkerframework_checker-qual-3.5.0.jar to /tmp/spark-f098a806-63fb-4ee5-baab-a378e5005930/userFiles-7b589666-face-4318-a2cb-9e2ce27c3820/fetchFileTemp15336616427792840364.tmp
[2024-07-02T11:24:57.819+0000] {docker.py:436} INFO - 24/07/02 11:24:57 INFO Utils: /tmp/spark-f098a806-63fb-4ee5-baab-a378e5005930/userFiles-7b589666-face-4318-a2cb-9e2ce27c3820/fetchFileTemp15336616427792840364.tmp has been previously copied to /tmp/spark-f098a806-63fb-4ee5-baab-a378e5005930/userFiles-7b589666-face-4318-a2cb-9e2ce27c3820/org.checkerframework_checker-qual-3.5.0.jar
[2024-07-02T11:24:57.824+0000] {docker.py:436} INFO - 24/07/02 11:24:57 INFO Executor: Adding file:/tmp/spark-f098a806-63fb-4ee5-baab-a378e5005930/userFiles-7b589666-face-4318-a2cb-9e2ce27c3820/org.checkerframework_checker-qual-3.5.0.jar to class loader default
[2024-07-02T11:24:57.824+0000] {docker.py:436} INFO - 24/07/02 11:24:57 INFO Executor: Fetching spark://localhost:40033/jars/org.postgresql_postgresql-42.5.4.jar with timestamp 1719919496233
[2024-07-02T11:24:57.825+0000] {docker.py:436} INFO - 24/07/02 11:24:57 INFO Utils: Fetching spark://localhost:40033/jars/org.postgresql_postgresql-42.5.4.jar to /tmp/spark-f098a806-63fb-4ee5-baab-a378e5005930/userFiles-7b589666-face-4318-a2cb-9e2ce27c3820/fetchFileTemp17188170481215909182.tmp
[2024-07-02T11:24:57.833+0000] {docker.py:436} INFO - 24/07/02 11:24:57 INFO Utils: /tmp/spark-f098a806-63fb-4ee5-baab-a378e5005930/userFiles-7b589666-face-4318-a2cb-9e2ce27c3820/fetchFileTemp17188170481215909182.tmp has been previously copied to /tmp/spark-f098a806-63fb-4ee5-baab-a378e5005930/userFiles-7b589666-face-4318-a2cb-9e2ce27c3820/org.postgresql_postgresql-42.5.4.jar
[2024-07-02T11:24:57.838+0000] {docker.py:436} INFO - 24/07/02 11:24:57 INFO Executor: Adding file:/tmp/spark-f098a806-63fb-4ee5-baab-a378e5005930/userFiles-7b589666-face-4318-a2cb-9e2ce27c3820/org.postgresql_postgresql-42.5.4.jar to class loader default
[2024-07-02T11:24:57.839+0000] {docker.py:436} INFO - 24/07/02 11:24:57 INFO Executor: Fetching spark://localhost:40033/jars/org.apache.spark_spark-sql-kafka-0-10_2.12-3.5.0.jar with timestamp 1719919496233
[2024-07-02T11:24:57.840+0000] {docker.py:436} INFO - 24/07/02 11:24:57 INFO Utils: Fetching spark://localhost:40033/jars/org.apache.spark_spark-sql-kafka-0-10_2.12-3.5.0.jar to /tmp/spark-f098a806-63fb-4ee5-baab-a378e5005930/userFiles-7b589666-face-4318-a2cb-9e2ce27c3820/fetchFileTemp14767658673596195653.tmp
[2024-07-02T11:24:57.845+0000] {docker.py:436} INFO - 24/07/02 11:24:57 INFO Utils: /tmp/spark-f098a806-63fb-4ee5-baab-a378e5005930/userFiles-7b589666-face-4318-a2cb-9e2ce27c3820/fetchFileTemp14767658673596195653.tmp has been previously copied to /tmp/spark-f098a806-63fb-4ee5-baab-a378e5005930/userFiles-7b589666-face-4318-a2cb-9e2ce27c3820/org.apache.spark_spark-sql-kafka-0-10_2.12-3.5.0.jar
[2024-07-02T11:24:57.849+0000] {docker.py:436} INFO - 24/07/02 11:24:57 INFO Executor: Adding file:/tmp/spark-f098a806-63fb-4ee5-baab-a378e5005930/userFiles-7b589666-face-4318-a2cb-9e2ce27c3820/org.apache.spark_spark-sql-kafka-0-10_2.12-3.5.0.jar to class loader default
[2024-07-02T11:24:57.849+0000] {docker.py:436} INFO - 24/07/02 11:24:57 INFO Executor: Fetching spark://localhost:40033/jars/org.apache.kafka_kafka-clients-3.4.1.jar with timestamp 1719919496233
[2024-07-02T11:24:57.851+0000] {docker.py:436} INFO - 24/07/02 11:24:57 INFO Utils: Fetching spark://localhost:40033/jars/org.apache.kafka_kafka-clients-3.4.1.jar to /tmp/spark-f098a806-63fb-4ee5-baab-a378e5005930/userFiles-7b589666-face-4318-a2cb-9e2ce27c3820/fetchFileTemp2576176079867632907.tmp
[2024-07-02T11:24:57.892+0000] {docker.py:436} INFO - 24/07/02 11:24:57 INFO Utils: /tmp/spark-f098a806-63fb-4ee5-baab-a378e5005930/userFiles-7b589666-face-4318-a2cb-9e2ce27c3820/fetchFileTemp2576176079867632907.tmp has been previously copied to /tmp/spark-f098a806-63fb-4ee5-baab-a378e5005930/userFiles-7b589666-face-4318-a2cb-9e2ce27c3820/org.apache.kafka_kafka-clients-3.4.1.jar
[2024-07-02T11:24:57.899+0000] {docker.py:436} INFO - 24/07/02 11:24:57 INFO Executor: Adding file:/tmp/spark-f098a806-63fb-4ee5-baab-a378e5005930/userFiles-7b589666-face-4318-a2cb-9e2ce27c3820/org.apache.kafka_kafka-clients-3.4.1.jar to class loader default
[2024-07-02T11:24:57.901+0000] {docker.py:436} INFO - 24/07/02 11:24:57 INFO Executor: Fetching spark://localhost:40033/jars/org.apache.hadoop_hadoop-client-runtime-3.3.4.jar with timestamp 1719919496233
24/07/02 11:24:57 INFO Utils: Fetching spark://localhost:40033/jars/org.apache.hadoop_hadoop-client-runtime-3.3.4.jar to /tmp/spark-f098a806-63fb-4ee5-baab-a378e5005930/userFiles-7b589666-face-4318-a2cb-9e2ce27c3820/fetchFileTemp15523725634168884970.tmp
[2024-07-02T11:24:58.106+0000] {docker.py:436} INFO - 24/07/02 11:24:58 INFO Utils: /tmp/spark-f098a806-63fb-4ee5-baab-a378e5005930/userFiles-7b589666-face-4318-a2cb-9e2ce27c3820/fetchFileTemp15523725634168884970.tmp has been previously copied to /tmp/spark-f098a806-63fb-4ee5-baab-a378e5005930/userFiles-7b589666-face-4318-a2cb-9e2ce27c3820/org.apache.hadoop_hadoop-client-runtime-3.3.4.jar
[2024-07-02T11:24:58.115+0000] {docker.py:436} INFO - 24/07/02 11:24:58 INFO Executor: Adding file:/tmp/spark-f098a806-63fb-4ee5-baab-a378e5005930/userFiles-7b589666-face-4318-a2cb-9e2ce27c3820/org.apache.hadoop_hadoop-client-runtime-3.3.4.jar to class loader default
[2024-07-02T11:24:58.116+0000] {docker.py:436} INFO - 24/07/02 11:24:58 INFO Executor: Fetching spark://localhost:40033/jars/com.google.code.findbugs_jsr305-3.0.0.jar with timestamp 1719919496233
[2024-07-02T11:24:58.117+0000] {docker.py:436} INFO - 24/07/02 11:24:58 INFO Utils: Fetching spark://localhost:40033/jars/com.google.code.findbugs_jsr305-3.0.0.jar to /tmp/spark-f098a806-63fb-4ee5-baab-a378e5005930/userFiles-7b589666-face-4318-a2cb-9e2ce27c3820/fetchFileTemp17361990621321294763.tmp
[2024-07-02T11:24:58.119+0000] {docker.py:436} INFO - 24/07/02 11:24:58 INFO Utils: /tmp/spark-f098a806-63fb-4ee5-baab-a378e5005930/userFiles-7b589666-face-4318-a2cb-9e2ce27c3820/fetchFileTemp17361990621321294763.tmp has been previously copied to /tmp/spark-f098a806-63fb-4ee5-baab-a378e5005930/userFiles-7b589666-face-4318-a2cb-9e2ce27c3820/com.google.code.findbugs_jsr305-3.0.0.jar
[2024-07-02T11:24:58.126+0000] {docker.py:436} INFO - 24/07/02 11:24:58 INFO Executor: Adding file:/tmp/spark-f098a806-63fb-4ee5-baab-a378e5005930/userFiles-7b589666-face-4318-a2cb-9e2ce27c3820/com.google.code.findbugs_jsr305-3.0.0.jar to class loader default
[2024-07-02T11:24:58.127+0000] {docker.py:436} INFO - 24/07/02 11:24:58 INFO Executor: Fetching spark://localhost:40033/jars/org.lz4_lz4-java-1.8.0.jar with timestamp 1719919496233
[2024-07-02T11:24:58.128+0000] {docker.py:436} INFO - 24/07/02 11:24:58 INFO Utils: Fetching spark://localhost:40033/jars/org.lz4_lz4-java-1.8.0.jar to /tmp/spark-f098a806-63fb-4ee5-baab-a378e5005930/userFiles-7b589666-face-4318-a2cb-9e2ce27c3820/fetchFileTemp5187496692423374816.tmp
[2024-07-02T11:24:58.132+0000] {docker.py:436} INFO - 24/07/02 11:24:58 INFO Utils: /tmp/spark-f098a806-63fb-4ee5-baab-a378e5005930/userFiles-7b589666-face-4318-a2cb-9e2ce27c3820/fetchFileTemp5187496692423374816.tmp has been previously copied to /tmp/spark-f098a806-63fb-4ee5-baab-a378e5005930/userFiles-7b589666-face-4318-a2cb-9e2ce27c3820/org.lz4_lz4-java-1.8.0.jar
[2024-07-02T11:24:58.138+0000] {docker.py:436} INFO - 24/07/02 11:24:58 INFO Executor: Adding file:/tmp/spark-f098a806-63fb-4ee5-baab-a378e5005930/userFiles-7b589666-face-4318-a2cb-9e2ce27c3820/org.lz4_lz4-java-1.8.0.jar to class loader default
[2024-07-02T11:24:58.139+0000] {docker.py:436} INFO - 24/07/02 11:24:58 INFO Executor: Fetching spark://localhost:40033/jars/org.apache.spark_spark-token-provider-kafka-0-10_2.12-3.5.0.jar with timestamp 1719919496233
[2024-07-02T11:24:58.140+0000] {docker.py:436} INFO - 24/07/02 11:24:58 INFO Utils: Fetching spark://localhost:40033/jars/org.apache.spark_spark-token-provider-kafka-0-10_2.12-3.5.0.jar to /tmp/spark-f098a806-63fb-4ee5-baab-a378e5005930/userFiles-7b589666-face-4318-a2cb-9e2ce27c3820/fetchFileTemp12179131754567644612.tmp
[2024-07-02T11:24:58.142+0000] {docker.py:436} INFO - 24/07/02 11:24:58 INFO Utils: /tmp/spark-f098a806-63fb-4ee5-baab-a378e5005930/userFiles-7b589666-face-4318-a2cb-9e2ce27c3820/fetchFileTemp12179131754567644612.tmp has been previously copied to /tmp/spark-f098a806-63fb-4ee5-baab-a378e5005930/userFiles-7b589666-face-4318-a2cb-9e2ce27c3820/org.apache.spark_spark-token-provider-kafka-0-10_2.12-3.5.0.jar
[2024-07-02T11:24:58.150+0000] {docker.py:436} INFO - 24/07/02 11:24:58 INFO Executor: Adding file:/tmp/spark-f098a806-63fb-4ee5-baab-a378e5005930/userFiles-7b589666-face-4318-a2cb-9e2ce27c3820/org.apache.spark_spark-token-provider-kafka-0-10_2.12-3.5.0.jar to class loader default
[2024-07-02T11:24:58.151+0000] {docker.py:436} INFO - 24/07/02 11:24:58 INFO Executor: Fetching spark://localhost:40033/jars/org.apache.hadoop_hadoop-client-api-3.3.4.jar with timestamp 1719919496233
[2024-07-02T11:24:58.151+0000] {docker.py:436} INFO - 24/07/02 11:24:58 INFO Utils: Fetching spark://localhost:40033/jars/org.apache.hadoop_hadoop-client-api-3.3.4.jar to /tmp/spark-f098a806-63fb-4ee5-baab-a378e5005930/userFiles-7b589666-face-4318-a2cb-9e2ce27c3820/fetchFileTemp6254582296638427534.tmp
[2024-07-02T11:24:58.767+0000] {docker.py:436} INFO - 24/07/02 11:24:58 INFO Utils: /tmp/spark-f098a806-63fb-4ee5-baab-a378e5005930/userFiles-7b589666-face-4318-a2cb-9e2ce27c3820/fetchFileTemp6254582296638427534.tmp has been previously copied to /tmp/spark-f098a806-63fb-4ee5-baab-a378e5005930/userFiles-7b589666-face-4318-a2cb-9e2ce27c3820/org.apache.hadoop_hadoop-client-api-3.3.4.jar
[2024-07-02T11:24:58.938+0000] {docker.py:436} INFO - 24/07/02 11:24:58 INFO Executor: Adding file:/tmp/spark-f098a806-63fb-4ee5-baab-a378e5005930/userFiles-7b589666-face-4318-a2cb-9e2ce27c3820/org.apache.hadoop_hadoop-client-api-3.3.4.jar to class loader default
[2024-07-02T11:24:58.939+0000] {docker.py:436} INFO - 24/07/02 11:24:58 INFO Executor: Fetching spark://localhost:40033/jars/org.slf4j_slf4j-api-2.0.7.jar with timestamp 1719919496233
[2024-07-02T11:24:58.940+0000] {docker.py:436} INFO - 24/07/02 11:24:58 INFO Utils: Fetching spark://localhost:40033/jars/org.slf4j_slf4j-api-2.0.7.jar to /tmp/spark-f098a806-63fb-4ee5-baab-a378e5005930/userFiles-7b589666-face-4318-a2cb-9e2ce27c3820/fetchFileTemp14244771602012552789.tmp
[2024-07-02T11:24:58.942+0000] {docker.py:436} INFO - 24/07/02 11:24:58 INFO Utils: /tmp/spark-f098a806-63fb-4ee5-baab-a378e5005930/userFiles-7b589666-face-4318-a2cb-9e2ce27c3820/fetchFileTemp14244771602012552789.tmp has been previously copied to /tmp/spark-f098a806-63fb-4ee5-baab-a378e5005930/userFiles-7b589666-face-4318-a2cb-9e2ce27c3820/org.slf4j_slf4j-api-2.0.7.jar
[2024-07-02T11:24:59.002+0000] {docker.py:436} INFO - 24/07/02 11:24:59 INFO Executor: Adding file:/tmp/spark-f098a806-63fb-4ee5-baab-a378e5005930/userFiles-7b589666-face-4318-a2cb-9e2ce27c3820/org.slf4j_slf4j-api-2.0.7.jar to class loader default
[2024-07-02T11:24:59.003+0000] {docker.py:436} INFO - 24/07/02 11:24:59 INFO Executor: Fetching spark://localhost:40033/jars/org.apache.commons_commons-pool2-2.11.1.jar with timestamp 1719919496233
[2024-07-02T11:24:59.005+0000] {docker.py:436} INFO - 24/07/02 11:24:59 INFO Utils: Fetching spark://localhost:40033/jars/org.apache.commons_commons-pool2-2.11.1.jar to /tmp/spark-f098a806-63fb-4ee5-baab-a378e5005930/userFiles-7b589666-face-4318-a2cb-9e2ce27c3820/fetchFileTemp10261283987734288727.tmp
[2024-07-02T11:24:59.006+0000] {docker.py:436} INFO - 24/07/02 11:24:59 INFO Utils: /tmp/spark-f098a806-63fb-4ee5-baab-a378e5005930/userFiles-7b589666-face-4318-a2cb-9e2ce27c3820/fetchFileTemp10261283987734288727.tmp has been previously copied to /tmp/spark-f098a806-63fb-4ee5-baab-a378e5005930/userFiles-7b589666-face-4318-a2cb-9e2ce27c3820/org.apache.commons_commons-pool2-2.11.1.jar
[2024-07-02T11:24:59.022+0000] {docker.py:436} INFO - 24/07/02 11:24:59 INFO Executor: Adding file:/tmp/spark-f098a806-63fb-4ee5-baab-a378e5005930/userFiles-7b589666-face-4318-a2cb-9e2ce27c3820/org.apache.commons_commons-pool2-2.11.1.jar to class loader default
[2024-07-02T11:24:59.022+0000] {docker.py:436} INFO - 24/07/02 11:24:59 INFO Executor: Fetching spark://localhost:40033/jars/commons-logging_commons-logging-1.1.3.jar with timestamp 1719919496233
[2024-07-02T11:24:59.023+0000] {docker.py:436} INFO - 24/07/02 11:24:59 INFO Utils: Fetching spark://localhost:40033/jars/commons-logging_commons-logging-1.1.3.jar to /tmp/spark-f098a806-63fb-4ee5-baab-a378e5005930/userFiles-7b589666-face-4318-a2cb-9e2ce27c3820/fetchFileTemp7995614367968822532.tmp
[2024-07-02T11:24:59.025+0000] {docker.py:436} INFO - 24/07/02 11:24:59 INFO Utils: /tmp/spark-f098a806-63fb-4ee5-baab-a378e5005930/userFiles-7b589666-face-4318-a2cb-9e2ce27c3820/fetchFileTemp7995614367968822532.tmp has been previously copied to /tmp/spark-f098a806-63fb-4ee5-baab-a378e5005930/userFiles-7b589666-face-4318-a2cb-9e2ce27c3820/commons-logging_commons-logging-1.1.3.jar
[2024-07-02T11:24:59.046+0000] {docker.py:436} INFO - 24/07/02 11:24:59 INFO Executor: Adding file:/tmp/spark-f098a806-63fb-4ee5-baab-a378e5005930/userFiles-7b589666-face-4318-a2cb-9e2ce27c3820/commons-logging_commons-logging-1.1.3.jar to class loader default
[2024-07-02T11:24:59.122+0000] {docker.py:436} INFO - 24/07/02 11:24:59 INFO Utils: Successfully started service 'org.apache.spark.network.netty.NettyBlockTransferService' on port 37849.
[2024-07-02T11:24:59.123+0000] {docker.py:436} INFO - 24/07/02 11:24:59 INFO NettyBlockTransferService: Server created on localhost:37849
[2024-07-02T11:24:59.125+0000] {docker.py:436} INFO - 24/07/02 11:24:59 INFO BlockManager: Using org.apache.spark.storage.RandomBlockReplicationPolicy for block replication policy
[2024-07-02T11:24:59.135+0000] {docker.py:436} INFO - 24/07/02 11:24:59 INFO BlockManagerMaster: Registering BlockManager BlockManagerId(driver, localhost, 37849, None)
[2024-07-02T11:24:59.139+0000] {docker.py:436} INFO - 24/07/02 11:24:59 INFO BlockManagerMasterEndpoint: Registering block manager localhost:37849 with 434.4 MiB RAM, BlockManagerId(driver, localhost, 37849, None)
[2024-07-02T11:24:59.142+0000] {docker.py:436} INFO - 24/07/02 11:24:59 INFO BlockManagerMaster: Registered BlockManager BlockManagerId(driver, localhost, 37849, None)
[2024-07-02T11:24:59.143+0000] {docker.py:436} INFO - 24/07/02 11:24:59 INFO BlockManager: Initialized BlockManager: BlockManagerId(driver, localhost, 37849, None)
[2024-07-02T11:24:59.825+0000] {docker.py:436} INFO - 2024-07-02 11:24:59,824:create_spark_session:INFO:Spark session created successfully
[2024-07-02T11:24:59.826+0000] {docker.py:436} INFO - 2024-07-02 11:24:59,824:close:INFO:Closing down clientserver connection
[2024-07-02T11:24:59.878+0000] {docker.py:436} INFO - 24/07/02 11:24:59 INFO SparkContext: Invoking stop() from shutdown hook
[2024-07-02T11:24:59.879+0000] {docker.py:436} INFO - 24/07/02 11:24:59 INFO SparkContext: SparkContext is stopping with exitCode 0.
[2024-07-02T11:24:59.890+0000] {docker.py:436} INFO - 24/07/02 11:24:59 INFO SparkUI: Stopped Spark web UI at http://localhost:4040
[2024-07-02T11:24:59.903+0000] {docker.py:436} INFO - 24/07/02 11:24:59 INFO MapOutputTrackerMasterEndpoint: MapOutputTrackerMasterEndpoint stopped!
[2024-07-02T11:24:59.917+0000] {docker.py:436} INFO - 24/07/02 11:24:59 INFO MemoryStore: MemoryStore cleared
[2024-07-02T11:24:59.918+0000] {docker.py:436} INFO - 24/07/02 11:24:59 INFO BlockManager: BlockManager stopped
[2024-07-02T11:24:59.928+0000] {docker.py:436} INFO - 24/07/02 11:24:59 INFO BlockManagerMaster: BlockManagerMaster stopped
[2024-07-02T11:24:59.934+0000] {docker.py:436} INFO - 24/07/02 11:24:59 INFO OutputCommitCoordinator$OutputCommitCoordinatorEndpoint: OutputCommitCoordinator stopped!
[2024-07-02T11:24:59.956+0000] {docker.py:436} INFO - 24/07/02 11:24:59 INFO SparkContext: Successfully stopped SparkContext
[2024-07-02T11:24:59.956+0000] {docker.py:436} INFO - 24/07/02 11:24:59 INFO ShutdownHookManager: Shutdown hook called
[2024-07-02T11:24:59.957+0000] {docker.py:436} INFO - 24/07/02 11:24:59 INFO ShutdownHookManager: Deleting directory /tmp/spark-f098a806-63fb-4ee5-baab-a378e5005930/pyspark-6aa2bc11-017f-4782-95ac-17942ba4f290
[2024-07-02T11:24:59.962+0000] {docker.py:436} INFO - 24/07/02 11:24:59 INFO ShutdownHookManager: Deleting directory /tmp/spark-4bf5db1f-96b4-467d-9be1-14a3a1e4c1fd
[2024-07-02T11:24:59.966+0000] {docker.py:436} INFO - 24/07/02 11:24:59 INFO ShutdownHookManager: Deleting directory /tmp/spark-f098a806-63fb-4ee5-baab-a378e5005930
[2024-07-02T11:25:01.030+0000] {taskinstance.py:441} INFO - ::group::Post task execution logs
[2024-07-02T11:25:01.054+0000] {taskinstance.py:1206} INFO - Marking task as SUCCESS. dag_id=purchase_dag, task_id=run_pyspark_job, run_id=manual__2024-07-02T11:24:34.417194+00:00, execution_date=20240702T112434, start_date=20240702T112440, end_date=20240702T112501
[2024-07-02T11:25:01.108+0000] {local_task_job_runner.py:240} INFO - Task exited with return code 0
[2024-07-02T11:25:01.124+0000] {taskinstance.py:3498} INFO - 0 downstream tasks scheduled from follow-on schedule check
[2024-07-02T11:25:01.126+0000] {local_task_job_runner.py:222} INFO - ::endgroup::
