[2024-06-25T12:58:40.034+0000] {local_task_job_runner.py:120} INFO - ::group::Pre task execution logs
[2024-06-25T12:58:40.068+0000] {taskinstance.py:2076} INFO - Dependencies all met for dep_context=non-requeueable deps ti=<TaskInstance: Stage_1.run_bronze_job manual__2024-06-25T12:58:33.375504+00:00 [queued]>
[2024-06-25T12:58:40.079+0000] {taskinstance.py:2076} INFO - Dependencies all met for dep_context=requeueable deps ti=<TaskInstance: Stage_1.run_bronze_job manual__2024-06-25T12:58:33.375504+00:00 [queued]>
[2024-06-25T12:58:40.080+0000] {taskinstance.py:2306} INFO - Starting attempt 1 of 1
[2024-06-25T12:58:40.094+0000] {taskinstance.py:2330} INFO - Executing <Task(DockerOperator): run_bronze_job> on 2024-06-25 12:58:33.375504+00:00
[2024-06-25T12:58:40.101+0000] {logging_mixin.py:188} WARNING - /home/***/.local/lib/python3.12/site-packages/***/task/task_runner/standard_task_runner.py:61 DeprecationWarning: This process (pid=2018) is multi-threaded, use of fork() may lead to deadlocks in the child.
[2024-06-25T12:58:40.102+0000] {standard_task_runner.py:63} INFO - Started process 2019 to run task
[2024-06-25T12:58:40.101+0000] {standard_task_runner.py:90} INFO - Running: ['***', 'tasks', 'run', 'Stage_1', 'run_bronze_job', 'manual__2024-06-25T12:58:33.375504+00:00', '--job-id', '174', '--raw', '--subdir', 'DAGS_FOLDER/kafka_dag.py', '--cfg-path', '/tmp/tmpon86fl3u']
[2024-06-25T12:58:40.103+0000] {standard_task_runner.py:91} INFO - Job 174: Subtask run_bronze_job
[2024-06-25T12:58:40.116+0000] {logging_mixin.py:188} WARNING - /home/***/.local/lib/python3.12/site-packages/***/settings.py:195 DeprecationWarning: The sql_alchemy_conn option in [core] has been moved to the sql_alchemy_conn option in [database] - the old setting has been used, but please update your config.
[2024-06-25T12:58:40.148+0000] {task_command.py:426} INFO - Running <TaskInstance: Stage_1.run_bronze_job manual__2024-06-25T12:58:33.375504+00:00 [running]> on host 0b2aef5f9e3a
[2024-06-25T12:58:40.242+0000] {taskinstance.py:2648} INFO - Exporting env vars: AIRFLOW_CTX_DAG_OWNER='***' AIRFLOW_CTX_DAG_ID='Stage_1' AIRFLOW_CTX_TASK_ID='run_bronze_job' AIRFLOW_CTX_EXECUTION_DATE='2024-06-25T12:58:33.375504+00:00' AIRFLOW_CTX_TRY_NUMBER='1' AIRFLOW_CTX_DAG_RUN_ID='manual__2024-06-25T12:58:33.375504+00:00'
[2024-06-25T12:58:40.243+0000] {taskinstance.py:430} INFO - ::endgroup::
[2024-06-25T12:58:40.273+0000] {docker.py:366} INFO - Starting docker container from image bitnami/spark:latest
[2024-06-25T12:58:40.277+0000] {docker.py:374} WARNING - Using remote engine or docker-in-docker and mounting temporary volume from host is not supported. Falling back to `mount_tmp_dir=False` mode. You can set `mount_tmp_dir` parameter to False to disable mounting and remove the warning
[2024-06-25T12:58:40.679+0000] {docker.py:436} INFO - [38;5;6mspark [38;5;5m12:58:40.67 [0m[38;5;2mINFO [0m ==>
[2024-06-25T12:58:40.680+0000] {docker.py:436} INFO - [38;5;6mspark [38;5;5m12:58:40.67 [0m[38;5;2mINFO [0m ==> [1mWelcome to the Bitnami spark container[0m
[2024-06-25T12:58:40.682+0000] {docker.py:436} INFO - [38;5;6mspark [38;5;5m12:58:40.68 [0m[38;5;2mINFO [0m ==> Subscribe to project updates by watching [1mhttps://github.com/bitnami/containers[0m
[2024-06-25T12:58:40.683+0000] {docker.py:436} INFO - [38;5;6mspark [38;5;5m12:58:40.68 [0m[38;5;2mINFO [0m ==> Submit issues and feature requests at [1mhttps://github.com/bitnami/containers/issues[0m
[2024-06-25T12:58:40.685+0000] {docker.py:436} INFO - [38;5;6mspark [38;5;5m12:58:40.68 [0m[38;5;2mINFO [0m ==> Upgrade to Tanzu Application Catalog for production environments to access custom-configured and pre-packaged software components. Gain enhanced features, including Software Bill of Materials (SBOM), CVE scan result reports, and VEX documents. To learn more, visit [1mhttps://bitnami.com/enterprise[0m
[2024-06-25T12:58:40.686+0000] {docker.py:436} INFO - [38;5;6mspark [38;5;5m12:58:40.68 [0m[38;5;2mINFO [0m ==>
[2024-06-25T12:58:40.693+0000] {docker.py:436} INFO - 
[2024-06-25T12:58:42.773+0000] {docker.py:436} INFO - :: loading settings :: url = jar:file:/opt/bitnami/spark/jars/ivy-2.5.1.jar!/org/apache/ivy/core/settings/ivysettings.xml
[2024-06-25T12:58:42.859+0000] {docker.py:436} INFO - Ivy Default Cache set to: /opt/bitnami/spark/.ivy2/cache
The jars for the packages stored in: /opt/bitnami/spark/.ivy2/jars
[2024-06-25T12:58:42.865+0000] {docker.py:436} INFO - org.apache.spark#spark-sql-kafka-0-10_2.12 added as a dependency
[2024-06-25T12:58:42.866+0000] {docker.py:436} INFO - org.postgresql#postgresql added as a dependency
[2024-06-25T12:58:42.867+0000] {docker.py:436} INFO - :: resolving dependencies :: org.apache.spark#spark-submit-parent-c30ff837-c21f-4295-a62e-7d2e50754d69;1.0
	confs: [default]
[2024-06-25T12:58:45.272+0000] {docker.py:436} INFO - found org.apache.spark#spark-sql-kafka-0-10_2.12;3.3.0 in central
[2024-06-25T12:58:45.657+0000] {docker.py:436} INFO - found org.apache.spark#spark-token-provider-kafka-0-10_2.12;3.3.0 in central
[2024-06-25T12:58:45.726+0000] {docker.py:436} INFO - found org.apache.kafka#kafka-clients;2.8.1 in central
[2024-06-25T12:58:45.798+0000] {docker.py:436} INFO - found org.lz4#lz4-java;1.8.0 in central
[2024-06-25T12:58:45.856+0000] {docker.py:436} INFO - found org.xerial.snappy#snappy-java;1.1.8.4 in central
[2024-06-25T12:58:46.719+0000] {docker.py:436} INFO - found org.slf4j#slf4j-api;1.7.32 in central
[2024-06-25T12:58:48.623+0000] {docker.py:436} INFO - found org.apache.hadoop#hadoop-client-runtime;3.3.2 in central
[2024-06-25T12:58:48.732+0000] {docker.py:436} INFO - found org.spark-project.spark#unused;1.0.0 in central
[2024-06-25T12:58:48.838+0000] {docker.py:436} INFO - found org.apache.hadoop#hadoop-client-api;3.3.2 in central
[2024-06-25T12:58:49.950+0000] {docker.py:436} INFO - found commons-logging#commons-logging;1.1.3 in central
[2024-06-25T12:58:49.993+0000] {docker.py:436} INFO - found com.google.code.findbugs#jsr305;3.0.0 in central
[2024-06-25T12:58:51.789+0000] {docker.py:436} INFO - found org.apache.commons#commons-pool2;2.11.1 in central
[2024-06-25T12:58:53.942+0000] {docker.py:436} INFO - found org.postgresql#postgresql;42.2.2 in central
[2024-06-25T12:58:53.963+0000] {docker.py:436} INFO - downloading https://repo1.maven.org/maven2/org/apache/spark/spark-sql-kafka-0-10_2.12/3.3.0/spark-sql-kafka-0-10_2.12-3.3.0.jar ...
[2024-06-25T12:58:54.019+0000] {docker.py:436} INFO - [SUCCESSFUL ] org.apache.spark#spark-sql-kafka-0-10_2.12;3.3.0!spark-sql-kafka-0-10_2.12.jar (66ms)
[2024-06-25T12:58:54.097+0000] {docker.py:436} INFO - downloading https://repo1.maven.org/maven2/org/postgresql/postgresql/42.2.2/postgresql-42.2.2.jar ...
[2024-06-25T12:58:54.200+0000] {docker.py:436} INFO - [SUCCESSFUL ] org.postgresql#postgresql;42.2.2!postgresql.jar(bundle) (180ms)
[2024-06-25T12:58:54.212+0000] {docker.py:436} INFO - downloading https://repo1.maven.org/maven2/org/apache/spark/spark-token-provider-kafka-0-10_2.12/3.3.0/spark-token-provider-kafka-0-10_2.12-3.3.0.jar ...
[2024-06-25T12:58:54.251+0000] {docker.py:436} INFO - [SUCCESSFUL ] org.apache.spark#spark-token-provider-kafka-0-10_2.12;3.3.0!spark-token-provider-kafka-0-10_2.12.jar (50ms)
[2024-06-25T12:58:54.261+0000] {docker.py:436} INFO - downloading https://repo1.maven.org/maven2/org/apache/kafka/kafka-clients/2.8.1/kafka-clients-2.8.1.jar ...
[2024-06-25T12:58:54.785+0000] {docker.py:436} INFO - [SUCCESSFUL ] org.apache.kafka#kafka-clients;2.8.1!kafka-clients.jar (533ms)
[2024-06-25T12:58:54.803+0000] {docker.py:436} INFO - downloading https://repo1.maven.org/maven2/com/google/code/findbugs/jsr305/3.0.0/jsr305-3.0.0.jar ...
[2024-06-25T12:58:54.826+0000] {docker.py:436} INFO - [SUCCESSFUL ] com.google.code.findbugs#jsr305;3.0.0!jsr305.jar (39ms)
[2024-06-25T12:58:54.843+0000] {docker.py:436} INFO - downloading https://repo1.maven.org/maven2/org/apache/commons/commons-pool2/2.11.1/commons-pool2-2.11.1.jar ...
[2024-06-25T12:58:54.899+0000] {docker.py:436} INFO - [SUCCESSFUL ] org.apache.commons#commons-pool2;2.11.1!commons-pool2.jar (71ms)
[2024-06-25T12:58:54.911+0000] {docker.py:436} INFO - downloading https://repo1.maven.org/maven2/org/spark-project/spark/unused/1.0.0/unused-1.0.0.jar ...
[2024-06-25T12:58:54.935+0000] {docker.py:436} INFO - [SUCCESSFUL ] org.spark-project.spark#unused;1.0.0!unused.jar (35ms)
[2024-06-25T12:58:54.961+0000] {docker.py:436} INFO - downloading https://repo1.maven.org/maven2/org/apache/hadoop/hadoop-client-runtime/3.3.2/hadoop-client-runtime-3.3.2.jar ...
[2024-06-25T12:58:58.277+0000] {docker.py:436} INFO - [SUCCESSFUL ] org.apache.hadoop#hadoop-client-runtime;3.3.2!hadoop-client-runtime.jar (3341ms)
[2024-06-25T12:58:58.286+0000] {docker.py:436} INFO - downloading https://repo1.maven.org/maven2/org/lz4/lz4-java/1.8.0/lz4-java-1.8.0.jar ...
[2024-06-25T12:58:58.362+0000] {docker.py:436} INFO - [SUCCESSFUL ] org.lz4#lz4-java;1.8.0!lz4-java.jar (84ms)
[2024-06-25T12:58:58.376+0000] {docker.py:436} INFO - downloading https://repo1.maven.org/maven2/org/xerial/snappy/snappy-java/1.1.8.4/snappy-java-1.1.8.4.jar ...
[2024-06-25T12:58:58.580+0000] {docker.py:436} INFO - [SUCCESSFUL ] org.xerial.snappy#snappy-java;1.1.8.4!snappy-java.jar(bundle) (216ms)
[2024-06-25T12:58:58.589+0000] {docker.py:436} INFO - downloading https://repo1.maven.org/maven2/org/slf4j/slf4j-api/1.7.32/slf4j-api-1.7.32.jar ...
[2024-06-25T12:58:58.605+0000] {docker.py:436} INFO - [SUCCESSFUL ] org.slf4j#slf4j-api;1.7.32!slf4j-api.jar (24ms)
[2024-06-25T12:58:58.616+0000] {docker.py:436} INFO - downloading https://repo1.maven.org/maven2/org/apache/hadoop/hadoop-client-api/3.3.2/hadoop-client-api-3.3.2.jar ...
[2024-06-25T12:59:00.600+0000] {docker.py:436} INFO - [SUCCESSFUL ] org.apache.hadoop#hadoop-client-api;3.3.2!hadoop-client-api.jar (1993ms)
[2024-06-25T12:59:00.611+0000] {docker.py:436} INFO - downloading https://repo1.maven.org/maven2/commons-logging/commons-logging/1.1.3/commons-logging-1.1.3.jar ...
[2024-06-25T12:59:00.628+0000] {docker.py:436} INFO - [SUCCESSFUL ] commons-logging#commons-logging;1.1.3!commons-logging.jar (28ms)
[2024-06-25T12:59:00.629+0000] {docker.py:436} INFO - :: resolution report :: resolve 11085ms :: artifacts dl 6677ms
[2024-06-25T12:59:00.630+0000] {docker.py:436} INFO - :: modules in use:
	com.google.code.findbugs#jsr305;3.0.0 from central in [default]
	commons-logging#commons-logging;1.1.3 from central in [default]
	org.apache.commons#commons-pool2;2.11.1 from central in [default]
[2024-06-25T12:59:00.632+0000] {docker.py:436} INFO - org.apache.hadoop#hadoop-client-api;3.3.2 from central in [default]
[2024-06-25T12:59:00.633+0000] {docker.py:436} INFO - org.apache.hadoop#hadoop-client-runtime;3.3.2 from central in [default]
[2024-06-25T12:59:00.634+0000] {docker.py:436} INFO - org.apache.kafka#kafka-clients;2.8.1 from central in [default]
[2024-06-25T12:59:00.636+0000] {docker.py:436} INFO - org.apache.spark#spark-sql-kafka-0-10_2.12;3.3.0 from central in [default]
[2024-06-25T12:59:00.636+0000] {docker.py:436} INFO - org.apache.spark#spark-token-provider-kafka-0-10_2.12;3.3.0 from central in [default]
[2024-06-25T12:59:00.637+0000] {docker.py:436} INFO - org.lz4#lz4-java;1.8.0 from central in [default]
[2024-06-25T12:59:00.637+0000] {docker.py:436} INFO - org.postgresql#postgresql;42.2.2 from central in [default]
[2024-06-25T12:59:00.638+0000] {docker.py:436} INFO - org.slf4j#slf4j-api;1.7.32 from central in [default]
[2024-06-25T12:59:00.638+0000] {docker.py:436} INFO - org.spark-project.spark#unused;1.0.0 from central in [default]
[2024-06-25T12:59:00.638+0000] {docker.py:436} INFO - org.xerial.snappy#snappy-java;1.1.8.4 from central in [default]
[2024-06-25T12:59:00.639+0000] {docker.py:436} INFO - ---------------------------------------------------------------------
[2024-06-25T12:59:00.639+0000] {docker.py:436} INFO - |                  |            modules            ||   artifacts   |
[2024-06-25T12:59:00.640+0000] {docker.py:436} INFO - |       conf       | number| search|dwnlded|evicted|| number|dwnlded|
	---------------------------------------------------------------------
[2024-06-25T12:59:00.640+0000] {docker.py:436} INFO - |      default     |   13  |   13  |   13  |   0   ||   13  |   13  |
[2024-06-25T12:59:00.641+0000] {docker.py:436} INFO - ---------------------------------------------------------------------
[2024-06-25T12:59:00.645+0000] {docker.py:436} INFO - :: retrieving :: org.apache.spark#spark-submit-parent-c30ff837-c21f-4295-a62e-7d2e50754d69
[2024-06-25T12:59:00.646+0000] {docker.py:436} INFO - confs: [default]
[2024-06-25T12:59:00.745+0000] {docker.py:436} INFO - 13 artifacts copied, 0 already retrieved (57403kB/100ms)
[2024-06-25T12:59:01.052+0000] {docker.py:436} INFO - 24/06/25 12:59:01 WARN NativeCodeLoader: Unable to load native-hadoop library for your platform... using builtin-java classes where applicable
[2024-06-25T12:59:02.372+0000] {docker.py:436} INFO - 24/06/25 12:59:02 INFO SparkContext: Running Spark version 3.5.1
[2024-06-25T12:59:02.378+0000] {docker.py:436} INFO - 24/06/25 12:59:02 INFO SparkContext: OS info Linux, 6.5.0-41-generic, amd64
[2024-06-25T12:59:02.379+0000] {docker.py:436} INFO - 24/06/25 12:59:02 INFO SparkContext: Java version 17.0.11
[2024-06-25T12:59:02.409+0000] {docker.py:436} INFO - 24/06/25 12:59:02 INFO ResourceUtils: ==============================================================
[2024-06-25T12:59:02.410+0000] {docker.py:436} INFO - 24/06/25 12:59:02 INFO ResourceUtils: No custom resources configured for spark.driver.
24/06/25 12:59:02 INFO ResourceUtils: ==============================================================
[2024-06-25T12:59:02.411+0000] {docker.py:436} INFO - 24/06/25 12:59:02 INFO SparkContext: Submitted application: PostgreSQL Connection with PySpark
[2024-06-25T12:59:02.446+0000] {docker.py:436} INFO - 24/06/25 12:59:02 INFO ResourceProfile: Default ResourceProfile created, executor resources: Map(cores -> name: cores, amount: 1, script: , vendor: , memory -> name: memory, amount: 1024, script: , vendor: , offHeap -> name: offHeap, amount: 0, script: , vendor: ), task resources: Map(cpus -> name: cpus, amount: 1.0)
[2024-06-25T12:59:02.461+0000] {docker.py:436} INFO - 24/06/25 12:59:02 INFO ResourceProfile: Limiting resource is cpu
[2024-06-25T12:59:02.462+0000] {docker.py:436} INFO - 24/06/25 12:59:02 INFO ResourceProfileManager: Added ResourceProfile id: 0
[2024-06-25T12:59:02.564+0000] {docker.py:436} INFO - 24/06/25 12:59:02 INFO SecurityManager: Changing view acls to: spark
[2024-06-25T12:59:02.564+0000] {docker.py:436} INFO - 24/06/25 12:59:02 INFO SecurityManager: Changing modify acls to: spark
[2024-06-25T12:59:02.565+0000] {docker.py:436} INFO - 24/06/25 12:59:02 INFO SecurityManager: Changing view acls groups to:
[2024-06-25T12:59:02.567+0000] {docker.py:436} INFO - 24/06/25 12:59:02 INFO SecurityManager: Changing modify acls groups to:
[2024-06-25T12:59:02.568+0000] {docker.py:436} INFO - 24/06/25 12:59:02 INFO SecurityManager: SecurityManager: authentication disabled; ui acls disabled; users with view permissions: spark; groups with view permissions: EMPTY; users with modify permissions: spark; groups with modify permissions: EMPTY
[2024-06-25T12:59:02.906+0000] {docker.py:436} INFO - 24/06/25 12:59:02 INFO Utils: Successfully started service 'sparkDriver' on port 41081.
[2024-06-25T12:59:02.940+0000] {docker.py:436} INFO - 24/06/25 12:59:02 INFO SparkEnv: Registering MapOutputTracker
[2024-06-25T12:59:02.992+0000] {docker.py:436} INFO - 24/06/25 12:59:02 INFO SparkEnv: Registering BlockManagerMaster
[2024-06-25T12:59:03.024+0000] {docker.py:436} INFO - 24/06/25 12:59:03 INFO BlockManagerMasterEndpoint: Using org.apache.spark.storage.DefaultTopologyMapper for getting topology information
[2024-06-25T12:59:03.025+0000] {docker.py:436} INFO - 24/06/25 12:59:03 INFO BlockManagerMasterEndpoint: BlockManagerMasterEndpoint up
[2024-06-25T12:59:03.030+0000] {docker.py:436} INFO - 24/06/25 12:59:03 INFO SparkEnv: Registering BlockManagerMasterHeartbeat
[2024-06-25T12:59:03.053+0000] {docker.py:436} INFO - 24/06/25 12:59:03 INFO DiskBlockManager: Created local directory at /tmp/blockmgr-171bfe12-2785-4f14-9baa-def50f4baaf8
[2024-06-25T12:59:03.076+0000] {docker.py:436} INFO - 24/06/25 12:59:03 INFO MemoryStore: MemoryStore started with capacity 434.4 MiB
[2024-06-25T12:59:03.100+0000] {docker.py:436} INFO - 24/06/25 12:59:03 INFO SparkEnv: Registering OutputCommitCoordinator
[2024-06-25T12:59:03.283+0000] {docker.py:436} INFO - 24/06/25 12:59:03 INFO JettyUtils: Start Jetty 0.0.0.0:4040 for SparkUI
[2024-06-25T12:59:03.390+0000] {docker.py:436} INFO - 24/06/25 12:59:03 INFO Utils: Successfully started service 'SparkUI' on port 4040.
[2024-06-25T12:59:03.441+0000] {docker.py:436} INFO - 24/06/25 12:59:03 INFO SparkContext: Added JAR file:///opt/bitnami/spark/.ivy2/jars/org.apache.spark_spark-sql-kafka-0-10_2.12-3.3.0.jar at spark://localhost:41081/jars/org.apache.spark_spark-sql-kafka-0-10_2.12-3.3.0.jar with timestamp 1719320342361
[2024-06-25T12:59:03.442+0000] {docker.py:436} INFO - 24/06/25 12:59:03 INFO SparkContext: Added JAR file:///opt/bitnami/spark/.ivy2/jars/org.postgresql_postgresql-42.2.2.jar at spark://localhost:41081/jars/org.postgresql_postgresql-42.2.2.jar with timestamp 1719320342361
[2024-06-25T12:59:03.443+0000] {docker.py:436} INFO - 24/06/25 12:59:03 INFO SparkContext: Added JAR file:///opt/bitnami/spark/.ivy2/jars/org.apache.spark_spark-token-provider-kafka-0-10_2.12-3.3.0.jar at spark://localhost:41081/jars/org.apache.spark_spark-token-provider-kafka-0-10_2.12-3.3.0.jar with timestamp 1719320342361
24/06/25 12:59:03 INFO SparkContext: Added JAR file:///opt/bitnami/spark/.ivy2/jars/org.apache.kafka_kafka-clients-2.8.1.jar at spark://localhost:41081/jars/org.apache.kafka_kafka-clients-2.8.1.jar with timestamp 1719320342361
24/06/25 12:59:03 INFO SparkContext: Added JAR file:///opt/bitnami/spark/.ivy2/jars/com.google.code.findbugs_jsr305-3.0.0.jar at spark://localhost:41081/jars/com.google.code.findbugs_jsr305-3.0.0.jar with timestamp 1719320342361
[2024-06-25T12:59:03.443+0000] {docker.py:436} INFO - 24/06/25 12:59:03 INFO SparkContext: Added JAR file:///opt/bitnami/spark/.ivy2/jars/org.apache.commons_commons-pool2-2.11.1.jar at spark://localhost:41081/jars/org.apache.commons_commons-pool2-2.11.1.jar with timestamp 1719320342361
[2024-06-25T12:59:03.445+0000] {docker.py:436} INFO - 24/06/25 12:59:03 INFO SparkContext: Added JAR file:///opt/bitnami/spark/.ivy2/jars/org.spark-project.spark_unused-1.0.0.jar at spark://localhost:41081/jars/org.spark-project.spark_unused-1.0.0.jar with timestamp 1719320342361
24/06/25 12:59:03 INFO SparkContext: Added JAR file:///opt/bitnami/spark/.ivy2/jars/org.apache.hadoop_hadoop-client-runtime-3.3.2.jar at spark://localhost:41081/jars/org.apache.hadoop_hadoop-client-runtime-3.3.2.jar with timestamp 1719320342361
24/06/25 12:59:03 INFO SparkContext: Added JAR file:///opt/bitnami/spark/.ivy2/jars/org.lz4_lz4-java-1.8.0.jar at spark://localhost:41081/jars/org.lz4_lz4-java-1.8.0.jar with timestamp 1719320342361
[2024-06-25T12:59:03.445+0000] {docker.py:436} INFO - 24/06/25 12:59:03 INFO SparkContext: Added JAR file:///opt/bitnami/spark/.ivy2/jars/org.xerial.snappy_snappy-java-1.1.8.4.jar at spark://localhost:41081/jars/org.xerial.snappy_snappy-java-1.1.8.4.jar with timestamp 1719320342361
[2024-06-25T12:59:03.446+0000] {docker.py:436} INFO - 24/06/25 12:59:03 INFO SparkContext: Added JAR file:///opt/bitnami/spark/.ivy2/jars/org.slf4j_slf4j-api-1.7.32.jar at spark://localhost:41081/jars/org.slf4j_slf4j-api-1.7.32.jar with timestamp 1719320342361
24/06/25 12:59:03 INFO SparkContext: Added JAR file:///opt/bitnami/spark/.ivy2/jars/org.apache.hadoop_hadoop-client-api-3.3.2.jar at spark://localhost:41081/jars/org.apache.hadoop_hadoop-client-api-3.3.2.jar with timestamp 1719320342361
24/06/25 12:59:03 INFO SparkContext: Added JAR file:///opt/bitnami/spark/.ivy2/jars/commons-logging_commons-logging-1.1.3.jar at spark://localhost:41081/jars/commons-logging_commons-logging-1.1.3.jar with timestamp 1719320342361
[2024-06-25T12:59:03.457+0000] {docker.py:436} INFO - 24/06/25 12:59:03 INFO SparkContext: Added file file:///opt/bitnami/spark/.ivy2/jars/org.apache.spark_spark-sql-kafka-0-10_2.12-3.3.0.jar at file:///opt/bitnami/spark/.ivy2/jars/org.apache.spark_spark-sql-kafka-0-10_2.12-3.3.0.jar with timestamp 1719320342361
24/06/25 12:59:03 INFO Utils: Copying /opt/bitnami/spark/.ivy2/jars/org.apache.spark_spark-sql-kafka-0-10_2.12-3.3.0.jar to /tmp/spark-d60f817a-992c-459d-a132-007baea31b87/userFiles-2bd2d2ad-42f2-4eb1-b968-3f4fee907be5/org.apache.spark_spark-sql-kafka-0-10_2.12-3.3.0.jar
[2024-06-25T12:59:03.468+0000] {docker.py:436} INFO - 24/06/25 12:59:03 INFO SparkContext: Added file file:///opt/bitnami/spark/.ivy2/jars/org.postgresql_postgresql-42.2.2.jar at file:///opt/bitnami/spark/.ivy2/jars/org.postgresql_postgresql-42.2.2.jar with timestamp 1719320342361
[2024-06-25T12:59:03.469+0000] {docker.py:436} INFO - 24/06/25 12:59:03 INFO Utils: Copying /opt/bitnami/spark/.ivy2/jars/org.postgresql_postgresql-42.2.2.jar to /tmp/spark-d60f817a-992c-459d-a132-007baea31b87/userFiles-2bd2d2ad-42f2-4eb1-b968-3f4fee907be5/org.postgresql_postgresql-42.2.2.jar
[2024-06-25T12:59:03.476+0000] {docker.py:436} INFO - 24/06/25 12:59:03 INFO SparkContext: Added file file:///opt/bitnami/spark/.ivy2/jars/org.apache.spark_spark-token-provider-kafka-0-10_2.12-3.3.0.jar at file:///opt/bitnami/spark/.ivy2/jars/org.apache.spark_spark-token-provider-kafka-0-10_2.12-3.3.0.jar with timestamp 1719320342361
[2024-06-25T12:59:03.477+0000] {docker.py:436} INFO - 24/06/25 12:59:03 INFO Utils: Copying /opt/bitnami/spark/.ivy2/jars/org.apache.spark_spark-token-provider-kafka-0-10_2.12-3.3.0.jar to /tmp/spark-d60f817a-992c-459d-a132-007baea31b87/userFiles-2bd2d2ad-42f2-4eb1-b968-3f4fee907be5/org.apache.spark_spark-token-provider-kafka-0-10_2.12-3.3.0.jar
[2024-06-25T12:59:03.482+0000] {docker.py:436} INFO - 24/06/25 12:59:03 INFO SparkContext: Added file file:///opt/bitnami/spark/.ivy2/jars/org.apache.kafka_kafka-clients-2.8.1.jar at file:///opt/bitnami/spark/.ivy2/jars/org.apache.kafka_kafka-clients-2.8.1.jar with timestamp 1719320342361
[2024-06-25T12:59:03.483+0000] {docker.py:436} INFO - 24/06/25 12:59:03 INFO Utils: Copying /opt/bitnami/spark/.ivy2/jars/org.apache.kafka_kafka-clients-2.8.1.jar to /tmp/spark-d60f817a-992c-459d-a132-007baea31b87/userFiles-2bd2d2ad-42f2-4eb1-b968-3f4fee907be5/org.apache.kafka_kafka-clients-2.8.1.jar
[2024-06-25T12:59:03.496+0000] {docker.py:436} INFO - 24/06/25 12:59:03 INFO SparkContext: Added file file:///opt/bitnami/spark/.ivy2/jars/com.google.code.findbugs_jsr305-3.0.0.jar at file:///opt/bitnami/spark/.ivy2/jars/com.google.code.findbugs_jsr305-3.0.0.jar with timestamp 1719320342361
[2024-06-25T12:59:03.496+0000] {docker.py:436} INFO - 24/06/25 12:59:03 INFO Utils: Copying /opt/bitnami/spark/.ivy2/jars/com.google.code.findbugs_jsr305-3.0.0.jar to /tmp/spark-d60f817a-992c-459d-a132-007baea31b87/userFiles-2bd2d2ad-42f2-4eb1-b968-3f4fee907be5/com.google.code.findbugs_jsr305-3.0.0.jar
[2024-06-25T12:59:03.503+0000] {docker.py:436} INFO - 24/06/25 12:59:03 INFO SparkContext: Added file file:///opt/bitnami/spark/.ivy2/jars/org.apache.commons_commons-pool2-2.11.1.jar at file:///opt/bitnami/spark/.ivy2/jars/org.apache.commons_commons-pool2-2.11.1.jar with timestamp 1719320342361
[2024-06-25T12:59:03.504+0000] {docker.py:436} INFO - 24/06/25 12:59:03 INFO Utils: Copying /opt/bitnami/spark/.ivy2/jars/org.apache.commons_commons-pool2-2.11.1.jar to /tmp/spark-d60f817a-992c-459d-a132-007baea31b87/userFiles-2bd2d2ad-42f2-4eb1-b968-3f4fee907be5/org.apache.commons_commons-pool2-2.11.1.jar
[2024-06-25T12:59:03.510+0000] {docker.py:436} INFO - 24/06/25 12:59:03 INFO SparkContext: Added file file:///opt/bitnami/spark/.ivy2/jars/org.spark-project.spark_unused-1.0.0.jar at file:///opt/bitnami/spark/.ivy2/jars/org.spark-project.spark_unused-1.0.0.jar with timestamp 1719320342361
[2024-06-25T12:59:03.512+0000] {docker.py:436} INFO - 24/06/25 12:59:03 INFO Utils: Copying /opt/bitnami/spark/.ivy2/jars/org.spark-project.spark_unused-1.0.0.jar to /tmp/spark-d60f817a-992c-459d-a132-007baea31b87/userFiles-2bd2d2ad-42f2-4eb1-b968-3f4fee907be5/org.spark-project.spark_unused-1.0.0.jar
[2024-06-25T12:59:03.517+0000] {docker.py:436} INFO - 24/06/25 12:59:03 INFO SparkContext: Added file file:///opt/bitnami/spark/.ivy2/jars/org.apache.hadoop_hadoop-client-runtime-3.3.2.jar at file:///opt/bitnami/spark/.ivy2/jars/org.apache.hadoop_hadoop-client-runtime-3.3.2.jar with timestamp 1719320342361
[2024-06-25T12:59:03.519+0000] {docker.py:436} INFO - 24/06/25 12:59:03 INFO Utils: Copying /opt/bitnami/spark/.ivy2/jars/org.apache.hadoop_hadoop-client-runtime-3.3.2.jar to /tmp/spark-d60f817a-992c-459d-a132-007baea31b87/userFiles-2bd2d2ad-42f2-4eb1-b968-3f4fee907be5/org.apache.hadoop_hadoop-client-runtime-3.3.2.jar
[2024-06-25T12:59:03.562+0000] {docker.py:436} INFO - 24/06/25 12:59:03 INFO SparkContext: Added file file:///opt/bitnami/spark/.ivy2/jars/org.lz4_lz4-java-1.8.0.jar at file:///opt/bitnami/spark/.ivy2/jars/org.lz4_lz4-java-1.8.0.jar with timestamp 1719320342361
[2024-06-25T12:59:03.563+0000] {docker.py:436} INFO - 24/06/25 12:59:03 INFO Utils: Copying /opt/bitnami/spark/.ivy2/jars/org.lz4_lz4-java-1.8.0.jar to /tmp/spark-d60f817a-992c-459d-a132-007baea31b87/userFiles-2bd2d2ad-42f2-4eb1-b968-3f4fee907be5/org.lz4_lz4-java-1.8.0.jar
[2024-06-25T12:59:03.569+0000] {docker.py:436} INFO - 24/06/25 12:59:03 INFO SparkContext: Added file file:///opt/bitnami/spark/.ivy2/jars/org.xerial.snappy_snappy-java-1.1.8.4.jar at file:///opt/bitnami/spark/.ivy2/jars/org.xerial.snappy_snappy-java-1.1.8.4.jar with timestamp 1719320342361
[2024-06-25T12:59:03.570+0000] {docker.py:436} INFO - 24/06/25 12:59:03 INFO Utils: Copying /opt/bitnami/spark/.ivy2/jars/org.xerial.snappy_snappy-java-1.1.8.4.jar to /tmp/spark-d60f817a-992c-459d-a132-007baea31b87/userFiles-2bd2d2ad-42f2-4eb1-b968-3f4fee907be5/org.xerial.snappy_snappy-java-1.1.8.4.jar
[2024-06-25T12:59:03.579+0000] {docker.py:436} INFO - 24/06/25 12:59:03 INFO SparkContext: Added file file:///opt/bitnami/spark/.ivy2/jars/org.slf4j_slf4j-api-1.7.32.jar at file:///opt/bitnami/spark/.ivy2/jars/org.slf4j_slf4j-api-1.7.32.jar with timestamp 1719320342361
[2024-06-25T12:59:03.580+0000] {docker.py:436} INFO - 24/06/25 12:59:03 INFO Utils: Copying /opt/bitnami/spark/.ivy2/jars/org.slf4j_slf4j-api-1.7.32.jar to /tmp/spark-d60f817a-992c-459d-a132-007baea31b87/userFiles-2bd2d2ad-42f2-4eb1-b968-3f4fee907be5/org.slf4j_slf4j-api-1.7.32.jar
[2024-06-25T12:59:03.587+0000] {docker.py:436} INFO - 24/06/25 12:59:03 INFO SparkContext: Added file file:///opt/bitnami/spark/.ivy2/jars/org.apache.hadoop_hadoop-client-api-3.3.2.jar at file:///opt/bitnami/spark/.ivy2/jars/org.apache.hadoop_hadoop-client-api-3.3.2.jar with timestamp 1719320342361
[2024-06-25T12:59:03.588+0000] {docker.py:436} INFO - 24/06/25 12:59:03 INFO Utils: Copying /opt/bitnami/spark/.ivy2/jars/org.apache.hadoop_hadoop-client-api-3.3.2.jar to /tmp/spark-d60f817a-992c-459d-a132-007baea31b87/userFiles-2bd2d2ad-42f2-4eb1-b968-3f4fee907be5/org.apache.hadoop_hadoop-client-api-3.3.2.jar
[2024-06-25T12:59:03.612+0000] {docker.py:436} INFO - 24/06/25 12:59:03 INFO SparkContext: Added file file:///opt/bitnami/spark/.ivy2/jars/commons-logging_commons-logging-1.1.3.jar at file:///opt/bitnami/spark/.ivy2/jars/commons-logging_commons-logging-1.1.3.jar with timestamp 1719320342361
[2024-06-25T12:59:03.613+0000] {docker.py:436} INFO - 24/06/25 12:59:03 INFO Utils: Copying /opt/bitnami/spark/.ivy2/jars/commons-logging_commons-logging-1.1.3.jar to /tmp/spark-d60f817a-992c-459d-a132-007baea31b87/userFiles-2bd2d2ad-42f2-4eb1-b968-3f4fee907be5/commons-logging_commons-logging-1.1.3.jar
[2024-06-25T12:59:03.721+0000] {docker.py:436} INFO - 24/06/25 12:59:03 INFO Executor: Starting executor ID driver on host localhost
[2024-06-25T12:59:03.723+0000] {docker.py:436} INFO - 24/06/25 12:59:03 INFO Executor: OS info Linux, 6.5.0-41-generic, amd64
[2024-06-25T12:59:03.724+0000] {docker.py:436} INFO - 24/06/25 12:59:03 INFO Executor: Java version 17.0.11
[2024-06-25T12:59:03.737+0000] {docker.py:436} INFO - 24/06/25 12:59:03 INFO Executor: Starting executor with user classpath (userClassPathFirst = false): ''
[2024-06-25T12:59:03.739+0000] {docker.py:436} INFO - 24/06/25 12:59:03 INFO Executor: Created or updated repl class loader org.apache.spark.util.MutableURLClassLoader@7b7eed2 for default.
[2024-06-25T12:59:03.750+0000] {docker.py:436} INFO - 24/06/25 12:59:03 INFO Executor: Fetching file:///opt/bitnami/spark/.ivy2/jars/org.postgresql_postgresql-42.2.2.jar with timestamp 1719320342361
[2024-06-25T12:59:03.777+0000] {docker.py:436} INFO - 24/06/25 12:59:03 INFO Utils: /opt/bitnami/spark/.ivy2/jars/org.postgresql_postgresql-42.2.2.jar has been previously copied to /tmp/spark-d60f817a-992c-459d-a132-007baea31b87/userFiles-2bd2d2ad-42f2-4eb1-b968-3f4fee907be5/org.postgresql_postgresql-42.2.2.jar
[2024-06-25T12:59:03.792+0000] {docker.py:436} INFO - 24/06/25 12:59:03 INFO Executor: Fetching file:///opt/bitnami/spark/.ivy2/jars/org.apache.hadoop_hadoop-client-api-3.3.2.jar with timestamp 1719320342361
[2024-06-25T12:59:03.818+0000] {docker.py:436} INFO - 24/06/25 12:59:03 INFO Utils: /opt/bitnami/spark/.ivy2/jars/org.apache.hadoop_hadoop-client-api-3.3.2.jar has been previously copied to /tmp/spark-d60f817a-992c-459d-a132-007baea31b87/userFiles-2bd2d2ad-42f2-4eb1-b968-3f4fee907be5/org.apache.hadoop_hadoop-client-api-3.3.2.jar
[2024-06-25T12:59:03.830+0000] {docker.py:436} INFO - 24/06/25 12:59:03 INFO Executor: Fetching file:///opt/bitnami/spark/.ivy2/jars/org.xerial.snappy_snappy-java-1.1.8.4.jar with timestamp 1719320342361
[2024-06-25T12:59:03.844+0000] {docker.py:436} INFO - 24/06/25 12:59:03 INFO Utils: /opt/bitnami/spark/.ivy2/jars/org.xerial.snappy_snappy-java-1.1.8.4.jar has been previously copied to /tmp/spark-d60f817a-992c-459d-a132-007baea31b87/userFiles-2bd2d2ad-42f2-4eb1-b968-3f4fee907be5/org.xerial.snappy_snappy-java-1.1.8.4.jar
[2024-06-25T12:59:03.846+0000] {docker.py:436} INFO - 24/06/25 12:59:03 INFO Executor: Fetching file:///opt/bitnami/spark/.ivy2/jars/org.apache.hadoop_hadoop-client-runtime-3.3.2.jar with timestamp 1719320342361
[2024-06-25T12:59:03.886+0000] {docker.py:436} INFO - 24/06/25 12:59:03 INFO Utils: /opt/bitnami/spark/.ivy2/jars/org.apache.hadoop_hadoop-client-runtime-3.3.2.jar has been previously copied to /tmp/spark-d60f817a-992c-459d-a132-007baea31b87/userFiles-2bd2d2ad-42f2-4eb1-b968-3f4fee907be5/org.apache.hadoop_hadoop-client-runtime-3.3.2.jar
[2024-06-25T12:59:03.892+0000] {docker.py:436} INFO - 24/06/25 12:59:03 INFO Executor: Fetching file:///opt/bitnami/spark/.ivy2/jars/org.apache.commons_commons-pool2-2.11.1.jar with timestamp 1719320342361
[2024-06-25T12:59:03.893+0000] {docker.py:436} INFO - 24/06/25 12:59:03 INFO Utils: /opt/bitnami/spark/.ivy2/jars/org.apache.commons_commons-pool2-2.11.1.jar has been previously copied to /tmp/spark-d60f817a-992c-459d-a132-007baea31b87/userFiles-2bd2d2ad-42f2-4eb1-b968-3f4fee907be5/org.apache.commons_commons-pool2-2.11.1.jar
[2024-06-25T12:59:03.899+0000] {docker.py:436} INFO - 24/06/25 12:59:03 INFO Executor: Fetching file:///opt/bitnami/spark/.ivy2/jars/org.apache.spark_spark-token-provider-kafka-0-10_2.12-3.3.0.jar with timestamp 1719320342361
[2024-06-25T12:59:03.900+0000] {docker.py:436} INFO - 24/06/25 12:59:03 INFO Utils: /opt/bitnami/spark/.ivy2/jars/org.apache.spark_spark-token-provider-kafka-0-10_2.12-3.3.0.jar has been previously copied to /tmp/spark-d60f817a-992c-459d-a132-007baea31b87/userFiles-2bd2d2ad-42f2-4eb1-b968-3f4fee907be5/org.apache.spark_spark-token-provider-kafka-0-10_2.12-3.3.0.jar
[2024-06-25T12:59:03.907+0000] {docker.py:436} INFO - 24/06/25 12:59:03 INFO Executor: Fetching file:///opt/bitnami/spark/.ivy2/jars/org.slf4j_slf4j-api-1.7.32.jar with timestamp 1719320342361
24/06/25 12:59:03 INFO Utils: /opt/bitnami/spark/.ivy2/jars/org.slf4j_slf4j-api-1.7.32.jar has been previously copied to /tmp/spark-d60f817a-992c-459d-a132-007baea31b87/userFiles-2bd2d2ad-42f2-4eb1-b968-3f4fee907be5/org.slf4j_slf4j-api-1.7.32.jar
[2024-06-25T12:59:03.912+0000] {docker.py:436} INFO - 24/06/25 12:59:03 INFO Executor: Fetching file:///opt/bitnami/spark/.ivy2/jars/org.apache.spark_spark-sql-kafka-0-10_2.12-3.3.0.jar with timestamp 1719320342361
[2024-06-25T12:59:03.913+0000] {docker.py:436} INFO - 24/06/25 12:59:03 INFO Utils: /opt/bitnami/spark/.ivy2/jars/org.apache.spark_spark-sql-kafka-0-10_2.12-3.3.0.jar has been previously copied to /tmp/spark-d60f817a-992c-459d-a132-007baea31b87/userFiles-2bd2d2ad-42f2-4eb1-b968-3f4fee907be5/org.apache.spark_spark-sql-kafka-0-10_2.12-3.3.0.jar
[2024-06-25T12:59:03.917+0000] {docker.py:436} INFO - 24/06/25 12:59:03 INFO Executor: Fetching file:///opt/bitnami/spark/.ivy2/jars/com.google.code.findbugs_jsr305-3.0.0.jar with timestamp 1719320342361
[2024-06-25T12:59:03.917+0000] {docker.py:436} INFO - 24/06/25 12:59:03 INFO Utils: /opt/bitnami/spark/.ivy2/jars/com.google.code.findbugs_jsr305-3.0.0.jar has been previously copied to /tmp/spark-d60f817a-992c-459d-a132-007baea31b87/userFiles-2bd2d2ad-42f2-4eb1-b968-3f4fee907be5/com.google.code.findbugs_jsr305-3.0.0.jar
[2024-06-25T12:59:03.921+0000] {docker.py:436} INFO - 24/06/25 12:59:03 INFO Executor: Fetching file:///opt/bitnami/spark/.ivy2/jars/org.lz4_lz4-java-1.8.0.jar with timestamp 1719320342361
[2024-06-25T12:59:03.922+0000] {docker.py:436} INFO - 24/06/25 12:59:03 INFO Utils: /opt/bitnami/spark/.ivy2/jars/org.lz4_lz4-java-1.8.0.jar has been previously copied to /tmp/spark-d60f817a-992c-459d-a132-007baea31b87/userFiles-2bd2d2ad-42f2-4eb1-b968-3f4fee907be5/org.lz4_lz4-java-1.8.0.jar
[2024-06-25T12:59:03.926+0000] {docker.py:436} INFO - 24/06/25 12:59:03 INFO Executor: Fetching file:///opt/bitnami/spark/.ivy2/jars/commons-logging_commons-logging-1.1.3.jar with timestamp 1719320342361
[2024-06-25T12:59:03.926+0000] {docker.py:436} INFO - 24/06/25 12:59:03 INFO Utils: /opt/bitnami/spark/.ivy2/jars/commons-logging_commons-logging-1.1.3.jar has been previously copied to /tmp/spark-d60f817a-992c-459d-a132-007baea31b87/userFiles-2bd2d2ad-42f2-4eb1-b968-3f4fee907be5/commons-logging_commons-logging-1.1.3.jar
[2024-06-25T12:59:03.929+0000] {docker.py:436} INFO - 24/06/25 12:59:03 INFO Executor: Fetching file:///opt/bitnami/spark/.ivy2/jars/org.spark-project.spark_unused-1.0.0.jar with timestamp 1719320342361
[2024-06-25T12:59:03.930+0000] {docker.py:436} INFO - 24/06/25 12:59:03 INFO Utils: /opt/bitnami/spark/.ivy2/jars/org.spark-project.spark_unused-1.0.0.jar has been previously copied to /tmp/spark-d60f817a-992c-459d-a132-007baea31b87/userFiles-2bd2d2ad-42f2-4eb1-b968-3f4fee907be5/org.spark-project.spark_unused-1.0.0.jar
[2024-06-25T12:59:03.933+0000] {docker.py:436} INFO - 24/06/25 12:59:03 INFO Executor: Fetching file:///opt/bitnami/spark/.ivy2/jars/org.apache.kafka_kafka-clients-2.8.1.jar with timestamp 1719320342361
[2024-06-25T12:59:03.938+0000] {docker.py:436} INFO - 24/06/25 12:59:03 INFO Utils: /opt/bitnami/spark/.ivy2/jars/org.apache.kafka_kafka-clients-2.8.1.jar has been previously copied to /tmp/spark-d60f817a-992c-459d-a132-007baea31b87/userFiles-2bd2d2ad-42f2-4eb1-b968-3f4fee907be5/org.apache.kafka_kafka-clients-2.8.1.jar
[2024-06-25T12:59:03.944+0000] {docker.py:436} INFO - 24/06/25 12:59:03 INFO Executor: Fetching spark://localhost:41081/jars/org.apache.kafka_kafka-clients-2.8.1.jar with timestamp 1719320342361
[2024-06-25T12:59:03.990+0000] {docker.py:436} INFO - 24/06/25 12:59:03 INFO TransportClientFactory: Successfully created connection to localhost/127.0.0.1:41081 after 31 ms (0 ms spent in bootstraps)
[2024-06-25T12:59:03.997+0000] {docker.py:436} INFO - 24/06/25 12:59:03 INFO Utils: Fetching spark://localhost:41081/jars/org.apache.kafka_kafka-clients-2.8.1.jar to /tmp/spark-d60f817a-992c-459d-a132-007baea31b87/userFiles-2bd2d2ad-42f2-4eb1-b968-3f4fee907be5/fetchFileTemp9690393088285084050.tmp
[2024-06-25T12:59:04.048+0000] {docker.py:436} INFO - 24/06/25 12:59:04 INFO Utils: /tmp/spark-d60f817a-992c-459d-a132-007baea31b87/userFiles-2bd2d2ad-42f2-4eb1-b968-3f4fee907be5/fetchFileTemp9690393088285084050.tmp has been previously copied to /tmp/spark-d60f817a-992c-459d-a132-007baea31b87/userFiles-2bd2d2ad-42f2-4eb1-b968-3f4fee907be5/org.apache.kafka_kafka-clients-2.8.1.jar
[2024-06-25T12:59:04.083+0000] {docker.py:436} INFO - 24/06/25 12:59:04 INFO Executor: Adding file:/tmp/spark-d60f817a-992c-459d-a132-007baea31b87/userFiles-2bd2d2ad-42f2-4eb1-b968-3f4fee907be5/org.apache.kafka_kafka-clients-2.8.1.jar to class loader default
[2024-06-25T12:59:04.084+0000] {docker.py:436} INFO - 24/06/25 12:59:04 INFO Executor: Fetching spark://localhost:41081/jars/org.lz4_lz4-java-1.8.0.jar with timestamp 1719320342361
[2024-06-25T12:59:04.086+0000] {docker.py:436} INFO - 24/06/25 12:59:04 INFO Utils: Fetching spark://localhost:41081/jars/org.lz4_lz4-java-1.8.0.jar to /tmp/spark-d60f817a-992c-459d-a132-007baea31b87/userFiles-2bd2d2ad-42f2-4eb1-b968-3f4fee907be5/fetchFileTemp117486070448582087.tmp
[2024-06-25T12:59:04.091+0000] {docker.py:436} INFO - 24/06/25 12:59:04 INFO Utils: /tmp/spark-d60f817a-992c-459d-a132-007baea31b87/userFiles-2bd2d2ad-42f2-4eb1-b968-3f4fee907be5/fetchFileTemp117486070448582087.tmp has been previously copied to /tmp/spark-d60f817a-992c-459d-a132-007baea31b87/userFiles-2bd2d2ad-42f2-4eb1-b968-3f4fee907be5/org.lz4_lz4-java-1.8.0.jar
[2024-06-25T12:59:04.096+0000] {docker.py:436} INFO - 24/06/25 12:59:04 INFO Executor: Adding file:/tmp/spark-d60f817a-992c-459d-a132-007baea31b87/userFiles-2bd2d2ad-42f2-4eb1-b968-3f4fee907be5/org.lz4_lz4-java-1.8.0.jar to class loader default
[2024-06-25T12:59:04.097+0000] {docker.py:436} INFO - 24/06/25 12:59:04 INFO Executor: Fetching spark://localhost:41081/jars/org.apache.commons_commons-pool2-2.11.1.jar with timestamp 1719320342361
[2024-06-25T12:59:04.098+0000] {docker.py:436} INFO - 24/06/25 12:59:04 INFO Utils: Fetching spark://localhost:41081/jars/org.apache.commons_commons-pool2-2.11.1.jar to /tmp/spark-d60f817a-992c-459d-a132-007baea31b87/userFiles-2bd2d2ad-42f2-4eb1-b968-3f4fee907be5/fetchFileTemp10929205732797954405.tmp
[2024-06-25T12:59:04.102+0000] {docker.py:436} INFO - 24/06/25 12:59:04 INFO Utils: /tmp/spark-d60f817a-992c-459d-a132-007baea31b87/userFiles-2bd2d2ad-42f2-4eb1-b968-3f4fee907be5/fetchFileTemp10929205732797954405.tmp has been previously copied to /tmp/spark-d60f817a-992c-459d-a132-007baea31b87/userFiles-2bd2d2ad-42f2-4eb1-b968-3f4fee907be5/org.apache.commons_commons-pool2-2.11.1.jar
[2024-06-25T12:59:04.106+0000] {docker.py:436} INFO - 24/06/25 12:59:04 INFO Executor: Adding file:/tmp/spark-d60f817a-992c-459d-a132-007baea31b87/userFiles-2bd2d2ad-42f2-4eb1-b968-3f4fee907be5/org.apache.commons_commons-pool2-2.11.1.jar to class loader default
[2024-06-25T12:59:04.108+0000] {docker.py:436} INFO - 24/06/25 12:59:04 INFO Executor: Fetching spark://localhost:41081/jars/org.xerial.snappy_snappy-java-1.1.8.4.jar with timestamp 1719320342361
[2024-06-25T12:59:04.109+0000] {docker.py:436} INFO - 24/06/25 12:59:04 INFO Utils: Fetching spark://localhost:41081/jars/org.xerial.snappy_snappy-java-1.1.8.4.jar to /tmp/spark-d60f817a-992c-459d-a132-007baea31b87/userFiles-2bd2d2ad-42f2-4eb1-b968-3f4fee907be5/fetchFileTemp6327313620015838124.tmp
[2024-06-25T12:59:04.126+0000] {docker.py:436} INFO - 24/06/25 12:59:04 INFO Utils: /tmp/spark-d60f817a-992c-459d-a132-007baea31b87/userFiles-2bd2d2ad-42f2-4eb1-b968-3f4fee907be5/fetchFileTemp6327313620015838124.tmp has been previously copied to /tmp/spark-d60f817a-992c-459d-a132-007baea31b87/userFiles-2bd2d2ad-42f2-4eb1-b968-3f4fee907be5/org.xerial.snappy_snappy-java-1.1.8.4.jar
[2024-06-25T12:59:04.131+0000] {docker.py:436} INFO - 24/06/25 12:59:04 INFO Executor: Adding file:/tmp/spark-d60f817a-992c-459d-a132-007baea31b87/userFiles-2bd2d2ad-42f2-4eb1-b968-3f4fee907be5/org.xerial.snappy_snappy-java-1.1.8.4.jar to class loader default
[2024-06-25T12:59:04.132+0000] {docker.py:436} INFO - 24/06/25 12:59:04 INFO Executor: Fetching spark://localhost:41081/jars/org.slf4j_slf4j-api-1.7.32.jar with timestamp 1719320342361
[2024-06-25T12:59:04.133+0000] {docker.py:436} INFO - 24/06/25 12:59:04 INFO Utils: Fetching spark://localhost:41081/jars/org.slf4j_slf4j-api-1.7.32.jar to /tmp/spark-d60f817a-992c-459d-a132-007baea31b87/userFiles-2bd2d2ad-42f2-4eb1-b968-3f4fee907be5/fetchFileTemp15792884464039845043.tmp
[2024-06-25T12:59:04.135+0000] {docker.py:436} INFO - 24/06/25 12:59:04 INFO Utils: /tmp/spark-d60f817a-992c-459d-a132-007baea31b87/userFiles-2bd2d2ad-42f2-4eb1-b968-3f4fee907be5/fetchFileTemp15792884464039845043.tmp has been previously copied to /tmp/spark-d60f817a-992c-459d-a132-007baea31b87/userFiles-2bd2d2ad-42f2-4eb1-b968-3f4fee907be5/org.slf4j_slf4j-api-1.7.32.jar
[2024-06-25T12:59:04.139+0000] {docker.py:436} INFO - 24/06/25 12:59:04 INFO Executor: Adding file:/tmp/spark-d60f817a-992c-459d-a132-007baea31b87/userFiles-2bd2d2ad-42f2-4eb1-b968-3f4fee907be5/org.slf4j_slf4j-api-1.7.32.jar to class loader default
[2024-06-25T12:59:04.139+0000] {docker.py:436} INFO - 24/06/25 12:59:04 INFO Executor: Fetching spark://localhost:41081/jars/org.apache.hadoop_hadoop-client-api-3.3.2.jar with timestamp 1719320342361
[2024-06-25T12:59:04.140+0000] {docker.py:436} INFO - 24/06/25 12:59:04 INFO Utils: Fetching spark://localhost:41081/jars/org.apache.hadoop_hadoop-client-api-3.3.2.jar to /tmp/spark-d60f817a-992c-459d-a132-007baea31b87/userFiles-2bd2d2ad-42f2-4eb1-b968-3f4fee907be5/fetchFileTemp16908980960391576997.tmp
[2024-06-25T12:59:04.244+0000] {docker.py:436} INFO - 24/06/25 12:59:04 INFO Utils: /tmp/spark-d60f817a-992c-459d-a132-007baea31b87/userFiles-2bd2d2ad-42f2-4eb1-b968-3f4fee907be5/fetchFileTemp16908980960391576997.tmp has been previously copied to /tmp/spark-d60f817a-992c-459d-a132-007baea31b87/userFiles-2bd2d2ad-42f2-4eb1-b968-3f4fee907be5/org.apache.hadoop_hadoop-client-api-3.3.2.jar
[2024-06-25T12:59:04.250+0000] {docker.py:436} INFO - 24/06/25 12:59:04 INFO Executor: Adding file:/tmp/spark-d60f817a-992c-459d-a132-007baea31b87/userFiles-2bd2d2ad-42f2-4eb1-b968-3f4fee907be5/org.apache.hadoop_hadoop-client-api-3.3.2.jar to class loader default
[2024-06-25T12:59:04.251+0000] {docker.py:436} INFO - 24/06/25 12:59:04 INFO Executor: Fetching spark://localhost:41081/jars/org.postgresql_postgresql-42.2.2.jar with timestamp 1719320342361
[2024-06-25T12:59:04.251+0000] {docker.py:436} INFO - 24/06/25 12:59:04 INFO Utils: Fetching spark://localhost:41081/jars/org.postgresql_postgresql-42.2.2.jar to /tmp/spark-d60f817a-992c-459d-a132-007baea31b87/userFiles-2bd2d2ad-42f2-4eb1-b968-3f4fee907be5/fetchFileTemp4703287386109495070.tmp
[2024-06-25T12:59:04.255+0000] {docker.py:436} INFO - 24/06/25 12:59:04 INFO Utils: /tmp/spark-d60f817a-992c-459d-a132-007baea31b87/userFiles-2bd2d2ad-42f2-4eb1-b968-3f4fee907be5/fetchFileTemp4703287386109495070.tmp has been previously copied to /tmp/spark-d60f817a-992c-459d-a132-007baea31b87/userFiles-2bd2d2ad-42f2-4eb1-b968-3f4fee907be5/org.postgresql_postgresql-42.2.2.jar
[2024-06-25T12:59:04.258+0000] {docker.py:436} INFO - 24/06/25 12:59:04 INFO Executor: Adding file:/tmp/spark-d60f817a-992c-459d-a132-007baea31b87/userFiles-2bd2d2ad-42f2-4eb1-b968-3f4fee907be5/org.postgresql_postgresql-42.2.2.jar to class loader default
[2024-06-25T12:59:04.259+0000] {docker.py:436} INFO - 24/06/25 12:59:04 INFO Executor: Fetching spark://localhost:41081/jars/org.apache.spark_spark-token-provider-kafka-0-10_2.12-3.3.0.jar with timestamp 1719320342361
[2024-06-25T12:59:04.260+0000] {docker.py:436} INFO - 24/06/25 12:59:04 INFO Utils: Fetching spark://localhost:41081/jars/org.apache.spark_spark-token-provider-kafka-0-10_2.12-3.3.0.jar to /tmp/spark-d60f817a-992c-459d-a132-007baea31b87/userFiles-2bd2d2ad-42f2-4eb1-b968-3f4fee907be5/fetchFileTemp15131147924602581929.tmp
[2024-06-25T12:59:04.261+0000] {docker.py:436} INFO - 24/06/25 12:59:04 INFO Utils: /tmp/spark-d60f817a-992c-459d-a132-007baea31b87/userFiles-2bd2d2ad-42f2-4eb1-b968-3f4fee907be5/fetchFileTemp15131147924602581929.tmp has been previously copied to /tmp/spark-d60f817a-992c-459d-a132-007baea31b87/userFiles-2bd2d2ad-42f2-4eb1-b968-3f4fee907be5/org.apache.spark_spark-token-provider-kafka-0-10_2.12-3.3.0.jar
[2024-06-25T12:59:04.264+0000] {docker.py:436} INFO - 24/06/25 12:59:04 INFO Executor: Adding file:/tmp/spark-d60f817a-992c-459d-a132-007baea31b87/userFiles-2bd2d2ad-42f2-4eb1-b968-3f4fee907be5/org.apache.spark_spark-token-provider-kafka-0-10_2.12-3.3.0.jar to class loader default
[2024-06-25T12:59:04.265+0000] {docker.py:436} INFO - 24/06/25 12:59:04 INFO Executor: Fetching spark://localhost:41081/jars/org.spark-project.spark_unused-1.0.0.jar with timestamp 1719320342361
[2024-06-25T12:59:04.265+0000] {docker.py:436} INFO - 24/06/25 12:59:04 INFO Utils: Fetching spark://localhost:41081/jars/org.spark-project.spark_unused-1.0.0.jar to /tmp/spark-d60f817a-992c-459d-a132-007baea31b87/userFiles-2bd2d2ad-42f2-4eb1-b968-3f4fee907be5/fetchFileTemp12622324465858476314.tmp
[2024-06-25T12:59:04.267+0000] {docker.py:436} INFO - 24/06/25 12:59:04 INFO Utils: /tmp/spark-d60f817a-992c-459d-a132-007baea31b87/userFiles-2bd2d2ad-42f2-4eb1-b968-3f4fee907be5/fetchFileTemp12622324465858476314.tmp has been previously copied to /tmp/spark-d60f817a-992c-459d-a132-007baea31b87/userFiles-2bd2d2ad-42f2-4eb1-b968-3f4fee907be5/org.spark-project.spark_unused-1.0.0.jar
[2024-06-25T12:59:04.270+0000] {docker.py:436} INFO - 24/06/25 12:59:04 INFO Executor: Adding file:/tmp/spark-d60f817a-992c-459d-a132-007baea31b87/userFiles-2bd2d2ad-42f2-4eb1-b968-3f4fee907be5/org.spark-project.spark_unused-1.0.0.jar to class loader default
[2024-06-25T12:59:04.271+0000] {docker.py:436} INFO - 24/06/25 12:59:04 INFO Executor: Fetching spark://localhost:41081/jars/com.google.code.findbugs_jsr305-3.0.0.jar with timestamp 1719320342361
[2024-06-25T12:59:04.271+0000] {docker.py:436} INFO - 24/06/25 12:59:04 INFO Utils: Fetching spark://localhost:41081/jars/com.google.code.findbugs_jsr305-3.0.0.jar to /tmp/spark-d60f817a-992c-459d-a132-007baea31b87/userFiles-2bd2d2ad-42f2-4eb1-b968-3f4fee907be5/fetchFileTemp9304320273948234793.tmp
[2024-06-25T12:59:04.272+0000] {docker.py:436} INFO - 24/06/25 12:59:04 INFO Utils: /tmp/spark-d60f817a-992c-459d-a132-007baea31b87/userFiles-2bd2d2ad-42f2-4eb1-b968-3f4fee907be5/fetchFileTemp9304320273948234793.tmp has been previously copied to /tmp/spark-d60f817a-992c-459d-a132-007baea31b87/userFiles-2bd2d2ad-42f2-4eb1-b968-3f4fee907be5/com.google.code.findbugs_jsr305-3.0.0.jar
[2024-06-25T12:59:04.276+0000] {docker.py:436} INFO - 24/06/25 12:59:04 INFO Executor: Adding file:/tmp/spark-d60f817a-992c-459d-a132-007baea31b87/userFiles-2bd2d2ad-42f2-4eb1-b968-3f4fee907be5/com.google.code.findbugs_jsr305-3.0.0.jar to class loader default
[2024-06-25T12:59:04.276+0000] {docker.py:436} INFO - 24/06/25 12:59:04 INFO Executor: Fetching spark://localhost:41081/jars/org.apache.hadoop_hadoop-client-runtime-3.3.2.jar with timestamp 1719320342361
[2024-06-25T12:59:04.277+0000] {docker.py:436} INFO - 24/06/25 12:59:04 INFO Utils: Fetching spark://localhost:41081/jars/org.apache.hadoop_hadoop-client-runtime-3.3.2.jar to /tmp/spark-d60f817a-992c-459d-a132-007baea31b87/userFiles-2bd2d2ad-42f2-4eb1-b968-3f4fee907be5/fetchFileTemp8793327149039000425.tmp
[2024-06-25T12:59:04.455+0000] {docker.py:436} INFO - 24/06/25 12:59:04 INFO Utils: /tmp/spark-d60f817a-992c-459d-a132-007baea31b87/userFiles-2bd2d2ad-42f2-4eb1-b968-3f4fee907be5/fetchFileTemp8793327149039000425.tmp has been previously copied to /tmp/spark-d60f817a-992c-459d-a132-007baea31b87/userFiles-2bd2d2ad-42f2-4eb1-b968-3f4fee907be5/org.apache.hadoop_hadoop-client-runtime-3.3.2.jar
[2024-06-25T12:59:04.462+0000] {docker.py:436} INFO - 24/06/25 12:59:04 INFO Executor: Adding file:/tmp/spark-d60f817a-992c-459d-a132-007baea31b87/userFiles-2bd2d2ad-42f2-4eb1-b968-3f4fee907be5/org.apache.hadoop_hadoop-client-runtime-3.3.2.jar to class loader default
[2024-06-25T12:59:04.463+0000] {docker.py:436} INFO - 24/06/25 12:59:04 INFO Executor: Fetching spark://localhost:41081/jars/commons-logging_commons-logging-1.1.3.jar with timestamp 1719320342361
[2024-06-25T12:59:04.464+0000] {docker.py:436} INFO - 24/06/25 12:59:04 INFO Utils: Fetching spark://localhost:41081/jars/commons-logging_commons-logging-1.1.3.jar to /tmp/spark-d60f817a-992c-459d-a132-007baea31b87/userFiles-2bd2d2ad-42f2-4eb1-b968-3f4fee907be5/fetchFileTemp5121764504596912806.tmp
[2024-06-25T12:59:04.465+0000] {docker.py:436} INFO - 24/06/25 12:59:04 INFO Utils: /tmp/spark-d60f817a-992c-459d-a132-007baea31b87/userFiles-2bd2d2ad-42f2-4eb1-b968-3f4fee907be5/fetchFileTemp5121764504596912806.tmp has been previously copied to /tmp/spark-d60f817a-992c-459d-a132-007baea31b87/userFiles-2bd2d2ad-42f2-4eb1-b968-3f4fee907be5/commons-logging_commons-logging-1.1.3.jar
[2024-06-25T12:59:04.469+0000] {docker.py:436} INFO - 24/06/25 12:59:04 INFO Executor: Adding file:/tmp/spark-d60f817a-992c-459d-a132-007baea31b87/userFiles-2bd2d2ad-42f2-4eb1-b968-3f4fee907be5/commons-logging_commons-logging-1.1.3.jar to class loader default
[2024-06-25T12:59:04.469+0000] {docker.py:436} INFO - 24/06/25 12:59:04 INFO Executor: Fetching spark://localhost:41081/jars/org.apache.spark_spark-sql-kafka-0-10_2.12-3.3.0.jar with timestamp 1719320342361
[2024-06-25T12:59:04.470+0000] {docker.py:436} INFO - 24/06/25 12:59:04 INFO Utils: Fetching spark://localhost:41081/jars/org.apache.spark_spark-sql-kafka-0-10_2.12-3.3.0.jar to /tmp/spark-d60f817a-992c-459d-a132-007baea31b87/userFiles-2bd2d2ad-42f2-4eb1-b968-3f4fee907be5/fetchFileTemp3569678281510106192.tmp
[2024-06-25T12:59:04.472+0000] {docker.py:436} INFO - 24/06/25 12:59:04 INFO Utils: /tmp/spark-d60f817a-992c-459d-a132-007baea31b87/userFiles-2bd2d2ad-42f2-4eb1-b968-3f4fee907be5/fetchFileTemp3569678281510106192.tmp has been previously copied to /tmp/spark-d60f817a-992c-459d-a132-007baea31b87/userFiles-2bd2d2ad-42f2-4eb1-b968-3f4fee907be5/org.apache.spark_spark-sql-kafka-0-10_2.12-3.3.0.jar
[2024-06-25T12:59:04.476+0000] {docker.py:436} INFO - 24/06/25 12:59:04 INFO Executor: Adding file:/tmp/spark-d60f817a-992c-459d-a132-007baea31b87/userFiles-2bd2d2ad-42f2-4eb1-b968-3f4fee907be5/org.apache.spark_spark-sql-kafka-0-10_2.12-3.3.0.jar to class loader default
[2024-06-25T12:59:04.485+0000] {docker.py:436} INFO - 24/06/25 12:59:04 INFO Utils: Successfully started service 'org.apache.spark.network.netty.NettyBlockTransferService' on port 43001.
[2024-06-25T12:59:04.485+0000] {docker.py:436} INFO - 24/06/25 12:59:04 INFO NettyBlockTransferService: Server created on localhost:43001
[2024-06-25T12:59:04.487+0000] {docker.py:436} INFO - 24/06/25 12:59:04 INFO BlockManager: Using org.apache.spark.storage.RandomBlockReplicationPolicy for block replication policy
[2024-06-25T12:59:04.493+0000] {docker.py:436} INFO - 24/06/25 12:59:04 INFO BlockManagerMaster: Registering BlockManager BlockManagerId(driver, localhost, 43001, None)
[2024-06-25T12:59:04.497+0000] {docker.py:436} INFO - 24/06/25 12:59:04 INFO BlockManagerMasterEndpoint: Registering block manager localhost:43001 with 434.4 MiB RAM, BlockManagerId(driver, localhost, 43001, None)
[2024-06-25T12:59:04.499+0000] {docker.py:436} INFO - 24/06/25 12:59:04 INFO BlockManagerMaster: Registered BlockManager BlockManagerId(driver, localhost, 43001, None)
[2024-06-25T12:59:04.500+0000] {docker.py:436} INFO - 24/06/25 12:59:04 INFO BlockManager: Initialized BlockManager: BlockManagerId(driver, localhost, 43001, None)
[2024-06-25T12:59:04.956+0000] {docker.py:436} INFO - 2024-06-25 12:59:04,956:create_spark_session:INFO:Spark session created successfully
[2024-06-25T12:59:04.966+0000] {docker.py:436} INFO - 24/06/25 12:59:04 INFO SharedState: Setting hive.metastore.warehouse.dir ('null') to the value of spark.sql.warehouse.dir.
[2024-06-25T12:59:04.970+0000] {docker.py:436} INFO - 24/06/25 12:59:04 INFO SharedState: Warehouse path is 'file:/opt/bitnami/spark/spark-warehouse'.
[2024-06-25T12:59:06.814+0000] {docker.py:436} INFO - 2024-06-25 12:59:06,813:create_initial_dataframe:INFO:Initial dataframe created successfully: {df.show()}
[2024-06-25T12:59:06.814+0000] {docker.py:436} INFO - StructType([StructField('item_purchased', StringType(), True), StructField('date_of_purchase', DateType(), True), StructField('cost', FloatType(), True), StructField('quantity', IntegerType(), True), StructField('purchased_by', StringType(), True), StructField('payment_method', StringType(), True)])
[2024-06-25T12:59:08.699+0000] {docker.py:436} INFO - 24/06/25 12:59:08 INFO CodeGenerator: Code generated in 179.165854 ms
[2024-06-25T12:59:08.920+0000] {docker.py:436} INFO - 24/06/25 12:59:08 INFO SparkContext: Starting job: jdbc at NativeMethodAccessorImpl.java:0
[2024-06-25T12:59:08.937+0000] {docker.py:436} INFO - 24/06/25 12:59:08 INFO DAGScheduler: Got job 0 (jdbc at NativeMethodAccessorImpl.java:0) with 4 output partitions
[2024-06-25T12:59:08.939+0000] {docker.py:436} INFO - 24/06/25 12:59:08 INFO DAGScheduler: Final stage: ResultStage 0 (jdbc at NativeMethodAccessorImpl.java:0)
24/06/25 12:59:08 INFO DAGScheduler: Parents of final stage: List()
[2024-06-25T12:59:08.940+0000] {docker.py:436} INFO - 24/06/25 12:59:08 INFO DAGScheduler: Missing parents: List()
[2024-06-25T12:59:08.944+0000] {docker.py:436} INFO - 24/06/25 12:59:08 INFO DAGScheduler: Submitting ResultStage 0 (MapPartitionsRDD[8] at jdbc at NativeMethodAccessorImpl.java:0), which has no missing parents
[2024-06-25T12:59:09.201+0000] {docker.py:436} INFO - 24/06/25 12:59:09 INFO MemoryStore: Block broadcast_0 stored as values in memory (estimated size 35.5 KiB, free 434.4 MiB)
[2024-06-25T12:59:09.239+0000] {docker.py:436} INFO - 24/06/25 12:59:09 INFO MemoryStore: Block broadcast_0_piece0 stored as bytes in memory (estimated size 15.4 KiB, free 434.4 MiB)
[2024-06-25T12:59:09.243+0000] {docker.py:436} INFO - 24/06/25 12:59:09 INFO BlockManagerInfo: Added broadcast_0_piece0 in memory on localhost:43001 (size: 15.4 KiB, free: 434.4 MiB)
[2024-06-25T12:59:09.248+0000] {docker.py:436} INFO - 24/06/25 12:59:09 INFO SparkContext: Created broadcast 0 from broadcast at DAGScheduler.scala:1585
[2024-06-25T12:59:09.261+0000] {docker.py:436} INFO - 24/06/25 12:59:09 INFO DAGScheduler: Submitting 4 missing tasks from ResultStage 0 (MapPartitionsRDD[8] at jdbc at NativeMethodAccessorImpl.java:0) (first 15 tasks are for partitions Vector(0, 1, 2, 3))
[2024-06-25T12:59:09.262+0000] {docker.py:436} INFO - 24/06/25 12:59:09 INFO TaskSchedulerImpl: Adding task set 0.0 with 4 tasks resource profile 0
[2024-06-25T12:59:09.311+0000] {docker.py:436} INFO - 24/06/25 12:59:09 INFO TaskSetManager: Starting task 0.0 in stage 0.0 (TID 0) (localhost, executor driver, partition 0, PROCESS_LOCAL, 10106 bytes)
[2024-06-25T12:59:09.315+0000] {docker.py:436} INFO - 24/06/25 12:59:09 INFO TaskSetManager: Starting task 1.0 in stage 0.0 (TID 1) (localhost, executor driver, partition 1, PROCESS_LOCAL, 10143 bytes)
[2024-06-25T12:59:09.317+0000] {docker.py:436} INFO - 24/06/25 12:59:09 INFO TaskSetManager: Starting task 2.0 in stage 0.0 (TID 2) (localhost, executor driver, partition 2, PROCESS_LOCAL, 10141 bytes)
[2024-06-25T12:59:09.318+0000] {docker.py:436} INFO - 24/06/25 12:59:09 INFO TaskSetManager: Starting task 3.0 in stage 0.0 (TID 3) (localhost, executor driver, partition 3, PROCESS_LOCAL, 10145 bytes)
[2024-06-25T12:59:09.332+0000] {docker.py:436} INFO - 24/06/25 12:59:09 INFO Executor: Running task 2.0 in stage 0.0 (TID 2)
24/06/25 12:59:09 INFO Executor: Running task 1.0 in stage 0.0 (TID 1)
[2024-06-25T12:59:09.334+0000] {docker.py:436} INFO - 24/06/25 12:59:09 INFO Executor: Running task 0.0 in stage 0.0 (TID 0)
[2024-06-25T12:59:09.335+0000] {docker.py:436} INFO - 24/06/25 12:59:09 INFO Executor: Running task 3.0 in stage 0.0 (TID 3)
[2024-06-25T12:59:10.383+0000] {docker.py:436} INFO - 24/06/25 12:59:10 INFO CodeGenerator: Code generated in 96.165887 ms
[2024-06-25T12:59:12.207+0000] {docker.py:436} INFO - 24/06/25 12:59:12 INFO CodeGenerator: Code generated in 29.138342 ms
[2024-06-25T12:59:12.225+0000] {docker.py:436} INFO - 24/06/25 12:59:12 INFO PythonRunner: Times: total = 1681, boot = 756, init = 925, finish = 0
[2024-06-25T12:59:12.254+0000] {docker.py:436} INFO - 24/06/25 12:59:12 INFO PythonRunner: Times: total = 1643, boot = 761, init = 882, finish = 0
[2024-06-25T12:59:12.263+0000] {docker.py:436} INFO - 24/06/25 12:59:12 INFO PythonRunner: Times: total = 1902, boot = 778, init = 1124, finish = 0
[2024-06-25T12:59:12.297+0000] {docker.py:436} INFO - 24/06/25 12:59:12 INFO PythonRunner: Times: total = 1630, boot = 766, init = 864, finish = 0
[2024-06-25T12:59:12.310+0000] {docker.py:436} INFO - 24/06/25 12:59:12 INFO Executor: Finished task 1.0 in stage 0.0 (TID 1). 1707 bytes result sent to driver
[2024-06-25T12:59:12.313+0000] {docker.py:436} INFO - 24/06/25 12:59:12 INFO Executor: Finished task 0.0 in stage 0.0 (TID 0). 1707 bytes result sent to driver
[2024-06-25T12:59:12.317+0000] {docker.py:436} INFO - 24/06/25 12:59:12 INFO Executor: Finished task 2.0 in stage 0.0 (TID 2). 1750 bytes result sent to driver
[2024-06-25T12:59:12.318+0000] {docker.py:436} INFO - 24/06/25 12:59:12 INFO Executor: Finished task 3.0 in stage 0.0 (TID 3). 1750 bytes result sent to driver
[2024-06-25T12:59:12.340+0000] {docker.py:436} INFO - 24/06/25 12:59:12 INFO TaskSetManager: Finished task 1.0 in stage 0.0 (TID 1) in 3024 ms on localhost (executor driver) (1/4)
[2024-06-25T12:59:12.345+0000] {docker.py:436} INFO - 24/06/25 12:59:12 INFO TaskSetManager: Finished task 0.0 in stage 0.0 (TID 0) in 3048 ms on localhost (executor driver) (2/4)
[2024-06-25T12:59:12.346+0000] {docker.py:436} INFO - 24/06/25 12:59:12 INFO TaskSetManager: Finished task 2.0 in stage 0.0 (TID 2) in 3030 ms on localhost (executor driver) (3/4)
[2024-06-25T12:59:12.346+0000] {docker.py:436} INFO - 24/06/25 12:59:12 INFO TaskSetManager: Finished task 3.0 in stage 0.0 (TID 3) in 3029 ms on localhost (executor driver) (4/4)
[2024-06-25T12:59:12.347+0000] {docker.py:436} INFO - 24/06/25 12:59:12 INFO TaskSchedulerImpl: Removed TaskSet 0.0, whose tasks have all completed, from pool
[2024-06-25T12:59:12.352+0000] {docker.py:436} INFO - 24/06/25 12:59:12 INFO PythonAccumulatorV2: Connected to AccumulatorServer at host: 127.0.0.1 port: 51983
[2024-06-25T12:59:12.370+0000] {docker.py:436} INFO - 24/06/25 12:59:12 INFO DAGScheduler: ResultStage 0 (jdbc at NativeMethodAccessorImpl.java:0) finished in 3.366 s
[2024-06-25T12:59:12.375+0000] {docker.py:436} INFO - 24/06/25 12:59:12 INFO DAGScheduler: Job 0 is finished. Cancelling potential speculative or zombie tasks for this job
[2024-06-25T12:59:12.376+0000] {docker.py:436} INFO - 24/06/25 12:59:12 INFO TaskSchedulerImpl: Killing all running tasks in stage 0: Stage finished
[2024-06-25T12:59:12.380+0000] {docker.py:436} INFO - 24/06/25 12:59:12 INFO DAGScheduler: Job 0 finished: jdbc at NativeMethodAccessorImpl.java:0, took 3.459443 s
[2024-06-25T12:59:12.677+0000] {docker.py:436} INFO - 24/06/25 12:59:12 INFO CodeGenerator: Code generated in 11.928108 ms
[2024-06-25T12:59:12.692+0000] {docker.py:436} INFO - 24/06/25 12:59:12 INFO SparkContext: Starting job: showString at NativeMethodAccessorImpl.java:0
[2024-06-25T12:59:12.694+0000] {docker.py:436} INFO - 24/06/25 12:59:12 INFO DAGScheduler: Got job 1 (showString at NativeMethodAccessorImpl.java:0) with 1 output partitions
24/06/25 12:59:12 INFO DAGScheduler: Final stage: ResultStage 1 (showString at NativeMethodAccessorImpl.java:0)
[2024-06-25T12:59:12.694+0000] {docker.py:436} INFO - 24/06/25 12:59:12 INFO DAGScheduler: Parents of final stage: List()
[2024-06-25T12:59:12.695+0000] {docker.py:436} INFO - 24/06/25 12:59:12 INFO DAGScheduler: Missing parents: List()
[2024-06-25T12:59:12.695+0000] {docker.py:436} INFO - 24/06/25 12:59:12 INFO DAGScheduler: Submitting ResultStage 1 (MapPartitionsRDD[11] at showString at NativeMethodAccessorImpl.java:0), which has no missing parents
[2024-06-25T12:59:12.703+0000] {docker.py:436} INFO - 24/06/25 12:59:12 INFO MemoryStore: Block broadcast_1 stored as values in memory (estimated size 11.0 KiB, free 434.3 MiB)
[2024-06-25T12:59:12.705+0000] {docker.py:436} INFO - 24/06/25 12:59:12 INFO MemoryStore: Block broadcast_1_piece0 stored as bytes in memory (estimated size 5.8 KiB, free 434.3 MiB)
[2024-06-25T12:59:12.706+0000] {docker.py:436} INFO - 24/06/25 12:59:12 INFO BlockManagerInfo: Added broadcast_1_piece0 in memory on localhost:43001 (size: 5.8 KiB, free: 434.4 MiB)
[2024-06-25T12:59:12.707+0000] {docker.py:436} INFO - 24/06/25 12:59:12 INFO SparkContext: Created broadcast 1 from broadcast at DAGScheduler.scala:1585
[2024-06-25T12:59:12.708+0000] {docker.py:436} INFO - 24/06/25 12:59:12 INFO DAGScheduler: Submitting 1 missing tasks from ResultStage 1 (MapPartitionsRDD[11] at showString at NativeMethodAccessorImpl.java:0) (first 15 tasks are for partitions Vector(0))
[2024-06-25T12:59:12.709+0000] {docker.py:436} INFO - 24/06/25 12:59:12 INFO TaskSchedulerImpl: Adding task set 1.0 with 1 tasks resource profile 0
[2024-06-25T12:59:12.711+0000] {docker.py:436} INFO - 24/06/25 12:59:12 INFO TaskSetManager: Starting task 0.0 in stage 1.0 (TID 4) (localhost, executor driver, partition 0, PROCESS_LOCAL, 9972 bytes)
[2024-06-25T12:59:12.712+0000] {docker.py:436} INFO - 24/06/25 12:59:12 INFO Executor: Running task 0.0 in stage 1.0 (TID 4)
[2024-06-25T12:59:12.762+0000] {docker.py:436} INFO - 24/06/25 12:59:12 INFO CodeGenerator: Code generated in 14.98481 ms
[2024-06-25T12:59:12.768+0000] {docker.py:436} INFO - 24/06/25 12:59:12 INFO JDBCRDD: closed connection
[2024-06-25T12:59:12.772+0000] {docker.py:436} INFO - 24/06/25 12:59:12 INFO Executor: Finished task 0.0 in stage 1.0 (TID 4). 1529 bytes result sent to driver
[2024-06-25T12:59:12.775+0000] {docker.py:436} INFO - 24/06/25 12:59:12 INFO TaskSetManager: Finished task 0.0 in stage 1.0 (TID 4) in 64 ms on localhost (executor driver) (1/1)
[2024-06-25T12:59:12.779+0000] {docker.py:436} INFO - 24/06/25 12:59:12 INFO TaskSchedulerImpl: Removed TaskSet 1.0, whose tasks have all completed, from pool
[2024-06-25T12:59:12.779+0000] {docker.py:436} INFO - 24/06/25 12:59:12 INFO DAGScheduler: ResultStage 1 (showString at NativeMethodAccessorImpl.java:0) finished in 0.080 s
[2024-06-25T12:59:12.780+0000] {docker.py:436} INFO - 24/06/25 12:59:12 INFO DAGScheduler: Job 1 is finished. Cancelling potential speculative or zombie tasks for this job
[2024-06-25T12:59:12.781+0000] {docker.py:436} INFO - 24/06/25 12:59:12 INFO TaskSchedulerImpl: Killing all running tasks in stage 1: Stage finished
[2024-06-25T12:59:12.781+0000] {docker.py:436} INFO - 24/06/25 12:59:12 INFO DAGScheduler: Job 1 finished: showString at NativeMethodAccessorImpl.java:0, took 0.086139 s
[2024-06-25T12:59:12.802+0000] {docker.py:436} INFO - 24/06/25 12:59:12 INFO CodeGenerator: Code generated in 13.067137 ms
[2024-06-25T12:59:12.809+0000] {docker.py:436} INFO - +--------------+
|    table_name|
+--------------+
|your_new_table|
+--------------+
[2024-06-25T12:59:12.811+0000] {docker.py:436} INFO - 24/06/25 12:59:12 INFO SparkContext: SparkContext is stopping with exitCode 0.
[2024-06-25T12:59:12.826+0000] {docker.py:436} INFO - 24/06/25 12:59:12 INFO SparkUI: Stopped Spark web UI at http://localhost:4040
[2024-06-25T12:59:12.851+0000] {docker.py:436} INFO - 24/06/25 12:59:12 INFO MapOutputTrackerMasterEndpoint: MapOutputTrackerMasterEndpoint stopped!
[2024-06-25T12:59:12.870+0000] {docker.py:436} INFO - 24/06/25 12:59:12 INFO MemoryStore: MemoryStore cleared
[2024-06-25T12:59:12.871+0000] {docker.py:436} INFO - 24/06/25 12:59:12 INFO BlockManager: BlockManager stopped
[2024-06-25T12:59:12.880+0000] {docker.py:436} INFO - 24/06/25 12:59:12 INFO BlockManagerMaster: BlockManagerMaster stopped
[2024-06-25T12:59:12.883+0000] {docker.py:436} INFO - 24/06/25 12:59:12 INFO OutputCommitCoordinator$OutputCommitCoordinatorEndpoint: OutputCommitCoordinator stopped!
[2024-06-25T12:59:12.898+0000] {docker.py:436} INFO - 24/06/25 12:59:12 INFO SparkContext: Successfully stopped SparkContext
[2024-06-25T12:59:13.367+0000] {docker.py:436} INFO - 2024-06-25 12:59:13,367:close:INFO:Closing down clientserver connection
[2024-06-25T12:59:13.414+0000] {docker.py:436} INFO - 24/06/25 12:59:13 INFO ShutdownHookManager: Shutdown hook called
[2024-06-25T12:59:13.414+0000] {docker.py:436} INFO - 24/06/25 12:59:13 INFO ShutdownHookManager: Deleting directory /tmp/spark-35b4826c-1723-4a22-b0a8-6914ab78d024
[2024-06-25T12:59:13.418+0000] {docker.py:436} INFO - 24/06/25 12:59:13 INFO ShutdownHookManager: Deleting directory /tmp/spark-d60f817a-992c-459d-a132-007baea31b87/pyspark-9a4145d7-9ddd-4a15-8c75-ea0ccd6c2071
[2024-06-25T12:59:13.421+0000] {docker.py:436} INFO - 24/06/25 12:59:13 INFO ShutdownHookManager: Deleting directory /tmp/spark-d60f817a-992c-459d-a132-007baea31b87
[2024-06-25T12:59:14.006+0000] {taskinstance.py:441} INFO - ::group::Post task execution logs
[2024-06-25T12:59:14.031+0000] {taskinstance.py:1206} INFO - Marking task as SUCCESS. dag_id=Stage_1, task_id=run_bronze_job, run_id=manual__2024-06-25T12:58:33.375504+00:00, execution_date=20240625T125833, start_date=20240625T125840, end_date=20240625T125914
[2024-06-25T12:59:14.054+0000] {local_task_job_runner.py:240} INFO - Task exited with return code 0
[2024-06-25T12:59:14.070+0000] {taskinstance.py:3498} INFO - 0 downstream tasks scheduled from follow-on schedule check
[2024-06-25T12:59:14.072+0000] {local_task_job_runner.py:222} INFO - ::endgroup::
