[2024-06-25T12:58:38.866+0000] {local_task_job_runner.py:120} INFO - ::group::Pre task execution logs
[2024-06-25T12:58:38.903+0000] {taskinstance.py:2076} INFO - Dependencies all met for dep_context=non-requeueable deps ti=<TaskInstance: Stage_1.bronze_table_creation manual__2024-06-25T12:58:33.375504+00:00 [queued]>
[2024-06-25T12:58:38.913+0000] {taskinstance.py:2076} INFO - Dependencies all met for dep_context=requeueable deps ti=<TaskInstance: Stage_1.bronze_table_creation manual__2024-06-25T12:58:33.375504+00:00 [queued]>
[2024-06-25T12:58:38.914+0000] {taskinstance.py:2306} INFO - Starting attempt 1 of 1
[2024-06-25T12:58:38.928+0000] {taskinstance.py:2330} INFO - Executing <Task(PythonOperator): bronze_table_creation> on 2024-06-25 12:58:33.375504+00:00
[2024-06-25T12:58:38.936+0000] {logging_mixin.py:188} WARNING - /home/***/.local/lib/python3.12/site-packages/***/task/task_runner/standard_task_runner.py:61 DeprecationWarning: This process (pid=2016) is multi-threaded, use of fork() may lead to deadlocks in the child.
[2024-06-25T12:58:38.937+0000] {standard_task_runner.py:63} INFO - Started process 2017 to run task
[2024-06-25T12:58:38.936+0000] {standard_task_runner.py:90} INFO - Running: ['***', 'tasks', 'run', 'Stage_1', 'bronze_table_creation', 'manual__2024-06-25T12:58:33.375504+00:00', '--job-id', '173', '--raw', '--subdir', 'DAGS_FOLDER/kafka_dag.py', '--cfg-path', '/tmp/tmpf_vvbf40']
[2024-06-25T12:58:38.938+0000] {standard_task_runner.py:91} INFO - Job 173: Subtask bronze_table_creation
[2024-06-25T12:58:38.951+0000] {logging_mixin.py:188} WARNING - /home/***/.local/lib/python3.12/site-packages/***/settings.py:195 DeprecationWarning: The sql_alchemy_conn option in [core] has been moved to the sql_alchemy_conn option in [database] - the old setting has been used, but please update your config.
[2024-06-25T12:58:38.984+0000] {task_command.py:426} INFO - Running <TaskInstance: Stage_1.bronze_table_creation manual__2024-06-25T12:58:33.375504+00:00 [running]> on host 0b2aef5f9e3a
[2024-06-25T12:58:39.074+0000] {taskinstance.py:2648} INFO - Exporting env vars: AIRFLOW_CTX_DAG_OWNER='***' AIRFLOW_CTX_DAG_ID='Stage_1' AIRFLOW_CTX_TASK_ID='bronze_table_creation' AIRFLOW_CTX_EXECUTION_DATE='2024-06-25T12:58:33.375504+00:00' AIRFLOW_CTX_TRY_NUMBER='1' AIRFLOW_CTX_DAG_RUN_ID='manual__2024-06-25T12:58:33.375504+00:00'
[2024-06-25T12:58:39.075+0000] {taskinstance.py:430} INFO - ::endgroup::
[2024-06-25T12:58:39.092+0000] {logging_mixin.py:188} INFO - Table 'purchases' created successfully.
[2024-06-25T12:58:39.093+0000] {python.py:237} INFO - Done. Returned value was: None
[2024-06-25T12:58:39.093+0000] {taskinstance.py:441} INFO - ::group::Post task execution logs
[2024-06-25T12:58:39.102+0000] {taskinstance.py:1206} INFO - Marking task as SUCCESS. dag_id=Stage_1, task_id=bronze_table_creation, run_id=manual__2024-06-25T12:58:33.375504+00:00, execution_date=20240625T125833, start_date=20240625T125838, end_date=20240625T125839
[2024-06-25T12:58:39.150+0000] {local_task_job_runner.py:240} INFO - Task exited with return code 0
[2024-06-25T12:58:39.171+0000] {taskinstance.py:3498} INFO - 1 downstream tasks scheduled from follow-on schedule check
[2024-06-25T12:58:39.173+0000] {local_task_job_runner.py:222} INFO - ::endgroup::
