[2024-06-27T11:00:00.166+0000] {local_task_job_runner.py:120} INFO - ::group::Pre task execution logs
[2024-06-27T11:00:00.234+0000] {taskinstance.py:2076} INFO - Dependencies all met for dep_context=non-requeueable deps ti=<TaskInstance: Stage_1.run_bronze_job manual__2024-06-27T10:59:54.383844+00:00 [queued]>
[2024-06-27T11:00:00.252+0000] {taskinstance.py:2076} INFO - Dependencies all met for dep_context=requeueable deps ti=<TaskInstance: Stage_1.run_bronze_job manual__2024-06-27T10:59:54.383844+00:00 [queued]>
[2024-06-27T11:00:00.252+0000] {taskinstance.py:2306} INFO - Starting attempt 1 of 1
[2024-06-27T11:00:00.272+0000] {taskinstance.py:2330} INFO - Executing <Task(DockerOperator): run_bronze_job> on 2024-06-27 10:59:54.383844+00:00
[2024-06-27T11:00:00.282+0000] {logging_mixin.py:188} WARNING - /home/***/.local/lib/python3.12/site-packages/***/task/task_runner/standard_task_runner.py:61 DeprecationWarning: This process (pid=277) is multi-threaded, use of fork() may lead to deadlocks in the child.
[2024-06-27T11:00:00.283+0000] {standard_task_runner.py:63} INFO - Started process 278 to run task
[2024-06-27T11:00:00.282+0000] {standard_task_runner.py:90} INFO - Running: ['***', 'tasks', 'run', 'Stage_1', 'run_bronze_job', 'manual__2024-06-27T10:59:54.383844+00:00', '--job-id', '328', '--raw', '--subdir', 'DAGS_FOLDER/kafka_dag.py', '--cfg-path', '/tmp/tmp208oeo73']
[2024-06-27T11:00:00.284+0000] {standard_task_runner.py:91} INFO - Job 328: Subtask run_bronze_job
[2024-06-27T11:00:00.304+0000] {logging_mixin.py:188} WARNING - /home/***/.local/lib/python3.12/site-packages/***/settings.py:195 DeprecationWarning: The sql_alchemy_conn option in [core] has been moved to the sql_alchemy_conn option in [database] - the old setting has been used, but please update your config.
[2024-06-27T11:00:00.349+0000] {task_command.py:426} INFO - Running <TaskInstance: Stage_1.run_bronze_job manual__2024-06-27T10:59:54.383844+00:00 [running]> on host 3d646c49e37a
[2024-06-27T11:00:00.531+0000] {taskinstance.py:2648} INFO - Exporting env vars: AIRFLOW_CTX_DAG_OWNER='***' AIRFLOW_CTX_DAG_ID='Stage_1' AIRFLOW_CTX_TASK_ID='run_bronze_job' AIRFLOW_CTX_EXECUTION_DATE='2024-06-27T10:59:54.383844+00:00' AIRFLOW_CTX_TRY_NUMBER='1' AIRFLOW_CTX_DAG_RUN_ID='manual__2024-06-27T10:59:54.383844+00:00'
[2024-06-27T11:00:00.532+0000] {taskinstance.py:430} INFO - ::endgroup::
[2024-06-27T11:00:00.584+0000] {docker.py:366} INFO - Starting docker container from image bitnami/spark:latest
[2024-06-27T11:00:00.588+0000] {docker.py:374} WARNING - Using remote engine or docker-in-docker and mounting temporary volume from host is not supported. Falling back to `mount_tmp_dir=False` mode. You can set `mount_tmp_dir` parameter to False to disable mounting and remove the warning
[2024-06-27T11:00:01.205+0000] {docker.py:436} INFO - [38;5;6mspark [38;5;5m11:00:01.20 [0m[38;5;2mINFO [0m ==>
[2024-06-27T11:00:01.209+0000] {docker.py:436} INFO - [38;5;6mspark [38;5;5m11:00:01.20 [0m[38;5;2mINFO [0m ==> [1mWelcome to the Bitnami spark container[0m
[2024-06-27T11:00:01.213+0000] {docker.py:436} INFO - [38;5;6mspark [38;5;5m11:00:01.21 [0m[38;5;2mINFO [0m ==> Subscribe to project updates by watching [1mhttps://github.com/bitnami/containers[0m
[2024-06-27T11:00:01.216+0000] {docker.py:436} INFO - [38;5;6mspark [38;5;5m11:00:01.21 [0m[38;5;2mINFO [0m ==> Submit issues and feature requests at [1mhttps://github.com/bitnami/containers/issues[0m
[2024-06-27T11:00:01.219+0000] {docker.py:436} INFO - [38;5;6mspark [38;5;5m11:00:01.21 [0m[38;5;2mINFO [0m ==> Upgrade to Tanzu Application Catalog for production environments to access custom-configured and pre-packaged software components. Gain enhanced features, including Software Bill of Materials (SBOM), CVE scan result reports, and VEX documents. To learn more, visit [1mhttps://bitnami.com/enterprise[0m
[2024-06-27T11:00:01.223+0000] {docker.py:436} INFO - [38;5;6mspark [38;5;5m11:00:01.22 [0m[38;5;2mINFO [0m ==>
[2024-06-27T11:00:01.241+0000] {docker.py:436} INFO - 
[2024-06-27T11:00:04.465+0000] {docker.py:436} INFO - :: loading settings :: url = jar:file:/opt/bitnami/spark/jars/ivy-2.5.1.jar!/org/apache/ivy/core/settings/ivysettings.xml
[2024-06-27T11:00:04.580+0000] {docker.py:436} INFO - Ivy Default Cache set to: /opt/bitnami/spark/.ivy2/cache
[2024-06-27T11:00:04.582+0000] {docker.py:436} INFO - The jars for the packages stored in: /opt/bitnami/spark/.ivy2/jars
[2024-06-27T11:00:04.595+0000] {docker.py:436} INFO - org.apache.spark#spark-sql-kafka-0-10_2.12 added as a dependency
[2024-06-27T11:00:04.596+0000] {docker.py:436} INFO - org.postgresql#postgresql added as a dependency
[2024-06-27T11:00:04.598+0000] {docker.py:436} INFO - :: resolving dependencies :: org.apache.spark#spark-submit-parent-408a34b3-f741-42d2-86f8-e6b53be74ec8;1.0
[2024-06-27T11:00:04.599+0000] {docker.py:436} INFO - confs: [default]
[2024-06-27T11:00:06.954+0000] {docker.py:436} INFO - found org.apache.spark#spark-sql-kafka-0-10_2.12;3.3.0 in central
[2024-06-27T11:00:07.579+0000] {docker.py:436} INFO - found org.apache.spark#spark-token-provider-kafka-0-10_2.12;3.3.0 in central
[2024-06-27T11:00:07.665+0000] {docker.py:436} INFO - found org.apache.kafka#kafka-clients;2.8.1 in central
[2024-06-27T11:00:07.764+0000] {docker.py:436} INFO - found org.lz4#lz4-java;1.8.0 in central
[2024-06-27T11:00:07.884+0000] {docker.py:436} INFO - found org.xerial.snappy#snappy-java;1.1.8.4 in central
[2024-06-27T11:00:08.060+0000] {docker.py:436} INFO - found org.slf4j#slf4j-api;1.7.32 in central
[2024-06-27T11:00:08.558+0000] {docker.py:436} INFO - found org.apache.hadoop#hadoop-client-runtime;3.3.2 in central
[2024-06-27T11:00:08.680+0000] {docker.py:436} INFO - found org.spark-project.spark#unused;1.0.0 in central
[2024-06-27T11:00:08.899+0000] {docker.py:436} INFO - found org.apache.hadoop#hadoop-client-api;3.3.2 in central
[2024-06-27T11:00:09.240+0000] {docker.py:436} INFO - found commons-logging#commons-logging;1.1.3 in central
[2024-06-27T11:00:09.289+0000] {docker.py:436} INFO - found com.google.code.findbugs#jsr305;3.0.0 in central
[2024-06-27T11:00:09.544+0000] {docker.py:436} INFO - found org.apache.commons#commons-pool2;2.11.1 in central
[2024-06-27T11:00:11.458+0000] {docker.py:436} INFO - found org.postgresql#postgresql;42.2.2 in central
[2024-06-27T11:00:11.484+0000] {docker.py:436} INFO - downloading https://repo1.maven.org/maven2/org/apache/spark/spark-sql-kafka-0-10_2.12/3.3.0/spark-sql-kafka-0-10_2.12-3.3.0.jar ...
[2024-06-27T11:00:11.564+0000] {docker.py:436} INFO - [SUCCESSFUL ] org.apache.spark#spark-sql-kafka-0-10_2.12;3.3.0!spark-sql-kafka-0-10_2.12.jar (94ms)
[2024-06-27T11:00:11.579+0000] {docker.py:436} INFO - downloading https://repo1.maven.org/maven2/org/postgresql/postgresql/42.2.2/postgresql-42.2.2.jar ...
[2024-06-27T11:00:11.716+0000] {docker.py:436} INFO - [SUCCESSFUL ] org.postgresql#postgresql;42.2.2!postgresql.jar(bundle) (147ms)
[2024-06-27T11:00:11.725+0000] {docker.py:436} INFO - downloading https://repo1.maven.org/maven2/org/apache/spark/spark-token-provider-kafka-0-10_2.12/3.3.0/spark-token-provider-kafka-0-10_2.12-3.3.0.jar ...
[2024-06-27T11:00:11.745+0000] {docker.py:436} INFO - [SUCCESSFUL ] org.apache.spark#spark-token-provider-kafka-0-10_2.12;3.3.0!spark-token-provider-kafka-0-10_2.12.jar (28ms)
[2024-06-27T11:00:11.755+0000] {docker.py:436} INFO - downloading https://repo1.maven.org/maven2/org/apache/kafka/kafka-clients/2.8.1/kafka-clients-2.8.1.jar ...
[2024-06-27T11:00:12.419+0000] {docker.py:436} INFO - [SUCCESSFUL ] org.apache.kafka#kafka-clients;2.8.1!kafka-clients.jar (672ms)
[2024-06-27T11:00:12.433+0000] {docker.py:436} INFO - downloading https://repo1.maven.org/maven2/com/google/code/findbugs/jsr305/3.0.0/jsr305-3.0.0.jar ...
[2024-06-27T11:00:12.458+0000] {docker.py:436} INFO - [SUCCESSFUL ] com.google.code.findbugs#jsr305;3.0.0!jsr305.jar (39ms)
[2024-06-27T11:00:12.471+0000] {docker.py:436} INFO - downloading https://repo1.maven.org/maven2/org/apache/commons/commons-pool2/2.11.1/commons-pool2-2.11.1.jar ...
[2024-06-27T11:00:12.507+0000] {docker.py:436} INFO - [SUCCESSFUL ] org.apache.commons#commons-pool2;2.11.1!commons-pool2.jar (44ms)
[2024-06-27T11:00:12.517+0000] {docker.py:436} INFO - downloading https://repo1.maven.org/maven2/org/spark-project/spark/unused/1.0.0/unused-1.0.0.jar ...
[2024-06-27T11:00:12.527+0000] {docker.py:436} INFO - [SUCCESSFUL ] org.spark-project.spark#unused;1.0.0!unused.jar (18ms)
[2024-06-27T11:00:12.538+0000] {docker.py:436} INFO - downloading https://repo1.maven.org/maven2/org/apache/hadoop/hadoop-client-runtime/3.3.2/hadoop-client-runtime-3.3.2.jar ...
[2024-06-27T11:00:17.339+0000] {docker.py:436} INFO - [SUCCESSFUL ] org.apache.hadoop#hadoop-client-runtime;3.3.2!hadoop-client-runtime.jar (4810ms)
[2024-06-27T11:00:17.352+0000] {docker.py:436} INFO - downloading https://repo1.maven.org/maven2/org/lz4/lz4-java/1.8.0/lz4-java-1.8.0.jar ...
[2024-06-27T11:00:17.452+0000] {docker.py:436} INFO - [SUCCESSFUL ] org.lz4#lz4-java;1.8.0!lz4-java.jar (111ms)
[2024-06-27T11:00:17.465+0000] {docker.py:436} INFO - downloading https://repo1.maven.org/maven2/org/xerial/snappy/snappy-java/1.1.8.4/snappy-java-1.1.8.4.jar ...
[2024-06-27T11:00:17.863+0000] {docker.py:436} INFO - [SUCCESSFUL ] org.xerial.snappy#snappy-java;1.1.8.4!snappy-java.jar(bundle) (409ms)
[2024-06-27T11:00:17.875+0000] {docker.py:436} INFO - downloading https://repo1.maven.org/maven2/org/slf4j/slf4j-api/1.7.32/slf4j-api-1.7.32.jar ...
[2024-06-27T11:00:17.897+0000] {docker.py:436} INFO - [SUCCESSFUL ] org.slf4j#slf4j-api;1.7.32!slf4j-api.jar (33ms)
[2024-06-27T11:00:17.914+0000] {docker.py:436} INFO - downloading https://repo1.maven.org/maven2/org/apache/hadoop/hadoop-client-api/3.3.2/hadoop-client-api-3.3.2.jar ...
[2024-06-27T11:00:20.732+0000] {docker.py:436} INFO - [SUCCESSFUL ] org.apache.hadoop#hadoop-client-api;3.3.2!hadoop-client-api.jar (2834ms)
[2024-06-27T11:00:20.742+0000] {docker.py:436} INFO - downloading https://repo1.maven.org/maven2/commons-logging/commons-logging/1.1.3/commons-logging-1.1.3.jar ...
[2024-06-27T11:00:20.762+0000] {docker.py:436} INFO - [SUCCESSFUL ] commons-logging#commons-logging;1.1.3!commons-logging.jar (28ms)
[2024-06-27T11:00:20.763+0000] {docker.py:436} INFO - :: resolution report :: resolve 6872ms :: artifacts dl 9293ms
[2024-06-27T11:00:20.763+0000] {docker.py:436} INFO - :: modules in use:
[2024-06-27T11:00:20.764+0000] {docker.py:436} INFO - com.google.code.findbugs#jsr305;3.0.0 from central in [default]
[2024-06-27T11:00:20.764+0000] {docker.py:436} INFO - commons-logging#commons-logging;1.1.3 from central in [default]
[2024-06-27T11:00:20.765+0000] {docker.py:436} INFO - org.apache.commons#commons-pool2;2.11.1 from central in [default]
[2024-06-27T11:00:20.766+0000] {docker.py:436} INFO - org.apache.hadoop#hadoop-client-api;3.3.2 from central in [default]
[2024-06-27T11:00:20.766+0000] {docker.py:436} INFO - org.apache.hadoop#hadoop-client-runtime;3.3.2 from central in [default]
[2024-06-27T11:00:20.767+0000] {docker.py:436} INFO - org.apache.kafka#kafka-clients;2.8.1 from central in [default]
[2024-06-27T11:00:20.767+0000] {docker.py:436} INFO - org.apache.spark#spark-sql-kafka-0-10_2.12;3.3.0 from central in [default]
[2024-06-27T11:00:20.768+0000] {docker.py:436} INFO - org.apache.spark#spark-token-provider-kafka-0-10_2.12;3.3.0 from central in [default]
[2024-06-27T11:00:20.769+0000] {docker.py:436} INFO - org.lz4#lz4-java;1.8.0 from central in [default]
[2024-06-27T11:00:20.769+0000] {docker.py:436} INFO - org.postgresql#postgresql;42.2.2 from central in [default]
[2024-06-27T11:00:20.770+0000] {docker.py:436} INFO - org.slf4j#slf4j-api;1.7.32 from central in [default]
[2024-06-27T11:00:20.770+0000] {docker.py:436} INFO - org.spark-project.spark#unused;1.0.0 from central in [default]
[2024-06-27T11:00:20.771+0000] {docker.py:436} INFO - org.xerial.snappy#snappy-java;1.1.8.4 from central in [default]
[2024-06-27T11:00:20.771+0000] {docker.py:436} INFO - ---------------------------------------------------------------------
[2024-06-27T11:00:20.772+0000] {docker.py:436} INFO - |                  |            modules            ||   artifacts   |
[2024-06-27T11:00:20.772+0000] {docker.py:436} INFO - |       conf       | number| search|dwnlded|evicted|| number|dwnlded|
[2024-06-27T11:00:20.773+0000] {docker.py:436} INFO - ---------------------------------------------------------------------
[2024-06-27T11:00:20.773+0000] {docker.py:436} INFO - |      default     |   13  |   13  |   13  |   0   ||   13  |   13  |
[2024-06-27T11:00:20.774+0000] {docker.py:436} INFO - ---------------------------------------------------------------------
[2024-06-27T11:00:20.780+0000] {docker.py:436} INFO - :: retrieving :: org.apache.spark#spark-submit-parent-408a34b3-f741-42d2-86f8-e6b53be74ec8
[2024-06-27T11:00:20.780+0000] {docker.py:436} INFO - confs: [default]
[2024-06-27T11:00:20.940+0000] {docker.py:436} INFO - 13 artifacts copied, 0 already retrieved (57403kB/163ms)
[2024-06-27T11:00:21.270+0000] {docker.py:436} INFO - 24/06/27 11:00:21 WARN NativeCodeLoader: Unable to load native-hadoop library for your platform... using builtin-java classes where applicable
[2024-06-27T11:00:22.711+0000] {docker.py:436} INFO - 24/06/27 11:00:22 INFO SparkContext: Running Spark version 3.5.1
[2024-06-27T11:00:22.712+0000] {docker.py:436} INFO - 24/06/27 11:00:22 INFO SparkContext: OS info Linux, 6.5.0-41-generic, amd64
[2024-06-27T11:00:22.713+0000] {docker.py:436} INFO - 24/06/27 11:00:22 INFO SparkContext: Java version 17.0.11
[2024-06-27T11:00:22.750+0000] {docker.py:436} INFO - 24/06/27 11:00:22 INFO ResourceUtils: ==============================================================
[2024-06-27T11:00:22.751+0000] {docker.py:436} INFO - 24/06/27 11:00:22 INFO ResourceUtils: No custom resources configured for spark.driver.
[2024-06-27T11:00:22.752+0000] {docker.py:436} INFO - 24/06/27 11:00:22 INFO ResourceUtils: ==============================================================
[2024-06-27T11:00:22.754+0000] {docker.py:436} INFO - 24/06/27 11:00:22 INFO SparkContext: Submitted application: PostgreSQL Connection with PySpark
[2024-06-27T11:00:22.793+0000] {docker.py:436} INFO - 24/06/27 11:00:22 INFO ResourceProfile: Default ResourceProfile created, executor resources: Map(cores -> name: cores, amount: 1, script: , vendor: , memory -> name: memory, amount: 1024, script: , vendor: , offHeap -> name: offHeap, amount: 0, script: , vendor: ), task resources: Map(cpus -> name: cpus, amount: 1.0)
[2024-06-27T11:00:22.808+0000] {docker.py:436} INFO - 24/06/27 11:00:22 INFO ResourceProfile: Limiting resource is cpu
[2024-06-27T11:00:22.809+0000] {docker.py:436} INFO - 24/06/27 11:00:22 INFO ResourceProfileManager: Added ResourceProfile id: 0
[2024-06-27T11:00:22.887+0000] {docker.py:436} INFO - 24/06/27 11:00:22 INFO SecurityManager: Changing view acls to: spark
[2024-06-27T11:00:22.888+0000] {docker.py:436} INFO - 24/06/27 11:00:22 INFO SecurityManager: Changing modify acls to: spark
[2024-06-27T11:00:22.892+0000] {docker.py:436} INFO - 24/06/27 11:00:22 INFO SecurityManager: Changing view acls groups to:
[2024-06-27T11:00:22.893+0000] {docker.py:436} INFO - 24/06/27 11:00:22 INFO SecurityManager: Changing modify acls groups to:
[2024-06-27T11:00:22.894+0000] {docker.py:436} INFO - 24/06/27 11:00:22 INFO SecurityManager: SecurityManager: authentication disabled; ui acls disabled; users with view permissions: spark; groups with view permissions: EMPTY; users with modify permissions: spark; groups with modify permissions: EMPTY
[2024-06-27T11:00:23.205+0000] {docker.py:436} INFO - 24/06/27 11:00:23 INFO Utils: Successfully started service 'sparkDriver' on port 35327.
[2024-06-27T11:00:23.259+0000] {docker.py:436} INFO - 24/06/27 11:00:23 INFO SparkEnv: Registering MapOutputTracker
[2024-06-27T11:00:23.304+0000] {docker.py:436} INFO - 24/06/27 11:00:23 INFO SparkEnv: Registering BlockManagerMaster
[2024-06-27T11:00:23.328+0000] {docker.py:436} INFO - 24/06/27 11:00:23 INFO BlockManagerMasterEndpoint: Using org.apache.spark.storage.DefaultTopologyMapper for getting topology information
[2024-06-27T11:00:23.328+0000] {docker.py:436} INFO - 24/06/27 11:00:23 INFO BlockManagerMasterEndpoint: BlockManagerMasterEndpoint up
[2024-06-27T11:00:23.332+0000] {docker.py:436} INFO - 24/06/27 11:00:23 INFO SparkEnv: Registering BlockManagerMasterHeartbeat
[2024-06-27T11:00:23.360+0000] {docker.py:436} INFO - 24/06/27 11:00:23 INFO DiskBlockManager: Created local directory at /tmp/blockmgr-6f480108-2531-402c-999f-ee7c7f9cf9ee
[2024-06-27T11:00:23.381+0000] {docker.py:436} INFO - 24/06/27 11:00:23 INFO MemoryStore: MemoryStore started with capacity 434.4 MiB
[2024-06-27T11:00:23.406+0000] {docker.py:436} INFO - 24/06/27 11:00:23 INFO SparkEnv: Registering OutputCommitCoordinator
[2024-06-27T11:00:23.589+0000] {docker.py:436} INFO - 24/06/27 11:00:23 INFO JettyUtils: Start Jetty 0.0.0.0:4040 for SparkUI
[2024-06-27T11:00:23.685+0000] {docker.py:436} INFO - 24/06/27 11:00:23 INFO Utils: Successfully started service 'SparkUI' on port 4040.
[2024-06-27T11:00:23.824+0000] {docker.py:436} INFO - 24/06/27 11:00:23 INFO SparkContext: Added JAR file:///opt/bitnami/spark/.ivy2/jars/org.apache.spark_spark-sql-kafka-0-10_2.12-3.3.0.jar at spark://localhost:35327/jars/org.apache.spark_spark-sql-kafka-0-10_2.12-3.3.0.jar with timestamp 1719486022699
[2024-06-27T11:00:23.824+0000] {docker.py:436} INFO - 24/06/27 11:00:23 INFO SparkContext: Added JAR file:///opt/bitnami/spark/.ivy2/jars/org.postgresql_postgresql-42.2.2.jar at spark://localhost:35327/jars/org.postgresql_postgresql-42.2.2.jar with timestamp 1719486022699
[2024-06-27T11:00:23.825+0000] {docker.py:436} INFO - 24/06/27 11:00:23 INFO SparkContext: Added JAR file:///opt/bitnami/spark/.ivy2/jars/org.apache.spark_spark-token-provider-kafka-0-10_2.12-3.3.0.jar at spark://localhost:35327/jars/org.apache.spark_spark-token-provider-kafka-0-10_2.12-3.3.0.jar with timestamp 1719486022699
[2024-06-27T11:00:23.825+0000] {docker.py:436} INFO - 24/06/27 11:00:23 INFO SparkContext: Added JAR file:///opt/bitnami/spark/.ivy2/jars/org.apache.kafka_kafka-clients-2.8.1.jar at spark://localhost:35327/jars/org.apache.kafka_kafka-clients-2.8.1.jar with timestamp 1719486022699
[2024-06-27T11:00:23.828+0000] {docker.py:436} INFO - 24/06/27 11:00:23 INFO SparkContext: Added JAR file:///opt/bitnami/spark/.ivy2/jars/com.google.code.findbugs_jsr305-3.0.0.jar at spark://localhost:35327/jars/com.google.code.findbugs_jsr305-3.0.0.jar with timestamp 1719486022699
[2024-06-27T11:00:23.828+0000] {docker.py:436} INFO - 24/06/27 11:00:23 INFO SparkContext: Added JAR file:///opt/bitnami/spark/.ivy2/jars/org.apache.commons_commons-pool2-2.11.1.jar at spark://localhost:35327/jars/org.apache.commons_commons-pool2-2.11.1.jar with timestamp 1719486022699
[2024-06-27T11:00:23.828+0000] {docker.py:436} INFO - 24/06/27 11:00:23 INFO SparkContext: Added JAR file:///opt/bitnami/spark/.ivy2/jars/org.spark-project.spark_unused-1.0.0.jar at spark://localhost:35327/jars/org.spark-project.spark_unused-1.0.0.jar with timestamp 1719486022699
[2024-06-27T11:00:23.829+0000] {docker.py:436} INFO - 24/06/27 11:00:23 INFO SparkContext: Added JAR file:///opt/bitnami/spark/.ivy2/jars/org.apache.hadoop_hadoop-client-runtime-3.3.2.jar at spark://localhost:35327/jars/org.apache.hadoop_hadoop-client-runtime-3.3.2.jar with timestamp 1719486022699
[2024-06-27T11:00:23.830+0000] {docker.py:436} INFO - 24/06/27 11:00:23 INFO SparkContext: Added JAR file:///opt/bitnami/spark/.ivy2/jars/org.lz4_lz4-java-1.8.0.jar at spark://localhost:35327/jars/org.lz4_lz4-java-1.8.0.jar with timestamp 1719486022699
[2024-06-27T11:00:23.842+0000] {docker.py:436} INFO - 24/06/27 11:00:23 INFO SparkContext: Added JAR file:///opt/bitnami/spark/.ivy2/jars/org.xerial.snappy_snappy-java-1.1.8.4.jar at spark://localhost:35327/jars/org.xerial.snappy_snappy-java-1.1.8.4.jar with timestamp 1719486022699
[2024-06-27T11:00:23.843+0000] {docker.py:436} INFO - 24/06/27 11:00:23 INFO SparkContext: Added JAR file:///opt/bitnami/spark/.ivy2/jars/org.slf4j_slf4j-api-1.7.32.jar at spark://localhost:35327/jars/org.slf4j_slf4j-api-1.7.32.jar with timestamp 1719486022699
[2024-06-27T11:00:23.843+0000] {docker.py:436} INFO - 24/06/27 11:00:23 INFO SparkContext: Added JAR file:///opt/bitnami/spark/.ivy2/jars/org.apache.hadoop_hadoop-client-api-3.3.2.jar at spark://localhost:35327/jars/org.apache.hadoop_hadoop-client-api-3.3.2.jar with timestamp 1719486022699
[2024-06-27T11:00:23.844+0000] {docker.py:436} INFO - 24/06/27 11:00:23 INFO SparkContext: Added JAR file:///opt/bitnami/spark/.ivy2/jars/commons-logging_commons-logging-1.1.3.jar at spark://localhost:35327/jars/commons-logging_commons-logging-1.1.3.jar with timestamp 1719486022699
[2024-06-27T11:00:23.844+0000] {docker.py:436} INFO - 24/06/27 11:00:23 INFO SparkContext: Added file file:///opt/bitnami/spark/.ivy2/jars/org.apache.spark_spark-sql-kafka-0-10_2.12-3.3.0.jar at file:///opt/bitnami/spark/.ivy2/jars/org.apache.spark_spark-sql-kafka-0-10_2.12-3.3.0.jar with timestamp 1719486022699
[2024-06-27T11:00:23.849+0000] {docker.py:436} INFO - 24/06/27 11:00:23 INFO Utils: Copying /opt/bitnami/spark/.ivy2/jars/org.apache.spark_spark-sql-kafka-0-10_2.12-3.3.0.jar to /tmp/spark-5335dbcb-badd-416f-9c22-ffc03b6f2c7c/userFiles-4795e96d-ac5d-400d-b2df-86922813caba/org.apache.spark_spark-sql-kafka-0-10_2.12-3.3.0.jar
[2024-06-27T11:00:23.884+0000] {docker.py:436} INFO - 24/06/27 11:00:23 INFO SparkContext: Added file file:///opt/bitnami/spark/.ivy2/jars/org.postgresql_postgresql-42.2.2.jar at file:///opt/bitnami/spark/.ivy2/jars/org.postgresql_postgresql-42.2.2.jar with timestamp 1719486022699
[2024-06-27T11:00:23.885+0000] {docker.py:436} INFO - 24/06/27 11:00:23 INFO Utils: Copying /opt/bitnami/spark/.ivy2/jars/org.postgresql_postgresql-42.2.2.jar to /tmp/spark-5335dbcb-badd-416f-9c22-ffc03b6f2c7c/userFiles-4795e96d-ac5d-400d-b2df-86922813caba/org.postgresql_postgresql-42.2.2.jar
[2024-06-27T11:00:23.913+0000] {docker.py:436} INFO - 24/06/27 11:00:23 INFO SparkContext: Added file file:///opt/bitnami/spark/.ivy2/jars/org.apache.spark_spark-token-provider-kafka-0-10_2.12-3.3.0.jar at file:///opt/bitnami/spark/.ivy2/jars/org.apache.spark_spark-token-provider-kafka-0-10_2.12-3.3.0.jar with timestamp 1719486022699
[2024-06-27T11:00:23.914+0000] {docker.py:436} INFO - 24/06/27 11:00:23 INFO Utils: Copying /opt/bitnami/spark/.ivy2/jars/org.apache.spark_spark-token-provider-kafka-0-10_2.12-3.3.0.jar to /tmp/spark-5335dbcb-badd-416f-9c22-ffc03b6f2c7c/userFiles-4795e96d-ac5d-400d-b2df-86922813caba/org.apache.spark_spark-token-provider-kafka-0-10_2.12-3.3.0.jar
[2024-06-27T11:00:23.931+0000] {docker.py:436} INFO - 24/06/27 11:00:23 INFO SparkContext: Added file file:///opt/bitnami/spark/.ivy2/jars/org.apache.kafka_kafka-clients-2.8.1.jar at file:///opt/bitnami/spark/.ivy2/jars/org.apache.kafka_kafka-clients-2.8.1.jar with timestamp 1719486022699
[2024-06-27T11:00:23.934+0000] {docker.py:436} INFO - 24/06/27 11:00:23 INFO Utils: Copying /opt/bitnami/spark/.ivy2/jars/org.apache.kafka_kafka-clients-2.8.1.jar to /tmp/spark-5335dbcb-badd-416f-9c22-ffc03b6f2c7c/userFiles-4795e96d-ac5d-400d-b2df-86922813caba/org.apache.kafka_kafka-clients-2.8.1.jar
[2024-06-27T11:00:23.953+0000] {docker.py:436} INFO - 24/06/27 11:00:23 INFO SparkContext: Added file file:///opt/bitnami/spark/.ivy2/jars/com.google.code.findbugs_jsr305-3.0.0.jar at file:///opt/bitnami/spark/.ivy2/jars/com.google.code.findbugs_jsr305-3.0.0.jar with timestamp 1719486022699
[2024-06-27T11:00:23.954+0000] {docker.py:436} INFO - 24/06/27 11:00:23 INFO Utils: Copying /opt/bitnami/spark/.ivy2/jars/com.google.code.findbugs_jsr305-3.0.0.jar to /tmp/spark-5335dbcb-badd-416f-9c22-ffc03b6f2c7c/userFiles-4795e96d-ac5d-400d-b2df-86922813caba/com.google.code.findbugs_jsr305-3.0.0.jar
[2024-06-27T11:00:23.981+0000] {docker.py:436} INFO - 24/06/27 11:00:23 INFO SparkContext: Added file file:///opt/bitnami/spark/.ivy2/jars/org.apache.commons_commons-pool2-2.11.1.jar at file:///opt/bitnami/spark/.ivy2/jars/org.apache.commons_commons-pool2-2.11.1.jar with timestamp 1719486022699
[2024-06-27T11:00:23.982+0000] {docker.py:436} INFO - 24/06/27 11:00:23 INFO Utils: Copying /opt/bitnami/spark/.ivy2/jars/org.apache.commons_commons-pool2-2.11.1.jar to /tmp/spark-5335dbcb-badd-416f-9c22-ffc03b6f2c7c/userFiles-4795e96d-ac5d-400d-b2df-86922813caba/org.apache.commons_commons-pool2-2.11.1.jar
[2024-06-27T11:00:23.992+0000] {docker.py:436} INFO - 24/06/27 11:00:23 INFO SparkContext: Added file file:///opt/bitnami/spark/.ivy2/jars/org.spark-project.spark_unused-1.0.0.jar at file:///opt/bitnami/spark/.ivy2/jars/org.spark-project.spark_unused-1.0.0.jar with timestamp 1719486022699
[2024-06-27T11:00:23.993+0000] {docker.py:436} INFO - 24/06/27 11:00:23 INFO Utils: Copying /opt/bitnami/spark/.ivy2/jars/org.spark-project.spark_unused-1.0.0.jar to /tmp/spark-5335dbcb-badd-416f-9c22-ffc03b6f2c7c/userFiles-4795e96d-ac5d-400d-b2df-86922813caba/org.spark-project.spark_unused-1.0.0.jar
[2024-06-27T11:00:23.999+0000] {docker.py:436} INFO - 24/06/27 11:00:23 INFO SparkContext: Added file file:///opt/bitnami/spark/.ivy2/jars/org.apache.hadoop_hadoop-client-runtime-3.3.2.jar at file:///opt/bitnami/spark/.ivy2/jars/org.apache.hadoop_hadoop-client-runtime-3.3.2.jar with timestamp 1719486022699
[2024-06-27T11:00:24.000+0000] {docker.py:436} INFO - 24/06/27 11:00:23 INFO Utils: Copying /opt/bitnami/spark/.ivy2/jars/org.apache.hadoop_hadoop-client-runtime-3.3.2.jar to /tmp/spark-5335dbcb-badd-416f-9c22-ffc03b6f2c7c/userFiles-4795e96d-ac5d-400d-b2df-86922813caba/org.apache.hadoop_hadoop-client-runtime-3.3.2.jar
[2024-06-27T11:00:24.028+0000] {docker.py:436} INFO - 24/06/27 11:00:24 INFO SparkContext: Added file file:///opt/bitnami/spark/.ivy2/jars/org.lz4_lz4-java-1.8.0.jar at file:///opt/bitnami/spark/.ivy2/jars/org.lz4_lz4-java-1.8.0.jar with timestamp 1719486022699
[2024-06-27T11:00:24.029+0000] {docker.py:436} INFO - 24/06/27 11:00:24 INFO Utils: Copying /opt/bitnami/spark/.ivy2/jars/org.lz4_lz4-java-1.8.0.jar to /tmp/spark-5335dbcb-badd-416f-9c22-ffc03b6f2c7c/userFiles-4795e96d-ac5d-400d-b2df-86922813caba/org.lz4_lz4-java-1.8.0.jar
[2024-06-27T11:00:24.034+0000] {docker.py:436} INFO - 24/06/27 11:00:24 INFO SparkContext: Added file file:///opt/bitnami/spark/.ivy2/jars/org.xerial.snappy_snappy-java-1.1.8.4.jar at file:///opt/bitnami/spark/.ivy2/jars/org.xerial.snappy_snappy-java-1.1.8.4.jar with timestamp 1719486022699
[2024-06-27T11:00:24.036+0000] {docker.py:436} INFO - 24/06/27 11:00:24 INFO Utils: Copying /opt/bitnami/spark/.ivy2/jars/org.xerial.snappy_snappy-java-1.1.8.4.jar to /tmp/spark-5335dbcb-badd-416f-9c22-ffc03b6f2c7c/userFiles-4795e96d-ac5d-400d-b2df-86922813caba/org.xerial.snappy_snappy-java-1.1.8.4.jar
[2024-06-27T11:00:24.042+0000] {docker.py:436} INFO - 24/06/27 11:00:24 INFO SparkContext: Added file file:///opt/bitnami/spark/.ivy2/jars/org.slf4j_slf4j-api-1.7.32.jar at file:///opt/bitnami/spark/.ivy2/jars/org.slf4j_slf4j-api-1.7.32.jar with timestamp 1719486022699
[2024-06-27T11:00:24.043+0000] {docker.py:436} INFO - 24/06/27 11:00:24 INFO Utils: Copying /opt/bitnami/spark/.ivy2/jars/org.slf4j_slf4j-api-1.7.32.jar to /tmp/spark-5335dbcb-badd-416f-9c22-ffc03b6f2c7c/userFiles-4795e96d-ac5d-400d-b2df-86922813caba/org.slf4j_slf4j-api-1.7.32.jar
[2024-06-27T11:00:24.047+0000] {docker.py:436} INFO - 24/06/27 11:00:24 INFO SparkContext: Added file file:///opt/bitnami/spark/.ivy2/jars/org.apache.hadoop_hadoop-client-api-3.3.2.jar at file:///opt/bitnami/spark/.ivy2/jars/org.apache.hadoop_hadoop-client-api-3.3.2.jar with timestamp 1719486022699
[2024-06-27T11:00:24.048+0000] {docker.py:436} INFO - 24/06/27 11:00:24 INFO Utils: Copying /opt/bitnami/spark/.ivy2/jars/org.apache.hadoop_hadoop-client-api-3.3.2.jar to /tmp/spark-5335dbcb-badd-416f-9c22-ffc03b6f2c7c/userFiles-4795e96d-ac5d-400d-b2df-86922813caba/org.apache.hadoop_hadoop-client-api-3.3.2.jar
[2024-06-27T11:00:24.069+0000] {docker.py:436} INFO - 24/06/27 11:00:24 INFO SparkContext: Added file file:///opt/bitnami/spark/.ivy2/jars/commons-logging_commons-logging-1.1.3.jar at file:///opt/bitnami/spark/.ivy2/jars/commons-logging_commons-logging-1.1.3.jar with timestamp 1719486022699
24/06/27 11:00:24 INFO Utils: Copying /opt/bitnami/spark/.ivy2/jars/commons-logging_commons-logging-1.1.3.jar to /tmp/spark-5335dbcb-badd-416f-9c22-ffc03b6f2c7c/userFiles-4795e96d-ac5d-400d-b2df-86922813caba/commons-logging_commons-logging-1.1.3.jar
[2024-06-27T11:00:24.179+0000] {docker.py:436} INFO - 24/06/27 11:00:24 INFO Executor: Starting executor ID driver on host localhost
[2024-06-27T11:00:24.180+0000] {docker.py:436} INFO - 24/06/27 11:00:24 INFO Executor: OS info Linux, 6.5.0-41-generic, amd64
[2024-06-27T11:00:24.180+0000] {docker.py:436} INFO - 24/06/27 11:00:24 INFO Executor: Java version 17.0.11
[2024-06-27T11:00:24.193+0000] {docker.py:436} INFO - 24/06/27 11:00:24 INFO Executor: Starting executor with user classpath (userClassPathFirst = false): ''
[2024-06-27T11:00:24.194+0000] {docker.py:436} INFO - 24/06/27 11:00:24 INFO Executor: Created or updated repl class loader org.apache.spark.util.MutableURLClassLoader@1ed70cc7 for default.
[2024-06-27T11:00:24.211+0000] {docker.py:436} INFO - 24/06/27 11:00:24 INFO Executor: Fetching file:///opt/bitnami/spark/.ivy2/jars/org.postgresql_postgresql-42.2.2.jar with timestamp 1719486022699
[2024-06-27T11:00:24.248+0000] {docker.py:436} INFO - 24/06/27 11:00:24 INFO Utils: /opt/bitnami/spark/.ivy2/jars/org.postgresql_postgresql-42.2.2.jar has been previously copied to /tmp/spark-5335dbcb-badd-416f-9c22-ffc03b6f2c7c/userFiles-4795e96d-ac5d-400d-b2df-86922813caba/org.postgresql_postgresql-42.2.2.jar
[2024-06-27T11:00:24.256+0000] {docker.py:436} INFO - 24/06/27 11:00:24 INFO Executor: Fetching file:///opt/bitnami/spark/.ivy2/jars/org.apache.hadoop_hadoop-client-api-3.3.2.jar with timestamp 1719486022699
[2024-06-27T11:00:24.289+0000] {docker.py:436} INFO - 24/06/27 11:00:24 INFO Utils: /opt/bitnami/spark/.ivy2/jars/org.apache.hadoop_hadoop-client-api-3.3.2.jar has been previously copied to /tmp/spark-5335dbcb-badd-416f-9c22-ffc03b6f2c7c/userFiles-4795e96d-ac5d-400d-b2df-86922813caba/org.apache.hadoop_hadoop-client-api-3.3.2.jar
[2024-06-27T11:00:24.294+0000] {docker.py:436} INFO - 24/06/27 11:00:24 INFO Executor: Fetching file:///opt/bitnami/spark/.ivy2/jars/org.xerial.snappy_snappy-java-1.1.8.4.jar with timestamp 1719486022699
[2024-06-27T11:00:24.298+0000] {docker.py:436} INFO - 24/06/27 11:00:24 INFO Utils: /opt/bitnami/spark/.ivy2/jars/org.xerial.snappy_snappy-java-1.1.8.4.jar has been previously copied to /tmp/spark-5335dbcb-badd-416f-9c22-ffc03b6f2c7c/userFiles-4795e96d-ac5d-400d-b2df-86922813caba/org.xerial.snappy_snappy-java-1.1.8.4.jar
[2024-06-27T11:00:24.302+0000] {docker.py:436} INFO - 24/06/27 11:00:24 INFO Executor: Fetching file:///opt/bitnami/spark/.ivy2/jars/org.apache.hadoop_hadoop-client-runtime-3.3.2.jar with timestamp 1719486022699
[2024-06-27T11:00:24.331+0000] {docker.py:436} INFO - 24/06/27 11:00:24 INFO Utils: /opt/bitnami/spark/.ivy2/jars/org.apache.hadoop_hadoop-client-runtime-3.3.2.jar has been previously copied to /tmp/spark-5335dbcb-badd-416f-9c22-ffc03b6f2c7c/userFiles-4795e96d-ac5d-400d-b2df-86922813caba/org.apache.hadoop_hadoop-client-runtime-3.3.2.jar
[2024-06-27T11:00:24.334+0000] {docker.py:436} INFO - 24/06/27 11:00:24 INFO Executor: Fetching file:///opt/bitnami/spark/.ivy2/jars/org.apache.commons_commons-pool2-2.11.1.jar with timestamp 1719486022699
[2024-06-27T11:00:24.335+0000] {docker.py:436} INFO - 24/06/27 11:00:24 INFO Utils: /opt/bitnami/spark/.ivy2/jars/org.apache.commons_commons-pool2-2.11.1.jar has been previously copied to /tmp/spark-5335dbcb-badd-416f-9c22-ffc03b6f2c7c/userFiles-4795e96d-ac5d-400d-b2df-86922813caba/org.apache.commons_commons-pool2-2.11.1.jar
[2024-06-27T11:00:24.338+0000] {docker.py:436} INFO - 24/06/27 11:00:24 INFO Executor: Fetching file:///opt/bitnami/spark/.ivy2/jars/org.apache.spark_spark-token-provider-kafka-0-10_2.12-3.3.0.jar with timestamp 1719486022699
[2024-06-27T11:00:24.339+0000] {docker.py:436} INFO - 24/06/27 11:00:24 INFO Utils: /opt/bitnami/spark/.ivy2/jars/org.apache.spark_spark-token-provider-kafka-0-10_2.12-3.3.0.jar has been previously copied to /tmp/spark-5335dbcb-badd-416f-9c22-ffc03b6f2c7c/userFiles-4795e96d-ac5d-400d-b2df-86922813caba/org.apache.spark_spark-token-provider-kafka-0-10_2.12-3.3.0.jar
[2024-06-27T11:00:24.343+0000] {docker.py:436} INFO - 24/06/27 11:00:24 INFO Executor: Fetching file:///opt/bitnami/spark/.ivy2/jars/org.slf4j_slf4j-api-1.7.32.jar with timestamp 1719486022699
[2024-06-27T11:00:24.344+0000] {docker.py:436} INFO - 24/06/27 11:00:24 INFO Utils: /opt/bitnami/spark/.ivy2/jars/org.slf4j_slf4j-api-1.7.32.jar has been previously copied to /tmp/spark-5335dbcb-badd-416f-9c22-ffc03b6f2c7c/userFiles-4795e96d-ac5d-400d-b2df-86922813caba/org.slf4j_slf4j-api-1.7.32.jar
[2024-06-27T11:00:24.347+0000] {docker.py:436} INFO - 24/06/27 11:00:24 INFO Executor: Fetching file:///opt/bitnami/spark/.ivy2/jars/org.apache.spark_spark-sql-kafka-0-10_2.12-3.3.0.jar with timestamp 1719486022699
[2024-06-27T11:00:24.348+0000] {docker.py:436} INFO - 24/06/27 11:00:24 INFO Utils: /opt/bitnami/spark/.ivy2/jars/org.apache.spark_spark-sql-kafka-0-10_2.12-3.3.0.jar has been previously copied to /tmp/spark-5335dbcb-badd-416f-9c22-ffc03b6f2c7c/userFiles-4795e96d-ac5d-400d-b2df-86922813caba/org.apache.spark_spark-sql-kafka-0-10_2.12-3.3.0.jar
[2024-06-27T11:00:24.352+0000] {docker.py:436} INFO - 24/06/27 11:00:24 INFO Executor: Fetching file:///opt/bitnami/spark/.ivy2/jars/com.google.code.findbugs_jsr305-3.0.0.jar with timestamp 1719486022699
[2024-06-27T11:00:24.353+0000] {docker.py:436} INFO - 24/06/27 11:00:24 INFO Utils: /opt/bitnami/spark/.ivy2/jars/com.google.code.findbugs_jsr305-3.0.0.jar has been previously copied to /tmp/spark-5335dbcb-badd-416f-9c22-ffc03b6f2c7c/userFiles-4795e96d-ac5d-400d-b2df-86922813caba/com.google.code.findbugs_jsr305-3.0.0.jar
[2024-06-27T11:00:24.356+0000] {docker.py:436} INFO - 24/06/27 11:00:24 INFO Executor: Fetching file:///opt/bitnami/spark/.ivy2/jars/org.lz4_lz4-java-1.8.0.jar with timestamp 1719486022699
[2024-06-27T11:00:24.358+0000] {docker.py:436} INFO - 24/06/27 11:00:24 INFO Utils: /opt/bitnami/spark/.ivy2/jars/org.lz4_lz4-java-1.8.0.jar has been previously copied to /tmp/spark-5335dbcb-badd-416f-9c22-ffc03b6f2c7c/userFiles-4795e96d-ac5d-400d-b2df-86922813caba/org.lz4_lz4-java-1.8.0.jar
[2024-06-27T11:00:24.361+0000] {docker.py:436} INFO - 24/06/27 11:00:24 INFO Executor: Fetching file:///opt/bitnami/spark/.ivy2/jars/commons-logging_commons-logging-1.1.3.jar with timestamp 1719486022699
[2024-06-27T11:00:24.362+0000] {docker.py:436} INFO - 24/06/27 11:00:24 INFO Utils: /opt/bitnami/spark/.ivy2/jars/commons-logging_commons-logging-1.1.3.jar has been previously copied to /tmp/spark-5335dbcb-badd-416f-9c22-ffc03b6f2c7c/userFiles-4795e96d-ac5d-400d-b2df-86922813caba/commons-logging_commons-logging-1.1.3.jar
[2024-06-27T11:00:24.365+0000] {docker.py:436} INFO - 24/06/27 11:00:24 INFO Executor: Fetching file:///opt/bitnami/spark/.ivy2/jars/org.spark-project.spark_unused-1.0.0.jar with timestamp 1719486022699
[2024-06-27T11:00:24.366+0000] {docker.py:436} INFO - 24/06/27 11:00:24 INFO Utils: /opt/bitnami/spark/.ivy2/jars/org.spark-project.spark_unused-1.0.0.jar has been previously copied to /tmp/spark-5335dbcb-badd-416f-9c22-ffc03b6f2c7c/userFiles-4795e96d-ac5d-400d-b2df-86922813caba/org.spark-project.spark_unused-1.0.0.jar
[2024-06-27T11:00:24.369+0000] {docker.py:436} INFO - 24/06/27 11:00:24 INFO Executor: Fetching file:///opt/bitnami/spark/.ivy2/jars/org.apache.kafka_kafka-clients-2.8.1.jar with timestamp 1719486022699
[2024-06-27T11:00:24.374+0000] {docker.py:436} INFO - 24/06/27 11:00:24 INFO Utils: /opt/bitnami/spark/.ivy2/jars/org.apache.kafka_kafka-clients-2.8.1.jar has been previously copied to /tmp/spark-5335dbcb-badd-416f-9c22-ffc03b6f2c7c/userFiles-4795e96d-ac5d-400d-b2df-86922813caba/org.apache.kafka_kafka-clients-2.8.1.jar
[2024-06-27T11:00:24.380+0000] {docker.py:436} INFO - 24/06/27 11:00:24 INFO Executor: Fetching spark://localhost:35327/jars/org.slf4j_slf4j-api-1.7.32.jar with timestamp 1719486022699
[2024-06-27T11:00:24.428+0000] {docker.py:436} INFO - 24/06/27 11:00:24 INFO TransportClientFactory: Successfully created connection to localhost/127.0.0.1:35327 after 36 ms (0 ms spent in bootstraps)
[2024-06-27T11:00:24.435+0000] {docker.py:436} INFO - 24/06/27 11:00:24 INFO Utils: Fetching spark://localhost:35327/jars/org.slf4j_slf4j-api-1.7.32.jar to /tmp/spark-5335dbcb-badd-416f-9c22-ffc03b6f2c7c/userFiles-4795e96d-ac5d-400d-b2df-86922813caba/fetchFileTemp7438180391921195520.tmp
[2024-06-27T11:00:24.467+0000] {docker.py:436} INFO - 24/06/27 11:00:24 INFO Utils: /tmp/spark-5335dbcb-badd-416f-9c22-ffc03b6f2c7c/userFiles-4795e96d-ac5d-400d-b2df-86922813caba/fetchFileTemp7438180391921195520.tmp has been previously copied to /tmp/spark-5335dbcb-badd-416f-9c22-ffc03b6f2c7c/userFiles-4795e96d-ac5d-400d-b2df-86922813caba/org.slf4j_slf4j-api-1.7.32.jar
[2024-06-27T11:00:24.473+0000] {docker.py:436} INFO - 24/06/27 11:00:24 INFO Executor: Adding file:/tmp/spark-5335dbcb-badd-416f-9c22-ffc03b6f2c7c/userFiles-4795e96d-ac5d-400d-b2df-86922813caba/org.slf4j_slf4j-api-1.7.32.jar to class loader default
[2024-06-27T11:00:24.474+0000] {docker.py:436} INFO - 24/06/27 11:00:24 INFO Executor: Fetching spark://localhost:35327/jars/org.apache.kafka_kafka-clients-2.8.1.jar with timestamp 1719486022699
[2024-06-27T11:00:24.475+0000] {docker.py:436} INFO - 24/06/27 11:00:24 INFO Utils: Fetching spark://localhost:35327/jars/org.apache.kafka_kafka-clients-2.8.1.jar to /tmp/spark-5335dbcb-badd-416f-9c22-ffc03b6f2c7c/userFiles-4795e96d-ac5d-400d-b2df-86922813caba/fetchFileTemp1924713209179095594.tmp
[2024-06-27T11:00:24.517+0000] {docker.py:436} INFO - 24/06/27 11:00:24 INFO Utils: /tmp/spark-5335dbcb-badd-416f-9c22-ffc03b6f2c7c/userFiles-4795e96d-ac5d-400d-b2df-86922813caba/fetchFileTemp1924713209179095594.tmp has been previously copied to /tmp/spark-5335dbcb-badd-416f-9c22-ffc03b6f2c7c/userFiles-4795e96d-ac5d-400d-b2df-86922813caba/org.apache.kafka_kafka-clients-2.8.1.jar
[2024-06-27T11:00:24.524+0000] {docker.py:436} INFO - 24/06/27 11:00:24 INFO Executor: Adding file:/tmp/spark-5335dbcb-badd-416f-9c22-ffc03b6f2c7c/userFiles-4795e96d-ac5d-400d-b2df-86922813caba/org.apache.kafka_kafka-clients-2.8.1.jar to class loader default
[2024-06-27T11:00:24.525+0000] {docker.py:436} INFO - 24/06/27 11:00:24 INFO Executor: Fetching spark://localhost:35327/jars/org.apache.hadoop_hadoop-client-api-3.3.2.jar with timestamp 1719486022699
[2024-06-27T11:00:24.526+0000] {docker.py:436} INFO - 24/06/27 11:00:24 INFO Utils: Fetching spark://localhost:35327/jars/org.apache.hadoop_hadoop-client-api-3.3.2.jar to /tmp/spark-5335dbcb-badd-416f-9c22-ffc03b6f2c7c/userFiles-4795e96d-ac5d-400d-b2df-86922813caba/fetchFileTemp365736115131231516.tmp
[2024-06-27T11:00:24.685+0000] {docker.py:436} INFO - 24/06/27 11:00:24 INFO Utils: /tmp/spark-5335dbcb-badd-416f-9c22-ffc03b6f2c7c/userFiles-4795e96d-ac5d-400d-b2df-86922813caba/fetchFileTemp365736115131231516.tmp has been previously copied to /tmp/spark-5335dbcb-badd-416f-9c22-ffc03b6f2c7c/userFiles-4795e96d-ac5d-400d-b2df-86922813caba/org.apache.hadoop_hadoop-client-api-3.3.2.jar
[2024-06-27T11:00:24.691+0000] {docker.py:436} INFO - 24/06/27 11:00:24 INFO Executor: Adding file:/tmp/spark-5335dbcb-badd-416f-9c22-ffc03b6f2c7c/userFiles-4795e96d-ac5d-400d-b2df-86922813caba/org.apache.hadoop_hadoop-client-api-3.3.2.jar to class loader default
[2024-06-27T11:00:24.692+0000] {docker.py:436} INFO - 24/06/27 11:00:24 INFO Executor: Fetching spark://localhost:35327/jars/org.apache.commons_commons-pool2-2.11.1.jar with timestamp 1719486022699
[2024-06-27T11:00:24.693+0000] {docker.py:436} INFO - 24/06/27 11:00:24 INFO Utils: Fetching spark://localhost:35327/jars/org.apache.commons_commons-pool2-2.11.1.jar to /tmp/spark-5335dbcb-badd-416f-9c22-ffc03b6f2c7c/userFiles-4795e96d-ac5d-400d-b2df-86922813caba/fetchFileTemp5352054029242383756.tmp
[2024-06-27T11:00:24.695+0000] {docker.py:436} INFO - 24/06/27 11:00:24 INFO Utils: /tmp/spark-5335dbcb-badd-416f-9c22-ffc03b6f2c7c/userFiles-4795e96d-ac5d-400d-b2df-86922813caba/fetchFileTemp5352054029242383756.tmp has been previously copied to /tmp/spark-5335dbcb-badd-416f-9c22-ffc03b6f2c7c/userFiles-4795e96d-ac5d-400d-b2df-86922813caba/org.apache.commons_commons-pool2-2.11.1.jar
[2024-06-27T11:00:24.699+0000] {docker.py:436} INFO - 24/06/27 11:00:24 INFO Executor: Adding file:/tmp/spark-5335dbcb-badd-416f-9c22-ffc03b6f2c7c/userFiles-4795e96d-ac5d-400d-b2df-86922813caba/org.apache.commons_commons-pool2-2.11.1.jar to class loader default
[2024-06-27T11:00:24.699+0000] {docker.py:436} INFO - 24/06/27 11:00:24 INFO Executor: Fetching spark://localhost:35327/jars/org.apache.spark_spark-sql-kafka-0-10_2.12-3.3.0.jar with timestamp 1719486022699
[2024-06-27T11:00:24.700+0000] {docker.py:436} INFO - 24/06/27 11:00:24 INFO Utils: Fetching spark://localhost:35327/jars/org.apache.spark_spark-sql-kafka-0-10_2.12-3.3.0.jar to /tmp/spark-5335dbcb-badd-416f-9c22-ffc03b6f2c7c/userFiles-4795e96d-ac5d-400d-b2df-86922813caba/fetchFileTemp840653372332322466.tmp
[2024-06-27T11:00:24.703+0000] {docker.py:436} INFO - 24/06/27 11:00:24 INFO Utils: /tmp/spark-5335dbcb-badd-416f-9c22-ffc03b6f2c7c/userFiles-4795e96d-ac5d-400d-b2df-86922813caba/fetchFileTemp840653372332322466.tmp has been previously copied to /tmp/spark-5335dbcb-badd-416f-9c22-ffc03b6f2c7c/userFiles-4795e96d-ac5d-400d-b2df-86922813caba/org.apache.spark_spark-sql-kafka-0-10_2.12-3.3.0.jar
[2024-06-27T11:00:24.707+0000] {docker.py:436} INFO - 24/06/27 11:00:24 INFO Executor: Adding file:/tmp/spark-5335dbcb-badd-416f-9c22-ffc03b6f2c7c/userFiles-4795e96d-ac5d-400d-b2df-86922813caba/org.apache.spark_spark-sql-kafka-0-10_2.12-3.3.0.jar to class loader default
[2024-06-27T11:00:24.707+0000] {docker.py:436} INFO - 24/06/27 11:00:24 INFO Executor: Fetching spark://localhost:35327/jars/org.apache.spark_spark-token-provider-kafka-0-10_2.12-3.3.0.jar with timestamp 1719486022699
[2024-06-27T11:00:24.708+0000] {docker.py:436} INFO - 24/06/27 11:00:24 INFO Utils: Fetching spark://localhost:35327/jars/org.apache.spark_spark-token-provider-kafka-0-10_2.12-3.3.0.jar to /tmp/spark-5335dbcb-badd-416f-9c22-ffc03b6f2c7c/userFiles-4795e96d-ac5d-400d-b2df-86922813caba/fetchFileTemp13992286964766520969.tmp
[2024-06-27T11:00:24.709+0000] {docker.py:436} INFO - 24/06/27 11:00:24 INFO Utils: /tmp/spark-5335dbcb-badd-416f-9c22-ffc03b6f2c7c/userFiles-4795e96d-ac5d-400d-b2df-86922813caba/fetchFileTemp13992286964766520969.tmp has been previously copied to /tmp/spark-5335dbcb-badd-416f-9c22-ffc03b6f2c7c/userFiles-4795e96d-ac5d-400d-b2df-86922813caba/org.apache.spark_spark-token-provider-kafka-0-10_2.12-3.3.0.jar
[2024-06-27T11:00:24.713+0000] {docker.py:436} INFO - 24/06/27 11:00:24 INFO Executor: Adding file:/tmp/spark-5335dbcb-badd-416f-9c22-ffc03b6f2c7c/userFiles-4795e96d-ac5d-400d-b2df-86922813caba/org.apache.spark_spark-token-provider-kafka-0-10_2.12-3.3.0.jar to class loader default
[2024-06-27T11:00:24.714+0000] {docker.py:436} INFO - 24/06/27 11:00:24 INFO Executor: Fetching spark://localhost:35327/jars/org.apache.hadoop_hadoop-client-runtime-3.3.2.jar with timestamp 1719486022699
[2024-06-27T11:00:24.714+0000] {docker.py:436} INFO - 24/06/27 11:00:24 INFO Utils: Fetching spark://localhost:35327/jars/org.apache.hadoop_hadoop-client-runtime-3.3.2.jar to /tmp/spark-5335dbcb-badd-416f-9c22-ffc03b6f2c7c/userFiles-4795e96d-ac5d-400d-b2df-86922813caba/fetchFileTemp16479298599916351686.tmp
[2024-06-27T11:00:24.902+0000] {docker.py:436} INFO - 24/06/27 11:00:24 INFO Utils: /tmp/spark-5335dbcb-badd-416f-9c22-ffc03b6f2c7c/userFiles-4795e96d-ac5d-400d-b2df-86922813caba/fetchFileTemp16479298599916351686.tmp has been previously copied to /tmp/spark-5335dbcb-badd-416f-9c22-ffc03b6f2c7c/userFiles-4795e96d-ac5d-400d-b2df-86922813caba/org.apache.hadoop_hadoop-client-runtime-3.3.2.jar
[2024-06-27T11:00:24.910+0000] {docker.py:436} INFO - 24/06/27 11:00:24 INFO Executor: Adding file:/tmp/spark-5335dbcb-badd-416f-9c22-ffc03b6f2c7c/userFiles-4795e96d-ac5d-400d-b2df-86922813caba/org.apache.hadoop_hadoop-client-runtime-3.3.2.jar to class loader default
[2024-06-27T11:00:24.910+0000] {docker.py:436} INFO - 24/06/27 11:00:24 INFO Executor: Fetching spark://localhost:35327/jars/org.spark-project.spark_unused-1.0.0.jar with timestamp 1719486022699
[2024-06-27T11:00:24.912+0000] {docker.py:436} INFO - 24/06/27 11:00:24 INFO Utils: Fetching spark://localhost:35327/jars/org.spark-project.spark_unused-1.0.0.jar to /tmp/spark-5335dbcb-badd-416f-9c22-ffc03b6f2c7c/userFiles-4795e96d-ac5d-400d-b2df-86922813caba/fetchFileTemp11580002868461255990.tmp
[2024-06-27T11:00:24.913+0000] {docker.py:436} INFO - 24/06/27 11:00:24 INFO Utils: /tmp/spark-5335dbcb-badd-416f-9c22-ffc03b6f2c7c/userFiles-4795e96d-ac5d-400d-b2df-86922813caba/fetchFileTemp11580002868461255990.tmp has been previously copied to /tmp/spark-5335dbcb-badd-416f-9c22-ffc03b6f2c7c/userFiles-4795e96d-ac5d-400d-b2df-86922813caba/org.spark-project.spark_unused-1.0.0.jar
[2024-06-27T11:00:24.916+0000] {docker.py:436} INFO - 24/06/27 11:00:24 INFO Executor: Adding file:/tmp/spark-5335dbcb-badd-416f-9c22-ffc03b6f2c7c/userFiles-4795e96d-ac5d-400d-b2df-86922813caba/org.spark-project.spark_unused-1.0.0.jar to class loader default
[2024-06-27T11:00:24.917+0000] {docker.py:436} INFO - 24/06/27 11:00:24 INFO Executor: Fetching spark://localhost:35327/jars/org.postgresql_postgresql-42.2.2.jar with timestamp 1719486022699
[2024-06-27T11:00:24.917+0000] {docker.py:436} INFO - 24/06/27 11:00:24 INFO Utils: Fetching spark://localhost:35327/jars/org.postgresql_postgresql-42.2.2.jar to /tmp/spark-5335dbcb-badd-416f-9c22-ffc03b6f2c7c/userFiles-4795e96d-ac5d-400d-b2df-86922813caba/fetchFileTemp6121186948517023425.tmp
[2024-06-27T11:00:24.920+0000] {docker.py:436} INFO - 24/06/27 11:00:24 INFO Utils: /tmp/spark-5335dbcb-badd-416f-9c22-ffc03b6f2c7c/userFiles-4795e96d-ac5d-400d-b2df-86922813caba/fetchFileTemp6121186948517023425.tmp has been previously copied to /tmp/spark-5335dbcb-badd-416f-9c22-ffc03b6f2c7c/userFiles-4795e96d-ac5d-400d-b2df-86922813caba/org.postgresql_postgresql-42.2.2.jar
[2024-06-27T11:00:24.925+0000] {docker.py:436} INFO - 24/06/27 11:00:24 INFO Executor: Adding file:/tmp/spark-5335dbcb-badd-416f-9c22-ffc03b6f2c7c/userFiles-4795e96d-ac5d-400d-b2df-86922813caba/org.postgresql_postgresql-42.2.2.jar to class loader default
[2024-06-27T11:00:24.926+0000] {docker.py:436} INFO - 24/06/27 11:00:24 INFO Executor: Fetching spark://localhost:35327/jars/org.lz4_lz4-java-1.8.0.jar with timestamp 1719486022699
[2024-06-27T11:00:24.926+0000] {docker.py:436} INFO - 24/06/27 11:00:24 INFO Utils: Fetching spark://localhost:35327/jars/org.lz4_lz4-java-1.8.0.jar to /tmp/spark-5335dbcb-badd-416f-9c22-ffc03b6f2c7c/userFiles-4795e96d-ac5d-400d-b2df-86922813caba/fetchFileTemp8781102812765956633.tmp
[2024-06-27T11:00:24.930+0000] {docker.py:436} INFO - 24/06/27 11:00:24 INFO Utils: /tmp/spark-5335dbcb-badd-416f-9c22-ffc03b6f2c7c/userFiles-4795e96d-ac5d-400d-b2df-86922813caba/fetchFileTemp8781102812765956633.tmp has been previously copied to /tmp/spark-5335dbcb-badd-416f-9c22-ffc03b6f2c7c/userFiles-4795e96d-ac5d-400d-b2df-86922813caba/org.lz4_lz4-java-1.8.0.jar
[2024-06-27T11:00:24.934+0000] {docker.py:436} INFO - 24/06/27 11:00:24 INFO Executor: Adding file:/tmp/spark-5335dbcb-badd-416f-9c22-ffc03b6f2c7c/userFiles-4795e96d-ac5d-400d-b2df-86922813caba/org.lz4_lz4-java-1.8.0.jar to class loader default
[2024-06-27T11:00:24.934+0000] {docker.py:436} INFO - 24/06/27 11:00:24 INFO Executor: Fetching spark://localhost:35327/jars/com.google.code.findbugs_jsr305-3.0.0.jar with timestamp 1719486022699
[2024-06-27T11:00:24.935+0000] {docker.py:436} INFO - 24/06/27 11:00:24 INFO Utils: Fetching spark://localhost:35327/jars/com.google.code.findbugs_jsr305-3.0.0.jar to /tmp/spark-5335dbcb-badd-416f-9c22-ffc03b6f2c7c/userFiles-4795e96d-ac5d-400d-b2df-86922813caba/fetchFileTemp211140754611266224.tmp
[2024-06-27T11:00:24.936+0000] {docker.py:436} INFO - 24/06/27 11:00:24 INFO Utils: /tmp/spark-5335dbcb-badd-416f-9c22-ffc03b6f2c7c/userFiles-4795e96d-ac5d-400d-b2df-86922813caba/fetchFileTemp211140754611266224.tmp has been previously copied to /tmp/spark-5335dbcb-badd-416f-9c22-ffc03b6f2c7c/userFiles-4795e96d-ac5d-400d-b2df-86922813caba/com.google.code.findbugs_jsr305-3.0.0.jar
[2024-06-27T11:00:24.940+0000] {docker.py:436} INFO - 24/06/27 11:00:24 INFO Executor: Adding file:/tmp/spark-5335dbcb-badd-416f-9c22-ffc03b6f2c7c/userFiles-4795e96d-ac5d-400d-b2df-86922813caba/com.google.code.findbugs_jsr305-3.0.0.jar to class loader default
[2024-06-27T11:00:24.940+0000] {docker.py:436} INFO - 24/06/27 11:00:24 INFO Executor: Fetching spark://localhost:35327/jars/org.xerial.snappy_snappy-java-1.1.8.4.jar with timestamp 1719486022699
[2024-06-27T11:00:24.941+0000] {docker.py:436} INFO - 24/06/27 11:00:24 INFO Utils: Fetching spark://localhost:35327/jars/org.xerial.snappy_snappy-java-1.1.8.4.jar to /tmp/spark-5335dbcb-badd-416f-9c22-ffc03b6f2c7c/userFiles-4795e96d-ac5d-400d-b2df-86922813caba/fetchFileTemp14209854832202179173.tmp
[2024-06-27T11:00:24.948+0000] {docker.py:436} INFO - 24/06/27 11:00:24 INFO Utils: /tmp/spark-5335dbcb-badd-416f-9c22-ffc03b6f2c7c/userFiles-4795e96d-ac5d-400d-b2df-86922813caba/fetchFileTemp14209854832202179173.tmp has been previously copied to /tmp/spark-5335dbcb-badd-416f-9c22-ffc03b6f2c7c/userFiles-4795e96d-ac5d-400d-b2df-86922813caba/org.xerial.snappy_snappy-java-1.1.8.4.jar
[2024-06-27T11:00:24.953+0000] {docker.py:436} INFO - 24/06/27 11:00:24 INFO Executor: Adding file:/tmp/spark-5335dbcb-badd-416f-9c22-ffc03b6f2c7c/userFiles-4795e96d-ac5d-400d-b2df-86922813caba/org.xerial.snappy_snappy-java-1.1.8.4.jar to class loader default
[2024-06-27T11:00:24.954+0000] {docker.py:436} INFO - 24/06/27 11:00:24 INFO Executor: Fetching spark://localhost:35327/jars/commons-logging_commons-logging-1.1.3.jar with timestamp 1719486022699
[2024-06-27T11:00:24.954+0000] {docker.py:436} INFO - 24/06/27 11:00:24 INFO Utils: Fetching spark://localhost:35327/jars/commons-logging_commons-logging-1.1.3.jar to /tmp/spark-5335dbcb-badd-416f-9c22-ffc03b6f2c7c/userFiles-4795e96d-ac5d-400d-b2df-86922813caba/fetchFileTemp1519151523397148879.tmp
[2024-06-27T11:00:24.956+0000] {docker.py:436} INFO - 24/06/27 11:00:24 INFO Utils: /tmp/spark-5335dbcb-badd-416f-9c22-ffc03b6f2c7c/userFiles-4795e96d-ac5d-400d-b2df-86922813caba/fetchFileTemp1519151523397148879.tmp has been previously copied to /tmp/spark-5335dbcb-badd-416f-9c22-ffc03b6f2c7c/userFiles-4795e96d-ac5d-400d-b2df-86922813caba/commons-logging_commons-logging-1.1.3.jar
[2024-06-27T11:00:24.960+0000] {docker.py:436} INFO - 24/06/27 11:00:24 INFO Executor: Adding file:/tmp/spark-5335dbcb-badd-416f-9c22-ffc03b6f2c7c/userFiles-4795e96d-ac5d-400d-b2df-86922813caba/commons-logging_commons-logging-1.1.3.jar to class loader default
[2024-06-27T11:00:24.969+0000] {docker.py:436} INFO - 24/06/27 11:00:24 INFO Utils: Successfully started service 'org.apache.spark.network.netty.NettyBlockTransferService' on port 34557.
[2024-06-27T11:00:24.970+0000] {docker.py:436} INFO - 24/06/27 11:00:24 INFO NettyBlockTransferService: Server created on localhost:34557
[2024-06-27T11:00:24.971+0000] {docker.py:436} INFO - 24/06/27 11:00:24 INFO BlockManager: Using org.apache.spark.storage.RandomBlockReplicationPolicy for block replication policy
[2024-06-27T11:00:24.979+0000] {docker.py:436} INFO - 24/06/27 11:00:24 INFO BlockManagerMaster: Registering BlockManager BlockManagerId(driver, localhost, 34557, None)
[2024-06-27T11:00:24.983+0000] {docker.py:436} INFO - 24/06/27 11:00:24 INFO BlockManagerMasterEndpoint: Registering block manager localhost:34557 with 434.4 MiB RAM, BlockManagerId(driver, localhost, 34557, None)
[2024-06-27T11:00:24.986+0000] {docker.py:436} INFO - 24/06/27 11:00:24 INFO BlockManagerMaster: Registered BlockManager BlockManagerId(driver, localhost, 34557, None)
[2024-06-27T11:00:24.988+0000] {docker.py:436} INFO - 24/06/27 11:00:24 INFO BlockManager: Initialized BlockManager: BlockManagerId(driver, localhost, 34557, None)
[2024-06-27T11:00:25.428+0000] {docker.py:436} INFO - 2024-06-27 11:00:25,427:create_spark_session:INFO:Spark session created successfully
[2024-06-27T11:00:25.437+0000] {docker.py:436} INFO - 24/06/27 11:00:25 INFO SharedState: Setting hive.metastore.warehouse.dir ('null') to the value of spark.sql.warehouse.dir.
[2024-06-27T11:00:25.442+0000] {docker.py:436} INFO - 24/06/27 11:00:25 INFO SharedState: Warehouse path is 'file:/opt/bitnami/spark/spark-warehouse'.
[2024-06-27T11:00:27.276+0000] {docker.py:436} INFO - 2024-06-27 11:00:27,275:create_initial_dataframe:INFO:Initial dataframe created successfully:
[2024-06-27T11:00:27.423+0000] {docker.py:436} INFO - Traceback (most recent call last):
  File "/opt/bitnami/spark/scripts/spark_bronze_layer.py", line 138, in <module>
[2024-06-27T11:00:27.424+0000] {docker.py:436} INFO - write_to_postgres()
  File "/opt/bitnami/spark/scripts/spark_bronze_layer.py", line 128, in write_to_postgres
[2024-06-27T11:00:27.424+0000] {docker.py:436} INFO - final_df =create_final_dataframe(df)
[2024-06-27T11:00:27.427+0000] {docker.py:436} INFO - ^^^^^^^^^^^^^^^^^^^^^^^^^^
  File "/opt/bitnami/spark/scripts/spark_bronze_layer.py", line 81, in create_final_dataframe
    df_out = concat(lit("["),df.select(F.regexp_extract(col("value"), pattern, 1)),lit("]")).alias("extracted_content")
             ^^^^^^
NameError: name 'concat' is not defined
2024-06-27 11:00:27,424:close:INFO:Closing down clientserver connection
[2024-06-27T11:00:27.515+0000] {docker.py:436} INFO - 24/06/27 11:00:27 INFO SparkContext: Invoking stop() from shutdown hook
[2024-06-27T11:00:27.516+0000] {docker.py:436} INFO - 24/06/27 11:00:27 INFO SparkContext: SparkContext is stopping with exitCode 0.
[2024-06-27T11:00:27.533+0000] {docker.py:436} INFO - 24/06/27 11:00:27 INFO SparkUI: Stopped Spark web UI at http://localhost:4040
[2024-06-27T11:00:27.552+0000] {docker.py:436} INFO - 24/06/27 11:00:27 INFO MapOutputTrackerMasterEndpoint: MapOutputTrackerMasterEndpoint stopped!
[2024-06-27T11:00:27.580+0000] {docker.py:436} INFO - 24/06/27 11:00:27 INFO MemoryStore: MemoryStore cleared
[2024-06-27T11:00:27.581+0000] {docker.py:436} INFO - 24/06/27 11:00:27 INFO BlockManager: BlockManager stopped
[2024-06-27T11:00:27.602+0000] {docker.py:436} INFO - 24/06/27 11:00:27 INFO BlockManagerMaster: BlockManagerMaster stopped
[2024-06-27T11:00:27.610+0000] {docker.py:436} INFO - 24/06/27 11:00:27 INFO OutputCommitCoordinator$OutputCommitCoordinatorEndpoint: OutputCommitCoordinator stopped!
[2024-06-27T11:00:27.633+0000] {docker.py:436} INFO - 24/06/27 11:00:27 INFO SparkContext: Successfully stopped SparkContext
[2024-06-27T11:00:27.633+0000] {docker.py:436} INFO - 24/06/27 11:00:27 INFO ShutdownHookManager: Shutdown hook called
[2024-06-27T11:00:27.634+0000] {docker.py:436} INFO - 24/06/27 11:00:27 INFO ShutdownHookManager: Deleting directory /tmp/spark-5335dbcb-badd-416f-9c22-ffc03b6f2c7c
[2024-06-27T11:00:27.640+0000] {docker.py:436} INFO - 24/06/27 11:00:27 INFO ShutdownHookManager: Deleting directory /tmp/spark-5335dbcb-badd-416f-9c22-ffc03b6f2c7c/pyspark-d50306c3-0a91-4ed1-a0f3-bb42f84b5b91
[2024-06-27T11:00:27.644+0000] {docker.py:436} INFO - 24/06/27 11:00:27 INFO ShutdownHookManager: Deleting directory /tmp/spark-eacc8a5b-2d2e-4b51-850f-94c91bc8a439
[2024-06-27T11:00:28.346+0000] {taskinstance.py:441} INFO - ::group::Post task execution logs
[2024-06-27T11:00:28.358+0000] {taskinstance.py:2905} ERROR - Task failed with exception
Traceback (most recent call last):
  File "/home/airflow/.local/lib/python3.12/site-packages/docker/api/client.py", line 265, in _raise_for_status
    response.raise_for_status()
  File "/home/airflow/.local/lib/python3.12/site-packages/requests/models.py", line 1021, in raise_for_status
    raise HTTPError(http_error_msg, response=self)
requests.exceptions.HTTPError: 400 Client Error: Bad Request for url: http://docker-proxy:2375/v1.45/containers/create

The above exception was the direct cause of the following exception:

Traceback (most recent call last):
  File "/home/airflow/.local/lib/python3.12/site-packages/airflow/providers/docker/operators/docker.py", line 371, in _run_image
    return self._run_image_with_mounts([*self.mounts, tmp_mount], add_tmp_variable=True)
           ^^^^^^^^^^^^^^^^^^^^^^^^^^^^^^^^^^^^^^^^^^^^^^^^^^^^^^^^^^^^^^^^^^^^^^^^^^^^^
  File "/home/airflow/.local/lib/python3.12/site-packages/airflow/providers/docker/operators/docker.py", line 398, in _run_image_with_mounts
    self.container = self.cli.create_container(
                     ^^^^^^^^^^^^^^^^^^^^^^^^^^
  File "/home/airflow/.local/lib/python3.12/site-packages/docker/api/container.py", line 439, in create_container
    return self.create_container_from_config(config, name, platform)
           ^^^^^^^^^^^^^^^^^^^^^^^^^^^^^^^^^^^^^^^^^^^^^^^^^^^^^^^^^
  File "/home/airflow/.local/lib/python3.12/site-packages/docker/api/container.py", line 456, in create_container_from_config
    return self._result(res, True)
           ^^^^^^^^^^^^^^^^^^^^^^^
  File "/home/airflow/.local/lib/python3.12/site-packages/docker/api/client.py", line 271, in _result
    self._raise_for_status(response)
  File "/home/airflow/.local/lib/python3.12/site-packages/docker/api/client.py", line 267, in _raise_for_status
    raise create_api_error_from_http_exception(e) from e
          ^^^^^^^^^^^^^^^^^^^^^^^^^^^^^^^^^^^^^^^
  File "/home/airflow/.local/lib/python3.12/site-packages/docker/errors.py", line 39, in create_api_error_from_http_exception
    raise cls(e, response=response, explanation=explanation) from e
docker.errors.APIError: 400 Client Error for http://docker-proxy:2375/v1.45/containers/create: Bad Request ("invalid mount config for type "bind": bind source path does not exist: /tmp/airflowtmpi27wx3_9")

During handling of the above exception, another exception occurred:

Traceback (most recent call last):
  File "/home/airflow/.local/lib/python3.12/site-packages/airflow/models/taskinstance.py", line 465, in _execute_task
    result = _execute_callable(context=context, **execute_callable_kwargs)
             ^^^^^^^^^^^^^^^^^^^^^^^^^^^^^^^^^^^^^^^^^^^^^^^^^^^^^^^^^^^^^
  File "/home/airflow/.local/lib/python3.12/site-packages/airflow/models/taskinstance.py", line 432, in _execute_callable
    return execute_callable(context=context, **execute_callable_kwargs)
           ^^^^^^^^^^^^^^^^^^^^^^^^^^^^^^^^^^^^^^^^^^^^^^^^^^^^^^^^^^^^
  File "/home/airflow/.local/lib/python3.12/site-packages/airflow/models/baseoperator.py", line 400, in wrapper
    return func(self, *args, **kwargs)
           ^^^^^^^^^^^^^^^^^^^^^^^^^^^
  File "/home/airflow/.local/lib/python3.12/site-packages/airflow/providers/docker/operators/docker.py", line 509, in execute
    return self._run_image()
           ^^^^^^^^^^^^^^^^^
  File "/home/airflow/.local/lib/python3.12/site-packages/airflow/providers/docker/operators/docker.py", line 380, in _run_image
    return self._run_image_with_mounts(self.mounts, add_tmp_variable=False)
           ^^^^^^^^^^^^^^^^^^^^^^^^^^^^^^^^^^^^^^^^^^^^^^^^^^^^^^^^^^^^^^^^
  File "/home/airflow/.local/lib/python3.12/site-packages/airflow/providers/docker/operators/docker.py", line 444, in _run_image_with_mounts
    raise DockerContainerFailedException(f"Docker container failed: {result!r}", logs=log_lines)
airflow.providers.docker.exceptions.DockerContainerFailedException: Docker container failed: {'StatusCode': 1}
[2024-06-27T11:00:28.365+0000] {taskinstance.py:1206} INFO - Marking task as FAILED. dag_id=Stage_1, task_id=run_bronze_job, run_id=manual__2024-06-27T10:59:54.383844+00:00, execution_date=20240627T105954, start_date=20240627T110000, end_date=20240627T110028
[2024-06-27T11:00:28.382+0000] {standard_task_runner.py:110} ERROR - Failed to execute job 328 for task run_bronze_job (Docker container failed: {'StatusCode': 1}; 278)
[2024-06-27T11:00:28.414+0000] {local_task_job_runner.py:240} INFO - Task exited with return code 1
[2024-06-27T11:00:28.431+0000] {taskinstance.py:3498} INFO - 0 downstream tasks scheduled from follow-on schedule check
[2024-06-27T11:00:28.433+0000] {local_task_job_runner.py:222} INFO - ::endgroup::
