[2024-06-25T11:49:58.078+0000] {local_task_job_runner.py:120} INFO - ::group::Pre task execution logs
[2024-06-25T11:49:58.112+0000] {taskinstance.py:2076} INFO - Dependencies all met for dep_context=non-requeueable deps ti=<TaskInstance: Stage_1.bronze_table_creation manual__2024-06-25T11:49:52.880220+00:00 [queued]>
[2024-06-25T11:49:58.122+0000] {taskinstance.py:2076} INFO - Dependencies all met for dep_context=requeueable deps ti=<TaskInstance: Stage_1.bronze_table_creation manual__2024-06-25T11:49:52.880220+00:00 [queued]>
[2024-06-25T11:49:58.123+0000] {taskinstance.py:2306} INFO - Starting attempt 1 of 1
[2024-06-25T11:49:58.137+0000] {taskinstance.py:2330} INFO - Executing <Task(PythonOperator): bronze_table_creation> on 2024-06-25 11:49:52.880220+00:00
[2024-06-25T11:49:58.144+0000] {logging_mixin.py:188} WARNING - /home/***/.local/lib/python3.12/site-packages/***/task/task_runner/standard_task_runner.py:61 DeprecationWarning: This process (pid=1116) is multi-threaded, use of fork() may lead to deadlocks in the child.
[2024-06-25T11:49:58.144+0000] {standard_task_runner.py:63} INFO - Started process 1117 to run task
[2024-06-25T11:49:58.144+0000] {standard_task_runner.py:90} INFO - Running: ['***', 'tasks', 'run', 'Stage_1', 'bronze_table_creation', 'manual__2024-06-25T11:49:52.880220+00:00', '--job-id', '73', '--raw', '--subdir', 'DAGS_FOLDER/kafka_dag.py', '--cfg-path', '/tmp/tmpgidpvu04']
[2024-06-25T11:49:58.145+0000] {standard_task_runner.py:91} INFO - Job 73: Subtask bronze_table_creation
[2024-06-25T11:49:58.160+0000] {logging_mixin.py:188} WARNING - /home/***/.local/lib/python3.12/site-packages/***/settings.py:195 DeprecationWarning: The sql_alchemy_conn option in [core] has been moved to the sql_alchemy_conn option in [database] - the old setting has been used, but please update your config.
[2024-06-25T11:49:58.192+0000] {task_command.py:426} INFO - Running <TaskInstance: Stage_1.bronze_table_creation manual__2024-06-25T11:49:52.880220+00:00 [running]> on host 0b2aef5f9e3a
[2024-06-25T11:49:58.284+0000] {taskinstance.py:2648} INFO - Exporting env vars: AIRFLOW_CTX_DAG_OWNER='***' AIRFLOW_CTX_DAG_ID='Stage_1' AIRFLOW_CTX_TASK_ID='bronze_table_creation' AIRFLOW_CTX_EXECUTION_DATE='2024-06-25T11:49:52.880220+00:00' AIRFLOW_CTX_TRY_NUMBER='1' AIRFLOW_CTX_DAG_RUN_ID='manual__2024-06-25T11:49:52.880220+00:00'
[2024-06-25T11:49:58.285+0000] {taskinstance.py:430} INFO - ::endgroup::
[2024-06-25T11:49:58.302+0000] {logging_mixin.py:188} INFO - Table 'purchases' created successfully.
[2024-06-25T11:49:58.303+0000] {python.py:237} INFO - Done. Returned value was: None
[2024-06-25T11:49:58.303+0000] {taskinstance.py:441} INFO - ::group::Post task execution logs
[2024-06-25T11:49:58.313+0000] {taskinstance.py:1206} INFO - Marking task as SUCCESS. dag_id=Stage_1, task_id=bronze_table_creation, run_id=manual__2024-06-25T11:49:52.880220+00:00, execution_date=20240625T114952, start_date=20240625T114958, end_date=20240625T114958
[2024-06-25T11:49:58.358+0000] {local_task_job_runner.py:240} INFO - Task exited with return code 0
[2024-06-25T11:49:58.379+0000] {taskinstance.py:3498} INFO - 1 downstream tasks scheduled from follow-on schedule check
[2024-06-25T11:49:58.381+0000] {local_task_job_runner.py:222} INFO - ::endgroup::
