[2024-07-02T10:51:34.279+0000] {local_task_job_runner.py:120} INFO - ::group::Pre task execution logs
[2024-07-02T10:51:34.328+0000] {taskinstance.py:2076} INFO - Dependencies all met for dep_context=non-requeueable deps ti=<TaskInstance: purchase_dag.table_creation manual__2024-07-02T10:51:29.197315+00:00 [queued]>
[2024-07-02T10:51:34.342+0000] {taskinstance.py:2076} INFO - Dependencies all met for dep_context=requeueable deps ti=<TaskInstance: purchase_dag.table_creation manual__2024-07-02T10:51:29.197315+00:00 [queued]>
[2024-07-02T10:51:34.342+0000] {taskinstance.py:2306} INFO - Starting attempt 1 of 1
[2024-07-02T10:51:34.360+0000] {taskinstance.py:2330} INFO - Executing <Task(PythonOperator): table_creation> on 2024-07-02 10:51:29.197315+00:00
[2024-07-02T10:51:34.371+0000] {logging_mixin.py:188} WARNING - /home/***/.local/lib/python3.12/site-packages/***/task/task_runner/standard_task_runner.py:61 DeprecationWarning: This process (pid=185) is multi-threaded, use of fork() may lead to deadlocks in the child.
[2024-07-02T10:51:34.373+0000] {standard_task_runner.py:63} INFO - Started process 187 to run task
[2024-07-02T10:51:34.372+0000] {standard_task_runner.py:90} INFO - Running: ['***', 'tasks', 'run', 'purchase_dag', 'table_creation', 'manual__2024-07-02T10:51:29.197315+00:00', '--job-id', '8', '--raw', '--subdir', 'DAGS_FOLDER/purchase_dag.py', '--cfg-path', '/tmp/tmp7zqy5t3a']
[2024-07-02T10:51:34.374+0000] {standard_task_runner.py:91} INFO - Job 8: Subtask table_creation
[2024-07-02T10:51:34.389+0000] {logging_mixin.py:188} WARNING - /home/***/.local/lib/python3.12/site-packages/***/settings.py:195 DeprecationWarning: The sql_alchemy_conn option in [core] has been moved to the sql_alchemy_conn option in [database] - the old setting has been used, but please update your config.
[2024-07-02T10:51:34.431+0000] {task_command.py:426} INFO - Running <TaskInstance: purchase_dag.table_creation manual__2024-07-02T10:51:29.197315+00:00 [running]> on host 1bb3b4acd47e
[2024-07-02T10:51:34.551+0000] {taskinstance.py:2648} INFO - Exporting env vars: AIRFLOW_CTX_DAG_OWNER='***' AIRFLOW_CTX_DAG_ID='purchase_dag' AIRFLOW_CTX_TASK_ID='table_creation' AIRFLOW_CTX_EXECUTION_DATE='2024-07-02T10:51:29.197315+00:00' AIRFLOW_CTX_TRY_NUMBER='1' AIRFLOW_CTX_DAG_RUN_ID='manual__2024-07-02T10:51:29.197315+00:00'
[2024-07-02T10:51:34.553+0000] {taskinstance.py:430} INFO - ::endgroup::
[2024-07-02T10:51:34.580+0000] {logging_mixin.py:188} INFO - Couldn't execute Bronze table creation due to exception: duplicate key value violates unique constraint "pg_type_typname_nsp_index"
DETAIL:  Key (typname, typnamespace)=(bronze_purchase_load, 2200) already exists.
[2024-07-02T10:51:34.587+0000] {logging_mixin.py:188} INFO - Couldn't execute Silver table creation due to exception: duplicate key value violates unique constraint "pg_type_typname_nsp_index"
DETAIL:  Key (typname, typnamespace)=(silver_purchase_load, 2200) already exists.
[2024-07-02T10:51:34.590+0000] {logging_mixin.py:188} INFO - Couldn't execute Gold table creation due to exception: duplicate key value violates unique constraint "pg_type_typname_nsp_index"
DETAIL:  Key (typname, typnamespace)=(gold_purchase_load, 2200) already exists.
[2024-07-02T10:51:34.592+0000] {python.py:237} INFO - Done. Returned value was: None
[2024-07-02T10:51:34.593+0000] {taskinstance.py:441} INFO - ::group::Post task execution logs
[2024-07-02T10:51:34.605+0000] {taskinstance.py:1206} INFO - Marking task as SUCCESS. dag_id=purchase_dag, task_id=table_creation, run_id=manual__2024-07-02T10:51:29.197315+00:00, execution_date=20240702T105129, start_date=20240702T105134, end_date=20240702T105134
[2024-07-02T10:51:34.667+0000] {local_task_job_runner.py:240} INFO - Task exited with return code 0
[2024-07-02T10:51:34.700+0000] {taskinstance.py:3498} INFO - 1 downstream tasks scheduled from follow-on schedule check
[2024-07-02T10:51:34.702+0000] {local_task_job_runner.py:222} INFO - ::endgroup::
