[2024-06-25T08:14:04.910+0000] {local_task_job_runner.py:120} INFO - ::group::Pre task execution logs
[2024-06-25T08:14:04.950+0000] {taskinstance.py:2076} INFO - Dependencies all met for dep_context=non-requeueable deps ti=<TaskInstance: Stage_1.run_bronze_job manual__2024-06-25T08:13:59.869491+00:00 [queued]>
[2024-06-25T08:14:04.962+0000] {taskinstance.py:2076} INFO - Dependencies all met for dep_context=requeueable deps ti=<TaskInstance: Stage_1.run_bronze_job manual__2024-06-25T08:13:59.869491+00:00 [queued]>
[2024-06-25T08:14:04.963+0000] {taskinstance.py:2306} INFO - Starting attempt 1 of 1
[2024-06-25T08:14:04.983+0000] {taskinstance.py:2330} INFO - Executing <Task(DockerOperator): run_bronze_job> on 2024-06-25 08:13:59.869491+00:00
[2024-06-25T08:14:04.991+0000] {logging_mixin.py:188} WARNING - /home/***/.local/lib/python3.12/site-packages/***/task/task_runner/standard_task_runner.py:61 DeprecationWarning: This process (pid=647) is multi-threaded, use of fork() may lead to deadlocks in the child.
[2024-06-25T08:14:04.992+0000] {standard_task_runner.py:63} INFO - Started process 650 to run task
[2024-06-25T08:14:04.991+0000] {standard_task_runner.py:90} INFO - Running: ['***', 'tasks', 'run', 'Stage_1', 'run_bronze_job', 'manual__2024-06-25T08:13:59.869491+00:00', '--job-id', '37', '--raw', '--subdir', 'DAGS_FOLDER/kafka_dag.py', '--cfg-path', '/tmp/tmpy18gbi7o']
[2024-06-25T08:14:04.993+0000] {standard_task_runner.py:91} INFO - Job 37: Subtask run_bronze_job
[2024-06-25T08:14:05.008+0000] {logging_mixin.py:188} WARNING - /home/***/.local/lib/python3.12/site-packages/***/settings.py:195 DeprecationWarning: The sql_alchemy_conn option in [core] has been moved to the sql_alchemy_conn option in [database] - the old setting has been used, but please update your config.
[2024-06-25T08:14:05.046+0000] {task_command.py:426} INFO - Running <TaskInstance: Stage_1.run_bronze_job manual__2024-06-25T08:13:59.869491+00:00 [running]> on host ec73b68e126f
[2024-06-25T08:14:05.158+0000] {taskinstance.py:2648} INFO - Exporting env vars: AIRFLOW_CTX_DAG_OWNER='***' AIRFLOW_CTX_DAG_ID='Stage_1' AIRFLOW_CTX_TASK_ID='run_bronze_job' AIRFLOW_CTX_EXECUTION_DATE='2024-06-25T08:13:59.869491+00:00' AIRFLOW_CTX_TRY_NUMBER='1' AIRFLOW_CTX_DAG_RUN_ID='manual__2024-06-25T08:13:59.869491+00:00'
[2024-06-25T08:14:05.159+0000] {taskinstance.py:430} INFO - ::endgroup::
[2024-06-25T08:14:05.192+0000] {docker.py:366} INFO - Starting docker container from image bitnami/spark:latest
[2024-06-25T08:14:05.195+0000] {docker.py:374} WARNING - Using remote engine or docker-in-docker and mounting temporary volume from host is not supported. Falling back to `mount_tmp_dir=False` mode. You can set `mount_tmp_dir` parameter to False to disable mounting and remove the warning
[2024-06-25T08:14:06.867+0000] {docker.py:436} INFO - [38;5;6mspark [38;5;5m08:14:06.75 [0m[38;5;2mINFO [0m ==>
[2024-06-25T08:14:06.868+0000] {docker.py:436} INFO - [38;5;6mspark [38;5;5m08:14:06.75 [0m[38;5;2mINFO [0m ==> [1mWelcome to the Bitnami spark container[0m
[2024-06-25T08:14:06.868+0000] {docker.py:436} INFO - [38;5;6mspark [38;5;5m08:14:06.75 [0m[38;5;2mINFO [0m ==> Subscribe to project updates by watching [1mhttps://github.com/bitnami/containers[0m
[2024-06-25T08:14:06.868+0000] {docker.py:436} INFO - [38;5;6mspark [38;5;5m08:14:06.75 [0m[38;5;2mINFO [0m ==> Submit issues and feature requests at [1mhttps://github.com/bitnami/containers/issues[0m
[2024-06-25T08:14:06.869+0000] {docker.py:436} INFO - [38;5;6mspark [38;5;5m08:14:06.75 [0m[38;5;2mINFO [0m ==> Upgrade to Tanzu Application Catalog for production environments to access custom-configured and pre-packaged software components. Gain enhanced features, including Software Bill of Materials (SBOM), CVE scan result reports, and VEX documents. To learn more, visit [1mhttps://bitnami.com/enterprise[0m
[2024-06-25T08:14:06.869+0000] {docker.py:436} INFO - [38;5;6mspark [38;5;5m08:14:06.76 [0m[38;5;2mINFO [0m ==>
[2024-06-25T08:14:06.869+0000] {docker.py:436} INFO - 
[2024-06-25T08:14:09.840+0000] {docker.py:436} INFO - :: loading settings :: url = jar:file:/opt/bitnami/spark/jars/ivy-2.5.1.jar!/org/apache/ivy/core/settings/ivysettings.xml
[2024-06-25T08:14:09.930+0000] {docker.py:436} INFO - Ivy Default Cache set to: /opt/bitnami/spark/.ivy2/cache
The jars for the packages stored in: /opt/bitnami/spark/.ivy2/jars
[2024-06-25T08:14:09.937+0000] {docker.py:436} INFO - org.apache.spark#spark-sql-kafka-0-10_2.12 added as a dependency
[2024-06-25T08:14:09.938+0000] {docker.py:436} INFO - :: resolving dependencies :: org.apache.spark#spark-submit-parent-3668ec0f-2b49-498b-ba96-8c387d52b910;1.0
[2024-06-25T08:14:09.939+0000] {docker.py:436} INFO - confs: [default]
[2024-06-25T08:14:11.826+0000] {docker.py:436} INFO - found org.apache.spark#spark-sql-kafka-0-10_2.12;3.3.0 in central
[2024-06-25T08:14:12.138+0000] {docker.py:436} INFO - found org.apache.spark#spark-token-provider-kafka-0-10_2.12;3.3.0 in central
[2024-06-25T08:14:12.206+0000] {docker.py:436} INFO - found org.apache.kafka#kafka-clients;2.8.1 in central
[2024-06-25T08:14:12.266+0000] {docker.py:436} INFO - found org.lz4#lz4-java;1.8.0 in central
[2024-06-25T08:14:12.329+0000] {docker.py:436} INFO - found org.xerial.snappy#snappy-java;1.1.8.4 in central
[2024-06-25T08:14:12.741+0000] {docker.py:436} INFO - found org.slf4j#slf4j-api;1.7.32 in central
[2024-06-25T08:14:13.985+0000] {docker.py:436} INFO - found org.apache.hadoop#hadoop-client-runtime;3.3.2 in central
[2024-06-25T08:14:14.124+0000] {docker.py:436} INFO - found org.spark-project.spark#unused;1.0.0 in central
[2024-06-25T08:14:14.256+0000] {docker.py:436} INFO - found org.apache.hadoop#hadoop-client-api;3.3.2 in central
[2024-06-25T08:14:16.107+0000] {docker.py:436} INFO - found commons-logging#commons-logging;1.1.3 in central
[2024-06-25T08:14:16.146+0000] {docker.py:436} INFO - found com.google.code.findbugs#jsr305;3.0.0 in central
[2024-06-25T08:14:16.566+0000] {docker.py:436} INFO - found org.apache.commons#commons-pool2;2.11.1 in central
[2024-06-25T08:14:16.591+0000] {docker.py:436} INFO - downloading https://repo1.maven.org/maven2/org/apache/spark/spark-sql-kafka-0-10_2.12/3.3.0/spark-sql-kafka-0-10_2.12-3.3.0.jar ...
[2024-06-25T08:14:16.692+0000] {docker.py:436} INFO - [SUCCESSFUL ] org.apache.spark#spark-sql-kafka-0-10_2.12;3.3.0!spark-sql-kafka-0-10_2.12.jar (111ms)
[2024-06-25T08:14:16.703+0000] {docker.py:436} INFO - downloading https://repo1.maven.org/maven2/org/apache/spark/spark-token-provider-kafka-0-10_2.12/3.3.0/spark-token-provider-kafka-0-10_2.12-3.3.0.jar ...
[2024-06-25T08:14:16.726+0000] {docker.py:436} INFO - [SUCCESSFUL ] org.apache.spark#spark-token-provider-kafka-0-10_2.12;3.3.0!spark-token-provider-kafka-0-10_2.12.jar (31ms)
[2024-06-25T08:14:16.736+0000] {docker.py:436} INFO - downloading https://repo1.maven.org/maven2/org/apache/kafka/kafka-clients/2.8.1/kafka-clients-2.8.1.jar ...
[2024-06-25T08:14:17.469+0000] {docker.py:436} INFO - [SUCCESSFUL ] org.apache.kafka#kafka-clients;2.8.1!kafka-clients.jar (741ms)
[2024-06-25T08:14:17.479+0000] {docker.py:436} INFO - downloading https://repo1.maven.org/maven2/com/google/code/findbugs/jsr305/3.0.0/jsr305-3.0.0.jar ...
[2024-06-25T08:14:17.492+0000] {docker.py:436} INFO - [SUCCESSFUL ] com.google.code.findbugs#jsr305;3.0.0!jsr305.jar (22ms)
[2024-06-25T08:14:17.502+0000] {docker.py:436} INFO - downloading https://repo1.maven.org/maven2/org/apache/commons/commons-pool2/2.11.1/commons-pool2-2.11.1.jar ...
[2024-06-25T08:14:17.527+0000] {docker.py:436} INFO - [SUCCESSFUL ] org.apache.commons#commons-pool2;2.11.1!commons-pool2.jar (33ms)
[2024-06-25T08:14:17.539+0000] {docker.py:436} INFO - downloading https://repo1.maven.org/maven2/org/spark-project/spark/unused/1.0.0/unused-1.0.0.jar ...
[2024-06-25T08:14:17.550+0000] {docker.py:436} INFO - [SUCCESSFUL ] org.spark-project.spark#unused;1.0.0!unused.jar (22ms)
[2024-06-25T08:14:17.561+0000] {docker.py:436} INFO - downloading https://repo1.maven.org/maven2/org/apache/hadoop/hadoop-client-runtime/3.3.2/hadoop-client-runtime-3.3.2.jar ...
[2024-06-25T08:14:21.933+0000] {docker.py:436} INFO - [SUCCESSFUL ] org.apache.hadoop#hadoop-client-runtime;3.3.2!hadoop-client-runtime.jar (4381ms)
[2024-06-25T08:14:21.946+0000] {docker.py:436} INFO - downloading https://repo1.maven.org/maven2/org/lz4/lz4-java/1.8.0/lz4-java-1.8.0.jar ...
[2024-06-25T08:14:22.053+0000] {docker.py:436} INFO - [SUCCESSFUL ] org.lz4#lz4-java;1.8.0!lz4-java.jar (119ms)
[2024-06-25T08:14:22.067+0000] {docker.py:436} INFO - downloading https://repo1.maven.org/maven2/org/xerial/snappy/snappy-java/1.1.8.4/snappy-java-1.1.8.4.jar ...
[2024-06-25T08:14:22.459+0000] {docker.py:436} INFO - [SUCCESSFUL ] org.xerial.snappy#snappy-java;1.1.8.4!snappy-java.jar(bundle) (406ms)
[2024-06-25T08:14:22.469+0000] {docker.py:436} INFO - downloading https://repo1.maven.org/maven2/org/slf4j/slf4j-api/1.7.32/slf4j-api-1.7.32.jar ...
[2024-06-25T08:14:22.483+0000] {docker.py:436} INFO - [SUCCESSFUL ] org.slf4j#slf4j-api;1.7.32!slf4j-api.jar (22ms)
[2024-06-25T08:14:22.494+0000] {docker.py:436} INFO - downloading https://repo1.maven.org/maven2/org/apache/hadoop/hadoop-client-api/3.3.2/hadoop-client-api-3.3.2.jar ...
[2024-06-25T08:14:25.231+0000] {docker.py:436} INFO - [SUCCESSFUL ] org.apache.hadoop#hadoop-client-api;3.3.2!hadoop-client-api.jar (2746ms)
[2024-06-25T08:14:25.240+0000] {docker.py:436} INFO - downloading https://repo1.maven.org/maven2/commons-logging/commons-logging/1.1.3/commons-logging-1.1.3.jar ...
[2024-06-25T08:14:25.262+0000] {docker.py:436} INFO - [SUCCESSFUL ] commons-logging#commons-logging;1.1.3!commons-logging.jar (31ms)
[2024-06-25T08:14:25.263+0000] {docker.py:436} INFO - :: resolution report :: resolve 6641ms :: artifacts dl 8683ms
[2024-06-25T08:14:25.263+0000] {docker.py:436} INFO - :: modules in use:
[2024-06-25T08:14:25.264+0000] {docker.py:436} INFO - com.google.code.findbugs#jsr305;3.0.0 from central in [default]
[2024-06-25T08:14:25.265+0000] {docker.py:436} INFO - commons-logging#commons-logging;1.1.3 from central in [default]
	org.apache.commons#commons-pool2;2.11.1 from central in [default]
[2024-06-25T08:14:25.265+0000] {docker.py:436} INFO - org.apache.hadoop#hadoop-client-api;3.3.2 from central in [default]
	org.apache.hadoop#hadoop-client-runtime;3.3.2 from central in [default]
	org.apache.kafka#kafka-clients;2.8.1 from central in [default]
[2024-06-25T08:14:25.265+0000] {docker.py:436} INFO - org.apache.spark#spark-sql-kafka-0-10_2.12;3.3.0 from central in [default]
	org.apache.spark#spark-token-provider-kafka-0-10_2.12;3.3.0 from central in [default]
	org.lz4#lz4-java;1.8.0 from central in [default]
[2024-06-25T08:14:25.266+0000] {docker.py:436} INFO - org.slf4j#slf4j-api;1.7.32 from central in [default]
	org.spark-project.spark#unused;1.0.0 from central in [default]
	org.xerial.snappy#snappy-java;1.1.8.4 from central in [default]
[2024-06-25T08:14:25.266+0000] {docker.py:436} INFO - ---------------------------------------------------------------------
[2024-06-25T08:14:25.267+0000] {docker.py:436} INFO - |                  |            modules            ||   artifacts   |
	|       conf       | number| search|dwnlded|evicted|| number|dwnlded|
	---------------------------------------------------------------------
[2024-06-25T08:14:25.267+0000] {docker.py:436} INFO - |      default     |   12  |   12  |   12  |   0   ||   12  |   12  |
	---------------------------------------------------------------------
[2024-06-25T08:14:25.272+0000] {docker.py:436} INFO - :: retrieving :: org.apache.spark#spark-submit-parent-3668ec0f-2b49-498b-ba96-8c387d52b910
[2024-06-25T08:14:25.272+0000] {docker.py:436} INFO - confs: [default]
[2024-06-25T08:14:25.338+0000] {docker.py:436} INFO - 12 artifacts copied, 0 already retrieved (56631kB/67ms)
[2024-06-25T08:14:25.604+0000] {docker.py:436} INFO - 24/06/25 08:14:25 WARN NativeCodeLoader: Unable to load native-hadoop library for your platform... using builtin-java classes where applicable
[2024-06-25T08:14:26.885+0000] {docker.py:436} INFO - 24/06/25 08:14:26 INFO SparkContext: Running Spark version 3.5.1
[2024-06-25T08:14:26.886+0000] {docker.py:436} INFO - 24/06/25 08:14:26 INFO SparkContext: OS info Linux, 6.5.0-41-generic, amd64
[2024-06-25T08:14:26.887+0000] {docker.py:436} INFO - 24/06/25 08:14:26 INFO SparkContext: Java version 17.0.11
[2024-06-25T08:14:26.914+0000] {docker.py:436} INFO - 24/06/25 08:14:26 INFO ResourceUtils: ==============================================================
[2024-06-25T08:14:26.916+0000] {docker.py:436} INFO - 24/06/25 08:14:26 INFO ResourceUtils: No custom resources configured for spark.driver.
[2024-06-25T08:14:26.916+0000] {docker.py:436} INFO - 24/06/25 08:14:26 INFO ResourceUtils: ==============================================================
[2024-06-25T08:14:26.918+0000] {docker.py:436} INFO - 24/06/25 08:14:26 INFO SparkContext: Submitted application: PostgreSQL Connection with PySpark
[2024-06-25T08:14:26.943+0000] {docker.py:436} INFO - 24/06/25 08:14:26 INFO ResourceProfile: Default ResourceProfile created, executor resources: Map(cores -> name: cores, amount: 1, script: , vendor: , memory -> name: memory, amount: 1024, script: , vendor: , offHeap -> name: offHeap, amount: 0, script: , vendor: ), task resources: Map(cpus -> name: cpus, amount: 1.0)
[2024-06-25T08:14:26.952+0000] {docker.py:436} INFO - 24/06/25 08:14:26 INFO ResourceProfile: Limiting resource is cpu
[2024-06-25T08:14:26.953+0000] {docker.py:436} INFO - 24/06/25 08:14:26 INFO ResourceProfileManager: Added ResourceProfile id: 0
[2024-06-25T08:14:27.011+0000] {docker.py:436} INFO - 24/06/25 08:14:27 INFO SecurityManager: Changing view acls to: spark
[2024-06-25T08:14:27.012+0000] {docker.py:436} INFO - 24/06/25 08:14:27 INFO SecurityManager: Changing modify acls to: spark
[2024-06-25T08:14:27.012+0000] {docker.py:436} INFO - 24/06/25 08:14:27 INFO SecurityManager: Changing view acls groups to:
[2024-06-25T08:14:27.013+0000] {docker.py:436} INFO - 24/06/25 08:14:27 INFO SecurityManager: Changing modify acls groups to:
[2024-06-25T08:14:27.014+0000] {docker.py:436} INFO - 24/06/25 08:14:27 INFO SecurityManager: SecurityManager: authentication disabled; ui acls disabled; users with view permissions: spark; groups with view permissions: EMPTY; users with modify permissions: spark; groups with modify permissions: EMPTY
[2024-06-25T08:14:27.255+0000] {docker.py:436} INFO - 24/06/25 08:14:27 INFO Utils: Successfully started service 'sparkDriver' on port 38171.
[2024-06-25T08:14:27.290+0000] {docker.py:436} INFO - 24/06/25 08:14:27 INFO SparkEnv: Registering MapOutputTracker
[2024-06-25T08:14:27.351+0000] {docker.py:436} INFO - 24/06/25 08:14:27 INFO SparkEnv: Registering BlockManagerMaster
[2024-06-25T08:14:27.386+0000] {docker.py:436} INFO - 24/06/25 08:14:27 INFO BlockManagerMasterEndpoint: Using org.apache.spark.storage.DefaultTopologyMapper for getting topology information
[2024-06-25T08:14:27.386+0000] {docker.py:436} INFO - 24/06/25 08:14:27 INFO BlockManagerMasterEndpoint: BlockManagerMasterEndpoint up
[2024-06-25T08:14:27.393+0000] {docker.py:436} INFO - 24/06/25 08:14:27 INFO SparkEnv: Registering BlockManagerMasterHeartbeat
[2024-06-25T08:14:27.420+0000] {docker.py:436} INFO - 24/06/25 08:14:27 INFO DiskBlockManager: Created local directory at /tmp/blockmgr-e4a014f3-977b-44a0-903f-ad17c5ec8d4c
[2024-06-25T08:14:27.434+0000] {docker.py:436} INFO - 24/06/25 08:14:27 INFO MemoryStore: MemoryStore started with capacity 434.4 MiB
[2024-06-25T08:14:27.452+0000] {docker.py:436} INFO - 24/06/25 08:14:27 INFO SparkEnv: Registering OutputCommitCoordinator
[2024-06-25T08:14:27.631+0000] {docker.py:436} INFO - 24/06/25 08:14:27 INFO JettyUtils: Start Jetty 0.0.0.0:4040 for SparkUI
[2024-06-25T08:14:27.705+0000] {docker.py:436} INFO - 24/06/25 08:14:27 INFO Utils: Successfully started service 'SparkUI' on port 4040.
[2024-06-25T08:14:27.750+0000] {docker.py:436} INFO - 24/06/25 08:14:27 INFO SparkContext: Added JAR file:///opt/bitnami/spark/.ivy2/jars/org.apache.spark_spark-sql-kafka-0-10_2.12-3.3.0.jar at spark://localhost:38171/jars/org.apache.spark_spark-sql-kafka-0-10_2.12-3.3.0.jar with timestamp 1719303266877
[2024-06-25T08:14:27.751+0000] {docker.py:436} INFO - 24/06/25 08:14:27 INFO SparkContext: Added JAR file:///opt/bitnami/spark/.ivy2/jars/org.apache.spark_spark-token-provider-kafka-0-10_2.12-3.3.0.jar at spark://localhost:38171/jars/org.apache.spark_spark-token-provider-kafka-0-10_2.12-3.3.0.jar with timestamp 1719303266877
[2024-06-25T08:14:27.751+0000] {docker.py:436} INFO - 24/06/25 08:14:27 INFO SparkContext: Added JAR file:///opt/bitnami/spark/.ivy2/jars/org.apache.kafka_kafka-clients-2.8.1.jar at spark://localhost:38171/jars/org.apache.kafka_kafka-clients-2.8.1.jar with timestamp 1719303266877
[2024-06-25T08:14:27.752+0000] {docker.py:436} INFO - 24/06/25 08:14:27 INFO SparkContext: Added JAR file:///opt/bitnami/spark/.ivy2/jars/com.google.code.findbugs_jsr305-3.0.0.jar at spark://localhost:38171/jars/com.google.code.findbugs_jsr305-3.0.0.jar with timestamp 1719303266877
[2024-06-25T08:14:27.752+0000] {docker.py:436} INFO - 24/06/25 08:14:27 INFO SparkContext: Added JAR file:///opt/bitnami/spark/.ivy2/jars/org.apache.commons_commons-pool2-2.11.1.jar at spark://localhost:38171/jars/org.apache.commons_commons-pool2-2.11.1.jar with timestamp 1719303266877
[2024-06-25T08:14:27.753+0000] {docker.py:436} INFO - 24/06/25 08:14:27 INFO SparkContext: Added JAR file:///opt/bitnami/spark/.ivy2/jars/org.spark-project.spark_unused-1.0.0.jar at spark://localhost:38171/jars/org.spark-project.spark_unused-1.0.0.jar with timestamp 1719303266877
[2024-06-25T08:14:27.754+0000] {docker.py:436} INFO - 24/06/25 08:14:27 INFO SparkContext: Added JAR file:///opt/bitnami/spark/.ivy2/jars/org.apache.hadoop_hadoop-client-runtime-3.3.2.jar at spark://localhost:38171/jars/org.apache.hadoop_hadoop-client-runtime-3.3.2.jar with timestamp 1719303266877
[2024-06-25T08:14:27.754+0000] {docker.py:436} INFO - 24/06/25 08:14:27 INFO SparkContext: Added JAR file:///opt/bitnami/spark/.ivy2/jars/org.lz4_lz4-java-1.8.0.jar at spark://localhost:38171/jars/org.lz4_lz4-java-1.8.0.jar with timestamp 1719303266877
[2024-06-25T08:14:27.755+0000] {docker.py:436} INFO - 24/06/25 08:14:27 INFO SparkContext: Added JAR file:///opt/bitnami/spark/.ivy2/jars/org.xerial.snappy_snappy-java-1.1.8.4.jar at spark://localhost:38171/jars/org.xerial.snappy_snappy-java-1.1.8.4.jar with timestamp 1719303266877
[2024-06-25T08:14:27.755+0000] {docker.py:436} INFO - 24/06/25 08:14:27 INFO SparkContext: Added JAR file:///opt/bitnami/spark/.ivy2/jars/org.slf4j_slf4j-api-1.7.32.jar at spark://localhost:38171/jars/org.slf4j_slf4j-api-1.7.32.jar with timestamp 1719303266877
[2024-06-25T08:14:27.756+0000] {docker.py:436} INFO - 24/06/25 08:14:27 INFO SparkContext: Added JAR file:///opt/bitnami/spark/.ivy2/jars/org.apache.hadoop_hadoop-client-api-3.3.2.jar at spark://localhost:38171/jars/org.apache.hadoop_hadoop-client-api-3.3.2.jar with timestamp 1719303266877
[2024-06-25T08:14:27.756+0000] {docker.py:436} INFO - 24/06/25 08:14:27 INFO SparkContext: Added JAR file:///opt/bitnami/spark/.ivy2/jars/commons-logging_commons-logging-1.1.3.jar at spark://localhost:38171/jars/commons-logging_commons-logging-1.1.3.jar with timestamp 1719303266877
[2024-06-25T08:14:27.759+0000] {docker.py:436} INFO - 24/06/25 08:14:27 INFO SparkContext: Added file file:///opt/bitnami/spark/.ivy2/jars/org.apache.spark_spark-sql-kafka-0-10_2.12-3.3.0.jar at file:///opt/bitnami/spark/.ivy2/jars/org.apache.spark_spark-sql-kafka-0-10_2.12-3.3.0.jar with timestamp 1719303266877
[2024-06-25T08:14:27.762+0000] {docker.py:436} INFO - 24/06/25 08:14:27 INFO Utils: Copying /opt/bitnami/spark/.ivy2/jars/org.apache.spark_spark-sql-kafka-0-10_2.12-3.3.0.jar to /tmp/spark-6c2a709b-5c89-46ef-b6ac-a20a5b572228/userFiles-7d32c875-18c3-4e0d-afe6-b73547dd99ae/org.apache.spark_spark-sql-kafka-0-10_2.12-3.3.0.jar
[2024-06-25T08:14:27.774+0000] {docker.py:436} INFO - 24/06/25 08:14:27 INFO SparkContext: Added file file:///opt/bitnami/spark/.ivy2/jars/org.apache.spark_spark-token-provider-kafka-0-10_2.12-3.3.0.jar at file:///opt/bitnami/spark/.ivy2/jars/org.apache.spark_spark-token-provider-kafka-0-10_2.12-3.3.0.jar with timestamp 1719303266877
[2024-06-25T08:14:27.774+0000] {docker.py:436} INFO - 24/06/25 08:14:27 INFO Utils: Copying /opt/bitnami/spark/.ivy2/jars/org.apache.spark_spark-token-provider-kafka-0-10_2.12-3.3.0.jar to /tmp/spark-6c2a709b-5c89-46ef-b6ac-a20a5b572228/userFiles-7d32c875-18c3-4e0d-afe6-b73547dd99ae/org.apache.spark_spark-token-provider-kafka-0-10_2.12-3.3.0.jar
[2024-06-25T08:14:27.779+0000] {docker.py:436} INFO - 24/06/25 08:14:27 INFO SparkContext: Added file file:///opt/bitnami/spark/.ivy2/jars/org.apache.kafka_kafka-clients-2.8.1.jar at file:///opt/bitnami/spark/.ivy2/jars/org.apache.kafka_kafka-clients-2.8.1.jar with timestamp 1719303266877
[2024-06-25T08:14:27.780+0000] {docker.py:436} INFO - 24/06/25 08:14:27 INFO Utils: Copying /opt/bitnami/spark/.ivy2/jars/org.apache.kafka_kafka-clients-2.8.1.jar to /tmp/spark-6c2a709b-5c89-46ef-b6ac-a20a5b572228/userFiles-7d32c875-18c3-4e0d-afe6-b73547dd99ae/org.apache.kafka_kafka-clients-2.8.1.jar
[2024-06-25T08:14:27.787+0000] {docker.py:436} INFO - 24/06/25 08:14:27 INFO SparkContext: Added file file:///opt/bitnami/spark/.ivy2/jars/com.google.code.findbugs_jsr305-3.0.0.jar at file:///opt/bitnami/spark/.ivy2/jars/com.google.code.findbugs_jsr305-3.0.0.jar with timestamp 1719303266877
[2024-06-25T08:14:27.788+0000] {docker.py:436} INFO - 24/06/25 08:14:27 INFO Utils: Copying /opt/bitnami/spark/.ivy2/jars/com.google.code.findbugs_jsr305-3.0.0.jar to /tmp/spark-6c2a709b-5c89-46ef-b6ac-a20a5b572228/userFiles-7d32c875-18c3-4e0d-afe6-b73547dd99ae/com.google.code.findbugs_jsr305-3.0.0.jar
[2024-06-25T08:14:27.792+0000] {docker.py:436} INFO - 24/06/25 08:14:27 INFO SparkContext: Added file file:///opt/bitnami/spark/.ivy2/jars/org.apache.commons_commons-pool2-2.11.1.jar at file:///opt/bitnami/spark/.ivy2/jars/org.apache.commons_commons-pool2-2.11.1.jar with timestamp 1719303266877
[2024-06-25T08:14:27.793+0000] {docker.py:436} INFO - 24/06/25 08:14:27 INFO Utils: Copying /opt/bitnami/spark/.ivy2/jars/org.apache.commons_commons-pool2-2.11.1.jar to /tmp/spark-6c2a709b-5c89-46ef-b6ac-a20a5b572228/userFiles-7d32c875-18c3-4e0d-afe6-b73547dd99ae/org.apache.commons_commons-pool2-2.11.1.jar
[2024-06-25T08:14:27.798+0000] {docker.py:436} INFO - 24/06/25 08:14:27 INFO SparkContext: Added file file:///opt/bitnami/spark/.ivy2/jars/org.spark-project.spark_unused-1.0.0.jar at file:///opt/bitnami/spark/.ivy2/jars/org.spark-project.spark_unused-1.0.0.jar with timestamp 1719303266877
[2024-06-25T08:14:27.801+0000] {docker.py:436} INFO - 24/06/25 08:14:27 INFO Utils: Copying /opt/bitnami/spark/.ivy2/jars/org.spark-project.spark_unused-1.0.0.jar to /tmp/spark-6c2a709b-5c89-46ef-b6ac-a20a5b572228/userFiles-7d32c875-18c3-4e0d-afe6-b73547dd99ae/org.spark-project.spark_unused-1.0.0.jar
[2024-06-25T08:14:27.805+0000] {docker.py:436} INFO - 24/06/25 08:14:27 INFO SparkContext: Added file file:///opt/bitnami/spark/.ivy2/jars/org.apache.hadoop_hadoop-client-runtime-3.3.2.jar at file:///opt/bitnami/spark/.ivy2/jars/org.apache.hadoop_hadoop-client-runtime-3.3.2.jar with timestamp 1719303266877
[2024-06-25T08:14:27.805+0000] {docker.py:436} INFO - 24/06/25 08:14:27 INFO Utils: Copying /opt/bitnami/spark/.ivy2/jars/org.apache.hadoop_hadoop-client-runtime-3.3.2.jar to /tmp/spark-6c2a709b-5c89-46ef-b6ac-a20a5b572228/userFiles-7d32c875-18c3-4e0d-afe6-b73547dd99ae/org.apache.hadoop_hadoop-client-runtime-3.3.2.jar
[2024-06-25T08:14:27.842+0000] {docker.py:436} INFO - 24/06/25 08:14:27 INFO SparkContext: Added file file:///opt/bitnami/spark/.ivy2/jars/org.lz4_lz4-java-1.8.0.jar at file:///opt/bitnami/spark/.ivy2/jars/org.lz4_lz4-java-1.8.0.jar with timestamp 1719303266877
[2024-06-25T08:14:27.843+0000] {docker.py:436} INFO - 24/06/25 08:14:27 INFO Utils: Copying /opt/bitnami/spark/.ivy2/jars/org.lz4_lz4-java-1.8.0.jar to /tmp/spark-6c2a709b-5c89-46ef-b6ac-a20a5b572228/userFiles-7d32c875-18c3-4e0d-afe6-b73547dd99ae/org.lz4_lz4-java-1.8.0.jar
[2024-06-25T08:14:27.847+0000] {docker.py:436} INFO - 24/06/25 08:14:27 INFO SparkContext: Added file file:///opt/bitnami/spark/.ivy2/jars/org.xerial.snappy_snappy-java-1.1.8.4.jar at file:///opt/bitnami/spark/.ivy2/jars/org.xerial.snappy_snappy-java-1.1.8.4.jar with timestamp 1719303266877
[2024-06-25T08:14:27.848+0000] {docker.py:436} INFO - 24/06/25 08:14:27 INFO Utils: Copying /opt/bitnami/spark/.ivy2/jars/org.xerial.snappy_snappy-java-1.1.8.4.jar to /tmp/spark-6c2a709b-5c89-46ef-b6ac-a20a5b572228/userFiles-7d32c875-18c3-4e0d-afe6-b73547dd99ae/org.xerial.snappy_snappy-java-1.1.8.4.jar
[2024-06-25T08:14:27.857+0000] {docker.py:436} INFO - 24/06/25 08:14:27 INFO SparkContext: Added file file:///opt/bitnami/spark/.ivy2/jars/org.slf4j_slf4j-api-1.7.32.jar at file:///opt/bitnami/spark/.ivy2/jars/org.slf4j_slf4j-api-1.7.32.jar with timestamp 1719303266877
24/06/25 08:14:27 INFO Utils: Copying /opt/bitnami/spark/.ivy2/jars/org.slf4j_slf4j-api-1.7.32.jar to /tmp/spark-6c2a709b-5c89-46ef-b6ac-a20a5b572228/userFiles-7d32c875-18c3-4e0d-afe6-b73547dd99ae/org.slf4j_slf4j-api-1.7.32.jar
[2024-06-25T08:14:27.861+0000] {docker.py:436} INFO - 24/06/25 08:14:27 INFO SparkContext: Added file file:///opt/bitnami/spark/.ivy2/jars/org.apache.hadoop_hadoop-client-api-3.3.2.jar at file:///opt/bitnami/spark/.ivy2/jars/org.apache.hadoop_hadoop-client-api-3.3.2.jar with timestamp 1719303266877
[2024-06-25T08:14:27.862+0000] {docker.py:436} INFO - 24/06/25 08:14:27 INFO Utils: Copying /opt/bitnami/spark/.ivy2/jars/org.apache.hadoop_hadoop-client-api-3.3.2.jar to /tmp/spark-6c2a709b-5c89-46ef-b6ac-a20a5b572228/userFiles-7d32c875-18c3-4e0d-afe6-b73547dd99ae/org.apache.hadoop_hadoop-client-api-3.3.2.jar
[2024-06-25T08:14:27.888+0000] {docker.py:436} INFO - 24/06/25 08:14:27 INFO SparkContext: Added file file:///opt/bitnami/spark/.ivy2/jars/commons-logging_commons-logging-1.1.3.jar at file:///opt/bitnami/spark/.ivy2/jars/commons-logging_commons-logging-1.1.3.jar with timestamp 1719303266877
[2024-06-25T08:14:27.888+0000] {docker.py:436} INFO - 24/06/25 08:14:27 INFO Utils: Copying /opt/bitnami/spark/.ivy2/jars/commons-logging_commons-logging-1.1.3.jar to /tmp/spark-6c2a709b-5c89-46ef-b6ac-a20a5b572228/userFiles-7d32c875-18c3-4e0d-afe6-b73547dd99ae/commons-logging_commons-logging-1.1.3.jar
[2024-06-25T08:14:27.969+0000] {docker.py:436} INFO - 24/06/25 08:14:27 INFO Executor: Starting executor ID driver on host localhost
[2024-06-25T08:14:27.970+0000] {docker.py:436} INFO - 24/06/25 08:14:27 INFO Executor: OS info Linux, 6.5.0-41-generic, amd64
[2024-06-25T08:14:27.971+0000] {docker.py:436} INFO - 24/06/25 08:14:27 INFO Executor: Java version 17.0.11
[2024-06-25T08:14:27.982+0000] {docker.py:436} INFO - 24/06/25 08:14:27 INFO Executor: Starting executor with user classpath (userClassPathFirst = false): ''
[2024-06-25T08:14:27.984+0000] {docker.py:436} INFO - 24/06/25 08:14:27 INFO Executor: Created or updated repl class loader org.apache.spark.util.MutableURLClassLoader@796e774e for default.
[2024-06-25T08:14:27.998+0000] {docker.py:436} INFO - 24/06/25 08:14:27 INFO Executor: Fetching file:///opt/bitnami/spark/.ivy2/jars/org.apache.hadoop_hadoop-client-api-3.3.2.jar with timestamp 1719303266877
[2024-06-25T08:14:28.037+0000] {docker.py:436} INFO - 24/06/25 08:14:28 INFO Utils: /opt/bitnami/spark/.ivy2/jars/org.apache.hadoop_hadoop-client-api-3.3.2.jar has been previously copied to /tmp/spark-6c2a709b-5c89-46ef-b6ac-a20a5b572228/userFiles-7d32c875-18c3-4e0d-afe6-b73547dd99ae/org.apache.hadoop_hadoop-client-api-3.3.2.jar
[2024-06-25T08:14:28.041+0000] {docker.py:436} INFO - 24/06/25 08:14:28 INFO Executor: Fetching file:///opt/bitnami/spark/.ivy2/jars/org.xerial.snappy_snappy-java-1.1.8.4.jar with timestamp 1719303266877
[2024-06-25T08:14:28.044+0000] {docker.py:436} INFO - 24/06/25 08:14:28 INFO Utils: /opt/bitnami/spark/.ivy2/jars/org.xerial.snappy_snappy-java-1.1.8.4.jar has been previously copied to /tmp/spark-6c2a709b-5c89-46ef-b6ac-a20a5b572228/userFiles-7d32c875-18c3-4e0d-afe6-b73547dd99ae/org.xerial.snappy_snappy-java-1.1.8.4.jar
[2024-06-25T08:14:28.048+0000] {docker.py:436} INFO - 24/06/25 08:14:28 INFO Executor: Fetching file:///opt/bitnami/spark/.ivy2/jars/org.apache.hadoop_hadoop-client-runtime-3.3.2.jar with timestamp 1719303266877
[2024-06-25T08:14:28.078+0000] {docker.py:436} INFO - 24/06/25 08:14:28 INFO Utils: /opt/bitnami/spark/.ivy2/jars/org.apache.hadoop_hadoop-client-runtime-3.3.2.jar has been previously copied to /tmp/spark-6c2a709b-5c89-46ef-b6ac-a20a5b572228/userFiles-7d32c875-18c3-4e0d-afe6-b73547dd99ae/org.apache.hadoop_hadoop-client-runtime-3.3.2.jar
[2024-06-25T08:14:28.082+0000] {docker.py:436} INFO - 24/06/25 08:14:28 INFO Executor: Fetching file:///opt/bitnami/spark/.ivy2/jars/org.apache.commons_commons-pool2-2.11.1.jar with timestamp 1719303266877
[2024-06-25T08:14:28.083+0000] {docker.py:436} INFO - 24/06/25 08:14:28 INFO Utils: /opt/bitnami/spark/.ivy2/jars/org.apache.commons_commons-pool2-2.11.1.jar has been previously copied to /tmp/spark-6c2a709b-5c89-46ef-b6ac-a20a5b572228/userFiles-7d32c875-18c3-4e0d-afe6-b73547dd99ae/org.apache.commons_commons-pool2-2.11.1.jar
[2024-06-25T08:14:28.087+0000] {docker.py:436} INFO - 24/06/25 08:14:28 INFO Executor: Fetching file:///opt/bitnami/spark/.ivy2/jars/org.apache.spark_spark-token-provider-kafka-0-10_2.12-3.3.0.jar with timestamp 1719303266877
[2024-06-25T08:14:28.087+0000] {docker.py:436} INFO - 24/06/25 08:14:28 INFO Utils: /opt/bitnami/spark/.ivy2/jars/org.apache.spark_spark-token-provider-kafka-0-10_2.12-3.3.0.jar has been previously copied to /tmp/spark-6c2a709b-5c89-46ef-b6ac-a20a5b572228/userFiles-7d32c875-18c3-4e0d-afe6-b73547dd99ae/org.apache.spark_spark-token-provider-kafka-0-10_2.12-3.3.0.jar
[2024-06-25T08:14:28.091+0000] {docker.py:436} INFO - 24/06/25 08:14:28 INFO Executor: Fetching file:///opt/bitnami/spark/.ivy2/jars/org.slf4j_slf4j-api-1.7.32.jar with timestamp 1719303266877
[2024-06-25T08:14:28.092+0000] {docker.py:436} INFO - 24/06/25 08:14:28 INFO Utils: /opt/bitnami/spark/.ivy2/jars/org.slf4j_slf4j-api-1.7.32.jar has been previously copied to /tmp/spark-6c2a709b-5c89-46ef-b6ac-a20a5b572228/userFiles-7d32c875-18c3-4e0d-afe6-b73547dd99ae/org.slf4j_slf4j-api-1.7.32.jar
[2024-06-25T08:14:28.104+0000] {docker.py:436} INFO - 24/06/25 08:14:28 INFO Executor: Fetching file:///opt/bitnami/spark/.ivy2/jars/org.apache.spark_spark-sql-kafka-0-10_2.12-3.3.0.jar with timestamp 1719303266877
[2024-06-25T08:14:28.105+0000] {docker.py:436} INFO - 24/06/25 08:14:28 INFO Utils: /opt/bitnami/spark/.ivy2/jars/org.apache.spark_spark-sql-kafka-0-10_2.12-3.3.0.jar has been previously copied to /tmp/spark-6c2a709b-5c89-46ef-b6ac-a20a5b572228/userFiles-7d32c875-18c3-4e0d-afe6-b73547dd99ae/org.apache.spark_spark-sql-kafka-0-10_2.12-3.3.0.jar
[2024-06-25T08:14:28.109+0000] {docker.py:436} INFO - 24/06/25 08:14:28 INFO Executor: Fetching file:///opt/bitnami/spark/.ivy2/jars/com.google.code.findbugs_jsr305-3.0.0.jar with timestamp 1719303266877
[2024-06-25T08:14:28.110+0000] {docker.py:436} INFO - 24/06/25 08:14:28 INFO Utils: /opt/bitnami/spark/.ivy2/jars/com.google.code.findbugs_jsr305-3.0.0.jar has been previously copied to /tmp/spark-6c2a709b-5c89-46ef-b6ac-a20a5b572228/userFiles-7d32c875-18c3-4e0d-afe6-b73547dd99ae/com.google.code.findbugs_jsr305-3.0.0.jar
[2024-06-25T08:14:28.115+0000] {docker.py:436} INFO - 24/06/25 08:14:28 INFO Executor: Fetching file:///opt/bitnami/spark/.ivy2/jars/org.lz4_lz4-java-1.8.0.jar with timestamp 1719303266877
[2024-06-25T08:14:28.117+0000] {docker.py:436} INFO - 24/06/25 08:14:28 INFO Utils: /opt/bitnami/spark/.ivy2/jars/org.lz4_lz4-java-1.8.0.jar has been previously copied to /tmp/spark-6c2a709b-5c89-46ef-b6ac-a20a5b572228/userFiles-7d32c875-18c3-4e0d-afe6-b73547dd99ae/org.lz4_lz4-java-1.8.0.jar
[2024-06-25T08:14:28.121+0000] {docker.py:436} INFO - 24/06/25 08:14:28 INFO Executor: Fetching file:///opt/bitnami/spark/.ivy2/jars/commons-logging_commons-logging-1.1.3.jar with timestamp 1719303266877
[2024-06-25T08:14:28.121+0000] {docker.py:436} INFO - 24/06/25 08:14:28 INFO Utils: /opt/bitnami/spark/.ivy2/jars/commons-logging_commons-logging-1.1.3.jar has been previously copied to /tmp/spark-6c2a709b-5c89-46ef-b6ac-a20a5b572228/userFiles-7d32c875-18c3-4e0d-afe6-b73547dd99ae/commons-logging_commons-logging-1.1.3.jar
[2024-06-25T08:14:28.125+0000] {docker.py:436} INFO - 24/06/25 08:14:28 INFO Executor: Fetching file:///opt/bitnami/spark/.ivy2/jars/org.spark-project.spark_unused-1.0.0.jar with timestamp 1719303266877
[2024-06-25T08:14:28.126+0000] {docker.py:436} INFO - 24/06/25 08:14:28 INFO Utils: /opt/bitnami/spark/.ivy2/jars/org.spark-project.spark_unused-1.0.0.jar has been previously copied to /tmp/spark-6c2a709b-5c89-46ef-b6ac-a20a5b572228/userFiles-7d32c875-18c3-4e0d-afe6-b73547dd99ae/org.spark-project.spark_unused-1.0.0.jar
[2024-06-25T08:14:28.130+0000] {docker.py:436} INFO - 24/06/25 08:14:28 INFO Executor: Fetching file:///opt/bitnami/spark/.ivy2/jars/org.apache.kafka_kafka-clients-2.8.1.jar with timestamp 1719303266877
[2024-06-25T08:14:28.136+0000] {docker.py:436} INFO - 24/06/25 08:14:28 INFO Utils: /opt/bitnami/spark/.ivy2/jars/org.apache.kafka_kafka-clients-2.8.1.jar has been previously copied to /tmp/spark-6c2a709b-5c89-46ef-b6ac-a20a5b572228/userFiles-7d32c875-18c3-4e0d-afe6-b73547dd99ae/org.apache.kafka_kafka-clients-2.8.1.jar
[2024-06-25T08:14:28.142+0000] {docker.py:436} INFO - 24/06/25 08:14:28 INFO Executor: Fetching spark://localhost:38171/jars/org.xerial.snappy_snappy-java-1.1.8.4.jar with timestamp 1719303266877
[2024-06-25T08:14:28.198+0000] {docker.py:436} INFO - 24/06/25 08:14:28 INFO TransportClientFactory: Successfully created connection to localhost/127.0.0.1:38171 after 41 ms (0 ms spent in bootstraps)
[2024-06-25T08:14:28.212+0000] {docker.py:436} INFO - 24/06/25 08:14:28 INFO Utils: Fetching spark://localhost:38171/jars/org.xerial.snappy_snappy-java-1.1.8.4.jar to /tmp/spark-6c2a709b-5c89-46ef-b6ac-a20a5b572228/userFiles-7d32c875-18c3-4e0d-afe6-b73547dd99ae/fetchFileTemp8202143953968141239.tmp
[2024-06-25T08:14:28.253+0000] {docker.py:436} INFO - 24/06/25 08:14:28 INFO Utils: /tmp/spark-6c2a709b-5c89-46ef-b6ac-a20a5b572228/userFiles-7d32c875-18c3-4e0d-afe6-b73547dd99ae/fetchFileTemp8202143953968141239.tmp has been previously copied to /tmp/spark-6c2a709b-5c89-46ef-b6ac-a20a5b572228/userFiles-7d32c875-18c3-4e0d-afe6-b73547dd99ae/org.xerial.snappy_snappy-java-1.1.8.4.jar
[2024-06-25T08:14:28.260+0000] {docker.py:436} INFO - 24/06/25 08:14:28 INFO Executor: Adding file:/tmp/spark-6c2a709b-5c89-46ef-b6ac-a20a5b572228/userFiles-7d32c875-18c3-4e0d-afe6-b73547dd99ae/org.xerial.snappy_snappy-java-1.1.8.4.jar to class loader default
[2024-06-25T08:14:28.261+0000] {docker.py:436} INFO - 24/06/25 08:14:28 INFO Executor: Fetching spark://localhost:38171/jars/org.apache.commons_commons-pool2-2.11.1.jar with timestamp 1719303266877
[2024-06-25T08:14:28.264+0000] {docker.py:436} INFO - 24/06/25 08:14:28 INFO Utils: Fetching spark://localhost:38171/jars/org.apache.commons_commons-pool2-2.11.1.jar to /tmp/spark-6c2a709b-5c89-46ef-b6ac-a20a5b572228/userFiles-7d32c875-18c3-4e0d-afe6-b73547dd99ae/fetchFileTemp18164763287015060083.tmp
[2024-06-25T08:14:28.266+0000] {docker.py:436} INFO - 24/06/25 08:14:28 INFO Utils: /tmp/spark-6c2a709b-5c89-46ef-b6ac-a20a5b572228/userFiles-7d32c875-18c3-4e0d-afe6-b73547dd99ae/fetchFileTemp18164763287015060083.tmp has been previously copied to /tmp/spark-6c2a709b-5c89-46ef-b6ac-a20a5b572228/userFiles-7d32c875-18c3-4e0d-afe6-b73547dd99ae/org.apache.commons_commons-pool2-2.11.1.jar
[2024-06-25T08:14:28.271+0000] {docker.py:436} INFO - 24/06/25 08:14:28 INFO Executor: Adding file:/tmp/spark-6c2a709b-5c89-46ef-b6ac-a20a5b572228/userFiles-7d32c875-18c3-4e0d-afe6-b73547dd99ae/org.apache.commons_commons-pool2-2.11.1.jar to class loader default
[2024-06-25T08:14:28.272+0000] {docker.py:436} INFO - 24/06/25 08:14:28 INFO Executor: Fetching spark://localhost:38171/jars/org.apache.hadoop_hadoop-client-runtime-3.3.2.jar with timestamp 1719303266877
[2024-06-25T08:14:28.272+0000] {docker.py:436} INFO - 24/06/25 08:14:28 INFO Utils: Fetching spark://localhost:38171/jars/org.apache.hadoop_hadoop-client-runtime-3.3.2.jar to /tmp/spark-6c2a709b-5c89-46ef-b6ac-a20a5b572228/userFiles-7d32c875-18c3-4e0d-afe6-b73547dd99ae/fetchFileTemp4976743986983201193.tmp
[2024-06-25T08:14:28.495+0000] {docker.py:436} INFO - 24/06/25 08:14:28 INFO Utils: /tmp/spark-6c2a709b-5c89-46ef-b6ac-a20a5b572228/userFiles-7d32c875-18c3-4e0d-afe6-b73547dd99ae/fetchFileTemp4976743986983201193.tmp has been previously copied to /tmp/spark-6c2a709b-5c89-46ef-b6ac-a20a5b572228/userFiles-7d32c875-18c3-4e0d-afe6-b73547dd99ae/org.apache.hadoop_hadoop-client-runtime-3.3.2.jar
[2024-06-25T08:14:28.503+0000] {docker.py:436} INFO - 24/06/25 08:14:28 INFO Executor: Adding file:/tmp/spark-6c2a709b-5c89-46ef-b6ac-a20a5b572228/userFiles-7d32c875-18c3-4e0d-afe6-b73547dd99ae/org.apache.hadoop_hadoop-client-runtime-3.3.2.jar to class loader default
[2024-06-25T08:14:28.503+0000] {docker.py:436} INFO - 24/06/25 08:14:28 INFO Executor: Fetching spark://localhost:38171/jars/commons-logging_commons-logging-1.1.3.jar with timestamp 1719303266877
[2024-06-25T08:14:28.504+0000] {docker.py:436} INFO - 24/06/25 08:14:28 INFO Utils: Fetching spark://localhost:38171/jars/commons-logging_commons-logging-1.1.3.jar to /tmp/spark-6c2a709b-5c89-46ef-b6ac-a20a5b572228/userFiles-7d32c875-18c3-4e0d-afe6-b73547dd99ae/fetchFileTemp3742284302768284839.tmp
[2024-06-25T08:14:28.507+0000] {docker.py:436} INFO - 24/06/25 08:14:28 INFO Utils: /tmp/spark-6c2a709b-5c89-46ef-b6ac-a20a5b572228/userFiles-7d32c875-18c3-4e0d-afe6-b73547dd99ae/fetchFileTemp3742284302768284839.tmp has been previously copied to /tmp/spark-6c2a709b-5c89-46ef-b6ac-a20a5b572228/userFiles-7d32c875-18c3-4e0d-afe6-b73547dd99ae/commons-logging_commons-logging-1.1.3.jar
[2024-06-25T08:14:28.511+0000] {docker.py:436} INFO - 24/06/25 08:14:28 INFO Executor: Adding file:/tmp/spark-6c2a709b-5c89-46ef-b6ac-a20a5b572228/userFiles-7d32c875-18c3-4e0d-afe6-b73547dd99ae/commons-logging_commons-logging-1.1.3.jar to class loader default
[2024-06-25T08:14:28.512+0000] {docker.py:436} INFO - 24/06/25 08:14:28 INFO Executor: Fetching spark://localhost:38171/jars/org.apache.kafka_kafka-clients-2.8.1.jar with timestamp 1719303266877
[2024-06-25T08:14:28.513+0000] {docker.py:436} INFO - 24/06/25 08:14:28 INFO Utils: Fetching spark://localhost:38171/jars/org.apache.kafka_kafka-clients-2.8.1.jar to /tmp/spark-6c2a709b-5c89-46ef-b6ac-a20a5b572228/userFiles-7d32c875-18c3-4e0d-afe6-b73547dd99ae/fetchFileTemp9323751199624499770.tmp
[2024-06-25T08:14:28.530+0000] {docker.py:436} INFO - 24/06/25 08:14:28 INFO Utils: /tmp/spark-6c2a709b-5c89-46ef-b6ac-a20a5b572228/userFiles-7d32c875-18c3-4e0d-afe6-b73547dd99ae/fetchFileTemp9323751199624499770.tmp has been previously copied to /tmp/spark-6c2a709b-5c89-46ef-b6ac-a20a5b572228/userFiles-7d32c875-18c3-4e0d-afe6-b73547dd99ae/org.apache.kafka_kafka-clients-2.8.1.jar
[2024-06-25T08:14:28.538+0000] {docker.py:436} INFO - 24/06/25 08:14:28 INFO Executor: Adding file:/tmp/spark-6c2a709b-5c89-46ef-b6ac-a20a5b572228/userFiles-7d32c875-18c3-4e0d-afe6-b73547dd99ae/org.apache.kafka_kafka-clients-2.8.1.jar to class loader default
[2024-06-25T08:14:28.538+0000] {docker.py:436} INFO - 24/06/25 08:14:28 INFO Executor: Fetching spark://localhost:38171/jars/org.lz4_lz4-java-1.8.0.jar with timestamp 1719303266877
[2024-06-25T08:14:28.539+0000] {docker.py:436} INFO - 24/06/25 08:14:28 INFO Utils: Fetching spark://localhost:38171/jars/org.lz4_lz4-java-1.8.0.jar to /tmp/spark-6c2a709b-5c89-46ef-b6ac-a20a5b572228/userFiles-7d32c875-18c3-4e0d-afe6-b73547dd99ae/fetchFileTemp263410894950398686.tmp
[2024-06-25T08:14:28.542+0000] {docker.py:436} INFO - 24/06/25 08:14:28 INFO Utils: /tmp/spark-6c2a709b-5c89-46ef-b6ac-a20a5b572228/userFiles-7d32c875-18c3-4e0d-afe6-b73547dd99ae/fetchFileTemp263410894950398686.tmp has been previously copied to /tmp/spark-6c2a709b-5c89-46ef-b6ac-a20a5b572228/userFiles-7d32c875-18c3-4e0d-afe6-b73547dd99ae/org.lz4_lz4-java-1.8.0.jar
[2024-06-25T08:14:28.547+0000] {docker.py:436} INFO - 24/06/25 08:14:28 INFO Executor: Adding file:/tmp/spark-6c2a709b-5c89-46ef-b6ac-a20a5b572228/userFiles-7d32c875-18c3-4e0d-afe6-b73547dd99ae/org.lz4_lz4-java-1.8.0.jar to class loader default
[2024-06-25T08:14:28.547+0000] {docker.py:436} INFO - 24/06/25 08:14:28 INFO Executor: Fetching spark://localhost:38171/jars/org.spark-project.spark_unused-1.0.0.jar with timestamp 1719303266877
[2024-06-25T08:14:28.548+0000] {docker.py:436} INFO - 24/06/25 08:14:28 INFO Utils: Fetching spark://localhost:38171/jars/org.spark-project.spark_unused-1.0.0.jar to /tmp/spark-6c2a709b-5c89-46ef-b6ac-a20a5b572228/userFiles-7d32c875-18c3-4e0d-afe6-b73547dd99ae/fetchFileTemp16222151223894857346.tmp
[2024-06-25T08:14:28.549+0000] {docker.py:436} INFO - 24/06/25 08:14:28 INFO Utils: /tmp/spark-6c2a709b-5c89-46ef-b6ac-a20a5b572228/userFiles-7d32c875-18c3-4e0d-afe6-b73547dd99ae/fetchFileTemp16222151223894857346.tmp has been previously copied to /tmp/spark-6c2a709b-5c89-46ef-b6ac-a20a5b572228/userFiles-7d32c875-18c3-4e0d-afe6-b73547dd99ae/org.spark-project.spark_unused-1.0.0.jar
[2024-06-25T08:14:28.553+0000] {docker.py:436} INFO - 24/06/25 08:14:28 INFO Executor: Adding file:/tmp/spark-6c2a709b-5c89-46ef-b6ac-a20a5b572228/userFiles-7d32c875-18c3-4e0d-afe6-b73547dd99ae/org.spark-project.spark_unused-1.0.0.jar to class loader default
[2024-06-25T08:14:28.553+0000] {docker.py:436} INFO - 24/06/25 08:14:28 INFO Executor: Fetching spark://localhost:38171/jars/org.apache.spark_spark-sql-kafka-0-10_2.12-3.3.0.jar with timestamp 1719303266877
[2024-06-25T08:14:28.554+0000] {docker.py:436} INFO - 24/06/25 08:14:28 INFO Utils: Fetching spark://localhost:38171/jars/org.apache.spark_spark-sql-kafka-0-10_2.12-3.3.0.jar to /tmp/spark-6c2a709b-5c89-46ef-b6ac-a20a5b572228/userFiles-7d32c875-18c3-4e0d-afe6-b73547dd99ae/fetchFileTemp7415935949692210008.tmp
[2024-06-25T08:14:28.557+0000] {docker.py:436} INFO - 24/06/25 08:14:28 INFO Utils: /tmp/spark-6c2a709b-5c89-46ef-b6ac-a20a5b572228/userFiles-7d32c875-18c3-4e0d-afe6-b73547dd99ae/fetchFileTemp7415935949692210008.tmp has been previously copied to /tmp/spark-6c2a709b-5c89-46ef-b6ac-a20a5b572228/userFiles-7d32c875-18c3-4e0d-afe6-b73547dd99ae/org.apache.spark_spark-sql-kafka-0-10_2.12-3.3.0.jar
[2024-06-25T08:14:28.560+0000] {docker.py:436} INFO - 24/06/25 08:14:28 INFO Executor: Adding file:/tmp/spark-6c2a709b-5c89-46ef-b6ac-a20a5b572228/userFiles-7d32c875-18c3-4e0d-afe6-b73547dd99ae/org.apache.spark_spark-sql-kafka-0-10_2.12-3.3.0.jar to class loader default
[2024-06-25T08:14:28.561+0000] {docker.py:436} INFO - 24/06/25 08:14:28 INFO Executor: Fetching spark://localhost:38171/jars/org.apache.spark_spark-token-provider-kafka-0-10_2.12-3.3.0.jar with timestamp 1719303266877
[2024-06-25T08:14:28.563+0000] {docker.py:436} INFO - 24/06/25 08:14:28 INFO Utils: Fetching spark://localhost:38171/jars/org.apache.spark_spark-token-provider-kafka-0-10_2.12-3.3.0.jar to /tmp/spark-6c2a709b-5c89-46ef-b6ac-a20a5b572228/userFiles-7d32c875-18c3-4e0d-afe6-b73547dd99ae/fetchFileTemp18117343557225187272.tmp
[2024-06-25T08:14:28.564+0000] {docker.py:436} INFO - 24/06/25 08:14:28 INFO Utils: /tmp/spark-6c2a709b-5c89-46ef-b6ac-a20a5b572228/userFiles-7d32c875-18c3-4e0d-afe6-b73547dd99ae/fetchFileTemp18117343557225187272.tmp has been previously copied to /tmp/spark-6c2a709b-5c89-46ef-b6ac-a20a5b572228/userFiles-7d32c875-18c3-4e0d-afe6-b73547dd99ae/org.apache.spark_spark-token-provider-kafka-0-10_2.12-3.3.0.jar
[2024-06-25T08:14:28.568+0000] {docker.py:436} INFO - 24/06/25 08:14:28 INFO Executor: Adding file:/tmp/spark-6c2a709b-5c89-46ef-b6ac-a20a5b572228/userFiles-7d32c875-18c3-4e0d-afe6-b73547dd99ae/org.apache.spark_spark-token-provider-kafka-0-10_2.12-3.3.0.jar to class loader default
[2024-06-25T08:14:28.568+0000] {docker.py:436} INFO - 24/06/25 08:14:28 INFO Executor: Fetching spark://localhost:38171/jars/com.google.code.findbugs_jsr305-3.0.0.jar with timestamp 1719303266877
[2024-06-25T08:14:28.569+0000] {docker.py:436} INFO - 24/06/25 08:14:28 INFO Utils: Fetching spark://localhost:38171/jars/com.google.code.findbugs_jsr305-3.0.0.jar to /tmp/spark-6c2a709b-5c89-46ef-b6ac-a20a5b572228/userFiles-7d32c875-18c3-4e0d-afe6-b73547dd99ae/fetchFileTemp11877991861402341365.tmp
[2024-06-25T08:14:28.570+0000] {docker.py:436} INFO - 24/06/25 08:14:28 INFO Utils: /tmp/spark-6c2a709b-5c89-46ef-b6ac-a20a5b572228/userFiles-7d32c875-18c3-4e0d-afe6-b73547dd99ae/fetchFileTemp11877991861402341365.tmp has been previously copied to /tmp/spark-6c2a709b-5c89-46ef-b6ac-a20a5b572228/userFiles-7d32c875-18c3-4e0d-afe6-b73547dd99ae/com.google.code.findbugs_jsr305-3.0.0.jar
[2024-06-25T08:14:28.574+0000] {docker.py:436} INFO - 24/06/25 08:14:28 INFO Executor: Adding file:/tmp/spark-6c2a709b-5c89-46ef-b6ac-a20a5b572228/userFiles-7d32c875-18c3-4e0d-afe6-b73547dd99ae/com.google.code.findbugs_jsr305-3.0.0.jar to class loader default
[2024-06-25T08:14:28.575+0000] {docker.py:436} INFO - 24/06/25 08:14:28 INFO Executor: Fetching spark://localhost:38171/jars/org.apache.hadoop_hadoop-client-api-3.3.2.jar with timestamp 1719303266877
24/06/25 08:14:28 INFO Utils: Fetching spark://localhost:38171/jars/org.apache.hadoop_hadoop-client-api-3.3.2.jar to /tmp/spark-6c2a709b-5c89-46ef-b6ac-a20a5b572228/userFiles-7d32c875-18c3-4e0d-afe6-b73547dd99ae/fetchFileTemp7799328226700992315.tmp
[2024-06-25T08:14:28.702+0000] {docker.py:436} INFO - 24/06/25 08:14:28 INFO Utils: /tmp/spark-6c2a709b-5c89-46ef-b6ac-a20a5b572228/userFiles-7d32c875-18c3-4e0d-afe6-b73547dd99ae/fetchFileTemp7799328226700992315.tmp has been previously copied to /tmp/spark-6c2a709b-5c89-46ef-b6ac-a20a5b572228/userFiles-7d32c875-18c3-4e0d-afe6-b73547dd99ae/org.apache.hadoop_hadoop-client-api-3.3.2.jar
[2024-06-25T08:14:28.708+0000] {docker.py:436} INFO - 24/06/25 08:14:28 INFO Executor: Adding file:/tmp/spark-6c2a709b-5c89-46ef-b6ac-a20a5b572228/userFiles-7d32c875-18c3-4e0d-afe6-b73547dd99ae/org.apache.hadoop_hadoop-client-api-3.3.2.jar to class loader default
[2024-06-25T08:14:28.708+0000] {docker.py:436} INFO - 24/06/25 08:14:28 INFO Executor: Fetching spark://localhost:38171/jars/org.slf4j_slf4j-api-1.7.32.jar with timestamp 1719303266877
[2024-06-25T08:14:28.709+0000] {docker.py:436} INFO - 24/06/25 08:14:28 INFO Utils: Fetching spark://localhost:38171/jars/org.slf4j_slf4j-api-1.7.32.jar to /tmp/spark-6c2a709b-5c89-46ef-b6ac-a20a5b572228/userFiles-7d32c875-18c3-4e0d-afe6-b73547dd99ae/fetchFileTemp15738509901441920443.tmp
[2024-06-25T08:14:28.711+0000] {docker.py:436} INFO - 24/06/25 08:14:28 INFO Utils: /tmp/spark-6c2a709b-5c89-46ef-b6ac-a20a5b572228/userFiles-7d32c875-18c3-4e0d-afe6-b73547dd99ae/fetchFileTemp15738509901441920443.tmp has been previously copied to /tmp/spark-6c2a709b-5c89-46ef-b6ac-a20a5b572228/userFiles-7d32c875-18c3-4e0d-afe6-b73547dd99ae/org.slf4j_slf4j-api-1.7.32.jar
[2024-06-25T08:14:28.714+0000] {docker.py:436} INFO - 24/06/25 08:14:28 INFO Executor: Adding file:/tmp/spark-6c2a709b-5c89-46ef-b6ac-a20a5b572228/userFiles-7d32c875-18c3-4e0d-afe6-b73547dd99ae/org.slf4j_slf4j-api-1.7.32.jar to class loader default
[2024-06-25T08:14:28.724+0000] {docker.py:436} INFO - 24/06/25 08:14:28 INFO Utils: Successfully started service 'org.apache.spark.network.netty.NettyBlockTransferService' on port 33043.
[2024-06-25T08:14:28.725+0000] {docker.py:436} INFO - 24/06/25 08:14:28 INFO NettyBlockTransferService: Server created on localhost:33043
[2024-06-25T08:14:28.727+0000] {docker.py:436} INFO - 24/06/25 08:14:28 INFO BlockManager: Using org.apache.spark.storage.RandomBlockReplicationPolicy for block replication policy
[2024-06-25T08:14:28.735+0000] {docker.py:436} INFO - 24/06/25 08:14:28 INFO BlockManagerMaster: Registering BlockManager BlockManagerId(driver, localhost, 33043, None)
[2024-06-25T08:14:28.739+0000] {docker.py:436} INFO - 24/06/25 08:14:28 INFO BlockManagerMasterEndpoint: Registering block manager localhost:33043 with 434.4 MiB RAM, BlockManagerId(driver, localhost, 33043, None)
[2024-06-25T08:14:28.741+0000] {docker.py:436} INFO - 24/06/25 08:14:28 INFO BlockManagerMaster: Registered BlockManager BlockManagerId(driver, localhost, 33043, None)
[2024-06-25T08:14:28.742+0000] {docker.py:436} INFO - 24/06/25 08:14:28 INFO BlockManager: Initialized BlockManager: BlockManagerId(driver, localhost, 33043, None)
[2024-06-25T08:14:29.170+0000] {docker.py:436} INFO - 2024-06-25 08:14:29,169:create_spark_session:INFO:Spark session created successfully
[2024-06-25T08:14:29.177+0000] {docker.py:436} INFO - 24/06/25 08:14:29 INFO SharedState: Setting hive.metastore.warehouse.dir ('null') to the value of spark.sql.warehouse.dir.
[2024-06-25T08:14:29.180+0000] {docker.py:436} INFO - 24/06/25 08:14:29 INFO SharedState: Warehouse path is 'file:/opt/bitnami/spark/spark-warehouse'.
[2024-06-25T08:14:30.891+0000] {docker.py:436} INFO - 2024-06-25 08:14:30,891:create_initial_dataframe:INFO:Initial dataframe created successfully: {df.show()}
[2024-06-25T08:14:30.892+0000] {docker.py:436} INFO - 2024-06-25 08:14:30,892:close:INFO:Closing down clientserver connection
[2024-06-25T08:14:30.940+0000] {docker.py:436} INFO - 24/06/25 08:14:30 INFO SparkContext: Invoking stop() from shutdown hook
[2024-06-25T08:14:30.941+0000] {docker.py:436} INFO - 24/06/25 08:14:30 INFO SparkContext: SparkContext is stopping with exitCode 0.
[2024-06-25T08:14:30.952+0000] {docker.py:436} INFO - 24/06/25 08:14:30 INFO SparkUI: Stopped Spark web UI at http://localhost:4040
[2024-06-25T08:14:30.963+0000] {docker.py:436} INFO - 24/06/25 08:14:30 INFO MapOutputTrackerMasterEndpoint: MapOutputTrackerMasterEndpoint stopped!
[2024-06-25T08:14:30.975+0000] {docker.py:436} INFO - 24/06/25 08:14:30 INFO MemoryStore: MemoryStore cleared
[2024-06-25T08:14:30.975+0000] {docker.py:436} INFO - 24/06/25 08:14:30 INFO BlockManager: BlockManager stopped
[2024-06-25T08:14:30.983+0000] {docker.py:436} INFO - 24/06/25 08:14:30 INFO BlockManagerMaster: BlockManagerMaster stopped
[2024-06-25T08:14:30.986+0000] {docker.py:436} INFO - 24/06/25 08:14:30 INFO OutputCommitCoordinator$OutputCommitCoordinatorEndpoint: OutputCommitCoordinator stopped!
[2024-06-25T08:14:31.006+0000] {docker.py:436} INFO - 24/06/25 08:14:31 INFO SparkContext: Successfully stopped SparkContext
[2024-06-25T08:14:31.006+0000] {docker.py:436} INFO - 24/06/25 08:14:31 INFO ShutdownHookManager: Shutdown hook called
[2024-06-25T08:14:31.007+0000] {docker.py:436} INFO - 24/06/25 08:14:31 INFO ShutdownHookManager: Deleting directory /tmp/spark-96e3ab46-fbcc-4d29-a083-876a656606ab
[2024-06-25T08:14:31.012+0000] {docker.py:436} INFO - 24/06/25 08:14:31 INFO ShutdownHookManager: Deleting directory /tmp/spark-6c2a709b-5c89-46ef-b6ac-a20a5b572228/pyspark-e11dbb27-ff4d-4ffe-ac3d-87ed619b4b6a
[2024-06-25T08:14:31.016+0000] {docker.py:436} INFO - 24/06/25 08:14:31 INFO ShutdownHookManager: Deleting directory /tmp/spark-6c2a709b-5c89-46ef-b6ac-a20a5b572228
[2024-06-25T08:14:33.407+0000] {taskinstance.py:441} INFO - ::group::Post task execution logs
[2024-06-25T08:14:33.428+0000] {taskinstance.py:1206} INFO - Marking task as SUCCESS. dag_id=Stage_1, task_id=run_bronze_job, run_id=manual__2024-06-25T08:13:59.869491+00:00, execution_date=20240625T081359, start_date=20240625T081404, end_date=20240625T081433
[2024-06-25T08:14:33.465+0000] {local_task_job_runner.py:240} INFO - Task exited with return code 0
[2024-06-25T08:14:33.481+0000] {taskinstance.py:3498} INFO - 0 downstream tasks scheduled from follow-on schedule check
[2024-06-25T08:14:33.483+0000] {local_task_job_runner.py:222} INFO - ::endgroup::
