[2024-07-02T19:52:26.543+0000] {local_task_job_runner.py:120} INFO - ::group::Pre task execution logs
[2024-07-02T19:52:26.581+0000] {taskinstance.py:2076} INFO - Dependencies all met for dep_context=non-requeueable deps ti=<TaskInstance: purchase_dag.gold_data_feed manual__2024-07-02T19:51:31.991122+00:00 [queued]>
[2024-07-02T19:52:26.592+0000] {taskinstance.py:2076} INFO - Dependencies all met for dep_context=requeueable deps ti=<TaskInstance: purchase_dag.gold_data_feed manual__2024-07-02T19:51:31.991122+00:00 [queued]>
[2024-07-02T19:52:26.592+0000] {taskinstance.py:2306} INFO - Starting attempt 1 of 1
[2024-07-02T19:52:26.609+0000] {taskinstance.py:2330} INFO - Executing <Task(PythonOperator): gold_data_feed> on 2024-07-02 19:51:31.991122+00:00
[2024-07-02T19:52:26.617+0000] {logging_mixin.py:188} WARNING - /home/***/.local/lib/python3.12/site-packages/***/task/task_runner/standard_task_runner.py:61 DeprecationWarning: This process (pid=224) is multi-threaded, use of fork() may lead to deadlocks in the child.
[2024-07-02T19:52:26.618+0000] {standard_task_runner.py:63} INFO - Started process 225 to run task
[2024-07-02T19:52:26.617+0000] {standard_task_runner.py:90} INFO - Running: ['***', 'tasks', 'run', 'purchase_dag', 'gold_data_feed', 'manual__2024-07-02T19:51:31.991122+00:00', '--job-id', '159', '--raw', '--subdir', 'DAGS_FOLDER/purchase_dag.py', '--cfg-path', '/tmp/tmpl_vk20_b']
[2024-07-02T19:52:26.619+0000] {standard_task_runner.py:91} INFO - Job 159: Subtask gold_data_feed
[2024-07-02T19:52:26.634+0000] {logging_mixin.py:188} WARNING - /home/***/.local/lib/python3.12/site-packages/***/settings.py:195 DeprecationWarning: The sql_alchemy_conn option in [core] has been moved to the sql_alchemy_conn option in [database] - the old setting has been used, but please update your config.
[2024-07-02T19:52:26.666+0000] {task_command.py:426} INFO - Running <TaskInstance: purchase_dag.gold_data_feed manual__2024-07-02T19:51:31.991122+00:00 [running]> on host 468cca64624c
[2024-07-02T19:52:26.762+0000] {taskinstance.py:2648} INFO - Exporting env vars: AIRFLOW_CTX_DAG_OWNER='***' AIRFLOW_CTX_DAG_ID='purchase_dag' AIRFLOW_CTX_TASK_ID='gold_data_feed' AIRFLOW_CTX_EXECUTION_DATE='2024-07-02T19:51:31.991122+00:00' AIRFLOW_CTX_TRY_NUMBER='1' AIRFLOW_CTX_DAG_RUN_ID='manual__2024-07-02T19:51:31.991122+00:00'
[2024-07-02T19:52:26.763+0000] {taskinstance.py:430} INFO - ::endgroup::
[2024-07-02T19:52:26.782+0000] {logging_mixin.py:188} INFO - ['logs', 'dags', '***.cfg', 'src', 'plugins', 'tgt']
[2024-07-02T19:52:26.787+0000] {python.py:237} INFO - Done. Returned value was: None
[2024-07-02T19:52:26.787+0000] {taskinstance.py:441} INFO - ::group::Post task execution logs
[2024-07-02T19:52:26.797+0000] {taskinstance.py:1206} INFO - Marking task as SUCCESS. dag_id=purchase_dag, task_id=gold_data_feed, run_id=manual__2024-07-02T19:51:31.991122+00:00, execution_date=20240702T195131, start_date=20240702T195226, end_date=20240702T195226
[2024-07-02T19:52:26.832+0000] {local_task_job_runner.py:240} INFO - Task exited with return code 0
[2024-07-02T19:52:26.849+0000] {taskinstance.py:3498} INFO - 0 downstream tasks scheduled from follow-on schedule check
[2024-07-02T19:52:26.851+0000] {local_task_job_runner.py:222} INFO - ::endgroup::
