[2024-07-02T11:44:57.660+0000] {local_task_job_runner.py:120} INFO - ::group::Pre task execution logs
[2024-07-02T11:44:57.705+0000] {taskinstance.py:2076} INFO - Dependencies all met for dep_context=non-requeueable deps ti=<TaskInstance: purchase_dag.table_creation manual__2024-07-02T11:44:53.540097+00:00 [queued]>
[2024-07-02T11:44:57.715+0000] {taskinstance.py:2076} INFO - Dependencies all met for dep_context=requeueable deps ti=<TaskInstance: purchase_dag.table_creation manual__2024-07-02T11:44:53.540097+00:00 [queued]>
[2024-07-02T11:44:57.715+0000] {taskinstance.py:2306} INFO - Starting attempt 1 of 1
[2024-07-02T11:44:57.729+0000] {taskinstance.py:2330} INFO - Executing <Task(PythonOperator): table_creation> on 2024-07-02 11:44:53.540097+00:00
[2024-07-02T11:44:57.737+0000] {logging_mixin.py:188} WARNING - /home/***/.local/lib/python3.12/site-packages/***/task/task_runner/standard_task_runner.py:61 DeprecationWarning: This process (pid=862) is multi-threaded, use of fork() may lead to deadlocks in the child.
[2024-07-02T11:44:57.738+0000] {standard_task_runner.py:63} INFO - Started process 863 to run task
[2024-07-02T11:44:57.737+0000] {standard_task_runner.py:90} INFO - Running: ['***', 'tasks', 'run', 'purchase_dag', 'table_creation', 'manual__2024-07-02T11:44:53.540097+00:00', '--job-id', '70', '--raw', '--subdir', 'DAGS_FOLDER/purchase_dag.py', '--cfg-path', '/tmp/tmpoaf6ex4j']
[2024-07-02T11:44:57.739+0000] {standard_task_runner.py:91} INFO - Job 70: Subtask table_creation
[2024-07-02T11:44:57.753+0000] {logging_mixin.py:188} WARNING - /home/***/.local/lib/python3.12/site-packages/***/settings.py:195 DeprecationWarning: The sql_alchemy_conn option in [core] has been moved to the sql_alchemy_conn option in [database] - the old setting has been used, but please update your config.
[2024-07-02T11:44:57.790+0000] {task_command.py:426} INFO - Running <TaskInstance: purchase_dag.table_creation manual__2024-07-02T11:44:53.540097+00:00 [running]> on host 1bb3b4acd47e
[2024-07-02T11:44:57.922+0000] {taskinstance.py:2648} INFO - Exporting env vars: AIRFLOW_CTX_DAG_OWNER='***' AIRFLOW_CTX_DAG_ID='purchase_dag' AIRFLOW_CTX_TASK_ID='table_creation' AIRFLOW_CTX_EXECUTION_DATE='2024-07-02T11:44:53.540097+00:00' AIRFLOW_CTX_TRY_NUMBER='1' AIRFLOW_CTX_DAG_RUN_ID='manual__2024-07-02T11:44:53.540097+00:00'
[2024-07-02T11:44:57.923+0000] {taskinstance.py:430} INFO - ::endgroup::
[2024-07-02T11:44:57.948+0000] {logging_mixin.py:188} INFO - Executed Bronze table creation successfully
[2024-07-02T11:44:57.949+0000] {logging_mixin.py:188} INFO - Executed Silver table creation successfully
[2024-07-02T11:44:57.950+0000] {logging_mixin.py:188} INFO - Executed Gold table creation successfully
[2024-07-02T11:44:57.950+0000] {python.py:237} INFO - Done. Returned value was: None
[2024-07-02T11:44:57.950+0000] {taskinstance.py:441} INFO - ::group::Post task execution logs
[2024-07-02T11:44:57.960+0000] {taskinstance.py:1206} INFO - Marking task as SUCCESS. dag_id=purchase_dag, task_id=table_creation, run_id=manual__2024-07-02T11:44:53.540097+00:00, execution_date=20240702T114453, start_date=20240702T114457, end_date=20240702T114457
[2024-07-02T11:44:57.998+0000] {local_task_job_runner.py:240} INFO - Task exited with return code 0
[2024-07-02T11:44:58.039+0000] {taskinstance.py:3498} INFO - 1 downstream tasks scheduled from follow-on schedule check
[2024-07-02T11:44:58.042+0000] {local_task_job_runner.py:222} INFO - ::endgroup::
