[2024-06-27T19:01:22.490+0000] {local_task_job_runner.py:120} INFO - ::group::Pre task execution logs
[2024-06-27T19:01:22.532+0000] {taskinstance.py:2076} INFO - Dependencies all met for dep_context=non-requeueable deps ti=<TaskInstance: Stage_1.table_creations manual__2024-06-27T19:01:18.385572+00:00 [queued]>
[2024-06-27T19:01:22.545+0000] {taskinstance.py:2076} INFO - Dependencies all met for dep_context=requeueable deps ti=<TaskInstance: Stage_1.table_creations manual__2024-06-27T19:01:18.385572+00:00 [queued]>
[2024-06-27T19:01:22.545+0000] {taskinstance.py:2306} INFO - Starting attempt 1 of 1
[2024-06-27T19:01:22.564+0000] {taskinstance.py:2330} INFO - Executing <Task(PythonOperator): table_creations> on 2024-06-27 19:01:18.385572+00:00
[2024-06-27T19:01:22.574+0000] {logging_mixin.py:188} WARNING - /home/***/.local/lib/python3.12/site-packages/***/task/task_runner/standard_task_runner.py:61 DeprecationWarning: This process (pid=743) is multi-threaded, use of fork() may lead to deadlocks in the child.
[2024-06-27T19:01:22.575+0000] {standard_task_runner.py:63} INFO - Started process 744 to run task
[2024-06-27T19:01:22.574+0000] {standard_task_runner.py:90} INFO - Running: ['***', 'tasks', 'run', 'Stage_1', 'table_creations', 'manual__2024-06-27T19:01:18.385572+00:00', '--job-id', '415', '--raw', '--subdir', 'DAGS_FOLDER/kafka_dag.py', '--cfg-path', '/tmp/tmp64iyt1sf']
[2024-06-27T19:01:22.577+0000] {standard_task_runner.py:91} INFO - Job 415: Subtask table_creations
[2024-06-27T19:01:22.593+0000] {logging_mixin.py:188} WARNING - /home/***/.local/lib/python3.12/site-packages/***/settings.py:195 DeprecationWarning: The sql_alchemy_conn option in [core] has been moved to the sql_alchemy_conn option in [database] - the old setting has been used, but please update your config.
[2024-06-27T19:01:22.633+0000] {task_command.py:426} INFO - Running <TaskInstance: Stage_1.table_creations manual__2024-06-27T19:01:18.385572+00:00 [running]> on host bafdbafde709
[2024-06-27T19:01:22.764+0000] {taskinstance.py:2648} INFO - Exporting env vars: AIRFLOW_CTX_DAG_OWNER='***' AIRFLOW_CTX_DAG_ID='Stage_1' AIRFLOW_CTX_TASK_ID='table_creations' AIRFLOW_CTX_EXECUTION_DATE='2024-06-27T19:01:18.385572+00:00' AIRFLOW_CTX_TRY_NUMBER='1' AIRFLOW_CTX_DAG_RUN_ID='manual__2024-06-27T19:01:18.385572+00:00'
[2024-06-27T19:01:22.766+0000] {taskinstance.py:430} INFO - ::endgroup::
[2024-06-27T19:01:22.797+0000] {logging_mixin.py:188} INFO - Table 'bronze_grocery_purchase' created successfully.
[2024-06-27T19:01:22.798+0000] {logging_mixin.py:188} INFO - Table 'silver_grocery_purchase' created successfully.
[2024-06-27T19:01:22.801+0000] {python.py:237} INFO - Done. Returned value was: None
[2024-06-27T19:01:22.802+0000] {taskinstance.py:441} INFO - ::group::Post task execution logs
[2024-06-27T19:01:22.821+0000] {taskinstance.py:1206} INFO - Marking task as SUCCESS. dag_id=Stage_1, task_id=table_creations, run_id=manual__2024-06-27T19:01:18.385572+00:00, execution_date=20240627T190118, start_date=20240627T190122, end_date=20240627T190122
[2024-06-27T19:01:22.871+0000] {local_task_job_runner.py:240} INFO - Task exited with return code 0
[2024-06-27T19:01:22.921+0000] {taskinstance.py:3498} INFO - 1 downstream tasks scheduled from follow-on schedule check
[2024-06-27T19:01:22.928+0000] {local_task_job_runner.py:222} INFO - ::endgroup::
