[2024-06-27T08:11:01.901+0000] {local_task_job_runner.py:120} INFO - ::group::Pre task execution logs
[2024-06-27T08:11:01.948+0000] {taskinstance.py:2076} INFO - Dependencies all met for dep_context=non-requeueable deps ti=<TaskInstance: Stage_1.run_bronze_job manual__2024-06-27T08:10:54.705107+00:00 [queued]>
[2024-06-27T08:11:01.961+0000] {taskinstance.py:2076} INFO - Dependencies all met for dep_context=requeueable deps ti=<TaskInstance: Stage_1.run_bronze_job manual__2024-06-27T08:10:54.705107+00:00 [queued]>
[2024-06-27T08:11:01.961+0000] {taskinstance.py:2306} INFO - Starting attempt 1 of 1
[2024-06-27T08:11:01.980+0000] {taskinstance.py:2330} INFO - Executing <Task(DockerOperator): run_bronze_job> on 2024-06-27 08:10:54.705107+00:00
[2024-06-27T08:11:01.991+0000] {logging_mixin.py:188} WARNING - /home/***/.local/lib/python3.12/site-packages/***/task/task_runner/standard_task_runner.py:61 DeprecationWarning: This process (pid=1197) is multi-threaded, use of fork() may lead to deadlocks in the child.
[2024-06-27T08:11:01.992+0000] {standard_task_runner.py:63} INFO - Started process 1198 to run task
[2024-06-27T08:11:01.991+0000] {standard_task_runner.py:90} INFO - Running: ['***', 'tasks', 'run', 'Stage_1', 'run_bronze_job', 'manual__2024-06-27T08:10:54.705107+00:00', '--job-id', '246', '--raw', '--subdir', 'DAGS_FOLDER/kafka_dag.py', '--cfg-path', '/tmp/tmpsxwo7l3f']
[2024-06-27T08:11:01.993+0000] {standard_task_runner.py:91} INFO - Job 246: Subtask run_bronze_job
[2024-06-27T08:11:02.007+0000] {logging_mixin.py:188} WARNING - /home/***/.local/lib/python3.12/site-packages/***/settings.py:195 DeprecationWarning: The sql_alchemy_conn option in [core] has been moved to the sql_alchemy_conn option in [database] - the old setting has been used, but please update your config.
[2024-06-27T08:11:02.042+0000] {task_command.py:426} INFO - Running <TaskInstance: Stage_1.run_bronze_job manual__2024-06-27T08:10:54.705107+00:00 [running]> on host 08bfa8b73cac
[2024-06-27T08:11:02.184+0000] {taskinstance.py:2648} INFO - Exporting env vars: AIRFLOW_CTX_DAG_OWNER='***' AIRFLOW_CTX_DAG_ID='Stage_1' AIRFLOW_CTX_TASK_ID='run_bronze_job' AIRFLOW_CTX_EXECUTION_DATE='2024-06-27T08:10:54.705107+00:00' AIRFLOW_CTX_TRY_NUMBER='1' AIRFLOW_CTX_DAG_RUN_ID='manual__2024-06-27T08:10:54.705107+00:00'
[2024-06-27T08:11:02.185+0000] {taskinstance.py:430} INFO - ::endgroup::
[2024-06-27T08:11:02.236+0000] {docker.py:366} INFO - Starting docker container from image bitnami/spark:latest
[2024-06-27T08:11:02.241+0000] {docker.py:374} WARNING - Using remote engine or docker-in-docker and mounting temporary volume from host is not supported. Falling back to `mount_tmp_dir=False` mode. You can set `mount_tmp_dir` parameter to False to disable mounting and remove the warning
[2024-06-27T08:11:02.681+0000] {docker.py:436} INFO - [38;5;6mspark [38;5;5m08:11:02.68 [0m[38;5;2mINFO [0m ==>
[2024-06-27T08:11:02.683+0000] {docker.py:436} INFO - [38;5;6mspark [38;5;5m08:11:02.68 [0m[38;5;2mINFO [0m ==> [1mWelcome to the Bitnami spark container[0m
[2024-06-27T08:11:02.685+0000] {docker.py:436} INFO - [38;5;6mspark [38;5;5m08:11:02.68 [0m[38;5;2mINFO [0m ==> Subscribe to project updates by watching [1mhttps://github.com/bitnami/containers[0m
[2024-06-27T08:11:02.687+0000] {docker.py:436} INFO - [38;5;6mspark [38;5;5m08:11:02.68 [0m[38;5;2mINFO [0m ==> Submit issues and feature requests at [1mhttps://github.com/bitnami/containers/issues[0m
[2024-06-27T08:11:02.689+0000] {docker.py:436} INFO - [38;5;6mspark [38;5;5m08:11:02.68 [0m[38;5;2mINFO [0m ==> Upgrade to Tanzu Application Catalog for production environments to access custom-configured and pre-packaged software components. Gain enhanced features, including Software Bill of Materials (SBOM), CVE scan result reports, and VEX documents. To learn more, visit [1mhttps://bitnami.com/enterprise[0m
[2024-06-27T08:11:02.691+0000] {docker.py:436} INFO - [38;5;6mspark [38;5;5m08:11:02.69 [0m[38;5;2mINFO [0m ==>
[2024-06-27T08:11:02.701+0000] {docker.py:436} INFO - 
[2024-06-27T08:11:04.932+0000] {docker.py:436} INFO - :: loading settings :: url = jar:file:/opt/bitnami/spark/jars/ivy-2.5.1.jar!/org/apache/ivy/core/settings/ivysettings.xml
[2024-06-27T08:11:05.035+0000] {docker.py:436} INFO - Ivy Default Cache set to: /opt/bitnami/spark/.ivy2/cache
The jars for the packages stored in: /opt/bitnami/spark/.ivy2/jars
[2024-06-27T08:11:05.043+0000] {docker.py:436} INFO - org.apache.spark#spark-sql-kafka-0-10_2.12 added as a dependency
[2024-06-27T08:11:05.043+0000] {docker.py:436} INFO - org.postgresql#postgresql added as a dependency
[2024-06-27T08:11:05.044+0000] {docker.py:436} INFO - :: resolving dependencies :: org.apache.spark#spark-submit-parent-837cb2ba-9f80-430b-aec5-0968ce78921e;1.0
	confs: [default]
[2024-06-27T08:11:07.764+0000] {docker.py:436} INFO - found org.apache.spark#spark-sql-kafka-0-10_2.12;3.3.0 in central
[2024-06-27T08:11:08.261+0000] {docker.py:436} INFO - found org.apache.spark#spark-token-provider-kafka-0-10_2.12;3.3.0 in central
[2024-06-27T08:11:08.359+0000] {docker.py:436} INFO - found org.apache.kafka#kafka-clients;2.8.1 in central
[2024-06-27T08:11:08.441+0000] {docker.py:436} INFO - found org.lz4#lz4-java;1.8.0 in central
[2024-06-27T08:11:08.555+0000] {docker.py:436} INFO - found org.xerial.snappy#snappy-java;1.1.8.4 in central
[2024-06-27T08:11:09.380+0000] {docker.py:436} INFO - found org.slf4j#slf4j-api;1.7.32 in central
[2024-06-27T08:11:09.877+0000] {docker.py:436} INFO - found org.apache.hadoop#hadoop-client-runtime;3.3.2 in central
[2024-06-27T08:11:10.067+0000] {docker.py:436} INFO - found org.spark-project.spark#unused;1.0.0 in central
[2024-06-27T08:11:10.250+0000] {docker.py:436} INFO - found org.apache.hadoop#hadoop-client-api;3.3.2 in central
[2024-06-27T08:11:10.599+0000] {docker.py:436} INFO - found commons-logging#commons-logging;1.1.3 in central
[2024-06-27T08:11:10.650+0000] {docker.py:436} INFO - found com.google.code.findbugs#jsr305;3.0.0 in central
[2024-06-27T08:11:10.979+0000] {docker.py:436} INFO - found org.apache.commons#commons-pool2;2.11.1 in central
[2024-06-27T08:11:12.754+0000] {docker.py:436} INFO - found org.postgresql#postgresql;42.2.2 in central
[2024-06-27T08:11:12.772+0000] {docker.py:436} INFO - downloading https://repo1.maven.org/maven2/org/apache/spark/spark-sql-kafka-0-10_2.12/3.3.0/spark-sql-kafka-0-10_2.12-3.3.0.jar ...
[2024-06-27T08:11:12.873+0000] {docker.py:436} INFO - [SUCCESSFUL ] org.apache.spark#spark-sql-kafka-0-10_2.12;3.3.0!spark-sql-kafka-0-10_2.12.jar (108ms)
[2024-06-27T08:11:12.885+0000] {docker.py:436} INFO - downloading https://repo1.maven.org/maven2/org/postgresql/postgresql/42.2.2/postgresql-42.2.2.jar ...
[2024-06-27T08:11:13.113+0000] {docker.py:436} INFO - [SUCCESSFUL ] org.postgresql#postgresql;42.2.2!postgresql.jar(bundle) (236ms)
[2024-06-27T08:11:13.127+0000] {docker.py:436} INFO - downloading https://repo1.maven.org/maven2/org/apache/spark/spark-token-provider-kafka-0-10_2.12/3.3.0/spark-token-provider-kafka-0-10_2.12-3.3.0.jar ...
[2024-06-27T08:11:13.161+0000] {docker.py:436} INFO - [SUCCESSFUL ] org.apache.spark#spark-token-provider-kafka-0-10_2.12;3.3.0!spark-token-provider-kafka-0-10_2.12.jar (48ms)
[2024-06-27T08:11:13.171+0000] {docker.py:436} INFO - downloading https://repo1.maven.org/maven2/org/apache/kafka/kafka-clients/2.8.1/kafka-clients-2.8.1.jar ...
[2024-06-27T08:11:13.896+0000] {docker.py:436} INFO - [SUCCESSFUL ] org.apache.kafka#kafka-clients;2.8.1!kafka-clients.jar (733ms)
[2024-06-27T08:11:13.916+0000] {docker.py:436} INFO - downloading https://repo1.maven.org/maven2/com/google/code/findbugs/jsr305/3.0.0/jsr305-3.0.0.jar ...
[2024-06-27T08:11:13.930+0000] {docker.py:436} INFO - [SUCCESSFUL ] com.google.code.findbugs#jsr305;3.0.0!jsr305.jar (34ms)
[2024-06-27T08:11:13.944+0000] {docker.py:436} INFO - downloading https://repo1.maven.org/maven2/org/apache/commons/commons-pool2/2.11.1/commons-pool2-2.11.1.jar ...
[2024-06-27T08:11:13.970+0000] {docker.py:436} INFO - [SUCCESSFUL ] org.apache.commons#commons-pool2;2.11.1!commons-pool2.jar (38ms)
[2024-06-27T08:11:13.979+0000] {docker.py:436} INFO - downloading https://repo1.maven.org/maven2/org/spark-project/spark/unused/1.0.0/unused-1.0.0.jar ...
[2024-06-27T08:11:13.991+0000] {docker.py:436} INFO - [SUCCESSFUL ] org.spark-project.spark#unused;1.0.0!unused.jar (21ms)
[2024-06-27T08:11:14.000+0000] {docker.py:436} INFO - downloading https://repo1.maven.org/maven2/org/apache/hadoop/hadoop-client-runtime/3.3.2/hadoop-client-runtime-3.3.2.jar ...
[2024-06-27T08:11:18.252+0000] {docker.py:436} INFO - [SUCCESSFUL ] org.apache.hadoop#hadoop-client-runtime;3.3.2!hadoop-client-runtime.jar (4260ms)
[2024-06-27T08:11:18.262+0000] {docker.py:436} INFO - downloading https://repo1.maven.org/maven2/org/lz4/lz4-java/1.8.0/lz4-java-1.8.0.jar ...
[2024-06-27T08:11:18.389+0000] {docker.py:436} INFO - [SUCCESSFUL ] org.lz4#lz4-java;1.8.0!lz4-java.jar (136ms)
[2024-06-27T08:11:18.400+0000] {docker.py:436} INFO - downloading https://repo1.maven.org/maven2/org/xerial/snappy/snappy-java/1.1.8.4/snappy-java-1.1.8.4.jar ...
[2024-06-27T08:11:18.765+0000] {docker.py:436} INFO - [SUCCESSFUL ] org.xerial.snappy#snappy-java;1.1.8.4!snappy-java.jar(bundle) (374ms)
[2024-06-27T08:11:18.774+0000] {docker.py:436} INFO - downloading https://repo1.maven.org/maven2/org/slf4j/slf4j-api/1.7.32/slf4j-api-1.7.32.jar ...
[2024-06-27T08:11:18.793+0000] {docker.py:436} INFO - [SUCCESSFUL ] org.slf4j#slf4j-api;1.7.32!slf4j-api.jar (27ms)
[2024-06-27T08:11:18.809+0000] {docker.py:436} INFO - downloading https://repo1.maven.org/maven2/org/apache/hadoop/hadoop-client-api/3.3.2/hadoop-client-api-3.3.2.jar ...
[2024-06-27T08:11:22.722+0000] {docker.py:436} INFO - [SUCCESSFUL ] org.apache.hadoop#hadoop-client-api;3.3.2!hadoop-client-api.jar (3928ms)
[2024-06-27T08:11:22.731+0000] {docker.py:436} INFO - downloading https://repo1.maven.org/maven2/commons-logging/commons-logging/1.1.3/commons-logging-1.1.3.jar ...
[2024-06-27T08:11:22.755+0000] {docker.py:436} INFO - [SUCCESSFUL ] commons-logging#commons-logging;1.1.3!commons-logging.jar (32ms)
[2024-06-27T08:11:22.756+0000] {docker.py:436} INFO - :: resolution report :: resolve 7717ms :: artifacts dl 9994ms
	:: modules in use:
[2024-06-27T08:11:22.756+0000] {docker.py:436} INFO - com.google.code.findbugs#jsr305;3.0.0 from central in [default]
[2024-06-27T08:11:22.757+0000] {docker.py:436} INFO - commons-logging#commons-logging;1.1.3 from central in [default]
	org.apache.commons#commons-pool2;2.11.1 from central in [default]
	org.apache.hadoop#hadoop-client-api;3.3.2 from central in [default]
	org.apache.hadoop#hadoop-client-runtime;3.3.2 from central in [default]
	org.apache.kafka#kafka-clients;2.8.1 from central in [default]
[2024-06-27T08:11:22.757+0000] {docker.py:436} INFO - org.apache.spark#spark-sql-kafka-0-10_2.12;3.3.0 from central in [default]
	org.apache.spark#spark-token-provider-kafka-0-10_2.12;3.3.0 from central in [default]
	org.lz4#lz4-java;1.8.0 from central in [default]
	org.postgresql#postgresql;42.2.2 from central in [default]
	org.slf4j#slf4j-api;1.7.32 from central in [default]
	org.spark-project.spark#unused;1.0.0 from central in [default]
	org.xerial.snappy#snappy-java;1.1.8.4 from central in [default]
[2024-06-27T08:11:22.758+0000] {docker.py:436} INFO - ---------------------------------------------------------------------
	|                  |            modules            ||   artifacts   |
[2024-06-27T08:11:22.758+0000] {docker.py:436} INFO - |       conf       | number| search|dwnlded|evicted|| number|dwnlded|
	---------------------------------------------------------------------
[2024-06-27T08:11:22.759+0000] {docker.py:436} INFO - |      default     |   13  |   13  |   13  |   0   ||   13  |   13  |
	---------------------------------------------------------------------
[2024-06-27T08:11:22.764+0000] {docker.py:436} INFO - :: retrieving :: org.apache.spark#spark-submit-parent-837cb2ba-9f80-430b-aec5-0968ce78921e
[2024-06-27T08:11:22.765+0000] {docker.py:436} INFO - confs: [default]
[2024-06-27T08:11:22.842+0000] {docker.py:436} INFO - 13 artifacts copied, 0 already retrieved (57403kB/78ms)
[2024-06-27T08:11:23.232+0000] {docker.py:436} INFO - 24/06/27 08:11:23 WARN NativeCodeLoader: Unable to load native-hadoop library for your platform... using builtin-java classes where applicable
[2024-06-27T08:11:24.864+0000] {docker.py:436} INFO - 24/06/27 08:11:24 INFO SparkContext: Running Spark version 3.5.1
[2024-06-27T08:11:24.865+0000] {docker.py:436} INFO - 24/06/27 08:11:24 INFO SparkContext: OS info Linux, 6.5.0-41-generic, amd64
[2024-06-27T08:11:24.866+0000] {docker.py:436} INFO - 24/06/27 08:11:24 INFO SparkContext: Java version 17.0.11
[2024-06-27T08:11:24.902+0000] {docker.py:436} INFO - 24/06/27 08:11:24 INFO ResourceUtils: ==============================================================
[2024-06-27T08:11:24.903+0000] {docker.py:436} INFO - 24/06/27 08:11:24 INFO ResourceUtils: No custom resources configured for spark.driver.
[2024-06-27T08:11:24.904+0000] {docker.py:436} INFO - 24/06/27 08:11:24 INFO ResourceUtils: ==============================================================
[2024-06-27T08:11:24.906+0000] {docker.py:436} INFO - 24/06/27 08:11:24 INFO SparkContext: Submitted application: PostgreSQL Connection with PySpark
[2024-06-27T08:11:24.936+0000] {docker.py:436} INFO - 24/06/27 08:11:24 INFO ResourceProfile: Default ResourceProfile created, executor resources: Map(cores -> name: cores, amount: 1, script: , vendor: , memory -> name: memory, amount: 1024, script: , vendor: , offHeap -> name: offHeap, amount: 0, script: , vendor: ), task resources: Map(cpus -> name: cpus, amount: 1.0)
[2024-06-27T08:11:24.946+0000] {docker.py:436} INFO - 24/06/27 08:11:24 INFO ResourceProfile: Limiting resource is cpu
[2024-06-27T08:11:24.947+0000] {docker.py:436} INFO - 24/06/27 08:11:24 INFO ResourceProfileManager: Added ResourceProfile id: 0
[2024-06-27T08:11:25.007+0000] {docker.py:436} INFO - 24/06/27 08:11:25 INFO SecurityManager: Changing view acls to: spark
[2024-06-27T08:11:25.008+0000] {docker.py:436} INFO - 24/06/27 08:11:25 INFO SecurityManager: Changing modify acls to: spark
[2024-06-27T08:11:25.010+0000] {docker.py:436} INFO - 24/06/27 08:11:25 INFO SecurityManager: Changing view acls groups to:
[2024-06-27T08:11:25.010+0000] {docker.py:436} INFO - 24/06/27 08:11:25 INFO SecurityManager: Changing modify acls groups to:
[2024-06-27T08:11:25.011+0000] {docker.py:436} INFO - 24/06/27 08:11:25 INFO SecurityManager: SecurityManager: authentication disabled; ui acls disabled; users with view permissions: spark; groups with view permissions: EMPTY; users with modify permissions: spark; groups with modify permissions: EMPTY
[2024-06-27T08:11:25.305+0000] {docker.py:436} INFO - 24/06/27 08:11:25 INFO Utils: Successfully started service 'sparkDriver' on port 45955.
[2024-06-27T08:11:25.341+0000] {docker.py:436} INFO - 24/06/27 08:11:25 INFO SparkEnv: Registering MapOutputTracker
[2024-06-27T08:11:25.389+0000] {docker.py:436} INFO - 24/06/27 08:11:25 INFO SparkEnv: Registering BlockManagerMaster
[2024-06-27T08:11:25.416+0000] {docker.py:436} INFO - 24/06/27 08:11:25 INFO BlockManagerMasterEndpoint: Using org.apache.spark.storage.DefaultTopologyMapper for getting topology information
[2024-06-27T08:11:25.417+0000] {docker.py:436} INFO - 24/06/27 08:11:25 INFO BlockManagerMasterEndpoint: BlockManagerMasterEndpoint up
[2024-06-27T08:11:25.421+0000] {docker.py:436} INFO - 24/06/27 08:11:25 INFO SparkEnv: Registering BlockManagerMasterHeartbeat
[2024-06-27T08:11:25.443+0000] {docker.py:436} INFO - 24/06/27 08:11:25 INFO DiskBlockManager: Created local directory at /tmp/blockmgr-e8db0780-f90e-4b12-9c90-30799412fab4
[2024-06-27T08:11:25.460+0000] {docker.py:436} INFO - 24/06/27 08:11:25 INFO MemoryStore: MemoryStore started with capacity 434.4 MiB
[2024-06-27T08:11:25.480+0000] {docker.py:436} INFO - 24/06/27 08:11:25 INFO SparkEnv: Registering OutputCommitCoordinator
[2024-06-27T08:11:25.663+0000] {docker.py:436} INFO - 24/06/27 08:11:25 INFO JettyUtils: Start Jetty 0.0.0.0:4040 for SparkUI
[2024-06-27T08:11:25.746+0000] {docker.py:436} INFO - 24/06/27 08:11:25 INFO Utils: Successfully started service 'SparkUI' on port 4040.
[2024-06-27T08:11:25.795+0000] {docker.py:436} INFO - 24/06/27 08:11:25 INFO SparkContext: Added JAR file:///opt/bitnami/spark/.ivy2/jars/org.apache.spark_spark-sql-kafka-0-10_2.12-3.3.0.jar at spark://localhost:45955/jars/org.apache.spark_spark-sql-kafka-0-10_2.12-3.3.0.jar with timestamp 1719475884852
[2024-06-27T08:11:25.798+0000] {docker.py:436} INFO - 24/06/27 08:11:25 INFO SparkContext: Added JAR file:///opt/bitnami/spark/.ivy2/jars/org.postgresql_postgresql-42.2.2.jar at spark://localhost:45955/jars/org.postgresql_postgresql-42.2.2.jar with timestamp 1719475884852
[2024-06-27T08:11:25.798+0000] {docker.py:436} INFO - 24/06/27 08:11:25 INFO SparkContext: Added JAR file:///opt/bitnami/spark/.ivy2/jars/org.apache.spark_spark-token-provider-kafka-0-10_2.12-3.3.0.jar at spark://localhost:45955/jars/org.apache.spark_spark-token-provider-kafka-0-10_2.12-3.3.0.jar with timestamp 1719475884852
[2024-06-27T08:11:25.799+0000] {docker.py:436} INFO - 24/06/27 08:11:25 INFO SparkContext: Added JAR file:///opt/bitnami/spark/.ivy2/jars/org.apache.kafka_kafka-clients-2.8.1.jar at spark://localhost:45955/jars/org.apache.kafka_kafka-clients-2.8.1.jar with timestamp 1719475884852
[2024-06-27T08:11:25.799+0000] {docker.py:436} INFO - 24/06/27 08:11:25 INFO SparkContext: Added JAR file:///opt/bitnami/spark/.ivy2/jars/com.google.code.findbugs_jsr305-3.0.0.jar at spark://localhost:45955/jars/com.google.code.findbugs_jsr305-3.0.0.jar with timestamp 1719475884852
[2024-06-27T08:11:25.800+0000] {docker.py:436} INFO - 24/06/27 08:11:25 INFO SparkContext: Added JAR file:///opt/bitnami/spark/.ivy2/jars/org.apache.commons_commons-pool2-2.11.1.jar at spark://localhost:45955/jars/org.apache.commons_commons-pool2-2.11.1.jar with timestamp 1719475884852
[2024-06-27T08:11:25.800+0000] {docker.py:436} INFO - 24/06/27 08:11:25 INFO SparkContext: Added JAR file:///opt/bitnami/spark/.ivy2/jars/org.spark-project.spark_unused-1.0.0.jar at spark://localhost:45955/jars/org.spark-project.spark_unused-1.0.0.jar with timestamp 1719475884852
[2024-06-27T08:11:25.801+0000] {docker.py:436} INFO - 24/06/27 08:11:25 INFO SparkContext: Added JAR file:///opt/bitnami/spark/.ivy2/jars/org.apache.hadoop_hadoop-client-runtime-3.3.2.jar at spark://localhost:45955/jars/org.apache.hadoop_hadoop-client-runtime-3.3.2.jar with timestamp 1719475884852
[2024-06-27T08:11:25.801+0000] {docker.py:436} INFO - 24/06/27 08:11:25 INFO SparkContext: Added JAR file:///opt/bitnami/spark/.ivy2/jars/org.lz4_lz4-java-1.8.0.jar at spark://localhost:45955/jars/org.lz4_lz4-java-1.8.0.jar with timestamp 1719475884852
[2024-06-27T08:11:25.802+0000] {docker.py:436} INFO - 24/06/27 08:11:25 INFO SparkContext: Added JAR file:///opt/bitnami/spark/.ivy2/jars/org.xerial.snappy_snappy-java-1.1.8.4.jar at spark://localhost:45955/jars/org.xerial.snappy_snappy-java-1.1.8.4.jar with timestamp 1719475884852
[2024-06-27T08:11:25.802+0000] {docker.py:436} INFO - 24/06/27 08:11:25 INFO SparkContext: Added JAR file:///opt/bitnami/spark/.ivy2/jars/org.slf4j_slf4j-api-1.7.32.jar at spark://localhost:45955/jars/org.slf4j_slf4j-api-1.7.32.jar with timestamp 1719475884852
[2024-06-27T08:11:25.803+0000] {docker.py:436} INFO - 24/06/27 08:11:25 INFO SparkContext: Added JAR file:///opt/bitnami/spark/.ivy2/jars/org.apache.hadoop_hadoop-client-api-3.3.2.jar at spark://localhost:45955/jars/org.apache.hadoop_hadoop-client-api-3.3.2.jar with timestamp 1719475884852
[2024-06-27T08:11:25.803+0000] {docker.py:436} INFO - 24/06/27 08:11:25 INFO SparkContext: Added JAR file:///opt/bitnami/spark/.ivy2/jars/commons-logging_commons-logging-1.1.3.jar at spark://localhost:45955/jars/commons-logging_commons-logging-1.1.3.jar with timestamp 1719475884852
[2024-06-27T08:11:25.806+0000] {docker.py:436} INFO - 24/06/27 08:11:25 INFO SparkContext: Added file file:///opt/bitnami/spark/.ivy2/jars/org.apache.spark_spark-sql-kafka-0-10_2.12-3.3.0.jar at file:///opt/bitnami/spark/.ivy2/jars/org.apache.spark_spark-sql-kafka-0-10_2.12-3.3.0.jar with timestamp 1719475884852
[2024-06-27T08:11:25.810+0000] {docker.py:436} INFO - 24/06/27 08:11:25 INFO Utils: Copying /opt/bitnami/spark/.ivy2/jars/org.apache.spark_spark-sql-kafka-0-10_2.12-3.3.0.jar to /tmp/spark-0ae84639-ad1d-4385-98b6-33320f786d7d/userFiles-cb242ea3-c0ce-4026-b819-d482ba9cf75c/org.apache.spark_spark-sql-kafka-0-10_2.12-3.3.0.jar
[2024-06-27T08:11:25.822+0000] {docker.py:436} INFO - 24/06/27 08:11:25 INFO SparkContext: Added file file:///opt/bitnami/spark/.ivy2/jars/org.postgresql_postgresql-42.2.2.jar at file:///opt/bitnami/spark/.ivy2/jars/org.postgresql_postgresql-42.2.2.jar with timestamp 1719475884852
[2024-06-27T08:11:25.823+0000] {docker.py:436} INFO - 24/06/27 08:11:25 INFO Utils: Copying /opt/bitnami/spark/.ivy2/jars/org.postgresql_postgresql-42.2.2.jar to /tmp/spark-0ae84639-ad1d-4385-98b6-33320f786d7d/userFiles-cb242ea3-c0ce-4026-b819-d482ba9cf75c/org.postgresql_postgresql-42.2.2.jar
[2024-06-27T08:11:25.828+0000] {docker.py:436} INFO - 24/06/27 08:11:25 INFO SparkContext: Added file file:///opt/bitnami/spark/.ivy2/jars/org.apache.spark_spark-token-provider-kafka-0-10_2.12-3.3.0.jar at file:///opt/bitnami/spark/.ivy2/jars/org.apache.spark_spark-token-provider-kafka-0-10_2.12-3.3.0.jar with timestamp 1719475884852
[2024-06-27T08:11:25.828+0000] {docker.py:436} INFO - 24/06/27 08:11:25 INFO Utils: Copying /opt/bitnami/spark/.ivy2/jars/org.apache.spark_spark-token-provider-kafka-0-10_2.12-3.3.0.jar to /tmp/spark-0ae84639-ad1d-4385-98b6-33320f786d7d/userFiles-cb242ea3-c0ce-4026-b819-d482ba9cf75c/org.apache.spark_spark-token-provider-kafka-0-10_2.12-3.3.0.jar
[2024-06-27T08:11:25.839+0000] {docker.py:436} INFO - 24/06/27 08:11:25 INFO SparkContext: Added file file:///opt/bitnami/spark/.ivy2/jars/org.apache.kafka_kafka-clients-2.8.1.jar at file:///opt/bitnami/spark/.ivy2/jars/org.apache.kafka_kafka-clients-2.8.1.jar with timestamp 1719475884852
24/06/27 08:11:25 INFO Utils: Copying /opt/bitnami/spark/.ivy2/jars/org.apache.kafka_kafka-clients-2.8.1.jar to /tmp/spark-0ae84639-ad1d-4385-98b6-33320f786d7d/userFiles-cb242ea3-c0ce-4026-b819-d482ba9cf75c/org.apache.kafka_kafka-clients-2.8.1.jar
[2024-06-27T08:11:25.850+0000] {docker.py:436} INFO - 24/06/27 08:11:25 INFO SparkContext: Added file file:///opt/bitnami/spark/.ivy2/jars/com.google.code.findbugs_jsr305-3.0.0.jar at file:///opt/bitnami/spark/.ivy2/jars/com.google.code.findbugs_jsr305-3.0.0.jar with timestamp 1719475884852
[2024-06-27T08:11:25.851+0000] {docker.py:436} INFO - 24/06/27 08:11:25 INFO Utils: Copying /opt/bitnami/spark/.ivy2/jars/com.google.code.findbugs_jsr305-3.0.0.jar to /tmp/spark-0ae84639-ad1d-4385-98b6-33320f786d7d/userFiles-cb242ea3-c0ce-4026-b819-d482ba9cf75c/com.google.code.findbugs_jsr305-3.0.0.jar
[2024-06-27T08:11:25.858+0000] {docker.py:436} INFO - 24/06/27 08:11:25 INFO SparkContext: Added file file:///opt/bitnami/spark/.ivy2/jars/org.apache.commons_commons-pool2-2.11.1.jar at file:///opt/bitnami/spark/.ivy2/jars/org.apache.commons_commons-pool2-2.11.1.jar with timestamp 1719475884852
[2024-06-27T08:11:25.859+0000] {docker.py:436} INFO - 24/06/27 08:11:25 INFO Utils: Copying /opt/bitnami/spark/.ivy2/jars/org.apache.commons_commons-pool2-2.11.1.jar to /tmp/spark-0ae84639-ad1d-4385-98b6-33320f786d7d/userFiles-cb242ea3-c0ce-4026-b819-d482ba9cf75c/org.apache.commons_commons-pool2-2.11.1.jar
[2024-06-27T08:11:25.864+0000] {docker.py:436} INFO - 24/06/27 08:11:25 INFO SparkContext: Added file file:///opt/bitnami/spark/.ivy2/jars/org.spark-project.spark_unused-1.0.0.jar at file:///opt/bitnami/spark/.ivy2/jars/org.spark-project.spark_unused-1.0.0.jar with timestamp 1719475884852
[2024-06-27T08:11:25.865+0000] {docker.py:436} INFO - 24/06/27 08:11:25 INFO Utils: Copying /opt/bitnami/spark/.ivy2/jars/org.spark-project.spark_unused-1.0.0.jar to /tmp/spark-0ae84639-ad1d-4385-98b6-33320f786d7d/userFiles-cb242ea3-c0ce-4026-b819-d482ba9cf75c/org.spark-project.spark_unused-1.0.0.jar
[2024-06-27T08:11:25.874+0000] {docker.py:436} INFO - 24/06/27 08:11:25 INFO SparkContext: Added file file:///opt/bitnami/spark/.ivy2/jars/org.apache.hadoop_hadoop-client-runtime-3.3.2.jar at file:///opt/bitnami/spark/.ivy2/jars/org.apache.hadoop_hadoop-client-runtime-3.3.2.jar with timestamp 1719475884852
24/06/27 08:11:25 INFO Utils: Copying /opt/bitnami/spark/.ivy2/jars/org.apache.hadoop_hadoop-client-runtime-3.3.2.jar to /tmp/spark-0ae84639-ad1d-4385-98b6-33320f786d7d/userFiles-cb242ea3-c0ce-4026-b819-d482ba9cf75c/org.apache.hadoop_hadoop-client-runtime-3.3.2.jar
[2024-06-27T08:11:25.907+0000] {docker.py:436} INFO - 24/06/27 08:11:25 INFO SparkContext: Added file file:///opt/bitnami/spark/.ivy2/jars/org.lz4_lz4-java-1.8.0.jar at file:///opt/bitnami/spark/.ivy2/jars/org.lz4_lz4-java-1.8.0.jar with timestamp 1719475884852
[2024-06-27T08:11:25.908+0000] {docker.py:436} INFO - 24/06/27 08:11:25 INFO Utils: Copying /opt/bitnami/spark/.ivy2/jars/org.lz4_lz4-java-1.8.0.jar to /tmp/spark-0ae84639-ad1d-4385-98b6-33320f786d7d/userFiles-cb242ea3-c0ce-4026-b819-d482ba9cf75c/org.lz4_lz4-java-1.8.0.jar
[2024-06-27T08:11:25.916+0000] {docker.py:436} INFO - 24/06/27 08:11:25 INFO SparkContext: Added file file:///opt/bitnami/spark/.ivy2/jars/org.xerial.snappy_snappy-java-1.1.8.4.jar at file:///opt/bitnami/spark/.ivy2/jars/org.xerial.snappy_snappy-java-1.1.8.4.jar with timestamp 1719475884852
24/06/27 08:11:25 INFO Utils: Copying /opt/bitnami/spark/.ivy2/jars/org.xerial.snappy_snappy-java-1.1.8.4.jar to /tmp/spark-0ae84639-ad1d-4385-98b6-33320f786d7d/userFiles-cb242ea3-c0ce-4026-b819-d482ba9cf75c/org.xerial.snappy_snappy-java-1.1.8.4.jar
[2024-06-27T08:11:25.923+0000] {docker.py:436} INFO - 24/06/27 08:11:25 INFO SparkContext: Added file file:///opt/bitnami/spark/.ivy2/jars/org.slf4j_slf4j-api-1.7.32.jar at file:///opt/bitnami/spark/.ivy2/jars/org.slf4j_slf4j-api-1.7.32.jar with timestamp 1719475884852
[2024-06-27T08:11:25.923+0000] {docker.py:436} INFO - 24/06/27 08:11:25 INFO Utils: Copying /opt/bitnami/spark/.ivy2/jars/org.slf4j_slf4j-api-1.7.32.jar to /tmp/spark-0ae84639-ad1d-4385-98b6-33320f786d7d/userFiles-cb242ea3-c0ce-4026-b819-d482ba9cf75c/org.slf4j_slf4j-api-1.7.32.jar
[2024-06-27T08:11:25.931+0000] {docker.py:436} INFO - 24/06/27 08:11:25 INFO SparkContext: Added file file:///opt/bitnami/spark/.ivy2/jars/org.apache.hadoop_hadoop-client-api-3.3.2.jar at file:///opt/bitnami/spark/.ivy2/jars/org.apache.hadoop_hadoop-client-api-3.3.2.jar with timestamp 1719475884852
24/06/27 08:11:25 INFO Utils: Copying /opt/bitnami/spark/.ivy2/jars/org.apache.hadoop_hadoop-client-api-3.3.2.jar to /tmp/spark-0ae84639-ad1d-4385-98b6-33320f786d7d/userFiles-cb242ea3-c0ce-4026-b819-d482ba9cf75c/org.apache.hadoop_hadoop-client-api-3.3.2.jar
[2024-06-27T08:11:25.954+0000] {docker.py:436} INFO - 24/06/27 08:11:25 INFO SparkContext: Added file file:///opt/bitnami/spark/.ivy2/jars/commons-logging_commons-logging-1.1.3.jar at file:///opt/bitnami/spark/.ivy2/jars/commons-logging_commons-logging-1.1.3.jar with timestamp 1719475884852
[2024-06-27T08:11:25.955+0000] {docker.py:436} INFO - 24/06/27 08:11:25 INFO Utils: Copying /opt/bitnami/spark/.ivy2/jars/commons-logging_commons-logging-1.1.3.jar to /tmp/spark-0ae84639-ad1d-4385-98b6-33320f786d7d/userFiles-cb242ea3-c0ce-4026-b819-d482ba9cf75c/commons-logging_commons-logging-1.1.3.jar
[2024-06-27T08:11:26.132+0000] {docker.py:436} INFO - 24/06/27 08:11:26 INFO Executor: Starting executor ID driver on host localhost
[2024-06-27T08:11:26.135+0000] {docker.py:436} INFO - 24/06/27 08:11:26 INFO Executor: OS info Linux, 6.5.0-41-generic, amd64
24/06/27 08:11:26 INFO Executor: Java version 17.0.11
[2024-06-27T08:11:26.146+0000] {docker.py:436} INFO - 24/06/27 08:11:26 INFO Executor: Starting executor with user classpath (userClassPathFirst = false): ''
[2024-06-27T08:11:26.150+0000] {docker.py:436} INFO - 24/06/27 08:11:26 INFO Executor: Created or updated repl class loader org.apache.spark.util.MutableURLClassLoader@1ed70cc7 for default.
[2024-06-27T08:11:26.164+0000] {docker.py:436} INFO - 24/06/27 08:11:26 INFO Executor: Fetching file:///opt/bitnami/spark/.ivy2/jars/org.postgresql_postgresql-42.2.2.jar with timestamp 1719475884852
[2024-06-27T08:11:26.200+0000] {docker.py:436} INFO - 24/06/27 08:11:26 INFO Utils: /opt/bitnami/spark/.ivy2/jars/org.postgresql_postgresql-42.2.2.jar has been previously copied to /tmp/spark-0ae84639-ad1d-4385-98b6-33320f786d7d/userFiles-cb242ea3-c0ce-4026-b819-d482ba9cf75c/org.postgresql_postgresql-42.2.2.jar
[2024-06-27T08:11:26.205+0000] {docker.py:436} INFO - 24/06/27 08:11:26 INFO Executor: Fetching file:///opt/bitnami/spark/.ivy2/jars/org.apache.hadoop_hadoop-client-api-3.3.2.jar with timestamp 1719475884852
[2024-06-27T08:11:26.227+0000] {docker.py:436} INFO - 24/06/27 08:11:26 INFO Utils: /opt/bitnami/spark/.ivy2/jars/org.apache.hadoop_hadoop-client-api-3.3.2.jar has been previously copied to /tmp/spark-0ae84639-ad1d-4385-98b6-33320f786d7d/userFiles-cb242ea3-c0ce-4026-b819-d482ba9cf75c/org.apache.hadoop_hadoop-client-api-3.3.2.jar
[2024-06-27T08:11:26.242+0000] {docker.py:436} INFO - 24/06/27 08:11:26 INFO Executor: Fetching file:///opt/bitnami/spark/.ivy2/jars/org.xerial.snappy_snappy-java-1.1.8.4.jar with timestamp 1719475884852
[2024-06-27T08:11:26.243+0000] {docker.py:436} INFO - 24/06/27 08:11:26 INFO Utils: /opt/bitnami/spark/.ivy2/jars/org.xerial.snappy_snappy-java-1.1.8.4.jar has been previously copied to /tmp/spark-0ae84639-ad1d-4385-98b6-33320f786d7d/userFiles-cb242ea3-c0ce-4026-b819-d482ba9cf75c/org.xerial.snappy_snappy-java-1.1.8.4.jar
[2024-06-27T08:11:26.249+0000] {docker.py:436} INFO - 24/06/27 08:11:26 INFO Executor: Fetching file:///opt/bitnami/spark/.ivy2/jars/org.apache.hadoop_hadoop-client-runtime-3.3.2.jar with timestamp 1719475884852
[2024-06-27T08:11:26.292+0000] {docker.py:436} INFO - 24/06/27 08:11:26 INFO Utils: /opt/bitnami/spark/.ivy2/jars/org.apache.hadoop_hadoop-client-runtime-3.3.2.jar has been previously copied to /tmp/spark-0ae84639-ad1d-4385-98b6-33320f786d7d/userFiles-cb242ea3-c0ce-4026-b819-d482ba9cf75c/org.apache.hadoop_hadoop-client-runtime-3.3.2.jar
[2024-06-27T08:11:26.296+0000] {docker.py:436} INFO - 24/06/27 08:11:26 INFO Executor: Fetching file:///opt/bitnami/spark/.ivy2/jars/org.apache.commons_commons-pool2-2.11.1.jar with timestamp 1719475884852
[2024-06-27T08:11:26.297+0000] {docker.py:436} INFO - 24/06/27 08:11:26 INFO Utils: /opt/bitnami/spark/.ivy2/jars/org.apache.commons_commons-pool2-2.11.1.jar has been previously copied to /tmp/spark-0ae84639-ad1d-4385-98b6-33320f786d7d/userFiles-cb242ea3-c0ce-4026-b819-d482ba9cf75c/org.apache.commons_commons-pool2-2.11.1.jar
[2024-06-27T08:11:26.302+0000] {docker.py:436} INFO - 24/06/27 08:11:26 INFO Executor: Fetching file:///opt/bitnami/spark/.ivy2/jars/org.apache.spark_spark-token-provider-kafka-0-10_2.12-3.3.0.jar with timestamp 1719475884852
[2024-06-27T08:11:26.303+0000] {docker.py:436} INFO - 24/06/27 08:11:26 INFO Utils: /opt/bitnami/spark/.ivy2/jars/org.apache.spark_spark-token-provider-kafka-0-10_2.12-3.3.0.jar has been previously copied to /tmp/spark-0ae84639-ad1d-4385-98b6-33320f786d7d/userFiles-cb242ea3-c0ce-4026-b819-d482ba9cf75c/org.apache.spark_spark-token-provider-kafka-0-10_2.12-3.3.0.jar
[2024-06-27T08:11:26.308+0000] {docker.py:436} INFO - 24/06/27 08:11:26 INFO Executor: Fetching file:///opt/bitnami/spark/.ivy2/jars/org.slf4j_slf4j-api-1.7.32.jar with timestamp 1719475884852
[2024-06-27T08:11:26.309+0000] {docker.py:436} INFO - 24/06/27 08:11:26 INFO Utils: /opt/bitnami/spark/.ivy2/jars/org.slf4j_slf4j-api-1.7.32.jar has been previously copied to /tmp/spark-0ae84639-ad1d-4385-98b6-33320f786d7d/userFiles-cb242ea3-c0ce-4026-b819-d482ba9cf75c/org.slf4j_slf4j-api-1.7.32.jar
[2024-06-27T08:11:26.313+0000] {docker.py:436} INFO - 24/06/27 08:11:26 INFO Executor: Fetching file:///opt/bitnami/spark/.ivy2/jars/org.apache.spark_spark-sql-kafka-0-10_2.12-3.3.0.jar with timestamp 1719475884852
[2024-06-27T08:11:26.315+0000] {docker.py:436} INFO - 24/06/27 08:11:26 INFO Utils: /opt/bitnami/spark/.ivy2/jars/org.apache.spark_spark-sql-kafka-0-10_2.12-3.3.0.jar has been previously copied to /tmp/spark-0ae84639-ad1d-4385-98b6-33320f786d7d/userFiles-cb242ea3-c0ce-4026-b819-d482ba9cf75c/org.apache.spark_spark-sql-kafka-0-10_2.12-3.3.0.jar
[2024-06-27T08:11:26.320+0000] {docker.py:436} INFO - 24/06/27 08:11:26 INFO Executor: Fetching file:///opt/bitnami/spark/.ivy2/jars/com.google.code.findbugs_jsr305-3.0.0.jar with timestamp 1719475884852
[2024-06-27T08:11:26.321+0000] {docker.py:436} INFO - 24/06/27 08:11:26 INFO Utils: /opt/bitnami/spark/.ivy2/jars/com.google.code.findbugs_jsr305-3.0.0.jar has been previously copied to /tmp/spark-0ae84639-ad1d-4385-98b6-33320f786d7d/userFiles-cb242ea3-c0ce-4026-b819-d482ba9cf75c/com.google.code.findbugs_jsr305-3.0.0.jar
[2024-06-27T08:11:26.325+0000] {docker.py:436} INFO - 24/06/27 08:11:26 INFO Executor: Fetching file:///opt/bitnami/spark/.ivy2/jars/org.lz4_lz4-java-1.8.0.jar with timestamp 1719475884852
[2024-06-27T08:11:26.327+0000] {docker.py:436} INFO - 24/06/27 08:11:26 INFO Utils: /opt/bitnami/spark/.ivy2/jars/org.lz4_lz4-java-1.8.0.jar has been previously copied to /tmp/spark-0ae84639-ad1d-4385-98b6-33320f786d7d/userFiles-cb242ea3-c0ce-4026-b819-d482ba9cf75c/org.lz4_lz4-java-1.8.0.jar
[2024-06-27T08:11:26.332+0000] {docker.py:436} INFO - 24/06/27 08:11:26 INFO Executor: Fetching file:///opt/bitnami/spark/.ivy2/jars/commons-logging_commons-logging-1.1.3.jar with timestamp 1719475884852
[2024-06-27T08:11:26.333+0000] {docker.py:436} INFO - 24/06/27 08:11:26 INFO Utils: /opt/bitnami/spark/.ivy2/jars/commons-logging_commons-logging-1.1.3.jar has been previously copied to /tmp/spark-0ae84639-ad1d-4385-98b6-33320f786d7d/userFiles-cb242ea3-c0ce-4026-b819-d482ba9cf75c/commons-logging_commons-logging-1.1.3.jar
[2024-06-27T08:11:26.337+0000] {docker.py:436} INFO - 24/06/27 08:11:26 INFO Executor: Fetching file:///opt/bitnami/spark/.ivy2/jars/org.spark-project.spark_unused-1.0.0.jar with timestamp 1719475884852
[2024-06-27T08:11:26.338+0000] {docker.py:436} INFO - 24/06/27 08:11:26 INFO Utils: /opt/bitnami/spark/.ivy2/jars/org.spark-project.spark_unused-1.0.0.jar has been previously copied to /tmp/spark-0ae84639-ad1d-4385-98b6-33320f786d7d/userFiles-cb242ea3-c0ce-4026-b819-d482ba9cf75c/org.spark-project.spark_unused-1.0.0.jar
[2024-06-27T08:11:26.344+0000] {docker.py:436} INFO - 24/06/27 08:11:26 INFO Executor: Fetching file:///opt/bitnami/spark/.ivy2/jars/org.apache.kafka_kafka-clients-2.8.1.jar with timestamp 1719475884852
[2024-06-27T08:11:26.349+0000] {docker.py:436} INFO - 24/06/27 08:11:26 INFO Utils: /opt/bitnami/spark/.ivy2/jars/org.apache.kafka_kafka-clients-2.8.1.jar has been previously copied to /tmp/spark-0ae84639-ad1d-4385-98b6-33320f786d7d/userFiles-cb242ea3-c0ce-4026-b819-d482ba9cf75c/org.apache.kafka_kafka-clients-2.8.1.jar
[2024-06-27T08:11:26.359+0000] {docker.py:436} INFO - 24/06/27 08:11:26 INFO Executor: Fetching spark://localhost:45955/jars/com.google.code.findbugs_jsr305-3.0.0.jar with timestamp 1719475884852
[2024-06-27T08:11:26.420+0000] {docker.py:436} INFO - 24/06/27 08:11:26 INFO TransportClientFactory: Successfully created connection to localhost/127.0.0.1:45955 after 43 ms (0 ms spent in bootstraps)
[2024-06-27T08:11:26.430+0000] {docker.py:436} INFO - 24/06/27 08:11:26 INFO Utils: Fetching spark://localhost:45955/jars/com.google.code.findbugs_jsr305-3.0.0.jar to /tmp/spark-0ae84639-ad1d-4385-98b6-33320f786d7d/userFiles-cb242ea3-c0ce-4026-b819-d482ba9cf75c/fetchFileTemp357119206856269431.tmp
[2024-06-27T08:11:26.462+0000] {docker.py:436} INFO - 24/06/27 08:11:26 INFO Utils: /tmp/spark-0ae84639-ad1d-4385-98b6-33320f786d7d/userFiles-cb242ea3-c0ce-4026-b819-d482ba9cf75c/fetchFileTemp357119206856269431.tmp has been previously copied to /tmp/spark-0ae84639-ad1d-4385-98b6-33320f786d7d/userFiles-cb242ea3-c0ce-4026-b819-d482ba9cf75c/com.google.code.findbugs_jsr305-3.0.0.jar
[2024-06-27T08:11:26.488+0000] {docker.py:436} INFO - 24/06/27 08:11:26 INFO Executor: Adding file:/tmp/spark-0ae84639-ad1d-4385-98b6-33320f786d7d/userFiles-cb242ea3-c0ce-4026-b819-d482ba9cf75c/com.google.code.findbugs_jsr305-3.0.0.jar to class loader default
[2024-06-27T08:11:26.489+0000] {docker.py:436} INFO - 24/06/27 08:11:26 INFO Executor: Fetching spark://localhost:45955/jars/org.apache.commons_commons-pool2-2.11.1.jar with timestamp 1719475884852
[2024-06-27T08:11:26.491+0000] {docker.py:436} INFO - 24/06/27 08:11:26 INFO Utils: Fetching spark://localhost:45955/jars/org.apache.commons_commons-pool2-2.11.1.jar to /tmp/spark-0ae84639-ad1d-4385-98b6-33320f786d7d/userFiles-cb242ea3-c0ce-4026-b819-d482ba9cf75c/fetchFileTemp6651202955235753153.tmp
[2024-06-27T08:11:26.493+0000] {docker.py:436} INFO - 24/06/27 08:11:26 INFO Utils: /tmp/spark-0ae84639-ad1d-4385-98b6-33320f786d7d/userFiles-cb242ea3-c0ce-4026-b819-d482ba9cf75c/fetchFileTemp6651202955235753153.tmp has been previously copied to /tmp/spark-0ae84639-ad1d-4385-98b6-33320f786d7d/userFiles-cb242ea3-c0ce-4026-b819-d482ba9cf75c/org.apache.commons_commons-pool2-2.11.1.jar
[2024-06-27T08:11:26.506+0000] {docker.py:436} INFO - 24/06/27 08:11:26 INFO Executor: Adding file:/tmp/spark-0ae84639-ad1d-4385-98b6-33320f786d7d/userFiles-cb242ea3-c0ce-4026-b819-d482ba9cf75c/org.apache.commons_commons-pool2-2.11.1.jar to class loader default
[2024-06-27T08:11:26.507+0000] {docker.py:436} INFO - 24/06/27 08:11:26 INFO Executor: Fetching spark://localhost:45955/jars/org.apache.spark_spark-token-provider-kafka-0-10_2.12-3.3.0.jar with timestamp 1719475884852
[2024-06-27T08:11:26.507+0000] {docker.py:436} INFO - 24/06/27 08:11:26 INFO Utils: Fetching spark://localhost:45955/jars/org.apache.spark_spark-token-provider-kafka-0-10_2.12-3.3.0.jar to /tmp/spark-0ae84639-ad1d-4385-98b6-33320f786d7d/userFiles-cb242ea3-c0ce-4026-b819-d482ba9cf75c/fetchFileTemp84123654601809933.tmp
[2024-06-27T08:11:26.509+0000] {docker.py:436} INFO - 24/06/27 08:11:26 INFO Utils: /tmp/spark-0ae84639-ad1d-4385-98b6-33320f786d7d/userFiles-cb242ea3-c0ce-4026-b819-d482ba9cf75c/fetchFileTemp84123654601809933.tmp has been previously copied to /tmp/spark-0ae84639-ad1d-4385-98b6-33320f786d7d/userFiles-cb242ea3-c0ce-4026-b819-d482ba9cf75c/org.apache.spark_spark-token-provider-kafka-0-10_2.12-3.3.0.jar
[2024-06-27T08:11:26.530+0000] {docker.py:436} INFO - 24/06/27 08:11:26 INFO Executor: Adding file:/tmp/spark-0ae84639-ad1d-4385-98b6-33320f786d7d/userFiles-cb242ea3-c0ce-4026-b819-d482ba9cf75c/org.apache.spark_spark-token-provider-kafka-0-10_2.12-3.3.0.jar to class loader default
[2024-06-27T08:11:26.531+0000] {docker.py:436} INFO - 24/06/27 08:11:26 INFO Executor: Fetching spark://localhost:45955/jars/commons-logging_commons-logging-1.1.3.jar with timestamp 1719475884852
[2024-06-27T08:11:26.531+0000] {docker.py:436} INFO - 24/06/27 08:11:26 INFO Utils: Fetching spark://localhost:45955/jars/commons-logging_commons-logging-1.1.3.jar to /tmp/spark-0ae84639-ad1d-4385-98b6-33320f786d7d/userFiles-cb242ea3-c0ce-4026-b819-d482ba9cf75c/fetchFileTemp11710110887783307238.tmp
[2024-06-27T08:11:26.533+0000] {docker.py:436} INFO - 24/06/27 08:11:26 INFO Utils: /tmp/spark-0ae84639-ad1d-4385-98b6-33320f786d7d/userFiles-cb242ea3-c0ce-4026-b819-d482ba9cf75c/fetchFileTemp11710110887783307238.tmp has been previously copied to /tmp/spark-0ae84639-ad1d-4385-98b6-33320f786d7d/userFiles-cb242ea3-c0ce-4026-b819-d482ba9cf75c/commons-logging_commons-logging-1.1.3.jar
[2024-06-27T08:11:26.552+0000] {docker.py:436} INFO - 24/06/27 08:11:26 INFO Executor: Adding file:/tmp/spark-0ae84639-ad1d-4385-98b6-33320f786d7d/userFiles-cb242ea3-c0ce-4026-b819-d482ba9cf75c/commons-logging_commons-logging-1.1.3.jar to class loader default
[2024-06-27T08:11:26.552+0000] {docker.py:436} INFO - 24/06/27 08:11:26 INFO Executor: Fetching spark://localhost:45955/jars/org.xerial.snappy_snappy-java-1.1.8.4.jar with timestamp 1719475884852
[2024-06-27T08:11:26.553+0000] {docker.py:436} INFO - 24/06/27 08:11:26 INFO Utils: Fetching spark://localhost:45955/jars/org.xerial.snappy_snappy-java-1.1.8.4.jar to /tmp/spark-0ae84639-ad1d-4385-98b6-33320f786d7d/userFiles-cb242ea3-c0ce-4026-b819-d482ba9cf75c/fetchFileTemp10278081566491821328.tmp
[2024-06-27T08:11:26.576+0000] {docker.py:436} INFO - 24/06/27 08:11:26 INFO Utils: /tmp/spark-0ae84639-ad1d-4385-98b6-33320f786d7d/userFiles-cb242ea3-c0ce-4026-b819-d482ba9cf75c/fetchFileTemp10278081566491821328.tmp has been previously copied to /tmp/spark-0ae84639-ad1d-4385-98b6-33320f786d7d/userFiles-cb242ea3-c0ce-4026-b819-d482ba9cf75c/org.xerial.snappy_snappy-java-1.1.8.4.jar
[2024-06-27T08:11:26.580+0000] {docker.py:436} INFO - 24/06/27 08:11:26 INFO Executor: Adding file:/tmp/spark-0ae84639-ad1d-4385-98b6-33320f786d7d/userFiles-cb242ea3-c0ce-4026-b819-d482ba9cf75c/org.xerial.snappy_snappy-java-1.1.8.4.jar to class loader default
[2024-06-27T08:11:26.581+0000] {docker.py:436} INFO - 24/06/27 08:11:26 INFO Executor: Fetching spark://localhost:45955/jars/org.postgresql_postgresql-42.2.2.jar with timestamp 1719475884852
[2024-06-27T08:11:26.582+0000] {docker.py:436} INFO - 24/06/27 08:11:26 INFO Utils: Fetching spark://localhost:45955/jars/org.postgresql_postgresql-42.2.2.jar to /tmp/spark-0ae84639-ad1d-4385-98b6-33320f786d7d/userFiles-cb242ea3-c0ce-4026-b819-d482ba9cf75c/fetchFileTemp12233750401183435597.tmp
[2024-06-27T08:11:26.591+0000] {docker.py:436} INFO - 24/06/27 08:11:26 INFO Utils: /tmp/spark-0ae84639-ad1d-4385-98b6-33320f786d7d/userFiles-cb242ea3-c0ce-4026-b819-d482ba9cf75c/fetchFileTemp12233750401183435597.tmp has been previously copied to /tmp/spark-0ae84639-ad1d-4385-98b6-33320f786d7d/userFiles-cb242ea3-c0ce-4026-b819-d482ba9cf75c/org.postgresql_postgresql-42.2.2.jar
[2024-06-27T08:11:26.679+0000] {docker.py:436} INFO - 24/06/27 08:11:26 INFO Executor: Adding file:/tmp/spark-0ae84639-ad1d-4385-98b6-33320f786d7d/userFiles-cb242ea3-c0ce-4026-b819-d482ba9cf75c/org.postgresql_postgresql-42.2.2.jar to class loader default
[2024-06-27T08:11:26.680+0000] {docker.py:436} INFO - 24/06/27 08:11:26 INFO Executor: Fetching spark://localhost:45955/jars/org.lz4_lz4-java-1.8.0.jar with timestamp 1719475884852
[2024-06-27T08:11:26.681+0000] {docker.py:436} INFO - 24/06/27 08:11:26 INFO Utils: Fetching spark://localhost:45955/jars/org.lz4_lz4-java-1.8.0.jar to /tmp/spark-0ae84639-ad1d-4385-98b6-33320f786d7d/userFiles-cb242ea3-c0ce-4026-b819-d482ba9cf75c/fetchFileTemp10049502602822455854.tmp
[2024-06-27T08:11:26.686+0000] {docker.py:436} INFO - 24/06/27 08:11:26 INFO Utils: /tmp/spark-0ae84639-ad1d-4385-98b6-33320f786d7d/userFiles-cb242ea3-c0ce-4026-b819-d482ba9cf75c/fetchFileTemp10049502602822455854.tmp has been previously copied to /tmp/spark-0ae84639-ad1d-4385-98b6-33320f786d7d/userFiles-cb242ea3-c0ce-4026-b819-d482ba9cf75c/org.lz4_lz4-java-1.8.0.jar
[2024-06-27T08:11:26.732+0000] {docker.py:436} INFO - 24/06/27 08:11:26 INFO Executor: Adding file:/tmp/spark-0ae84639-ad1d-4385-98b6-33320f786d7d/userFiles-cb242ea3-c0ce-4026-b819-d482ba9cf75c/org.lz4_lz4-java-1.8.0.jar to class loader default
[2024-06-27T08:11:26.733+0000] {docker.py:436} INFO - 24/06/27 08:11:26 INFO Executor: Fetching spark://localhost:45955/jars/org.apache.kafka_kafka-clients-2.8.1.jar with timestamp 1719475884852
[2024-06-27T08:11:26.734+0000] {docker.py:436} INFO - 24/06/27 08:11:26 INFO Utils: Fetching spark://localhost:45955/jars/org.apache.kafka_kafka-clients-2.8.1.jar to /tmp/spark-0ae84639-ad1d-4385-98b6-33320f786d7d/userFiles-cb242ea3-c0ce-4026-b819-d482ba9cf75c/fetchFileTemp2789670853884439780.tmp
[2024-06-27T08:11:26.772+0000] {docker.py:436} INFO - 24/06/27 08:11:26 INFO Utils: /tmp/spark-0ae84639-ad1d-4385-98b6-33320f786d7d/userFiles-cb242ea3-c0ce-4026-b819-d482ba9cf75c/fetchFileTemp2789670853884439780.tmp has been previously copied to /tmp/spark-0ae84639-ad1d-4385-98b6-33320f786d7d/userFiles-cb242ea3-c0ce-4026-b819-d482ba9cf75c/org.apache.kafka_kafka-clients-2.8.1.jar
[2024-06-27T08:11:26.841+0000] {docker.py:436} INFO - 24/06/27 08:11:26 INFO Executor: Adding file:/tmp/spark-0ae84639-ad1d-4385-98b6-33320f786d7d/userFiles-cb242ea3-c0ce-4026-b819-d482ba9cf75c/org.apache.kafka_kafka-clients-2.8.1.jar to class loader default
[2024-06-27T08:11:26.841+0000] {docker.py:436} INFO - 24/06/27 08:11:26 INFO Executor: Fetching spark://localhost:45955/jars/org.slf4j_slf4j-api-1.7.32.jar with timestamp 1719475884852
[2024-06-27T08:11:26.842+0000] {docker.py:436} INFO - 24/06/27 08:11:26 INFO Utils: Fetching spark://localhost:45955/jars/org.slf4j_slf4j-api-1.7.32.jar to /tmp/spark-0ae84639-ad1d-4385-98b6-33320f786d7d/userFiles-cb242ea3-c0ce-4026-b819-d482ba9cf75c/fetchFileTemp5022454503213650011.tmp
[2024-06-27T08:11:26.843+0000] {docker.py:436} INFO - 24/06/27 08:11:26 INFO Utils: /tmp/spark-0ae84639-ad1d-4385-98b6-33320f786d7d/userFiles-cb242ea3-c0ce-4026-b819-d482ba9cf75c/fetchFileTemp5022454503213650011.tmp has been previously copied to /tmp/spark-0ae84639-ad1d-4385-98b6-33320f786d7d/userFiles-cb242ea3-c0ce-4026-b819-d482ba9cf75c/org.slf4j_slf4j-api-1.7.32.jar
[2024-06-27T08:11:26.990+0000] {docker.py:436} INFO - 24/06/27 08:11:26 INFO Executor: Adding file:/tmp/spark-0ae84639-ad1d-4385-98b6-33320f786d7d/userFiles-cb242ea3-c0ce-4026-b819-d482ba9cf75c/org.slf4j_slf4j-api-1.7.32.jar to class loader default
[2024-06-27T08:11:26.991+0000] {docker.py:436} INFO - 24/06/27 08:11:26 INFO Executor: Fetching spark://localhost:45955/jars/org.apache.hadoop_hadoop-client-api-3.3.2.jar with timestamp 1719475884852
[2024-06-27T08:11:26.992+0000] {docker.py:436} INFO - 24/06/27 08:11:26 INFO Utils: Fetching spark://localhost:45955/jars/org.apache.hadoop_hadoop-client-api-3.3.2.jar to /tmp/spark-0ae84639-ad1d-4385-98b6-33320f786d7d/userFiles-cb242ea3-c0ce-4026-b819-d482ba9cf75c/fetchFileTemp1983273955948403759.tmp
[2024-06-27T08:11:27.288+0000] {docker.py:436} INFO - 24/06/27 08:11:27 INFO Utils: /tmp/spark-0ae84639-ad1d-4385-98b6-33320f786d7d/userFiles-cb242ea3-c0ce-4026-b819-d482ba9cf75c/fetchFileTemp1983273955948403759.tmp has been previously copied to /tmp/spark-0ae84639-ad1d-4385-98b6-33320f786d7d/userFiles-cb242ea3-c0ce-4026-b819-d482ba9cf75c/org.apache.hadoop_hadoop-client-api-3.3.2.jar
[2024-06-27T08:11:27.296+0000] {docker.py:436} INFO - 24/06/27 08:11:27 INFO Executor: Adding file:/tmp/spark-0ae84639-ad1d-4385-98b6-33320f786d7d/userFiles-cb242ea3-c0ce-4026-b819-d482ba9cf75c/org.apache.hadoop_hadoop-client-api-3.3.2.jar to class loader default
[2024-06-27T08:11:27.297+0000] {docker.py:436} INFO - 24/06/27 08:11:27 INFO Executor: Fetching spark://localhost:45955/jars/org.apache.hadoop_hadoop-client-runtime-3.3.2.jar with timestamp 1719475884852
[2024-06-27T08:11:27.297+0000] {docker.py:436} INFO - 24/06/27 08:11:27 INFO Utils: Fetching spark://localhost:45955/jars/org.apache.hadoop_hadoop-client-runtime-3.3.2.jar to /tmp/spark-0ae84639-ad1d-4385-98b6-33320f786d7d/userFiles-cb242ea3-c0ce-4026-b819-d482ba9cf75c/fetchFileTemp17344195816465537337.tmp
[2024-06-27T08:11:27.518+0000] {docker.py:436} INFO - 24/06/27 08:11:27 INFO Utils: /tmp/spark-0ae84639-ad1d-4385-98b6-33320f786d7d/userFiles-cb242ea3-c0ce-4026-b819-d482ba9cf75c/fetchFileTemp17344195816465537337.tmp has been previously copied to /tmp/spark-0ae84639-ad1d-4385-98b6-33320f786d7d/userFiles-cb242ea3-c0ce-4026-b819-d482ba9cf75c/org.apache.hadoop_hadoop-client-runtime-3.3.2.jar
[2024-06-27T08:11:27.529+0000] {docker.py:436} INFO - 24/06/27 08:11:27 INFO Executor: Adding file:/tmp/spark-0ae84639-ad1d-4385-98b6-33320f786d7d/userFiles-cb242ea3-c0ce-4026-b819-d482ba9cf75c/org.apache.hadoop_hadoop-client-runtime-3.3.2.jar to class loader default
[2024-06-27T08:11:27.530+0000] {docker.py:436} INFO - 24/06/27 08:11:27 INFO Executor: Fetching spark://localhost:45955/jars/org.spark-project.spark_unused-1.0.0.jar with timestamp 1719475884852
[2024-06-27T08:11:27.532+0000] {docker.py:436} INFO - 24/06/27 08:11:27 INFO Utils: Fetching spark://localhost:45955/jars/org.spark-project.spark_unused-1.0.0.jar to /tmp/spark-0ae84639-ad1d-4385-98b6-33320f786d7d/userFiles-cb242ea3-c0ce-4026-b819-d482ba9cf75c/fetchFileTemp9787116404969039802.tmp
[2024-06-27T08:11:27.533+0000] {docker.py:436} INFO - 24/06/27 08:11:27 INFO Utils: /tmp/spark-0ae84639-ad1d-4385-98b6-33320f786d7d/userFiles-cb242ea3-c0ce-4026-b819-d482ba9cf75c/fetchFileTemp9787116404969039802.tmp has been previously copied to /tmp/spark-0ae84639-ad1d-4385-98b6-33320f786d7d/userFiles-cb242ea3-c0ce-4026-b819-d482ba9cf75c/org.spark-project.spark_unused-1.0.0.jar
[2024-06-27T08:11:27.537+0000] {docker.py:436} INFO - 24/06/27 08:11:27 INFO Executor: Adding file:/tmp/spark-0ae84639-ad1d-4385-98b6-33320f786d7d/userFiles-cb242ea3-c0ce-4026-b819-d482ba9cf75c/org.spark-project.spark_unused-1.0.0.jar to class loader default
[2024-06-27T08:11:27.537+0000] {docker.py:436} INFO - 24/06/27 08:11:27 INFO Executor: Fetching spark://localhost:45955/jars/org.apache.spark_spark-sql-kafka-0-10_2.12-3.3.0.jar with timestamp 1719475884852
[2024-06-27T08:11:27.538+0000] {docker.py:436} INFO - 24/06/27 08:11:27 INFO Utils: Fetching spark://localhost:45955/jars/org.apache.spark_spark-sql-kafka-0-10_2.12-3.3.0.jar to /tmp/spark-0ae84639-ad1d-4385-98b6-33320f786d7d/userFiles-cb242ea3-c0ce-4026-b819-d482ba9cf75c/fetchFileTemp18022622967754211896.tmp
[2024-06-27T08:11:27.541+0000] {docker.py:436} INFO - 24/06/27 08:11:27 INFO Utils: /tmp/spark-0ae84639-ad1d-4385-98b6-33320f786d7d/userFiles-cb242ea3-c0ce-4026-b819-d482ba9cf75c/fetchFileTemp18022622967754211896.tmp has been previously copied to /tmp/spark-0ae84639-ad1d-4385-98b6-33320f786d7d/userFiles-cb242ea3-c0ce-4026-b819-d482ba9cf75c/org.apache.spark_spark-sql-kafka-0-10_2.12-3.3.0.jar
[2024-06-27T08:11:27.546+0000] {docker.py:436} INFO - 24/06/27 08:11:27 INFO Executor: Adding file:/tmp/spark-0ae84639-ad1d-4385-98b6-33320f786d7d/userFiles-cb242ea3-c0ce-4026-b819-d482ba9cf75c/org.apache.spark_spark-sql-kafka-0-10_2.12-3.3.0.jar to class loader default
[2024-06-27T08:11:27.557+0000] {docker.py:436} INFO - 24/06/27 08:11:27 INFO Utils: Successfully started service 'org.apache.spark.network.netty.NettyBlockTransferService' on port 40025.
[2024-06-27T08:11:27.557+0000] {docker.py:436} INFO - 24/06/27 08:11:27 INFO NettyBlockTransferService: Server created on localhost:40025
[2024-06-27T08:11:27.559+0000] {docker.py:436} INFO - 24/06/27 08:11:27 INFO BlockManager: Using org.apache.spark.storage.RandomBlockReplicationPolicy for block replication policy
[2024-06-27T08:11:27.565+0000] {docker.py:436} INFO - 24/06/27 08:11:27 INFO BlockManagerMaster: Registering BlockManager BlockManagerId(driver, localhost, 40025, None)
[2024-06-27T08:11:27.571+0000] {docker.py:436} INFO - 24/06/27 08:11:27 INFO BlockManagerMasterEndpoint: Registering block manager localhost:40025 with 434.4 MiB RAM, BlockManagerId(driver, localhost, 40025, None)
[2024-06-27T08:11:27.573+0000] {docker.py:436} INFO - 24/06/27 08:11:27 INFO BlockManagerMaster: Registered BlockManager BlockManagerId(driver, localhost, 40025, None)
[2024-06-27T08:11:27.575+0000] {docker.py:436} INFO - 24/06/27 08:11:27 INFO BlockManager: Initialized BlockManager: BlockManagerId(driver, localhost, 40025, None)
[2024-06-27T08:11:28.094+0000] {docker.py:436} INFO - 2024-06-27 08:11:28,094:create_spark_session:INFO:Spark session created successfully
[2024-06-27T08:11:28.105+0000] {docker.py:436} INFO - 24/06/27 08:11:28 INFO SharedState: Setting hive.metastore.warehouse.dir ('null') to the value of spark.sql.warehouse.dir.
[2024-06-27T08:11:28.108+0000] {docker.py:436} INFO - 24/06/27 08:11:28 INFO SharedState: Warehouse path is 'file:/opt/bitnami/spark/spark-warehouse'.
[2024-06-27T08:11:30.157+0000] {docker.py:436} INFO - 2024-06-27 08:11:30,156:create_initial_dataframe:INFO:Initial dataframe created successfully:
[2024-06-27T08:11:30.421+0000] {docker.py:436} INFO - 24/06/27 08:11:30 INFO StateStoreCoordinatorRef: Registered StateStoreCoordinator endpoint
[2024-06-27T08:11:30.463+0000] {docker.py:436} INFO - 24/06/27 08:11:30 WARN ResolveWriteToStream: Temporary checkpoint location created which is deleted normally when the query didn't fail: /tmp/temporary-269983dc-0a19-4c80-90c0-bb123ef5bbca. If it's required to delete it under any circumstances, please set spark.sql.streaming.forceDeleteTempCheckpointLocation to true. Important to know deleting temp checkpoint folder is best effort.
[2024-06-27T08:11:30.491+0000] {docker.py:436} INFO - 24/06/27 08:11:30 INFO ResolveWriteToStream: Checkpoint root file:///tmp/temporary-269983dc-0a19-4c80-90c0-bb123ef5bbca resolved to file:/tmp/temporary-269983dc-0a19-4c80-90c0-bb123ef5bbca.
[2024-06-27T08:11:30.492+0000] {docker.py:436} INFO - 24/06/27 08:11:30 WARN ResolveWriteToStream: spark.sql.adaptive.enabled is not supported in streaming DataFrames/Datasets and will be disabled.
[2024-06-27T08:11:30.586+0000] {docker.py:436} INFO - 24/06/27 08:11:30 INFO CheckpointFileManager: Writing atomically to file:/tmp/temporary-269983dc-0a19-4c80-90c0-bb123ef5bbca/metadata using temp file file:/tmp/temporary-269983dc-0a19-4c80-90c0-bb123ef5bbca/.metadata.25990914-1345-4688-86bc-ce3770f4b51f.tmp
[2024-06-27T08:11:30.718+0000] {docker.py:436} INFO - 24/06/27 08:11:30 INFO CheckpointFileManager: Renamed temp file file:/tmp/temporary-269983dc-0a19-4c80-90c0-bb123ef5bbca/.metadata.25990914-1345-4688-86bc-ce3770f4b51f.tmp to file:/tmp/temporary-269983dc-0a19-4c80-90c0-bb123ef5bbca/metadata
[2024-06-27T08:11:30.766+0000] {docker.py:436} INFO - 24/06/27 08:11:30 INFO MicroBatchExecution: Starting [id = 1a39a240-3f5d-48b5-bcab-8bcaa2886fb9, runId = d1acd8ba-ea2a-426d-bcfc-c43e97983c12]. Use file:/tmp/temporary-269983dc-0a19-4c80-90c0-bb123ef5bbca to store the query checkpoint.
[2024-06-27T08:11:30.779+0000] {docker.py:436} INFO - 24/06/27 08:11:30 INFO MicroBatchExecution: Reading table [org.apache.spark.sql.kafka010.KafkaSourceProvider$KafkaTable@4799c328] from DataSourceV2 named 'kafka' [org.apache.spark.sql.kafka010.KafkaSourceProvider@7ef37b2b]
[2024-06-27T08:11:30.820+0000] {docker.py:436} INFO - 24/06/27 08:11:30 INFO OffsetSeqLog: BatchIds found from listing:
[2024-06-27T08:11:30.822+0000] {docker.py:436} INFO - 24/06/27 08:11:30 INFO OffsetSeqLog: BatchIds found from listing:
[2024-06-27T08:11:30.823+0000] {docker.py:436} INFO - 24/06/27 08:11:30 INFO MicroBatchExecution: Starting new streaming query.
[2024-06-27T08:11:30.826+0000] {docker.py:436} INFO - 24/06/27 08:11:30 INFO MicroBatchExecution: Stream started from {}
[2024-06-27T08:11:31.344+0000] {docker.py:436} INFO - 24/06/27 08:11:31 INFO AdminClientConfig: AdminClientConfig values: 
	bootstrap.servers = [kafka:9092]
	client.dns.lookup = use_all_dns_ips
	client.id = 
	connections.max.idle.ms = 300000
	default.api.timeout.ms = 60000
	metadata.max.age.ms = 300000
	metric.reporters = []
	metrics.num.samples = 2
	metrics.recording.level = INFO
	metrics.sample.window.ms = 30000
	receive.buffer.bytes = 65536
	reconnect.backoff.max.ms = 1000
	reconnect.backoff.ms = 50
	request.timeout.ms = 30000
	retries = 2147483647
	retry.backoff.ms = 100
	sasl.client.callback.handler.class = null
	sasl.jaas.config = null
	sasl.kerberos.kinit.cmd = /usr/bin/kinit
	sasl.kerberos.min.time.before.relogin = 60000
	sasl.kerberos.service.name = null
	sasl.kerberos.ticket.renew.jitter = 0.05
	sasl.kerberos.ticket.renew.window.factor = 0.8
	sasl.login.callback.handler.class = null
	sasl.login.class = null
	sasl.login.refresh.buffer.seconds = 300
	sasl.login.refresh.min.period.seconds = 60
	sasl.login.refresh.window.factor = 0.8
	sasl.login.refresh.window.jitter = 0.05
	sasl.mechanism = GSSAPI
	security.protocol = PLAINTEXT
	security.providers = null
	send.buffer.bytes = 131072
	socket.connection.setup.timeout.max.ms = 30000
	socket.connection.setup.timeout.ms = 10000
	ssl.cipher.suites = null
	ssl.enabled.protocols = [TLSv1.2, TLSv1.3]
	ssl.endpoint.identification.algorithm = https
	ssl.engine.factory.class = null
	ssl.key.password = null
	ssl.keymanager.algorithm = SunX509
	ssl.keystore.certificate.chain = null
	ssl.keystore.key = null
	ssl.keystore.location = null
	ssl.keystore.password = null
	ssl.keystore.type = JKS
	ssl.protocol = TLSv1.3
	ssl.provider = null
	ssl.secure.random.implementation = null
	ssl.trustmanager.algorithm = PKIX
	ssl.truststore.certificates = null
	ssl.truststore.location = null
	ssl.truststore.password = null
	ssl.truststore.type = JKS
[2024-06-27T08:11:31.442+0000] {docker.py:436} INFO - 24/06/27 08:11:31 WARN AdminClientConfig: The configuration 'key.deserializer' was supplied but isn't a known config.
[2024-06-27T08:11:31.443+0000] {docker.py:436} INFO - 24/06/27 08:11:31 WARN AdminClientConfig: The configuration 'value.deserializer' was supplied but isn't a known config.
24/06/27 08:11:31 WARN AdminClientConfig: The configuration 'enable.auto.commit' was supplied but isn't a known config.
24/06/27 08:11:31 WARN AdminClientConfig: The configuration 'max.poll.records' was supplied but isn't a known config.
24/06/27 08:11:31 WARN AdminClientConfig: The configuration 'auto.offset.reset' was supplied but isn't a known config.
[2024-06-27T08:11:31.446+0000] {docker.py:436} INFO - 24/06/27 08:11:31 INFO AppInfoParser: Kafka version: 2.8.1
[2024-06-27T08:11:31.446+0000] {docker.py:436} INFO - 24/06/27 08:11:31 INFO AppInfoParser: Kafka commitId: 839b886f9b732b15
[2024-06-27T08:11:31.448+0000] {docker.py:436} INFO - 24/06/27 08:11:31 INFO AppInfoParser: Kafka startTimeMs: 1719475891442
[2024-06-27T08:11:31.940+0000] {docker.py:436} INFO - 24/06/27 08:11:31 INFO CheckpointFileManager: Writing atomically to file:/tmp/temporary-269983dc-0a19-4c80-90c0-bb123ef5bbca/sources/0/0 using temp file file:/tmp/temporary-269983dc-0a19-4c80-90c0-bb123ef5bbca/sources/0/.0.4847b87c-e6aa-4e19-afbb-21d8972724d9.tmp
[2024-06-27T08:11:31.987+0000] {docker.py:436} INFO - 24/06/27 08:11:31 INFO CheckpointFileManager: Renamed temp file file:/tmp/temporary-269983dc-0a19-4c80-90c0-bb123ef5bbca/sources/0/.0.4847b87c-e6aa-4e19-afbb-21d8972724d9.tmp to file:/tmp/temporary-269983dc-0a19-4c80-90c0-bb123ef5bbca/sources/0/0
[2024-06-27T08:11:31.988+0000] {docker.py:436} INFO - 24/06/27 08:11:31 INFO KafkaMicroBatchStream: Initial offsets: {"store_source_data":{"0":8}}
[2024-06-27T08:11:32.024+0000] {docker.py:436} INFO - 24/06/27 08:11:32 INFO CheckpointFileManager: Writing atomically to file:/tmp/temporary-269983dc-0a19-4c80-90c0-bb123ef5bbca/offsets/0 using temp file file:/tmp/temporary-269983dc-0a19-4c80-90c0-bb123ef5bbca/offsets/.0.2e26d970-e634-4b5e-9d39-1437706f0a87.tmp
[2024-06-27T08:11:32.079+0000] {docker.py:436} INFO - 24/06/27 08:11:32 INFO CheckpointFileManager: Renamed temp file file:/tmp/temporary-269983dc-0a19-4c80-90c0-bb123ef5bbca/offsets/.0.2e26d970-e634-4b5e-9d39-1437706f0a87.tmp to file:/tmp/temporary-269983dc-0a19-4c80-90c0-bb123ef5bbca/offsets/0
[2024-06-27T08:11:32.080+0000] {docker.py:436} INFO - 24/06/27 08:11:32 INFO MicroBatchExecution: Committed offsets for batch 0. Metadata OffsetSeqMetadata(0,1719475892008,Map(spark.sql.streaming.stateStore.providerClass -> org.apache.spark.sql.execution.streaming.state.HDFSBackedStateStoreProvider, spark.sql.streaming.join.stateFormatVersion -> 2, spark.sql.streaming.stateStore.compression.codec -> lz4, spark.sql.streaming.stateStore.rocksdb.formatVersion -> 5, spark.sql.streaming.statefulOperator.useStrictDistribution -> true, spark.sql.streaming.flatMapGroupsWithState.stateFormatVersion -> 2, spark.sql.streaming.multipleWatermarkPolicy -> min, spark.sql.streaming.aggregation.stateFormatVersion -> 2, spark.sql.shuffle.partitions -> 200))
[2024-06-27T08:11:32.578+0000] {docker.py:436} INFO - 24/06/27 08:11:32 INFO KafkaOffsetReaderAdmin: Partitions added: Map()
[2024-06-27T08:11:32.653+0000] {docker.py:436} INFO - 24/06/27 08:11:32 INFO KafkaOffsetReaderAdmin: Partitions added: Map()
[2024-06-27T08:11:32.710+0000] {docker.py:436} INFO - 24/06/27 08:11:32 INFO KafkaOffsetReaderAdmin: Partitions added: Map()
[2024-06-27T08:11:32.712+0000] {docker.py:436} INFO - 24/06/27 08:11:32 INFO KafkaOffsetReaderAdmin: Partitions added: Map()
[2024-06-27T08:11:32.769+0000] {docker.py:436} INFO - 24/06/27 08:11:32 INFO KafkaOffsetReaderAdmin: Partitions added: Map()
[2024-06-27T08:11:32.771+0000] {docker.py:436} INFO - 24/06/27 08:11:32 INFO KafkaOffsetReaderAdmin: Partitions added: Map()
[2024-06-27T08:11:33.134+0000] {docker.py:436} INFO - 24/06/27 08:11:33 INFO CodeGenerator: Code generated in 210.457995 ms
[2024-06-27T08:11:33.250+0000] {docker.py:436} INFO - 24/06/27 08:11:33 INFO WriteToDataSourceV2Exec: Start processing data source write support: MicroBatchWrite[epoch: 0, writer: ConsoleWriter[numRows=20, truncate=true]]. The input RDD has 1 partitions.
[2024-06-27T08:11:33.260+0000] {docker.py:436} INFO - 24/06/27 08:11:33 INFO SparkContext: Starting job: start at NativeMethodAccessorImpl.java:0
[2024-06-27T08:11:33.303+0000] {docker.py:436} INFO - 24/06/27 08:11:33 INFO DAGScheduler: Got job 0 (start at NativeMethodAccessorImpl.java:0) with 1 output partitions
[2024-06-27T08:11:33.305+0000] {docker.py:436} INFO - 24/06/27 08:11:33 INFO DAGScheduler: Final stage: ResultStage 0 (start at NativeMethodAccessorImpl.java:0)
[2024-06-27T08:11:33.306+0000] {docker.py:436} INFO - 24/06/27 08:11:33 INFO DAGScheduler: Parents of final stage: List()
[2024-06-27T08:11:33.307+0000] {docker.py:436} INFO - 24/06/27 08:11:33 INFO DAGScheduler: Missing parents: List()
[2024-06-27T08:11:33.312+0000] {docker.py:436} INFO - 24/06/27 08:11:33 INFO DAGScheduler: Submitting ResultStage 0 (MapPartitionsRDD[2] at start at NativeMethodAccessorImpl.java:0), which has no missing parents
[2024-06-27T08:11:33.444+0000] {docker.py:436} INFO - 24/06/27 08:11:33 INFO MemoryStore: Block broadcast_0 stored as values in memory (estimated size 9.4 KiB, free 434.4 MiB)
[2024-06-27T08:11:33.479+0000] {docker.py:436} INFO - 24/06/27 08:11:33 INFO MemoryStore: Block broadcast_0_piece0 stored as bytes in memory (estimated size 4.6 KiB, free 434.4 MiB)
[2024-06-27T08:11:33.481+0000] {docker.py:436} INFO - 24/06/27 08:11:33 INFO BlockManagerInfo: Added broadcast_0_piece0 in memory on localhost:40025 (size: 4.6 KiB, free: 434.4 MiB)
[2024-06-27T08:11:33.485+0000] {docker.py:436} INFO - 24/06/27 08:11:33 INFO SparkContext: Created broadcast 0 from broadcast at DAGScheduler.scala:1585
[2024-06-27T08:11:33.507+0000] {docker.py:436} INFO - 24/06/27 08:11:33 INFO DAGScheduler: Submitting 1 missing tasks from ResultStage 0 (MapPartitionsRDD[2] at start at NativeMethodAccessorImpl.java:0) (first 15 tasks are for partitions Vector(0))
[2024-06-27T08:11:33.509+0000] {docker.py:436} INFO - 24/06/27 08:11:33 INFO TaskSchedulerImpl: Adding task set 0.0 with 1 tasks resource profile 0
[2024-06-27T08:11:33.572+0000] {docker.py:436} INFO - 24/06/27 08:11:33 INFO TaskSetManager: Starting task 0.0 in stage 0.0 (TID 0) (localhost, executor driver, partition 0, PROCESS_LOCAL, 11070 bytes)
[2024-06-27T08:11:33.591+0000] {docker.py:436} INFO - 24/06/27 08:11:33 INFO Executor: Running task 0.0 in stage 0.0 (TID 0)
[2024-06-27T08:11:33.700+0000] {docker.py:436} INFO - 24/06/27 08:11:33 INFO CodeGenerator: Code generated in 27.668977 ms
[2024-06-27T08:11:33.801+0000] {docker.py:436} INFO - 24/06/27 08:11:33 INFO CodeGenerator: Code generated in 29.729785 ms
[2024-06-27T08:11:33.847+0000] {docker.py:436} INFO - 24/06/27 08:11:33 INFO CodeGenerator: Code generated in 30.833654 ms
[2024-06-27T08:11:33.870+0000] {docker.py:436} INFO - 24/06/27 08:11:33 INFO ConsumerConfig: ConsumerConfig values: 
	allow.auto.create.topics = true
	auto.commit.interval.ms = 5000
	auto.offset.reset = none
	bootstrap.servers = [kafka:9092]
	check.crcs = true
	client.dns.lookup = use_all_dns_ips
	client.id = consumer-spark-kafka-source-f0eb13a8-a1fb-46ac-b935-67aa0e54acac-853062359-executor-1
	client.rack = 
	connections.max.idle.ms = 540000
	default.api.timeout.ms = 60000
	enable.auto.commit = false
	exclude.internal.topics = true
	fetch.max.bytes = 52428800
	fetch.max.wait.ms = 500
	fetch.min.bytes = 1
	group.id = spark-kafka-source-f0eb13a8-a1fb-46ac-b935-67aa0e54acac-853062359-executor
	group.instance.id = null
	heartbeat.interval.ms = 3000
	interceptor.classes = []
	internal.leave.group.on.close = true
	internal.throw.on.fetch.stable.offset.unsupported = false
	isolation.level = read_uncommitted
	key.deserializer = class org.apache.kafka.common.serialization.ByteArrayDeserializer
	max.partition.fetch.bytes = 1048576
	max.poll.interval.ms = 300000
	max.poll.records = 500
	metadata.max.age.ms = 300000
	metric.reporters = []
	metrics.num.samples = 2
	metrics.recording.level = INFO
	metrics.sample.window.ms = 30000
	partition.assignment.strategy = [class org.apache.kafka.clients.consumer.RangeAssignor]
	receive.buffer.bytes = 65536
	reconnect.backoff.max.ms = 1000
	reconnect.backoff.ms = 50
	request.timeout.ms = 30000
	retry.backoff.ms = 100
	sasl.client.callback.handler.class = null
	sasl.jaas.config = null
	sasl.kerberos.kinit.cmd = /usr/bin/kinit
	sasl.kerberos.min.time.before.relogin = 60000
	sasl.kerberos.service.name = null
	sasl.kerberos.ticket.renew.jitter = 0.05
	sasl.kerberos.ticket.renew.window.factor = 0.8
	sasl.login.callback.handler.class = null
	sasl.login.class = null
	sasl.login.refresh.buffer.seconds = 300
	sasl.login.refresh.min.period.seconds = 60
	sasl.login.refresh.window.factor = 0.8
	sasl.login.refresh.window.jitter = 0.05
	sasl.mechanism = GSSAPI
	security.protocol = PLAINTEXT
	security.providers = null
	send.buffer.bytes = 131072
	session.timeout.ms = 10000
	socket.connection.setup.timeout.max.ms = 30000
	socket.connection.setup.timeout.ms = 10000
	ssl.cipher.suites = null
	ssl.enabled.protocols = [TLSv1.2, TLSv1.3]
	ssl.endpoint.identification.algorithm = https
	ssl.engine.factory.class = null
	ssl.key.password = null
	ssl.keymanager.algorithm = SunX509
	ssl.keystore.certificate.chain = null
	ssl.keystore.key = null
	ssl.keystore.location = null
	ssl.keystore.password = null
	ssl.keystore.type = JKS
	ssl.protocol = TLSv1.3
	ssl.provider = null
	ssl.secure.random.implementation = null
	ssl.trustmanager.algorithm = PKIX
	ssl.truststore.certificates = null
	ssl.truststore.location = null
	ssl.truststore.password = null
	ssl.truststore.type = JKS
	value.deserializer = class org.apache.kafka.common.serialization.ByteArrayDeserializer
[2024-06-27T08:11:33.934+0000] {docker.py:436} INFO - 24/06/27 08:11:33 INFO AppInfoParser: Kafka version: 2.8.1
[2024-06-27T08:11:33.935+0000] {docker.py:436} INFO - 24/06/27 08:11:33 INFO AppInfoParser: Kafka commitId: 839b886f9b732b15
24/06/27 08:11:33 INFO AppInfoParser: Kafka startTimeMs: 1719475893933
[2024-06-27T08:11:33.937+0000] {docker.py:436} INFO - 24/06/27 08:11:33 INFO KafkaConsumer: [Consumer clientId=consumer-spark-kafka-source-f0eb13a8-a1fb-46ac-b935-67aa0e54acac-853062359-executor-1, groupId=spark-kafka-source-f0eb13a8-a1fb-46ac-b935-67aa0e54acac-853062359-executor] Subscribed to partition(s): store_source_data-0
[2024-06-27T08:11:33.947+0000] {docker.py:436} INFO - 24/06/27 08:11:33 INFO KafkaConsumer: [Consumer clientId=consumer-spark-kafka-source-f0eb13a8-a1fb-46ac-b935-67aa0e54acac-853062359-executor-1, groupId=spark-kafka-source-f0eb13a8-a1fb-46ac-b935-67aa0e54acac-853062359-executor] Seeking to offset 8 for partition store_source_data-0
[2024-06-27T08:11:33.958+0000] {docker.py:436} INFO - 24/06/27 08:11:33 INFO Metadata: [Consumer clientId=consumer-spark-kafka-source-f0eb13a8-a1fb-46ac-b935-67aa0e54acac-853062359-executor-1, groupId=spark-kafka-source-f0eb13a8-a1fb-46ac-b935-67aa0e54acac-853062359-executor] Cluster ID: DvxeahjVTmCRqiJU0Wz8qg
[2024-06-27T08:11:34.012+0000] {docker.py:436} INFO - 24/06/27 08:11:34 INFO SubscriptionState: [Consumer clientId=consumer-spark-kafka-source-f0eb13a8-a1fb-46ac-b935-67aa0e54acac-853062359-executor-1, groupId=spark-kafka-source-f0eb13a8-a1fb-46ac-b935-67aa0e54acac-853062359-executor] Seeking to EARLIEST offset of partition store_source_data-0
[2024-06-27T08:11:34.515+0000] {docker.py:436} INFO - 24/06/27 08:11:34 INFO SubscriptionState: [Consumer clientId=consumer-spark-kafka-source-f0eb13a8-a1fb-46ac-b935-67aa0e54acac-853062359-executor-1, groupId=spark-kafka-source-f0eb13a8-a1fb-46ac-b935-67aa0e54acac-853062359-executor] Resetting offset for partition store_source_data-0 to position FetchPosition{offset=8, offsetEpoch=Optional.empty, currentLeader=LeaderAndEpoch{leader=Optional[kafka:9092 (id: 0 rack: null)], epoch=8}}.
[2024-06-27T08:11:34.515+0000] {docker.py:436} INFO - 24/06/27 08:11:34 INFO SubscriptionState: [Consumer clientId=consumer-spark-kafka-source-f0eb13a8-a1fb-46ac-b935-67aa0e54acac-853062359-executor-1, groupId=spark-kafka-source-f0eb13a8-a1fb-46ac-b935-67aa0e54acac-853062359-executor] Seeking to LATEST offset of partition store_source_data-0
[2024-06-27T08:11:34.517+0000] {docker.py:436} INFO - 24/06/27 08:11:34 INFO SubscriptionState: [Consumer clientId=consumer-spark-kafka-source-f0eb13a8-a1fb-46ac-b935-67aa0e54acac-853062359-executor-1, groupId=spark-kafka-source-f0eb13a8-a1fb-46ac-b935-67aa0e54acac-853062359-executor] Resetting offset for partition store_source_data-0 to position FetchPosition{offset=50, offsetEpoch=Optional.empty, currentLeader=LeaderAndEpoch{leader=Optional[kafka:9092 (id: 0 rack: null)], epoch=8}}.
[2024-06-27T08:11:34.617+0000] {docker.py:436} INFO - 24/06/27 08:11:34 INFO DataWritingSparkTask: Writer for partition 0 is committing.
[2024-06-27T08:11:34.619+0000] {docker.py:436} INFO - 24/06/27 08:11:34 INFO DataWritingSparkTask: Committed partition 0 (task 0, attempt 0, stage 0.0)
[2024-06-27T08:11:34.644+0000] {docker.py:436} INFO - 24/06/27 08:11:34 INFO Executor: Finished task 0.0 in stage 0.0 (TID 0). 7835 bytes result sent to driver
[2024-06-27T08:11:34.657+0000] {docker.py:436} INFO - 24/06/27 08:11:34 INFO TaskSetManager: Finished task 0.0 in stage 0.0 (TID 0) in 1114 ms on localhost (executor driver) (1/1)
[2024-06-27T08:11:34.659+0000] {docker.py:436} INFO - 24/06/27 08:11:34 INFO TaskSchedulerImpl: Removed TaskSet 0.0, whose tasks have all completed, from pool
[2024-06-27T08:11:34.668+0000] {docker.py:436} INFO - 24/06/27 08:11:34 INFO DAGScheduler: ResultStage 0 (start at NativeMethodAccessorImpl.java:0) finished in 1.334 s
[2024-06-27T08:11:34.674+0000] {docker.py:436} INFO - 24/06/27 08:11:34 INFO DAGScheduler: Job 0 is finished. Cancelling potential speculative or zombie tasks for this job
[2024-06-27T08:11:34.676+0000] {docker.py:436} INFO - 24/06/27 08:11:34 INFO TaskSchedulerImpl: Killing all running tasks in stage 0: Stage finished
[2024-06-27T08:11:34.680+0000] {docker.py:436} INFO - 24/06/27 08:11:34 INFO DAGScheduler: Job 0 finished: start at NativeMethodAccessorImpl.java:0, took 1.419763 s
[2024-06-27T08:11:34.682+0000] {docker.py:436} INFO - 24/06/27 08:11:34 INFO WriteToDataSourceV2Exec: Data source write support MicroBatchWrite[epoch: 0, writer: ConsoleWriter[numRows=20, truncate=true]] is committing.
[2024-06-27T08:11:34.686+0000] {docker.py:436} INFO - -------------------------------------------
Batch: 0
-------------------------------------------
[2024-06-27T08:11:34.774+0000] {docker.py:436} INFO - 24/06/27 08:11:34 INFO CodeGenerator: Code generated in 11.229087 ms
[2024-06-27T08:11:34.937+0000] {docker.py:436} INFO - 24/06/27 08:11:34 INFO BlockManagerInfo: Removed broadcast_0_piece0 on localhost:40025 in memory (size: 4.6 KiB, free: 434.4 MiB)
[2024-06-27T08:11:36.139+0000] {docker.py:436} INFO - 24/06/27 08:11:36 INFO CodeGenerator: Code generated in 26.841606 ms
[2024-06-27T08:11:36.155+0000] {docker.py:436} INFO - +-------------------------+
|substring(value, 15, 100)|
+-------------------------+
|     [{"item_purchased...|
|     [{"item_purchased...|
|     [{"item_purchased...|
|     [{"item_purchased...|
|     [{"item_purchased...|
|     [{"item_purchased...|
|     [{"item_purchased...|
|     [{"item_purchased...|
|     [{"item_purchased...|
|     [{"item_purchased...|
|     [{"item_purchased...|
|     [{"item_purchased...|
|     [{"item_purchased...|
|     [{"item_purchased...|
|     [{"item_purchased...|
|     [{"item_purchased...|
|     [{"item_purchased...|
|     [{"item_purchased...|
|     [{"item_purchased...|
|     [{"item_purchased...|
+-------------------------+
only showing top 20 rows
[2024-06-27T08:11:36.156+0000] {docker.py:436} INFO - 24/06/27 08:11:36 INFO WriteToDataSourceV2Exec: Data source write support MicroBatchWrite[epoch: 0, writer: ConsoleWriter[numRows=20, truncate=true]] committed.
[2024-06-27T08:11:36.171+0000] {docker.py:436} INFO - 24/06/27 08:11:36 INFO CheckpointFileManager: Writing atomically to file:/tmp/temporary-269983dc-0a19-4c80-90c0-bb123ef5bbca/commits/0 using temp file file:/tmp/temporary-269983dc-0a19-4c80-90c0-bb123ef5bbca/commits/.0.f28ac52b-c5b3-4c25-b6e8-100dd4fc1c0a.tmp
[2024-06-27T08:11:36.209+0000] {docker.py:436} INFO - 24/06/27 08:11:36 INFO CheckpointFileManager: Renamed temp file file:/tmp/temporary-269983dc-0a19-4c80-90c0-bb123ef5bbca/commits/.0.f28ac52b-c5b3-4c25-b6e8-100dd4fc1c0a.tmp to file:/tmp/temporary-269983dc-0a19-4c80-90c0-bb123ef5bbca/commits/0
[2024-06-27T08:11:36.251+0000] {docker.py:436} INFO - 24/06/27 08:11:36 INFO MicroBatchExecution: Streaming query made progress: {
  "id" : "1a39a240-3f5d-48b5-bcab-8bcaa2886fb9",
  "runId" : "d1acd8ba-ea2a-426d-bcfc-c43e97983c12",
  "name" : null,
  "timestamp" : "2024-06-27T08:11:30.812Z",
  "batchId" : 0,
  "numInputRows" : 42,
  "inputRowsPerSecond" : 0.0,
  "processedRowsPerSecond" : 7.780659503519822,
  "durationMs" : {
    "addBatch" : 3477,
    "commitOffsets" : 51,
    "getBatch" : 36,
    "latestOffset" : 1174,
    "queryPlanning" : 555,
    "triggerExecution" : 5396,
    "walCommit" : 69
  },
  "stateOperators" : [ ],
  "sources" : [ {
    "description" : "KafkaV2[Subscribe[store_source_data]]",
    "startOffset" : null,
    "endOffset" : {
      "store_source_data" : {
        "0" : 50
      }
    },
    "latestOffset" : {
      "store_source_data" : {
        "0" : 50
      }
    },
    "numInputRows" : 42,
    "inputRowsPerSecond" : 0.0,
    "processedRowsPerSecond" : 7.780659503519822,
    "metrics" : {
      "avgOffsetsBehindLatest" : "0.0",
      "maxOffsetsBehindLatest" : "0",
      "minOffsetsBehindLatest" : "0"
    }
  } ],
  "sink" : {
    "description" : "org.apache.spark.sql.execution.streaming.ConsoleTable$@1dcdb5b7",
    "numOutputRows" : 42
  }
}
[2024-06-27T08:11:46.234+0000] {docker.py:436} INFO - 24/06/27 08:11:46 INFO MicroBatchExecution: Streaming query has been idle and waiting for new data more than 10000 ms.
[2024-06-27T08:11:56.241+0000] {docker.py:436} INFO - 24/06/27 08:11:56 INFO MicroBatchExecution: Streaming query has been idle and waiting for new data more than 10000 ms.
[2024-06-27T08:12:06.246+0000] {docker.py:436} INFO - 24/06/27 08:12:06 INFO MicroBatchExecution: Streaming query has been idle and waiting for new data more than 10000 ms.
[2024-06-27T08:12:16.245+0000] {docker.py:436} INFO - 24/06/27 08:12:16 INFO MicroBatchExecution: Streaming query has been idle and waiting for new data more than 10000 ms.
[2024-06-27T08:12:26.247+0000] {docker.py:436} INFO - 24/06/27 08:12:26 INFO MicroBatchExecution: Streaming query has been idle and waiting for new data more than 10000 ms.
[2024-06-27T08:12:36.251+0000] {docker.py:436} INFO - 24/06/27 08:12:36 INFO MicroBatchExecution: Streaming query has been idle and waiting for new data more than 10000 ms.
[2024-06-27T08:12:46.263+0000] {docker.py:436} INFO - 24/06/27 08:12:46 INFO MicroBatchExecution: Streaming query has been idle and waiting for new data more than 10000 ms.
[2024-06-27T08:12:56.268+0000] {docker.py:436} INFO - 24/06/27 08:12:56 INFO MicroBatchExecution: Streaming query has been idle and waiting for new data more than 10000 ms.
[2024-06-27T08:13:06.274+0000] {docker.py:436} INFO - 24/06/27 08:13:06 INFO MicroBatchExecution: Streaming query has been idle and waiting for new data more than 10000 ms.
[2024-06-27T08:13:13.171+0000] {docker.py:436} INFO - 24/06/27 08:13:13 INFO CheckpointFileManager: Writing atomically to file:/tmp/temporary-269983dc-0a19-4c80-90c0-bb123ef5bbca/offsets/1 using temp file file:/tmp/temporary-269983dc-0a19-4c80-90c0-bb123ef5bbca/offsets/.1.5c8bc023-63d0-4f60-8d11-49f39b19cf67.tmp
[2024-06-27T08:13:13.279+0000] {docker.py:436} INFO - 24/06/27 08:13:13 INFO CheckpointFileManager: Renamed temp file file:/tmp/temporary-269983dc-0a19-4c80-90c0-bb123ef5bbca/offsets/.1.5c8bc023-63d0-4f60-8d11-49f39b19cf67.tmp to file:/tmp/temporary-269983dc-0a19-4c80-90c0-bb123ef5bbca/offsets/1
[2024-06-27T08:13:13.283+0000] {docker.py:436} INFO - 24/06/27 08:13:13 INFO MicroBatchExecution: Committed offsets for batch 1. Metadata OffsetSeqMetadata(0,1719475993144,Map(spark.sql.streaming.stateStore.providerClass -> org.apache.spark.sql.execution.streaming.state.HDFSBackedStateStoreProvider, spark.sql.streaming.join.stateFormatVersion -> 2, spark.sql.streaming.stateStore.compression.codec -> lz4, spark.sql.streaming.stateStore.rocksdb.formatVersion -> 5, spark.sql.streaming.statefulOperator.useStrictDistribution -> true, spark.sql.streaming.flatMapGroupsWithState.stateFormatVersion -> 2, spark.sql.streaming.multipleWatermarkPolicy -> min, spark.sql.streaming.aggregation.stateFormatVersion -> 2, spark.sql.shuffle.partitions -> 200))
[2024-06-27T08:13:13.569+0000] {docker.py:436} INFO - 24/06/27 08:13:13 INFO KafkaOffsetReaderAdmin: Partitions added: Map()
[2024-06-27T08:13:13.570+0000] {docker.py:436} INFO - 24/06/27 08:13:13 INFO KafkaOffsetReaderAdmin: Partitions added: Map()
[2024-06-27T08:13:13.684+0000] {docker.py:436} INFO - 24/06/27 08:13:13 INFO KafkaOffsetReaderAdmin: Partitions added: Map()
[2024-06-27T08:13:13.693+0000] {docker.py:436} INFO - 24/06/27 08:13:13 INFO KafkaOffsetReaderAdmin: Partitions added: Map()
[2024-06-27T08:13:13.800+0000] {docker.py:436} INFO - 24/06/27 08:13:13 INFO KafkaOffsetReaderAdmin: Partitions added: Map()
[2024-06-27T08:13:13.801+0000] {docker.py:436} INFO - 24/06/27 08:13:13 INFO KafkaOffsetReaderAdmin: Partitions added: Map()
[2024-06-27T08:13:13.888+0000] {docker.py:436} INFO - 24/06/27 08:13:13 INFO WriteToDataSourceV2Exec: Start processing data source write support: MicroBatchWrite[epoch: 1, writer: ConsoleWriter[numRows=20, truncate=true]]. The input RDD has 1 partitions.
[2024-06-27T08:13:13.888+0000] {docker.py:436} INFO - 24/06/27 08:13:13 INFO SparkContext: Starting job: start at NativeMethodAccessorImpl.java:0
[2024-06-27T08:13:13.889+0000] {docker.py:436} INFO - 24/06/27 08:13:13 INFO DAGScheduler: Got job 1 (start at NativeMethodAccessorImpl.java:0) with 1 output partitions
[2024-06-27T08:13:13.889+0000] {docker.py:436} INFO - 24/06/27 08:13:13 INFO DAGScheduler: Final stage: ResultStage 1 (start at NativeMethodAccessorImpl.java:0)
[2024-06-27T08:13:13.889+0000] {docker.py:436} INFO - 24/06/27 08:13:13 INFO DAGScheduler: Parents of final stage: List()
[2024-06-27T08:13:13.890+0000] {docker.py:436} INFO - 24/06/27 08:13:13 INFO DAGScheduler: Missing parents: List()
[2024-06-27T08:13:13.890+0000] {docker.py:436} INFO - 24/06/27 08:13:13 INFO DAGScheduler: Submitting ResultStage 1 (MapPartitionsRDD[5] at start at NativeMethodAccessorImpl.java:0), which has no missing parents
[2024-06-27T08:13:13.897+0000] {docker.py:436} INFO - 24/06/27 08:13:13 INFO MemoryStore: Block broadcast_1 stored as values in memory (estimated size 9.4 KiB, free 434.4 MiB)
[2024-06-27T08:13:13.903+0000] {docker.py:436} INFO - 24/06/27 08:13:13 INFO MemoryStore: Block broadcast_1_piece0 stored as bytes in memory (estimated size 4.6 KiB, free 434.4 MiB)
[2024-06-27T08:13:13.906+0000] {docker.py:436} INFO - 24/06/27 08:13:13 INFO BlockManagerInfo: Added broadcast_1_piece0 in memory on localhost:40025 (size: 4.6 KiB, free: 434.4 MiB)
[2024-06-27T08:13:13.917+0000] {docker.py:436} INFO - 24/06/27 08:13:13 INFO SparkContext: Created broadcast 1 from broadcast at DAGScheduler.scala:1585
[2024-06-27T08:13:13.918+0000] {docker.py:436} INFO - 24/06/27 08:13:13 INFO DAGScheduler: Submitting 1 missing tasks from ResultStage 1 (MapPartitionsRDD[5] at start at NativeMethodAccessorImpl.java:0) (first 15 tasks are for partitions Vector(0))
[2024-06-27T08:13:13.919+0000] {docker.py:436} INFO - 24/06/27 08:13:13 INFO TaskSchedulerImpl: Adding task set 1.0 with 1 tasks resource profile 0
[2024-06-27T08:13:13.922+0000] {docker.py:436} INFO - 24/06/27 08:13:13 INFO TaskSetManager: Starting task 0.0 in stage 1.0 (TID 1) (localhost, executor driver, partition 0, PROCESS_LOCAL, 11070 bytes)
[2024-06-27T08:13:13.925+0000] {docker.py:436} INFO - 24/06/27 08:13:13 INFO Executor: Running task 0.0 in stage 1.0 (TID 1)
[2024-06-27T08:13:13.960+0000] {docker.py:436} INFO - 24/06/27 08:13:13 INFO KafkaConsumer: [Consumer clientId=consumer-spark-kafka-source-f0eb13a8-a1fb-46ac-b935-67aa0e54acac-853062359-executor-1, groupId=spark-kafka-source-f0eb13a8-a1fb-46ac-b935-67aa0e54acac-853062359-executor] Seeking to offset 50 for partition store_source_data-0
[2024-06-27T08:13:13.965+0000] {docker.py:436} INFO - 24/06/27 08:13:13 INFO SubscriptionState: [Consumer clientId=consumer-spark-kafka-source-f0eb13a8-a1fb-46ac-b935-67aa0e54acac-853062359-executor-1, groupId=spark-kafka-source-f0eb13a8-a1fb-46ac-b935-67aa0e54acac-853062359-executor] Seeking to EARLIEST offset of partition store_source_data-0
[2024-06-27T08:13:14.468+0000] {docker.py:436} INFO - 24/06/27 08:13:14 INFO SubscriptionState: [Consumer clientId=consumer-spark-kafka-source-f0eb13a8-a1fb-46ac-b935-67aa0e54acac-853062359-executor-1, groupId=spark-kafka-source-f0eb13a8-a1fb-46ac-b935-67aa0e54acac-853062359-executor] Resetting offset for partition store_source_data-0 to position FetchPosition{offset=8, offsetEpoch=Optional.empty, currentLeader=LeaderAndEpoch{leader=Optional[kafka:9092 (id: 0 rack: null)], epoch=8}}.
24/06/27 08:13:14 INFO SubscriptionState: [Consumer clientId=consumer-spark-kafka-source-f0eb13a8-a1fb-46ac-b935-67aa0e54acac-853062359-executor-1, groupId=spark-kafka-source-f0eb13a8-a1fb-46ac-b935-67aa0e54acac-853062359-executor] Seeking to LATEST offset of partition store_source_data-0
[2024-06-27T08:13:14.469+0000] {docker.py:436} INFO - 24/06/27 08:13:14 INFO SubscriptionState: [Consumer clientId=consumer-spark-kafka-source-f0eb13a8-a1fb-46ac-b935-67aa0e54acac-853062359-executor-1, groupId=spark-kafka-source-f0eb13a8-a1fb-46ac-b935-67aa0e54acac-853062359-executor] Resetting offset for partition store_source_data-0 to position FetchPosition{offset=51, offsetEpoch=Optional.empty, currentLeader=LeaderAndEpoch{leader=Optional[kafka:9092 (id: 0 rack: null)], epoch=8}}.
[2024-06-27T08:13:14.470+0000] {docker.py:436} INFO - 24/06/27 08:13:14 INFO DataWritingSparkTask: Writer for partition 0 is committing.
[2024-06-27T08:13:14.471+0000] {docker.py:436} INFO - 24/06/27 08:13:14 INFO DataWritingSparkTask: Committed partition 0 (task 1, attempt 0, stage 1.0)
[2024-06-27T08:13:14.475+0000] {docker.py:436} INFO - 24/06/27 08:13:14 INFO Executor: Finished task 0.0 in stage 1.0 (TID 1). 2148 bytes result sent to driver
[2024-06-27T08:13:14.479+0000] {docker.py:436} INFO - 24/06/27 08:13:14 INFO TaskSetManager: Finished task 0.0 in stage 1.0 (TID 1) in 558 ms on localhost (executor driver) (1/1)
[2024-06-27T08:13:14.486+0000] {docker.py:436} INFO - 24/06/27 08:13:14 INFO TaskSchedulerImpl: Removed TaskSet 1.0, whose tasks have all completed, from pool 
24/06/27 08:13:14 INFO DAGScheduler: ResultStage 1 (start at NativeMethodAccessorImpl.java:0) finished in 0.589 s
24/06/27 08:13:14 INFO DAGScheduler: Job 1 is finished. Cancelling potential speculative or zombie tasks for this job
24/06/27 08:13:14 INFO TaskSchedulerImpl: Killing all running tasks in stage 1: Stage finished
24/06/27 08:13:14 INFO DAGScheduler: Job 1 finished: start at NativeMethodAccessorImpl.java:0, took 0.601239 s
[2024-06-27T08:13:14.487+0000] {docker.py:436} INFO - 24/06/27 08:13:14 INFO WriteToDataSourceV2Exec: Data source write support MicroBatchWrite[epoch: 1, writer: ConsoleWriter[numRows=20, truncate=true]] is committing.
[2024-06-27T08:13:14.488+0000] {docker.py:436} INFO - -------------------------------------------
Batch: 1
[2024-06-27T08:13:14.489+0000] {docker.py:436} INFO - -------------------------------------------
[2024-06-27T08:13:14.544+0000] {docker.py:436} INFO - +-------------------------+
|substring(value, 15, 100)|
+-------------------------+
|     [{"item_purchased...|
+-------------------------+
[2024-06-27T08:13:14.546+0000] {docker.py:436} INFO - 24/06/27 08:13:14 INFO WriteToDataSourceV2Exec: Data source write support MicroBatchWrite[epoch: 1, writer: ConsoleWriter[numRows=20, truncate=true]] committed.
[2024-06-27T08:13:14.571+0000] {docker.py:436} INFO - 24/06/27 08:13:14 INFO CheckpointFileManager: Writing atomically to file:/tmp/temporary-269983dc-0a19-4c80-90c0-bb123ef5bbca/commits/1 using temp file file:/tmp/temporary-269983dc-0a19-4c80-90c0-bb123ef5bbca/commits/.1.a5743e54-9ec8-4667-b8e2-cbe2a4a1d903.tmp
[2024-06-27T08:13:14.691+0000] {docker.py:436} INFO - 24/06/27 08:13:14 INFO CheckpointFileManager: Renamed temp file file:/tmp/temporary-269983dc-0a19-4c80-90c0-bb123ef5bbca/commits/.1.a5743e54-9ec8-4667-b8e2-cbe2a4a1d903.tmp to file:/tmp/temporary-269983dc-0a19-4c80-90c0-bb123ef5bbca/commits/1
[2024-06-27T08:13:14.701+0000] {docker.py:436} INFO - 24/06/27 08:13:14 INFO MicroBatchExecution: Streaming query made progress: {
  "id" : "1a39a240-3f5d-48b5-bcab-8bcaa2886fb9",
  "runId" : "d1acd8ba-ea2a-426d-bcfc-c43e97983c12",
  "name" : null,
  "timestamp" : "2024-06-27T08:13:13.137Z",
  "batchId" : 1,
  "numInputRows" : 1,
  "inputRowsPerSecond" : 71.42857142857143,
  "processedRowsPerSecond" : 0.6414368184733804,
  "durationMs" : {
    "addBatch" : 954,
    "commitOffsets" : 143,
    "getBatch" : 0,
    "latestOffset" : 7,
    "queryPlanning" : 273,
    "triggerExecution" : 1559,
    "walCommit" : 130
  },
  "stateOperators" : [ ],
  "sources" : [ {
    "description" : "KafkaV2[Subscribe[store_source_data]]",
    "startOffset" : {
      "store_source_data" : {
        "0" : 50
      }
    },
    "endOffset" : {
      "store_source_data" : {
        "0" : 51
      }
    },
    "latestOffset" : {
      "store_source_data" : {
        "0" : 51
      }
    },
    "numInputRows" : 1,
    "inputRowsPerSecond" : 71.42857142857143,
    "processedRowsPerSecond" : 0.6414368184733804,
    "metrics" : {
      "avgOffsetsBehindLatest" : "0.0",
      "maxOffsetsBehindLatest" : "0",
      "minOffsetsBehindLatest" : "0"
    }
  } ],
  "sink" : {
    "description" : "org.apache.spark.sql.execution.streaming.ConsoleTable$@1dcdb5b7",
    "numOutputRows" : 1
  }
}
[2024-06-27T08:13:21.666+0000] {docker.py:436} INFO - 24/06/27 08:13:21 INFO BlockManagerInfo: Removed broadcast_1_piece0 on localhost:40025 in memory (size: 4.6 KiB, free: 434.4 MiB)
[2024-06-27T08:13:24.702+0000] {docker.py:436} INFO - 24/06/27 08:13:24 INFO MicroBatchExecution: Streaming query has been idle and waiting for new data more than 10000 ms.
[2024-06-27T08:13:33.805+0000] {local_task_job_runner.py:310} WARNING - State of this instance has been externally set to failed. Terminating instance.
[2024-06-27T08:13:33.806+0000] {local_task_job_runner.py:222} INFO - ::endgroup::
[2024-06-27T08:13:33.809+0000] {process_utils.py:132} INFO - Sending 15 to group 1198. PIDs of all processes in the group: [1198]
[2024-06-27T08:13:33.809+0000] {process_utils.py:87} INFO - Sending the signal 15 to group 1198
[2024-06-27T08:13:33.809+0000] {taskinstance.py:2611} ERROR - Received SIGTERM. Terminating subprocesses.
[2024-06-27T08:13:33.810+0000] {docker.py:528} INFO - Stopping docker container
[2024-06-27T08:13:34.696+0000] {taskinstance.py:441} INFO - ::group::Post task execution logs
[2024-06-27T08:13:34.749+0000] {process_utils.py:80} INFO - Process psutil.Process(pid=1198, status='terminated', exitcode=0, started='08:11:01') (1198) terminated with exit code 0
