[2024-06-27T08:09:03.263+0000] {local_task_job_runner.py:120} INFO - ::group::Pre task execution logs
[2024-06-27T08:09:03.310+0000] {taskinstance.py:2076} INFO - Dependencies all met for dep_context=non-requeueable deps ti=<TaskInstance: Stage_1.run_bronze_job manual__2024-06-27T08:08:55.081433+00:00 [queued]>
[2024-06-27T08:09:03.322+0000] {taskinstance.py:2076} INFO - Dependencies all met for dep_context=requeueable deps ti=<TaskInstance: Stage_1.run_bronze_job manual__2024-06-27T08:08:55.081433+00:00 [queued]>
[2024-06-27T08:09:03.322+0000] {taskinstance.py:2306} INFO - Starting attempt 1 of 1
[2024-06-27T08:09:03.339+0000] {taskinstance.py:2330} INFO - Executing <Task(DockerOperator): run_bronze_job> on 2024-06-27 08:08:55.081433+00:00
[2024-06-27T08:09:03.347+0000] {logging_mixin.py:188} WARNING - /home/***/.local/lib/python3.12/site-packages/***/task/task_runner/standard_task_runner.py:61 DeprecationWarning: This process (pid=1166) is multi-threaded, use of fork() may lead to deadlocks in the child.
[2024-06-27T08:09:03.348+0000] {standard_task_runner.py:63} INFO - Started process 1167 to run task
[2024-06-27T08:09:03.347+0000] {standard_task_runner.py:90} INFO - Running: ['***', 'tasks', 'run', 'Stage_1', 'run_bronze_job', 'manual__2024-06-27T08:08:55.081433+00:00', '--job-id', '241', '--raw', '--subdir', 'DAGS_FOLDER/kafka_dag.py', '--cfg-path', '/tmp/tmpf4hcn0xa']
[2024-06-27T08:09:03.349+0000] {standard_task_runner.py:91} INFO - Job 241: Subtask run_bronze_job
[2024-06-27T08:09:03.363+0000] {logging_mixin.py:188} WARNING - /home/***/.local/lib/python3.12/site-packages/***/settings.py:195 DeprecationWarning: The sql_alchemy_conn option in [core] has been moved to the sql_alchemy_conn option in [database] - the old setting has been used, but please update your config.
[2024-06-27T08:09:03.397+0000] {task_command.py:426} INFO - Running <TaskInstance: Stage_1.run_bronze_job manual__2024-06-27T08:08:55.081433+00:00 [running]> on host 08bfa8b73cac
[2024-06-27T08:09:03.502+0000] {taskinstance.py:2648} INFO - Exporting env vars: AIRFLOW_CTX_DAG_OWNER='***' AIRFLOW_CTX_DAG_ID='Stage_1' AIRFLOW_CTX_TASK_ID='run_bronze_job' AIRFLOW_CTX_EXECUTION_DATE='2024-06-27T08:08:55.081433+00:00' AIRFLOW_CTX_TRY_NUMBER='1' AIRFLOW_CTX_DAG_RUN_ID='manual__2024-06-27T08:08:55.081433+00:00'
[2024-06-27T08:09:03.503+0000] {taskinstance.py:430} INFO - ::endgroup::
[2024-06-27T08:09:03.538+0000] {docker.py:366} INFO - Starting docker container from image bitnami/spark:latest
[2024-06-27T08:09:03.542+0000] {docker.py:374} WARNING - Using remote engine or docker-in-docker and mounting temporary volume from host is not supported. Falling back to `mount_tmp_dir=False` mode. You can set `mount_tmp_dir` parameter to False to disable mounting and remove the warning
[2024-06-27T08:09:04.014+0000] {docker.py:436} INFO - [38;5;6mspark [38;5;5m08:09:04.01 [0m[38;5;2mINFO [0m ==>
[2024-06-27T08:09:04.016+0000] {docker.py:436} INFO - [38;5;6mspark [38;5;5m08:09:04.01 [0m[38;5;2mINFO [0m ==> [1mWelcome to the Bitnami spark container[0m
[2024-06-27T08:09:04.018+0000] {docker.py:436} INFO - [38;5;6mspark [38;5;5m08:09:04.01 [0m[38;5;2mINFO [0m ==> Subscribe to project updates by watching [1mhttps://github.com/bitnami/containers[0m
[2024-06-27T08:09:04.020+0000] {docker.py:436} INFO - [38;5;6mspark [38;5;5m08:09:04.01 [0m[38;5;2mINFO [0m ==> Submit issues and feature requests at [1mhttps://github.com/bitnami/containers/issues[0m
[2024-06-27T08:09:04.022+0000] {docker.py:436} INFO - [38;5;6mspark [38;5;5m08:09:04.02 [0m[38;5;2mINFO [0m ==> Upgrade to Tanzu Application Catalog for production environments to access custom-configured and pre-packaged software components. Gain enhanced features, including Software Bill of Materials (SBOM), CVE scan result reports, and VEX documents. To learn more, visit [1mhttps://bitnami.com/enterprise[0m
[2024-06-27T08:09:04.024+0000] {docker.py:436} INFO - [38;5;6mspark [38;5;5m08:09:04.02 [0m[38;5;2mINFO [0m ==>
[2024-06-27T08:09:04.031+0000] {docker.py:436} INFO - 
[2024-06-27T08:09:06.535+0000] {docker.py:436} INFO - :: loading settings :: url = jar:file:/opt/bitnami/spark/jars/ivy-2.5.1.jar!/org/apache/ivy/core/settings/ivysettings.xml
[2024-06-27T08:09:06.663+0000] {docker.py:436} INFO - Ivy Default Cache set to: /opt/bitnami/spark/.ivy2/cache
The jars for the packages stored in: /opt/bitnami/spark/.ivy2/jars
[2024-06-27T08:09:06.677+0000] {docker.py:436} INFO - org.apache.spark#spark-sql-kafka-0-10_2.12 added as a dependency
org.postgresql#postgresql added as a dependency
:: resolving dependencies :: org.apache.spark#spark-submit-parent-08f9fe09-f4f5-45fa-89a9-2c50f72a0d01;1.0
	confs: [default]
[2024-06-27T08:09:08.681+0000] {docker.py:436} INFO - found org.apache.spark#spark-sql-kafka-0-10_2.12;3.3.0 in central
[2024-06-27T08:09:09.097+0000] {docker.py:436} INFO - found org.apache.spark#spark-token-provider-kafka-0-10_2.12;3.3.0 in central
[2024-06-27T08:09:09.178+0000] {docker.py:436} INFO - found org.apache.kafka#kafka-clients;2.8.1 in central
[2024-06-27T08:09:09.241+0000] {docker.py:436} INFO - found org.lz4#lz4-java;1.8.0 in central
[2024-06-27T08:09:09.300+0000] {docker.py:436} INFO - found org.xerial.snappy#snappy-java;1.1.8.4 in central
[2024-06-27T08:09:10.198+0000] {docker.py:436} INFO - found org.slf4j#slf4j-api;1.7.32 in central
[2024-06-27T08:09:10.560+0000] {docker.py:436} INFO - found org.apache.hadoop#hadoop-client-runtime;3.3.2 in central
[2024-06-27T08:09:10.713+0000] {docker.py:436} INFO - found org.spark-project.spark#unused;1.0.0 in central
[2024-06-27T08:09:10.832+0000] {docker.py:436} INFO - found org.apache.hadoop#hadoop-client-api;3.3.2 in central
[2024-06-27T08:09:11.727+0000] {docker.py:436} INFO - found commons-logging#commons-logging;1.1.3 in central
[2024-06-27T08:09:11.811+0000] {docker.py:436} INFO - found com.google.code.findbugs#jsr305;3.0.0 in central
[2024-06-27T08:09:12.330+0000] {docker.py:436} INFO - found org.apache.commons#commons-pool2;2.11.1 in central
[2024-06-27T08:09:13.391+0000] {docker.py:436} INFO - found org.postgresql#postgresql;42.2.2 in central
[2024-06-27T08:09:13.415+0000] {docker.py:436} INFO - downloading https://repo1.maven.org/maven2/org/apache/spark/spark-sql-kafka-0-10_2.12/3.3.0/spark-sql-kafka-0-10_2.12-3.3.0.jar ...
[2024-06-27T08:09:13.480+0000] {docker.py:436} INFO - [SUCCESSFUL ] org.apache.spark#spark-sql-kafka-0-10_2.12;3.3.0!spark-sql-kafka-0-10_2.12.jar (75ms)
[2024-06-27T08:09:13.491+0000] {docker.py:436} INFO - downloading https://repo1.maven.org/maven2/org/postgresql/postgresql/42.2.2/postgresql-42.2.2.jar ...
[2024-06-27T08:09:13.589+0000] {docker.py:436} INFO - [SUCCESSFUL ] org.postgresql#postgresql;42.2.2!postgresql.jar(bundle) (107ms)
[2024-06-27T08:09:13.599+0000] {docker.py:436} INFO - downloading https://repo1.maven.org/maven2/org/apache/spark/spark-token-provider-kafka-0-10_2.12/3.3.0/spark-token-provider-kafka-0-10_2.12-3.3.0.jar ...
[2024-06-27T08:09:13.622+0000] {docker.py:436} INFO - [SUCCESSFUL ] org.apache.spark#spark-token-provider-kafka-0-10_2.12;3.3.0!spark-token-provider-kafka-0-10_2.12.jar (32ms)
[2024-06-27T08:09:13.633+0000] {docker.py:436} INFO - downloading https://repo1.maven.org/maven2/org/apache/kafka/kafka-clients/2.8.1/kafka-clients-2.8.1.jar ...
[2024-06-27T08:09:14.194+0000] {docker.py:436} INFO - [SUCCESSFUL ] org.apache.kafka#kafka-clients;2.8.1!kafka-clients.jar (570ms)
[2024-06-27T08:09:14.203+0000] {docker.py:436} INFO - downloading https://repo1.maven.org/maven2/com/google/code/findbugs/jsr305/3.0.0/jsr305-3.0.0.jar ...
[2024-06-27T08:09:14.218+0000] {docker.py:436} INFO - [SUCCESSFUL ] com.google.code.findbugs#jsr305;3.0.0!jsr305.jar (23ms)
[2024-06-27T08:09:14.231+0000] {docker.py:436} INFO - downloading https://repo1.maven.org/maven2/org/apache/commons/commons-pool2/2.11.1/commons-pool2-2.11.1.jar ...
[2024-06-27T08:09:14.254+0000] {docker.py:436} INFO - [SUCCESSFUL ] org.apache.commons#commons-pool2;2.11.1!commons-pool2.jar (35ms)
[2024-06-27T08:09:14.266+0000] {docker.py:436} INFO - downloading https://repo1.maven.org/maven2/org/spark-project/spark/unused/1.0.0/unused-1.0.0.jar ...
[2024-06-27T08:09:14.277+0000] {docker.py:436} INFO - [SUCCESSFUL ] org.spark-project.spark#unused;1.0.0!unused.jar (22ms)
[2024-06-27T08:09:14.288+0000] {docker.py:436} INFO - downloading https://repo1.maven.org/maven2/org/apache/hadoop/hadoop-client-runtime/3.3.2/hadoop-client-runtime-3.3.2.jar ...
[2024-06-27T08:09:18.390+0000] {docker.py:436} INFO - [SUCCESSFUL ] org.apache.hadoop#hadoop-client-runtime;3.3.2!hadoop-client-runtime.jar (4110ms)
[2024-06-27T08:09:18.458+0000] {docker.py:436} INFO - downloading https://repo1.maven.org/maven2/org/lz4/lz4-java/1.8.0/lz4-java-1.8.0.jar ...
[2024-06-27T08:09:18.630+0000] {docker.py:436} INFO - [SUCCESSFUL ] org.lz4#lz4-java;1.8.0!lz4-java.jar (238ms)
[2024-06-27T08:09:18.649+0000] {docker.py:436} INFO - downloading https://repo1.maven.org/maven2/org/xerial/snappy/snappy-java/1.1.8.4/snappy-java-1.1.8.4.jar ...
[2024-06-27T08:09:18.910+0000] {docker.py:436} INFO - [SUCCESSFUL ] org.xerial.snappy#snappy-java;1.1.8.4!snappy-java.jar(bundle) (276ms)
[2024-06-27T08:09:18.919+0000] {docker.py:436} INFO - downloading https://repo1.maven.org/maven2/org/slf4j/slf4j-api/1.7.32/slf4j-api-1.7.32.jar ...
[2024-06-27T08:09:18.935+0000] {docker.py:436} INFO - [SUCCESSFUL ] org.slf4j#slf4j-api;1.7.32!slf4j-api.jar (25ms)
[2024-06-27T08:09:18.945+0000] {docker.py:436} INFO - downloading https://repo1.maven.org/maven2/org/apache/hadoop/hadoop-client-api/3.3.2/hadoop-client-api-3.3.2.jar ...
[2024-06-27T08:09:21.228+0000] {docker.py:436} INFO - [SUCCESSFUL ] org.apache.hadoop#hadoop-client-api;3.3.2!hadoop-client-api.jar (2291ms)
[2024-06-27T08:09:21.239+0000] {docker.py:436} INFO - downloading https://repo1.maven.org/maven2/commons-logging/commons-logging/1.1.3/commons-logging-1.1.3.jar ...
[2024-06-27T08:09:21.260+0000] {docker.py:436} INFO - [SUCCESSFUL ] commons-logging#commons-logging;1.1.3!commons-logging.jar (31ms)
[2024-06-27T08:09:21.261+0000] {docker.py:436} INFO - :: resolution report :: resolve 6727ms :: artifacts dl 7857ms
[2024-06-27T08:09:21.261+0000] {docker.py:436} INFO - :: modules in use:
[2024-06-27T08:09:21.262+0000] {docker.py:436} INFO - com.google.code.findbugs#jsr305;3.0.0 from central in [default]
[2024-06-27T08:09:21.262+0000] {docker.py:436} INFO - commons-logging#commons-logging;1.1.3 from central in [default]
[2024-06-27T08:09:21.263+0000] {docker.py:436} INFO - org.apache.commons#commons-pool2;2.11.1 from central in [default]
[2024-06-27T08:09:21.263+0000] {docker.py:436} INFO - org.apache.hadoop#hadoop-client-api;3.3.2 from central in [default]
[2024-06-27T08:09:21.263+0000] {docker.py:436} INFO - org.apache.hadoop#hadoop-client-runtime;3.3.2 from central in [default]
[2024-06-27T08:09:21.264+0000] {docker.py:436} INFO - org.apache.kafka#kafka-clients;2.8.1 from central in [default]
[2024-06-27T08:09:21.264+0000] {docker.py:436} INFO - org.apache.spark#spark-sql-kafka-0-10_2.12;3.3.0 from central in [default]
[2024-06-27T08:09:21.264+0000] {docker.py:436} INFO - org.apache.spark#spark-token-provider-kafka-0-10_2.12;3.3.0 from central in [default]
[2024-06-27T08:09:21.265+0000] {docker.py:436} INFO - org.lz4#lz4-java;1.8.0 from central in [default]
[2024-06-27T08:09:21.265+0000] {docker.py:436} INFO - org.postgresql#postgresql;42.2.2 from central in [default]
[2024-06-27T08:09:21.266+0000] {docker.py:436} INFO - org.slf4j#slf4j-api;1.7.32 from central in [default]
[2024-06-27T08:09:21.266+0000] {docker.py:436} INFO - org.spark-project.spark#unused;1.0.0 from central in [default]
[2024-06-27T08:09:21.267+0000] {docker.py:436} INFO - org.xerial.snappy#snappy-java;1.1.8.4 from central in [default]
[2024-06-27T08:09:21.267+0000] {docker.py:436} INFO - ---------------------------------------------------------------------
[2024-06-27T08:09:21.267+0000] {docker.py:436} INFO - |                  |            modules            ||   artifacts   |
[2024-06-27T08:09:21.268+0000] {docker.py:436} INFO - |       conf       | number| search|dwnlded|evicted|| number|dwnlded|
	---------------------------------------------------------------------
[2024-06-27T08:09:21.268+0000] {docker.py:436} INFO - |      default     |   13  |   13  |   13  |   0   ||   13  |   13  |
	---------------------------------------------------------------------
[2024-06-27T08:09:21.272+0000] {docker.py:436} INFO - :: retrieving :: org.apache.spark#spark-submit-parent-08f9fe09-f4f5-45fa-89a9-2c50f72a0d01
[2024-06-27T08:09:21.273+0000] {docker.py:436} INFO - confs: [default]
[2024-06-27T08:09:21.396+0000] {docker.py:436} INFO - 13 artifacts copied, 0 already retrieved (57403kB/123ms)
[2024-06-27T08:09:21.781+0000] {docker.py:436} INFO - 24/06/27 08:09:21 WARN NativeCodeLoader: Unable to load native-hadoop library for your platform... using builtin-java classes where applicable
[2024-06-27T08:09:22.437+0000] {docker.py:436} INFO - File "/opt/bitnami/spark/scripts/spark_bronze_layer.py", line 124
    final_df=final_df.select(F.substring(col("value"),11,F.length(col("value")) - 10))))
                                                                                      ^
SyntaxError: unmatched ')'
[2024-06-27T08:09:22.455+0000] {docker.py:436} INFO - 24/06/27 08:09:22 INFO ShutdownHookManager: Shutdown hook called
[2024-06-27T08:09:22.456+0000] {docker.py:436} INFO - 24/06/27 08:09:22 INFO ShutdownHookManager: Deleting directory /tmp/spark-332f62b3-f677-4197-8b82-33988fdc63f6
[2024-06-27T08:09:24.554+0000] {taskinstance.py:441} INFO - ::group::Post task execution logs
[2024-06-27T08:09:24.572+0000] {taskinstance.py:2905} ERROR - Task failed with exception
Traceback (most recent call last):
  File "/home/airflow/.local/lib/python3.12/site-packages/docker/api/client.py", line 265, in _raise_for_status
    response.raise_for_status()
  File "/home/airflow/.local/lib/python3.12/site-packages/requests/models.py", line 1021, in raise_for_status
    raise HTTPError(http_error_msg, response=self)
requests.exceptions.HTTPError: 400 Client Error: Bad Request for url: http://docker-proxy:2375/v1.45/containers/create

The above exception was the direct cause of the following exception:

Traceback (most recent call last):
  File "/home/airflow/.local/lib/python3.12/site-packages/airflow/providers/docker/operators/docker.py", line 371, in _run_image
    return self._run_image_with_mounts([*self.mounts, tmp_mount], add_tmp_variable=True)
           ^^^^^^^^^^^^^^^^^^^^^^^^^^^^^^^^^^^^^^^^^^^^^^^^^^^^^^^^^^^^^^^^^^^^^^^^^^^^^
  File "/home/airflow/.local/lib/python3.12/site-packages/airflow/providers/docker/operators/docker.py", line 398, in _run_image_with_mounts
    self.container = self.cli.create_container(
                     ^^^^^^^^^^^^^^^^^^^^^^^^^^
  File "/home/airflow/.local/lib/python3.12/site-packages/docker/api/container.py", line 439, in create_container
    return self.create_container_from_config(config, name, platform)
           ^^^^^^^^^^^^^^^^^^^^^^^^^^^^^^^^^^^^^^^^^^^^^^^^^^^^^^^^^
  File "/home/airflow/.local/lib/python3.12/site-packages/docker/api/container.py", line 456, in create_container_from_config
    return self._result(res, True)
           ^^^^^^^^^^^^^^^^^^^^^^^
  File "/home/airflow/.local/lib/python3.12/site-packages/docker/api/client.py", line 271, in _result
    self._raise_for_status(response)
  File "/home/airflow/.local/lib/python3.12/site-packages/docker/api/client.py", line 267, in _raise_for_status
    raise create_api_error_from_http_exception(e) from e
          ^^^^^^^^^^^^^^^^^^^^^^^^^^^^^^^^^^^^^^^
  File "/home/airflow/.local/lib/python3.12/site-packages/docker/errors.py", line 39, in create_api_error_from_http_exception
    raise cls(e, response=response, explanation=explanation) from e
docker.errors.APIError: 400 Client Error for http://docker-proxy:2375/v1.45/containers/create: Bad Request ("invalid mount config for type "bind": bind source path does not exist: /tmp/airflowtmpy_279p7t")

During handling of the above exception, another exception occurred:

Traceback (most recent call last):
  File "/home/airflow/.local/lib/python3.12/site-packages/airflow/models/taskinstance.py", line 465, in _execute_task
    result = _execute_callable(context=context, **execute_callable_kwargs)
             ^^^^^^^^^^^^^^^^^^^^^^^^^^^^^^^^^^^^^^^^^^^^^^^^^^^^^^^^^^^^^
  File "/home/airflow/.local/lib/python3.12/site-packages/airflow/models/taskinstance.py", line 432, in _execute_callable
    return execute_callable(context=context, **execute_callable_kwargs)
           ^^^^^^^^^^^^^^^^^^^^^^^^^^^^^^^^^^^^^^^^^^^^^^^^^^^^^^^^^^^^
  File "/home/airflow/.local/lib/python3.12/site-packages/airflow/models/baseoperator.py", line 400, in wrapper
    return func(self, *args, **kwargs)
           ^^^^^^^^^^^^^^^^^^^^^^^^^^^
  File "/home/airflow/.local/lib/python3.12/site-packages/airflow/providers/docker/operators/docker.py", line 509, in execute
    return self._run_image()
           ^^^^^^^^^^^^^^^^^
  File "/home/airflow/.local/lib/python3.12/site-packages/airflow/providers/docker/operators/docker.py", line 380, in _run_image
    return self._run_image_with_mounts(self.mounts, add_tmp_variable=False)
           ^^^^^^^^^^^^^^^^^^^^^^^^^^^^^^^^^^^^^^^^^^^^^^^^^^^^^^^^^^^^^^^^
  File "/home/airflow/.local/lib/python3.12/site-packages/airflow/providers/docker/operators/docker.py", line 444, in _run_image_with_mounts
    raise DockerContainerFailedException(f"Docker container failed: {result!r}", logs=log_lines)
airflow.providers.docker.exceptions.DockerContainerFailedException: Docker container failed: {'StatusCode': 1}
[2024-06-27T08:09:24.582+0000] {taskinstance.py:1206} INFO - Marking task as FAILED. dag_id=Stage_1, task_id=run_bronze_job, run_id=manual__2024-06-27T08:08:55.081433+00:00, execution_date=20240627T080855, start_date=20240627T080903, end_date=20240627T080924
[2024-06-27T08:09:24.600+0000] {standard_task_runner.py:110} ERROR - Failed to execute job 241 for task run_bronze_job (Docker container failed: {'StatusCode': 1}; 1167)
[2024-06-27T08:09:24.627+0000] {local_task_job_runner.py:240} INFO - Task exited with return code 1
[2024-06-27T08:09:24.647+0000] {taskinstance.py:3498} INFO - 0 downstream tasks scheduled from follow-on schedule check
[2024-06-27T08:09:24.649+0000] {local_task_job_runner.py:222} INFO - ::endgroup::
