[2024-07-02T19:32:42.370+0000] {local_task_job_runner.py:120} INFO - ::group::Pre task execution logs
[2024-07-02T19:32:42.407+0000] {taskinstance.py:2076} INFO - Dependencies all met for dep_context=non-requeueable deps ti=<TaskInstance: purchase_dag.table_creation manual__2024-07-02T19:32:39.085640+00:00 [queued]>
[2024-07-02T19:32:42.419+0000] {taskinstance.py:2076} INFO - Dependencies all met for dep_context=requeueable deps ti=<TaskInstance: purchase_dag.table_creation manual__2024-07-02T19:32:39.085640+00:00 [queued]>
[2024-07-02T19:32:42.419+0000] {taskinstance.py:2306} INFO - Starting attempt 1 of 1
[2024-07-02T19:32:42.436+0000] {taskinstance.py:2330} INFO - Executing <Task(PythonOperator): table_creation> on 2024-07-02 19:32:39.085640+00:00
[2024-07-02T19:32:42.444+0000] {logging_mixin.py:188} WARNING - /home/***/.local/lib/python3.12/site-packages/***/task/task_runner/standard_task_runner.py:61 DeprecationWarning: This process (pid=283) is multi-threaded, use of fork() may lead to deadlocks in the child.
[2024-07-02T19:32:42.445+0000] {standard_task_runner.py:63} INFO - Started process 284 to run task
[2024-07-02T19:32:42.443+0000] {standard_task_runner.py:90} INFO - Running: ['***', 'tasks', 'run', 'purchase_dag', 'table_creation', 'manual__2024-07-02T19:32:39.085640+00:00', '--job-id', '131', '--raw', '--subdir', 'DAGS_FOLDER/purchase_dag.py', '--cfg-path', '/tmp/tmp3avpbz9i']
[2024-07-02T19:32:42.445+0000] {standard_task_runner.py:91} INFO - Job 131: Subtask table_creation
[2024-07-02T19:32:42.460+0000] {logging_mixin.py:188} WARNING - /home/***/.local/lib/python3.12/site-packages/***/settings.py:195 DeprecationWarning: The sql_alchemy_conn option in [core] has been moved to the sql_alchemy_conn option in [database] - the old setting has been used, but please update your config.
[2024-07-02T19:32:42.496+0000] {task_command.py:426} INFO - Running <TaskInstance: purchase_dag.table_creation manual__2024-07-02T19:32:39.085640+00:00 [running]> on host c87667283844
[2024-07-02T19:32:42.601+0000] {taskinstance.py:2648} INFO - Exporting env vars: AIRFLOW_CTX_DAG_OWNER='***' AIRFLOW_CTX_DAG_ID='purchase_dag' AIRFLOW_CTX_TASK_ID='table_creation' AIRFLOW_CTX_EXECUTION_DATE='2024-07-02T19:32:39.085640+00:00' AIRFLOW_CTX_TRY_NUMBER='1' AIRFLOW_CTX_DAG_RUN_ID='manual__2024-07-02T19:32:39.085640+00:00'
[2024-07-02T19:32:42.602+0000] {taskinstance.py:430} INFO - ::endgroup::
[2024-07-02T19:32:42.619+0000] {logging_mixin.py:188} INFO - Executed Bronze table creation successfully
[2024-07-02T19:32:42.620+0000] {logging_mixin.py:188} INFO - Executed Silver table creation successfully
[2024-07-02T19:32:42.621+0000] {logging_mixin.py:188} INFO - Executed Gold table creation successfully
[2024-07-02T19:32:42.622+0000] {python.py:237} INFO - Done. Returned value was: None
[2024-07-02T19:32:42.622+0000] {taskinstance.py:441} INFO - ::group::Post task execution logs
[2024-07-02T19:32:42.635+0000] {taskinstance.py:1206} INFO - Marking task as SUCCESS. dag_id=purchase_dag, task_id=table_creation, run_id=manual__2024-07-02T19:32:39.085640+00:00, execution_date=20240702T193239, start_date=20240702T193242, end_date=20240702T193242
[2024-07-02T19:32:42.659+0000] {local_task_job_runner.py:240} INFO - Task exited with return code 0
[2024-07-02T19:32:42.688+0000] {taskinstance.py:3498} INFO - 1 downstream tasks scheduled from follow-on schedule check
[2024-07-02T19:32:42.690+0000] {local_task_job_runner.py:222} INFO - ::endgroup::
