[2024-07-02T19:49:07.106+0000] {local_task_job_runner.py:120} INFO - ::group::Pre task execution logs
[2024-07-02T19:49:07.145+0000] {taskinstance.py:2076} INFO - Dependencies all met for dep_context=non-requeueable deps ti=<TaskInstance: purchase_dag.table_creation manual__2024-07-02T19:49:03.074688+00:00 [queued]>
[2024-07-02T19:49:07.155+0000] {taskinstance.py:2076} INFO - Dependencies all met for dep_context=requeueable deps ti=<TaskInstance: purchase_dag.table_creation manual__2024-07-02T19:49:03.074688+00:00 [queued]>
[2024-07-02T19:49:07.156+0000] {taskinstance.py:2306} INFO - Starting attempt 1 of 1
[2024-07-02T19:49:07.172+0000] {taskinstance.py:2330} INFO - Executing <Task(PythonOperator): table_creation> on 2024-07-02 19:49:03.074688+00:00
[2024-07-02T19:49:07.180+0000] {logging_mixin.py:188} WARNING - /home/***/.local/lib/python3.12/site-packages/***/task/task_runner/standard_task_runner.py:61 DeprecationWarning: This process (pid=175) is multi-threaded, use of fork() may lead to deadlocks in the child.
[2024-07-02T19:49:07.181+0000] {standard_task_runner.py:63} INFO - Started process 176 to run task
[2024-07-02T19:49:07.180+0000] {standard_task_runner.py:90} INFO - Running: ['***', 'tasks', 'run', 'purchase_dag', 'table_creation', 'manual__2024-07-02T19:49:03.074688+00:00', '--job-id', '150', '--raw', '--subdir', 'DAGS_FOLDER/purchase_dag.py', '--cfg-path', '/tmp/tmp7d42k5tk']
[2024-07-02T19:49:07.182+0000] {standard_task_runner.py:91} INFO - Job 150: Subtask table_creation
[2024-07-02T19:49:07.196+0000] {logging_mixin.py:188} WARNING - /home/***/.local/lib/python3.12/site-packages/***/settings.py:195 DeprecationWarning: The sql_alchemy_conn option in [core] has been moved to the sql_alchemy_conn option in [database] - the old setting has been used, but please update your config.
[2024-07-02T19:49:07.232+0000] {task_command.py:426} INFO - Running <TaskInstance: purchase_dag.table_creation manual__2024-07-02T19:49:03.074688+00:00 [running]> on host 468cca64624c
[2024-07-02T19:49:07.337+0000] {taskinstance.py:2648} INFO - Exporting env vars: AIRFLOW_CTX_DAG_OWNER='***' AIRFLOW_CTX_DAG_ID='purchase_dag' AIRFLOW_CTX_TASK_ID='table_creation' AIRFLOW_CTX_EXECUTION_DATE='2024-07-02T19:49:03.074688+00:00' AIRFLOW_CTX_TRY_NUMBER='1' AIRFLOW_CTX_DAG_RUN_ID='manual__2024-07-02T19:49:03.074688+00:00'
[2024-07-02T19:49:07.338+0000] {taskinstance.py:430} INFO - ::endgroup::
[2024-07-02T19:49:07.357+0000] {logging_mixin.py:188} INFO - Executed Bronze table creation successfully
[2024-07-02T19:49:07.358+0000] {logging_mixin.py:188} INFO - Executed Silver table creation successfully
[2024-07-02T19:49:07.358+0000] {logging_mixin.py:188} INFO - Executed Gold table creation successfully
[2024-07-02T19:49:07.359+0000] {python.py:237} INFO - Done. Returned value was: None
[2024-07-02T19:49:07.359+0000] {taskinstance.py:441} INFO - ::group::Post task execution logs
[2024-07-02T19:49:07.369+0000] {taskinstance.py:1206} INFO - Marking task as SUCCESS. dag_id=purchase_dag, task_id=table_creation, run_id=manual__2024-07-02T19:49:03.074688+00:00, execution_date=20240702T194903, start_date=20240702T194907, end_date=20240702T194907
[2024-07-02T19:49:07.395+0000] {local_task_job_runner.py:240} INFO - Task exited with return code 0
[2024-07-02T19:49:07.424+0000] {taskinstance.py:3498} INFO - 1 downstream tasks scheduled from follow-on schedule check
[2024-07-02T19:49:07.426+0000] {local_task_job_runner.py:222} INFO - ::endgroup::
