[2024-06-28T15:10:18.581+0000] {processor.py:161} INFO - Started process (PID=160) to work on /opt/airflow/dags/kafka_dag.py
[2024-06-28T15:10:18.582+0000] {processor.py:830} INFO - Processing file /opt/airflow/dags/kafka_dag.py for tasks to queue
[2024-06-28T15:10:18.585+0000] {logging_mixin.py:188} INFO - [2024-06-28T15:10:18.584+0000] {dagbag.py:545} INFO - Filling up the DagBag from /opt/airflow/dags/kafka_dag.py
[2024-06-28T15:10:18.677+0000] {processor.py:840} INFO - DAG(s) 'Stage_1' retrieved from /opt/airflow/dags/kafka_dag.py
[2024-06-28T15:10:18.704+0000] {logging_mixin.py:188} INFO - [2024-06-28T15:10:18.704+0000] {dag.py:3096} INFO - Sync 1 DAGs
[2024-06-28T15:10:18.718+0000] {logging_mixin.py:188} INFO - [2024-06-28T15:10:18.718+0000] {dag.py:3954} INFO - Setting next_dagrun for Stage_1 to None, run_after=None
[2024-06-28T15:10:18.739+0000] {processor.py:183} INFO - Processing /opt/airflow/dags/kafka_dag.py took 0.167 seconds
[2024-06-28T15:10:48.896+0000] {processor.py:161} INFO - Started process (PID=165) to work on /opt/airflow/dags/kafka_dag.py
[2024-06-28T15:10:48.899+0000] {processor.py:830} INFO - Processing file /opt/airflow/dags/kafka_dag.py for tasks to queue
[2024-06-28T15:10:48.901+0000] {logging_mixin.py:188} INFO - [2024-06-28T15:10:48.901+0000] {dagbag.py:545} INFO - Filling up the DagBag from /opt/airflow/dags/kafka_dag.py
[2024-06-28T15:10:48.964+0000] {processor.py:840} INFO - DAG(s) 'Stage_1' retrieved from /opt/airflow/dags/kafka_dag.py
[2024-06-28T15:10:49.219+0000] {logging_mixin.py:188} INFO - [2024-06-28T15:10:49.219+0000] {dag.py:3096} INFO - Sync 1 DAGs
[2024-06-28T15:10:49.232+0000] {logging_mixin.py:188} INFO - [2024-06-28T15:10:49.232+0000] {dag.py:3954} INFO - Setting next_dagrun for Stage_1 to None, run_after=None
[2024-06-28T15:10:49.251+0000] {processor.py:183} INFO - Processing /opt/airflow/dags/kafka_dag.py took 0.363 seconds
[2024-06-28T15:11:19.425+0000] {processor.py:161} INFO - Started process (PID=179) to work on /opt/airflow/dags/kafka_dag.py
[2024-06-28T15:11:19.426+0000] {processor.py:830} INFO - Processing file /opt/airflow/dags/kafka_dag.py for tasks to queue
[2024-06-28T15:11:19.430+0000] {logging_mixin.py:188} INFO - [2024-06-28T15:11:19.429+0000] {dagbag.py:545} INFO - Filling up the DagBag from /opt/airflow/dags/kafka_dag.py
[2024-06-28T15:11:19.566+0000] {processor.py:840} INFO - DAG(s) 'Stage_1' retrieved from /opt/airflow/dags/kafka_dag.py
[2024-06-28T15:11:19.626+0000] {logging_mixin.py:188} INFO - [2024-06-28T15:11:19.625+0000] {dag.py:3096} INFO - Sync 1 DAGs
[2024-06-28T15:11:19.649+0000] {logging_mixin.py:188} INFO - [2024-06-28T15:11:19.649+0000] {dag.py:3954} INFO - Setting next_dagrun for Stage_1 to None, run_after=None
[2024-06-28T15:11:19.691+0000] {processor.py:183} INFO - Processing /opt/airflow/dags/kafka_dag.py took 0.276 seconds
[2024-06-28T15:11:49.878+0000] {processor.py:161} INFO - Started process (PID=184) to work on /opt/airflow/dags/kafka_dag.py
[2024-06-28T15:11:49.884+0000] {processor.py:830} INFO - Processing file /opt/airflow/dags/kafka_dag.py for tasks to queue
[2024-06-28T15:11:49.887+0000] {logging_mixin.py:188} INFO - [2024-06-28T15:11:49.886+0000] {dagbag.py:545} INFO - Filling up the DagBag from /opt/airflow/dags/kafka_dag.py
[2024-06-28T15:11:50.059+0000] {processor.py:840} INFO - DAG(s) 'Stage_1' retrieved from /opt/airflow/dags/kafka_dag.py
[2024-06-28T15:11:50.127+0000] {logging_mixin.py:188} INFO - [2024-06-28T15:11:50.127+0000] {dag.py:3096} INFO - Sync 1 DAGs
[2024-06-28T15:11:50.161+0000] {logging_mixin.py:188} INFO - [2024-06-28T15:11:50.160+0000] {dag.py:3954} INFO - Setting next_dagrun for Stage_1 to None, run_after=None
[2024-06-28T15:11:50.214+0000] {processor.py:183} INFO - Processing /opt/airflow/dags/kafka_dag.py took 0.345 seconds
[2024-06-28T15:12:20.413+0000] {processor.py:161} INFO - Started process (PID=191) to work on /opt/airflow/dags/kafka_dag.py
[2024-06-28T15:12:20.414+0000] {processor.py:830} INFO - Processing file /opt/airflow/dags/kafka_dag.py for tasks to queue
[2024-06-28T15:12:20.418+0000] {logging_mixin.py:188} INFO - [2024-06-28T15:12:20.418+0000] {dagbag.py:545} INFO - Filling up the DagBag from /opt/airflow/dags/kafka_dag.py
[2024-06-28T15:12:20.481+0000] {processor.py:840} INFO - DAG(s) 'Stage_1' retrieved from /opt/airflow/dags/kafka_dag.py
[2024-06-28T15:12:20.509+0000] {logging_mixin.py:188} INFO - [2024-06-28T15:12:20.509+0000] {dag.py:3096} INFO - Sync 1 DAGs
[2024-06-28T15:12:20.523+0000] {logging_mixin.py:188} INFO - [2024-06-28T15:12:20.523+0000] {dag.py:3954} INFO - Setting next_dagrun for Stage_1 to None, run_after=None
[2024-06-28T15:12:20.544+0000] {processor.py:183} INFO - Processing /opt/airflow/dags/kafka_dag.py took 0.139 seconds
[2024-06-28T15:12:50.645+0000] {processor.py:161} INFO - Started process (PID=196) to work on /opt/airflow/dags/kafka_dag.py
[2024-06-28T15:12:50.647+0000] {processor.py:830} INFO - Processing file /opt/airflow/dags/kafka_dag.py for tasks to queue
[2024-06-28T15:12:50.649+0000] {logging_mixin.py:188} INFO - [2024-06-28T15:12:50.649+0000] {dagbag.py:545} INFO - Filling up the DagBag from /opt/airflow/dags/kafka_dag.py
[2024-06-28T15:12:50.715+0000] {processor.py:840} INFO - DAG(s) 'Stage_1' retrieved from /opt/airflow/dags/kafka_dag.py
[2024-06-28T15:12:50.746+0000] {logging_mixin.py:188} INFO - [2024-06-28T15:12:50.746+0000] {dag.py:3096} INFO - Sync 1 DAGs
[2024-06-28T15:12:50.761+0000] {logging_mixin.py:188} INFO - [2024-06-28T15:12:50.761+0000] {dag.py:3954} INFO - Setting next_dagrun for Stage_1 to None, run_after=None
[2024-06-28T15:12:50.781+0000] {processor.py:183} INFO - Processing /opt/airflow/dags/kafka_dag.py took 0.144 seconds
[2024-06-28T15:13:20.957+0000] {processor.py:161} INFO - Started process (PID=201) to work on /opt/airflow/dags/kafka_dag.py
[2024-06-28T15:13:20.958+0000] {processor.py:830} INFO - Processing file /opt/airflow/dags/kafka_dag.py for tasks to queue
[2024-06-28T15:13:20.960+0000] {logging_mixin.py:188} INFO - [2024-06-28T15:13:20.960+0000] {dagbag.py:545} INFO - Filling up the DagBag from /opt/airflow/dags/kafka_dag.py
[2024-06-28T15:13:21.023+0000] {processor.py:840} INFO - DAG(s) 'Stage_1' retrieved from /opt/airflow/dags/kafka_dag.py
[2024-06-28T15:13:21.051+0000] {logging_mixin.py:188} INFO - [2024-06-28T15:13:21.051+0000] {dag.py:3096} INFO - Sync 1 DAGs
[2024-06-28T15:13:21.065+0000] {logging_mixin.py:188} INFO - [2024-06-28T15:13:21.064+0000] {dag.py:3954} INFO - Setting next_dagrun for Stage_1 to None, run_after=None
[2024-06-28T15:13:21.087+0000] {processor.py:183} INFO - Processing /opt/airflow/dags/kafka_dag.py took 0.136 seconds
[2024-06-28T15:13:51.206+0000] {processor.py:161} INFO - Started process (PID=206) to work on /opt/airflow/dags/kafka_dag.py
[2024-06-28T15:13:51.209+0000] {processor.py:830} INFO - Processing file /opt/airflow/dags/kafka_dag.py for tasks to queue
[2024-06-28T15:13:51.211+0000] {logging_mixin.py:188} INFO - [2024-06-28T15:13:51.211+0000] {dagbag.py:545} INFO - Filling up the DagBag from /opt/airflow/dags/kafka_dag.py
[2024-06-28T15:13:51.278+0000] {processor.py:840} INFO - DAG(s) 'Stage_1' retrieved from /opt/airflow/dags/kafka_dag.py
[2024-06-28T15:13:51.304+0000] {logging_mixin.py:188} INFO - [2024-06-28T15:13:51.304+0000] {dag.py:3096} INFO - Sync 1 DAGs
[2024-06-28T15:13:51.318+0000] {logging_mixin.py:188} INFO - [2024-06-28T15:13:51.318+0000] {dag.py:3954} INFO - Setting next_dagrun for Stage_1 to None, run_after=None
[2024-06-28T15:13:51.339+0000] {processor.py:183} INFO - Processing /opt/airflow/dags/kafka_dag.py took 0.141 seconds
[2024-06-28T15:14:21.511+0000] {processor.py:161} INFO - Started process (PID=211) to work on /opt/airflow/dags/kafka_dag.py
[2024-06-28T15:14:21.513+0000] {processor.py:830} INFO - Processing file /opt/airflow/dags/kafka_dag.py for tasks to queue
[2024-06-28T15:14:21.515+0000] {logging_mixin.py:188} INFO - [2024-06-28T15:14:21.515+0000] {dagbag.py:545} INFO - Filling up the DagBag from /opt/airflow/dags/kafka_dag.py
[2024-06-28T15:14:21.577+0000] {processor.py:840} INFO - DAG(s) 'Stage_1' retrieved from /opt/airflow/dags/kafka_dag.py
[2024-06-28T15:14:21.605+0000] {logging_mixin.py:188} INFO - [2024-06-28T15:14:21.605+0000] {dag.py:3096} INFO - Sync 1 DAGs
[2024-06-28T15:14:21.620+0000] {logging_mixin.py:188} INFO - [2024-06-28T15:14:21.620+0000] {dag.py:3954} INFO - Setting next_dagrun for Stage_1 to None, run_after=None
[2024-06-28T15:14:21.642+0000] {processor.py:183} INFO - Processing /opt/airflow/dags/kafka_dag.py took 0.137 seconds
[2024-06-28T15:14:51.766+0000] {processor.py:161} INFO - Started process (PID=216) to work on /opt/airflow/dags/kafka_dag.py
[2024-06-28T15:14:51.769+0000] {processor.py:830} INFO - Processing file /opt/airflow/dags/kafka_dag.py for tasks to queue
[2024-06-28T15:14:51.771+0000] {logging_mixin.py:188} INFO - [2024-06-28T15:14:51.771+0000] {dagbag.py:545} INFO - Filling up the DagBag from /opt/airflow/dags/kafka_dag.py
[2024-06-28T15:14:51.838+0000] {processor.py:840} INFO - DAG(s) 'Stage_1' retrieved from /opt/airflow/dags/kafka_dag.py
[2024-06-28T15:14:51.868+0000] {logging_mixin.py:188} INFO - [2024-06-28T15:14:51.868+0000] {dag.py:3096} INFO - Sync 1 DAGs
[2024-06-28T15:14:51.882+0000] {logging_mixin.py:188} INFO - [2024-06-28T15:14:51.882+0000] {dag.py:3954} INFO - Setting next_dagrun for Stage_1 to None, run_after=None
[2024-06-28T15:14:51.913+0000] {processor.py:183} INFO - Processing /opt/airflow/dags/kafka_dag.py took 0.156 seconds
[2024-06-28T15:15:22.114+0000] {processor.py:161} INFO - Started process (PID=221) to work on /opt/airflow/dags/kafka_dag.py
[2024-06-28T15:15:22.117+0000] {processor.py:830} INFO - Processing file /opt/airflow/dags/kafka_dag.py for tasks to queue
[2024-06-28T15:15:22.119+0000] {logging_mixin.py:188} INFO - [2024-06-28T15:15:22.118+0000] {dagbag.py:545} INFO - Filling up the DagBag from /opt/airflow/dags/kafka_dag.py
[2024-06-28T15:15:22.184+0000] {processor.py:840} INFO - DAG(s) 'Stage_1' retrieved from /opt/airflow/dags/kafka_dag.py
[2024-06-28T15:15:22.211+0000] {logging_mixin.py:188} INFO - [2024-06-28T15:15:22.210+0000] {dag.py:3096} INFO - Sync 1 DAGs
[2024-06-28T15:15:22.223+0000] {logging_mixin.py:188} INFO - [2024-06-28T15:15:22.223+0000] {dag.py:3954} INFO - Setting next_dagrun for Stage_1 to None, run_after=None
[2024-06-28T15:15:22.244+0000] {processor.py:183} INFO - Processing /opt/airflow/dags/kafka_dag.py took 0.138 seconds
[2024-06-28T15:15:52.353+0000] {processor.py:161} INFO - Started process (PID=226) to work on /opt/airflow/dags/kafka_dag.py
[2024-06-28T15:15:52.355+0000] {processor.py:830} INFO - Processing file /opt/airflow/dags/kafka_dag.py for tasks to queue
[2024-06-28T15:15:52.357+0000] {logging_mixin.py:188} INFO - [2024-06-28T15:15:52.357+0000] {dagbag.py:545} INFO - Filling up the DagBag from /opt/airflow/dags/kafka_dag.py
[2024-06-28T15:15:52.422+0000] {processor.py:840} INFO - DAG(s) 'Stage_1' retrieved from /opt/airflow/dags/kafka_dag.py
[2024-06-28T15:15:52.451+0000] {logging_mixin.py:188} INFO - [2024-06-28T15:15:52.450+0000] {dag.py:3096} INFO - Sync 1 DAGs
[2024-06-28T15:15:52.464+0000] {logging_mixin.py:188} INFO - [2024-06-28T15:15:52.464+0000] {dag.py:3954} INFO - Setting next_dagrun for Stage_1 to None, run_after=None
[2024-06-28T15:15:52.484+0000] {processor.py:183} INFO - Processing /opt/airflow/dags/kafka_dag.py took 0.140 seconds
[2024-06-28T15:16:22.666+0000] {processor.py:161} INFO - Started process (PID=231) to work on /opt/airflow/dags/kafka_dag.py
[2024-06-28T15:16:22.667+0000] {processor.py:830} INFO - Processing file /opt/airflow/dags/kafka_dag.py for tasks to queue
[2024-06-28T15:16:22.669+0000] {logging_mixin.py:188} INFO - [2024-06-28T15:16:22.669+0000] {dagbag.py:545} INFO - Filling up the DagBag from /opt/airflow/dags/kafka_dag.py
[2024-06-28T15:16:22.730+0000] {processor.py:840} INFO - DAG(s) 'Stage_1' retrieved from /opt/airflow/dags/kafka_dag.py
[2024-06-28T15:16:22.758+0000] {logging_mixin.py:188} INFO - [2024-06-28T15:16:22.758+0000] {dag.py:3096} INFO - Sync 1 DAGs
[2024-06-28T15:16:22.771+0000] {logging_mixin.py:188} INFO - [2024-06-28T15:16:22.771+0000] {dag.py:3954} INFO - Setting next_dagrun for Stage_1 to None, run_after=None
[2024-06-28T15:16:22.795+0000] {processor.py:183} INFO - Processing /opt/airflow/dags/kafka_dag.py took 0.136 seconds
[2024-06-28T15:16:52.900+0000] {processor.py:161} INFO - Started process (PID=236) to work on /opt/airflow/dags/kafka_dag.py
[2024-06-28T15:16:52.900+0000] {processor.py:830} INFO - Processing file /opt/airflow/dags/kafka_dag.py for tasks to queue
[2024-06-28T15:16:52.902+0000] {logging_mixin.py:188} INFO - [2024-06-28T15:16:52.902+0000] {dagbag.py:545} INFO - Filling up the DagBag from /opt/airflow/dags/kafka_dag.py
[2024-06-28T15:16:52.967+0000] {processor.py:840} INFO - DAG(s) 'Stage_1' retrieved from /opt/airflow/dags/kafka_dag.py
[2024-06-28T15:16:52.995+0000] {logging_mixin.py:188} INFO - [2024-06-28T15:16:52.995+0000] {dag.py:3096} INFO - Sync 1 DAGs
[2024-06-28T15:16:53.010+0000] {logging_mixin.py:188} INFO - [2024-06-28T15:16:53.010+0000] {dag.py:3954} INFO - Setting next_dagrun for Stage_1 to None, run_after=None
[2024-06-28T15:16:53.031+0000] {processor.py:183} INFO - Processing /opt/airflow/dags/kafka_dag.py took 0.139 seconds
[2024-06-28T15:17:23.203+0000] {processor.py:161} INFO - Started process (PID=241) to work on /opt/airflow/dags/kafka_dag.py
[2024-06-28T15:17:23.205+0000] {processor.py:830} INFO - Processing file /opt/airflow/dags/kafka_dag.py for tasks to queue
[2024-06-28T15:17:23.207+0000] {logging_mixin.py:188} INFO - [2024-06-28T15:17:23.206+0000] {dagbag.py:545} INFO - Filling up the DagBag from /opt/airflow/dags/kafka_dag.py
[2024-06-28T15:17:23.268+0000] {processor.py:840} INFO - DAG(s) 'Stage_1' retrieved from /opt/airflow/dags/kafka_dag.py
[2024-06-28T15:17:23.298+0000] {logging_mixin.py:188} INFO - [2024-06-28T15:17:23.298+0000] {dag.py:3096} INFO - Sync 1 DAGs
[2024-06-28T15:17:23.311+0000] {logging_mixin.py:188} INFO - [2024-06-28T15:17:23.311+0000] {dag.py:3954} INFO - Setting next_dagrun for Stage_1 to None, run_after=None
[2024-06-28T15:17:23.332+0000] {processor.py:183} INFO - Processing /opt/airflow/dags/kafka_dag.py took 0.138 seconds
[2024-06-28T15:17:53.438+0000] {processor.py:161} INFO - Started process (PID=246) to work on /opt/airflow/dags/kafka_dag.py
[2024-06-28T15:17:53.440+0000] {processor.py:830} INFO - Processing file /opt/airflow/dags/kafka_dag.py for tasks to queue
[2024-06-28T15:17:53.442+0000] {logging_mixin.py:188} INFO - [2024-06-28T15:17:53.442+0000] {dagbag.py:545} INFO - Filling up the DagBag from /opt/airflow/dags/kafka_dag.py
[2024-06-28T15:17:53.506+0000] {processor.py:840} INFO - DAG(s) 'Stage_1' retrieved from /opt/airflow/dags/kafka_dag.py
[2024-06-28T15:17:53.535+0000] {logging_mixin.py:188} INFO - [2024-06-28T15:17:53.534+0000] {dag.py:3096} INFO - Sync 1 DAGs
[2024-06-28T15:17:53.547+0000] {logging_mixin.py:188} INFO - [2024-06-28T15:17:53.547+0000] {dag.py:3954} INFO - Setting next_dagrun for Stage_1 to None, run_after=None
[2024-06-28T15:17:53.566+0000] {processor.py:183} INFO - Processing /opt/airflow/dags/kafka_dag.py took 0.136 seconds
[2024-06-28T15:18:23.761+0000] {processor.py:161} INFO - Started process (PID=251) to work on /opt/airflow/dags/kafka_dag.py
[2024-06-28T15:18:23.763+0000] {processor.py:830} INFO - Processing file /opt/airflow/dags/kafka_dag.py for tasks to queue
[2024-06-28T15:18:23.765+0000] {logging_mixin.py:188} INFO - [2024-06-28T15:18:23.765+0000] {dagbag.py:545} INFO - Filling up the DagBag from /opt/airflow/dags/kafka_dag.py
[2024-06-28T15:18:23.826+0000] {processor.py:840} INFO - DAG(s) 'Stage_1' retrieved from /opt/airflow/dags/kafka_dag.py
[2024-06-28T15:18:23.854+0000] {logging_mixin.py:188} INFO - [2024-06-28T15:18:23.854+0000] {dag.py:3096} INFO - Sync 1 DAGs
[2024-06-28T15:18:23.867+0000] {logging_mixin.py:188} INFO - [2024-06-28T15:18:23.866+0000] {dag.py:3954} INFO - Setting next_dagrun for Stage_1 to None, run_after=None
[2024-06-28T15:18:23.887+0000] {processor.py:183} INFO - Processing /opt/airflow/dags/kafka_dag.py took 0.133 seconds
[2024-06-28T15:18:53.993+0000] {processor.py:161} INFO - Started process (PID=256) to work on /opt/airflow/dags/kafka_dag.py
[2024-06-28T15:18:53.996+0000] {processor.py:830} INFO - Processing file /opt/airflow/dags/kafka_dag.py for tasks to queue
[2024-06-28T15:18:53.998+0000] {logging_mixin.py:188} INFO - [2024-06-28T15:18:53.997+0000] {dagbag.py:545} INFO - Filling up the DagBag from /opt/airflow/dags/kafka_dag.py
[2024-06-28T15:18:54.064+0000] {processor.py:840} INFO - DAG(s) 'Stage_1' retrieved from /opt/airflow/dags/kafka_dag.py
[2024-06-28T15:18:54.092+0000] {logging_mixin.py:188} INFO - [2024-06-28T15:18:54.091+0000] {dag.py:3096} INFO - Sync 1 DAGs
[2024-06-28T15:18:54.105+0000] {logging_mixin.py:188} INFO - [2024-06-28T15:18:54.104+0000] {dag.py:3954} INFO - Setting next_dagrun for Stage_1 to None, run_after=None
[2024-06-28T15:18:54.137+0000] {processor.py:183} INFO - Processing /opt/airflow/dags/kafka_dag.py took 0.152 seconds
[2024-06-28T15:19:24.329+0000] {processor.py:161} INFO - Started process (PID=261) to work on /opt/airflow/dags/kafka_dag.py
[2024-06-28T15:19:24.331+0000] {processor.py:830} INFO - Processing file /opt/airflow/dags/kafka_dag.py for tasks to queue
[2024-06-28T15:19:24.334+0000] {logging_mixin.py:188} INFO - [2024-06-28T15:19:24.333+0000] {dagbag.py:545} INFO - Filling up the DagBag from /opt/airflow/dags/kafka_dag.py
[2024-06-28T15:19:24.397+0000] {processor.py:840} INFO - DAG(s) 'Stage_1' retrieved from /opt/airflow/dags/kafka_dag.py
[2024-06-28T15:19:24.426+0000] {logging_mixin.py:188} INFO - [2024-06-28T15:19:24.426+0000] {dag.py:3096} INFO - Sync 1 DAGs
[2024-06-28T15:19:24.439+0000] {logging_mixin.py:188} INFO - [2024-06-28T15:19:24.439+0000] {dag.py:3954} INFO - Setting next_dagrun for Stage_1 to None, run_after=None
[2024-06-28T15:19:24.461+0000] {processor.py:183} INFO - Processing /opt/airflow/dags/kafka_dag.py took 0.139 seconds
[2024-06-28T15:19:54.558+0000] {processor.py:161} INFO - Started process (PID=266) to work on /opt/airflow/dags/kafka_dag.py
[2024-06-28T15:19:54.559+0000] {processor.py:830} INFO - Processing file /opt/airflow/dags/kafka_dag.py for tasks to queue
[2024-06-28T15:19:54.561+0000] {logging_mixin.py:188} INFO - [2024-06-28T15:19:54.560+0000] {dagbag.py:545} INFO - Filling up the DagBag from /opt/airflow/dags/kafka_dag.py
[2024-06-28T15:19:54.623+0000] {processor.py:840} INFO - DAG(s) 'Stage_1' retrieved from /opt/airflow/dags/kafka_dag.py
[2024-06-28T15:19:54.650+0000] {logging_mixin.py:188} INFO - [2024-06-28T15:19:54.650+0000] {dag.py:3096} INFO - Sync 1 DAGs
[2024-06-28T15:19:54.664+0000] {logging_mixin.py:188} INFO - [2024-06-28T15:19:54.664+0000] {dag.py:3954} INFO - Setting next_dagrun for Stage_1 to None, run_after=None
[2024-06-28T15:19:54.684+0000] {processor.py:183} INFO - Processing /opt/airflow/dags/kafka_dag.py took 0.134 seconds
[2024-06-28T15:20:24.909+0000] {processor.py:161} INFO - Started process (PID=271) to work on /opt/airflow/dags/kafka_dag.py
[2024-06-28T15:20:24.910+0000] {processor.py:830} INFO - Processing file /opt/airflow/dags/kafka_dag.py for tasks to queue
[2024-06-28T15:20:24.911+0000] {logging_mixin.py:188} INFO - [2024-06-28T15:20:24.911+0000] {dagbag.py:545} INFO - Filling up the DagBag from /opt/airflow/dags/kafka_dag.py
[2024-06-28T15:20:24.973+0000] {processor.py:840} INFO - DAG(s) 'Stage_1' retrieved from /opt/airflow/dags/kafka_dag.py
[2024-06-28T15:20:25.000+0000] {logging_mixin.py:188} INFO - [2024-06-28T15:20:24.999+0000] {dag.py:3096} INFO - Sync 1 DAGs
[2024-06-28T15:20:25.014+0000] {logging_mixin.py:188} INFO - [2024-06-28T15:20:25.014+0000] {dag.py:3954} INFO - Setting next_dagrun for Stage_1 to None, run_after=None
[2024-06-28T15:20:25.033+0000] {processor.py:183} INFO - Processing /opt/airflow/dags/kafka_dag.py took 0.132 seconds
[2024-06-28T15:20:55.141+0000] {processor.py:161} INFO - Started process (PID=276) to work on /opt/airflow/dags/kafka_dag.py
[2024-06-28T15:20:55.142+0000] {processor.py:830} INFO - Processing file /opt/airflow/dags/kafka_dag.py for tasks to queue
[2024-06-28T15:20:55.144+0000] {logging_mixin.py:188} INFO - [2024-06-28T15:20:55.143+0000] {dagbag.py:545} INFO - Filling up the DagBag from /opt/airflow/dags/kafka_dag.py
[2024-06-28T15:20:55.207+0000] {processor.py:840} INFO - DAG(s) 'Stage_1' retrieved from /opt/airflow/dags/kafka_dag.py
[2024-06-28T15:20:55.238+0000] {logging_mixin.py:188} INFO - [2024-06-28T15:20:55.237+0000] {dag.py:3096} INFO - Sync 1 DAGs
[2024-06-28T15:20:55.251+0000] {logging_mixin.py:188} INFO - [2024-06-28T15:20:55.250+0000] {dag.py:3954} INFO - Setting next_dagrun for Stage_1 to None, run_after=None
[2024-06-28T15:20:55.276+0000] {processor.py:183} INFO - Processing /opt/airflow/dags/kafka_dag.py took 0.143 seconds
[2024-06-28T15:21:25.464+0000] {processor.py:161} INFO - Started process (PID=281) to work on /opt/airflow/dags/kafka_dag.py
[2024-06-28T15:21:25.466+0000] {processor.py:830} INFO - Processing file /opt/airflow/dags/kafka_dag.py for tasks to queue
[2024-06-28T15:21:25.468+0000] {logging_mixin.py:188} INFO - [2024-06-28T15:21:25.468+0000] {dagbag.py:545} INFO - Filling up the DagBag from /opt/airflow/dags/kafka_dag.py
[2024-06-28T15:21:25.529+0000] {processor.py:840} INFO - DAG(s) 'Stage_1' retrieved from /opt/airflow/dags/kafka_dag.py
[2024-06-28T15:21:25.557+0000] {logging_mixin.py:188} INFO - [2024-06-28T15:21:25.557+0000] {dag.py:3096} INFO - Sync 1 DAGs
[2024-06-28T15:21:25.571+0000] {logging_mixin.py:188} INFO - [2024-06-28T15:21:25.570+0000] {dag.py:3954} INFO - Setting next_dagrun for Stage_1 to None, run_after=None
[2024-06-28T15:21:25.592+0000] {processor.py:183} INFO - Processing /opt/airflow/dags/kafka_dag.py took 0.135 seconds
[2024-06-28T15:21:55.697+0000] {processor.py:161} INFO - Started process (PID=286) to work on /opt/airflow/dags/kafka_dag.py
[2024-06-28T15:21:55.698+0000] {processor.py:830} INFO - Processing file /opt/airflow/dags/kafka_dag.py for tasks to queue
[2024-06-28T15:21:55.700+0000] {logging_mixin.py:188} INFO - [2024-06-28T15:21:55.700+0000] {dagbag.py:545} INFO - Filling up the DagBag from /opt/airflow/dags/kafka_dag.py
[2024-06-28T15:21:55.763+0000] {processor.py:840} INFO - DAG(s) 'Stage_1' retrieved from /opt/airflow/dags/kafka_dag.py
[2024-06-28T15:21:55.793+0000] {logging_mixin.py:188} INFO - [2024-06-28T15:21:55.793+0000] {dag.py:3096} INFO - Sync 1 DAGs
[2024-06-28T15:21:55.807+0000] {logging_mixin.py:188} INFO - [2024-06-28T15:21:55.807+0000] {dag.py:3954} INFO - Setting next_dagrun for Stage_1 to None, run_after=None
[2024-06-28T15:21:55.828+0000] {processor.py:183} INFO - Processing /opt/airflow/dags/kafka_dag.py took 0.139 seconds
[2024-06-28T15:22:26.009+0000] {processor.py:161} INFO - Started process (PID=291) to work on /opt/airflow/dags/kafka_dag.py
[2024-06-28T15:22:26.011+0000] {processor.py:830} INFO - Processing file /opt/airflow/dags/kafka_dag.py for tasks to queue
[2024-06-28T15:22:26.013+0000] {logging_mixin.py:188} INFO - [2024-06-28T15:22:26.013+0000] {dagbag.py:545} INFO - Filling up the DagBag from /opt/airflow/dags/kafka_dag.py
[2024-06-28T15:22:26.076+0000] {processor.py:840} INFO - DAG(s) 'Stage_1' retrieved from /opt/airflow/dags/kafka_dag.py
[2024-06-28T15:22:26.105+0000] {logging_mixin.py:188} INFO - [2024-06-28T15:22:26.104+0000] {dag.py:3096} INFO - Sync 1 DAGs
[2024-06-28T15:22:26.118+0000] {logging_mixin.py:188} INFO - [2024-06-28T15:22:26.118+0000] {dag.py:3954} INFO - Setting next_dagrun for Stage_1 to None, run_after=None
[2024-06-28T15:22:26.139+0000] {processor.py:183} INFO - Processing /opt/airflow/dags/kafka_dag.py took 0.138 seconds
[2024-06-28T15:22:56.250+0000] {processor.py:161} INFO - Started process (PID=296) to work on /opt/airflow/dags/kafka_dag.py
[2024-06-28T15:22:56.251+0000] {processor.py:830} INFO - Processing file /opt/airflow/dags/kafka_dag.py for tasks to queue
[2024-06-28T15:22:56.254+0000] {logging_mixin.py:188} INFO - [2024-06-28T15:22:56.253+0000] {dagbag.py:545} INFO - Filling up the DagBag from /opt/airflow/dags/kafka_dag.py
[2024-06-28T15:22:56.319+0000] {processor.py:840} INFO - DAG(s) 'Stage_1' retrieved from /opt/airflow/dags/kafka_dag.py
[2024-06-28T15:22:56.348+0000] {logging_mixin.py:188} INFO - [2024-06-28T15:22:56.347+0000] {dag.py:3096} INFO - Sync 1 DAGs
[2024-06-28T15:22:56.362+0000] {logging_mixin.py:188} INFO - [2024-06-28T15:22:56.362+0000] {dag.py:3954} INFO - Setting next_dagrun for Stage_1 to None, run_after=None
[2024-06-28T15:22:56.384+0000] {processor.py:183} INFO - Processing /opt/airflow/dags/kafka_dag.py took 0.142 seconds
[2024-06-28T15:23:26.551+0000] {processor.py:161} INFO - Started process (PID=301) to work on /opt/airflow/dags/kafka_dag.py
[2024-06-28T15:23:26.553+0000] {processor.py:830} INFO - Processing file /opt/airflow/dags/kafka_dag.py for tasks to queue
[2024-06-28T15:23:26.554+0000] {logging_mixin.py:188} INFO - [2024-06-28T15:23:26.554+0000] {dagbag.py:545} INFO - Filling up the DagBag from /opt/airflow/dags/kafka_dag.py
[2024-06-28T15:23:26.615+0000] {processor.py:840} INFO - DAG(s) 'Stage_1' retrieved from /opt/airflow/dags/kafka_dag.py
[2024-06-28T15:23:26.644+0000] {logging_mixin.py:188} INFO - [2024-06-28T15:23:26.643+0000] {dag.py:3096} INFO - Sync 1 DAGs
[2024-06-28T15:23:26.659+0000] {logging_mixin.py:188} INFO - [2024-06-28T15:23:26.659+0000] {dag.py:3954} INFO - Setting next_dagrun for Stage_1 to None, run_after=None
[2024-06-28T15:23:26.679+0000] {processor.py:183} INFO - Processing /opt/airflow/dags/kafka_dag.py took 0.134 seconds
[2024-06-28T15:23:56.791+0000] {processor.py:161} INFO - Started process (PID=306) to work on /opt/airflow/dags/kafka_dag.py
[2024-06-28T15:23:56.792+0000] {processor.py:830} INFO - Processing file /opt/airflow/dags/kafka_dag.py for tasks to queue
[2024-06-28T15:23:56.794+0000] {logging_mixin.py:188} INFO - [2024-06-28T15:23:56.793+0000] {dagbag.py:545} INFO - Filling up the DagBag from /opt/airflow/dags/kafka_dag.py
[2024-06-28T15:23:56.854+0000] {processor.py:840} INFO - DAG(s) 'Stage_1' retrieved from /opt/airflow/dags/kafka_dag.py
[2024-06-28T15:23:56.883+0000] {logging_mixin.py:188} INFO - [2024-06-28T15:23:56.883+0000] {dag.py:3096} INFO - Sync 1 DAGs
[2024-06-28T15:23:56.896+0000] {logging_mixin.py:188} INFO - [2024-06-28T15:23:56.895+0000] {dag.py:3954} INFO - Setting next_dagrun for Stage_1 to None, run_after=None
[2024-06-28T15:23:56.918+0000] {processor.py:183} INFO - Processing /opt/airflow/dags/kafka_dag.py took 0.135 seconds
[2024-06-28T15:24:27.103+0000] {processor.py:161} INFO - Started process (PID=311) to work on /opt/airflow/dags/kafka_dag.py
[2024-06-28T15:24:27.105+0000] {processor.py:830} INFO - Processing file /opt/airflow/dags/kafka_dag.py for tasks to queue
[2024-06-28T15:24:27.108+0000] {logging_mixin.py:188} INFO - [2024-06-28T15:24:27.107+0000] {dagbag.py:545} INFO - Filling up the DagBag from /opt/airflow/dags/kafka_dag.py
[2024-06-28T15:24:27.169+0000] {processor.py:840} INFO - DAG(s) 'Stage_1' retrieved from /opt/airflow/dags/kafka_dag.py
[2024-06-28T15:24:27.196+0000] {logging_mixin.py:188} INFO - [2024-06-28T15:24:27.196+0000] {dag.py:3096} INFO - Sync 1 DAGs
[2024-06-28T15:24:27.209+0000] {logging_mixin.py:188} INFO - [2024-06-28T15:24:27.209+0000] {dag.py:3954} INFO - Setting next_dagrun for Stage_1 to None, run_after=None
[2024-06-28T15:24:27.230+0000] {processor.py:183} INFO - Processing /opt/airflow/dags/kafka_dag.py took 0.133 seconds
[2024-06-28T15:24:57.350+0000] {processor.py:161} INFO - Started process (PID=316) to work on /opt/airflow/dags/kafka_dag.py
[2024-06-28T15:24:57.351+0000] {processor.py:830} INFO - Processing file /opt/airflow/dags/kafka_dag.py for tasks to queue
[2024-06-28T15:24:57.353+0000] {logging_mixin.py:188} INFO - [2024-06-28T15:24:57.352+0000] {dagbag.py:545} INFO - Filling up the DagBag from /opt/airflow/dags/kafka_dag.py
[2024-06-28T15:24:57.415+0000] {processor.py:840} INFO - DAG(s) 'Stage_1' retrieved from /opt/airflow/dags/kafka_dag.py
[2024-06-28T15:24:57.444+0000] {logging_mixin.py:188} INFO - [2024-06-28T15:24:57.444+0000] {dag.py:3096} INFO - Sync 1 DAGs
[2024-06-28T15:24:57.457+0000] {logging_mixin.py:188} INFO - [2024-06-28T15:24:57.457+0000] {dag.py:3954} INFO - Setting next_dagrun for Stage_1 to None, run_after=None
[2024-06-28T15:24:57.476+0000] {processor.py:183} INFO - Processing /opt/airflow/dags/kafka_dag.py took 0.134 seconds
[2024-06-28T15:25:27.708+0000] {processor.py:161} INFO - Started process (PID=321) to work on /opt/airflow/dags/kafka_dag.py
[2024-06-28T15:25:27.708+0000] {processor.py:830} INFO - Processing file /opt/airflow/dags/kafka_dag.py for tasks to queue
[2024-06-28T15:25:27.710+0000] {logging_mixin.py:188} INFO - [2024-06-28T15:25:27.710+0000] {dagbag.py:545} INFO - Filling up the DagBag from /opt/airflow/dags/kafka_dag.py
[2024-06-28T15:25:27.774+0000] {processor.py:840} INFO - DAG(s) 'Stage_1' retrieved from /opt/airflow/dags/kafka_dag.py
[2024-06-28T15:25:27.802+0000] {logging_mixin.py:188} INFO - [2024-06-28T15:25:27.802+0000] {dag.py:3096} INFO - Sync 1 DAGs
[2024-06-28T15:25:27.816+0000] {logging_mixin.py:188} INFO - [2024-06-28T15:25:27.816+0000] {dag.py:3954} INFO - Setting next_dagrun for Stage_1 to None, run_after=None
[2024-06-28T15:25:27.835+0000] {processor.py:183} INFO - Processing /opt/airflow/dags/kafka_dag.py took 0.135 seconds
[2024-06-28T15:25:57.936+0000] {processor.py:161} INFO - Started process (PID=326) to work on /opt/airflow/dags/kafka_dag.py
[2024-06-28T15:25:57.937+0000] {processor.py:830} INFO - Processing file /opt/airflow/dags/kafka_dag.py for tasks to queue
[2024-06-28T15:25:57.939+0000] {logging_mixin.py:188} INFO - [2024-06-28T15:25:57.938+0000] {dagbag.py:545} INFO - Filling up the DagBag from /opt/airflow/dags/kafka_dag.py
[2024-06-28T15:25:58.000+0000] {processor.py:840} INFO - DAG(s) 'Stage_1' retrieved from /opt/airflow/dags/kafka_dag.py
[2024-06-28T15:25:58.028+0000] {logging_mixin.py:188} INFO - [2024-06-28T15:25:58.028+0000] {dag.py:3096} INFO - Sync 1 DAGs
[2024-06-28T15:25:58.046+0000] {logging_mixin.py:188} INFO - [2024-06-28T15:25:58.045+0000] {dag.py:3954} INFO - Setting next_dagrun for Stage_1 to None, run_after=None
[2024-06-28T15:25:58.068+0000] {processor.py:183} INFO - Processing /opt/airflow/dags/kafka_dag.py took 0.140 seconds
[2024-06-28T15:26:28.274+0000] {processor.py:161} INFO - Started process (PID=331) to work on /opt/airflow/dags/kafka_dag.py
[2024-06-28T15:26:28.275+0000] {processor.py:830} INFO - Processing file /opt/airflow/dags/kafka_dag.py for tasks to queue
[2024-06-28T15:26:28.278+0000] {logging_mixin.py:188} INFO - [2024-06-28T15:26:28.277+0000] {dagbag.py:545} INFO - Filling up the DagBag from /opt/airflow/dags/kafka_dag.py
[2024-06-28T15:26:28.342+0000] {processor.py:840} INFO - DAG(s) 'Stage_1' retrieved from /opt/airflow/dags/kafka_dag.py
[2024-06-28T15:26:28.370+0000] {logging_mixin.py:188} INFO - [2024-06-28T15:26:28.370+0000] {dag.py:3096} INFO - Sync 1 DAGs
[2024-06-28T15:26:28.385+0000] {logging_mixin.py:188} INFO - [2024-06-28T15:26:28.385+0000] {dag.py:3954} INFO - Setting next_dagrun for Stage_1 to None, run_after=None
[2024-06-28T15:26:28.405+0000] {processor.py:183} INFO - Processing /opt/airflow/dags/kafka_dag.py took 0.140 seconds
[2024-06-28T15:26:58.516+0000] {processor.py:161} INFO - Started process (PID=336) to work on /opt/airflow/dags/kafka_dag.py
[2024-06-28T15:26:58.517+0000] {processor.py:830} INFO - Processing file /opt/airflow/dags/kafka_dag.py for tasks to queue
[2024-06-28T15:26:58.519+0000] {logging_mixin.py:188} INFO - [2024-06-28T15:26:58.519+0000] {dagbag.py:545} INFO - Filling up the DagBag from /opt/airflow/dags/kafka_dag.py
[2024-06-28T15:26:58.579+0000] {processor.py:840} INFO - DAG(s) 'Stage_1' retrieved from /opt/airflow/dags/kafka_dag.py
[2024-06-28T15:26:58.610+0000] {logging_mixin.py:188} INFO - [2024-06-28T15:26:58.610+0000] {dag.py:3096} INFO - Sync 1 DAGs
[2024-06-28T15:26:58.623+0000] {logging_mixin.py:188} INFO - [2024-06-28T15:26:58.623+0000] {dag.py:3954} INFO - Setting next_dagrun for Stage_1 to None, run_after=None
[2024-06-28T15:26:58.644+0000] {processor.py:183} INFO - Processing /opt/airflow/dags/kafka_dag.py took 0.135 seconds
[2024-06-28T15:27:28.834+0000] {processor.py:161} INFO - Started process (PID=341) to work on /opt/airflow/dags/kafka_dag.py
[2024-06-28T15:27:28.835+0000] {processor.py:830} INFO - Processing file /opt/airflow/dags/kafka_dag.py for tasks to queue
[2024-06-28T15:27:28.837+0000] {logging_mixin.py:188} INFO - [2024-06-28T15:27:28.837+0000] {dagbag.py:545} INFO - Filling up the DagBag from /opt/airflow/dags/kafka_dag.py
[2024-06-28T15:27:28.901+0000] {processor.py:840} INFO - DAG(s) 'Stage_1' retrieved from /opt/airflow/dags/kafka_dag.py
[2024-06-28T15:27:28.932+0000] {logging_mixin.py:188} INFO - [2024-06-28T15:27:28.932+0000] {dag.py:3096} INFO - Sync 1 DAGs
[2024-06-28T15:27:28.945+0000] {logging_mixin.py:188} INFO - [2024-06-28T15:27:28.945+0000] {dag.py:3954} INFO - Setting next_dagrun for Stage_1 to None, run_after=None
[2024-06-28T15:27:28.965+0000] {processor.py:183} INFO - Processing /opt/airflow/dags/kafka_dag.py took 0.139 seconds
[2024-06-28T15:27:59.067+0000] {processor.py:161} INFO - Started process (PID=346) to work on /opt/airflow/dags/kafka_dag.py
[2024-06-28T15:27:59.069+0000] {processor.py:830} INFO - Processing file /opt/airflow/dags/kafka_dag.py for tasks to queue
[2024-06-28T15:27:59.072+0000] {logging_mixin.py:188} INFO - [2024-06-28T15:27:59.071+0000] {dagbag.py:545} INFO - Filling up the DagBag from /opt/airflow/dags/kafka_dag.py
[2024-06-28T15:27:59.137+0000] {processor.py:840} INFO - DAG(s) 'Stage_1' retrieved from /opt/airflow/dags/kafka_dag.py
[2024-06-28T15:27:59.166+0000] {logging_mixin.py:188} INFO - [2024-06-28T15:27:59.166+0000] {dag.py:3096} INFO - Sync 1 DAGs
[2024-06-28T15:27:59.180+0000] {logging_mixin.py:188} INFO - [2024-06-28T15:27:59.179+0000] {dag.py:3954} INFO - Setting next_dagrun for Stage_1 to None, run_after=None
[2024-06-28T15:27:59.201+0000] {processor.py:183} INFO - Processing /opt/airflow/dags/kafka_dag.py took 0.143 seconds
[2024-06-28T15:28:29.385+0000] {processor.py:161} INFO - Started process (PID=351) to work on /opt/airflow/dags/kafka_dag.py
[2024-06-28T15:28:29.386+0000] {processor.py:830} INFO - Processing file /opt/airflow/dags/kafka_dag.py for tasks to queue
[2024-06-28T15:28:29.388+0000] {logging_mixin.py:188} INFO - [2024-06-28T15:28:29.387+0000] {dagbag.py:545} INFO - Filling up the DagBag from /opt/airflow/dags/kafka_dag.py
[2024-06-28T15:28:29.448+0000] {processor.py:840} INFO - DAG(s) 'Stage_1' retrieved from /opt/airflow/dags/kafka_dag.py
[2024-06-28T15:28:29.475+0000] {logging_mixin.py:188} INFO - [2024-06-28T15:28:29.475+0000] {dag.py:3096} INFO - Sync 1 DAGs
[2024-06-28T15:28:29.488+0000] {logging_mixin.py:188} INFO - [2024-06-28T15:28:29.488+0000] {dag.py:3954} INFO - Setting next_dagrun for Stage_1 to None, run_after=None
[2024-06-28T15:28:29.508+0000] {processor.py:183} INFO - Processing /opt/airflow/dags/kafka_dag.py took 0.130 seconds
[2024-06-28T15:28:59.610+0000] {processor.py:161} INFO - Started process (PID=356) to work on /opt/airflow/dags/kafka_dag.py
[2024-06-28T15:28:59.612+0000] {processor.py:830} INFO - Processing file /opt/airflow/dags/kafka_dag.py for tasks to queue
[2024-06-28T15:28:59.614+0000] {logging_mixin.py:188} INFO - [2024-06-28T15:28:59.614+0000] {dagbag.py:545} INFO - Filling up the DagBag from /opt/airflow/dags/kafka_dag.py
[2024-06-28T15:28:59.677+0000] {processor.py:840} INFO - DAG(s) 'Stage_1' retrieved from /opt/airflow/dags/kafka_dag.py
[2024-06-28T15:28:59.709+0000] {logging_mixin.py:188} INFO - [2024-06-28T15:28:59.708+0000] {dag.py:3096} INFO - Sync 1 DAGs
[2024-06-28T15:28:59.727+0000] {logging_mixin.py:188} INFO - [2024-06-28T15:28:59.726+0000] {dag.py:3954} INFO - Setting next_dagrun for Stage_1 to None, run_after=None
[2024-06-28T15:28:59.748+0000] {processor.py:183} INFO - Processing /opt/airflow/dags/kafka_dag.py took 0.146 seconds
[2024-06-28T15:29:29.922+0000] {processor.py:161} INFO - Started process (PID=361) to work on /opt/airflow/dags/kafka_dag.py
[2024-06-28T15:29:29.923+0000] {processor.py:830} INFO - Processing file /opt/airflow/dags/kafka_dag.py for tasks to queue
[2024-06-28T15:29:29.926+0000] {logging_mixin.py:188} INFO - [2024-06-28T15:29:29.925+0000] {dagbag.py:545} INFO - Filling up the DagBag from /opt/airflow/dags/kafka_dag.py
[2024-06-28T15:29:29.991+0000] {processor.py:840} INFO - DAG(s) 'Stage_1' retrieved from /opt/airflow/dags/kafka_dag.py
[2024-06-28T15:29:30.018+0000] {logging_mixin.py:188} INFO - [2024-06-28T15:29:30.017+0000] {dag.py:3096} INFO - Sync 1 DAGs
[2024-06-28T15:29:30.031+0000] {logging_mixin.py:188} INFO - [2024-06-28T15:29:30.031+0000] {dag.py:3954} INFO - Setting next_dagrun for Stage_1 to None, run_after=None
[2024-06-28T15:29:30.050+0000] {processor.py:183} INFO - Processing /opt/airflow/dags/kafka_dag.py took 0.134 seconds
[2024-06-28T15:30:00.173+0000] {processor.py:161} INFO - Started process (PID=366) to work on /opt/airflow/dags/kafka_dag.py
[2024-06-28T15:30:00.175+0000] {processor.py:830} INFO - Processing file /opt/airflow/dags/kafka_dag.py for tasks to queue
[2024-06-28T15:30:00.177+0000] {logging_mixin.py:188} INFO - [2024-06-28T15:30:00.177+0000] {dagbag.py:545} INFO - Filling up the DagBag from /opt/airflow/dags/kafka_dag.py
[2024-06-28T15:30:00.236+0000] {processor.py:840} INFO - DAG(s) 'Stage_1' retrieved from /opt/airflow/dags/kafka_dag.py
[2024-06-28T15:30:00.264+0000] {logging_mixin.py:188} INFO - [2024-06-28T15:30:00.264+0000] {dag.py:3096} INFO - Sync 1 DAGs
[2024-06-28T15:30:00.277+0000] {logging_mixin.py:188} INFO - [2024-06-28T15:30:00.277+0000] {dag.py:3954} INFO - Setting next_dagrun for Stage_1 to None, run_after=None
[2024-06-28T15:30:00.299+0000] {processor.py:183} INFO - Processing /opt/airflow/dags/kafka_dag.py took 0.133 seconds
[2024-06-28T15:30:30.543+0000] {processor.py:161} INFO - Started process (PID=371) to work on /opt/airflow/dags/kafka_dag.py
[2024-06-28T15:30:30.544+0000] {processor.py:830} INFO - Processing file /opt/airflow/dags/kafka_dag.py for tasks to queue
[2024-06-28T15:30:30.546+0000] {logging_mixin.py:188} INFO - [2024-06-28T15:30:30.545+0000] {dagbag.py:545} INFO - Filling up the DagBag from /opt/airflow/dags/kafka_dag.py
[2024-06-28T15:30:30.641+0000] {processor.py:840} INFO - DAG(s) 'Stage_1' retrieved from /opt/airflow/dags/kafka_dag.py
[2024-06-28T15:30:30.694+0000] {logging_mixin.py:188} INFO - [2024-06-28T15:30:30.694+0000] {dag.py:3096} INFO - Sync 1 DAGs
[2024-06-28T15:30:30.715+0000] {logging_mixin.py:188} INFO - [2024-06-28T15:30:30.715+0000] {dag.py:3954} INFO - Setting next_dagrun for Stage_1 to None, run_after=None
[2024-06-28T15:30:30.746+0000] {processor.py:183} INFO - Processing /opt/airflow/dags/kafka_dag.py took 0.211 seconds
[2024-06-28T15:31:00.940+0000] {processor.py:161} INFO - Started process (PID=376) to work on /opt/airflow/dags/kafka_dag.py
[2024-06-28T15:31:00.941+0000] {processor.py:830} INFO - Processing file /opt/airflow/dags/kafka_dag.py for tasks to queue
[2024-06-28T15:31:00.943+0000] {logging_mixin.py:188} INFO - [2024-06-28T15:31:00.942+0000] {dagbag.py:545} INFO - Filling up the DagBag from /opt/airflow/dags/kafka_dag.py
[2024-06-28T15:31:01.007+0000] {processor.py:840} INFO - DAG(s) 'Stage_1' retrieved from /opt/airflow/dags/kafka_dag.py
[2024-06-28T15:31:01.035+0000] {logging_mixin.py:188} INFO - [2024-06-28T15:31:01.034+0000] {dag.py:3096} INFO - Sync 1 DAGs
[2024-06-28T15:31:01.048+0000] {logging_mixin.py:188} INFO - [2024-06-28T15:31:01.047+0000] {dag.py:3954} INFO - Setting next_dagrun for Stage_1 to None, run_after=None
[2024-06-28T15:31:01.068+0000] {processor.py:183} INFO - Processing /opt/airflow/dags/kafka_dag.py took 0.135 seconds
[2024-06-28T15:31:31.135+0000] {processor.py:161} INFO - Started process (PID=381) to work on /opt/airflow/dags/kafka_dag.py
[2024-06-28T15:31:31.136+0000] {processor.py:830} INFO - Processing file /opt/airflow/dags/kafka_dag.py for tasks to queue
[2024-06-28T15:31:31.138+0000] {logging_mixin.py:188} INFO - [2024-06-28T15:31:31.138+0000] {dagbag.py:545} INFO - Filling up the DagBag from /opt/airflow/dags/kafka_dag.py
[2024-06-28T15:31:31.206+0000] {processor.py:840} INFO - DAG(s) 'Stage_1' retrieved from /opt/airflow/dags/kafka_dag.py
[2024-06-28T15:31:31.237+0000] {logging_mixin.py:188} INFO - [2024-06-28T15:31:31.237+0000] {dag.py:3096} INFO - Sync 1 DAGs
[2024-06-28T15:31:31.253+0000] {logging_mixin.py:188} INFO - [2024-06-28T15:31:31.253+0000] {dag.py:3954} INFO - Setting next_dagrun for Stage_1 to None, run_after=None
[2024-06-28T15:31:31.288+0000] {processor.py:183} INFO - Processing /opt/airflow/dags/kafka_dag.py took 0.160 seconds
[2024-06-28T15:32:01.466+0000] {processor.py:161} INFO - Started process (PID=386) to work on /opt/airflow/dags/kafka_dag.py
[2024-06-28T15:32:01.467+0000] {processor.py:830} INFO - Processing file /opt/airflow/dags/kafka_dag.py for tasks to queue
[2024-06-28T15:32:01.469+0000] {logging_mixin.py:188} INFO - [2024-06-28T15:32:01.469+0000] {dagbag.py:545} INFO - Filling up the DagBag from /opt/airflow/dags/kafka_dag.py
[2024-06-28T15:32:01.533+0000] {processor.py:840} INFO - DAG(s) 'Stage_1' retrieved from /opt/airflow/dags/kafka_dag.py
[2024-06-28T15:32:01.563+0000] {logging_mixin.py:188} INFO - [2024-06-28T15:32:01.563+0000] {dag.py:3096} INFO - Sync 1 DAGs
[2024-06-28T15:32:01.578+0000] {logging_mixin.py:188} INFO - [2024-06-28T15:32:01.578+0000] {dag.py:3954} INFO - Setting next_dagrun for Stage_1 to None, run_after=None
[2024-06-28T15:32:01.600+0000] {processor.py:183} INFO - Processing /opt/airflow/dags/kafka_dag.py took 0.142 seconds
[2024-06-28T15:32:31.696+0000] {processor.py:161} INFO - Started process (PID=400) to work on /opt/airflow/dags/kafka_dag.py
[2024-06-28T15:32:31.698+0000] {processor.py:830} INFO - Processing file /opt/airflow/dags/kafka_dag.py for tasks to queue
[2024-06-28T15:32:31.701+0000] {logging_mixin.py:188} INFO - [2024-06-28T15:32:31.700+0000] {dagbag.py:545} INFO - Filling up the DagBag from /opt/airflow/dags/kafka_dag.py
[2024-06-28T15:32:31.837+0000] {processor.py:840} INFO - DAG(s) 'Stage_1' retrieved from /opt/airflow/dags/kafka_dag.py
[2024-06-28T15:32:31.898+0000] {logging_mixin.py:188} INFO - [2024-06-28T15:32:31.897+0000] {dag.py:3096} INFO - Sync 1 DAGs
[2024-06-28T15:32:31.929+0000] {logging_mixin.py:188} INFO - [2024-06-28T15:32:31.929+0000] {dag.py:3954} INFO - Setting next_dagrun for Stage_1 to None, run_after=None
[2024-06-28T15:32:31.995+0000] {processor.py:183} INFO - Processing /opt/airflow/dags/kafka_dag.py took 0.315 seconds
[2024-06-28T15:33:02.175+0000] {processor.py:161} INFO - Started process (PID=405) to work on /opt/airflow/dags/kafka_dag.py
[2024-06-28T15:33:02.178+0000] {processor.py:830} INFO - Processing file /opt/airflow/dags/kafka_dag.py for tasks to queue
[2024-06-28T15:33:02.181+0000] {logging_mixin.py:188} INFO - [2024-06-28T15:33:02.180+0000] {dagbag.py:545} INFO - Filling up the DagBag from /opt/airflow/dags/kafka_dag.py
[2024-06-28T15:33:02.315+0000] {processor.py:840} INFO - DAG(s) 'Stage_1' retrieved from /opt/airflow/dags/kafka_dag.py
[2024-06-28T15:33:02.387+0000] {logging_mixin.py:188} INFO - [2024-06-28T15:33:02.386+0000] {dag.py:3096} INFO - Sync 1 DAGs
[2024-06-28T15:33:02.423+0000] {logging_mixin.py:188} INFO - [2024-06-28T15:33:02.422+0000] {dag.py:3954} INFO - Setting next_dagrun for Stage_1 to None, run_after=None
[2024-06-28T15:33:02.466+0000] {processor.py:183} INFO - Processing /opt/airflow/dags/kafka_dag.py took 0.308 seconds
[2024-06-28T15:33:32.643+0000] {processor.py:161} INFO - Started process (PID=414) to work on /opt/airflow/dags/kafka_dag.py
[2024-06-28T15:33:32.646+0000] {processor.py:830} INFO - Processing file /opt/airflow/dags/kafka_dag.py for tasks to queue
[2024-06-28T15:33:32.649+0000] {logging_mixin.py:188} INFO - [2024-06-28T15:33:32.648+0000] {dagbag.py:545} INFO - Filling up the DagBag from /opt/airflow/dags/kafka_dag.py
[2024-06-28T15:33:32.759+0000] {processor.py:840} INFO - DAG(s) 'Stage_1' retrieved from /opt/airflow/dags/kafka_dag.py
[2024-06-28T15:33:32.803+0000] {logging_mixin.py:188} INFO - [2024-06-28T15:33:32.802+0000] {dag.py:3096} INFO - Sync 1 DAGs
[2024-06-28T15:33:32.821+0000] {logging_mixin.py:188} INFO - [2024-06-28T15:33:32.821+0000] {dag.py:3954} INFO - Setting next_dagrun for Stage_1 to None, run_after=None
[2024-06-28T15:33:32.850+0000] {processor.py:183} INFO - Processing /opt/airflow/dags/kafka_dag.py took 0.215 seconds
[2024-06-28T15:34:03.077+0000] {processor.py:161} INFO - Started process (PID=419) to work on /opt/airflow/dags/kafka_dag.py
[2024-06-28T15:34:03.079+0000] {processor.py:830} INFO - Processing file /opt/airflow/dags/kafka_dag.py for tasks to queue
[2024-06-28T15:34:03.081+0000] {logging_mixin.py:188} INFO - [2024-06-28T15:34:03.081+0000] {dagbag.py:545} INFO - Filling up the DagBag from /opt/airflow/dags/kafka_dag.py
[2024-06-28T15:34:03.149+0000] {processor.py:840} INFO - DAG(s) 'Stage_1' retrieved from /opt/airflow/dags/kafka_dag.py
[2024-06-28T15:34:03.178+0000] {logging_mixin.py:188} INFO - [2024-06-28T15:34:03.177+0000] {dag.py:3096} INFO - Sync 1 DAGs
[2024-06-28T15:34:03.192+0000] {logging_mixin.py:188} INFO - [2024-06-28T15:34:03.192+0000] {dag.py:3954} INFO - Setting next_dagrun for Stage_1 to None, run_after=None
[2024-06-28T15:34:03.214+0000] {processor.py:183} INFO - Processing /opt/airflow/dags/kafka_dag.py took 0.145 seconds
[2024-06-28T15:34:33.302+0000] {processor.py:161} INFO - Started process (PID=424) to work on /opt/airflow/dags/kafka_dag.py
[2024-06-28T15:34:33.303+0000] {processor.py:830} INFO - Processing file /opt/airflow/dags/kafka_dag.py for tasks to queue
[2024-06-28T15:34:33.305+0000] {logging_mixin.py:188} INFO - [2024-06-28T15:34:33.304+0000] {dagbag.py:545} INFO - Filling up the DagBag from /opt/airflow/dags/kafka_dag.py
[2024-06-28T15:34:33.366+0000] {processor.py:840} INFO - DAG(s) 'Stage_1' retrieved from /opt/airflow/dags/kafka_dag.py
[2024-06-28T15:34:33.395+0000] {logging_mixin.py:188} INFO - [2024-06-28T15:34:33.394+0000] {dag.py:3096} INFO - Sync 1 DAGs
[2024-06-28T15:34:33.407+0000] {logging_mixin.py:188} INFO - [2024-06-28T15:34:33.407+0000] {dag.py:3954} INFO - Setting next_dagrun for Stage_1 to None, run_after=None
[2024-06-28T15:34:33.429+0000] {processor.py:183} INFO - Processing /opt/airflow/dags/kafka_dag.py took 0.132 seconds
[2024-06-28T15:35:03.635+0000] {processor.py:161} INFO - Started process (PID=429) to work on /opt/airflow/dags/kafka_dag.py
[2024-06-28T15:35:03.637+0000] {processor.py:830} INFO - Processing file /opt/airflow/dags/kafka_dag.py for tasks to queue
[2024-06-28T15:35:03.640+0000] {logging_mixin.py:188} INFO - [2024-06-28T15:35:03.639+0000] {dagbag.py:545} INFO - Filling up the DagBag from /opt/airflow/dags/kafka_dag.py
[2024-06-28T15:35:03.764+0000] {processor.py:840} INFO - DAG(s) 'Stage_1' retrieved from /opt/airflow/dags/kafka_dag.py
[2024-06-28T15:35:03.832+0000] {logging_mixin.py:188} INFO - [2024-06-28T15:35:03.832+0000] {dag.py:3096} INFO - Sync 1 DAGs
[2024-06-28T15:35:03.863+0000] {logging_mixin.py:188} INFO - [2024-06-28T15:35:03.862+0000] {dag.py:3954} INFO - Setting next_dagrun for Stage_1 to None, run_after=None
[2024-06-28T15:35:03.901+0000] {processor.py:183} INFO - Processing /opt/airflow/dags/kafka_dag.py took 0.277 seconds
[2024-06-28T15:35:34.096+0000] {processor.py:161} INFO - Started process (PID=434) to work on /opt/airflow/dags/kafka_dag.py
[2024-06-28T15:35:34.097+0000] {processor.py:830} INFO - Processing file /opt/airflow/dags/kafka_dag.py for tasks to queue
[2024-06-28T15:35:34.100+0000] {logging_mixin.py:188} INFO - [2024-06-28T15:35:34.099+0000] {dagbag.py:545} INFO - Filling up the DagBag from /opt/airflow/dags/kafka_dag.py
[2024-06-28T15:35:34.165+0000] {processor.py:840} INFO - DAG(s) 'Stage_1' retrieved from /opt/airflow/dags/kafka_dag.py
[2024-06-28T15:35:34.198+0000] {logging_mixin.py:188} INFO - [2024-06-28T15:35:34.198+0000] {dag.py:3096} INFO - Sync 1 DAGs
[2024-06-28T15:35:34.214+0000] {logging_mixin.py:188} INFO - [2024-06-28T15:35:34.214+0000] {dag.py:3954} INFO - Setting next_dagrun for Stage_1 to None, run_after=None
[2024-06-28T15:35:34.236+0000] {processor.py:183} INFO - Processing /opt/airflow/dags/kafka_dag.py took 0.147 seconds
[2024-06-28T15:36:04.295+0000] {processor.py:161} INFO - Started process (PID=445) to work on /opt/airflow/dags/kafka_dag.py
[2024-06-28T15:36:04.296+0000] {processor.py:830} INFO - Processing file /opt/airflow/dags/kafka_dag.py for tasks to queue
[2024-06-28T15:36:04.299+0000] {logging_mixin.py:188} INFO - [2024-06-28T15:36:04.298+0000] {dagbag.py:545} INFO - Filling up the DagBag from /opt/airflow/dags/kafka_dag.py
[2024-06-28T15:36:04.405+0000] {processor.py:840} INFO - DAG(s) 'Stage_1' retrieved from /opt/airflow/dags/kafka_dag.py
[2024-06-28T15:36:04.460+0000] {logging_mixin.py:188} INFO - [2024-06-28T15:36:04.460+0000] {dag.py:3096} INFO - Sync 1 DAGs
[2024-06-28T15:36:04.486+0000] {logging_mixin.py:188} INFO - [2024-06-28T15:36:04.486+0000] {dag.py:3954} INFO - Setting next_dagrun for Stage_1 to None, run_after=None
[2024-06-28T15:36:04.529+0000] {processor.py:183} INFO - Processing /opt/airflow/dags/kafka_dag.py took 0.243 seconds
[2024-06-28T15:36:34.720+0000] {processor.py:161} INFO - Started process (PID=460) to work on /opt/airflow/dags/kafka_dag.py
[2024-06-28T15:36:34.721+0000] {processor.py:830} INFO - Processing file /opt/airflow/dags/kafka_dag.py for tasks to queue
[2024-06-28T15:36:34.724+0000] {logging_mixin.py:188} INFO - [2024-06-28T15:36:34.723+0000] {dagbag.py:545} INFO - Filling up the DagBag from /opt/airflow/dags/kafka_dag.py
[2024-06-28T15:36:34.914+0000] {processor.py:840} INFO - DAG(s) 'Stage_1' retrieved from /opt/airflow/dags/kafka_dag.py
[2024-06-28T15:36:34.972+0000] {logging_mixin.py:188} INFO - [2024-06-28T15:36:34.971+0000] {dag.py:3096} INFO - Sync 1 DAGs
[2024-06-28T15:36:35.008+0000] {logging_mixin.py:188} INFO - [2024-06-28T15:36:35.007+0000] {dag.py:3954} INFO - Setting next_dagrun for Stage_1 to None, run_after=None
[2024-06-28T15:36:35.066+0000] {processor.py:183} INFO - Processing /opt/airflow/dags/kafka_dag.py took 0.363 seconds
[2024-06-28T15:37:05.268+0000] {processor.py:161} INFO - Started process (PID=467) to work on /opt/airflow/dags/kafka_dag.py
[2024-06-28T15:37:05.271+0000] {processor.py:830} INFO - Processing file /opt/airflow/dags/kafka_dag.py for tasks to queue
[2024-06-28T15:37:05.274+0000] {logging_mixin.py:188} INFO - [2024-06-28T15:37:05.273+0000] {dagbag.py:545} INFO - Filling up the DagBag from /opt/airflow/dags/kafka_dag.py
[2024-06-28T15:37:05.378+0000] {processor.py:840} INFO - DAG(s) 'Stage_1' retrieved from /opt/airflow/dags/kafka_dag.py
[2024-06-28T15:37:05.421+0000] {logging_mixin.py:188} INFO - [2024-06-28T15:37:05.420+0000] {dag.py:3096} INFO - Sync 1 DAGs
[2024-06-28T15:37:05.443+0000] {logging_mixin.py:188} INFO - [2024-06-28T15:37:05.442+0000] {dag.py:3954} INFO - Setting next_dagrun for Stage_1 to None, run_after=None
[2024-06-28T15:37:05.479+0000] {processor.py:183} INFO - Processing /opt/airflow/dags/kafka_dag.py took 0.222 seconds
