[2024-06-25T10:59:34.406+0000] {local_task_job_runner.py:120} INFO - ::group::Pre task execution logs
[2024-06-25T10:59:34.441+0000] {taskinstance.py:2076} INFO - Dependencies all met for dep_context=non-requeueable deps ti=<TaskInstance: Stage_1.run_bronze_job manual__2024-06-25T10:59:28.939793+00:00 [queued]>
[2024-06-25T10:59:34.451+0000] {taskinstance.py:2076} INFO - Dependencies all met for dep_context=requeueable deps ti=<TaskInstance: Stage_1.run_bronze_job manual__2024-06-25T10:59:28.939793+00:00 [queued]>
[2024-06-25T10:59:34.451+0000] {taskinstance.py:2306} INFO - Starting attempt 1 of 1
[2024-06-25T10:59:34.465+0000] {taskinstance.py:2330} INFO - Executing <Task(DockerOperator): run_bronze_job> on 2024-06-25 10:59:28.939793+00:00
[2024-06-25T10:59:34.473+0000] {logging_mixin.py:188} WARNING - /home/***/.local/lib/python3.12/site-packages/***/task/task_runner/standard_task_runner.py:61 DeprecationWarning: This process (pid=255) is multi-threaded, use of fork() may lead to deadlocks in the child.
[2024-06-25T10:59:34.475+0000] {standard_task_runner.py:63} INFO - Started process 256 to run task
[2024-06-25T10:59:34.473+0000] {standard_task_runner.py:90} INFO - Running: ['***', 'tasks', 'run', 'Stage_1', 'run_bronze_job', 'manual__2024-06-25T10:59:28.939793+00:00', '--job-id', '50', '--raw', '--subdir', 'DAGS_FOLDER/kafka_dag.py', '--cfg-path', '/tmp/tmpol5scyxj']
[2024-06-25T10:59:34.476+0000] {standard_task_runner.py:91} INFO - Job 50: Subtask run_bronze_job
[2024-06-25T10:59:34.490+0000] {logging_mixin.py:188} WARNING - /home/***/.local/lib/python3.12/site-packages/***/settings.py:195 DeprecationWarning: The sql_alchemy_conn option in [core] has been moved to the sql_alchemy_conn option in [database] - the old setting has been used, but please update your config.
[2024-06-25T10:59:34.522+0000] {task_command.py:426} INFO - Running <TaskInstance: Stage_1.run_bronze_job manual__2024-06-25T10:59:28.939793+00:00 [running]> on host 0b2aef5f9e3a
[2024-06-25T10:59:34.622+0000] {taskinstance.py:2648} INFO - Exporting env vars: AIRFLOW_CTX_DAG_OWNER='***' AIRFLOW_CTX_DAG_ID='Stage_1' AIRFLOW_CTX_TASK_ID='run_bronze_job' AIRFLOW_CTX_EXECUTION_DATE='2024-06-25T10:59:28.939793+00:00' AIRFLOW_CTX_TRY_NUMBER='1' AIRFLOW_CTX_DAG_RUN_ID='manual__2024-06-25T10:59:28.939793+00:00'
[2024-06-25T10:59:34.623+0000] {taskinstance.py:430} INFO - ::endgroup::
[2024-06-25T10:59:34.658+0000] {docker.py:366} INFO - Starting docker container from image bitnami/spark:latest
[2024-06-25T10:59:34.662+0000] {docker.py:374} WARNING - Using remote engine or docker-in-docker and mounting temporary volume from host is not supported. Falling back to `mount_tmp_dir=False` mode. You can set `mount_tmp_dir` parameter to False to disable mounting and remove the warning
[2024-06-25T10:59:35.032+0000] {docker.py:436} INFO - [38;5;6mspark [38;5;5m10:59:35.03 [0m[38;5;2mINFO [0m ==>
[2024-06-25T10:59:35.034+0000] {docker.py:436} INFO - [38;5;6mspark [38;5;5m10:59:35.03 [0m[38;5;2mINFO [0m ==> [1mWelcome to the Bitnami spark container[0m
[2024-06-25T10:59:35.036+0000] {docker.py:436} INFO - [38;5;6mspark [38;5;5m10:59:35.03 [0m[38;5;2mINFO [0m ==> Subscribe to project updates by watching [1mhttps://github.com/bitnami/containers[0m
[2024-06-25T10:59:35.038+0000] {docker.py:436} INFO - [38;5;6mspark [38;5;5m10:59:35.03 [0m[38;5;2mINFO [0m ==> Submit issues and feature requests at [1mhttps://github.com/bitnami/containers/issues[0m
[2024-06-25T10:59:35.041+0000] {docker.py:436} INFO - [38;5;6mspark [38;5;5m10:59:35.04 [0m[38;5;2mINFO [0m ==> Upgrade to Tanzu Application Catalog for production environments to access custom-configured and pre-packaged software components. Gain enhanced features, including Software Bill of Materials (SBOM), CVE scan result reports, and VEX documents. To learn more, visit [1mhttps://bitnami.com/enterprise[0m
[2024-06-25T10:59:35.042+0000] {docker.py:436} INFO - [38;5;6mspark [38;5;5m10:59:35.04 [0m[38;5;2mINFO [0m ==>
[2024-06-25T10:59:35.050+0000] {docker.py:436} INFO - 
[2024-06-25T10:59:37.107+0000] {docker.py:436} INFO - :: loading settings :: url = jar:file:/opt/bitnami/spark/jars/ivy-2.5.1.jar!/org/apache/ivy/core/settings/ivysettings.xml
[2024-06-25T10:59:37.193+0000] {docker.py:436} INFO - Ivy Default Cache set to: /opt/bitnami/spark/.ivy2/cache
The jars for the packages stored in: /opt/bitnami/spark/.ivy2/jars
[2024-06-25T10:59:37.203+0000] {docker.py:436} INFO - org.apache.spark#spark-sql-kafka-0-10_2.12 added as a dependency
[2024-06-25T10:59:37.205+0000] {docker.py:436} INFO - :: resolving dependencies :: org.apache.spark#spark-submit-parent-450fa529-1d36-4a3c-9e3c-56abe287660f;1.0
	confs: [default]
[2024-06-25T10:59:39.017+0000] {docker.py:436} INFO - found org.apache.spark#spark-sql-kafka-0-10_2.12;3.3.0 in central
[2024-06-25T10:59:39.587+0000] {docker.py:436} INFO - found org.apache.spark#spark-token-provider-kafka-0-10_2.12;3.3.0 in central
[2024-06-25T10:59:39.669+0000] {docker.py:436} INFO - found org.apache.kafka#kafka-clients;2.8.1 in central
[2024-06-25T10:59:39.735+0000] {docker.py:436} INFO - found org.lz4#lz4-java;1.8.0 in central
[2024-06-25T10:59:39.800+0000] {docker.py:436} INFO - found org.xerial.snappy#snappy-java;1.1.8.4 in central
[2024-06-25T10:59:40.876+0000] {docker.py:436} INFO - found org.slf4j#slf4j-api;1.7.32 in central
[2024-06-25T10:59:42.438+0000] {docker.py:436} INFO - found org.apache.hadoop#hadoop-client-runtime;3.3.2 in central
[2024-06-25T10:59:42.676+0000] {docker.py:436} INFO - found org.spark-project.spark#unused;1.0.0 in central
[2024-06-25T10:59:42.793+0000] {docker.py:436} INFO - found org.apache.hadoop#hadoop-client-api;3.3.2 in central
[2024-06-25T10:59:43.007+0000] {docker.py:436} INFO - found commons-logging#commons-logging;1.1.3 in central
[2024-06-25T10:59:43.047+0000] {docker.py:436} INFO - found com.google.code.findbugs#jsr305;3.0.0 in central
[2024-06-25T10:59:44.046+0000] {docker.py:436} INFO - found org.apache.commons#commons-pool2;2.11.1 in central
[2024-06-25T10:59:44.078+0000] {docker.py:436} INFO - downloading https://repo1.maven.org/maven2/org/apache/spark/spark-sql-kafka-0-10_2.12/3.3.0/spark-sql-kafka-0-10_2.12-3.3.0.jar ...
[2024-06-25T10:59:44.147+0000] {docker.py:436} INFO - [SUCCESSFUL ] org.apache.spark#spark-sql-kafka-0-10_2.12;3.3.0!spark-sql-kafka-0-10_2.12.jar (83ms)
[2024-06-25T10:59:44.158+0000] {docker.py:436} INFO - downloading https://repo1.maven.org/maven2/org/apache/spark/spark-token-provider-kafka-0-10_2.12/3.3.0/spark-token-provider-kafka-0-10_2.12-3.3.0.jar ...
[2024-06-25T10:59:44.179+0000] {docker.py:436} INFO - [SUCCESSFUL ] org.apache.spark#spark-token-provider-kafka-0-10_2.12;3.3.0!spark-token-provider-kafka-0-10_2.12.jar (31ms)
[2024-06-25T10:59:44.196+0000] {docker.py:436} INFO - downloading https://repo1.maven.org/maven2/org/apache/kafka/kafka-clients/2.8.1/kafka-clients-2.8.1.jar ...
[2024-06-25T10:59:44.885+0000] {docker.py:436} INFO - [SUCCESSFUL ] org.apache.kafka#kafka-clients;2.8.1!kafka-clients.jar (704ms)
[2024-06-25T10:59:44.896+0000] {docker.py:436} INFO - downloading https://repo1.maven.org/maven2/com/google/code/findbugs/jsr305/3.0.0/jsr305-3.0.0.jar ...
[2024-06-25T10:59:44.910+0000] {docker.py:436} INFO - [SUCCESSFUL ] com.google.code.findbugs#jsr305;3.0.0!jsr305.jar (24ms)
[2024-06-25T10:59:44.923+0000] {docker.py:436} INFO - downloading https://repo1.maven.org/maven2/org/apache/commons/commons-pool2/2.11.1/commons-pool2-2.11.1.jar ...
[2024-06-25T10:59:44.979+0000] {docker.py:436} INFO - [SUCCESSFUL ] org.apache.commons#commons-pool2;2.11.1!commons-pool2.jar (68ms)
[2024-06-25T10:59:44.991+0000] {docker.py:436} INFO - downloading https://repo1.maven.org/maven2/org/spark-project/spark/unused/1.0.0/unused-1.0.0.jar ...
[2024-06-25T10:59:45.001+0000] {docker.py:436} INFO - [SUCCESSFUL ] org.spark-project.spark#unused;1.0.0!unused.jar (20ms)
[2024-06-25T10:59:45.014+0000] {docker.py:436} INFO - downloading https://repo1.maven.org/maven2/org/apache/hadoop/hadoop-client-runtime/3.3.2/hadoop-client-runtime-3.3.2.jar ...
[2024-06-25T10:59:49.031+0000] {docker.py:436} INFO - [SUCCESSFUL ] org.apache.hadoop#hadoop-client-runtime;3.3.2!hadoop-client-runtime.jar (4029ms)
[2024-06-25T10:59:49.042+0000] {docker.py:436} INFO - downloading https://repo1.maven.org/maven2/org/lz4/lz4-java/1.8.0/lz4-java-1.8.0.jar ...
[2024-06-25T10:59:49.133+0000] {docker.py:436} INFO - [SUCCESSFUL ] org.lz4#lz4-java;1.8.0!lz4-java.jar (100ms)
[2024-06-25T10:59:49.146+0000] {docker.py:436} INFO - downloading https://repo1.maven.org/maven2/org/xerial/snappy/snappy-java/1.1.8.4/snappy-java-1.1.8.4.jar ...
[2024-06-25T10:59:49.393+0000] {docker.py:436} INFO - [SUCCESSFUL ] org.xerial.snappy#snappy-java;1.1.8.4!snappy-java.jar(bundle) (260ms)
[2024-06-25T10:59:49.403+0000] {docker.py:436} INFO - downloading https://repo1.maven.org/maven2/org/slf4j/slf4j-api/1.7.32/slf4j-api-1.7.32.jar ...
[2024-06-25T10:59:49.424+0000] {docker.py:436} INFO - [SUCCESSFUL ] org.slf4j#slf4j-api;1.7.32!slf4j-api.jar (30ms)
[2024-06-25T10:59:49.448+0000] {docker.py:436} INFO - downloading https://repo1.maven.org/maven2/org/apache/hadoop/hadoop-client-api/3.3.2/hadoop-client-api-3.3.2.jar ...
[2024-06-25T10:59:51.831+0000] {docker.py:436} INFO - [SUCCESSFUL ] org.apache.hadoop#hadoop-client-api;3.3.2!hadoop-client-api.jar (2406ms)
[2024-06-25T10:59:51.840+0000] {docker.py:436} INFO - downloading https://repo1.maven.org/maven2/commons-logging/commons-logging/1.1.3/commons-logging-1.1.3.jar ...
[2024-06-25T10:59:51.867+0000] {docker.py:436} INFO - [SUCCESSFUL ] commons-logging#commons-logging;1.1.3!commons-logging.jar (34ms)
[2024-06-25T10:59:51.869+0000] {docker.py:436} INFO - :: resolution report :: resolve 6857ms :: artifacts dl 7805ms
[2024-06-25T10:59:51.870+0000] {docker.py:436} INFO - :: modules in use:
[2024-06-25T10:59:51.871+0000] {docker.py:436} INFO - com.google.code.findbugs#jsr305;3.0.0 from central in [default]
[2024-06-25T10:59:51.871+0000] {docker.py:436} INFO - commons-logging#commons-logging;1.1.3 from central in [default]
	org.apache.commons#commons-pool2;2.11.1 from central in [default]
[2024-06-25T10:59:51.872+0000] {docker.py:436} INFO - org.apache.hadoop#hadoop-client-api;3.3.2 from central in [default]
[2024-06-25T10:59:51.872+0000] {docker.py:436} INFO - org.apache.hadoop#hadoop-client-runtime;3.3.2 from central in [default]
[2024-06-25T10:59:51.873+0000] {docker.py:436} INFO - org.apache.kafka#kafka-clients;2.8.1 from central in [default]
[2024-06-25T10:59:51.874+0000] {docker.py:436} INFO - org.apache.spark#spark-sql-kafka-0-10_2.12;3.3.0 from central in [default]
[2024-06-25T10:59:51.874+0000] {docker.py:436} INFO - org.apache.spark#spark-token-provider-kafka-0-10_2.12;3.3.0 from central in [default]
	org.lz4#lz4-java;1.8.0 from central in [default]
	org.slf4j#slf4j-api;1.7.32 from central in [default]
	org.spark-project.spark#unused;1.0.0 from central in [default]
	org.xerial.snappy#snappy-java;1.1.8.4 from central in [default]
	---------------------------------------------------------------------
	|                  |            modules            ||   artifacts   |
	|       conf       | number| search|dwnlded|evicted|| number|dwnlded|
	---------------------------------------------------------------------
[2024-06-25T10:59:51.875+0000] {docker.py:436} INFO - |      default     |   12  |   12  |   12  |   0   ||   12  |   12  |
	---------------------------------------------------------------------
[2024-06-25T10:59:51.878+0000] {docker.py:436} INFO - :: retrieving :: org.apache.spark#spark-submit-parent-450fa529-1d36-4a3c-9e3c-56abe287660f
[2024-06-25T10:59:51.879+0000] {docker.py:436} INFO - confs: [default]
[2024-06-25T10:59:51.947+0000] {docker.py:436} INFO - 12 artifacts copied, 0 already retrieved (56631kB/70ms)
[2024-06-25T10:59:52.228+0000] {docker.py:436} INFO - 24/06/25 10:59:52 WARN NativeCodeLoader: Unable to load native-hadoop library for your platform... using builtin-java classes where applicable
[2024-06-25T10:59:53.632+0000] {docker.py:436} INFO - 24/06/25 10:59:53 INFO SparkContext: Running Spark version 3.5.1
[2024-06-25T10:59:53.633+0000] {docker.py:436} INFO - 24/06/25 10:59:53 INFO SparkContext: OS info Linux, 6.5.0-41-generic, amd64
[2024-06-25T10:59:53.636+0000] {docker.py:436} INFO - 24/06/25 10:59:53 INFO SparkContext: Java version 17.0.11
[2024-06-25T10:59:53.669+0000] {docker.py:436} INFO - 24/06/25 10:59:53 INFO ResourceUtils: ==============================================================
[2024-06-25T10:59:53.671+0000] {docker.py:436} INFO - 24/06/25 10:59:53 INFO ResourceUtils: No custom resources configured for spark.driver.
[2024-06-25T10:59:53.672+0000] {docker.py:436} INFO - 24/06/25 10:59:53 INFO ResourceUtils: ==============================================================
[2024-06-25T10:59:53.674+0000] {docker.py:436} INFO - 24/06/25 10:59:53 INFO SparkContext: Submitted application: PostgreSQL Connection with PySpark
[2024-06-25T10:59:53.703+0000] {docker.py:436} INFO - 24/06/25 10:59:53 INFO ResourceProfile: Default ResourceProfile created, executor resources: Map(cores -> name: cores, amount: 1, script: , vendor: , memory -> name: memory, amount: 1024, script: , vendor: , offHeap -> name: offHeap, amount: 0, script: , vendor: ), task resources: Map(cpus -> name: cpus, amount: 1.0)
[2024-06-25T10:59:53.713+0000] {docker.py:436} INFO - 24/06/25 10:59:53 INFO ResourceProfile: Limiting resource is cpu
[2024-06-25T10:59:53.714+0000] {docker.py:436} INFO - 24/06/25 10:59:53 INFO ResourceProfileManager: Added ResourceProfile id: 0
[2024-06-25T10:59:53.782+0000] {docker.py:436} INFO - 24/06/25 10:59:53 INFO SecurityManager: Changing view acls to: spark
[2024-06-25T10:59:53.784+0000] {docker.py:436} INFO - 24/06/25 10:59:53 INFO SecurityManager: Changing modify acls to: spark
[2024-06-25T10:59:53.785+0000] {docker.py:436} INFO - 24/06/25 10:59:53 INFO SecurityManager: Changing view acls groups to:
[2024-06-25T10:59:53.785+0000] {docker.py:436} INFO - 24/06/25 10:59:53 INFO SecurityManager: Changing modify acls groups to:
[2024-06-25T10:59:53.786+0000] {docker.py:436} INFO - 24/06/25 10:59:53 INFO SecurityManager: SecurityManager: authentication disabled; ui acls disabled; users with view permissions: spark; groups with view permissions: EMPTY; users with modify permissions: spark; groups with modify permissions: EMPTY
[2024-06-25T10:59:54.067+0000] {docker.py:436} INFO - 24/06/25 10:59:54 INFO Utils: Successfully started service 'sparkDriver' on port 38917.
[2024-06-25T10:59:54.097+0000] {docker.py:436} INFO - 24/06/25 10:59:54 INFO SparkEnv: Registering MapOutputTracker
[2024-06-25T10:59:54.136+0000] {docker.py:436} INFO - 24/06/25 10:59:54 INFO SparkEnv: Registering BlockManagerMaster
[2024-06-25T10:59:54.164+0000] {docker.py:436} INFO - 24/06/25 10:59:54 INFO BlockManagerMasterEndpoint: Using org.apache.spark.storage.DefaultTopologyMapper for getting topology information
[2024-06-25T10:59:54.166+0000] {docker.py:436} INFO - 24/06/25 10:59:54 INFO BlockManagerMasterEndpoint: BlockManagerMasterEndpoint up
[2024-06-25T10:59:54.173+0000] {docker.py:436} INFO - 24/06/25 10:59:54 INFO SparkEnv: Registering BlockManagerMasterHeartbeat
[2024-06-25T10:59:54.201+0000] {docker.py:436} INFO - 24/06/25 10:59:54 INFO DiskBlockManager: Created local directory at /tmp/blockmgr-f0a3d3a7-422f-4383-821c-4cddf4aacf3a
[2024-06-25T10:59:54.214+0000] {docker.py:436} INFO - 24/06/25 10:59:54 INFO MemoryStore: MemoryStore started with capacity 434.4 MiB
[2024-06-25T10:59:54.231+0000] {docker.py:436} INFO - 24/06/25 10:59:54 INFO SparkEnv: Registering OutputCommitCoordinator
[2024-06-25T10:59:54.371+0000] {docker.py:436} INFO - 24/06/25 10:59:54 INFO JettyUtils: Start Jetty 0.0.0.0:4040 for SparkUI
[2024-06-25T10:59:54.452+0000] {docker.py:436} INFO - 24/06/25 10:59:54 INFO Utils: Successfully started service 'SparkUI' on port 4040.
[2024-06-25T10:59:54.505+0000] {docker.py:436} INFO - 24/06/25 10:59:54 INFO SparkContext: Added JAR file:///opt/bitnami/spark/.ivy2/jars/org.apache.spark_spark-sql-kafka-0-10_2.12-3.3.0.jar at spark://localhost:38917/jars/org.apache.spark_spark-sql-kafka-0-10_2.12-3.3.0.jar with timestamp 1719313193624
[2024-06-25T10:59:54.506+0000] {docker.py:436} INFO - 24/06/25 10:59:54 INFO SparkContext: Added JAR file:///opt/bitnami/spark/.ivy2/jars/org.apache.spark_spark-token-provider-kafka-0-10_2.12-3.3.0.jar at spark://localhost:38917/jars/org.apache.spark_spark-token-provider-kafka-0-10_2.12-3.3.0.jar with timestamp 1719313193624
24/06/25 10:59:54 INFO SparkContext: Added JAR file:///opt/bitnami/spark/.ivy2/jars/org.apache.kafka_kafka-clients-2.8.1.jar at spark://localhost:38917/jars/org.apache.kafka_kafka-clients-2.8.1.jar with timestamp 1719313193624
[2024-06-25T10:59:54.507+0000] {docker.py:436} INFO - 24/06/25 10:59:54 INFO SparkContext: Added JAR file:///opt/bitnami/spark/.ivy2/jars/com.google.code.findbugs_jsr305-3.0.0.jar at spark://localhost:38917/jars/com.google.code.findbugs_jsr305-3.0.0.jar with timestamp 1719313193624
[2024-06-25T10:59:54.507+0000] {docker.py:436} INFO - 24/06/25 10:59:54 INFO SparkContext: Added JAR file:///opt/bitnami/spark/.ivy2/jars/org.apache.commons_commons-pool2-2.11.1.jar at spark://localhost:38917/jars/org.apache.commons_commons-pool2-2.11.1.jar with timestamp 1719313193624
[2024-06-25T10:59:54.508+0000] {docker.py:436} INFO - 24/06/25 10:59:54 INFO SparkContext: Added JAR file:///opt/bitnami/spark/.ivy2/jars/org.spark-project.spark_unused-1.0.0.jar at spark://localhost:38917/jars/org.spark-project.spark_unused-1.0.0.jar with timestamp 1719313193624
24/06/25 10:59:54 INFO SparkContext: Added JAR file:///opt/bitnami/spark/.ivy2/jars/org.apache.hadoop_hadoop-client-runtime-3.3.2.jar at spark://localhost:38917/jars/org.apache.hadoop_hadoop-client-runtime-3.3.2.jar with timestamp 1719313193624
24/06/25 10:59:54 INFO SparkContext: Added JAR file:///opt/bitnami/spark/.ivy2/jars/org.lz4_lz4-java-1.8.0.jar at spark://localhost:38917/jars/org.lz4_lz4-java-1.8.0.jar with timestamp 1719313193624
24/06/25 10:59:54 INFO SparkContext: Added JAR file:///opt/bitnami/spark/.ivy2/jars/org.xerial.snappy_snappy-java-1.1.8.4.jar at spark://localhost:38917/jars/org.xerial.snappy_snappy-java-1.1.8.4.jar with timestamp 1719313193624
24/06/25 10:59:54 INFO SparkContext: Added JAR file:///opt/bitnami/spark/.ivy2/jars/org.slf4j_slf4j-api-1.7.32.jar at spark://localhost:38917/jars/org.slf4j_slf4j-api-1.7.32.jar with timestamp 1719313193624
24/06/25 10:59:54 INFO SparkContext: Added JAR file:///opt/bitnami/spark/.ivy2/jars/org.apache.hadoop_hadoop-client-api-3.3.2.jar at spark://localhost:38917/jars/org.apache.hadoop_hadoop-client-api-3.3.2.jar with timestamp 1719313193624
[2024-06-25T10:59:54.508+0000] {docker.py:436} INFO - 24/06/25 10:59:54 INFO SparkContext: Added JAR file:///opt/bitnami/spark/.ivy2/jars/commons-logging_commons-logging-1.1.3.jar at spark://localhost:38917/jars/commons-logging_commons-logging-1.1.3.jar with timestamp 1719313193624
[2024-06-25T10:59:54.513+0000] {docker.py:436} INFO - 24/06/25 10:59:54 INFO SparkContext: Added file file:///opt/bitnami/spark/.ivy2/jars/org.apache.spark_spark-sql-kafka-0-10_2.12-3.3.0.jar at file:///opt/bitnami/spark/.ivy2/jars/org.apache.spark_spark-sql-kafka-0-10_2.12-3.3.0.jar with timestamp 1719313193624
[2024-06-25T10:59:54.515+0000] {docker.py:436} INFO - 24/06/25 10:59:54 INFO Utils: Copying /opt/bitnami/spark/.ivy2/jars/org.apache.spark_spark-sql-kafka-0-10_2.12-3.3.0.jar to /tmp/spark-c4be6e6a-8660-4280-87f6-87f9bdab769b/userFiles-a4dfc8e3-75b2-41b9-bdea-2b0581a89c1b/org.apache.spark_spark-sql-kafka-0-10_2.12-3.3.0.jar
[2024-06-25T10:59:54.526+0000] {docker.py:436} INFO - 24/06/25 10:59:54 INFO SparkContext: Added file file:///opt/bitnami/spark/.ivy2/jars/org.apache.spark_spark-token-provider-kafka-0-10_2.12-3.3.0.jar at file:///opt/bitnami/spark/.ivy2/jars/org.apache.spark_spark-token-provider-kafka-0-10_2.12-3.3.0.jar with timestamp 1719313193624
[2024-06-25T10:59:54.527+0000] {docker.py:436} INFO - 24/06/25 10:59:54 INFO Utils: Copying /opt/bitnami/spark/.ivy2/jars/org.apache.spark_spark-token-provider-kafka-0-10_2.12-3.3.0.jar to /tmp/spark-c4be6e6a-8660-4280-87f6-87f9bdab769b/userFiles-a4dfc8e3-75b2-41b9-bdea-2b0581a89c1b/org.apache.spark_spark-token-provider-kafka-0-10_2.12-3.3.0.jar
[2024-06-25T10:59:54.531+0000] {docker.py:436} INFO - 24/06/25 10:59:54 INFO SparkContext: Added file file:///opt/bitnami/spark/.ivy2/jars/org.apache.kafka_kafka-clients-2.8.1.jar at file:///opt/bitnami/spark/.ivy2/jars/org.apache.kafka_kafka-clients-2.8.1.jar with timestamp 1719313193624
[2024-06-25T10:59:54.532+0000] {docker.py:436} INFO - 24/06/25 10:59:54 INFO Utils: Copying /opt/bitnami/spark/.ivy2/jars/org.apache.kafka_kafka-clients-2.8.1.jar to /tmp/spark-c4be6e6a-8660-4280-87f6-87f9bdab769b/userFiles-a4dfc8e3-75b2-41b9-bdea-2b0581a89c1b/org.apache.kafka_kafka-clients-2.8.1.jar
[2024-06-25T10:59:54.542+0000] {docker.py:436} INFO - 24/06/25 10:59:54 INFO SparkContext: Added file file:///opt/bitnami/spark/.ivy2/jars/com.google.code.findbugs_jsr305-3.0.0.jar at file:///opt/bitnami/spark/.ivy2/jars/com.google.code.findbugs_jsr305-3.0.0.jar with timestamp 1719313193624
[2024-06-25T10:59:54.543+0000] {docker.py:436} INFO - 24/06/25 10:59:54 INFO Utils: Copying /opt/bitnami/spark/.ivy2/jars/com.google.code.findbugs_jsr305-3.0.0.jar to /tmp/spark-c4be6e6a-8660-4280-87f6-87f9bdab769b/userFiles-a4dfc8e3-75b2-41b9-bdea-2b0581a89c1b/com.google.code.findbugs_jsr305-3.0.0.jar
[2024-06-25T10:59:54.549+0000] {docker.py:436} INFO - 24/06/25 10:59:54 INFO SparkContext: Added file file:///opt/bitnami/spark/.ivy2/jars/org.apache.commons_commons-pool2-2.11.1.jar at file:///opt/bitnami/spark/.ivy2/jars/org.apache.commons_commons-pool2-2.11.1.jar with timestamp 1719313193624
[2024-06-25T10:59:54.550+0000] {docker.py:436} INFO - 24/06/25 10:59:54 INFO Utils: Copying /opt/bitnami/spark/.ivy2/jars/org.apache.commons_commons-pool2-2.11.1.jar to /tmp/spark-c4be6e6a-8660-4280-87f6-87f9bdab769b/userFiles-a4dfc8e3-75b2-41b9-bdea-2b0581a89c1b/org.apache.commons_commons-pool2-2.11.1.jar
[2024-06-25T10:59:54.554+0000] {docker.py:436} INFO - 24/06/25 10:59:54 INFO SparkContext: Added file file:///opt/bitnami/spark/.ivy2/jars/org.spark-project.spark_unused-1.0.0.jar at file:///opt/bitnami/spark/.ivy2/jars/org.spark-project.spark_unused-1.0.0.jar with timestamp 1719313193624
[2024-06-25T10:59:54.555+0000] {docker.py:436} INFO - 24/06/25 10:59:54 INFO Utils: Copying /opt/bitnami/spark/.ivy2/jars/org.spark-project.spark_unused-1.0.0.jar to /tmp/spark-c4be6e6a-8660-4280-87f6-87f9bdab769b/userFiles-a4dfc8e3-75b2-41b9-bdea-2b0581a89c1b/org.spark-project.spark_unused-1.0.0.jar
[2024-06-25T10:59:54.559+0000] {docker.py:436} INFO - 24/06/25 10:59:54 INFO SparkContext: Added file file:///opt/bitnami/spark/.ivy2/jars/org.apache.hadoop_hadoop-client-runtime-3.3.2.jar at file:///opt/bitnami/spark/.ivy2/jars/org.apache.hadoop_hadoop-client-runtime-3.3.2.jar with timestamp 1719313193624
[2024-06-25T10:59:54.559+0000] {docker.py:436} INFO - 24/06/25 10:59:54 INFO Utils: Copying /opt/bitnami/spark/.ivy2/jars/org.apache.hadoop_hadoop-client-runtime-3.3.2.jar to /tmp/spark-c4be6e6a-8660-4280-87f6-87f9bdab769b/userFiles-a4dfc8e3-75b2-41b9-bdea-2b0581a89c1b/org.apache.hadoop_hadoop-client-runtime-3.3.2.jar
[2024-06-25T10:59:54.583+0000] {docker.py:436} INFO - 24/06/25 10:59:54 INFO SparkContext: Added file file:///opt/bitnami/spark/.ivy2/jars/org.lz4_lz4-java-1.8.0.jar at file:///opt/bitnami/spark/.ivy2/jars/org.lz4_lz4-java-1.8.0.jar with timestamp 1719313193624
[2024-06-25T10:59:54.584+0000] {docker.py:436} INFO - 24/06/25 10:59:54 INFO Utils: Copying /opt/bitnami/spark/.ivy2/jars/org.lz4_lz4-java-1.8.0.jar to /tmp/spark-c4be6e6a-8660-4280-87f6-87f9bdab769b/userFiles-a4dfc8e3-75b2-41b9-bdea-2b0581a89c1b/org.lz4_lz4-java-1.8.0.jar
[2024-06-25T10:59:54.588+0000] {docker.py:436} INFO - 24/06/25 10:59:54 INFO SparkContext: Added file file:///opt/bitnami/spark/.ivy2/jars/org.xerial.snappy_snappy-java-1.1.8.4.jar at file:///opt/bitnami/spark/.ivy2/jars/org.xerial.snappy_snappy-java-1.1.8.4.jar with timestamp 1719313193624
[2024-06-25T10:59:54.589+0000] {docker.py:436} INFO - 24/06/25 10:59:54 INFO Utils: Copying /opt/bitnami/spark/.ivy2/jars/org.xerial.snappy_snappy-java-1.1.8.4.jar to /tmp/spark-c4be6e6a-8660-4280-87f6-87f9bdab769b/userFiles-a4dfc8e3-75b2-41b9-bdea-2b0581a89c1b/org.xerial.snappy_snappy-java-1.1.8.4.jar
[2024-06-25T10:59:54.594+0000] {docker.py:436} INFO - 24/06/25 10:59:54 INFO SparkContext: Added file file:///opt/bitnami/spark/.ivy2/jars/org.slf4j_slf4j-api-1.7.32.jar at file:///opt/bitnami/spark/.ivy2/jars/org.slf4j_slf4j-api-1.7.32.jar with timestamp 1719313193624
[2024-06-25T10:59:54.594+0000] {docker.py:436} INFO - 24/06/25 10:59:54 INFO Utils: Copying /opt/bitnami/spark/.ivy2/jars/org.slf4j_slf4j-api-1.7.32.jar to /tmp/spark-c4be6e6a-8660-4280-87f6-87f9bdab769b/userFiles-a4dfc8e3-75b2-41b9-bdea-2b0581a89c1b/org.slf4j_slf4j-api-1.7.32.jar
[2024-06-25T10:59:54.598+0000] {docker.py:436} INFO - 24/06/25 10:59:54 INFO SparkContext: Added file file:///opt/bitnami/spark/.ivy2/jars/org.apache.hadoop_hadoop-client-api-3.3.2.jar at file:///opt/bitnami/spark/.ivy2/jars/org.apache.hadoop_hadoop-client-api-3.3.2.jar with timestamp 1719313193624
[2024-06-25T10:59:54.598+0000] {docker.py:436} INFO - 24/06/25 10:59:54 INFO Utils: Copying /opt/bitnami/spark/.ivy2/jars/org.apache.hadoop_hadoop-client-api-3.3.2.jar to /tmp/spark-c4be6e6a-8660-4280-87f6-87f9bdab769b/userFiles-a4dfc8e3-75b2-41b9-bdea-2b0581a89c1b/org.apache.hadoop_hadoop-client-api-3.3.2.jar
[2024-06-25T10:59:54.615+0000] {docker.py:436} INFO - 24/06/25 10:59:54 INFO SparkContext: Added file file:///opt/bitnami/spark/.ivy2/jars/commons-logging_commons-logging-1.1.3.jar at file:///opt/bitnami/spark/.ivy2/jars/commons-logging_commons-logging-1.1.3.jar with timestamp 1719313193624
[2024-06-25T10:59:54.616+0000] {docker.py:436} INFO - 24/06/25 10:59:54 INFO Utils: Copying /opt/bitnami/spark/.ivy2/jars/commons-logging_commons-logging-1.1.3.jar to /tmp/spark-c4be6e6a-8660-4280-87f6-87f9bdab769b/userFiles-a4dfc8e3-75b2-41b9-bdea-2b0581a89c1b/commons-logging_commons-logging-1.1.3.jar
[2024-06-25T10:59:54.686+0000] {docker.py:436} INFO - 24/06/25 10:59:54 INFO Executor: Starting executor ID driver on host localhost
[2024-06-25T10:59:54.688+0000] {docker.py:436} INFO - 24/06/25 10:59:54 INFO Executor: OS info Linux, 6.5.0-41-generic, amd64
[2024-06-25T10:59:54.688+0000] {docker.py:436} INFO - 24/06/25 10:59:54 INFO Executor: Java version 17.0.11
[2024-06-25T10:59:54.700+0000] {docker.py:436} INFO - 24/06/25 10:59:54 INFO Executor: Starting executor with user classpath (userClassPathFirst = false): ''
[2024-06-25T10:59:54.702+0000] {docker.py:436} INFO - 24/06/25 10:59:54 INFO Executor: Created or updated repl class loader org.apache.spark.util.MutableURLClassLoader@796e774e for default.
[2024-06-25T10:59:54.715+0000] {docker.py:436} INFO - 24/06/25 10:59:54 INFO Executor: Fetching file:///opt/bitnami/spark/.ivy2/jars/org.apache.hadoop_hadoop-client-api-3.3.2.jar with timestamp 1719313193624
[2024-06-25T10:59:54.751+0000] {docker.py:436} INFO - 24/06/25 10:59:54 INFO Utils: /opt/bitnami/spark/.ivy2/jars/org.apache.hadoop_hadoop-client-api-3.3.2.jar has been previously copied to /tmp/spark-c4be6e6a-8660-4280-87f6-87f9bdab769b/userFiles-a4dfc8e3-75b2-41b9-bdea-2b0581a89c1b/org.apache.hadoop_hadoop-client-api-3.3.2.jar
[2024-06-25T10:59:54.755+0000] {docker.py:436} INFO - 24/06/25 10:59:54 INFO Executor: Fetching file:///opt/bitnami/spark/.ivy2/jars/org.xerial.snappy_snappy-java-1.1.8.4.jar with timestamp 1719313193624
[2024-06-25T10:59:54.758+0000] {docker.py:436} INFO - 24/06/25 10:59:54 INFO Utils: /opt/bitnami/spark/.ivy2/jars/org.xerial.snappy_snappy-java-1.1.8.4.jar has been previously copied to /tmp/spark-c4be6e6a-8660-4280-87f6-87f9bdab769b/userFiles-a4dfc8e3-75b2-41b9-bdea-2b0581a89c1b/org.xerial.snappy_snappy-java-1.1.8.4.jar
[2024-06-25T10:59:54.762+0000] {docker.py:436} INFO - 24/06/25 10:59:54 INFO Executor: Fetching file:///opt/bitnami/spark/.ivy2/jars/org.apache.hadoop_hadoop-client-runtime-3.3.2.jar with timestamp 1719313193624
[2024-06-25T10:59:54.796+0000] {docker.py:436} INFO - 24/06/25 10:59:54 INFO Utils: /opt/bitnami/spark/.ivy2/jars/org.apache.hadoop_hadoop-client-runtime-3.3.2.jar has been previously copied to /tmp/spark-c4be6e6a-8660-4280-87f6-87f9bdab769b/userFiles-a4dfc8e3-75b2-41b9-bdea-2b0581a89c1b/org.apache.hadoop_hadoop-client-runtime-3.3.2.jar
[2024-06-25T10:59:54.807+0000] {docker.py:436} INFO - 24/06/25 10:59:54 INFO Executor: Fetching file:///opt/bitnami/spark/.ivy2/jars/org.apache.commons_commons-pool2-2.11.1.jar with timestamp 1719313193624
[2024-06-25T10:59:54.808+0000] {docker.py:436} INFO - 24/06/25 10:59:54 INFO Utils: /opt/bitnami/spark/.ivy2/jars/org.apache.commons_commons-pool2-2.11.1.jar has been previously copied to /tmp/spark-c4be6e6a-8660-4280-87f6-87f9bdab769b/userFiles-a4dfc8e3-75b2-41b9-bdea-2b0581a89c1b/org.apache.commons_commons-pool2-2.11.1.jar
[2024-06-25T10:59:54.814+0000] {docker.py:436} INFO - 24/06/25 10:59:54 INFO Executor: Fetching file:///opt/bitnami/spark/.ivy2/jars/org.apache.spark_spark-token-provider-kafka-0-10_2.12-3.3.0.jar with timestamp 1719313193624
[2024-06-25T10:59:54.815+0000] {docker.py:436} INFO - 24/06/25 10:59:54 INFO Utils: /opt/bitnami/spark/.ivy2/jars/org.apache.spark_spark-token-provider-kafka-0-10_2.12-3.3.0.jar has been previously copied to /tmp/spark-c4be6e6a-8660-4280-87f6-87f9bdab769b/userFiles-a4dfc8e3-75b2-41b9-bdea-2b0581a89c1b/org.apache.spark_spark-token-provider-kafka-0-10_2.12-3.3.0.jar
[2024-06-25T10:59:54.819+0000] {docker.py:436} INFO - 24/06/25 10:59:54 INFO Executor: Fetching file:///opt/bitnami/spark/.ivy2/jars/org.slf4j_slf4j-api-1.7.32.jar with timestamp 1719313193624
[2024-06-25T10:59:54.820+0000] {docker.py:436} INFO - 24/06/25 10:59:54 INFO Utils: /opt/bitnami/spark/.ivy2/jars/org.slf4j_slf4j-api-1.7.32.jar has been previously copied to /tmp/spark-c4be6e6a-8660-4280-87f6-87f9bdab769b/userFiles-a4dfc8e3-75b2-41b9-bdea-2b0581a89c1b/org.slf4j_slf4j-api-1.7.32.jar
[2024-06-25T10:59:54.824+0000] {docker.py:436} INFO - 24/06/25 10:59:54 INFO Executor: Fetching file:///opt/bitnami/spark/.ivy2/jars/org.apache.spark_spark-sql-kafka-0-10_2.12-3.3.0.jar with timestamp 1719313193624
[2024-06-25T10:59:54.825+0000] {docker.py:436} INFO - 24/06/25 10:59:54 INFO Utils: /opt/bitnami/spark/.ivy2/jars/org.apache.spark_spark-sql-kafka-0-10_2.12-3.3.0.jar has been previously copied to /tmp/spark-c4be6e6a-8660-4280-87f6-87f9bdab769b/userFiles-a4dfc8e3-75b2-41b9-bdea-2b0581a89c1b/org.apache.spark_spark-sql-kafka-0-10_2.12-3.3.0.jar
[2024-06-25T10:59:54.829+0000] {docker.py:436} INFO - 24/06/25 10:59:54 INFO Executor: Fetching file:///opt/bitnami/spark/.ivy2/jars/com.google.code.findbugs_jsr305-3.0.0.jar with timestamp 1719313193624
[2024-06-25T10:59:54.829+0000] {docker.py:436} INFO - 24/06/25 10:59:54 INFO Utils: /opt/bitnami/spark/.ivy2/jars/com.google.code.findbugs_jsr305-3.0.0.jar has been previously copied to /tmp/spark-c4be6e6a-8660-4280-87f6-87f9bdab769b/userFiles-a4dfc8e3-75b2-41b9-bdea-2b0581a89c1b/com.google.code.findbugs_jsr305-3.0.0.jar
[2024-06-25T10:59:54.834+0000] {docker.py:436} INFO - 24/06/25 10:59:54 INFO Executor: Fetching file:///opt/bitnami/spark/.ivy2/jars/org.lz4_lz4-java-1.8.0.jar with timestamp 1719313193624
[2024-06-25T10:59:54.836+0000] {docker.py:436} INFO - 24/06/25 10:59:54 INFO Utils: /opt/bitnami/spark/.ivy2/jars/org.lz4_lz4-java-1.8.0.jar has been previously copied to /tmp/spark-c4be6e6a-8660-4280-87f6-87f9bdab769b/userFiles-a4dfc8e3-75b2-41b9-bdea-2b0581a89c1b/org.lz4_lz4-java-1.8.0.jar
[2024-06-25T10:59:54.839+0000] {docker.py:436} INFO - 24/06/25 10:59:54 INFO Executor: Fetching file:///opt/bitnami/spark/.ivy2/jars/commons-logging_commons-logging-1.1.3.jar with timestamp 1719313193624
[2024-06-25T10:59:54.840+0000] {docker.py:436} INFO - 24/06/25 10:59:54 INFO Utils: /opt/bitnami/spark/.ivy2/jars/commons-logging_commons-logging-1.1.3.jar has been previously copied to /tmp/spark-c4be6e6a-8660-4280-87f6-87f9bdab769b/userFiles-a4dfc8e3-75b2-41b9-bdea-2b0581a89c1b/commons-logging_commons-logging-1.1.3.jar
[2024-06-25T10:59:54.843+0000] {docker.py:436} INFO - 24/06/25 10:59:54 INFO Executor: Fetching file:///opt/bitnami/spark/.ivy2/jars/org.spark-project.spark_unused-1.0.0.jar with timestamp 1719313193624
[2024-06-25T10:59:54.844+0000] {docker.py:436} INFO - 24/06/25 10:59:54 INFO Utils: /opt/bitnami/spark/.ivy2/jars/org.spark-project.spark_unused-1.0.0.jar has been previously copied to /tmp/spark-c4be6e6a-8660-4280-87f6-87f9bdab769b/userFiles-a4dfc8e3-75b2-41b9-bdea-2b0581a89c1b/org.spark-project.spark_unused-1.0.0.jar
[2024-06-25T10:59:54.847+0000] {docker.py:436} INFO - 24/06/25 10:59:54 INFO Executor: Fetching file:///opt/bitnami/spark/.ivy2/jars/org.apache.kafka_kafka-clients-2.8.1.jar with timestamp 1719313193624
[2024-06-25T10:59:54.852+0000] {docker.py:436} INFO - 24/06/25 10:59:54 INFO Utils: /opt/bitnami/spark/.ivy2/jars/org.apache.kafka_kafka-clients-2.8.1.jar has been previously copied to /tmp/spark-c4be6e6a-8660-4280-87f6-87f9bdab769b/userFiles-a4dfc8e3-75b2-41b9-bdea-2b0581a89c1b/org.apache.kafka_kafka-clients-2.8.1.jar
[2024-06-25T10:59:54.857+0000] {docker.py:436} INFO - 24/06/25 10:59:54 INFO Executor: Fetching spark://localhost:38917/jars/org.apache.hadoop_hadoop-client-api-3.3.2.jar with timestamp 1719313193624
[2024-06-25T10:59:54.902+0000] {docker.py:436} INFO - 24/06/25 10:59:54 INFO TransportClientFactory: Successfully created connection to localhost/127.0.0.1:38917 after 33 ms (0 ms spent in bootstraps)
[2024-06-25T10:59:54.909+0000] {docker.py:436} INFO - 24/06/25 10:59:54 INFO Utils: Fetching spark://localhost:38917/jars/org.apache.hadoop_hadoop-client-api-3.3.2.jar to /tmp/spark-c4be6e6a-8660-4280-87f6-87f9bdab769b/userFiles-a4dfc8e3-75b2-41b9-bdea-2b0581a89c1b/fetchFileTemp16431885983329950220.tmp
[2024-06-25T10:59:55.072+0000] {docker.py:436} INFO - 24/06/25 10:59:55 INFO Utils: /tmp/spark-c4be6e6a-8660-4280-87f6-87f9bdab769b/userFiles-a4dfc8e3-75b2-41b9-bdea-2b0581a89c1b/fetchFileTemp16431885983329950220.tmp has been previously copied to /tmp/spark-c4be6e6a-8660-4280-87f6-87f9bdab769b/userFiles-a4dfc8e3-75b2-41b9-bdea-2b0581a89c1b/org.apache.hadoop_hadoop-client-api-3.3.2.jar
[2024-06-25T10:59:55.078+0000] {docker.py:436} INFO - 24/06/25 10:59:55 INFO Executor: Adding file:/tmp/spark-c4be6e6a-8660-4280-87f6-87f9bdab769b/userFiles-a4dfc8e3-75b2-41b9-bdea-2b0581a89c1b/org.apache.hadoop_hadoop-client-api-3.3.2.jar to class loader default
[2024-06-25T10:59:55.079+0000] {docker.py:436} INFO - 24/06/25 10:59:55 INFO Executor: Fetching spark://localhost:38917/jars/org.xerial.snappy_snappy-java-1.1.8.4.jar with timestamp 1719313193624
[2024-06-25T10:59:55.080+0000] {docker.py:436} INFO - 24/06/25 10:59:55 INFO Utils: Fetching spark://localhost:38917/jars/org.xerial.snappy_snappy-java-1.1.8.4.jar to /tmp/spark-c4be6e6a-8660-4280-87f6-87f9bdab769b/userFiles-a4dfc8e3-75b2-41b9-bdea-2b0581a89c1b/fetchFileTemp5855628885152880406.tmp
[2024-06-25T10:59:55.087+0000] {docker.py:436} INFO - 24/06/25 10:59:55 INFO Utils: /tmp/spark-c4be6e6a-8660-4280-87f6-87f9bdab769b/userFiles-a4dfc8e3-75b2-41b9-bdea-2b0581a89c1b/fetchFileTemp5855628885152880406.tmp has been previously copied to /tmp/spark-c4be6e6a-8660-4280-87f6-87f9bdab769b/userFiles-a4dfc8e3-75b2-41b9-bdea-2b0581a89c1b/org.xerial.snappy_snappy-java-1.1.8.4.jar
[2024-06-25T10:59:55.093+0000] {docker.py:436} INFO - 24/06/25 10:59:55 INFO Executor: Adding file:/tmp/spark-c4be6e6a-8660-4280-87f6-87f9bdab769b/userFiles-a4dfc8e3-75b2-41b9-bdea-2b0581a89c1b/org.xerial.snappy_snappy-java-1.1.8.4.jar to class loader default
[2024-06-25T10:59:55.093+0000] {docker.py:436} INFO - 24/06/25 10:59:55 INFO Executor: Fetching spark://localhost:38917/jars/org.apache.spark_spark-token-provider-kafka-0-10_2.12-3.3.0.jar with timestamp 1719313193624
[2024-06-25T10:59:55.094+0000] {docker.py:436} INFO - 24/06/25 10:59:55 INFO Utils: Fetching spark://localhost:38917/jars/org.apache.spark_spark-token-provider-kafka-0-10_2.12-3.3.0.jar to /tmp/spark-c4be6e6a-8660-4280-87f6-87f9bdab769b/userFiles-a4dfc8e3-75b2-41b9-bdea-2b0581a89c1b/fetchFileTemp12876085294021034435.tmp
[2024-06-25T10:59:55.095+0000] {docker.py:436} INFO - 24/06/25 10:59:55 INFO Utils: /tmp/spark-c4be6e6a-8660-4280-87f6-87f9bdab769b/userFiles-a4dfc8e3-75b2-41b9-bdea-2b0581a89c1b/fetchFileTemp12876085294021034435.tmp has been previously copied to /tmp/spark-c4be6e6a-8660-4280-87f6-87f9bdab769b/userFiles-a4dfc8e3-75b2-41b9-bdea-2b0581a89c1b/org.apache.spark_spark-token-provider-kafka-0-10_2.12-3.3.0.jar
[2024-06-25T10:59:55.099+0000] {docker.py:436} INFO - 24/06/25 10:59:55 INFO Executor: Adding file:/tmp/spark-c4be6e6a-8660-4280-87f6-87f9bdab769b/userFiles-a4dfc8e3-75b2-41b9-bdea-2b0581a89c1b/org.apache.spark_spark-token-provider-kafka-0-10_2.12-3.3.0.jar to class loader default
[2024-06-25T10:59:55.100+0000] {docker.py:436} INFO - 24/06/25 10:59:55 INFO Executor: Fetching spark://localhost:38917/jars/org.slf4j_slf4j-api-1.7.32.jar with timestamp 1719313193624
[2024-06-25T10:59:55.100+0000] {docker.py:436} INFO - 24/06/25 10:59:55 INFO Utils: Fetching spark://localhost:38917/jars/org.slf4j_slf4j-api-1.7.32.jar to /tmp/spark-c4be6e6a-8660-4280-87f6-87f9bdab769b/userFiles-a4dfc8e3-75b2-41b9-bdea-2b0581a89c1b/fetchFileTemp5393854144215684985.tmp
[2024-06-25T10:59:55.102+0000] {docker.py:436} INFO - 24/06/25 10:59:55 INFO Utils: /tmp/spark-c4be6e6a-8660-4280-87f6-87f9bdab769b/userFiles-a4dfc8e3-75b2-41b9-bdea-2b0581a89c1b/fetchFileTemp5393854144215684985.tmp has been previously copied to /tmp/spark-c4be6e6a-8660-4280-87f6-87f9bdab769b/userFiles-a4dfc8e3-75b2-41b9-bdea-2b0581a89c1b/org.slf4j_slf4j-api-1.7.32.jar
[2024-06-25T10:59:55.105+0000] {docker.py:436} INFO - 24/06/25 10:59:55 INFO Executor: Adding file:/tmp/spark-c4be6e6a-8660-4280-87f6-87f9bdab769b/userFiles-a4dfc8e3-75b2-41b9-bdea-2b0581a89c1b/org.slf4j_slf4j-api-1.7.32.jar to class loader default
[2024-06-25T10:59:55.106+0000] {docker.py:436} INFO - 24/06/25 10:59:55 INFO Executor: Fetching spark://localhost:38917/jars/com.google.code.findbugs_jsr305-3.0.0.jar with timestamp 1719313193624
[2024-06-25T10:59:55.107+0000] {docker.py:436} INFO - 24/06/25 10:59:55 INFO Utils: Fetching spark://localhost:38917/jars/com.google.code.findbugs_jsr305-3.0.0.jar to /tmp/spark-c4be6e6a-8660-4280-87f6-87f9bdab769b/userFiles-a4dfc8e3-75b2-41b9-bdea-2b0581a89c1b/fetchFileTemp15833630804086284949.tmp
[2024-06-25T10:59:55.109+0000] {docker.py:436} INFO - 24/06/25 10:59:55 INFO Utils: /tmp/spark-c4be6e6a-8660-4280-87f6-87f9bdab769b/userFiles-a4dfc8e3-75b2-41b9-bdea-2b0581a89c1b/fetchFileTemp15833630804086284949.tmp has been previously copied to /tmp/spark-c4be6e6a-8660-4280-87f6-87f9bdab769b/userFiles-a4dfc8e3-75b2-41b9-bdea-2b0581a89c1b/com.google.code.findbugs_jsr305-3.0.0.jar
[2024-06-25T10:59:55.112+0000] {docker.py:436} INFO - 24/06/25 10:59:55 INFO Executor: Adding file:/tmp/spark-c4be6e6a-8660-4280-87f6-87f9bdab769b/userFiles-a4dfc8e3-75b2-41b9-bdea-2b0581a89c1b/com.google.code.findbugs_jsr305-3.0.0.jar to class loader default
[2024-06-25T10:59:55.113+0000] {docker.py:436} INFO - 24/06/25 10:59:55 INFO Executor: Fetching spark://localhost:38917/jars/org.spark-project.spark_unused-1.0.0.jar with timestamp 1719313193624
[2024-06-25T10:59:55.114+0000] {docker.py:436} INFO - 24/06/25 10:59:55 INFO Utils: Fetching spark://localhost:38917/jars/org.spark-project.spark_unused-1.0.0.jar to /tmp/spark-c4be6e6a-8660-4280-87f6-87f9bdab769b/userFiles-a4dfc8e3-75b2-41b9-bdea-2b0581a89c1b/fetchFileTemp13329197545287976597.tmp
[2024-06-25T10:59:55.115+0000] {docker.py:436} INFO - 24/06/25 10:59:55 INFO Utils: /tmp/spark-c4be6e6a-8660-4280-87f6-87f9bdab769b/userFiles-a4dfc8e3-75b2-41b9-bdea-2b0581a89c1b/fetchFileTemp13329197545287976597.tmp has been previously copied to /tmp/spark-c4be6e6a-8660-4280-87f6-87f9bdab769b/userFiles-a4dfc8e3-75b2-41b9-bdea-2b0581a89c1b/org.spark-project.spark_unused-1.0.0.jar
[2024-06-25T10:59:55.119+0000] {docker.py:436} INFO - 24/06/25 10:59:55 INFO Executor: Adding file:/tmp/spark-c4be6e6a-8660-4280-87f6-87f9bdab769b/userFiles-a4dfc8e3-75b2-41b9-bdea-2b0581a89c1b/org.spark-project.spark_unused-1.0.0.jar to class loader default
[2024-06-25T10:59:55.120+0000] {docker.py:436} INFO - 24/06/25 10:59:55 INFO Executor: Fetching spark://localhost:38917/jars/org.apache.hadoop_hadoop-client-runtime-3.3.2.jar with timestamp 1719313193624
[2024-06-25T10:59:55.120+0000] {docker.py:436} INFO - 24/06/25 10:59:55 INFO Utils: Fetching spark://localhost:38917/jars/org.apache.hadoop_hadoop-client-runtime-3.3.2.jar to /tmp/spark-c4be6e6a-8660-4280-87f6-87f9bdab769b/userFiles-a4dfc8e3-75b2-41b9-bdea-2b0581a89c1b/fetchFileTemp14944820980245447720.tmp
[2024-06-25T10:59:55.306+0000] {docker.py:436} INFO - 24/06/25 10:59:55 INFO Utils: /tmp/spark-c4be6e6a-8660-4280-87f6-87f9bdab769b/userFiles-a4dfc8e3-75b2-41b9-bdea-2b0581a89c1b/fetchFileTemp14944820980245447720.tmp has been previously copied to /tmp/spark-c4be6e6a-8660-4280-87f6-87f9bdab769b/userFiles-a4dfc8e3-75b2-41b9-bdea-2b0581a89c1b/org.apache.hadoop_hadoop-client-runtime-3.3.2.jar
[2024-06-25T10:59:55.314+0000] {docker.py:436} INFO - 24/06/25 10:59:55 INFO Executor: Adding file:/tmp/spark-c4be6e6a-8660-4280-87f6-87f9bdab769b/userFiles-a4dfc8e3-75b2-41b9-bdea-2b0581a89c1b/org.apache.hadoop_hadoop-client-runtime-3.3.2.jar to class loader default
[2024-06-25T10:59:55.314+0000] {docker.py:436} INFO - 24/06/25 10:59:55 INFO Executor: Fetching spark://localhost:38917/jars/org.apache.spark_spark-sql-kafka-0-10_2.12-3.3.0.jar with timestamp 1719313193624
[2024-06-25T10:59:55.315+0000] {docker.py:436} INFO - 24/06/25 10:59:55 INFO Utils: Fetching spark://localhost:38917/jars/org.apache.spark_spark-sql-kafka-0-10_2.12-3.3.0.jar to /tmp/spark-c4be6e6a-8660-4280-87f6-87f9bdab769b/userFiles-a4dfc8e3-75b2-41b9-bdea-2b0581a89c1b/fetchFileTemp6827439114284611815.tmp
[2024-06-25T10:59:55.318+0000] {docker.py:436} INFO - 24/06/25 10:59:55 INFO Utils: /tmp/spark-c4be6e6a-8660-4280-87f6-87f9bdab769b/userFiles-a4dfc8e3-75b2-41b9-bdea-2b0581a89c1b/fetchFileTemp6827439114284611815.tmp has been previously copied to /tmp/spark-c4be6e6a-8660-4280-87f6-87f9bdab769b/userFiles-a4dfc8e3-75b2-41b9-bdea-2b0581a89c1b/org.apache.spark_spark-sql-kafka-0-10_2.12-3.3.0.jar
[2024-06-25T10:59:55.323+0000] {docker.py:436} INFO - 24/06/25 10:59:55 INFO Executor: Adding file:/tmp/spark-c4be6e6a-8660-4280-87f6-87f9bdab769b/userFiles-a4dfc8e3-75b2-41b9-bdea-2b0581a89c1b/org.apache.spark_spark-sql-kafka-0-10_2.12-3.3.0.jar to class loader default
[2024-06-25T10:59:55.324+0000] {docker.py:436} INFO - 24/06/25 10:59:55 INFO Executor: Fetching spark://localhost:38917/jars/commons-logging_commons-logging-1.1.3.jar with timestamp 1719313193624
[2024-06-25T10:59:55.324+0000] {docker.py:436} INFO - 24/06/25 10:59:55 INFO Utils: Fetching spark://localhost:38917/jars/commons-logging_commons-logging-1.1.3.jar to /tmp/spark-c4be6e6a-8660-4280-87f6-87f9bdab769b/userFiles-a4dfc8e3-75b2-41b9-bdea-2b0581a89c1b/fetchFileTemp2024718672746833848.tmp
[2024-06-25T10:59:55.326+0000] {docker.py:436} INFO - 24/06/25 10:59:55 INFO Utils: /tmp/spark-c4be6e6a-8660-4280-87f6-87f9bdab769b/userFiles-a4dfc8e3-75b2-41b9-bdea-2b0581a89c1b/fetchFileTemp2024718672746833848.tmp has been previously copied to /tmp/spark-c4be6e6a-8660-4280-87f6-87f9bdab769b/userFiles-a4dfc8e3-75b2-41b9-bdea-2b0581a89c1b/commons-logging_commons-logging-1.1.3.jar
[2024-06-25T10:59:55.331+0000] {docker.py:436} INFO - 24/06/25 10:59:55 INFO Executor: Adding file:/tmp/spark-c4be6e6a-8660-4280-87f6-87f9bdab769b/userFiles-a4dfc8e3-75b2-41b9-bdea-2b0581a89c1b/commons-logging_commons-logging-1.1.3.jar to class loader default
[2024-06-25T10:59:55.332+0000] {docker.py:436} INFO - 24/06/25 10:59:55 INFO Executor: Fetching spark://localhost:38917/jars/org.lz4_lz4-java-1.8.0.jar with timestamp 1719313193624
[2024-06-25T10:59:55.333+0000] {docker.py:436} INFO - 24/06/25 10:59:55 INFO Utils: Fetching spark://localhost:38917/jars/org.lz4_lz4-java-1.8.0.jar to /tmp/spark-c4be6e6a-8660-4280-87f6-87f9bdab769b/userFiles-a4dfc8e3-75b2-41b9-bdea-2b0581a89c1b/fetchFileTemp2879015550593767286.tmp
[2024-06-25T10:59:55.335+0000] {docker.py:436} INFO - 24/06/25 10:59:55 INFO Utils: /tmp/spark-c4be6e6a-8660-4280-87f6-87f9bdab769b/userFiles-a4dfc8e3-75b2-41b9-bdea-2b0581a89c1b/fetchFileTemp2879015550593767286.tmp has been previously copied to /tmp/spark-c4be6e6a-8660-4280-87f6-87f9bdab769b/userFiles-a4dfc8e3-75b2-41b9-bdea-2b0581a89c1b/org.lz4_lz4-java-1.8.0.jar
[2024-06-25T10:59:55.339+0000] {docker.py:436} INFO - 24/06/25 10:59:55 INFO Executor: Adding file:/tmp/spark-c4be6e6a-8660-4280-87f6-87f9bdab769b/userFiles-a4dfc8e3-75b2-41b9-bdea-2b0581a89c1b/org.lz4_lz4-java-1.8.0.jar to class loader default
[2024-06-25T10:59:55.340+0000] {docker.py:436} INFO - 24/06/25 10:59:55 INFO Executor: Fetching spark://localhost:38917/jars/org.apache.commons_commons-pool2-2.11.1.jar with timestamp 1719313193624
[2024-06-25T10:59:55.340+0000] {docker.py:436} INFO - 24/06/25 10:59:55 INFO Utils: Fetching spark://localhost:38917/jars/org.apache.commons_commons-pool2-2.11.1.jar to /tmp/spark-c4be6e6a-8660-4280-87f6-87f9bdab769b/userFiles-a4dfc8e3-75b2-41b9-bdea-2b0581a89c1b/fetchFileTemp14909601505321496214.tmp
[2024-06-25T10:59:55.342+0000] {docker.py:436} INFO - 24/06/25 10:59:55 INFO Utils: /tmp/spark-c4be6e6a-8660-4280-87f6-87f9bdab769b/userFiles-a4dfc8e3-75b2-41b9-bdea-2b0581a89c1b/fetchFileTemp14909601505321496214.tmp has been previously copied to /tmp/spark-c4be6e6a-8660-4280-87f6-87f9bdab769b/userFiles-a4dfc8e3-75b2-41b9-bdea-2b0581a89c1b/org.apache.commons_commons-pool2-2.11.1.jar
[2024-06-25T10:59:55.345+0000] {docker.py:436} INFO - 24/06/25 10:59:55 INFO Executor: Adding file:/tmp/spark-c4be6e6a-8660-4280-87f6-87f9bdab769b/userFiles-a4dfc8e3-75b2-41b9-bdea-2b0581a89c1b/org.apache.commons_commons-pool2-2.11.1.jar to class loader default
[2024-06-25T10:59:55.346+0000] {docker.py:436} INFO - 24/06/25 10:59:55 INFO Executor: Fetching spark://localhost:38917/jars/org.apache.kafka_kafka-clients-2.8.1.jar with timestamp 1719313193624
[2024-06-25T10:59:55.347+0000] {docker.py:436} INFO - 24/06/25 10:59:55 INFO Utils: Fetching spark://localhost:38917/jars/org.apache.kafka_kafka-clients-2.8.1.jar to /tmp/spark-c4be6e6a-8660-4280-87f6-87f9bdab769b/userFiles-a4dfc8e3-75b2-41b9-bdea-2b0581a89c1b/fetchFileTemp3403073391867414480.tmp
[2024-06-25T10:59:55.361+0000] {docker.py:436} INFO - 24/06/25 10:59:55 INFO Utils: /tmp/spark-c4be6e6a-8660-4280-87f6-87f9bdab769b/userFiles-a4dfc8e3-75b2-41b9-bdea-2b0581a89c1b/fetchFileTemp3403073391867414480.tmp has been previously copied to /tmp/spark-c4be6e6a-8660-4280-87f6-87f9bdab769b/userFiles-a4dfc8e3-75b2-41b9-bdea-2b0581a89c1b/org.apache.kafka_kafka-clients-2.8.1.jar
[2024-06-25T10:59:55.369+0000] {docker.py:436} INFO - 24/06/25 10:59:55 INFO Executor: Adding file:/tmp/spark-c4be6e6a-8660-4280-87f6-87f9bdab769b/userFiles-a4dfc8e3-75b2-41b9-bdea-2b0581a89c1b/org.apache.kafka_kafka-clients-2.8.1.jar to class loader default
[2024-06-25T10:59:55.379+0000] {docker.py:436} INFO - 24/06/25 10:59:55 INFO Utils: Successfully started service 'org.apache.spark.network.netty.NettyBlockTransferService' on port 36955.
[2024-06-25T10:59:55.379+0000] {docker.py:436} INFO - 24/06/25 10:59:55 INFO NettyBlockTransferService: Server created on localhost:36955
[2024-06-25T10:59:55.381+0000] {docker.py:436} INFO - 24/06/25 10:59:55 INFO BlockManager: Using org.apache.spark.storage.RandomBlockReplicationPolicy for block replication policy
[2024-06-25T10:59:55.388+0000] {docker.py:436} INFO - 24/06/25 10:59:55 INFO BlockManagerMaster: Registering BlockManager BlockManagerId(driver, localhost, 36955, None)
[2024-06-25T10:59:55.392+0000] {docker.py:436} INFO - 24/06/25 10:59:55 INFO BlockManagerMasterEndpoint: Registering block manager localhost:36955 with 434.4 MiB RAM, BlockManagerId(driver, localhost, 36955, None)
[2024-06-25T10:59:55.395+0000] {docker.py:436} INFO - 24/06/25 10:59:55 INFO BlockManagerMaster: Registered BlockManager BlockManagerId(driver, localhost, 36955, None)
[2024-06-25T10:59:55.396+0000] {docker.py:436} INFO - 24/06/25 10:59:55 INFO BlockManager: Initialized BlockManager: BlockManagerId(driver, localhost, 36955, None)
[2024-06-25T10:59:55.899+0000] {docker.py:436} INFO - 2024-06-25 10:59:55,899:create_spark_session:INFO:Spark session created successfully
[2024-06-25T10:59:55.907+0000] {docker.py:436} INFO - 24/06/25 10:59:55 INFO SharedState: Setting hive.metastore.warehouse.dir ('null') to the value of spark.sql.warehouse.dir.
[2024-06-25T10:59:55.910+0000] {docker.py:436} INFO - 24/06/25 10:59:55 INFO SharedState: Warehouse path is 'file:/opt/bitnami/spark/spark-warehouse'.
[2024-06-25T10:59:57.381+0000] {docker.py:436} INFO - 2024-06-25 10:59:57,380:create_initial_dataframe:INFO:Initial dataframe created successfully: {df.show()}
[2024-06-25T10:59:57.381+0000] {docker.py:436} INFO - StructType([StructField('item_purchased', StringType(), True), StructField('date_of_purchase', DateType(), True), StructField('cost', FloatType(), True), StructField('quantity', IntegerType(), True), StructField('purchased_by', StringType(), True), StructField('payment_method', StringType(), True)])
[2024-06-25T10:59:57.663+0000] {docker.py:436} INFO - 2024-06-25 10:59:57,661:close:INFO:Closing down clientserver connection
[2024-06-25T10:59:57.734+0000] {docker.py:436} INFO - 24/06/25 10:59:57 INFO SparkContext: Invoking stop() from shutdown hook
[2024-06-25T10:59:57.735+0000] {docker.py:436} INFO - 24/06/25 10:59:57 INFO SparkContext: SparkContext is stopping with exitCode 0.
[2024-06-25T10:59:57.754+0000] {docker.py:436} INFO - 24/06/25 10:59:57 INFO SparkUI: Stopped Spark web UI at http://localhost:4040
[2024-06-25T10:59:57.775+0000] {docker.py:436} INFO - 24/06/25 10:59:57 INFO MapOutputTrackerMasterEndpoint: MapOutputTrackerMasterEndpoint stopped!
[2024-06-25T10:59:57.792+0000] {docker.py:436} INFO - 24/06/25 10:59:57 INFO MemoryStore: MemoryStore cleared
[2024-06-25T10:59:57.793+0000] {docker.py:436} INFO - 24/06/25 10:59:57 INFO BlockManager: BlockManager stopped
[2024-06-25T10:59:57.806+0000] {docker.py:436} INFO - 24/06/25 10:59:57 INFO BlockManagerMaster: BlockManagerMaster stopped
[2024-06-25T10:59:57.811+0000] {docker.py:436} INFO - 24/06/25 10:59:57 INFO OutputCommitCoordinator$OutputCommitCoordinatorEndpoint: OutputCommitCoordinator stopped!
[2024-06-25T10:59:57.843+0000] {docker.py:436} INFO - 24/06/25 10:59:57 INFO SparkContext: Successfully stopped SparkContext
[2024-06-25T10:59:57.843+0000] {docker.py:436} INFO - 24/06/25 10:59:57 INFO ShutdownHookManager: Shutdown hook called
[2024-06-25T10:59:57.845+0000] {docker.py:436} INFO - 24/06/25 10:59:57 INFO ShutdownHookManager: Deleting directory /tmp/spark-c4be6e6a-8660-4280-87f6-87f9bdab769b/pyspark-b258b543-1675-4003-bad4-85102184d0d1
[2024-06-25T10:59:57.850+0000] {docker.py:436} INFO - 24/06/25 10:59:57 INFO ShutdownHookManager: Deleting directory /tmp/spark-c4be6e6a-8660-4280-87f6-87f9bdab769b
[2024-06-25T10:59:57.856+0000] {docker.py:436} INFO - 24/06/25 10:59:57 INFO ShutdownHookManager: Deleting directory /tmp/spark-1f86db92-f70a-4260-98e7-db64d3864bd1
[2024-06-25T10:59:58.447+0000] {taskinstance.py:441} INFO - ::group::Post task execution logs
[2024-06-25T10:59:58.474+0000] {taskinstance.py:1206} INFO - Marking task as SUCCESS. dag_id=Stage_1, task_id=run_bronze_job, run_id=manual__2024-06-25T10:59:28.939793+00:00, execution_date=20240625T105928, start_date=20240625T105934, end_date=20240625T105958
[2024-06-25T10:59:58.526+0000] {local_task_job_runner.py:240} INFO - Task exited with return code 0
[2024-06-25T10:59:58.552+0000] {taskinstance.py:3498} INFO - 0 downstream tasks scheduled from follow-on schedule check
[2024-06-25T10:59:58.554+0000] {local_task_job_runner.py:222} INFO - ::endgroup::
