[2024-06-25T19:34:54.703+0000] {local_task_job_runner.py:120} INFO - ::group::Pre task execution logs
[2024-06-25T19:34:54.744+0000] {taskinstance.py:2076} INFO - Dependencies all met for dep_context=non-requeueable deps ti=<TaskInstance: Stage_1.run_bronze_job manual__2024-06-25T19:34:48.923204+00:00 [queued]>
[2024-06-25T19:34:54.758+0000] {taskinstance.py:2076} INFO - Dependencies all met for dep_context=requeueable deps ti=<TaskInstance: Stage_1.run_bronze_job manual__2024-06-25T19:34:48.923204+00:00 [queued]>
[2024-06-25T19:34:54.759+0000] {taskinstance.py:2306} INFO - Starting attempt 1 of 1
[2024-06-25T19:34:54.775+0000] {taskinstance.py:2330} INFO - Executing <Task(DockerOperator): run_bronze_job> on 2024-06-25 19:34:48.923204+00:00
[2024-06-25T19:34:54.785+0000] {logging_mixin.py:188} WARNING - /home/***/.local/lib/python3.12/site-packages/***/task/task_runner/standard_task_runner.py:61 DeprecationWarning: This process (pid=738) is multi-threaded, use of fork() may lead to deadlocks in the child.
[2024-06-25T19:34:54.786+0000] {standard_task_runner.py:63} INFO - Started process 739 to run task
[2024-06-25T19:34:54.784+0000] {standard_task_runner.py:90} INFO - Running: ['***', 'tasks', 'run', 'Stage_1', 'run_bronze_job', 'manual__2024-06-25T19:34:48.923204+00:00', '--job-id', '51', '--raw', '--subdir', 'DAGS_FOLDER/kafka_dag.py', '--cfg-path', '/tmp/tmpiervv926']
[2024-06-25T19:34:54.787+0000] {standard_task_runner.py:91} INFO - Job 51: Subtask run_bronze_job
[2024-06-25T19:34:54.802+0000] {logging_mixin.py:188} WARNING - /home/***/.local/lib/python3.12/site-packages/***/settings.py:195 DeprecationWarning: The sql_alchemy_conn option in [core] has been moved to the sql_alchemy_conn option in [database] - the old setting has been used, but please update your config.
[2024-06-25T19:34:54.839+0000] {task_command.py:426} INFO - Running <TaskInstance: Stage_1.run_bronze_job manual__2024-06-25T19:34:48.923204+00:00 [running]> on host 52f7dad43485
[2024-06-25T19:34:54.959+0000] {taskinstance.py:2648} INFO - Exporting env vars: AIRFLOW_CTX_DAG_OWNER='***' AIRFLOW_CTX_DAG_ID='Stage_1' AIRFLOW_CTX_TASK_ID='run_bronze_job' AIRFLOW_CTX_EXECUTION_DATE='2024-06-25T19:34:48.923204+00:00' AIRFLOW_CTX_TRY_NUMBER='1' AIRFLOW_CTX_DAG_RUN_ID='manual__2024-06-25T19:34:48.923204+00:00'
[2024-06-25T19:34:54.960+0000] {taskinstance.py:430} INFO - ::endgroup::
[2024-06-25T19:34:54.999+0000] {docker.py:366} INFO - Starting docker container from image bitnami/spark:latest
[2024-06-25T19:34:55.002+0000] {docker.py:374} WARNING - Using remote engine or docker-in-docker and mounting temporary volume from host is not supported. Falling back to `mount_tmp_dir=False` mode. You can set `mount_tmp_dir` parameter to False to disable mounting and remove the warning
[2024-06-25T19:34:55.447+0000] {docker.py:436} INFO - [38;5;6mspark [38;5;5m19:34:55.44 [0m[38;5;2mINFO [0m ==>
[2024-06-25T19:34:55.449+0000] {docker.py:436} INFO - [38;5;6mspark [38;5;5m19:34:55.44 [0m[38;5;2mINFO [0m ==> [1mWelcome to the Bitnami spark container[0m
[2024-06-25T19:34:55.451+0000] {docker.py:436} INFO - [38;5;6mspark [38;5;5m19:34:55.45 [0m[38;5;2mINFO [0m ==> Subscribe to project updates by watching [1mhttps://github.com/bitnami/containers[0m
[2024-06-25T19:34:55.453+0000] {docker.py:436} INFO - [38;5;6mspark [38;5;5m19:34:55.45 [0m[38;5;2mINFO [0m ==> Submit issues and feature requests at [1mhttps://github.com/bitnami/containers/issues[0m
[2024-06-25T19:34:55.454+0000] {docker.py:436} INFO - [38;5;6mspark [38;5;5m19:34:55.45 [0m[38;5;2mINFO [0m ==> Upgrade to Tanzu Application Catalog for production environments to access custom-configured and pre-packaged software components. Gain enhanced features, including Software Bill of Materials (SBOM), CVE scan result reports, and VEX documents. To learn more, visit [1mhttps://bitnami.com/enterprise[0m
[2024-06-25T19:34:55.456+0000] {docker.py:436} INFO - [38;5;6mspark [38;5;5m19:34:55.45 [0m[38;5;2mINFO [0m ==>
[2024-06-25T19:34:55.464+0000] {docker.py:436} INFO - 
[2024-06-25T19:34:57.878+0000] {docker.py:436} INFO - :: loading settings :: url = jar:file:/opt/bitnami/spark/jars/ivy-2.5.1.jar!/org/apache/ivy/core/settings/ivysettings.xml
[2024-06-25T19:34:57.985+0000] {docker.py:436} INFO - Ivy Default Cache set to: /opt/bitnami/spark/.ivy2/cache
[2024-06-25T19:34:57.985+0000] {docker.py:436} INFO - The jars for the packages stored in: /opt/bitnami/spark/.ivy2/jars
[2024-06-25T19:34:57.993+0000] {docker.py:436} INFO - org.apache.spark#spark-sql-kafka-0-10_2.12 added as a dependency
[2024-06-25T19:34:57.993+0000] {docker.py:436} INFO - org.postgresql#postgresql added as a dependency
[2024-06-25T19:34:57.994+0000] {docker.py:436} INFO - :: resolving dependencies :: org.apache.spark#spark-submit-parent-ff3bf70b-3bdb-4937-9a10-34043e9e1ed0;1.0
[2024-06-25T19:34:57.995+0000] {docker.py:436} INFO - confs: [default]
[2024-06-25T19:35:00.025+0000] {docker.py:436} INFO - found org.apache.spark#spark-sql-kafka-0-10_2.12;3.3.0 in central
[2024-06-25T19:35:00.435+0000] {docker.py:436} INFO - found org.apache.spark#spark-token-provider-kafka-0-10_2.12;3.3.0 in central
[2024-06-25T19:35:00.516+0000] {docker.py:436} INFO - found org.apache.kafka#kafka-clients;2.8.1 in central
[2024-06-25T19:35:00.594+0000] {docker.py:436} INFO - found org.lz4#lz4-java;1.8.0 in central
[2024-06-25T19:35:00.652+0000] {docker.py:436} INFO - found org.xerial.snappy#snappy-java;1.1.8.4 in central
[2024-06-25T19:35:01.456+0000] {docker.py:436} INFO - found org.slf4j#slf4j-api;1.7.32 in central
[2024-06-25T19:35:19.541+0000] {docker.py:436} INFO - found org.apache.hadoop#hadoop-client-runtime;3.3.2 in central
[2024-06-25T19:35:19.783+0000] {docker.py:436} INFO - found org.spark-project.spark#unused;1.0.0 in central
[2024-06-25T19:35:19.921+0000] {docker.py:436} INFO - found org.apache.hadoop#hadoop-client-api;3.3.2 in central
[2024-06-25T19:35:20.173+0000] {docker.py:436} INFO - found commons-logging#commons-logging;1.1.3 in central
[2024-06-25T19:35:20.217+0000] {docker.py:436} INFO - found com.google.code.findbugs#jsr305;3.0.0 in central
[2024-06-25T19:35:20.545+0000] {docker.py:436} INFO - found org.apache.commons#commons-pool2;2.11.1 in central
[2024-06-25T19:35:22.342+0000] {docker.py:436} INFO - found org.postgresql#postgresql;42.2.2 in central
[2024-06-25T19:35:22.373+0000] {docker.py:436} INFO - downloading https://repo1.maven.org/maven2/org/apache/spark/spark-sql-kafka-0-10_2.12/3.3.0/spark-sql-kafka-0-10_2.12-3.3.0.jar ...
[2024-06-25T19:35:22.585+0000] {docker.py:436} INFO - [SUCCESSFUL ] org.apache.spark#spark-sql-kafka-0-10_2.12;3.3.0!spark-sql-kafka-0-10_2.12.jar (224ms)
[2024-06-25T19:35:22.598+0000] {docker.py:436} INFO - downloading https://repo1.maven.org/maven2/org/postgresql/postgresql/42.2.2/postgresql-42.2.2.jar ...
[2024-06-25T19:35:22.893+0000] {docker.py:436} INFO - [SUCCESSFUL ] org.postgresql#postgresql;42.2.2!postgresql.jar(bundle) (306ms)
[2024-06-25T19:35:22.905+0000] {docker.py:436} INFO - downloading https://repo1.maven.org/maven2/org/apache/spark/spark-token-provider-kafka-0-10_2.12/3.3.0/spark-token-provider-kafka-0-10_2.12-3.3.0.jar ...
[2024-06-25T19:35:22.948+0000] {docker.py:436} INFO - [SUCCESSFUL ] org.apache.spark#spark-token-provider-kafka-0-10_2.12;3.3.0!spark-token-provider-kafka-0-10_2.12.jar (53ms)
[2024-06-25T19:35:22.960+0000] {docker.py:436} INFO - downloading https://repo1.maven.org/maven2/org/apache/kafka/kafka-clients/2.8.1/kafka-clients-2.8.1.jar ...
[2024-06-25T19:35:25.433+0000] {docker.py:436} INFO - [SUCCESSFUL ] org.apache.kafka#kafka-clients;2.8.1!kafka-clients.jar (2484ms)
[2024-06-25T19:35:25.466+0000] {docker.py:436} INFO - downloading https://repo1.maven.org/maven2/com/google/code/findbugs/jsr305/3.0.0/jsr305-3.0.0.jar ...
[2024-06-25T19:35:25.487+0000] {docker.py:436} INFO - [SUCCESSFUL ] com.google.code.findbugs#jsr305;3.0.0!jsr305.jar (52ms)
[2024-06-25T19:35:25.500+0000] {docker.py:436} INFO - downloading https://repo1.maven.org/maven2/org/apache/commons/commons-pool2/2.11.1/commons-pool2-2.11.1.jar ...
[2024-06-25T19:35:25.564+0000] {docker.py:436} INFO - [SUCCESSFUL ] org.apache.commons#commons-pool2;2.11.1!commons-pool2.jar (77ms)
[2024-06-25T19:35:25.581+0000] {docker.py:436} INFO - downloading https://repo1.maven.org/maven2/org/spark-project/spark/unused/1.0.0/unused-1.0.0.jar ...
[2024-06-25T19:35:25.593+0000] {docker.py:436} INFO - [SUCCESSFUL ] org.spark-project.spark#unused;1.0.0!unused.jar (28ms)
[2024-06-25T19:35:25.605+0000] {docker.py:436} INFO - downloading https://repo1.maven.org/maven2/org/apache/hadoop/hadoop-client-runtime/3.3.2/hadoop-client-runtime-3.3.2.jar ...
[2024-06-25T19:35:36.117+0000] {docker.py:436} INFO - [SUCCESSFUL ] org.apache.hadoop#hadoop-client-runtime;3.3.2!hadoop-client-runtime.jar (10522ms)
[2024-06-25T19:35:36.128+0000] {docker.py:436} INFO - downloading https://repo1.maven.org/maven2/org/lz4/lz4-java/1.8.0/lz4-java-1.8.0.jar ...
[2024-06-25T19:35:36.353+0000] {docker.py:436} INFO - [SUCCESSFUL ] org.lz4#lz4-java;1.8.0!lz4-java.jar (235ms)
[2024-06-25T19:35:36.367+0000] {docker.py:436} INFO - downloading https://repo1.maven.org/maven2/org/xerial/snappy/snappy-java/1.1.8.4/snappy-java-1.1.8.4.jar ...
[2024-06-25T19:35:36.908+0000] {docker.py:436} INFO - [SUCCESSFUL ] org.xerial.snappy#snappy-java;1.1.8.4!snappy-java.jar(bundle) (554ms)
[2024-06-25T19:35:36.921+0000] {docker.py:436} INFO - downloading https://repo1.maven.org/maven2/org/slf4j/slf4j-api/1.7.32/slf4j-api-1.7.32.jar ...
[2024-06-25T19:35:36.949+0000] {docker.py:436} INFO - [SUCCESSFUL ] org.slf4j#slf4j-api;1.7.32!slf4j-api.jar (38ms)
[2024-06-25T19:35:36.963+0000] {docker.py:436} INFO - downloading https://repo1.maven.org/maven2/org/apache/hadoop/hadoop-client-api/3.3.2/hadoop-client-api-3.3.2.jar ...
[2024-06-25T19:35:44.478+0000] {docker.py:436} INFO - [SUCCESSFUL ] org.apache.hadoop#hadoop-client-api;3.3.2!hadoop-client-api.jar (7529ms)
[2024-06-25T19:35:44.487+0000] {docker.py:436} INFO - downloading https://repo1.maven.org/maven2/commons-logging/commons-logging/1.1.3/commons-logging-1.1.3.jar ...
[2024-06-25T19:35:44.538+0000] {docker.py:436} INFO - [SUCCESSFUL ] commons-logging#commons-logging;1.1.3!commons-logging.jar (59ms)
[2024-06-25T19:35:44.539+0000] {docker.py:436} INFO - :: resolution report :: resolve 24364ms :: artifacts dl 22180ms
[2024-06-25T19:35:44.539+0000] {docker.py:436} INFO - :: modules in use:
[2024-06-25T19:35:44.540+0000] {docker.py:436} INFO - com.google.code.findbugs#jsr305;3.0.0 from central in [default]
	commons-logging#commons-logging;1.1.3 from central in [default]
[2024-06-25T19:35:44.540+0000] {docker.py:436} INFO - org.apache.commons#commons-pool2;2.11.1 from central in [default]
	org.apache.hadoop#hadoop-client-api;3.3.2 from central in [default]
	org.apache.hadoop#hadoop-client-runtime;3.3.2 from central in [default]
	org.apache.kafka#kafka-clients;2.8.1 from central in [default]
[2024-06-25T19:35:44.541+0000] {docker.py:436} INFO - org.apache.spark#spark-sql-kafka-0-10_2.12;3.3.0 from central in [default]
	org.apache.spark#spark-token-provider-kafka-0-10_2.12;3.3.0 from central in [default]
	org.lz4#lz4-java;1.8.0 from central in [default]
	org.postgresql#postgresql;42.2.2 from central in [default]
	org.slf4j#slf4j-api;1.7.32 from central in [default]
[2024-06-25T19:35:44.541+0000] {docker.py:436} INFO - org.spark-project.spark#unused;1.0.0 from central in [default]
	org.xerial.snappy#snappy-java;1.1.8.4 from central in [default]
	---------------------------------------------------------------------
[2024-06-25T19:35:44.542+0000] {docker.py:436} INFO - |                  |            modules            ||   artifacts   |
	|       conf       | number| search|dwnlded|evicted|| number|dwnlded|
	---------------------------------------------------------------------
[2024-06-25T19:35:44.542+0000] {docker.py:436} INFO - |      default     |   13  |   13  |   13  |   0   ||   13  |   13  |
	---------------------------------------------------------------------
[2024-06-25T19:35:44.548+0000] {docker.py:436} INFO - :: retrieving :: org.apache.spark#spark-submit-parent-ff3bf70b-3bdb-4937-9a10-34043e9e1ed0
[2024-06-25T19:35:44.549+0000] {docker.py:436} INFO - confs: [default]
[2024-06-25T19:35:44.644+0000] {docker.py:436} INFO - 13 artifacts copied, 0 already retrieved (57403kB/96ms)
[2024-06-25T19:35:44.908+0000] {docker.py:436} INFO - 24/06/25 19:35:44 WARN NativeCodeLoader: Unable to load native-hadoop library for your platform... using builtin-java classes where applicable
[2024-06-25T19:35:46.219+0000] {docker.py:436} INFO - 24/06/25 19:35:46 INFO SparkContext: Running Spark version 3.5.1
[2024-06-25T19:35:46.220+0000] {docker.py:436} INFO - 24/06/25 19:35:46 INFO SparkContext: OS info Linux, 6.5.0-41-generic, amd64
[2024-06-25T19:35:46.221+0000] {docker.py:436} INFO - 24/06/25 19:35:46 INFO SparkContext: Java version 17.0.11
[2024-06-25T19:35:46.257+0000] {docker.py:436} INFO - 24/06/25 19:35:46 INFO ResourceUtils: ==============================================================
[2024-06-25T19:35:46.258+0000] {docker.py:436} INFO - 24/06/25 19:35:46 INFO ResourceUtils: No custom resources configured for spark.driver.
[2024-06-25T19:35:46.258+0000] {docker.py:436} INFO - 24/06/25 19:35:46 INFO ResourceUtils: ==============================================================
[2024-06-25T19:35:46.259+0000] {docker.py:436} INFO - 24/06/25 19:35:46 INFO SparkContext: Submitted application: PostgreSQL Connection with PySpark
[2024-06-25T19:35:46.292+0000] {docker.py:436} INFO - 24/06/25 19:35:46 INFO ResourceProfile: Default ResourceProfile created, executor resources: Map(cores -> name: cores, amount: 1, script: , vendor: , memory -> name: memory, amount: 1024, script: , vendor: , offHeap -> name: offHeap, amount: 0, script: , vendor: ), task resources: Map(cpus -> name: cpus, amount: 1.0)
[2024-06-25T19:35:46.306+0000] {docker.py:436} INFO - 24/06/25 19:35:46 INFO ResourceProfile: Limiting resource is cpu
[2024-06-25T19:35:46.307+0000] {docker.py:436} INFO - 24/06/25 19:35:46 INFO ResourceProfileManager: Added ResourceProfile id: 0
[2024-06-25T19:35:46.386+0000] {docker.py:436} INFO - 24/06/25 19:35:46 INFO SecurityManager: Changing view acls to: spark
[2024-06-25T19:35:46.387+0000] {docker.py:436} INFO - 24/06/25 19:35:46 INFO SecurityManager: Changing modify acls to: spark
[2024-06-25T19:35:46.388+0000] {docker.py:436} INFO - 24/06/25 19:35:46 INFO SecurityManager: Changing view acls groups to:
[2024-06-25T19:35:46.389+0000] {docker.py:436} INFO - 24/06/25 19:35:46 INFO SecurityManager: Changing modify acls groups to:
[2024-06-25T19:35:46.389+0000] {docker.py:436} INFO - 24/06/25 19:35:46 INFO SecurityManager: SecurityManager: authentication disabled; ui acls disabled; users with view permissions: spark; groups with view permissions: EMPTY; users with modify permissions: spark; groups with modify permissions: EMPTY
[2024-06-25T19:35:46.698+0000] {docker.py:436} INFO - 24/06/25 19:35:46 INFO Utils: Successfully started service 'sparkDriver' on port 46189.
[2024-06-25T19:35:46.725+0000] {docker.py:436} INFO - 24/06/25 19:35:46 INFO SparkEnv: Registering MapOutputTracker
[2024-06-25T19:35:46.761+0000] {docker.py:436} INFO - 24/06/25 19:35:46 INFO SparkEnv: Registering BlockManagerMaster
[2024-06-25T19:35:46.779+0000] {docker.py:436} INFO - 24/06/25 19:35:46 INFO BlockManagerMasterEndpoint: Using org.apache.spark.storage.DefaultTopologyMapper for getting topology information
[2024-06-25T19:35:46.779+0000] {docker.py:436} INFO - 24/06/25 19:35:46 INFO BlockManagerMasterEndpoint: BlockManagerMasterEndpoint up
[2024-06-25T19:35:46.784+0000] {docker.py:436} INFO - 24/06/25 19:35:46 INFO SparkEnv: Registering BlockManagerMasterHeartbeat
[2024-06-25T19:35:46.806+0000] {docker.py:436} INFO - 24/06/25 19:35:46 INFO DiskBlockManager: Created local directory at /tmp/blockmgr-2f1cb34b-6ffb-4217-b7bf-94792d51546d
[2024-06-25T19:35:46.822+0000] {docker.py:436} INFO - 24/06/25 19:35:46 INFO MemoryStore: MemoryStore started with capacity 434.4 MiB
[2024-06-25T19:35:46.840+0000] {docker.py:436} INFO - 24/06/25 19:35:46 INFO SparkEnv: Registering OutputCommitCoordinator
[2024-06-25T19:35:46.993+0000] {docker.py:436} INFO - 24/06/25 19:35:46 INFO JettyUtils: Start Jetty 0.0.0.0:4040 for SparkUI
[2024-06-25T19:35:47.064+0000] {docker.py:436} INFO - 24/06/25 19:35:47 INFO Utils: Successfully started service 'SparkUI' on port 4040.
[2024-06-25T19:35:47.108+0000] {docker.py:436} INFO - 24/06/25 19:35:47 INFO SparkContext: Added JAR file:///opt/bitnami/spark/.ivy2/jars/org.apache.spark_spark-sql-kafka-0-10_2.12-3.3.0.jar at spark://localhost:46189/jars/org.apache.spark_spark-sql-kafka-0-10_2.12-3.3.0.jar with timestamp 1719344146210
[2024-06-25T19:35:47.108+0000] {docker.py:436} INFO - 24/06/25 19:35:47 INFO SparkContext: Added JAR file:///opt/bitnami/spark/.ivy2/jars/org.postgresql_postgresql-42.2.2.jar at spark://localhost:46189/jars/org.postgresql_postgresql-42.2.2.jar with timestamp 1719344146210
[2024-06-25T19:35:47.109+0000] {docker.py:436} INFO - 24/06/25 19:35:47 INFO SparkContext: Added JAR file:///opt/bitnami/spark/.ivy2/jars/org.apache.spark_spark-token-provider-kafka-0-10_2.12-3.3.0.jar at spark://localhost:46189/jars/org.apache.spark_spark-token-provider-kafka-0-10_2.12-3.3.0.jar with timestamp 1719344146210
[2024-06-25T19:35:47.110+0000] {docker.py:436} INFO - 24/06/25 19:35:47 INFO SparkContext: Added JAR file:///opt/bitnami/spark/.ivy2/jars/org.apache.kafka_kafka-clients-2.8.1.jar at spark://localhost:46189/jars/org.apache.kafka_kafka-clients-2.8.1.jar with timestamp 1719344146210
[2024-06-25T19:35:47.110+0000] {docker.py:436} INFO - 24/06/25 19:35:47 INFO SparkContext: Added JAR file:///opt/bitnami/spark/.ivy2/jars/com.google.code.findbugs_jsr305-3.0.0.jar at spark://localhost:46189/jars/com.google.code.findbugs_jsr305-3.0.0.jar with timestamp 1719344146210
[2024-06-25T19:35:47.111+0000] {docker.py:436} INFO - 24/06/25 19:35:47 INFO SparkContext: Added JAR file:///opt/bitnami/spark/.ivy2/jars/org.apache.commons_commons-pool2-2.11.1.jar at spark://localhost:46189/jars/org.apache.commons_commons-pool2-2.11.1.jar with timestamp 1719344146210
[2024-06-25T19:35:47.112+0000] {docker.py:436} INFO - 24/06/25 19:35:47 INFO SparkContext: Added JAR file:///opt/bitnami/spark/.ivy2/jars/org.spark-project.spark_unused-1.0.0.jar at spark://localhost:46189/jars/org.spark-project.spark_unused-1.0.0.jar with timestamp 1719344146210
[2024-06-25T19:35:47.112+0000] {docker.py:436} INFO - 24/06/25 19:35:47 INFO SparkContext: Added JAR file:///opt/bitnami/spark/.ivy2/jars/org.apache.hadoop_hadoop-client-runtime-3.3.2.jar at spark://localhost:46189/jars/org.apache.hadoop_hadoop-client-runtime-3.3.2.jar with timestamp 1719344146210
[2024-06-25T19:35:47.114+0000] {docker.py:436} INFO - 24/06/25 19:35:47 INFO SparkContext: Added JAR file:///opt/bitnami/spark/.ivy2/jars/org.lz4_lz4-java-1.8.0.jar at spark://localhost:46189/jars/org.lz4_lz4-java-1.8.0.jar with timestamp 1719344146210
[2024-06-25T19:35:47.114+0000] {docker.py:436} INFO - 24/06/25 19:35:47 INFO SparkContext: Added JAR file:///opt/bitnami/spark/.ivy2/jars/org.xerial.snappy_snappy-java-1.1.8.4.jar at spark://localhost:46189/jars/org.xerial.snappy_snappy-java-1.1.8.4.jar with timestamp 1719344146210
[2024-06-25T19:35:47.115+0000] {docker.py:436} INFO - 24/06/25 19:35:47 INFO SparkContext: Added JAR file:///opt/bitnami/spark/.ivy2/jars/org.slf4j_slf4j-api-1.7.32.jar at spark://localhost:46189/jars/org.slf4j_slf4j-api-1.7.32.jar with timestamp 1719344146210
[2024-06-25T19:35:47.116+0000] {docker.py:436} INFO - 24/06/25 19:35:47 INFO SparkContext: Added JAR file:///opt/bitnami/spark/.ivy2/jars/org.apache.hadoop_hadoop-client-api-3.3.2.jar at spark://localhost:46189/jars/org.apache.hadoop_hadoop-client-api-3.3.2.jar with timestamp 1719344146210
[2024-06-25T19:35:47.116+0000] {docker.py:436} INFO - 24/06/25 19:35:47 INFO SparkContext: Added JAR file:///opt/bitnami/spark/.ivy2/jars/commons-logging_commons-logging-1.1.3.jar at spark://localhost:46189/jars/commons-logging_commons-logging-1.1.3.jar with timestamp 1719344146210
[2024-06-25T19:35:47.121+0000] {docker.py:436} INFO - 24/06/25 19:35:47 INFO SparkContext: Added file file:///opt/bitnami/spark/.ivy2/jars/org.apache.spark_spark-sql-kafka-0-10_2.12-3.3.0.jar at file:///opt/bitnami/spark/.ivy2/jars/org.apache.spark_spark-sql-kafka-0-10_2.12-3.3.0.jar with timestamp 1719344146210
[2024-06-25T19:35:47.123+0000] {docker.py:436} INFO - 24/06/25 19:35:47 INFO Utils: Copying /opt/bitnami/spark/.ivy2/jars/org.apache.spark_spark-sql-kafka-0-10_2.12-3.3.0.jar to /tmp/spark-a394aed9-b81c-4748-a1ae-85e5caa03747/userFiles-87a6371f-c178-407b-93e0-2c7f8b4d4d90/org.apache.spark_spark-sql-kafka-0-10_2.12-3.3.0.jar
[2024-06-25T19:35:47.145+0000] {docker.py:436} INFO - 24/06/25 19:35:47 INFO SparkContext: Added file file:///opt/bitnami/spark/.ivy2/jars/org.postgresql_postgresql-42.2.2.jar at file:///opt/bitnami/spark/.ivy2/jars/org.postgresql_postgresql-42.2.2.jar with timestamp 1719344146210
[2024-06-25T19:35:47.146+0000] {docker.py:436} INFO - 24/06/25 19:35:47 INFO Utils: Copying /opt/bitnami/spark/.ivy2/jars/org.postgresql_postgresql-42.2.2.jar to /tmp/spark-a394aed9-b81c-4748-a1ae-85e5caa03747/userFiles-87a6371f-c178-407b-93e0-2c7f8b4d4d90/org.postgresql_postgresql-42.2.2.jar
[2024-06-25T19:35:47.151+0000] {docker.py:436} INFO - 24/06/25 19:35:47 INFO SparkContext: Added file file:///opt/bitnami/spark/.ivy2/jars/org.apache.spark_spark-token-provider-kafka-0-10_2.12-3.3.0.jar at file:///opt/bitnami/spark/.ivy2/jars/org.apache.spark_spark-token-provider-kafka-0-10_2.12-3.3.0.jar with timestamp 1719344146210
[2024-06-25T19:35:47.152+0000] {docker.py:436} INFO - 24/06/25 19:35:47 INFO Utils: Copying /opt/bitnami/spark/.ivy2/jars/org.apache.spark_spark-token-provider-kafka-0-10_2.12-3.3.0.jar to /tmp/spark-a394aed9-b81c-4748-a1ae-85e5caa03747/userFiles-87a6371f-c178-407b-93e0-2c7f8b4d4d90/org.apache.spark_spark-token-provider-kafka-0-10_2.12-3.3.0.jar
[2024-06-25T19:35:47.156+0000] {docker.py:436} INFO - 24/06/25 19:35:47 INFO SparkContext: Added file file:///opt/bitnami/spark/.ivy2/jars/org.apache.kafka_kafka-clients-2.8.1.jar at file:///opt/bitnami/spark/.ivy2/jars/org.apache.kafka_kafka-clients-2.8.1.jar with timestamp 1719344146210
[2024-06-25T19:35:47.157+0000] {docker.py:436} INFO - 24/06/25 19:35:47 INFO Utils: Copying /opt/bitnami/spark/.ivy2/jars/org.apache.kafka_kafka-clients-2.8.1.jar to /tmp/spark-a394aed9-b81c-4748-a1ae-85e5caa03747/userFiles-87a6371f-c178-407b-93e0-2c7f8b4d4d90/org.apache.kafka_kafka-clients-2.8.1.jar
[2024-06-25T19:35:47.165+0000] {docker.py:436} INFO - 24/06/25 19:35:47 INFO SparkContext: Added file file:///opt/bitnami/spark/.ivy2/jars/com.google.code.findbugs_jsr305-3.0.0.jar at file:///opt/bitnami/spark/.ivy2/jars/com.google.code.findbugs_jsr305-3.0.0.jar with timestamp 1719344146210
[2024-06-25T19:35:47.166+0000] {docker.py:436} INFO - 24/06/25 19:35:47 INFO Utils: Copying /opt/bitnami/spark/.ivy2/jars/com.google.code.findbugs_jsr305-3.0.0.jar to /tmp/spark-a394aed9-b81c-4748-a1ae-85e5caa03747/userFiles-87a6371f-c178-407b-93e0-2c7f8b4d4d90/com.google.code.findbugs_jsr305-3.0.0.jar
[2024-06-25T19:35:47.171+0000] {docker.py:436} INFO - 24/06/25 19:35:47 INFO SparkContext: Added file file:///opt/bitnami/spark/.ivy2/jars/org.apache.commons_commons-pool2-2.11.1.jar at file:///opt/bitnami/spark/.ivy2/jars/org.apache.commons_commons-pool2-2.11.1.jar with timestamp 1719344146210
[2024-06-25T19:35:47.172+0000] {docker.py:436} INFO - 24/06/25 19:35:47 INFO Utils: Copying /opt/bitnami/spark/.ivy2/jars/org.apache.commons_commons-pool2-2.11.1.jar to /tmp/spark-a394aed9-b81c-4748-a1ae-85e5caa03747/userFiles-87a6371f-c178-407b-93e0-2c7f8b4d4d90/org.apache.commons_commons-pool2-2.11.1.jar
[2024-06-25T19:35:47.177+0000] {docker.py:436} INFO - 24/06/25 19:35:47 INFO SparkContext: Added file file:///opt/bitnami/spark/.ivy2/jars/org.spark-project.spark_unused-1.0.0.jar at file:///opt/bitnami/spark/.ivy2/jars/org.spark-project.spark_unused-1.0.0.jar with timestamp 1719344146210
[2024-06-25T19:35:47.178+0000] {docker.py:436} INFO - 24/06/25 19:35:47 INFO Utils: Copying /opt/bitnami/spark/.ivy2/jars/org.spark-project.spark_unused-1.0.0.jar to /tmp/spark-a394aed9-b81c-4748-a1ae-85e5caa03747/userFiles-87a6371f-c178-407b-93e0-2c7f8b4d4d90/org.spark-project.spark_unused-1.0.0.jar
[2024-06-25T19:35:47.182+0000] {docker.py:436} INFO - 24/06/25 19:35:47 INFO SparkContext: Added file file:///opt/bitnami/spark/.ivy2/jars/org.apache.hadoop_hadoop-client-runtime-3.3.2.jar at file:///opt/bitnami/spark/.ivy2/jars/org.apache.hadoop_hadoop-client-runtime-3.3.2.jar with timestamp 1719344146210
[2024-06-25T19:35:47.183+0000] {docker.py:436} INFO - 24/06/25 19:35:47 INFO Utils: Copying /opt/bitnami/spark/.ivy2/jars/org.apache.hadoop_hadoop-client-runtime-3.3.2.jar to /tmp/spark-a394aed9-b81c-4748-a1ae-85e5caa03747/userFiles-87a6371f-c178-407b-93e0-2c7f8b4d4d90/org.apache.hadoop_hadoop-client-runtime-3.3.2.jar
[2024-06-25T19:35:47.215+0000] {docker.py:436} INFO - 24/06/25 19:35:47 INFO SparkContext: Added file file:///opt/bitnami/spark/.ivy2/jars/org.lz4_lz4-java-1.8.0.jar at file:///opt/bitnami/spark/.ivy2/jars/org.lz4_lz4-java-1.8.0.jar with timestamp 1719344146210
[2024-06-25T19:35:47.216+0000] {docker.py:436} INFO - 24/06/25 19:35:47 INFO Utils: Copying /opt/bitnami/spark/.ivy2/jars/org.lz4_lz4-java-1.8.0.jar to /tmp/spark-a394aed9-b81c-4748-a1ae-85e5caa03747/userFiles-87a6371f-c178-407b-93e0-2c7f8b4d4d90/org.lz4_lz4-java-1.8.0.jar
[2024-06-25T19:35:47.220+0000] {docker.py:436} INFO - 24/06/25 19:35:47 INFO SparkContext: Added file file:///opt/bitnami/spark/.ivy2/jars/org.xerial.snappy_snappy-java-1.1.8.4.jar at file:///opt/bitnami/spark/.ivy2/jars/org.xerial.snappy_snappy-java-1.1.8.4.jar with timestamp 1719344146210
[2024-06-25T19:35:47.221+0000] {docker.py:436} INFO - 24/06/25 19:35:47 INFO Utils: Copying /opt/bitnami/spark/.ivy2/jars/org.xerial.snappy_snappy-java-1.1.8.4.jar to /tmp/spark-a394aed9-b81c-4748-a1ae-85e5caa03747/userFiles-87a6371f-c178-407b-93e0-2c7f8b4d4d90/org.xerial.snappy_snappy-java-1.1.8.4.jar
[2024-06-25T19:35:47.228+0000] {docker.py:436} INFO - 24/06/25 19:35:47 INFO SparkContext: Added file file:///opt/bitnami/spark/.ivy2/jars/org.slf4j_slf4j-api-1.7.32.jar at file:///opt/bitnami/spark/.ivy2/jars/org.slf4j_slf4j-api-1.7.32.jar with timestamp 1719344146210
[2024-06-25T19:35:47.229+0000] {docker.py:436} INFO - 24/06/25 19:35:47 INFO Utils: Copying /opt/bitnami/spark/.ivy2/jars/org.slf4j_slf4j-api-1.7.32.jar to /tmp/spark-a394aed9-b81c-4748-a1ae-85e5caa03747/userFiles-87a6371f-c178-407b-93e0-2c7f8b4d4d90/org.slf4j_slf4j-api-1.7.32.jar
[2024-06-25T19:35:47.235+0000] {docker.py:436} INFO - 24/06/25 19:35:47 INFO SparkContext: Added file file:///opt/bitnami/spark/.ivy2/jars/org.apache.hadoop_hadoop-client-api-3.3.2.jar at file:///opt/bitnami/spark/.ivy2/jars/org.apache.hadoop_hadoop-client-api-3.3.2.jar with timestamp 1719344146210
[2024-06-25T19:35:47.236+0000] {docker.py:436} INFO - 24/06/25 19:35:47 INFO Utils: Copying /opt/bitnami/spark/.ivy2/jars/org.apache.hadoop_hadoop-client-api-3.3.2.jar to /tmp/spark-a394aed9-b81c-4748-a1ae-85e5caa03747/userFiles-87a6371f-c178-407b-93e0-2c7f8b4d4d90/org.apache.hadoop_hadoop-client-api-3.3.2.jar
[2024-06-25T19:35:47.263+0000] {docker.py:436} INFO - 24/06/25 19:35:47 INFO SparkContext: Added file file:///opt/bitnami/spark/.ivy2/jars/commons-logging_commons-logging-1.1.3.jar at file:///opt/bitnami/spark/.ivy2/jars/commons-logging_commons-logging-1.1.3.jar with timestamp 1719344146210
[2024-06-25T19:35:47.263+0000] {docker.py:436} INFO - 24/06/25 19:35:47 INFO Utils: Copying /opt/bitnami/spark/.ivy2/jars/commons-logging_commons-logging-1.1.3.jar to /tmp/spark-a394aed9-b81c-4748-a1ae-85e5caa03747/userFiles-87a6371f-c178-407b-93e0-2c7f8b4d4d90/commons-logging_commons-logging-1.1.3.jar
[2024-06-25T19:35:47.351+0000] {docker.py:436} INFO - 24/06/25 19:35:47 INFO Executor: Starting executor ID driver on host localhost
[2024-06-25T19:35:47.352+0000] {docker.py:436} INFO - 24/06/25 19:35:47 INFO Executor: OS info Linux, 6.5.0-41-generic, amd64
[2024-06-25T19:35:47.353+0000] {docker.py:436} INFO - 24/06/25 19:35:47 INFO Executor: Java version 17.0.11
[2024-06-25T19:35:47.362+0000] {docker.py:436} INFO - 24/06/25 19:35:47 INFO Executor: Starting executor with user classpath (userClassPathFirst = false): ''
[2024-06-25T19:35:47.363+0000] {docker.py:436} INFO - 24/06/25 19:35:47 INFO Executor: Created or updated repl class loader org.apache.spark.util.MutableURLClassLoader@74367b89 for default.
[2024-06-25T19:35:47.384+0000] {docker.py:436} INFO - 24/06/25 19:35:47 INFO Executor: Fetching file:///opt/bitnami/spark/.ivy2/jars/org.postgresql_postgresql-42.2.2.jar with timestamp 1719344146210
[2024-06-25T19:35:47.409+0000] {docker.py:436} INFO - 24/06/25 19:35:47 INFO Utils: /opt/bitnami/spark/.ivy2/jars/org.postgresql_postgresql-42.2.2.jar has been previously copied to /tmp/spark-a394aed9-b81c-4748-a1ae-85e5caa03747/userFiles-87a6371f-c178-407b-93e0-2c7f8b4d4d90/org.postgresql_postgresql-42.2.2.jar
[2024-06-25T19:35:47.414+0000] {docker.py:436} INFO - 24/06/25 19:35:47 INFO Executor: Fetching file:///opt/bitnami/spark/.ivy2/jars/org.apache.hadoop_hadoop-client-api-3.3.2.jar with timestamp 1719344146210
[2024-06-25T19:35:47.434+0000] {docker.py:436} INFO - 24/06/25 19:35:47 INFO Utils: /opt/bitnami/spark/.ivy2/jars/org.apache.hadoop_hadoop-client-api-3.3.2.jar has been previously copied to /tmp/spark-a394aed9-b81c-4748-a1ae-85e5caa03747/userFiles-87a6371f-c178-407b-93e0-2c7f8b4d4d90/org.apache.hadoop_hadoop-client-api-3.3.2.jar
[2024-06-25T19:35:47.438+0000] {docker.py:436} INFO - 24/06/25 19:35:47 INFO Executor: Fetching file:///opt/bitnami/spark/.ivy2/jars/org.xerial.snappy_snappy-java-1.1.8.4.jar with timestamp 1719344146210
[2024-06-25T19:35:47.441+0000] {docker.py:436} INFO - 24/06/25 19:35:47 INFO Utils: /opt/bitnami/spark/.ivy2/jars/org.xerial.snappy_snappy-java-1.1.8.4.jar has been previously copied to /tmp/spark-a394aed9-b81c-4748-a1ae-85e5caa03747/userFiles-87a6371f-c178-407b-93e0-2c7f8b4d4d90/org.xerial.snappy_snappy-java-1.1.8.4.jar
[2024-06-25T19:35:47.445+0000] {docker.py:436} INFO - 24/06/25 19:35:47 INFO Executor: Fetching file:///opt/bitnami/spark/.ivy2/jars/org.apache.hadoop_hadoop-client-runtime-3.3.2.jar with timestamp 1719344146210
[2024-06-25T19:35:47.484+0000] {docker.py:436} INFO - 24/06/25 19:35:47 INFO Utils: /opt/bitnami/spark/.ivy2/jars/org.apache.hadoop_hadoop-client-runtime-3.3.2.jar has been previously copied to /tmp/spark-a394aed9-b81c-4748-a1ae-85e5caa03747/userFiles-87a6371f-c178-407b-93e0-2c7f8b4d4d90/org.apache.hadoop_hadoop-client-runtime-3.3.2.jar
[2024-06-25T19:35:47.489+0000] {docker.py:436} INFO - 24/06/25 19:35:47 INFO Executor: Fetching file:///opt/bitnami/spark/.ivy2/jars/org.apache.commons_commons-pool2-2.11.1.jar with timestamp 1719344146210
[2024-06-25T19:35:47.490+0000] {docker.py:436} INFO - 24/06/25 19:35:47 INFO Utils: /opt/bitnami/spark/.ivy2/jars/org.apache.commons_commons-pool2-2.11.1.jar has been previously copied to /tmp/spark-a394aed9-b81c-4748-a1ae-85e5caa03747/userFiles-87a6371f-c178-407b-93e0-2c7f8b4d4d90/org.apache.commons_commons-pool2-2.11.1.jar
[2024-06-25T19:35:47.495+0000] {docker.py:436} INFO - 24/06/25 19:35:47 INFO Executor: Fetching file:///opt/bitnami/spark/.ivy2/jars/org.apache.spark_spark-token-provider-kafka-0-10_2.12-3.3.0.jar with timestamp 1719344146210
[2024-06-25T19:35:47.497+0000] {docker.py:436} INFO - 24/06/25 19:35:47 INFO Utils: /opt/bitnami/spark/.ivy2/jars/org.apache.spark_spark-token-provider-kafka-0-10_2.12-3.3.0.jar has been previously copied to /tmp/spark-a394aed9-b81c-4748-a1ae-85e5caa03747/userFiles-87a6371f-c178-407b-93e0-2c7f8b4d4d90/org.apache.spark_spark-token-provider-kafka-0-10_2.12-3.3.0.jar
[2024-06-25T19:35:47.508+0000] {docker.py:436} INFO - 24/06/25 19:35:47 INFO Executor: Fetching file:///opt/bitnami/spark/.ivy2/jars/org.slf4j_slf4j-api-1.7.32.jar with timestamp 1719344146210
24/06/25 19:35:47 INFO Utils: /opt/bitnami/spark/.ivy2/jars/org.slf4j_slf4j-api-1.7.32.jar has been previously copied to /tmp/spark-a394aed9-b81c-4748-a1ae-85e5caa03747/userFiles-87a6371f-c178-407b-93e0-2c7f8b4d4d90/org.slf4j_slf4j-api-1.7.32.jar
[2024-06-25T19:35:47.516+0000] {docker.py:436} INFO - 24/06/25 19:35:47 INFO Executor: Fetching file:///opt/bitnami/spark/.ivy2/jars/org.apache.spark_spark-sql-kafka-0-10_2.12-3.3.0.jar with timestamp 1719344146210
[2024-06-25T19:35:47.519+0000] {docker.py:436} INFO - 24/06/25 19:35:47 INFO Utils: /opt/bitnami/spark/.ivy2/jars/org.apache.spark_spark-sql-kafka-0-10_2.12-3.3.0.jar has been previously copied to /tmp/spark-a394aed9-b81c-4748-a1ae-85e5caa03747/userFiles-87a6371f-c178-407b-93e0-2c7f8b4d4d90/org.apache.spark_spark-sql-kafka-0-10_2.12-3.3.0.jar
[2024-06-25T19:35:47.524+0000] {docker.py:436} INFO - 24/06/25 19:35:47 INFO Executor: Fetching file:///opt/bitnami/spark/.ivy2/jars/com.google.code.findbugs_jsr305-3.0.0.jar with timestamp 1719344146210
[2024-06-25T19:35:47.525+0000] {docker.py:436} INFO - 24/06/25 19:35:47 INFO Utils: /opt/bitnami/spark/.ivy2/jars/com.google.code.findbugs_jsr305-3.0.0.jar has been previously copied to /tmp/spark-a394aed9-b81c-4748-a1ae-85e5caa03747/userFiles-87a6371f-c178-407b-93e0-2c7f8b4d4d90/com.google.code.findbugs_jsr305-3.0.0.jar
[2024-06-25T19:35:47.532+0000] {docker.py:436} INFO - 24/06/25 19:35:47 INFO Executor: Fetching file:///opt/bitnami/spark/.ivy2/jars/org.lz4_lz4-java-1.8.0.jar with timestamp 1719344146210
[2024-06-25T19:35:47.534+0000] {docker.py:436} INFO - 24/06/25 19:35:47 INFO Utils: /opt/bitnami/spark/.ivy2/jars/org.lz4_lz4-java-1.8.0.jar has been previously copied to /tmp/spark-a394aed9-b81c-4748-a1ae-85e5caa03747/userFiles-87a6371f-c178-407b-93e0-2c7f8b4d4d90/org.lz4_lz4-java-1.8.0.jar
[2024-06-25T19:35:47.539+0000] {docker.py:436} INFO - 24/06/25 19:35:47 INFO Executor: Fetching file:///opt/bitnami/spark/.ivy2/jars/commons-logging_commons-logging-1.1.3.jar with timestamp 1719344146210
[2024-06-25T19:35:47.540+0000] {docker.py:436} INFO - 24/06/25 19:35:47 INFO Utils: /opt/bitnami/spark/.ivy2/jars/commons-logging_commons-logging-1.1.3.jar has been previously copied to /tmp/spark-a394aed9-b81c-4748-a1ae-85e5caa03747/userFiles-87a6371f-c178-407b-93e0-2c7f8b4d4d90/commons-logging_commons-logging-1.1.3.jar
[2024-06-25T19:35:47.546+0000] {docker.py:436} INFO - 24/06/25 19:35:47 INFO Executor: Fetching file:///opt/bitnami/spark/.ivy2/jars/org.spark-project.spark_unused-1.0.0.jar with timestamp 1719344146210
[2024-06-25T19:35:47.547+0000] {docker.py:436} INFO - 24/06/25 19:35:47 INFO Utils: /opt/bitnami/spark/.ivy2/jars/org.spark-project.spark_unused-1.0.0.jar has been previously copied to /tmp/spark-a394aed9-b81c-4748-a1ae-85e5caa03747/userFiles-87a6371f-c178-407b-93e0-2c7f8b4d4d90/org.spark-project.spark_unused-1.0.0.jar
[2024-06-25T19:35:47.553+0000] {docker.py:436} INFO - 24/06/25 19:35:47 INFO Executor: Fetching file:///opt/bitnami/spark/.ivy2/jars/org.apache.kafka_kafka-clients-2.8.1.jar with timestamp 1719344146210
[2024-06-25T19:35:47.560+0000] {docker.py:436} INFO - 24/06/25 19:35:47 INFO Utils: /opt/bitnami/spark/.ivy2/jars/org.apache.kafka_kafka-clients-2.8.1.jar has been previously copied to /tmp/spark-a394aed9-b81c-4748-a1ae-85e5caa03747/userFiles-87a6371f-c178-407b-93e0-2c7f8b4d4d90/org.apache.kafka_kafka-clients-2.8.1.jar
[2024-06-25T19:35:47.571+0000] {docker.py:436} INFO - 24/06/25 19:35:47 INFO Executor: Fetching spark://localhost:46189/jars/org.apache.commons_commons-pool2-2.11.1.jar with timestamp 1719344146210
[2024-06-25T19:35:47.632+0000] {docker.py:436} INFO - 24/06/25 19:35:47 INFO TransportClientFactory: Successfully created connection to localhost/127.0.0.1:46189 after 44 ms (0 ms spent in bootstraps)
[2024-06-25T19:35:47.648+0000] {docker.py:436} INFO - 24/06/25 19:35:47 INFO Utils: Fetching spark://localhost:46189/jars/org.apache.commons_commons-pool2-2.11.1.jar to /tmp/spark-a394aed9-b81c-4748-a1ae-85e5caa03747/userFiles-87a6371f-c178-407b-93e0-2c7f8b4d4d90/fetchFileTemp16719558797700854548.tmp
[2024-06-25T19:35:47.690+0000] {docker.py:436} INFO - 24/06/25 19:35:47 INFO Utils: /tmp/spark-a394aed9-b81c-4748-a1ae-85e5caa03747/userFiles-87a6371f-c178-407b-93e0-2c7f8b4d4d90/fetchFileTemp16719558797700854548.tmp has been previously copied to /tmp/spark-a394aed9-b81c-4748-a1ae-85e5caa03747/userFiles-87a6371f-c178-407b-93e0-2c7f8b4d4d90/org.apache.commons_commons-pool2-2.11.1.jar
[2024-06-25T19:35:47.697+0000] {docker.py:436} INFO - 24/06/25 19:35:47 INFO Executor: Adding file:/tmp/spark-a394aed9-b81c-4748-a1ae-85e5caa03747/userFiles-87a6371f-c178-407b-93e0-2c7f8b4d4d90/org.apache.commons_commons-pool2-2.11.1.jar to class loader default
[2024-06-25T19:35:47.698+0000] {docker.py:436} INFO - 24/06/25 19:35:47 INFO Executor: Fetching spark://localhost:46189/jars/com.google.code.findbugs_jsr305-3.0.0.jar with timestamp 1719344146210
[2024-06-25T19:35:47.699+0000] {docker.py:436} INFO - 24/06/25 19:35:47 INFO Utils: Fetching spark://localhost:46189/jars/com.google.code.findbugs_jsr305-3.0.0.jar to /tmp/spark-a394aed9-b81c-4748-a1ae-85e5caa03747/userFiles-87a6371f-c178-407b-93e0-2c7f8b4d4d90/fetchFileTemp13949665947329653631.tmp
[2024-06-25T19:35:47.705+0000] {docker.py:436} INFO - 24/06/25 19:35:47 INFO Utils: /tmp/spark-a394aed9-b81c-4748-a1ae-85e5caa03747/userFiles-87a6371f-c178-407b-93e0-2c7f8b4d4d90/fetchFileTemp13949665947329653631.tmp has been previously copied to /tmp/spark-a394aed9-b81c-4748-a1ae-85e5caa03747/userFiles-87a6371f-c178-407b-93e0-2c7f8b4d4d90/com.google.code.findbugs_jsr305-3.0.0.jar
[2024-06-25T19:35:47.711+0000] {docker.py:436} INFO - 24/06/25 19:35:47 INFO Executor: Adding file:/tmp/spark-a394aed9-b81c-4748-a1ae-85e5caa03747/userFiles-87a6371f-c178-407b-93e0-2c7f8b4d4d90/com.google.code.findbugs_jsr305-3.0.0.jar to class loader default
[2024-06-25T19:35:47.713+0000] {docker.py:436} INFO - 24/06/25 19:35:47 INFO Executor: Fetching spark://localhost:46189/jars/org.apache.spark_spark-token-provider-kafka-0-10_2.12-3.3.0.jar with timestamp 1719344146210
[2024-06-25T19:35:47.714+0000] {docker.py:436} INFO - 24/06/25 19:35:47 INFO Utils: Fetching spark://localhost:46189/jars/org.apache.spark_spark-token-provider-kafka-0-10_2.12-3.3.0.jar to /tmp/spark-a394aed9-b81c-4748-a1ae-85e5caa03747/userFiles-87a6371f-c178-407b-93e0-2c7f8b4d4d90/fetchFileTemp693925409282416787.tmp
[2024-06-25T19:35:47.716+0000] {docker.py:436} INFO - 24/06/25 19:35:47 INFO Utils: /tmp/spark-a394aed9-b81c-4748-a1ae-85e5caa03747/userFiles-87a6371f-c178-407b-93e0-2c7f8b4d4d90/fetchFileTemp693925409282416787.tmp has been previously copied to /tmp/spark-a394aed9-b81c-4748-a1ae-85e5caa03747/userFiles-87a6371f-c178-407b-93e0-2c7f8b4d4d90/org.apache.spark_spark-token-provider-kafka-0-10_2.12-3.3.0.jar
[2024-06-25T19:35:47.720+0000] {docker.py:436} INFO - 24/06/25 19:35:47 INFO Executor: Adding file:/tmp/spark-a394aed9-b81c-4748-a1ae-85e5caa03747/userFiles-87a6371f-c178-407b-93e0-2c7f8b4d4d90/org.apache.spark_spark-token-provider-kafka-0-10_2.12-3.3.0.jar to class loader default
[2024-06-25T19:35:47.721+0000] {docker.py:436} INFO - 24/06/25 19:35:47 INFO Executor: Fetching spark://localhost:46189/jars/org.apache.kafka_kafka-clients-2.8.1.jar with timestamp 1719344146210
[2024-06-25T19:35:47.723+0000] {docker.py:436} INFO - 24/06/25 19:35:47 INFO Utils: Fetching spark://localhost:46189/jars/org.apache.kafka_kafka-clients-2.8.1.jar to /tmp/spark-a394aed9-b81c-4748-a1ae-85e5caa03747/userFiles-87a6371f-c178-407b-93e0-2c7f8b4d4d90/fetchFileTemp11382862288338660520.tmp
[2024-06-25T19:35:47.754+0000] {docker.py:436} INFO - 24/06/25 19:35:47 INFO Utils: /tmp/spark-a394aed9-b81c-4748-a1ae-85e5caa03747/userFiles-87a6371f-c178-407b-93e0-2c7f8b4d4d90/fetchFileTemp11382862288338660520.tmp has been previously copied to /tmp/spark-a394aed9-b81c-4748-a1ae-85e5caa03747/userFiles-87a6371f-c178-407b-93e0-2c7f8b4d4d90/org.apache.kafka_kafka-clients-2.8.1.jar
[2024-06-25T19:35:47.762+0000] {docker.py:436} INFO - 24/06/25 19:35:47 INFO Executor: Adding file:/tmp/spark-a394aed9-b81c-4748-a1ae-85e5caa03747/userFiles-87a6371f-c178-407b-93e0-2c7f8b4d4d90/org.apache.kafka_kafka-clients-2.8.1.jar to class loader default
[2024-06-25T19:35:47.763+0000] {docker.py:436} INFO - 24/06/25 19:35:47 INFO Executor: Fetching spark://localhost:46189/jars/org.apache.hadoop_hadoop-client-runtime-3.3.2.jar with timestamp 1719344146210
[2024-06-25T19:35:47.764+0000] {docker.py:436} INFO - 24/06/25 19:35:47 INFO Utils: Fetching spark://localhost:46189/jars/org.apache.hadoop_hadoop-client-runtime-3.3.2.jar to /tmp/spark-a394aed9-b81c-4748-a1ae-85e5caa03747/userFiles-87a6371f-c178-407b-93e0-2c7f8b4d4d90/fetchFileTemp3697652738175723579.tmp
[2024-06-25T19:35:47.948+0000] {docker.py:436} INFO - 24/06/25 19:35:47 INFO Utils: /tmp/spark-a394aed9-b81c-4748-a1ae-85e5caa03747/userFiles-87a6371f-c178-407b-93e0-2c7f8b4d4d90/fetchFileTemp3697652738175723579.tmp has been previously copied to /tmp/spark-a394aed9-b81c-4748-a1ae-85e5caa03747/userFiles-87a6371f-c178-407b-93e0-2c7f8b4d4d90/org.apache.hadoop_hadoop-client-runtime-3.3.2.jar
[2024-06-25T19:35:47.956+0000] {docker.py:436} INFO - 24/06/25 19:35:47 INFO Executor: Adding file:/tmp/spark-a394aed9-b81c-4748-a1ae-85e5caa03747/userFiles-87a6371f-c178-407b-93e0-2c7f8b4d4d90/org.apache.hadoop_hadoop-client-runtime-3.3.2.jar to class loader default
[2024-06-25T19:35:47.957+0000] {docker.py:436} INFO - 24/06/25 19:35:47 INFO Executor: Fetching spark://localhost:46189/jars/org.lz4_lz4-java-1.8.0.jar with timestamp 1719344146210
[2024-06-25T19:35:47.958+0000] {docker.py:436} INFO - 24/06/25 19:35:47 INFO Utils: Fetching spark://localhost:46189/jars/org.lz4_lz4-java-1.8.0.jar to /tmp/spark-a394aed9-b81c-4748-a1ae-85e5caa03747/userFiles-87a6371f-c178-407b-93e0-2c7f8b4d4d90/fetchFileTemp2050864149823569194.tmp
[2024-06-25T19:35:47.961+0000] {docker.py:436} INFO - 24/06/25 19:35:47 INFO Utils: /tmp/spark-a394aed9-b81c-4748-a1ae-85e5caa03747/userFiles-87a6371f-c178-407b-93e0-2c7f8b4d4d90/fetchFileTemp2050864149823569194.tmp has been previously copied to /tmp/spark-a394aed9-b81c-4748-a1ae-85e5caa03747/userFiles-87a6371f-c178-407b-93e0-2c7f8b4d4d90/org.lz4_lz4-java-1.8.0.jar
[2024-06-25T19:35:47.965+0000] {docker.py:436} INFO - 24/06/25 19:35:47 INFO Executor: Adding file:/tmp/spark-a394aed9-b81c-4748-a1ae-85e5caa03747/userFiles-87a6371f-c178-407b-93e0-2c7f8b4d4d90/org.lz4_lz4-java-1.8.0.jar to class loader default
[2024-06-25T19:35:47.966+0000] {docker.py:436} INFO - 24/06/25 19:35:47 INFO Executor: Fetching spark://localhost:46189/jars/org.apache.spark_spark-sql-kafka-0-10_2.12-3.3.0.jar with timestamp 1719344146210
[2024-06-25T19:35:47.967+0000] {docker.py:436} INFO - 24/06/25 19:35:47 INFO Utils: Fetching spark://localhost:46189/jars/org.apache.spark_spark-sql-kafka-0-10_2.12-3.3.0.jar to /tmp/spark-a394aed9-b81c-4748-a1ae-85e5caa03747/userFiles-87a6371f-c178-407b-93e0-2c7f8b4d4d90/fetchFileTemp16096771648284363452.tmp
[2024-06-25T19:35:47.969+0000] {docker.py:436} INFO - 24/06/25 19:35:47 INFO Utils: /tmp/spark-a394aed9-b81c-4748-a1ae-85e5caa03747/userFiles-87a6371f-c178-407b-93e0-2c7f8b4d4d90/fetchFileTemp16096771648284363452.tmp has been previously copied to /tmp/spark-a394aed9-b81c-4748-a1ae-85e5caa03747/userFiles-87a6371f-c178-407b-93e0-2c7f8b4d4d90/org.apache.spark_spark-sql-kafka-0-10_2.12-3.3.0.jar
[2024-06-25T19:35:47.973+0000] {docker.py:436} INFO - 24/06/25 19:35:47 INFO Executor: Adding file:/tmp/spark-a394aed9-b81c-4748-a1ae-85e5caa03747/userFiles-87a6371f-c178-407b-93e0-2c7f8b4d4d90/org.apache.spark_spark-sql-kafka-0-10_2.12-3.3.0.jar to class loader default
[2024-06-25T19:35:47.974+0000] {docker.py:436} INFO - 24/06/25 19:35:47 INFO Executor: Fetching spark://localhost:46189/jars/org.slf4j_slf4j-api-1.7.32.jar with timestamp 1719344146210
[2024-06-25T19:35:47.974+0000] {docker.py:436} INFO - 24/06/25 19:35:47 INFO Utils: Fetching spark://localhost:46189/jars/org.slf4j_slf4j-api-1.7.32.jar to /tmp/spark-a394aed9-b81c-4748-a1ae-85e5caa03747/userFiles-87a6371f-c178-407b-93e0-2c7f8b4d4d90/fetchFileTemp11466021190695345781.tmp
[2024-06-25T19:35:47.976+0000] {docker.py:436} INFO - 24/06/25 19:35:47 INFO Utils: /tmp/spark-a394aed9-b81c-4748-a1ae-85e5caa03747/userFiles-87a6371f-c178-407b-93e0-2c7f8b4d4d90/fetchFileTemp11466021190695345781.tmp has been previously copied to /tmp/spark-a394aed9-b81c-4748-a1ae-85e5caa03747/userFiles-87a6371f-c178-407b-93e0-2c7f8b4d4d90/org.slf4j_slf4j-api-1.7.32.jar
[2024-06-25T19:35:47.979+0000] {docker.py:436} INFO - 24/06/25 19:35:47 INFO Executor: Adding file:/tmp/spark-a394aed9-b81c-4748-a1ae-85e5caa03747/userFiles-87a6371f-c178-407b-93e0-2c7f8b4d4d90/org.slf4j_slf4j-api-1.7.32.jar to class loader default
[2024-06-25T19:35:47.980+0000] {docker.py:436} INFO - 24/06/25 19:35:47 INFO Executor: Fetching spark://localhost:46189/jars/commons-logging_commons-logging-1.1.3.jar with timestamp 1719344146210
[2024-06-25T19:35:47.980+0000] {docker.py:436} INFO - 24/06/25 19:35:47 INFO Utils: Fetching spark://localhost:46189/jars/commons-logging_commons-logging-1.1.3.jar to /tmp/spark-a394aed9-b81c-4748-a1ae-85e5caa03747/userFiles-87a6371f-c178-407b-93e0-2c7f8b4d4d90/fetchFileTemp11156187490094150029.tmp
[2024-06-25T19:35:47.981+0000] {docker.py:436} INFO - 24/06/25 19:35:47 INFO Utils: /tmp/spark-a394aed9-b81c-4748-a1ae-85e5caa03747/userFiles-87a6371f-c178-407b-93e0-2c7f8b4d4d90/fetchFileTemp11156187490094150029.tmp has been previously copied to /tmp/spark-a394aed9-b81c-4748-a1ae-85e5caa03747/userFiles-87a6371f-c178-407b-93e0-2c7f8b4d4d90/commons-logging_commons-logging-1.1.3.jar
[2024-06-25T19:35:47.986+0000] {docker.py:436} INFO - 24/06/25 19:35:47 INFO Executor: Adding file:/tmp/spark-a394aed9-b81c-4748-a1ae-85e5caa03747/userFiles-87a6371f-c178-407b-93e0-2c7f8b4d4d90/commons-logging_commons-logging-1.1.3.jar to class loader default
[2024-06-25T19:35:47.986+0000] {docker.py:436} INFO - 24/06/25 19:35:47 INFO Executor: Fetching spark://localhost:46189/jars/org.xerial.snappy_snappy-java-1.1.8.4.jar with timestamp 1719344146210
[2024-06-25T19:35:47.987+0000] {docker.py:436} INFO - 24/06/25 19:35:47 INFO Utils: Fetching spark://localhost:46189/jars/org.xerial.snappy_snappy-java-1.1.8.4.jar to /tmp/spark-a394aed9-b81c-4748-a1ae-85e5caa03747/userFiles-87a6371f-c178-407b-93e0-2c7f8b4d4d90/fetchFileTemp13169652808125864932.tmp
[2024-06-25T19:35:47.994+0000] {docker.py:436} INFO - 24/06/25 19:35:47 INFO Utils: /tmp/spark-a394aed9-b81c-4748-a1ae-85e5caa03747/userFiles-87a6371f-c178-407b-93e0-2c7f8b4d4d90/fetchFileTemp13169652808125864932.tmp has been previously copied to /tmp/spark-a394aed9-b81c-4748-a1ae-85e5caa03747/userFiles-87a6371f-c178-407b-93e0-2c7f8b4d4d90/org.xerial.snappy_snappy-java-1.1.8.4.jar
[2024-06-25T19:35:48.000+0000] {docker.py:436} INFO - 24/06/25 19:35:48 INFO Executor: Adding file:/tmp/spark-a394aed9-b81c-4748-a1ae-85e5caa03747/userFiles-87a6371f-c178-407b-93e0-2c7f8b4d4d90/org.xerial.snappy_snappy-java-1.1.8.4.jar to class loader default
[2024-06-25T19:35:48.001+0000] {docker.py:436} INFO - 24/06/25 19:35:48 INFO Executor: Fetching spark://localhost:46189/jars/org.apache.hadoop_hadoop-client-api-3.3.2.jar with timestamp 1719344146210
[2024-06-25T19:35:48.002+0000] {docker.py:436} INFO - 24/06/25 19:35:48 INFO Utils: Fetching spark://localhost:46189/jars/org.apache.hadoop_hadoop-client-api-3.3.2.jar to /tmp/spark-a394aed9-b81c-4748-a1ae-85e5caa03747/userFiles-87a6371f-c178-407b-93e0-2c7f8b4d4d90/fetchFileTemp13149028623103976247.tmp
[2024-06-25T19:35:48.105+0000] {docker.py:436} INFO - 24/06/25 19:35:48 INFO Utils: /tmp/spark-a394aed9-b81c-4748-a1ae-85e5caa03747/userFiles-87a6371f-c178-407b-93e0-2c7f8b4d4d90/fetchFileTemp13149028623103976247.tmp has been previously copied to /tmp/spark-a394aed9-b81c-4748-a1ae-85e5caa03747/userFiles-87a6371f-c178-407b-93e0-2c7f8b4d4d90/org.apache.hadoop_hadoop-client-api-3.3.2.jar
[2024-06-25T19:35:48.112+0000] {docker.py:436} INFO - 24/06/25 19:35:48 INFO Executor: Adding file:/tmp/spark-a394aed9-b81c-4748-a1ae-85e5caa03747/userFiles-87a6371f-c178-407b-93e0-2c7f8b4d4d90/org.apache.hadoop_hadoop-client-api-3.3.2.jar to class loader default
[2024-06-25T19:35:48.113+0000] {docker.py:436} INFO - 24/06/25 19:35:48 INFO Executor: Fetching spark://localhost:46189/jars/org.postgresql_postgresql-42.2.2.jar with timestamp 1719344146210
24/06/25 19:35:48 INFO Utils: Fetching spark://localhost:46189/jars/org.postgresql_postgresql-42.2.2.jar to /tmp/spark-a394aed9-b81c-4748-a1ae-85e5caa03747/userFiles-87a6371f-c178-407b-93e0-2c7f8b4d4d90/fetchFileTemp10020592464840892308.tmp
[2024-06-25T19:35:48.117+0000] {docker.py:436} INFO - 24/06/25 19:35:48 INFO Utils: /tmp/spark-a394aed9-b81c-4748-a1ae-85e5caa03747/userFiles-87a6371f-c178-407b-93e0-2c7f8b4d4d90/fetchFileTemp10020592464840892308.tmp has been previously copied to /tmp/spark-a394aed9-b81c-4748-a1ae-85e5caa03747/userFiles-87a6371f-c178-407b-93e0-2c7f8b4d4d90/org.postgresql_postgresql-42.2.2.jar
[2024-06-25T19:35:48.121+0000] {docker.py:436} INFO - 24/06/25 19:35:48 INFO Executor: Adding file:/tmp/spark-a394aed9-b81c-4748-a1ae-85e5caa03747/userFiles-87a6371f-c178-407b-93e0-2c7f8b4d4d90/org.postgresql_postgresql-42.2.2.jar to class loader default
[2024-06-25T19:35:48.122+0000] {docker.py:436} INFO - 24/06/25 19:35:48 INFO Executor: Fetching spark://localhost:46189/jars/org.spark-project.spark_unused-1.0.0.jar with timestamp 1719344146210
[2024-06-25T19:35:48.122+0000] {docker.py:436} INFO - 24/06/25 19:35:48 INFO Utils: Fetching spark://localhost:46189/jars/org.spark-project.spark_unused-1.0.0.jar to /tmp/spark-a394aed9-b81c-4748-a1ae-85e5caa03747/userFiles-87a6371f-c178-407b-93e0-2c7f8b4d4d90/fetchFileTemp421743933386186989.tmp
[2024-06-25T19:35:48.123+0000] {docker.py:436} INFO - 24/06/25 19:35:48 INFO Utils: /tmp/spark-a394aed9-b81c-4748-a1ae-85e5caa03747/userFiles-87a6371f-c178-407b-93e0-2c7f8b4d4d90/fetchFileTemp421743933386186989.tmp has been previously copied to /tmp/spark-a394aed9-b81c-4748-a1ae-85e5caa03747/userFiles-87a6371f-c178-407b-93e0-2c7f8b4d4d90/org.spark-project.spark_unused-1.0.0.jar
[2024-06-25T19:35:48.127+0000] {docker.py:436} INFO - 24/06/25 19:35:48 INFO Executor: Adding file:/tmp/spark-a394aed9-b81c-4748-a1ae-85e5caa03747/userFiles-87a6371f-c178-407b-93e0-2c7f8b4d4d90/org.spark-project.spark_unused-1.0.0.jar to class loader default
[2024-06-25T19:35:48.138+0000] {docker.py:436} INFO - 24/06/25 19:35:48 INFO Utils: Successfully started service 'org.apache.spark.network.netty.NettyBlockTransferService' on port 34847.
[2024-06-25T19:35:48.139+0000] {docker.py:436} INFO - 24/06/25 19:35:48 INFO NettyBlockTransferService: Server created on localhost:34847
[2024-06-25T19:35:48.140+0000] {docker.py:436} INFO - 24/06/25 19:35:48 INFO BlockManager: Using org.apache.spark.storage.RandomBlockReplicationPolicy for block replication policy
[2024-06-25T19:35:48.149+0000] {docker.py:436} INFO - 24/06/25 19:35:48 INFO BlockManagerMaster: Registering BlockManager BlockManagerId(driver, localhost, 34847, None)
[2024-06-25T19:35:48.153+0000] {docker.py:436} INFO - 24/06/25 19:35:48 INFO BlockManagerMasterEndpoint: Registering block manager localhost:34847 with 434.4 MiB RAM, BlockManagerId(driver, localhost, 34847, None)
[2024-06-25T19:35:48.156+0000] {docker.py:436} INFO - 24/06/25 19:35:48 INFO BlockManagerMaster: Registered BlockManager BlockManagerId(driver, localhost, 34847, None)
[2024-06-25T19:35:48.158+0000] {docker.py:436} INFO - 24/06/25 19:35:48 INFO BlockManager: Initialized BlockManager: BlockManagerId(driver, localhost, 34847, None)
[2024-06-25T19:35:48.728+0000] {docker.py:436} INFO - 2024-06-25 19:35:48,727:create_spark_session:INFO:Spark session created successfully
[2024-06-25T19:35:48.739+0000] {docker.py:436} INFO - 24/06/25 19:35:48 INFO SharedState: Setting hive.metastore.warehouse.dir ('null') to the value of spark.sql.warehouse.dir.
[2024-06-25T19:35:48.742+0000] {docker.py:436} INFO - 24/06/25 19:35:48 INFO SharedState: Warehouse path is 'file:/opt/bitnami/spark/spark-warehouse'.
[2024-06-25T19:35:50.970+0000] {docker.py:436} INFO - 2024-06-25 19:35:50,969:create_initial_dataframe:INFO:Initial dataframe created successfully:
[2024-06-25T19:35:51.002+0000] {docker.py:436} INFO - Traceback (most recent call last):
  File "/opt/bitnami/spark/scripts/spark_bronze_layer.py", line 122, in <module>
[2024-06-25T19:35:51.003+0000] {docker.py:436} INFO - write_to_postgres()
  File "/opt/bitnami/spark/scripts/spark_bronze_layer.py", line 117, in write_to_postgres
    final_df =create_final_dataframe(df)
              ^^^^^^^^^^^^^^^^^^^^^^^^^^
  File "/opt/bitnami/spark/scripts/spark_bronze_layer.py", line 76, in create_final_dataframe
    print(df.selectExpr(col("value")))
          ^^^^^^^^^^^^^^^^^^^^^^^^^^^
  File "/opt/bitnami/spark/python/lib/pyspark.zip/pyspark/sql/dataframe.py", line 3267, in selectExpr
[2024-06-25T19:35:51.004+0000] {docker.py:436} INFO - File "/opt/bitnami/spark/python/lib/pyspark.zip/pyspark/sql/dataframe.py", line 2751, in _jseq
  File "/opt/bitnami/spark/python/lib/pyspark.zip/pyspark/sql/column.py", line 90, in _to_seq
  File "/opt/bitnami/spark/python/lib/py4j-0.10.9.7-src.zip/py4j/java_gateway.py", line 1314, in __call__
[2024-06-25T19:35:51.005+0000] {docker.py:436} INFO - File "/opt/bitnami/spark/python/lib/py4j-0.10.9.7-src.zip/py4j/java_gateway.py", line 1277, in _build_args
[2024-06-25T19:35:51.006+0000] {docker.py:436} INFO - File "/opt/bitnami/spark/python/lib/py4j-0.10.9.7-src.zip/py4j/java_gateway.py", line 1264, in _get_args
[2024-06-25T19:35:51.007+0000] {docker.py:436} INFO - File "/opt/bitnami/spark/python/lib/py4j-0.10.9.7-src.zip/py4j/java_collections.py", line 511, in convert
[2024-06-25T19:35:51.007+0000] {docker.py:436} INFO - File "/opt/bitnami/spark/python/lib/py4j-0.10.9.7-src.zip/py4j/java_gateway.py", line 1314, in __call__
[2024-06-25T19:35:51.008+0000] {docker.py:436} INFO - File "/opt/bitnami/spark/python/lib/py4j-0.10.9.7-src.zip/py4j/java_gateway.py", line 1277, in _build_args
[2024-06-25T19:35:51.009+0000] {docker.py:436} INFO - File "/opt/bitnami/spark/python/lib/py4j-0.10.9.7-src.zip/py4j/java_gateway.py", line 1264, in _get_args
  File "/opt/bitnami/spark/python/lib/py4j-0.10.9.7-src.zip/py4j/java_collections.py", line 510, in convert
  File "/opt/bitnami/spark/python/lib/pyspark.zip/pyspark/sql/column.py", line 718, in __iter__
[2024-06-25T19:35:51.010+0000] {docker.py:436} INFO - pyspark.errors.exceptions.base.PySparkTypeError: [NOT_ITERABLE] Column is not iterable.
[2024-06-25T19:35:51.011+0000] {docker.py:436} INFO - 2024-06-25 19:35:51,009:close:INFO:Closing down clientserver connection
[2024-06-25T19:35:51.063+0000] {docker.py:436} INFO - 24/06/25 19:35:51 INFO SparkContext: Invoking stop() from shutdown hook
[2024-06-25T19:35:51.064+0000] {docker.py:436} INFO - 24/06/25 19:35:51 INFO SparkContext: SparkContext is stopping with exitCode 0.
[2024-06-25T19:35:51.078+0000] {docker.py:436} INFO - 24/06/25 19:35:51 INFO SparkUI: Stopped Spark web UI at http://localhost:4040
[2024-06-25T19:35:51.096+0000] {docker.py:436} INFO - 24/06/25 19:35:51 INFO MapOutputTrackerMasterEndpoint: MapOutputTrackerMasterEndpoint stopped!
[2024-06-25T19:35:51.112+0000] {docker.py:436} INFO - 24/06/25 19:35:51 INFO MemoryStore: MemoryStore cleared
[2024-06-25T19:35:51.113+0000] {docker.py:436} INFO - 24/06/25 19:35:51 INFO BlockManager: BlockManager stopped
[2024-06-25T19:35:51.124+0000] {docker.py:436} INFO - 24/06/25 19:35:51 INFO BlockManagerMaster: BlockManagerMaster stopped
[2024-06-25T19:35:51.129+0000] {docker.py:436} INFO - 24/06/25 19:35:51 INFO OutputCommitCoordinator$OutputCommitCoordinatorEndpoint: OutputCommitCoordinator stopped!
[2024-06-25T19:35:51.151+0000] {docker.py:436} INFO - 24/06/25 19:35:51 INFO SparkContext: Successfully stopped SparkContext
[2024-06-25T19:35:51.152+0000] {docker.py:436} INFO - 24/06/25 19:35:51 INFO ShutdownHookManager: Shutdown hook called
[2024-06-25T19:35:51.152+0000] {docker.py:436} INFO - 24/06/25 19:35:51 INFO ShutdownHookManager: Deleting directory /tmp/spark-b8e47fe8-ed99-4873-84d9-6d213651df99
[2024-06-25T19:35:51.156+0000] {docker.py:436} INFO - 24/06/25 19:35:51 INFO ShutdownHookManager: Deleting directory /tmp/spark-a394aed9-b81c-4748-a1ae-85e5caa03747/pyspark-2ae42ccf-0225-43e1-b0d6-17ee0189a705
[2024-06-25T19:35:51.163+0000] {docker.py:436} INFO - 24/06/25 19:35:51 INFO ShutdownHookManager: Deleting directory /tmp/spark-a394aed9-b81c-4748-a1ae-85e5caa03747
[2024-06-25T19:35:51.742+0000] {taskinstance.py:441} INFO - ::group::Post task execution logs
[2024-06-25T19:35:51.753+0000] {taskinstance.py:2905} ERROR - Task failed with exception
Traceback (most recent call last):
  File "/home/airflow/.local/lib/python3.12/site-packages/docker/api/client.py", line 265, in _raise_for_status
    response.raise_for_status()
  File "/home/airflow/.local/lib/python3.12/site-packages/requests/models.py", line 1021, in raise_for_status
    raise HTTPError(http_error_msg, response=self)
requests.exceptions.HTTPError: 400 Client Error: Bad Request for url: http://docker-proxy:2375/v1.45/containers/create

The above exception was the direct cause of the following exception:

Traceback (most recent call last):
  File "/home/airflow/.local/lib/python3.12/site-packages/airflow/providers/docker/operators/docker.py", line 371, in _run_image
    return self._run_image_with_mounts([*self.mounts, tmp_mount], add_tmp_variable=True)
           ^^^^^^^^^^^^^^^^^^^^^^^^^^^^^^^^^^^^^^^^^^^^^^^^^^^^^^^^^^^^^^^^^^^^^^^^^^^^^
  File "/home/airflow/.local/lib/python3.12/site-packages/airflow/providers/docker/operators/docker.py", line 398, in _run_image_with_mounts
    self.container = self.cli.create_container(
                     ^^^^^^^^^^^^^^^^^^^^^^^^^^
  File "/home/airflow/.local/lib/python3.12/site-packages/docker/api/container.py", line 439, in create_container
    return self.create_container_from_config(config, name, platform)
           ^^^^^^^^^^^^^^^^^^^^^^^^^^^^^^^^^^^^^^^^^^^^^^^^^^^^^^^^^
  File "/home/airflow/.local/lib/python3.12/site-packages/docker/api/container.py", line 456, in create_container_from_config
    return self._result(res, True)
           ^^^^^^^^^^^^^^^^^^^^^^^
  File "/home/airflow/.local/lib/python3.12/site-packages/docker/api/client.py", line 271, in _result
    self._raise_for_status(response)
  File "/home/airflow/.local/lib/python3.12/site-packages/docker/api/client.py", line 267, in _raise_for_status
    raise create_api_error_from_http_exception(e) from e
          ^^^^^^^^^^^^^^^^^^^^^^^^^^^^^^^^^^^^^^^
  File "/home/airflow/.local/lib/python3.12/site-packages/docker/errors.py", line 39, in create_api_error_from_http_exception
    raise cls(e, response=response, explanation=explanation) from e
docker.errors.APIError: 400 Client Error for http://docker-proxy:2375/v1.45/containers/create: Bad Request ("invalid mount config for type "bind": bind source path does not exist: /tmp/airflowtmpdmd9mr42")

During handling of the above exception, another exception occurred:

Traceback (most recent call last):
  File "/home/airflow/.local/lib/python3.12/site-packages/airflow/models/taskinstance.py", line 465, in _execute_task
    result = _execute_callable(context=context, **execute_callable_kwargs)
             ^^^^^^^^^^^^^^^^^^^^^^^^^^^^^^^^^^^^^^^^^^^^^^^^^^^^^^^^^^^^^
  File "/home/airflow/.local/lib/python3.12/site-packages/airflow/models/taskinstance.py", line 432, in _execute_callable
    return execute_callable(context=context, **execute_callable_kwargs)
           ^^^^^^^^^^^^^^^^^^^^^^^^^^^^^^^^^^^^^^^^^^^^^^^^^^^^^^^^^^^^
  File "/home/airflow/.local/lib/python3.12/site-packages/airflow/models/baseoperator.py", line 400, in wrapper
    return func(self, *args, **kwargs)
           ^^^^^^^^^^^^^^^^^^^^^^^^^^^
  File "/home/airflow/.local/lib/python3.12/site-packages/airflow/providers/docker/operators/docker.py", line 509, in execute
    return self._run_image()
           ^^^^^^^^^^^^^^^^^
  File "/home/airflow/.local/lib/python3.12/site-packages/airflow/providers/docker/operators/docker.py", line 380, in _run_image
    return self._run_image_with_mounts(self.mounts, add_tmp_variable=False)
           ^^^^^^^^^^^^^^^^^^^^^^^^^^^^^^^^^^^^^^^^^^^^^^^^^^^^^^^^^^^^^^^^
  File "/home/airflow/.local/lib/python3.12/site-packages/airflow/providers/docker/operators/docker.py", line 444, in _run_image_with_mounts
    raise DockerContainerFailedException(f"Docker container failed: {result!r}", logs=log_lines)
airflow.providers.docker.exceptions.DockerContainerFailedException: Docker container failed: {'StatusCode': 1}
[2024-06-25T19:35:51.760+0000] {taskinstance.py:1206} INFO - Marking task as FAILED. dag_id=Stage_1, task_id=run_bronze_job, run_id=manual__2024-06-25T19:34:48.923204+00:00, execution_date=20240625T193448, start_date=20240625T193454, end_date=20240625T193551
[2024-06-25T19:35:51.788+0000] {standard_task_runner.py:110} ERROR - Failed to execute job 51 for task run_bronze_job (Docker container failed: {'StatusCode': 1}; 739)
[2024-06-25T19:35:51.833+0000] {local_task_job_runner.py:240} INFO - Task exited with return code 1
[2024-06-25T19:35:51.857+0000] {taskinstance.py:3498} INFO - 0 downstream tasks scheduled from follow-on schedule check
[2024-06-25T19:35:51.903+0000] {local_task_job_runner.py:222} INFO - ::endgroup::
