[2024-06-26T19:41:34.109+0000] {local_task_job_runner.py:120} INFO - ::group::Pre task execution logs
[2024-06-26T19:41:34.164+0000] {taskinstance.py:2076} INFO - Dependencies all met for dep_context=non-requeueable deps ti=<TaskInstance: Stage_1.run_bronze_job manual__2024-06-26T19:41:27.108396+00:00 [queued]>
[2024-06-26T19:41:34.179+0000] {taskinstance.py:2076} INFO - Dependencies all met for dep_context=requeueable deps ti=<TaskInstance: Stage_1.run_bronze_job manual__2024-06-26T19:41:27.108396+00:00 [queued]>
[2024-06-26T19:41:34.180+0000] {taskinstance.py:2306} INFO - Starting attempt 1 of 1
[2024-06-26T19:41:34.212+0000] {taskinstance.py:2330} INFO - Executing <Task(DockerOperator): run_bronze_job> on 2024-06-26 19:41:27.108396+00:00
[2024-06-26T19:41:34.224+0000] {logging_mixin.py:188} WARNING - /home/***/.local/lib/python3.12/site-packages/***/task/task_runner/standard_task_runner.py:61 DeprecationWarning: This process (pid=570) is multi-threaded, use of fork() may lead to deadlocks in the child.
[2024-06-26T19:41:34.226+0000] {standard_task_runner.py:63} INFO - Started process 571 to run task
[2024-06-26T19:41:34.224+0000] {standard_task_runner.py:90} INFO - Running: ['***', 'tasks', 'run', 'Stage_1', 'run_bronze_job', 'manual__2024-06-26T19:41:27.108396+00:00', '--job-id', '90', '--raw', '--subdir', 'DAGS_FOLDER/kafka_dag.py', '--cfg-path', '/tmp/tmpsz6an7pt']
[2024-06-26T19:41:34.227+0000] {standard_task_runner.py:91} INFO - Job 90: Subtask run_bronze_job
[2024-06-26T19:41:34.249+0000] {logging_mixin.py:188} WARNING - /home/***/.local/lib/python3.12/site-packages/***/settings.py:195 DeprecationWarning: The sql_alchemy_conn option in [core] has been moved to the sql_alchemy_conn option in [database] - the old setting has been used, but please update your config.
[2024-06-26T19:41:34.292+0000] {task_command.py:426} INFO - Running <TaskInstance: Stage_1.run_bronze_job manual__2024-06-26T19:41:27.108396+00:00 [running]> on host ba36c0353089
[2024-06-26T19:41:34.419+0000] {taskinstance.py:2648} INFO - Exporting env vars: AIRFLOW_CTX_DAG_OWNER='***' AIRFLOW_CTX_DAG_ID='Stage_1' AIRFLOW_CTX_TASK_ID='run_bronze_job' AIRFLOW_CTX_EXECUTION_DATE='2024-06-26T19:41:27.108396+00:00' AIRFLOW_CTX_TRY_NUMBER='1' AIRFLOW_CTX_DAG_RUN_ID='manual__2024-06-26T19:41:27.108396+00:00'
[2024-06-26T19:41:34.420+0000] {taskinstance.py:430} INFO - ::endgroup::
[2024-06-26T19:41:34.453+0000] {docker.py:366} INFO - Starting docker container from image bitnami/spark:latest
[2024-06-26T19:41:34.458+0000] {docker.py:374} WARNING - Using remote engine or docker-in-docker and mounting temporary volume from host is not supported. Falling back to `mount_tmp_dir=False` mode. You can set `mount_tmp_dir` parameter to False to disable mounting and remove the warning
[2024-06-26T19:41:34.887+0000] {docker.py:436} INFO - [38;5;6mspark [38;5;5m19:41:34.88 [0m[38;5;2mINFO [0m ==>
[2024-06-26T19:41:34.889+0000] {docker.py:436} INFO - [38;5;6mspark [38;5;5m19:41:34.88 [0m[38;5;2mINFO [0m ==> [1mWelcome to the Bitnami spark container[0m
[2024-06-26T19:41:34.892+0000] {docker.py:436} INFO - [38;5;6mspark [38;5;5m19:41:34.89 [0m[38;5;2mINFO [0m ==> Subscribe to project updates by watching [1mhttps://github.com/bitnami/containers[0m
[2024-06-26T19:41:34.895+0000] {docker.py:436} INFO - [38;5;6mspark [38;5;5m19:41:34.89 [0m[38;5;2mINFO [0m ==> Submit issues and feature requests at [1mhttps://github.com/bitnami/containers/issues[0m
[2024-06-26T19:41:34.897+0000] {docker.py:436} INFO - [38;5;6mspark [38;5;5m19:41:34.89 [0m[38;5;2mINFO [0m ==> Upgrade to Tanzu Application Catalog for production environments to access custom-configured and pre-packaged software components. Gain enhanced features, including Software Bill of Materials (SBOM), CVE scan result reports, and VEX documents. To learn more, visit [1mhttps://bitnami.com/enterprise[0m
[2024-06-26T19:41:34.898+0000] {docker.py:436} INFO - [38;5;6mspark [38;5;5m19:41:34.89 [0m[38;5;2mINFO [0m ==>
[2024-06-26T19:41:34.909+0000] {docker.py:436} INFO - 
[2024-06-26T19:41:37.235+0000] {docker.py:436} INFO - :: loading settings :: url = jar:file:/opt/bitnami/spark/jars/ivy-2.5.1.jar!/org/apache/ivy/core/settings/ivysettings.xml
[2024-06-26T19:41:37.453+0000] {docker.py:436} INFO - Ivy Default Cache set to: /opt/bitnami/spark/.ivy2/cache
The jars for the packages stored in: /opt/bitnami/spark/.ivy2/jars
[2024-06-26T19:41:37.461+0000] {docker.py:436} INFO - org.apache.spark#spark-sql-kafka-0-10_2.12 added as a dependency
[2024-06-26T19:41:37.462+0000] {docker.py:436} INFO - org.postgresql#postgresql added as a dependency
[2024-06-26T19:41:37.464+0000] {docker.py:436} INFO - :: resolving dependencies :: org.apache.spark#spark-submit-parent-439bce8e-37d4-411f-830a-5dc6c682458e;1.0
[2024-06-26T19:41:37.464+0000] {docker.py:436} INFO - confs: [default]
[2024-06-26T19:41:39.898+0000] {docker.py:436} INFO - found org.apache.spark#spark-sql-kafka-0-10_2.12;3.3.0 in central
[2024-06-26T19:41:40.308+0000] {docker.py:436} INFO - found org.apache.spark#spark-token-provider-kafka-0-10_2.12;3.3.0 in central
[2024-06-26T19:41:40.387+0000] {docker.py:436} INFO - found org.apache.kafka#kafka-clients;2.8.1 in central
[2024-06-26T19:41:40.583+0000] {docker.py:436} INFO - found org.lz4#lz4-java;1.8.0 in central
[2024-06-26T19:41:40.658+0000] {docker.py:436} INFO - found org.xerial.snappy#snappy-java;1.1.8.4 in central
[2024-06-26T19:41:40.873+0000] {docker.py:436} INFO - found org.slf4j#slf4j-api;1.7.32 in central
[2024-06-26T19:41:41.297+0000] {docker.py:436} INFO - found org.apache.hadoop#hadoop-client-runtime;3.3.2 in central
[2024-06-26T19:41:41.485+0000] {docker.py:436} INFO - found org.spark-project.spark#unused;1.0.0 in central
[2024-06-26T19:41:41.649+0000] {docker.py:436} INFO - found org.apache.hadoop#hadoop-client-api;3.3.2 in central
[2024-06-26T19:41:41.979+0000] {docker.py:436} INFO - found commons-logging#commons-logging;1.1.3 in central
[2024-06-26T19:41:42.041+0000] {docker.py:436} INFO - found com.google.code.findbugs#jsr305;3.0.0 in central
[2024-06-26T19:41:42.477+0000] {docker.py:436} INFO - found org.apache.commons#commons-pool2;2.11.1 in central
[2024-06-26T19:41:43.674+0000] {docker.py:436} INFO - found org.postgresql#postgresql;42.2.2 in central
[2024-06-26T19:41:43.710+0000] {docker.py:436} INFO - downloading https://repo1.maven.org/maven2/org/apache/spark/spark-sql-kafka-0-10_2.12/3.3.0/spark-sql-kafka-0-10_2.12-3.3.0.jar ...
[2024-06-26T19:41:43.821+0000] {docker.py:436} INFO - [SUCCESSFUL ] org.apache.spark#spark-sql-kafka-0-10_2.12;3.3.0!spark-sql-kafka-0-10_2.12.jar (132ms)
[2024-06-26T19:41:43.849+0000] {docker.py:436} INFO - downloading https://repo1.maven.org/maven2/org/postgresql/postgresql/42.2.2/postgresql-42.2.2.jar ...
[2024-06-26T19:41:44.033+0000] {docker.py:436} INFO - [SUCCESSFUL ] org.postgresql#postgresql;42.2.2!postgresql.jar(bundle) (211ms)
[2024-06-26T19:41:44.065+0000] {docker.py:436} INFO - downloading https://repo1.maven.org/maven2/org/apache/spark/spark-token-provider-kafka-0-10_2.12/3.3.0/spark-token-provider-kafka-0-10_2.12-3.3.0.jar ...
[2024-06-26T19:41:44.099+0000] {docker.py:436} INFO - [SUCCESSFUL ] org.apache.spark#spark-token-provider-kafka-0-10_2.12;3.3.0!spark-token-provider-kafka-0-10_2.12.jar (63ms)
[2024-06-26T19:41:44.144+0000] {docker.py:436} INFO - downloading https://repo1.maven.org/maven2/org/apache/kafka/kafka-clients/2.8.1/kafka-clients-2.8.1.jar ...
[2024-06-26T19:41:44.967+0000] {docker.py:436} INFO - [SUCCESSFUL ] org.apache.kafka#kafka-clients;2.8.1!kafka-clients.jar (867ms)
[2024-06-26T19:41:45.613+0000] {docker.py:436} INFO - downloading https://repo1.maven.org/maven2/com/google/code/findbugs/jsr305/3.0.0/jsr305-3.0.0.jar ...
[2024-06-26T19:41:45.643+0000] {docker.py:436} INFO - [SUCCESSFUL ] com.google.code.findbugs#jsr305;3.0.0!jsr305.jar (674ms)
[2024-06-26T19:41:45.661+0000] {docker.py:436} INFO - downloading https://repo1.maven.org/maven2/org/apache/commons/commons-pool2/2.11.1/commons-pool2-2.11.1.jar ...
[2024-06-26T19:41:45.718+0000] {docker.py:436} INFO - [SUCCESSFUL ] org.apache.commons#commons-pool2;2.11.1!commons-pool2.jar (71ms)
[2024-06-26T19:41:45.754+0000] {docker.py:436} INFO - downloading https://repo1.maven.org/maven2/org/spark-project/spark/unused/1.0.0/unused-1.0.0.jar ...
[2024-06-26T19:41:45.789+0000] {docker.py:436} INFO - [SUCCESSFUL ] org.spark-project.spark#unused;1.0.0!unused.jar (70ms)
[2024-06-26T19:41:45.849+0000] {docker.py:436} INFO - downloading https://repo1.maven.org/maven2/org/apache/hadoop/hadoop-client-runtime/3.3.2/hadoop-client-runtime-3.3.2.jar ...
[2024-06-26T19:41:48.970+0000] {docker.py:436} INFO - [SUCCESSFUL ] org.apache.hadoop#hadoop-client-runtime;3.3.2!hadoop-client-runtime.jar (3179ms)
[2024-06-26T19:41:48.990+0000] {docker.py:436} INFO - downloading https://repo1.maven.org/maven2/org/lz4/lz4-java/1.8.0/lz4-java-1.8.0.jar ...
[2024-06-26T19:41:49.080+0000] {docker.py:436} INFO - [SUCCESSFUL ] org.lz4#lz4-java;1.8.0!lz4-java.jar (108ms)
[2024-06-26T19:41:49.119+0000] {docker.py:436} INFO - downloading https://repo1.maven.org/maven2/org/xerial/snappy/snappy-java/1.1.8.4/snappy-java-1.1.8.4.jar ...
[2024-06-26T19:41:49.359+0000] {docker.py:436} INFO - [SUCCESSFUL ] org.xerial.snappy#snappy-java;1.1.8.4!snappy-java.jar(bundle) (276ms)
[2024-06-26T19:41:49.381+0000] {docker.py:436} INFO - downloading https://repo1.maven.org/maven2/org/slf4j/slf4j-api/1.7.32/slf4j-api-1.7.32.jar ...
[2024-06-26T19:41:49.412+0000] {docker.py:436} INFO - [SUCCESSFUL ] org.slf4j#slf4j-api;1.7.32!slf4j-api.jar (51ms)
[2024-06-26T19:41:49.441+0000] {docker.py:436} INFO - downloading https://repo1.maven.org/maven2/org/apache/hadoop/hadoop-client-api/3.3.2/hadoop-client-api-3.3.2.jar ...
[2024-06-26T19:41:51.500+0000] {docker.py:436} INFO - [SUCCESSFUL ] org.apache.hadoop#hadoop-client-api;3.3.2!hadoop-client-api.jar (2086ms)
[2024-06-26T19:41:51.522+0000] {docker.py:436} INFO - downloading https://repo1.maven.org/maven2/commons-logging/commons-logging/1.1.3/commons-logging-1.1.3.jar ...
[2024-06-26T19:41:51.547+0000] {docker.py:436} INFO - [SUCCESSFUL ] commons-logging#commons-logging;1.1.3!commons-logging.jar (46ms)
[2024-06-26T19:41:51.548+0000] {docker.py:436} INFO - :: resolution report :: resolve 6225ms :: artifacts dl 7859ms
	:: modules in use:
[2024-06-26T19:41:51.549+0000] {docker.py:436} INFO - com.google.code.findbugs#jsr305;3.0.0 from central in [default]
	commons-logging#commons-logging;1.1.3 from central in [default]
	org.apache.commons#commons-pool2;2.11.1 from central in [default]
	org.apache.hadoop#hadoop-client-api;3.3.2 from central in [default]
	org.apache.hadoop#hadoop-client-runtime;3.3.2 from central in [default]
	org.apache.kafka#kafka-clients;2.8.1 from central in [default]
	org.apache.spark#spark-sql-kafka-0-10_2.12;3.3.0 from central in [default]
	org.apache.spark#spark-token-provider-kafka-0-10_2.12;3.3.0 from central in [default]
[2024-06-26T19:41:51.550+0000] {docker.py:436} INFO - org.lz4#lz4-java;1.8.0 from central in [default]
	org.postgresql#postgresql;42.2.2 from central in [default]
	org.slf4j#slf4j-api;1.7.32 from central in [default]
	org.spark-project.spark#unused;1.0.0 from central in [default]
	org.xerial.snappy#snappy-java;1.1.8.4 from central in [default]
[2024-06-26T19:41:51.550+0000] {docker.py:436} INFO - ---------------------------------------------------------------------
	|                  |            modules            ||   artifacts   |
	|       conf       | number| search|dwnlded|evicted|| number|dwnlded|
	---------------------------------------------------------------------
[2024-06-26T19:41:51.551+0000] {docker.py:436} INFO - |      default     |   13  |   13  |   13  |   0   ||   13  |   13  |
	---------------------------------------------------------------------
[2024-06-26T19:41:51.558+0000] {docker.py:436} INFO - :: retrieving :: org.apache.spark#spark-submit-parent-439bce8e-37d4-411f-830a-5dc6c682458e
[2024-06-26T19:41:51.558+0000] {docker.py:436} INFO - confs: [default]
[2024-06-26T19:41:51.650+0000] {docker.py:436} INFO - 13 artifacts copied, 0 already retrieved (57403kB/93ms)
[2024-06-26T19:41:51.910+0000] {docker.py:436} INFO - 24/06/26 19:41:51 WARN NativeCodeLoader: Unable to load native-hadoop library for your platform... using builtin-java classes where applicable
[2024-06-26T19:41:53.685+0000] {docker.py:436} INFO - 24/06/26 19:41:53 INFO SparkContext: Running Spark version 3.5.1
[2024-06-26T19:41:53.687+0000] {docker.py:436} INFO - 24/06/26 19:41:53 INFO SparkContext: OS info Linux, 6.5.0-41-generic, amd64
[2024-06-26T19:41:53.688+0000] {docker.py:436} INFO - 24/06/26 19:41:53 INFO SparkContext: Java version 17.0.11
[2024-06-26T19:41:53.724+0000] {docker.py:436} INFO - 24/06/26 19:41:53 INFO ResourceUtils: ==============================================================
[2024-06-26T19:41:53.725+0000] {docker.py:436} INFO - 24/06/26 19:41:53 INFO ResourceUtils: No custom resources configured for spark.driver.
[2024-06-26T19:41:53.726+0000] {docker.py:436} INFO - 24/06/26 19:41:53 INFO ResourceUtils: ==============================================================
[2024-06-26T19:41:53.727+0000] {docker.py:436} INFO - 24/06/26 19:41:53 INFO SparkContext: Submitted application: PostgreSQL Connection with PySpark
[2024-06-26T19:41:53.759+0000] {docker.py:436} INFO - 24/06/26 19:41:53 INFO ResourceProfile: Default ResourceProfile created, executor resources: Map(cores -> name: cores, amount: 1, script: , vendor: , memory -> name: memory, amount: 1024, script: , vendor: , offHeap -> name: offHeap, amount: 0, script: , vendor: ), task resources: Map(cpus -> name: cpus, amount: 1.0)
[2024-06-26T19:41:53.770+0000] {docker.py:436} INFO - 24/06/26 19:41:53 INFO ResourceProfile: Limiting resource is cpu
[2024-06-26T19:41:53.772+0000] {docker.py:436} INFO - 24/06/26 19:41:53 INFO ResourceProfileManager: Added ResourceProfile id: 0
[2024-06-26T19:41:53.852+0000] {docker.py:436} INFO - 24/06/26 19:41:53 INFO SecurityManager: Changing view acls to: spark
24/06/26 19:41:53 INFO SecurityManager: Changing modify acls to: spark
[2024-06-26T19:41:53.856+0000] {docker.py:436} INFO - 24/06/26 19:41:53 INFO SecurityManager: Changing view acls groups to:
[2024-06-26T19:41:53.856+0000] {docker.py:436} INFO - 24/06/26 19:41:53 INFO SecurityManager: Changing modify acls groups to: 
24/06/26 19:41:53 INFO SecurityManager: SecurityManager: authentication disabled; ui acls disabled; users with view permissions: spark; groups with view permissions: EMPTY; users with modify permissions: spark; groups with modify permissions: EMPTY
[2024-06-26T19:41:54.185+0000] {docker.py:436} INFO - 24/06/26 19:41:54 INFO Utils: Successfully started service 'sparkDriver' on port 46655.
[2024-06-26T19:41:54.220+0000] {docker.py:436} INFO - 24/06/26 19:41:54 INFO SparkEnv: Registering MapOutputTracker
[2024-06-26T19:41:54.259+0000] {docker.py:436} INFO - 24/06/26 19:41:54 INFO SparkEnv: Registering BlockManagerMaster
[2024-06-26T19:41:54.294+0000] {docker.py:436} INFO - 24/06/26 19:41:54 INFO BlockManagerMasterEndpoint: Using org.apache.spark.storage.DefaultTopologyMapper for getting topology information
24/06/26 19:41:54 INFO BlockManagerMasterEndpoint: BlockManagerMasterEndpoint up
[2024-06-26T19:41:54.298+0000] {docker.py:436} INFO - 24/06/26 19:41:54 INFO SparkEnv: Registering BlockManagerMasterHeartbeat
[2024-06-26T19:41:54.332+0000] {docker.py:436} INFO - 24/06/26 19:41:54 INFO DiskBlockManager: Created local directory at /tmp/blockmgr-68430f9a-94e0-441c-a7ad-d17c0631f594
[2024-06-26T19:41:54.357+0000] {docker.py:436} INFO - 24/06/26 19:41:54 INFO MemoryStore: MemoryStore started with capacity 434.4 MiB
[2024-06-26T19:41:54.394+0000] {docker.py:436} INFO - 24/06/26 19:41:54 INFO SparkEnv: Registering OutputCommitCoordinator
[2024-06-26T19:41:54.680+0000] {docker.py:436} INFO - 24/06/26 19:41:54 INFO JettyUtils: Start Jetty 0.0.0.0:4040 for SparkUI
[2024-06-26T19:41:54.775+0000] {docker.py:436} INFO - 24/06/26 19:41:54 INFO Utils: Successfully started service 'SparkUI' on port 4040.
[2024-06-26T19:41:54.832+0000] {docker.py:436} INFO - 24/06/26 19:41:54 INFO SparkContext: Added JAR file:///opt/bitnami/spark/.ivy2/jars/org.apache.spark_spark-sql-kafka-0-10_2.12-3.3.0.jar at spark://localhost:46655/jars/org.apache.spark_spark-sql-kafka-0-10_2.12-3.3.0.jar with timestamp 1719430913675
[2024-06-26T19:41:54.834+0000] {docker.py:436} INFO - 24/06/26 19:41:54 INFO SparkContext: Added JAR file:///opt/bitnami/spark/.ivy2/jars/org.postgresql_postgresql-42.2.2.jar at spark://localhost:46655/jars/org.postgresql_postgresql-42.2.2.jar with timestamp 1719430913675
24/06/26 19:41:54 INFO SparkContext: Added JAR file:///opt/bitnami/spark/.ivy2/jars/org.apache.spark_spark-token-provider-kafka-0-10_2.12-3.3.0.jar at spark://localhost:46655/jars/org.apache.spark_spark-token-provider-kafka-0-10_2.12-3.3.0.jar with timestamp 1719430913675
24/06/26 19:41:54 INFO SparkContext: Added JAR file:///opt/bitnami/spark/.ivy2/jars/org.apache.kafka_kafka-clients-2.8.1.jar at spark://localhost:46655/jars/org.apache.kafka_kafka-clients-2.8.1.jar with timestamp 1719430913675
[2024-06-26T19:41:54.835+0000] {docker.py:436} INFO - 24/06/26 19:41:54 INFO SparkContext: Added JAR file:///opt/bitnami/spark/.ivy2/jars/com.google.code.findbugs_jsr305-3.0.0.jar at spark://localhost:46655/jars/com.google.code.findbugs_jsr305-3.0.0.jar with timestamp 1719430913675
24/06/26 19:41:54 INFO SparkContext: Added JAR file:///opt/bitnami/spark/.ivy2/jars/org.apache.commons_commons-pool2-2.11.1.jar at spark://localhost:46655/jars/org.apache.commons_commons-pool2-2.11.1.jar with timestamp 1719430913675
[2024-06-26T19:41:54.836+0000] {docker.py:436} INFO - 24/06/26 19:41:54 INFO SparkContext: Added JAR file:///opt/bitnami/spark/.ivy2/jars/org.spark-project.spark_unused-1.0.0.jar at spark://localhost:46655/jars/org.spark-project.spark_unused-1.0.0.jar with timestamp 1719430913675
[2024-06-26T19:41:54.837+0000] {docker.py:436} INFO - 24/06/26 19:41:54 INFO SparkContext: Added JAR file:///opt/bitnami/spark/.ivy2/jars/org.apache.hadoop_hadoop-client-runtime-3.3.2.jar at spark://localhost:46655/jars/org.apache.hadoop_hadoop-client-runtime-3.3.2.jar with timestamp 1719430913675
24/06/26 19:41:54 INFO SparkContext: Added JAR file:///opt/bitnami/spark/.ivy2/jars/org.lz4_lz4-java-1.8.0.jar at spark://localhost:46655/jars/org.lz4_lz4-java-1.8.0.jar with timestamp 1719430913675
[2024-06-26T19:41:54.838+0000] {docker.py:436} INFO - 24/06/26 19:41:54 INFO SparkContext: Added JAR file:///opt/bitnami/spark/.ivy2/jars/org.xerial.snappy_snappy-java-1.1.8.4.jar at spark://localhost:46655/jars/org.xerial.snappy_snappy-java-1.1.8.4.jar with timestamp 1719430913675
[2024-06-26T19:41:54.839+0000] {docker.py:436} INFO - 24/06/26 19:41:54 INFO SparkContext: Added JAR file:///opt/bitnami/spark/.ivy2/jars/org.slf4j_slf4j-api-1.7.32.jar at spark://localhost:46655/jars/org.slf4j_slf4j-api-1.7.32.jar with timestamp 1719430913675
24/06/26 19:41:54 INFO SparkContext: Added JAR file:///opt/bitnami/spark/.ivy2/jars/org.apache.hadoop_hadoop-client-api-3.3.2.jar at spark://localhost:46655/jars/org.apache.hadoop_hadoop-client-api-3.3.2.jar with timestamp 1719430913675
24/06/26 19:41:54 INFO SparkContext: Added JAR file:///opt/bitnami/spark/.ivy2/jars/commons-logging_commons-logging-1.1.3.jar at spark://localhost:46655/jars/commons-logging_commons-logging-1.1.3.jar with timestamp 1719430913675
[2024-06-26T19:41:54.842+0000] {docker.py:436} INFO - 24/06/26 19:41:54 INFO SparkContext: Added file file:///opt/bitnami/spark/.ivy2/jars/org.apache.spark_spark-sql-kafka-0-10_2.12-3.3.0.jar at file:///opt/bitnami/spark/.ivy2/jars/org.apache.spark_spark-sql-kafka-0-10_2.12-3.3.0.jar with timestamp 1719430913675
[2024-06-26T19:41:54.843+0000] {docker.py:436} INFO - 24/06/26 19:41:54 INFO Utils: Copying /opt/bitnami/spark/.ivy2/jars/org.apache.spark_spark-sql-kafka-0-10_2.12-3.3.0.jar to /tmp/spark-3db46b15-5f05-497d-99ae-b4b0a77f2de5/userFiles-1963f52d-1f09-4df5-a590-c1c30b31dd9f/org.apache.spark_spark-sql-kafka-0-10_2.12-3.3.0.jar
[2024-06-26T19:41:54.854+0000] {docker.py:436} INFO - 24/06/26 19:41:54 INFO SparkContext: Added file file:///opt/bitnami/spark/.ivy2/jars/org.postgresql_postgresql-42.2.2.jar at file:///opt/bitnami/spark/.ivy2/jars/org.postgresql_postgresql-42.2.2.jar with timestamp 1719430913675
[2024-06-26T19:41:54.856+0000] {docker.py:436} INFO - 24/06/26 19:41:54 INFO Utils: Copying /opt/bitnami/spark/.ivy2/jars/org.postgresql_postgresql-42.2.2.jar to /tmp/spark-3db46b15-5f05-497d-99ae-b4b0a77f2de5/userFiles-1963f52d-1f09-4df5-a590-c1c30b31dd9f/org.postgresql_postgresql-42.2.2.jar
[2024-06-26T19:41:54.863+0000] {docker.py:436} INFO - 24/06/26 19:41:54 INFO SparkContext: Added file file:///opt/bitnami/spark/.ivy2/jars/org.apache.spark_spark-token-provider-kafka-0-10_2.12-3.3.0.jar at file:///opt/bitnami/spark/.ivy2/jars/org.apache.spark_spark-token-provider-kafka-0-10_2.12-3.3.0.jar with timestamp 1719430913675
[2024-06-26T19:41:54.864+0000] {docker.py:436} INFO - 24/06/26 19:41:54 INFO Utils: Copying /opt/bitnami/spark/.ivy2/jars/org.apache.spark_spark-token-provider-kafka-0-10_2.12-3.3.0.jar to /tmp/spark-3db46b15-5f05-497d-99ae-b4b0a77f2de5/userFiles-1963f52d-1f09-4df5-a590-c1c30b31dd9f/org.apache.spark_spark-token-provider-kafka-0-10_2.12-3.3.0.jar
[2024-06-26T19:41:54.873+0000] {docker.py:436} INFO - 24/06/26 19:41:54 INFO SparkContext: Added file file:///opt/bitnami/spark/.ivy2/jars/org.apache.kafka_kafka-clients-2.8.1.jar at file:///opt/bitnami/spark/.ivy2/jars/org.apache.kafka_kafka-clients-2.8.1.jar with timestamp 1719430913675
[2024-06-26T19:41:54.874+0000] {docker.py:436} INFO - 24/06/26 19:41:54 INFO Utils: Copying /opt/bitnami/spark/.ivy2/jars/org.apache.kafka_kafka-clients-2.8.1.jar to /tmp/spark-3db46b15-5f05-497d-99ae-b4b0a77f2de5/userFiles-1963f52d-1f09-4df5-a590-c1c30b31dd9f/org.apache.kafka_kafka-clients-2.8.1.jar
[2024-06-26T19:41:54.884+0000] {docker.py:436} INFO - 24/06/26 19:41:54 INFO SparkContext: Added file file:///opt/bitnami/spark/.ivy2/jars/com.google.code.findbugs_jsr305-3.0.0.jar at file:///opt/bitnami/spark/.ivy2/jars/com.google.code.findbugs_jsr305-3.0.0.jar with timestamp 1719430913675
[2024-06-26T19:41:54.884+0000] {docker.py:436} INFO - 24/06/26 19:41:54 INFO Utils: Copying /opt/bitnami/spark/.ivy2/jars/com.google.code.findbugs_jsr305-3.0.0.jar to /tmp/spark-3db46b15-5f05-497d-99ae-b4b0a77f2de5/userFiles-1963f52d-1f09-4df5-a590-c1c30b31dd9f/com.google.code.findbugs_jsr305-3.0.0.jar
[2024-06-26T19:41:54.888+0000] {docker.py:436} INFO - 24/06/26 19:41:54 INFO SparkContext: Added file file:///opt/bitnami/spark/.ivy2/jars/org.apache.commons_commons-pool2-2.11.1.jar at file:///opt/bitnami/spark/.ivy2/jars/org.apache.commons_commons-pool2-2.11.1.jar with timestamp 1719430913675
[2024-06-26T19:41:54.889+0000] {docker.py:436} INFO - 24/06/26 19:41:54 INFO Utils: Copying /opt/bitnami/spark/.ivy2/jars/org.apache.commons_commons-pool2-2.11.1.jar to /tmp/spark-3db46b15-5f05-497d-99ae-b4b0a77f2de5/userFiles-1963f52d-1f09-4df5-a590-c1c30b31dd9f/org.apache.commons_commons-pool2-2.11.1.jar
[2024-06-26T19:41:54.895+0000] {docker.py:436} INFO - 24/06/26 19:41:54 INFO SparkContext: Added file file:///opt/bitnami/spark/.ivy2/jars/org.spark-project.spark_unused-1.0.0.jar at file:///opt/bitnami/spark/.ivy2/jars/org.spark-project.spark_unused-1.0.0.jar with timestamp 1719430913675
[2024-06-26T19:41:54.898+0000] {docker.py:436} INFO - 24/06/26 19:41:54 INFO Utils: Copying /opt/bitnami/spark/.ivy2/jars/org.spark-project.spark_unused-1.0.0.jar to /tmp/spark-3db46b15-5f05-497d-99ae-b4b0a77f2de5/userFiles-1963f52d-1f09-4df5-a590-c1c30b31dd9f/org.spark-project.spark_unused-1.0.0.jar
[2024-06-26T19:41:54.901+0000] {docker.py:436} INFO - 24/06/26 19:41:54 INFO SparkContext: Added file file:///opt/bitnami/spark/.ivy2/jars/org.apache.hadoop_hadoop-client-runtime-3.3.2.jar at file:///opt/bitnami/spark/.ivy2/jars/org.apache.hadoop_hadoop-client-runtime-3.3.2.jar with timestamp 1719430913675
[2024-06-26T19:41:54.902+0000] {docker.py:436} INFO - 24/06/26 19:41:54 INFO Utils: Copying /opt/bitnami/spark/.ivy2/jars/org.apache.hadoop_hadoop-client-runtime-3.3.2.jar to /tmp/spark-3db46b15-5f05-497d-99ae-b4b0a77f2de5/userFiles-1963f52d-1f09-4df5-a590-c1c30b31dd9f/org.apache.hadoop_hadoop-client-runtime-3.3.2.jar
[2024-06-26T19:41:54.930+0000] {docker.py:436} INFO - 24/06/26 19:41:54 INFO SparkContext: Added file file:///opt/bitnami/spark/.ivy2/jars/org.lz4_lz4-java-1.8.0.jar at file:///opt/bitnami/spark/.ivy2/jars/org.lz4_lz4-java-1.8.0.jar with timestamp 1719430913675
[2024-06-26T19:41:54.930+0000] {docker.py:436} INFO - 24/06/26 19:41:54 INFO Utils: Copying /opt/bitnami/spark/.ivy2/jars/org.lz4_lz4-java-1.8.0.jar to /tmp/spark-3db46b15-5f05-497d-99ae-b4b0a77f2de5/userFiles-1963f52d-1f09-4df5-a590-c1c30b31dd9f/org.lz4_lz4-java-1.8.0.jar
[2024-06-26T19:41:54.936+0000] {docker.py:436} INFO - 24/06/26 19:41:54 INFO SparkContext: Added file file:///opt/bitnami/spark/.ivy2/jars/org.xerial.snappy_snappy-java-1.1.8.4.jar at file:///opt/bitnami/spark/.ivy2/jars/org.xerial.snappy_snappy-java-1.1.8.4.jar with timestamp 1719430913675
[2024-06-26T19:41:54.938+0000] {docker.py:436} INFO - 24/06/26 19:41:54 INFO Utils: Copying /opt/bitnami/spark/.ivy2/jars/org.xerial.snappy_snappy-java-1.1.8.4.jar to /tmp/spark-3db46b15-5f05-497d-99ae-b4b0a77f2de5/userFiles-1963f52d-1f09-4df5-a590-c1c30b31dd9f/org.xerial.snappy_snappy-java-1.1.8.4.jar
[2024-06-26T19:41:54.947+0000] {docker.py:436} INFO - 24/06/26 19:41:54 INFO SparkContext: Added file file:///opt/bitnami/spark/.ivy2/jars/org.slf4j_slf4j-api-1.7.32.jar at file:///opt/bitnami/spark/.ivy2/jars/org.slf4j_slf4j-api-1.7.32.jar with timestamp 1719430913675
[2024-06-26T19:41:54.948+0000] {docker.py:436} INFO - 24/06/26 19:41:54 INFO Utils: Copying /opt/bitnami/spark/.ivy2/jars/org.slf4j_slf4j-api-1.7.32.jar to /tmp/spark-3db46b15-5f05-497d-99ae-b4b0a77f2de5/userFiles-1963f52d-1f09-4df5-a590-c1c30b31dd9f/org.slf4j_slf4j-api-1.7.32.jar
[2024-06-26T19:41:54.957+0000] {docker.py:436} INFO - 24/06/26 19:41:54 INFO SparkContext: Added file file:///opt/bitnami/spark/.ivy2/jars/org.apache.hadoop_hadoop-client-api-3.3.2.jar at file:///opt/bitnami/spark/.ivy2/jars/org.apache.hadoop_hadoop-client-api-3.3.2.jar with timestamp 1719430913675
24/06/26 19:41:54 INFO Utils: Copying /opt/bitnami/spark/.ivy2/jars/org.apache.hadoop_hadoop-client-api-3.3.2.jar to /tmp/spark-3db46b15-5f05-497d-99ae-b4b0a77f2de5/userFiles-1963f52d-1f09-4df5-a590-c1c30b31dd9f/org.apache.hadoop_hadoop-client-api-3.3.2.jar
[2024-06-26T19:41:54.977+0000] {docker.py:436} INFO - 24/06/26 19:41:54 INFO SparkContext: Added file file:///opt/bitnami/spark/.ivy2/jars/commons-logging_commons-logging-1.1.3.jar at file:///opt/bitnami/spark/.ivy2/jars/commons-logging_commons-logging-1.1.3.jar with timestamp 1719430913675
[2024-06-26T19:41:54.977+0000] {docker.py:436} INFO - 24/06/26 19:41:54 INFO Utils: Copying /opt/bitnami/spark/.ivy2/jars/commons-logging_commons-logging-1.1.3.jar to /tmp/spark-3db46b15-5f05-497d-99ae-b4b0a77f2de5/userFiles-1963f52d-1f09-4df5-a590-c1c30b31dd9f/commons-logging_commons-logging-1.1.3.jar
[2024-06-26T19:41:55.124+0000] {docker.py:436} INFO - 24/06/26 19:41:55 INFO Executor: Starting executor ID driver on host localhost
[2024-06-26T19:41:55.125+0000] {docker.py:436} INFO - 24/06/26 19:41:55 INFO Executor: OS info Linux, 6.5.0-41-generic, amd64
[2024-06-26T19:41:55.126+0000] {docker.py:436} INFO - 24/06/26 19:41:55 INFO Executor: Java version 17.0.11
[2024-06-26T19:41:55.136+0000] {docker.py:436} INFO - 24/06/26 19:41:55 INFO Executor: Starting executor with user classpath (userClassPathFirst = false): ''
[2024-06-26T19:41:55.137+0000] {docker.py:436} INFO - 24/06/26 19:41:55 INFO Executor: Created or updated repl class loader org.apache.spark.util.MutableURLClassLoader@1f629b3b for default.
[2024-06-26T19:41:55.158+0000] {docker.py:436} INFO - 24/06/26 19:41:55 INFO Executor: Fetching file:///opt/bitnami/spark/.ivy2/jars/org.postgresql_postgresql-42.2.2.jar with timestamp 1719430913675
[2024-06-26T19:41:55.186+0000] {docker.py:436} INFO - 24/06/26 19:41:55 INFO Utils: /opt/bitnami/spark/.ivy2/jars/org.postgresql_postgresql-42.2.2.jar has been previously copied to /tmp/spark-3db46b15-5f05-497d-99ae-b4b0a77f2de5/userFiles-1963f52d-1f09-4df5-a590-c1c30b31dd9f/org.postgresql_postgresql-42.2.2.jar
[2024-06-26T19:41:55.190+0000] {docker.py:436} INFO - 24/06/26 19:41:55 INFO Executor: Fetching file:///opt/bitnami/spark/.ivy2/jars/org.apache.hadoop_hadoop-client-api-3.3.2.jar with timestamp 1719430913675
[2024-06-26T19:41:55.218+0000] {docker.py:436} INFO - 24/06/26 19:41:55 INFO Utils: /opt/bitnami/spark/.ivy2/jars/org.apache.hadoop_hadoop-client-api-3.3.2.jar has been previously copied to /tmp/spark-3db46b15-5f05-497d-99ae-b4b0a77f2de5/userFiles-1963f52d-1f09-4df5-a590-c1c30b31dd9f/org.apache.hadoop_hadoop-client-api-3.3.2.jar
[2024-06-26T19:41:55.224+0000] {docker.py:436} INFO - 24/06/26 19:41:55 INFO Executor: Fetching file:///opt/bitnami/spark/.ivy2/jars/org.xerial.snappy_snappy-java-1.1.8.4.jar with timestamp 1719430913675
[2024-06-26T19:41:55.231+0000] {docker.py:436} INFO - 24/06/26 19:41:55 INFO Utils: /opt/bitnami/spark/.ivy2/jars/org.xerial.snappy_snappy-java-1.1.8.4.jar has been previously copied to /tmp/spark-3db46b15-5f05-497d-99ae-b4b0a77f2de5/userFiles-1963f52d-1f09-4df5-a590-c1c30b31dd9f/org.xerial.snappy_snappy-java-1.1.8.4.jar
[2024-06-26T19:41:55.240+0000] {docker.py:436} INFO - 24/06/26 19:41:55 INFO Executor: Fetching file:///opt/bitnami/spark/.ivy2/jars/org.apache.hadoop_hadoop-client-runtime-3.3.2.jar with timestamp 1719430913675
[2024-06-26T19:41:55.280+0000] {docker.py:436} INFO - 24/06/26 19:41:55 INFO Utils: /opt/bitnami/spark/.ivy2/jars/org.apache.hadoop_hadoop-client-runtime-3.3.2.jar has been previously copied to /tmp/spark-3db46b15-5f05-497d-99ae-b4b0a77f2de5/userFiles-1963f52d-1f09-4df5-a590-c1c30b31dd9f/org.apache.hadoop_hadoop-client-runtime-3.3.2.jar
[2024-06-26T19:41:55.284+0000] {docker.py:436} INFO - 24/06/26 19:41:55 INFO Executor: Fetching file:///opt/bitnami/spark/.ivy2/jars/org.apache.commons_commons-pool2-2.11.1.jar with timestamp 1719430913675
[2024-06-26T19:41:55.285+0000] {docker.py:436} INFO - 24/06/26 19:41:55 INFO Utils: /opt/bitnami/spark/.ivy2/jars/org.apache.commons_commons-pool2-2.11.1.jar has been previously copied to /tmp/spark-3db46b15-5f05-497d-99ae-b4b0a77f2de5/userFiles-1963f52d-1f09-4df5-a590-c1c30b31dd9f/org.apache.commons_commons-pool2-2.11.1.jar
[2024-06-26T19:41:55.290+0000] {docker.py:436} INFO - 24/06/26 19:41:55 INFO Executor: Fetching file:///opt/bitnami/spark/.ivy2/jars/org.apache.spark_spark-token-provider-kafka-0-10_2.12-3.3.0.jar with timestamp 1719430913675
[2024-06-26T19:41:55.291+0000] {docker.py:436} INFO - 24/06/26 19:41:55 INFO Utils: /opt/bitnami/spark/.ivy2/jars/org.apache.spark_spark-token-provider-kafka-0-10_2.12-3.3.0.jar has been previously copied to /tmp/spark-3db46b15-5f05-497d-99ae-b4b0a77f2de5/userFiles-1963f52d-1f09-4df5-a590-c1c30b31dd9f/org.apache.spark_spark-token-provider-kafka-0-10_2.12-3.3.0.jar
[2024-06-26T19:41:55.297+0000] {docker.py:436} INFO - 24/06/26 19:41:55 INFO Executor: Fetching file:///opt/bitnami/spark/.ivy2/jars/org.slf4j_slf4j-api-1.7.32.jar with timestamp 1719430913675
[2024-06-26T19:41:55.299+0000] {docker.py:436} INFO - 24/06/26 19:41:55 INFO Utils: /opt/bitnami/spark/.ivy2/jars/org.slf4j_slf4j-api-1.7.32.jar has been previously copied to /tmp/spark-3db46b15-5f05-497d-99ae-b4b0a77f2de5/userFiles-1963f52d-1f09-4df5-a590-c1c30b31dd9f/org.slf4j_slf4j-api-1.7.32.jar
[2024-06-26T19:41:55.309+0000] {docker.py:436} INFO - 24/06/26 19:41:55 INFO Executor: Fetching file:///opt/bitnami/spark/.ivy2/jars/org.apache.spark_spark-sql-kafka-0-10_2.12-3.3.0.jar with timestamp 1719430913675
[2024-06-26T19:41:55.311+0000] {docker.py:436} INFO - 24/06/26 19:41:55 INFO Utils: /opt/bitnami/spark/.ivy2/jars/org.apache.spark_spark-sql-kafka-0-10_2.12-3.3.0.jar has been previously copied to /tmp/spark-3db46b15-5f05-497d-99ae-b4b0a77f2de5/userFiles-1963f52d-1f09-4df5-a590-c1c30b31dd9f/org.apache.spark_spark-sql-kafka-0-10_2.12-3.3.0.jar
[2024-06-26T19:41:55.322+0000] {docker.py:436} INFO - 24/06/26 19:41:55 INFO Executor: Fetching file:///opt/bitnami/spark/.ivy2/jars/com.google.code.findbugs_jsr305-3.0.0.jar with timestamp 1719430913675
24/06/26 19:41:55 INFO Utils: /opt/bitnami/spark/.ivy2/jars/com.google.code.findbugs_jsr305-3.0.0.jar has been previously copied to /tmp/spark-3db46b15-5f05-497d-99ae-b4b0a77f2de5/userFiles-1963f52d-1f09-4df5-a590-c1c30b31dd9f/com.google.code.findbugs_jsr305-3.0.0.jar
[2024-06-26T19:41:55.333+0000] {docker.py:436} INFO - 24/06/26 19:41:55 INFO Executor: Fetching file:///opt/bitnami/spark/.ivy2/jars/org.lz4_lz4-java-1.8.0.jar with timestamp 1719430913675
[2024-06-26T19:41:55.334+0000] {docker.py:436} INFO - 24/06/26 19:41:55 INFO Utils: /opt/bitnami/spark/.ivy2/jars/org.lz4_lz4-java-1.8.0.jar has been previously copied to /tmp/spark-3db46b15-5f05-497d-99ae-b4b0a77f2de5/userFiles-1963f52d-1f09-4df5-a590-c1c30b31dd9f/org.lz4_lz4-java-1.8.0.jar
[2024-06-26T19:41:55.342+0000] {docker.py:436} INFO - 24/06/26 19:41:55 INFO Executor: Fetching file:///opt/bitnami/spark/.ivy2/jars/commons-logging_commons-logging-1.1.3.jar with timestamp 1719430913675
[2024-06-26T19:41:55.343+0000] {docker.py:436} INFO - 24/06/26 19:41:55 INFO Utils: /opt/bitnami/spark/.ivy2/jars/commons-logging_commons-logging-1.1.3.jar has been previously copied to /tmp/spark-3db46b15-5f05-497d-99ae-b4b0a77f2de5/userFiles-1963f52d-1f09-4df5-a590-c1c30b31dd9f/commons-logging_commons-logging-1.1.3.jar
[2024-06-26T19:41:55.349+0000] {docker.py:436} INFO - 24/06/26 19:41:55 INFO Executor: Fetching file:///opt/bitnami/spark/.ivy2/jars/org.spark-project.spark_unused-1.0.0.jar with timestamp 1719430913675
[2024-06-26T19:41:55.350+0000] {docker.py:436} INFO - 24/06/26 19:41:55 INFO Utils: /opt/bitnami/spark/.ivy2/jars/org.spark-project.spark_unused-1.0.0.jar has been previously copied to /tmp/spark-3db46b15-5f05-497d-99ae-b4b0a77f2de5/userFiles-1963f52d-1f09-4df5-a590-c1c30b31dd9f/org.spark-project.spark_unused-1.0.0.jar
[2024-06-26T19:41:55.355+0000] {docker.py:436} INFO - 24/06/26 19:41:55 INFO Executor: Fetching file:///opt/bitnami/spark/.ivy2/jars/org.apache.kafka_kafka-clients-2.8.1.jar with timestamp 1719430913675
[2024-06-26T19:41:55.363+0000] {docker.py:436} INFO - 24/06/26 19:41:55 INFO Utils: /opt/bitnami/spark/.ivy2/jars/org.apache.kafka_kafka-clients-2.8.1.jar has been previously copied to /tmp/spark-3db46b15-5f05-497d-99ae-b4b0a77f2de5/userFiles-1963f52d-1f09-4df5-a590-c1c30b31dd9f/org.apache.kafka_kafka-clients-2.8.1.jar
[2024-06-26T19:41:55.372+0000] {docker.py:436} INFO - 24/06/26 19:41:55 INFO Executor: Fetching spark://localhost:46655/jars/org.apache.kafka_kafka-clients-2.8.1.jar with timestamp 1719430913675
[2024-06-26T19:41:55.493+0000] {docker.py:436} INFO - 24/06/26 19:41:55 INFO TransportClientFactory: Successfully created connection to localhost/127.0.0.1:46655 after 102 ms (0 ms spent in bootstraps)
[2024-06-26T19:41:55.523+0000] {docker.py:436} INFO - 24/06/26 19:41:55 INFO Utils: Fetching spark://localhost:46655/jars/org.apache.kafka_kafka-clients-2.8.1.jar to /tmp/spark-3db46b15-5f05-497d-99ae-b4b0a77f2de5/userFiles-1963f52d-1f09-4df5-a590-c1c30b31dd9f/fetchFileTemp17977783965253419844.tmp
[2024-06-26T19:41:55.673+0000] {docker.py:436} INFO - 24/06/26 19:41:55 INFO Utils: /tmp/spark-3db46b15-5f05-497d-99ae-b4b0a77f2de5/userFiles-1963f52d-1f09-4df5-a590-c1c30b31dd9f/fetchFileTemp17977783965253419844.tmp has been previously copied to /tmp/spark-3db46b15-5f05-497d-99ae-b4b0a77f2de5/userFiles-1963f52d-1f09-4df5-a590-c1c30b31dd9f/org.apache.kafka_kafka-clients-2.8.1.jar
[2024-06-26T19:41:55.702+0000] {docker.py:436} INFO - 24/06/26 19:41:55 INFO Executor: Adding file:/tmp/spark-3db46b15-5f05-497d-99ae-b4b0a77f2de5/userFiles-1963f52d-1f09-4df5-a590-c1c30b31dd9f/org.apache.kafka_kafka-clients-2.8.1.jar to class loader default
[2024-06-26T19:41:55.703+0000] {docker.py:436} INFO - 24/06/26 19:41:55 INFO Executor: Fetching spark://localhost:46655/jars/org.lz4_lz4-java-1.8.0.jar with timestamp 1719430913675
[2024-06-26T19:41:55.704+0000] {docker.py:436} INFO - 24/06/26 19:41:55 INFO Utils: Fetching spark://localhost:46655/jars/org.lz4_lz4-java-1.8.0.jar to /tmp/spark-3db46b15-5f05-497d-99ae-b4b0a77f2de5/userFiles-1963f52d-1f09-4df5-a590-c1c30b31dd9f/fetchFileTemp1133728611386366820.tmp
[2024-06-26T19:41:55.723+0000] {docker.py:436} INFO - 24/06/26 19:41:55 INFO Utils: /tmp/spark-3db46b15-5f05-497d-99ae-b4b0a77f2de5/userFiles-1963f52d-1f09-4df5-a590-c1c30b31dd9f/fetchFileTemp1133728611386366820.tmp has been previously copied to /tmp/spark-3db46b15-5f05-497d-99ae-b4b0a77f2de5/userFiles-1963f52d-1f09-4df5-a590-c1c30b31dd9f/org.lz4_lz4-java-1.8.0.jar
[2024-06-26T19:41:55.751+0000] {docker.py:436} INFO - 24/06/26 19:41:55 INFO Executor: Adding file:/tmp/spark-3db46b15-5f05-497d-99ae-b4b0a77f2de5/userFiles-1963f52d-1f09-4df5-a590-c1c30b31dd9f/org.lz4_lz4-java-1.8.0.jar to class loader default
24/06/26 19:41:55 INFO Executor: Fetching spark://localhost:46655/jars/org.apache.commons_commons-pool2-2.11.1.jar with timestamp 1719430913675
[2024-06-26T19:41:55.753+0000] {docker.py:436} INFO - 24/06/26 19:41:55 INFO Utils: Fetching spark://localhost:46655/jars/org.apache.commons_commons-pool2-2.11.1.jar to /tmp/spark-3db46b15-5f05-497d-99ae-b4b0a77f2de5/userFiles-1963f52d-1f09-4df5-a590-c1c30b31dd9f/fetchFileTemp3110117524038855273.tmp
[2024-06-26T19:41:55.768+0000] {docker.py:436} INFO - 24/06/26 19:41:55 INFO Utils: /tmp/spark-3db46b15-5f05-497d-99ae-b4b0a77f2de5/userFiles-1963f52d-1f09-4df5-a590-c1c30b31dd9f/fetchFileTemp3110117524038855273.tmp has been previously copied to /tmp/spark-3db46b15-5f05-497d-99ae-b4b0a77f2de5/userFiles-1963f52d-1f09-4df5-a590-c1c30b31dd9f/org.apache.commons_commons-pool2-2.11.1.jar
[2024-06-26T19:41:55.783+0000] {docker.py:436} INFO - 24/06/26 19:41:55 INFO Executor: Adding file:/tmp/spark-3db46b15-5f05-497d-99ae-b4b0a77f2de5/userFiles-1963f52d-1f09-4df5-a590-c1c30b31dd9f/org.apache.commons_commons-pool2-2.11.1.jar to class loader default
24/06/26 19:41:55 INFO Executor: Fetching spark://localhost:46655/jars/commons-logging_commons-logging-1.1.3.jar with timestamp 1719430913675
24/06/26 19:41:55 INFO Utils: Fetching spark://localhost:46655/jars/commons-logging_commons-logging-1.1.3.jar to /tmp/spark-3db46b15-5f05-497d-99ae-b4b0a77f2de5/userFiles-1963f52d-1f09-4df5-a590-c1c30b31dd9f/fetchFileTemp18114372439915294073.tmp
[2024-06-26T19:41:55.791+0000] {docker.py:436} INFO - 24/06/26 19:41:55 INFO Utils: /tmp/spark-3db46b15-5f05-497d-99ae-b4b0a77f2de5/userFiles-1963f52d-1f09-4df5-a590-c1c30b31dd9f/fetchFileTemp18114372439915294073.tmp has been previously copied to /tmp/spark-3db46b15-5f05-497d-99ae-b4b0a77f2de5/userFiles-1963f52d-1f09-4df5-a590-c1c30b31dd9f/commons-logging_commons-logging-1.1.3.jar
[2024-06-26T19:41:55.803+0000] {docker.py:436} INFO - 24/06/26 19:41:55 INFO Executor: Adding file:/tmp/spark-3db46b15-5f05-497d-99ae-b4b0a77f2de5/userFiles-1963f52d-1f09-4df5-a590-c1c30b31dd9f/commons-logging_commons-logging-1.1.3.jar to class loader default
[2024-06-26T19:41:55.805+0000] {docker.py:436} INFO - 24/06/26 19:41:55 INFO Executor: Fetching spark://localhost:46655/jars/org.slf4j_slf4j-api-1.7.32.jar with timestamp 1719430913675
[2024-06-26T19:41:55.807+0000] {docker.py:436} INFO - 24/06/26 19:41:55 INFO Utils: Fetching spark://localhost:46655/jars/org.slf4j_slf4j-api-1.7.32.jar to /tmp/spark-3db46b15-5f05-497d-99ae-b4b0a77f2de5/userFiles-1963f52d-1f09-4df5-a590-c1c30b31dd9f/fetchFileTemp990090036715759443.tmp
[2024-06-26T19:41:55.809+0000] {docker.py:436} INFO - 24/06/26 19:41:55 INFO Utils: /tmp/spark-3db46b15-5f05-497d-99ae-b4b0a77f2de5/userFiles-1963f52d-1f09-4df5-a590-c1c30b31dd9f/fetchFileTemp990090036715759443.tmp has been previously copied to /tmp/spark-3db46b15-5f05-497d-99ae-b4b0a77f2de5/userFiles-1963f52d-1f09-4df5-a590-c1c30b31dd9f/org.slf4j_slf4j-api-1.7.32.jar
[2024-06-26T19:41:55.814+0000] {docker.py:436} INFO - 24/06/26 19:41:55 INFO Executor: Adding file:/tmp/spark-3db46b15-5f05-497d-99ae-b4b0a77f2de5/userFiles-1963f52d-1f09-4df5-a590-c1c30b31dd9f/org.slf4j_slf4j-api-1.7.32.jar to class loader default
24/06/26 19:41:55 INFO Executor: Fetching spark://localhost:46655/jars/org.apache.spark_spark-token-provider-kafka-0-10_2.12-3.3.0.jar with timestamp 1719430913675
[2024-06-26T19:41:55.817+0000] {docker.py:436} INFO - 24/06/26 19:41:55 INFO Utils: Fetching spark://localhost:46655/jars/org.apache.spark_spark-token-provider-kafka-0-10_2.12-3.3.0.jar to /tmp/spark-3db46b15-5f05-497d-99ae-b4b0a77f2de5/userFiles-1963f52d-1f09-4df5-a590-c1c30b31dd9f/fetchFileTemp1501515048400145080.tmp
[2024-06-26T19:41:55.819+0000] {docker.py:436} INFO - 24/06/26 19:41:55 INFO Utils: /tmp/spark-3db46b15-5f05-497d-99ae-b4b0a77f2de5/userFiles-1963f52d-1f09-4df5-a590-c1c30b31dd9f/fetchFileTemp1501515048400145080.tmp has been previously copied to /tmp/spark-3db46b15-5f05-497d-99ae-b4b0a77f2de5/userFiles-1963f52d-1f09-4df5-a590-c1c30b31dd9f/org.apache.spark_spark-token-provider-kafka-0-10_2.12-3.3.0.jar
[2024-06-26T19:41:55.826+0000] {docker.py:436} INFO - 24/06/26 19:41:55 INFO Executor: Adding file:/tmp/spark-3db46b15-5f05-497d-99ae-b4b0a77f2de5/userFiles-1963f52d-1f09-4df5-a590-c1c30b31dd9f/org.apache.spark_spark-token-provider-kafka-0-10_2.12-3.3.0.jar to class loader default
[2024-06-26T19:41:55.827+0000] {docker.py:436} INFO - 24/06/26 19:41:55 INFO Executor: Fetching spark://localhost:46655/jars/org.postgresql_postgresql-42.2.2.jar with timestamp 1719430913675
[2024-06-26T19:41:55.828+0000] {docker.py:436} INFO - 24/06/26 19:41:55 INFO Utils: Fetching spark://localhost:46655/jars/org.postgresql_postgresql-42.2.2.jar to /tmp/spark-3db46b15-5f05-497d-99ae-b4b0a77f2de5/userFiles-1963f52d-1f09-4df5-a590-c1c30b31dd9f/fetchFileTemp11665328313095188731.tmp
[2024-06-26T19:41:55.860+0000] {docker.py:436} INFO - 24/06/26 19:41:55 INFO Utils: /tmp/spark-3db46b15-5f05-497d-99ae-b4b0a77f2de5/userFiles-1963f52d-1f09-4df5-a590-c1c30b31dd9f/fetchFileTemp11665328313095188731.tmp has been previously copied to /tmp/spark-3db46b15-5f05-497d-99ae-b4b0a77f2de5/userFiles-1963f52d-1f09-4df5-a590-c1c30b31dd9f/org.postgresql_postgresql-42.2.2.jar
[2024-06-26T19:41:55.879+0000] {docker.py:436} INFO - 24/06/26 19:41:55 INFO Executor: Adding file:/tmp/spark-3db46b15-5f05-497d-99ae-b4b0a77f2de5/userFiles-1963f52d-1f09-4df5-a590-c1c30b31dd9f/org.postgresql_postgresql-42.2.2.jar to class loader default
[2024-06-26T19:41:55.880+0000] {docker.py:436} INFO - 24/06/26 19:41:55 INFO Executor: Fetching spark://localhost:46655/jars/org.apache.hadoop_hadoop-client-runtime-3.3.2.jar with timestamp 1719430913675
[2024-06-26T19:41:55.881+0000] {docker.py:436} INFO - 24/06/26 19:41:55 INFO Utils: Fetching spark://localhost:46655/jars/org.apache.hadoop_hadoop-client-runtime-3.3.2.jar to /tmp/spark-3db46b15-5f05-497d-99ae-b4b0a77f2de5/userFiles-1963f52d-1f09-4df5-a590-c1c30b31dd9f/fetchFileTemp6600726821717836.tmp
[2024-06-26T19:41:56.194+0000] {docker.py:436} INFO - 24/06/26 19:41:56 INFO Utils: /tmp/spark-3db46b15-5f05-497d-99ae-b4b0a77f2de5/userFiles-1963f52d-1f09-4df5-a590-c1c30b31dd9f/fetchFileTemp6600726821717836.tmp has been previously copied to /tmp/spark-3db46b15-5f05-497d-99ae-b4b0a77f2de5/userFiles-1963f52d-1f09-4df5-a590-c1c30b31dd9f/org.apache.hadoop_hadoop-client-runtime-3.3.2.jar
[2024-06-26T19:41:56.205+0000] {docker.py:436} INFO - 24/06/26 19:41:56 INFO Executor: Adding file:/tmp/spark-3db46b15-5f05-497d-99ae-b4b0a77f2de5/userFiles-1963f52d-1f09-4df5-a590-c1c30b31dd9f/org.apache.hadoop_hadoop-client-runtime-3.3.2.jar to class loader default
[2024-06-26T19:41:56.206+0000] {docker.py:436} INFO - 24/06/26 19:41:56 INFO Executor: Fetching spark://localhost:46655/jars/org.apache.hadoop_hadoop-client-api-3.3.2.jar with timestamp 1719430913675
24/06/26 19:41:56 INFO Utils: Fetching spark://localhost:46655/jars/org.apache.hadoop_hadoop-client-api-3.3.2.jar to /tmp/spark-3db46b15-5f05-497d-99ae-b4b0a77f2de5/userFiles-1963f52d-1f09-4df5-a590-c1c30b31dd9f/fetchFileTemp2714142761556456728.tmp
[2024-06-26T19:41:56.349+0000] {docker.py:436} INFO - 24/06/26 19:41:56 INFO Utils: /tmp/spark-3db46b15-5f05-497d-99ae-b4b0a77f2de5/userFiles-1963f52d-1f09-4df5-a590-c1c30b31dd9f/fetchFileTemp2714142761556456728.tmp has been previously copied to /tmp/spark-3db46b15-5f05-497d-99ae-b4b0a77f2de5/userFiles-1963f52d-1f09-4df5-a590-c1c30b31dd9f/org.apache.hadoop_hadoop-client-api-3.3.2.jar
[2024-06-26T19:41:56.357+0000] {docker.py:436} INFO - 24/06/26 19:41:56 INFO Executor: Adding file:/tmp/spark-3db46b15-5f05-497d-99ae-b4b0a77f2de5/userFiles-1963f52d-1f09-4df5-a590-c1c30b31dd9f/org.apache.hadoop_hadoop-client-api-3.3.2.jar to class loader default
[2024-06-26T19:41:56.358+0000] {docker.py:436} INFO - 24/06/26 19:41:56 INFO Executor: Fetching spark://localhost:46655/jars/org.apache.spark_spark-sql-kafka-0-10_2.12-3.3.0.jar with timestamp 1719430913675
24/06/26 19:41:56 INFO Utils: Fetching spark://localhost:46655/jars/org.apache.spark_spark-sql-kafka-0-10_2.12-3.3.0.jar to /tmp/spark-3db46b15-5f05-497d-99ae-b4b0a77f2de5/userFiles-1963f52d-1f09-4df5-a590-c1c30b31dd9f/fetchFileTemp119965145060693488.tmp
[2024-06-26T19:41:56.361+0000] {docker.py:436} INFO - 24/06/26 19:41:56 INFO Utils: /tmp/spark-3db46b15-5f05-497d-99ae-b4b0a77f2de5/userFiles-1963f52d-1f09-4df5-a590-c1c30b31dd9f/fetchFileTemp119965145060693488.tmp has been previously copied to /tmp/spark-3db46b15-5f05-497d-99ae-b4b0a77f2de5/userFiles-1963f52d-1f09-4df5-a590-c1c30b31dd9f/org.apache.spark_spark-sql-kafka-0-10_2.12-3.3.0.jar
[2024-06-26T19:41:56.366+0000] {docker.py:436} INFO - 24/06/26 19:41:56 INFO Executor: Adding file:/tmp/spark-3db46b15-5f05-497d-99ae-b4b0a77f2de5/userFiles-1963f52d-1f09-4df5-a590-c1c30b31dd9f/org.apache.spark_spark-sql-kafka-0-10_2.12-3.3.0.jar to class loader default
[2024-06-26T19:41:56.367+0000] {docker.py:436} INFO - 24/06/26 19:41:56 INFO Executor: Fetching spark://localhost:46655/jars/org.xerial.snappy_snappy-java-1.1.8.4.jar with timestamp 1719430913675
24/06/26 19:41:56 INFO Utils: Fetching spark://localhost:46655/jars/org.xerial.snappy_snappy-java-1.1.8.4.jar to /tmp/spark-3db46b15-5f05-497d-99ae-b4b0a77f2de5/userFiles-1963f52d-1f09-4df5-a590-c1c30b31dd9f/fetchFileTemp9262250284167800353.tmp
[2024-06-26T19:41:56.374+0000] {docker.py:436} INFO - 24/06/26 19:41:56 INFO Utils: /tmp/spark-3db46b15-5f05-497d-99ae-b4b0a77f2de5/userFiles-1963f52d-1f09-4df5-a590-c1c30b31dd9f/fetchFileTemp9262250284167800353.tmp has been previously copied to /tmp/spark-3db46b15-5f05-497d-99ae-b4b0a77f2de5/userFiles-1963f52d-1f09-4df5-a590-c1c30b31dd9f/org.xerial.snappy_snappy-java-1.1.8.4.jar
[2024-06-26T19:41:56.380+0000] {docker.py:436} INFO - 24/06/26 19:41:56 INFO Executor: Adding file:/tmp/spark-3db46b15-5f05-497d-99ae-b4b0a77f2de5/userFiles-1963f52d-1f09-4df5-a590-c1c30b31dd9f/org.xerial.snappy_snappy-java-1.1.8.4.jar to class loader default
[2024-06-26T19:41:56.381+0000] {docker.py:436} INFO - 24/06/26 19:41:56 INFO Executor: Fetching spark://localhost:46655/jars/org.spark-project.spark_unused-1.0.0.jar with timestamp 1719430913675
[2024-06-26T19:41:56.382+0000] {docker.py:436} INFO - 24/06/26 19:41:56 INFO Utils: Fetching spark://localhost:46655/jars/org.spark-project.spark_unused-1.0.0.jar to /tmp/spark-3db46b15-5f05-497d-99ae-b4b0a77f2de5/userFiles-1963f52d-1f09-4df5-a590-c1c30b31dd9f/fetchFileTemp4643996383350351502.tmp
[2024-06-26T19:41:56.384+0000] {docker.py:436} INFO - 24/06/26 19:41:56 INFO Utils: /tmp/spark-3db46b15-5f05-497d-99ae-b4b0a77f2de5/userFiles-1963f52d-1f09-4df5-a590-c1c30b31dd9f/fetchFileTemp4643996383350351502.tmp has been previously copied to /tmp/spark-3db46b15-5f05-497d-99ae-b4b0a77f2de5/userFiles-1963f52d-1f09-4df5-a590-c1c30b31dd9f/org.spark-project.spark_unused-1.0.0.jar
[2024-06-26T19:41:56.388+0000] {docker.py:436} INFO - 24/06/26 19:41:56 INFO Executor: Adding file:/tmp/spark-3db46b15-5f05-497d-99ae-b4b0a77f2de5/userFiles-1963f52d-1f09-4df5-a590-c1c30b31dd9f/org.spark-project.spark_unused-1.0.0.jar to class loader default
[2024-06-26T19:41:56.389+0000] {docker.py:436} INFO - 24/06/26 19:41:56 INFO Executor: Fetching spark://localhost:46655/jars/com.google.code.findbugs_jsr305-3.0.0.jar with timestamp 1719430913675
[2024-06-26T19:41:56.390+0000] {docker.py:436} INFO - 24/06/26 19:41:56 INFO Utils: Fetching spark://localhost:46655/jars/com.google.code.findbugs_jsr305-3.0.0.jar to /tmp/spark-3db46b15-5f05-497d-99ae-b4b0a77f2de5/userFiles-1963f52d-1f09-4df5-a590-c1c30b31dd9f/fetchFileTemp919645988945989828.tmp
[2024-06-26T19:41:56.392+0000] {docker.py:436} INFO - 24/06/26 19:41:56 INFO Utils: /tmp/spark-3db46b15-5f05-497d-99ae-b4b0a77f2de5/userFiles-1963f52d-1f09-4df5-a590-c1c30b31dd9f/fetchFileTemp919645988945989828.tmp has been previously copied to /tmp/spark-3db46b15-5f05-497d-99ae-b4b0a77f2de5/userFiles-1963f52d-1f09-4df5-a590-c1c30b31dd9f/com.google.code.findbugs_jsr305-3.0.0.jar
[2024-06-26T19:41:56.396+0000] {docker.py:436} INFO - 24/06/26 19:41:56 INFO Executor: Adding file:/tmp/spark-3db46b15-5f05-497d-99ae-b4b0a77f2de5/userFiles-1963f52d-1f09-4df5-a590-c1c30b31dd9f/com.google.code.findbugs_jsr305-3.0.0.jar to class loader default
[2024-06-26T19:41:56.409+0000] {docker.py:436} INFO - 24/06/26 19:41:56 INFO Utils: Successfully started service 'org.apache.spark.network.netty.NettyBlockTransferService' on port 41801.
24/06/26 19:41:56 INFO NettyBlockTransferService: Server created on localhost:41801
[2024-06-26T19:41:56.413+0000] {docker.py:436} INFO - 24/06/26 19:41:56 INFO BlockManager: Using org.apache.spark.storage.RandomBlockReplicationPolicy for block replication policy
[2024-06-26T19:41:56.425+0000] {docker.py:436} INFO - 24/06/26 19:41:56 INFO BlockManagerMaster: Registering BlockManager BlockManagerId(driver, localhost, 41801, None)
[2024-06-26T19:41:56.432+0000] {docker.py:436} INFO - 24/06/26 19:41:56 INFO BlockManagerMasterEndpoint: Registering block manager localhost:41801 with 434.4 MiB RAM, BlockManagerId(driver, localhost, 41801, None)
[2024-06-26T19:41:56.436+0000] {docker.py:436} INFO - 24/06/26 19:41:56 INFO BlockManagerMaster: Registered BlockManager BlockManagerId(driver, localhost, 41801, None)
[2024-06-26T19:41:56.440+0000] {docker.py:436} INFO - 24/06/26 19:41:56 INFO BlockManager: Initialized BlockManager: BlockManagerId(driver, localhost, 41801, None)
[2024-06-26T19:41:56.961+0000] {docker.py:436} INFO - 2024-06-26 19:41:56,961:create_spark_session:INFO:Spark session created successfully
[2024-06-26T19:41:56.969+0000] {docker.py:436} INFO - 24/06/26 19:41:56 INFO SharedState: Setting hive.metastore.warehouse.dir ('null') to the value of spark.sql.warehouse.dir.
[2024-06-26T19:41:56.973+0000] {docker.py:436} INFO - 24/06/26 19:41:56 INFO SharedState: Warehouse path is 'file:/opt/bitnami/spark/spark-warehouse'.
[2024-06-26T19:41:58.968+0000] {docker.py:436} INFO - 2024-06-26 19:41:58,967:create_initial_dataframe:INFO:Initial dataframe created successfully:
[2024-06-26T19:42:00.101+0000] {docker.py:436} INFO - Traceback (most recent call last):
  File "/opt/bitnami/spark/scripts/spark_bronze_layer.py", line 132, in <module>
[2024-06-26T19:42:00.101+0000] {docker.py:436} INFO - write_to_postgres()
  File "/opt/bitnami/spark/scripts/spark_bronze_layer.py", line 120, in write_to_postgres
[2024-06-26T19:42:00.102+0000] {docker.py:436} INFO - final_df =create_final_dataframe(df)
              ^^^^^^^^^^^^^^^^^^^^^^^^^^
  File "/opt/bitnami/spark/scripts/spark_bronze_layer.py", line 83, in create_final_dataframe
[2024-06-26T19:42:00.102+0000] {docker.py:436} INFO - df_out = df_out.select(F.explode(df_out.value).alias("purchase")).select("purchase.*")
             ^^^^^^^^^^^^^^^^^^^^^^^^^^^^^^^^^^^^^^^^^^^^^^^^^^^^^^^^
[2024-06-26T19:42:00.104+0000] {docker.py:436} INFO - File "/opt/bitnami/spark/python/lib/pyspark.zip/pyspark/sql/dataframe.py", line 3227, in select
  File "/opt/bitnami/spark/python/lib/py4j-0.10.9.7-src.zip/py4j/java_gateway.py", line 1322, in __call__
  File "/opt/bitnami/spark/python/lib/pyspark.zip/pyspark/errors/exceptions/captured.py", line 185, in deco
pyspark.errors.exceptions.captured.AnalysisException
[2024-06-26T19:42:00.123+0000] {docker.py:436} INFO - : [DATATYPE_MISMATCH.UNEXPECTED_INPUT_TYPE] Cannot resolve "explode(value)" due to data type mismatch: Parameter 1 requires the ("ARRAY" or "MAP") type, however "value" has the type "STRING".;
'Project [explode(value#21) AS purchase#23]
+- Project [cast(value#8 as string) AS value#21]
   +- StreamingRelationV2 org.apache.spark.sql.kafka010.KafkaSourceProvider@1f3105b2, kafka, org.apache.spark.sql.kafka010.KafkaSourceProvider$KafkaTable@5512f04c, [startingOffsets=earliest, kafka.bootstrap.servers=kafka:9092, subscribe=store_source_data], [key#7, value#8, topic#9, partition#10, offset#11L, timestamp#12, timestampType#13], StreamingRelation DataSource(org.apache.spark.sql.SparkSession@6cd67022,kafka,List(),None,List(),None,Map(kafka.bootstrap.servers -> kafka:9092, subscribe -> store_source_data, startingOffsets -> earliest),None), kafka, [key#0, value#1, topic#2, partition#3, offset#4L, timestamp#5, timestampType#6]
[2024-06-26T19:42:00.124+0000] {docker.py:436} INFO - 2024-06-26 19:42:00,123:close:INFO:Closing down clientserver connection
[2024-06-26T19:42:00.181+0000] {docker.py:436} INFO - 24/06/26 19:42:00 INFO SparkContext: Invoking stop() from shutdown hook
[2024-06-26T19:42:00.183+0000] {docker.py:436} INFO - 24/06/26 19:42:00 INFO SparkContext: SparkContext is stopping with exitCode 0.
[2024-06-26T19:42:00.209+0000] {docker.py:436} INFO - 24/06/26 19:42:00 INFO SparkUI: Stopped Spark web UI at http://localhost:4040
[2024-06-26T19:42:00.244+0000] {docker.py:436} INFO - 24/06/26 19:42:00 INFO MapOutputTrackerMasterEndpoint: MapOutputTrackerMasterEndpoint stopped!
[2024-06-26T19:42:00.287+0000] {docker.py:436} INFO - 24/06/26 19:42:00 INFO MemoryStore: MemoryStore cleared
[2024-06-26T19:42:00.288+0000] {docker.py:436} INFO - 24/06/26 19:42:00 INFO BlockManager: BlockManager stopped
[2024-06-26T19:42:00.310+0000] {docker.py:436} INFO - 24/06/26 19:42:00 INFO BlockManagerMaster: BlockManagerMaster stopped
[2024-06-26T19:42:00.316+0000] {docker.py:436} INFO - 24/06/26 19:42:00 INFO OutputCommitCoordinator$OutputCommitCoordinatorEndpoint: OutputCommitCoordinator stopped!
[2024-06-26T19:42:00.339+0000] {docker.py:436} INFO - 24/06/26 19:42:00 INFO SparkContext: Successfully stopped SparkContext
[2024-06-26T19:42:00.340+0000] {docker.py:436} INFO - 24/06/26 19:42:00 INFO ShutdownHookManager: Shutdown hook called
[2024-06-26T19:42:00.341+0000] {docker.py:436} INFO - 24/06/26 19:42:00 INFO ShutdownHookManager: Deleting directory /tmp/spark-3db46b15-5f05-497d-99ae-b4b0a77f2de5
[2024-06-26T19:42:00.344+0000] {docker.py:436} INFO - 24/06/26 19:42:00 INFO ShutdownHookManager: Deleting directory /tmp/spark-572d784a-cfb4-4444-abfc-cd4e4dc71358
[2024-06-26T19:42:00.349+0000] {docker.py:436} INFO - 24/06/26 19:42:00 INFO ShutdownHookManager: Deleting directory /tmp/spark-3db46b15-5f05-497d-99ae-b4b0a77f2de5/pyspark-b1f6df4f-3d0e-4b49-b02c-ab5d107e3aaa
[2024-06-26T19:42:02.033+0000] {taskinstance.py:441} INFO - ::group::Post task execution logs
[2024-06-26T19:42:02.048+0000] {taskinstance.py:2905} ERROR - Task failed with exception
Traceback (most recent call last):
  File "/home/airflow/.local/lib/python3.12/site-packages/docker/api/client.py", line 265, in _raise_for_status
    response.raise_for_status()
  File "/home/airflow/.local/lib/python3.12/site-packages/requests/models.py", line 1021, in raise_for_status
    raise HTTPError(http_error_msg, response=self)
requests.exceptions.HTTPError: 400 Client Error: Bad Request for url: http://docker-proxy:2375/v1.45/containers/create

The above exception was the direct cause of the following exception:

Traceback (most recent call last):
  File "/home/airflow/.local/lib/python3.12/site-packages/airflow/providers/docker/operators/docker.py", line 371, in _run_image
    return self._run_image_with_mounts([*self.mounts, tmp_mount], add_tmp_variable=True)
           ^^^^^^^^^^^^^^^^^^^^^^^^^^^^^^^^^^^^^^^^^^^^^^^^^^^^^^^^^^^^^^^^^^^^^^^^^^^^^
  File "/home/airflow/.local/lib/python3.12/site-packages/airflow/providers/docker/operators/docker.py", line 398, in _run_image_with_mounts
    self.container = self.cli.create_container(
                     ^^^^^^^^^^^^^^^^^^^^^^^^^^
  File "/home/airflow/.local/lib/python3.12/site-packages/docker/api/container.py", line 439, in create_container
    return self.create_container_from_config(config, name, platform)
           ^^^^^^^^^^^^^^^^^^^^^^^^^^^^^^^^^^^^^^^^^^^^^^^^^^^^^^^^^
  File "/home/airflow/.local/lib/python3.12/site-packages/docker/api/container.py", line 456, in create_container_from_config
    return self._result(res, True)
           ^^^^^^^^^^^^^^^^^^^^^^^
  File "/home/airflow/.local/lib/python3.12/site-packages/docker/api/client.py", line 271, in _result
    self._raise_for_status(response)
  File "/home/airflow/.local/lib/python3.12/site-packages/docker/api/client.py", line 267, in _raise_for_status
    raise create_api_error_from_http_exception(e) from e
          ^^^^^^^^^^^^^^^^^^^^^^^^^^^^^^^^^^^^^^^
  File "/home/airflow/.local/lib/python3.12/site-packages/docker/errors.py", line 39, in create_api_error_from_http_exception
    raise cls(e, response=response, explanation=explanation) from e
docker.errors.APIError: 400 Client Error for http://docker-proxy:2375/v1.45/containers/create: Bad Request ("invalid mount config for type "bind": bind source path does not exist: /tmp/airflowtmp7kfa_ffy")

During handling of the above exception, another exception occurred:

Traceback (most recent call last):
  File "/home/airflow/.local/lib/python3.12/site-packages/airflow/models/taskinstance.py", line 465, in _execute_task
    result = _execute_callable(context=context, **execute_callable_kwargs)
             ^^^^^^^^^^^^^^^^^^^^^^^^^^^^^^^^^^^^^^^^^^^^^^^^^^^^^^^^^^^^^
  File "/home/airflow/.local/lib/python3.12/site-packages/airflow/models/taskinstance.py", line 432, in _execute_callable
    return execute_callable(context=context, **execute_callable_kwargs)
           ^^^^^^^^^^^^^^^^^^^^^^^^^^^^^^^^^^^^^^^^^^^^^^^^^^^^^^^^^^^^
  File "/home/airflow/.local/lib/python3.12/site-packages/airflow/models/baseoperator.py", line 400, in wrapper
    return func(self, *args, **kwargs)
           ^^^^^^^^^^^^^^^^^^^^^^^^^^^
  File "/home/airflow/.local/lib/python3.12/site-packages/airflow/providers/docker/operators/docker.py", line 509, in execute
    return self._run_image()
           ^^^^^^^^^^^^^^^^^
  File "/home/airflow/.local/lib/python3.12/site-packages/airflow/providers/docker/operators/docker.py", line 380, in _run_image
    return self._run_image_with_mounts(self.mounts, add_tmp_variable=False)
           ^^^^^^^^^^^^^^^^^^^^^^^^^^^^^^^^^^^^^^^^^^^^^^^^^^^^^^^^^^^^^^^^
  File "/home/airflow/.local/lib/python3.12/site-packages/airflow/providers/docker/operators/docker.py", line 444, in _run_image_with_mounts
    raise DockerContainerFailedException(f"Docker container failed: {result!r}", logs=log_lines)
airflow.providers.docker.exceptions.DockerContainerFailedException: Docker container failed: {'StatusCode': 1}
[2024-06-26T19:42:02.063+0000] {taskinstance.py:1206} INFO - Marking task as FAILED. dag_id=Stage_1, task_id=run_bronze_job, run_id=manual__2024-06-26T19:41:27.108396+00:00, execution_date=20240626T194127, start_date=20240626T194134, end_date=20240626T194202
[2024-06-26T19:42:02.090+0000] {standard_task_runner.py:110} ERROR - Failed to execute job 90 for task run_bronze_job (Docker container failed: {'StatusCode': 1}; 571)
[2024-06-26T19:42:02.107+0000] {local_task_job_runner.py:240} INFO - Task exited with return code 1
[2024-06-26T19:42:02.144+0000] {taskinstance.py:3498} INFO - 0 downstream tasks scheduled from follow-on schedule check
[2024-06-26T19:42:02.155+0000] {local_task_job_runner.py:222} INFO - ::endgroup::
