[2024-06-25T11:42:54.276+0000] {local_task_job_runner.py:120} INFO - ::group::Pre task execution logs
[2024-06-25T11:42:54.311+0000] {taskinstance.py:2076} INFO - Dependencies all met for dep_context=non-requeueable deps ti=<TaskInstance: Stage_1.run_bronze_job manual__2024-06-25T11:42:48.250480+00:00 [queued]>
[2024-06-25T11:42:54.322+0000] {taskinstance.py:2076} INFO - Dependencies all met for dep_context=requeueable deps ti=<TaskInstance: Stage_1.run_bronze_job manual__2024-06-25T11:42:48.250480+00:00 [queued]>
[2024-06-25T11:42:54.322+0000] {taskinstance.py:2306} INFO - Starting attempt 1 of 1
[2024-06-25T11:42:54.336+0000] {taskinstance.py:2330} INFO - Executing <Task(DockerOperator): run_bronze_job> on 2024-06-25 11:42:48.250480+00:00
[2024-06-25T11:42:54.343+0000] {logging_mixin.py:188} WARNING - /home/***/.local/lib/python3.12/site-packages/***/task/task_runner/standard_task_runner.py:61 DeprecationWarning: This process (pid=1037) is multi-threaded, use of fork() may lead to deadlocks in the child.
[2024-06-25T11:42:54.344+0000] {standard_task_runner.py:63} INFO - Started process 1038 to run task
[2024-06-25T11:42:54.343+0000] {standard_task_runner.py:90} INFO - Running: ['***', 'tasks', 'run', 'Stage_1', 'run_bronze_job', 'manual__2024-06-25T11:42:48.250480+00:00', '--job-id', '69', '--raw', '--subdir', 'DAGS_FOLDER/kafka_dag.py', '--cfg-path', '/tmp/tmpxg4acoei']
[2024-06-25T11:42:54.345+0000] {standard_task_runner.py:91} INFO - Job 69: Subtask run_bronze_job
[2024-06-25T11:42:54.360+0000] {logging_mixin.py:188} WARNING - /home/***/.local/lib/python3.12/site-packages/***/settings.py:195 DeprecationWarning: The sql_alchemy_conn option in [core] has been moved to the sql_alchemy_conn option in [database] - the old setting has been used, but please update your config.
[2024-06-25T11:42:54.391+0000] {task_command.py:426} INFO - Running <TaskInstance: Stage_1.run_bronze_job manual__2024-06-25T11:42:48.250480+00:00 [running]> on host 0b2aef5f9e3a
[2024-06-25T11:42:54.493+0000] {taskinstance.py:2648} INFO - Exporting env vars: AIRFLOW_CTX_DAG_OWNER='***' AIRFLOW_CTX_DAG_ID='Stage_1' AIRFLOW_CTX_TASK_ID='run_bronze_job' AIRFLOW_CTX_EXECUTION_DATE='2024-06-25T11:42:48.250480+00:00' AIRFLOW_CTX_TRY_NUMBER='1' AIRFLOW_CTX_DAG_RUN_ID='manual__2024-06-25T11:42:48.250480+00:00'
[2024-06-25T11:42:54.494+0000] {taskinstance.py:430} INFO - ::endgroup::
[2024-06-25T11:42:54.526+0000] {docker.py:366} INFO - Starting docker container from image bitnami/spark:latest
[2024-06-25T11:42:54.529+0000] {docker.py:374} WARNING - Using remote engine or docker-in-docker and mounting temporary volume from host is not supported. Falling back to `mount_tmp_dir=False` mode. You can set `mount_tmp_dir` parameter to False to disable mounting and remove the warning
[2024-06-25T11:42:54.983+0000] {docker.py:436} INFO - [38;5;6mspark [38;5;5m11:42:54.98 [0m[38;5;2mINFO [0m ==>
[2024-06-25T11:42:54.985+0000] {docker.py:436} INFO - [38;5;6mspark [38;5;5m11:42:54.98 [0m[38;5;2mINFO [0m ==> [1mWelcome to the Bitnami spark container[0m
[2024-06-25T11:42:54.987+0000] {docker.py:436} INFO - [38;5;6mspark [38;5;5m11:42:54.98 [0m[38;5;2mINFO [0m ==> Subscribe to project updates by watching [1mhttps://github.com/bitnami/containers[0m
[2024-06-25T11:42:54.988+0000] {docker.py:436} INFO - [38;5;6mspark [38;5;5m11:42:54.98 [0m[38;5;2mINFO [0m ==> Submit issues and feature requests at [1mhttps://github.com/bitnami/containers/issues[0m
[2024-06-25T11:42:54.990+0000] {docker.py:436} INFO - [38;5;6mspark [38;5;5m11:42:54.98 [0m[38;5;2mINFO [0m ==> Upgrade to Tanzu Application Catalog for production environments to access custom-configured and pre-packaged software components. Gain enhanced features, including Software Bill of Materials (SBOM), CVE scan result reports, and VEX documents. To learn more, visit [1mhttps://bitnami.com/enterprise[0m
[2024-06-25T11:42:54.991+0000] {docker.py:436} INFO - [38;5;6mspark [38;5;5m11:42:54.99 [0m[38;5;2mINFO [0m ==>
[2024-06-25T11:42:54.998+0000] {docker.py:436} INFO - 
[2024-06-25T11:42:57.569+0000] {docker.py:436} INFO - :: loading settings :: url = jar:file:/opt/bitnami/spark/jars/ivy-2.5.1.jar!/org/apache/ivy/core/settings/ivysettings.xml
[2024-06-25T11:42:57.677+0000] {docker.py:436} INFO - Ivy Default Cache set to: /opt/bitnami/spark/.ivy2/cache
The jars for the packages stored in: /opt/bitnami/spark/.ivy2/jars
[2024-06-25T11:42:57.685+0000] {docker.py:436} INFO - org.apache.spark#spark-sql-kafka-0-10_2.12 added as a dependency
[2024-06-25T11:42:57.687+0000] {docker.py:436} INFO - :: resolving dependencies :: org.apache.spark#spark-submit-parent-1bc53ce7-d425-477e-8e72-e4bc41f1a480;1.0
[2024-06-25T11:42:57.688+0000] {docker.py:436} INFO - confs: [default]
[2024-06-25T11:42:59.720+0000] {docker.py:436} INFO - found org.apache.spark#spark-sql-kafka-0-10_2.12;3.3.0 in central
[2024-06-25T11:43:00.020+0000] {docker.py:436} INFO - found org.apache.spark#spark-token-provider-kafka-0-10_2.12;3.3.0 in central
[2024-06-25T11:43:00.081+0000] {docker.py:436} INFO - found org.apache.kafka#kafka-clients;2.8.1 in central
[2024-06-25T11:43:00.142+0000] {docker.py:436} INFO - found org.lz4#lz4-java;1.8.0 in central
[2024-06-25T11:43:00.209+0000] {docker.py:436} INFO - found org.xerial.snappy#snappy-java;1.1.8.4 in central
[2024-06-25T11:43:00.556+0000] {docker.py:436} INFO - found org.slf4j#slf4j-api;1.7.32 in central
[2024-06-25T11:43:00.911+0000] {docker.py:436} INFO - found org.apache.hadoop#hadoop-client-runtime;3.3.2 in central
[2024-06-25T11:43:01.060+0000] {docker.py:436} INFO - found org.spark-project.spark#unused;1.0.0 in central
[2024-06-25T11:43:01.217+0000] {docker.py:436} INFO - found org.apache.hadoop#hadoop-client-api;3.3.2 in central
[2024-06-25T11:43:01.599+0000] {docker.py:436} INFO - found commons-logging#commons-logging;1.1.3 in central
[2024-06-25T11:43:01.677+0000] {docker.py:436} INFO - found com.google.code.findbugs#jsr305;3.0.0 in central
[2024-06-25T11:43:02.704+0000] {docker.py:436} INFO - found org.apache.commons#commons-pool2;2.11.1 in central
[2024-06-25T11:43:02.747+0000] {docker.py:436} INFO - downloading https://repo1.maven.org/maven2/org/apache/spark/spark-sql-kafka-0-10_2.12/3.3.0/spark-sql-kafka-0-10_2.12-3.3.0.jar ...
[2024-06-25T11:43:02.810+0000] {docker.py:436} INFO - [SUCCESSFUL ] org.apache.spark#spark-sql-kafka-0-10_2.12;3.3.0!spark-sql-kafka-0-10_2.12.jar (77ms)
[2024-06-25T11:43:02.843+0000] {docker.py:436} INFO - downloading https://repo1.maven.org/maven2/org/apache/spark/spark-token-provider-kafka-0-10_2.12/3.3.0/spark-token-provider-kafka-0-10_2.12-3.3.0.jar ...
[2024-06-25T11:43:02.869+0000] {docker.py:436} INFO - [SUCCESSFUL ] org.apache.spark#spark-token-provider-kafka-0-10_2.12;3.3.0!spark-token-provider-kafka-0-10_2.12.jar (55ms)
[2024-06-25T11:43:02.888+0000] {docker.py:436} INFO - downloading https://repo1.maven.org/maven2/org/apache/kafka/kafka-clients/2.8.1/kafka-clients-2.8.1.jar ...
[2024-06-25T11:43:03.441+0000] {docker.py:436} INFO - [SUCCESSFUL ] org.apache.kafka#kafka-clients;2.8.1!kafka-clients.jar (569ms)
[2024-06-25T11:43:03.452+0000] {docker.py:436} INFO - downloading https://repo1.maven.org/maven2/com/google/code/findbugs/jsr305/3.0.0/jsr305-3.0.0.jar ...
[2024-06-25T11:43:03.472+0000] {docker.py:436} INFO - [SUCCESSFUL ] com.google.code.findbugs#jsr305;3.0.0!jsr305.jar (30ms)
[2024-06-25T11:43:03.483+0000] {docker.py:436} INFO - downloading https://repo1.maven.org/maven2/org/apache/commons/commons-pool2/2.11.1/commons-pool2-2.11.1.jar ...
[2024-06-25T11:43:03.506+0000] {docker.py:436} INFO - [SUCCESSFUL ] org.apache.commons#commons-pool2;2.11.1!commons-pool2.jar (32ms)
[2024-06-25T11:43:03.518+0000] {docker.py:436} INFO - downloading https://repo1.maven.org/maven2/org/spark-project/spark/unused/1.0.0/unused-1.0.0.jar ...
[2024-06-25T11:43:03.530+0000] {docker.py:436} INFO - [SUCCESSFUL ] org.spark-project.spark#unused;1.0.0!unused.jar (24ms)
[2024-06-25T11:43:03.546+0000] {docker.py:436} INFO - downloading https://repo1.maven.org/maven2/org/apache/hadoop/hadoop-client-runtime/3.3.2/hadoop-client-runtime-3.3.2.jar ...
[2024-06-25T11:43:07.092+0000] {docker.py:436} INFO - [SUCCESSFUL ] org.apache.hadoop#hadoop-client-runtime;3.3.2!hadoop-client-runtime.jar (3561ms)
[2024-06-25T11:43:07.106+0000] {docker.py:436} INFO - downloading https://repo1.maven.org/maven2/org/lz4/lz4-java/1.8.0/lz4-java-1.8.0.jar ...
[2024-06-25T11:43:07.189+0000] {docker.py:436} INFO - [SUCCESSFUL ] org.lz4#lz4-java;1.8.0!lz4-java.jar (96ms)
[2024-06-25T11:43:07.204+0000] {docker.py:436} INFO - downloading https://repo1.maven.org/maven2/org/xerial/snappy/snappy-java/1.1.8.4/snappy-java-1.1.8.4.jar ...
[2024-06-25T11:43:07.445+0000] {docker.py:436} INFO - [SUCCESSFUL ] org.xerial.snappy#snappy-java;1.1.8.4!snappy-java.jar(bundle) (254ms)
[2024-06-25T11:43:07.461+0000] {docker.py:436} INFO - downloading https://repo1.maven.org/maven2/org/slf4j/slf4j-api/1.7.32/slf4j-api-1.7.32.jar ...
[2024-06-25T11:43:07.478+0000] {docker.py:436} INFO - [SUCCESSFUL ] org.slf4j#slf4j-api;1.7.32!slf4j-api.jar (33ms)
[2024-06-25T11:43:07.490+0000] {docker.py:436} INFO - downloading https://repo1.maven.org/maven2/org/apache/hadoop/hadoop-client-api/3.3.2/hadoop-client-api-3.3.2.jar ...
[2024-06-25T11:43:09.664+0000] {docker.py:436} INFO - [SUCCESSFUL ] org.apache.hadoop#hadoop-client-api;3.3.2!hadoop-client-api.jar (2185ms)
[2024-06-25T11:43:09.674+0000] {docker.py:436} INFO - downloading https://repo1.maven.org/maven2/commons-logging/commons-logging/1.1.3/commons-logging-1.1.3.jar ...
[2024-06-25T11:43:09.732+0000] {docker.py:436} INFO - [SUCCESSFUL ] commons-logging#commons-logging;1.1.3!commons-logging.jar (66ms)
[2024-06-25T11:43:09.736+0000] {docker.py:436} INFO - :: resolution report :: resolve 5042ms :: artifacts dl 7003ms
[2024-06-25T11:43:09.736+0000] {docker.py:436} INFO - :: modules in use:
[2024-06-25T11:43:09.737+0000] {docker.py:436} INFO - com.google.code.findbugs#jsr305;3.0.0 from central in [default]
[2024-06-25T11:43:09.738+0000] {docker.py:436} INFO - commons-logging#commons-logging;1.1.3 from central in [default]
[2024-06-25T11:43:09.738+0000] {docker.py:436} INFO - org.apache.commons#commons-pool2;2.11.1 from central in [default]
[2024-06-25T11:43:09.739+0000] {docker.py:436} INFO - org.apache.hadoop#hadoop-client-api;3.3.2 from central in [default]
	org.apache.hadoop#hadoop-client-runtime;3.3.2 from central in [default]
	org.apache.kafka#kafka-clients;2.8.1 from central in [default]
	org.apache.spark#spark-sql-kafka-0-10_2.12;3.3.0 from central in [default]
	org.apache.spark#spark-token-provider-kafka-0-10_2.12;3.3.0 from central in [default]
	org.lz4#lz4-java;1.8.0 from central in [default]
	org.slf4j#slf4j-api;1.7.32 from central in [default]
[2024-06-25T11:43:09.739+0000] {docker.py:436} INFO - org.spark-project.spark#unused;1.0.0 from central in [default]
[2024-06-25T11:43:09.740+0000] {docker.py:436} INFO - org.xerial.snappy#snappy-java;1.1.8.4 from central in [default]
[2024-06-25T11:43:09.740+0000] {docker.py:436} INFO - ---------------------------------------------------------------------
[2024-06-25T11:43:09.740+0000] {docker.py:436} INFO - |                  |            modules            ||   artifacts   |
[2024-06-25T11:43:09.741+0000] {docker.py:436} INFO - |       conf       | number| search|dwnlded|evicted|| number|dwnlded|
[2024-06-25T11:43:09.741+0000] {docker.py:436} INFO - ---------------------------------------------------------------------
[2024-06-25T11:43:09.742+0000] {docker.py:436} INFO - |      default     |   12  |   12  |   12  |   0   ||   12  |   12  |
[2024-06-25T11:43:09.742+0000] {docker.py:436} INFO - ---------------------------------------------------------------------
[2024-06-25T11:43:09.745+0000] {docker.py:436} INFO - :: retrieving :: org.apache.spark#spark-submit-parent-1bc53ce7-d425-477e-8e72-e4bc41f1a480
[2024-06-25T11:43:09.745+0000] {docker.py:436} INFO - confs: [default]
[2024-06-25T11:43:09.827+0000] {docker.py:436} INFO - 12 artifacts copied, 0 already retrieved (56631kB/82ms)
[2024-06-25T11:43:10.143+0000] {docker.py:436} INFO - 24/06/25 11:43:10 WARN NativeCodeLoader: Unable to load native-hadoop library for your platform... using builtin-java classes where applicable
[2024-06-25T11:43:11.870+0000] {docker.py:436} INFO - 24/06/25 11:43:11 INFO SparkContext: Running Spark version 3.5.1
[2024-06-25T11:43:11.871+0000] {docker.py:436} INFO - 24/06/25 11:43:11 INFO SparkContext: OS info Linux, 6.5.0-41-generic, amd64
[2024-06-25T11:43:11.872+0000] {docker.py:436} INFO - 24/06/25 11:43:11 INFO SparkContext: Java version 17.0.11
[2024-06-25T11:43:11.902+0000] {docker.py:436} INFO - 24/06/25 11:43:11 INFO ResourceUtils: ==============================================================
[2024-06-25T11:43:11.902+0000] {docker.py:436} INFO - 24/06/25 11:43:11 INFO ResourceUtils: No custom resources configured for spark.driver.
[2024-06-25T11:43:11.903+0000] {docker.py:436} INFO - 24/06/25 11:43:11 INFO ResourceUtils: ==============================================================
[2024-06-25T11:43:11.904+0000] {docker.py:436} INFO - 24/06/25 11:43:11 INFO SparkContext: Submitted application: PostgreSQL Connection with PySpark
[2024-06-25T11:43:11.933+0000] {docker.py:436} INFO - 24/06/25 11:43:11 INFO ResourceProfile: Default ResourceProfile created, executor resources: Map(cores -> name: cores, amount: 1, script: , vendor: , memory -> name: memory, amount: 1024, script: , vendor: , offHeap -> name: offHeap, amount: 0, script: , vendor: ), task resources: Map(cpus -> name: cpus, amount: 1.0)
[2024-06-25T11:43:11.943+0000] {docker.py:436} INFO - 24/06/25 11:43:11 INFO ResourceProfile: Limiting resource is cpu
[2024-06-25T11:43:11.944+0000] {docker.py:436} INFO - 24/06/25 11:43:11 INFO ResourceProfileManager: Added ResourceProfile id: 0
[2024-06-25T11:43:12.008+0000] {docker.py:436} INFO - 24/06/25 11:43:12 INFO SecurityManager: Changing view acls to: spark
[2024-06-25T11:43:12.009+0000] {docker.py:436} INFO - 24/06/25 11:43:12 INFO SecurityManager: Changing modify acls to: spark
[2024-06-25T11:43:12.010+0000] {docker.py:436} INFO - 24/06/25 11:43:12 INFO SecurityManager: Changing view acls groups to:
[2024-06-25T11:43:12.011+0000] {docker.py:436} INFO - 24/06/25 11:43:12 INFO SecurityManager: Changing modify acls groups to:
[2024-06-25T11:43:12.012+0000] {docker.py:436} INFO - 24/06/25 11:43:12 INFO SecurityManager: SecurityManager: authentication disabled; ui acls disabled; users with view permissions: spark; groups with view permissions: EMPTY; users with modify permissions: spark; groups with modify permissions: EMPTY
[2024-06-25T11:43:12.300+0000] {docker.py:436} INFO - 24/06/25 11:43:12 INFO Utils: Successfully started service 'sparkDriver' on port 40487.
[2024-06-25T11:43:12.336+0000] {docker.py:436} INFO - 24/06/25 11:43:12 INFO SparkEnv: Registering MapOutputTracker
[2024-06-25T11:43:12.376+0000] {docker.py:436} INFO - 24/06/25 11:43:12 INFO SparkEnv: Registering BlockManagerMaster
[2024-06-25T11:43:12.402+0000] {docker.py:436} INFO - 24/06/25 11:43:12 INFO BlockManagerMasterEndpoint: Using org.apache.spark.storage.DefaultTopologyMapper for getting topology information
[2024-06-25T11:43:12.403+0000] {docker.py:436} INFO - 24/06/25 11:43:12 INFO BlockManagerMasterEndpoint: BlockManagerMasterEndpoint up
[2024-06-25T11:43:12.407+0000] {docker.py:436} INFO - 24/06/25 11:43:12 INFO SparkEnv: Registering BlockManagerMasterHeartbeat
[2024-06-25T11:43:12.428+0000] {docker.py:436} INFO - 24/06/25 11:43:12 INFO DiskBlockManager: Created local directory at /tmp/blockmgr-02d2824a-6d7e-4435-8950-9b0499434457
[2024-06-25T11:43:12.444+0000] {docker.py:436} INFO - 24/06/25 11:43:12 INFO MemoryStore: MemoryStore started with capacity 434.4 MiB
[2024-06-25T11:43:12.461+0000] {docker.py:436} INFO - 24/06/25 11:43:12 INFO SparkEnv: Registering OutputCommitCoordinator
[2024-06-25T11:43:12.596+0000] {docker.py:436} INFO - 24/06/25 11:43:12 INFO JettyUtils: Start Jetty 0.0.0.0:4040 for SparkUI
[2024-06-25T11:43:12.678+0000] {docker.py:436} INFO - 24/06/25 11:43:12 INFO Utils: Successfully started service 'SparkUI' on port 4040.
[2024-06-25T11:43:12.746+0000] {docker.py:436} INFO - 24/06/25 11:43:12 INFO SparkContext: Added JAR file:///opt/bitnami/spark/.ivy2/jars/org.apache.spark_spark-sql-kafka-0-10_2.12-3.3.0.jar at spark://localhost:40487/jars/org.apache.spark_spark-sql-kafka-0-10_2.12-3.3.0.jar with timestamp 1719315791861
[2024-06-25T11:43:12.746+0000] {docker.py:436} INFO - 24/06/25 11:43:12 INFO SparkContext: Added JAR file:///opt/bitnami/spark/.ivy2/jars/org.apache.spark_spark-token-provider-kafka-0-10_2.12-3.3.0.jar at spark://localhost:40487/jars/org.apache.spark_spark-token-provider-kafka-0-10_2.12-3.3.0.jar with timestamp 1719315791861
[2024-06-25T11:43:12.747+0000] {docker.py:436} INFO - 24/06/25 11:43:12 INFO SparkContext: Added JAR file:///opt/bitnami/spark/.ivy2/jars/org.apache.kafka_kafka-clients-2.8.1.jar at spark://localhost:40487/jars/org.apache.kafka_kafka-clients-2.8.1.jar with timestamp 1719315791861
[2024-06-25T11:43:12.747+0000] {docker.py:436} INFO - 24/06/25 11:43:12 INFO SparkContext: Added JAR file:///opt/bitnami/spark/.ivy2/jars/com.google.code.findbugs_jsr305-3.0.0.jar at spark://localhost:40487/jars/com.google.code.findbugs_jsr305-3.0.0.jar with timestamp 1719315791861
[2024-06-25T11:43:12.748+0000] {docker.py:436} INFO - 24/06/25 11:43:12 INFO SparkContext: Added JAR file:///opt/bitnami/spark/.ivy2/jars/org.apache.commons_commons-pool2-2.11.1.jar at spark://localhost:40487/jars/org.apache.commons_commons-pool2-2.11.1.jar with timestamp 1719315791861
[2024-06-25T11:43:12.748+0000] {docker.py:436} INFO - 24/06/25 11:43:12 INFO SparkContext: Added JAR file:///opt/bitnami/spark/.ivy2/jars/org.spark-project.spark_unused-1.0.0.jar at spark://localhost:40487/jars/org.spark-project.spark_unused-1.0.0.jar with timestamp 1719315791861
[2024-06-25T11:43:12.749+0000] {docker.py:436} INFO - 24/06/25 11:43:12 INFO SparkContext: Added JAR file:///opt/bitnami/spark/.ivy2/jars/org.apache.hadoop_hadoop-client-runtime-3.3.2.jar at spark://localhost:40487/jars/org.apache.hadoop_hadoop-client-runtime-3.3.2.jar with timestamp 1719315791861
[2024-06-25T11:43:12.749+0000] {docker.py:436} INFO - 24/06/25 11:43:12 INFO SparkContext: Added JAR file:///opt/bitnami/spark/.ivy2/jars/org.lz4_lz4-java-1.8.0.jar at spark://localhost:40487/jars/org.lz4_lz4-java-1.8.0.jar with timestamp 1719315791861
[2024-06-25T11:43:12.750+0000] {docker.py:436} INFO - 24/06/25 11:43:12 INFO SparkContext: Added JAR file:///opt/bitnami/spark/.ivy2/jars/org.xerial.snappy_snappy-java-1.1.8.4.jar at spark://localhost:40487/jars/org.xerial.snappy_snappy-java-1.1.8.4.jar with timestamp 1719315791861
[2024-06-25T11:43:12.750+0000] {docker.py:436} INFO - 24/06/25 11:43:12 INFO SparkContext: Added JAR file:///opt/bitnami/spark/.ivy2/jars/org.slf4j_slf4j-api-1.7.32.jar at spark://localhost:40487/jars/org.slf4j_slf4j-api-1.7.32.jar with timestamp 1719315791861
[2024-06-25T11:43:12.751+0000] {docker.py:436} INFO - 24/06/25 11:43:12 INFO SparkContext: Added JAR file:///opt/bitnami/spark/.ivy2/jars/org.apache.hadoop_hadoop-client-api-3.3.2.jar at spark://localhost:40487/jars/org.apache.hadoop_hadoop-client-api-3.3.2.jar with timestamp 1719315791861
[2024-06-25T11:43:12.751+0000] {docker.py:436} INFO - 24/06/25 11:43:12 INFO SparkContext: Added JAR file:///opt/bitnami/spark/.ivy2/jars/commons-logging_commons-logging-1.1.3.jar at spark://localhost:40487/jars/commons-logging_commons-logging-1.1.3.jar with timestamp 1719315791861
[2024-06-25T11:43:12.770+0000] {docker.py:436} INFO - 24/06/25 11:43:12 INFO SparkContext: Added file file:///opt/bitnami/spark/.ivy2/jars/org.apache.spark_spark-sql-kafka-0-10_2.12-3.3.0.jar at file:///opt/bitnami/spark/.ivy2/jars/org.apache.spark_spark-sql-kafka-0-10_2.12-3.3.0.jar with timestamp 1719315791861
[2024-06-25T11:43:12.785+0000] {docker.py:436} INFO - 24/06/25 11:43:12 INFO Utils: Copying /opt/bitnami/spark/.ivy2/jars/org.apache.spark_spark-sql-kafka-0-10_2.12-3.3.0.jar to /tmp/spark-ad698c36-b93b-482b-ab39-88ce848d93d9/userFiles-b006864e-c903-4b21-a2c9-30f64acd40eb/org.apache.spark_spark-sql-kafka-0-10_2.12-3.3.0.jar
[2024-06-25T11:43:12.814+0000] {docker.py:436} INFO - 24/06/25 11:43:12 INFO SparkContext: Added file file:///opt/bitnami/spark/.ivy2/jars/org.apache.spark_spark-token-provider-kafka-0-10_2.12-3.3.0.jar at file:///opt/bitnami/spark/.ivy2/jars/org.apache.spark_spark-token-provider-kafka-0-10_2.12-3.3.0.jar with timestamp 1719315791861
[2024-06-25T11:43:12.815+0000] {docker.py:436} INFO - 24/06/25 11:43:12 INFO Utils: Copying /opt/bitnami/spark/.ivy2/jars/org.apache.spark_spark-token-provider-kafka-0-10_2.12-3.3.0.jar to /tmp/spark-ad698c36-b93b-482b-ab39-88ce848d93d9/userFiles-b006864e-c903-4b21-a2c9-30f64acd40eb/org.apache.spark_spark-token-provider-kafka-0-10_2.12-3.3.0.jar
[2024-06-25T11:43:12.824+0000] {docker.py:436} INFO - 24/06/25 11:43:12 INFO SparkContext: Added file file:///opt/bitnami/spark/.ivy2/jars/org.apache.kafka_kafka-clients-2.8.1.jar at file:///opt/bitnami/spark/.ivy2/jars/org.apache.kafka_kafka-clients-2.8.1.jar with timestamp 1719315791861
[2024-06-25T11:43:12.824+0000] {docker.py:436} INFO - 24/06/25 11:43:12 INFO Utils: Copying /opt/bitnami/spark/.ivy2/jars/org.apache.kafka_kafka-clients-2.8.1.jar to /tmp/spark-ad698c36-b93b-482b-ab39-88ce848d93d9/userFiles-b006864e-c903-4b21-a2c9-30f64acd40eb/org.apache.kafka_kafka-clients-2.8.1.jar
[2024-06-25T11:43:12.837+0000] {docker.py:436} INFO - 24/06/25 11:43:12 INFO SparkContext: Added file file:///opt/bitnami/spark/.ivy2/jars/com.google.code.findbugs_jsr305-3.0.0.jar at file:///opt/bitnami/spark/.ivy2/jars/com.google.code.findbugs_jsr305-3.0.0.jar with timestamp 1719315791861
[2024-06-25T11:43:12.838+0000] {docker.py:436} INFO - 24/06/25 11:43:12 INFO Utils: Copying /opt/bitnami/spark/.ivy2/jars/com.google.code.findbugs_jsr305-3.0.0.jar to /tmp/spark-ad698c36-b93b-482b-ab39-88ce848d93d9/userFiles-b006864e-c903-4b21-a2c9-30f64acd40eb/com.google.code.findbugs_jsr305-3.0.0.jar
[2024-06-25T11:43:12.845+0000] {docker.py:436} INFO - 24/06/25 11:43:12 INFO SparkContext: Added file file:///opt/bitnami/spark/.ivy2/jars/org.apache.commons_commons-pool2-2.11.1.jar at file:///opt/bitnami/spark/.ivy2/jars/org.apache.commons_commons-pool2-2.11.1.jar with timestamp 1719315791861
[2024-06-25T11:43:12.846+0000] {docker.py:436} INFO - 24/06/25 11:43:12 INFO Utils: Copying /opt/bitnami/spark/.ivy2/jars/org.apache.commons_commons-pool2-2.11.1.jar to /tmp/spark-ad698c36-b93b-482b-ab39-88ce848d93d9/userFiles-b006864e-c903-4b21-a2c9-30f64acd40eb/org.apache.commons_commons-pool2-2.11.1.jar
[2024-06-25T11:43:12.852+0000] {docker.py:436} INFO - 24/06/25 11:43:12 INFO SparkContext: Added file file:///opt/bitnami/spark/.ivy2/jars/org.spark-project.spark_unused-1.0.0.jar at file:///opt/bitnami/spark/.ivy2/jars/org.spark-project.spark_unused-1.0.0.jar with timestamp 1719315791861
[2024-06-25T11:43:12.854+0000] {docker.py:436} INFO - 24/06/25 11:43:12 INFO Utils: Copying /opt/bitnami/spark/.ivy2/jars/org.spark-project.spark_unused-1.0.0.jar to /tmp/spark-ad698c36-b93b-482b-ab39-88ce848d93d9/userFiles-b006864e-c903-4b21-a2c9-30f64acd40eb/org.spark-project.spark_unused-1.0.0.jar
[2024-06-25T11:43:12.860+0000] {docker.py:436} INFO - 24/06/25 11:43:12 INFO SparkContext: Added file file:///opt/bitnami/spark/.ivy2/jars/org.apache.hadoop_hadoop-client-runtime-3.3.2.jar at file:///opt/bitnami/spark/.ivy2/jars/org.apache.hadoop_hadoop-client-runtime-3.3.2.jar with timestamp 1719315791861
24/06/25 11:43:12 INFO Utils: Copying /opt/bitnami/spark/.ivy2/jars/org.apache.hadoop_hadoop-client-runtime-3.3.2.jar to /tmp/spark-ad698c36-b93b-482b-ab39-88ce848d93d9/userFiles-b006864e-c903-4b21-a2c9-30f64acd40eb/org.apache.hadoop_hadoop-client-runtime-3.3.2.jar
[2024-06-25T11:43:12.888+0000] {docker.py:436} INFO - 24/06/25 11:43:12 INFO SparkContext: Added file file:///opt/bitnami/spark/.ivy2/jars/org.lz4_lz4-java-1.8.0.jar at file:///opt/bitnami/spark/.ivy2/jars/org.lz4_lz4-java-1.8.0.jar with timestamp 1719315791861
[2024-06-25T11:43:12.888+0000] {docker.py:436} INFO - 24/06/25 11:43:12 INFO Utils: Copying /opt/bitnami/spark/.ivy2/jars/org.lz4_lz4-java-1.8.0.jar to /tmp/spark-ad698c36-b93b-482b-ab39-88ce848d93d9/userFiles-b006864e-c903-4b21-a2c9-30f64acd40eb/org.lz4_lz4-java-1.8.0.jar
[2024-06-25T11:43:12.894+0000] {docker.py:436} INFO - 24/06/25 11:43:12 INFO SparkContext: Added file file:///opt/bitnami/spark/.ivy2/jars/org.xerial.snappy_snappy-java-1.1.8.4.jar at file:///opt/bitnami/spark/.ivy2/jars/org.xerial.snappy_snappy-java-1.1.8.4.jar with timestamp 1719315791861
24/06/25 11:43:12 INFO Utils: Copying /opt/bitnami/spark/.ivy2/jars/org.xerial.snappy_snappy-java-1.1.8.4.jar to /tmp/spark-ad698c36-b93b-482b-ab39-88ce848d93d9/userFiles-b006864e-c903-4b21-a2c9-30f64acd40eb/org.xerial.snappy_snappy-java-1.1.8.4.jar
[2024-06-25T11:43:12.900+0000] {docker.py:436} INFO - 24/06/25 11:43:12 INFO SparkContext: Added file file:///opt/bitnami/spark/.ivy2/jars/org.slf4j_slf4j-api-1.7.32.jar at file:///opt/bitnami/spark/.ivy2/jars/org.slf4j_slf4j-api-1.7.32.jar with timestamp 1719315791861
[2024-06-25T11:43:12.901+0000] {docker.py:436} INFO - 24/06/25 11:43:12 INFO Utils: Copying /opt/bitnami/spark/.ivy2/jars/org.slf4j_slf4j-api-1.7.32.jar to /tmp/spark-ad698c36-b93b-482b-ab39-88ce848d93d9/userFiles-b006864e-c903-4b21-a2c9-30f64acd40eb/org.slf4j_slf4j-api-1.7.32.jar
[2024-06-25T11:43:12.905+0000] {docker.py:436} INFO - 24/06/25 11:43:12 INFO SparkContext: Added file file:///opt/bitnami/spark/.ivy2/jars/org.apache.hadoop_hadoop-client-api-3.3.2.jar at file:///opt/bitnami/spark/.ivy2/jars/org.apache.hadoop_hadoop-client-api-3.3.2.jar with timestamp 1719315791861
[2024-06-25T11:43:12.905+0000] {docker.py:436} INFO - 24/06/25 11:43:12 INFO Utils: Copying /opt/bitnami/spark/.ivy2/jars/org.apache.hadoop_hadoop-client-api-3.3.2.jar to /tmp/spark-ad698c36-b93b-482b-ab39-88ce848d93d9/userFiles-b006864e-c903-4b21-a2c9-30f64acd40eb/org.apache.hadoop_hadoop-client-api-3.3.2.jar
[2024-06-25T11:43:12.927+0000] {docker.py:436} INFO - 24/06/25 11:43:12 INFO SparkContext: Added file file:///opt/bitnami/spark/.ivy2/jars/commons-logging_commons-logging-1.1.3.jar at file:///opt/bitnami/spark/.ivy2/jars/commons-logging_commons-logging-1.1.3.jar with timestamp 1719315791861
[2024-06-25T11:43:12.928+0000] {docker.py:436} INFO - 24/06/25 11:43:12 INFO Utils: Copying /opt/bitnami/spark/.ivy2/jars/commons-logging_commons-logging-1.1.3.jar to /tmp/spark-ad698c36-b93b-482b-ab39-88ce848d93d9/userFiles-b006864e-c903-4b21-a2c9-30f64acd40eb/commons-logging_commons-logging-1.1.3.jar
[2024-06-25T11:43:13.011+0000] {docker.py:436} INFO - 24/06/25 11:43:13 INFO Executor: Starting executor ID driver on host localhost
[2024-06-25T11:43:13.011+0000] {docker.py:436} INFO - 24/06/25 11:43:13 INFO Executor: OS info Linux, 6.5.0-41-generic, amd64
[2024-06-25T11:43:13.012+0000] {docker.py:436} INFO - 24/06/25 11:43:13 INFO Executor: Java version 17.0.11
[2024-06-25T11:43:13.019+0000] {docker.py:436} INFO - 24/06/25 11:43:13 INFO Executor: Starting executor with user classpath (userClassPathFirst = false): ''
[2024-06-25T11:43:13.020+0000] {docker.py:436} INFO - 24/06/25 11:43:13 INFO Executor: Created or updated repl class loader org.apache.spark.util.MutableURLClassLoader@4699dda4 for default.
[2024-06-25T11:43:13.032+0000] {docker.py:436} INFO - 24/06/25 11:43:13 INFO Executor: Fetching file:///opt/bitnami/spark/.ivy2/jars/org.apache.hadoop_hadoop-client-api-3.3.2.jar with timestamp 1719315791861
[2024-06-25T11:43:13.081+0000] {docker.py:436} INFO - 24/06/25 11:43:13 INFO Utils: /opt/bitnami/spark/.ivy2/jars/org.apache.hadoop_hadoop-client-api-3.3.2.jar has been previously copied to /tmp/spark-ad698c36-b93b-482b-ab39-88ce848d93d9/userFiles-b006864e-c903-4b21-a2c9-30f64acd40eb/org.apache.hadoop_hadoop-client-api-3.3.2.jar
[2024-06-25T11:43:13.085+0000] {docker.py:436} INFO - 24/06/25 11:43:13 INFO Executor: Fetching file:///opt/bitnami/spark/.ivy2/jars/org.xerial.snappy_snappy-java-1.1.8.4.jar with timestamp 1719315791861
[2024-06-25T11:43:13.089+0000] {docker.py:436} INFO - 24/06/25 11:43:13 INFO Utils: /opt/bitnami/spark/.ivy2/jars/org.xerial.snappy_snappy-java-1.1.8.4.jar has been previously copied to /tmp/spark-ad698c36-b93b-482b-ab39-88ce848d93d9/userFiles-b006864e-c903-4b21-a2c9-30f64acd40eb/org.xerial.snappy_snappy-java-1.1.8.4.jar
[2024-06-25T11:43:13.092+0000] {docker.py:436} INFO - 24/06/25 11:43:13 INFO Executor: Fetching file:///opt/bitnami/spark/.ivy2/jars/org.apache.hadoop_hadoop-client-runtime-3.3.2.jar with timestamp 1719315791861
[2024-06-25T11:43:13.131+0000] {docker.py:436} INFO - 24/06/25 11:43:13 INFO Utils: /opt/bitnami/spark/.ivy2/jars/org.apache.hadoop_hadoop-client-runtime-3.3.2.jar has been previously copied to /tmp/spark-ad698c36-b93b-482b-ab39-88ce848d93d9/userFiles-b006864e-c903-4b21-a2c9-30f64acd40eb/org.apache.hadoop_hadoop-client-runtime-3.3.2.jar
[2024-06-25T11:43:13.146+0000] {docker.py:436} INFO - 24/06/25 11:43:13 INFO Executor: Fetching file:///opt/bitnami/spark/.ivy2/jars/org.apache.commons_commons-pool2-2.11.1.jar with timestamp 1719315791861
[2024-06-25T11:43:13.147+0000] {docker.py:436} INFO - 24/06/25 11:43:13 INFO Utils: /opt/bitnami/spark/.ivy2/jars/org.apache.commons_commons-pool2-2.11.1.jar has been previously copied to /tmp/spark-ad698c36-b93b-482b-ab39-88ce848d93d9/userFiles-b006864e-c903-4b21-a2c9-30f64acd40eb/org.apache.commons_commons-pool2-2.11.1.jar
[2024-06-25T11:43:13.150+0000] {docker.py:436} INFO - 24/06/25 11:43:13 INFO Executor: Fetching file:///opt/bitnami/spark/.ivy2/jars/org.apache.spark_spark-token-provider-kafka-0-10_2.12-3.3.0.jar with timestamp 1719315791861
[2024-06-25T11:43:13.151+0000] {docker.py:436} INFO - 24/06/25 11:43:13 INFO Utils: /opt/bitnami/spark/.ivy2/jars/org.apache.spark_spark-token-provider-kafka-0-10_2.12-3.3.0.jar has been previously copied to /tmp/spark-ad698c36-b93b-482b-ab39-88ce848d93d9/userFiles-b006864e-c903-4b21-a2c9-30f64acd40eb/org.apache.spark_spark-token-provider-kafka-0-10_2.12-3.3.0.jar
[2024-06-25T11:43:13.155+0000] {docker.py:436} INFO - 24/06/25 11:43:13 INFO Executor: Fetching file:///opt/bitnami/spark/.ivy2/jars/org.slf4j_slf4j-api-1.7.32.jar with timestamp 1719315791861
[2024-06-25T11:43:13.156+0000] {docker.py:436} INFO - 24/06/25 11:43:13 INFO Utils: /opt/bitnami/spark/.ivy2/jars/org.slf4j_slf4j-api-1.7.32.jar has been previously copied to /tmp/spark-ad698c36-b93b-482b-ab39-88ce848d93d9/userFiles-b006864e-c903-4b21-a2c9-30f64acd40eb/org.slf4j_slf4j-api-1.7.32.jar
[2024-06-25T11:43:13.160+0000] {docker.py:436} INFO - 24/06/25 11:43:13 INFO Executor: Fetching file:///opt/bitnami/spark/.ivy2/jars/org.apache.spark_spark-sql-kafka-0-10_2.12-3.3.0.jar with timestamp 1719315791861
[2024-06-25T11:43:13.161+0000] {docker.py:436} INFO - 24/06/25 11:43:13 INFO Utils: /opt/bitnami/spark/.ivy2/jars/org.apache.spark_spark-sql-kafka-0-10_2.12-3.3.0.jar has been previously copied to /tmp/spark-ad698c36-b93b-482b-ab39-88ce848d93d9/userFiles-b006864e-c903-4b21-a2c9-30f64acd40eb/org.apache.spark_spark-sql-kafka-0-10_2.12-3.3.0.jar
[2024-06-25T11:43:13.165+0000] {docker.py:436} INFO - 24/06/25 11:43:13 INFO Executor: Fetching file:///opt/bitnami/spark/.ivy2/jars/com.google.code.findbugs_jsr305-3.0.0.jar with timestamp 1719315791861
[2024-06-25T11:43:13.166+0000] {docker.py:436} INFO - 24/06/25 11:43:13 INFO Utils: /opt/bitnami/spark/.ivy2/jars/com.google.code.findbugs_jsr305-3.0.0.jar has been previously copied to /tmp/spark-ad698c36-b93b-482b-ab39-88ce848d93d9/userFiles-b006864e-c903-4b21-a2c9-30f64acd40eb/com.google.code.findbugs_jsr305-3.0.0.jar
[2024-06-25T11:43:13.170+0000] {docker.py:436} INFO - 24/06/25 11:43:13 INFO Executor: Fetching file:///opt/bitnami/spark/.ivy2/jars/org.lz4_lz4-java-1.8.0.jar with timestamp 1719315791861
[2024-06-25T11:43:13.172+0000] {docker.py:436} INFO - 24/06/25 11:43:13 INFO Utils: /opt/bitnami/spark/.ivy2/jars/org.lz4_lz4-java-1.8.0.jar has been previously copied to /tmp/spark-ad698c36-b93b-482b-ab39-88ce848d93d9/userFiles-b006864e-c903-4b21-a2c9-30f64acd40eb/org.lz4_lz4-java-1.8.0.jar
[2024-06-25T11:43:13.176+0000] {docker.py:436} INFO - 24/06/25 11:43:13 INFO Executor: Fetching file:///opt/bitnami/spark/.ivy2/jars/commons-logging_commons-logging-1.1.3.jar with timestamp 1719315791861
[2024-06-25T11:43:13.177+0000] {docker.py:436} INFO - 24/06/25 11:43:13 INFO Utils: /opt/bitnami/spark/.ivy2/jars/commons-logging_commons-logging-1.1.3.jar has been previously copied to /tmp/spark-ad698c36-b93b-482b-ab39-88ce848d93d9/userFiles-b006864e-c903-4b21-a2c9-30f64acd40eb/commons-logging_commons-logging-1.1.3.jar
[2024-06-25T11:43:13.180+0000] {docker.py:436} INFO - 24/06/25 11:43:13 INFO Executor: Fetching file:///opt/bitnami/spark/.ivy2/jars/org.spark-project.spark_unused-1.0.0.jar with timestamp 1719315791861
[2024-06-25T11:43:13.181+0000] {docker.py:436} INFO - 24/06/25 11:43:13 INFO Utils: /opt/bitnami/spark/.ivy2/jars/org.spark-project.spark_unused-1.0.0.jar has been previously copied to /tmp/spark-ad698c36-b93b-482b-ab39-88ce848d93d9/userFiles-b006864e-c903-4b21-a2c9-30f64acd40eb/org.spark-project.spark_unused-1.0.0.jar
[2024-06-25T11:43:13.185+0000] {docker.py:436} INFO - 24/06/25 11:43:13 INFO Executor: Fetching file:///opt/bitnami/spark/.ivy2/jars/org.apache.kafka_kafka-clients-2.8.1.jar with timestamp 1719315791861
[2024-06-25T11:43:13.189+0000] {docker.py:436} INFO - 24/06/25 11:43:13 INFO Utils: /opt/bitnami/spark/.ivy2/jars/org.apache.kafka_kafka-clients-2.8.1.jar has been previously copied to /tmp/spark-ad698c36-b93b-482b-ab39-88ce848d93d9/userFiles-b006864e-c903-4b21-a2c9-30f64acd40eb/org.apache.kafka_kafka-clients-2.8.1.jar
[2024-06-25T11:43:13.196+0000] {docker.py:436} INFO - 24/06/25 11:43:13 INFO Executor: Fetching spark://localhost:40487/jars/com.google.code.findbugs_jsr305-3.0.0.jar with timestamp 1719315791861
[2024-06-25T11:43:13.237+0000] {docker.py:436} INFO - 24/06/25 11:43:13 INFO TransportClientFactory: Successfully created connection to localhost/127.0.0.1:40487 after 28 ms (0 ms spent in bootstraps)
[2024-06-25T11:43:13.244+0000] {docker.py:436} INFO - 24/06/25 11:43:13 INFO Utils: Fetching spark://localhost:40487/jars/com.google.code.findbugs_jsr305-3.0.0.jar to /tmp/spark-ad698c36-b93b-482b-ab39-88ce848d93d9/userFiles-b006864e-c903-4b21-a2c9-30f64acd40eb/fetchFileTemp1129440706907708595.tmp
[2024-06-25T11:43:13.269+0000] {docker.py:436} INFO - 24/06/25 11:43:13 INFO Utils: /tmp/spark-ad698c36-b93b-482b-ab39-88ce848d93d9/userFiles-b006864e-c903-4b21-a2c9-30f64acd40eb/fetchFileTemp1129440706907708595.tmp has been previously copied to /tmp/spark-ad698c36-b93b-482b-ab39-88ce848d93d9/userFiles-b006864e-c903-4b21-a2c9-30f64acd40eb/com.google.code.findbugs_jsr305-3.0.0.jar
[2024-06-25T11:43:13.275+0000] {docker.py:436} INFO - 24/06/25 11:43:13 INFO Executor: Adding file:/tmp/spark-ad698c36-b93b-482b-ab39-88ce848d93d9/userFiles-b006864e-c903-4b21-a2c9-30f64acd40eb/com.google.code.findbugs_jsr305-3.0.0.jar to class loader default
[2024-06-25T11:43:13.276+0000] {docker.py:436} INFO - 24/06/25 11:43:13 INFO Executor: Fetching spark://localhost:40487/jars/org.slf4j_slf4j-api-1.7.32.jar with timestamp 1719315791861
[2024-06-25T11:43:13.278+0000] {docker.py:436} INFO - 24/06/25 11:43:13 INFO Utils: Fetching spark://localhost:40487/jars/org.slf4j_slf4j-api-1.7.32.jar to /tmp/spark-ad698c36-b93b-482b-ab39-88ce848d93d9/userFiles-b006864e-c903-4b21-a2c9-30f64acd40eb/fetchFileTemp16150916847100233341.tmp
[2024-06-25T11:43:13.281+0000] {docker.py:436} INFO - 24/06/25 11:43:13 INFO Utils: /tmp/spark-ad698c36-b93b-482b-ab39-88ce848d93d9/userFiles-b006864e-c903-4b21-a2c9-30f64acd40eb/fetchFileTemp16150916847100233341.tmp has been previously copied to /tmp/spark-ad698c36-b93b-482b-ab39-88ce848d93d9/userFiles-b006864e-c903-4b21-a2c9-30f64acd40eb/org.slf4j_slf4j-api-1.7.32.jar
[2024-06-25T11:43:13.298+0000] {docker.py:436} INFO - 24/06/25 11:43:13 INFO Executor: Adding file:/tmp/spark-ad698c36-b93b-482b-ab39-88ce848d93d9/userFiles-b006864e-c903-4b21-a2c9-30f64acd40eb/org.slf4j_slf4j-api-1.7.32.jar to class loader default
[2024-06-25T11:43:13.298+0000] {docker.py:436} INFO - 24/06/25 11:43:13 INFO Executor: Fetching spark://localhost:40487/jars/org.apache.spark_spark-sql-kafka-0-10_2.12-3.3.0.jar with timestamp 1719315791861
[2024-06-25T11:43:13.299+0000] {docker.py:436} INFO - 24/06/25 11:43:13 INFO Utils: Fetching spark://localhost:40487/jars/org.apache.spark_spark-sql-kafka-0-10_2.12-3.3.0.jar to /tmp/spark-ad698c36-b93b-482b-ab39-88ce848d93d9/userFiles-b006864e-c903-4b21-a2c9-30f64acd40eb/fetchFileTemp8648195801580547766.tmp
[2024-06-25T11:43:13.303+0000] {docker.py:436} INFO - 24/06/25 11:43:13 INFO Utils: /tmp/spark-ad698c36-b93b-482b-ab39-88ce848d93d9/userFiles-b006864e-c903-4b21-a2c9-30f64acd40eb/fetchFileTemp8648195801580547766.tmp has been previously copied to /tmp/spark-ad698c36-b93b-482b-ab39-88ce848d93d9/userFiles-b006864e-c903-4b21-a2c9-30f64acd40eb/org.apache.spark_spark-sql-kafka-0-10_2.12-3.3.0.jar
[2024-06-25T11:43:13.323+0000] {docker.py:436} INFO - 24/06/25 11:43:13 INFO Executor: Adding file:/tmp/spark-ad698c36-b93b-482b-ab39-88ce848d93d9/userFiles-b006864e-c903-4b21-a2c9-30f64acd40eb/org.apache.spark_spark-sql-kafka-0-10_2.12-3.3.0.jar to class loader default
[2024-06-25T11:43:13.324+0000] {docker.py:436} INFO - 24/06/25 11:43:13 INFO Executor: Fetching spark://localhost:40487/jars/org.spark-project.spark_unused-1.0.0.jar with timestamp 1719315791861
[2024-06-25T11:43:13.325+0000] {docker.py:436} INFO - 24/06/25 11:43:13 INFO Utils: Fetching spark://localhost:40487/jars/org.spark-project.spark_unused-1.0.0.jar to /tmp/spark-ad698c36-b93b-482b-ab39-88ce848d93d9/userFiles-b006864e-c903-4b21-a2c9-30f64acd40eb/fetchFileTemp15537746543378541774.tmp
[2024-06-25T11:43:13.327+0000] {docker.py:436} INFO - 24/06/25 11:43:13 INFO Utils: /tmp/spark-ad698c36-b93b-482b-ab39-88ce848d93d9/userFiles-b006864e-c903-4b21-a2c9-30f64acd40eb/fetchFileTemp15537746543378541774.tmp has been previously copied to /tmp/spark-ad698c36-b93b-482b-ab39-88ce848d93d9/userFiles-b006864e-c903-4b21-a2c9-30f64acd40eb/org.spark-project.spark_unused-1.0.0.jar
[2024-06-25T11:43:13.334+0000] {docker.py:436} INFO - 24/06/25 11:43:13 INFO Executor: Adding file:/tmp/spark-ad698c36-b93b-482b-ab39-88ce848d93d9/userFiles-b006864e-c903-4b21-a2c9-30f64acd40eb/org.spark-project.spark_unused-1.0.0.jar to class loader default
[2024-06-25T11:43:13.334+0000] {docker.py:436} INFO - 24/06/25 11:43:13 INFO Executor: Fetching spark://localhost:40487/jars/org.apache.commons_commons-pool2-2.11.1.jar with timestamp 1719315791861
[2024-06-25T11:43:13.336+0000] {docker.py:436} INFO - 24/06/25 11:43:13 INFO Utils: Fetching spark://localhost:40487/jars/org.apache.commons_commons-pool2-2.11.1.jar to /tmp/spark-ad698c36-b93b-482b-ab39-88ce848d93d9/userFiles-b006864e-c903-4b21-a2c9-30f64acd40eb/fetchFileTemp11526829388165406803.tmp
[2024-06-25T11:43:13.338+0000] {docker.py:436} INFO - 24/06/25 11:43:13 INFO Utils: /tmp/spark-ad698c36-b93b-482b-ab39-88ce848d93d9/userFiles-b006864e-c903-4b21-a2c9-30f64acd40eb/fetchFileTemp11526829388165406803.tmp has been previously copied to /tmp/spark-ad698c36-b93b-482b-ab39-88ce848d93d9/userFiles-b006864e-c903-4b21-a2c9-30f64acd40eb/org.apache.commons_commons-pool2-2.11.1.jar
[2024-06-25T11:43:13.346+0000] {docker.py:436} INFO - 24/06/25 11:43:13 INFO Executor: Adding file:/tmp/spark-ad698c36-b93b-482b-ab39-88ce848d93d9/userFiles-b006864e-c903-4b21-a2c9-30f64acd40eb/org.apache.commons_commons-pool2-2.11.1.jar to class loader default
[2024-06-25T11:43:13.347+0000] {docker.py:436} INFO - 24/06/25 11:43:13 INFO Executor: Fetching spark://localhost:40487/jars/org.apache.hadoop_hadoop-client-runtime-3.3.2.jar with timestamp 1719315791861
[2024-06-25T11:43:13.347+0000] {docker.py:436} INFO - 24/06/25 11:43:13 INFO Utils: Fetching spark://localhost:40487/jars/org.apache.hadoop_hadoop-client-runtime-3.3.2.jar to /tmp/spark-ad698c36-b93b-482b-ab39-88ce848d93d9/userFiles-b006864e-c903-4b21-a2c9-30f64acd40eb/fetchFileTemp7431512119912476395.tmp
[2024-06-25T11:43:14.056+0000] {docker.py:436} INFO - 24/06/25 11:43:14 INFO Utils: /tmp/spark-ad698c36-b93b-482b-ab39-88ce848d93d9/userFiles-b006864e-c903-4b21-a2c9-30f64acd40eb/fetchFileTemp7431512119912476395.tmp has been previously copied to /tmp/spark-ad698c36-b93b-482b-ab39-88ce848d93d9/userFiles-b006864e-c903-4b21-a2c9-30f64acd40eb/org.apache.hadoop_hadoop-client-runtime-3.3.2.jar
[2024-06-25T11:43:14.067+0000] {docker.py:436} INFO - 24/06/25 11:43:14 INFO Executor: Adding file:/tmp/spark-ad698c36-b93b-482b-ab39-88ce848d93d9/userFiles-b006864e-c903-4b21-a2c9-30f64acd40eb/org.apache.hadoop_hadoop-client-runtime-3.3.2.jar to class loader default
[2024-06-25T11:43:14.069+0000] {docker.py:436} INFO - 24/06/25 11:43:14 INFO Executor: Fetching spark://localhost:40487/jars/org.apache.spark_spark-token-provider-kafka-0-10_2.12-3.3.0.jar with timestamp 1719315791861
[2024-06-25T11:43:14.069+0000] {docker.py:436} INFO - 24/06/25 11:43:14 INFO Utils: Fetching spark://localhost:40487/jars/org.apache.spark_spark-token-provider-kafka-0-10_2.12-3.3.0.jar to /tmp/spark-ad698c36-b93b-482b-ab39-88ce848d93d9/userFiles-b006864e-c903-4b21-a2c9-30f64acd40eb/fetchFileTemp13822522749116301404.tmp
[2024-06-25T11:43:14.070+0000] {docker.py:436} INFO - 24/06/25 11:43:14 INFO Utils: /tmp/spark-ad698c36-b93b-482b-ab39-88ce848d93d9/userFiles-b006864e-c903-4b21-a2c9-30f64acd40eb/fetchFileTemp13822522749116301404.tmp has been previously copied to /tmp/spark-ad698c36-b93b-482b-ab39-88ce848d93d9/userFiles-b006864e-c903-4b21-a2c9-30f64acd40eb/org.apache.spark_spark-token-provider-kafka-0-10_2.12-3.3.0.jar
[2024-06-25T11:43:14.074+0000] {docker.py:436} INFO - 24/06/25 11:43:14 INFO Executor: Adding file:/tmp/spark-ad698c36-b93b-482b-ab39-88ce848d93d9/userFiles-b006864e-c903-4b21-a2c9-30f64acd40eb/org.apache.spark_spark-token-provider-kafka-0-10_2.12-3.3.0.jar to class loader default
[2024-06-25T11:43:14.075+0000] {docker.py:436} INFO - 24/06/25 11:43:14 INFO Executor: Fetching spark://localhost:40487/jars/commons-logging_commons-logging-1.1.3.jar with timestamp 1719315791861
[2024-06-25T11:43:14.076+0000] {docker.py:436} INFO - 24/06/25 11:43:14 INFO Utils: Fetching spark://localhost:40487/jars/commons-logging_commons-logging-1.1.3.jar to /tmp/spark-ad698c36-b93b-482b-ab39-88ce848d93d9/userFiles-b006864e-c903-4b21-a2c9-30f64acd40eb/fetchFileTemp10294432747311117358.tmp
[2024-06-25T11:43:14.077+0000] {docker.py:436} INFO - 24/06/25 11:43:14 INFO Utils: /tmp/spark-ad698c36-b93b-482b-ab39-88ce848d93d9/userFiles-b006864e-c903-4b21-a2c9-30f64acd40eb/fetchFileTemp10294432747311117358.tmp has been previously copied to /tmp/spark-ad698c36-b93b-482b-ab39-88ce848d93d9/userFiles-b006864e-c903-4b21-a2c9-30f64acd40eb/commons-logging_commons-logging-1.1.3.jar
[2024-06-25T11:43:14.081+0000] {docker.py:436} INFO - 24/06/25 11:43:14 INFO Executor: Adding file:/tmp/spark-ad698c36-b93b-482b-ab39-88ce848d93d9/userFiles-b006864e-c903-4b21-a2c9-30f64acd40eb/commons-logging_commons-logging-1.1.3.jar to class loader default
[2024-06-25T11:43:14.082+0000] {docker.py:436} INFO - 24/06/25 11:43:14 INFO Executor: Fetching spark://localhost:40487/jars/org.xerial.snappy_snappy-java-1.1.8.4.jar with timestamp 1719315791861
[2024-06-25T11:43:14.082+0000] {docker.py:436} INFO - 24/06/25 11:43:14 INFO Utils: Fetching spark://localhost:40487/jars/org.xerial.snappy_snappy-java-1.1.8.4.jar to /tmp/spark-ad698c36-b93b-482b-ab39-88ce848d93d9/userFiles-b006864e-c903-4b21-a2c9-30f64acd40eb/fetchFileTemp3692170143114206283.tmp
[2024-06-25T11:43:14.092+0000] {docker.py:436} INFO - 24/06/25 11:43:14 INFO Utils: /tmp/spark-ad698c36-b93b-482b-ab39-88ce848d93d9/userFiles-b006864e-c903-4b21-a2c9-30f64acd40eb/fetchFileTemp3692170143114206283.tmp has been previously copied to /tmp/spark-ad698c36-b93b-482b-ab39-88ce848d93d9/userFiles-b006864e-c903-4b21-a2c9-30f64acd40eb/org.xerial.snappy_snappy-java-1.1.8.4.jar
[2024-06-25T11:43:14.102+0000] {docker.py:436} INFO - 24/06/25 11:43:14 INFO Executor: Adding file:/tmp/spark-ad698c36-b93b-482b-ab39-88ce848d93d9/userFiles-b006864e-c903-4b21-a2c9-30f64acd40eb/org.xerial.snappy_snappy-java-1.1.8.4.jar to class loader default
24/06/25 11:43:14 INFO Executor: Fetching spark://localhost:40487/jars/org.apache.hadoop_hadoop-client-api-3.3.2.jar with timestamp 1719315791861
24/06/25 11:43:14 INFO Utils: Fetching spark://localhost:40487/jars/org.apache.hadoop_hadoop-client-api-3.3.2.jar to /tmp/spark-ad698c36-b93b-482b-ab39-88ce848d93d9/userFiles-b006864e-c903-4b21-a2c9-30f64acd40eb/fetchFileTemp2927617074853380954.tmp
[2024-06-25T11:43:14.284+0000] {docker.py:436} INFO - 24/06/25 11:43:14 INFO Utils: /tmp/spark-ad698c36-b93b-482b-ab39-88ce848d93d9/userFiles-b006864e-c903-4b21-a2c9-30f64acd40eb/fetchFileTemp2927617074853380954.tmp has been previously copied to /tmp/spark-ad698c36-b93b-482b-ab39-88ce848d93d9/userFiles-b006864e-c903-4b21-a2c9-30f64acd40eb/org.apache.hadoop_hadoop-client-api-3.3.2.jar
[2024-06-25T11:43:14.291+0000] {docker.py:436} INFO - 24/06/25 11:43:14 INFO Executor: Adding file:/tmp/spark-ad698c36-b93b-482b-ab39-88ce848d93d9/userFiles-b006864e-c903-4b21-a2c9-30f64acd40eb/org.apache.hadoop_hadoop-client-api-3.3.2.jar to class loader default
[2024-06-25T11:43:14.292+0000] {docker.py:436} INFO - 24/06/25 11:43:14 INFO Executor: Fetching spark://localhost:40487/jars/org.lz4_lz4-java-1.8.0.jar with timestamp 1719315791861
[2024-06-25T11:43:14.294+0000] {docker.py:436} INFO - 24/06/25 11:43:14 INFO Utils: Fetching spark://localhost:40487/jars/org.lz4_lz4-java-1.8.0.jar to /tmp/spark-ad698c36-b93b-482b-ab39-88ce848d93d9/userFiles-b006864e-c903-4b21-a2c9-30f64acd40eb/fetchFileTemp17335197589489537472.tmp
[2024-06-25T11:43:14.299+0000] {docker.py:436} INFO - 24/06/25 11:43:14 INFO Utils: /tmp/spark-ad698c36-b93b-482b-ab39-88ce848d93d9/userFiles-b006864e-c903-4b21-a2c9-30f64acd40eb/fetchFileTemp17335197589489537472.tmp has been previously copied to /tmp/spark-ad698c36-b93b-482b-ab39-88ce848d93d9/userFiles-b006864e-c903-4b21-a2c9-30f64acd40eb/org.lz4_lz4-java-1.8.0.jar
[2024-06-25T11:43:14.303+0000] {docker.py:436} INFO - 24/06/25 11:43:14 INFO Executor: Adding file:/tmp/spark-ad698c36-b93b-482b-ab39-88ce848d93d9/userFiles-b006864e-c903-4b21-a2c9-30f64acd40eb/org.lz4_lz4-java-1.8.0.jar to class loader default
[2024-06-25T11:43:14.304+0000] {docker.py:436} INFO - 24/06/25 11:43:14 INFO Executor: Fetching spark://localhost:40487/jars/org.apache.kafka_kafka-clients-2.8.1.jar with timestamp 1719315791861
[2024-06-25T11:43:14.305+0000] {docker.py:436} INFO - 24/06/25 11:43:14 INFO Utils: Fetching spark://localhost:40487/jars/org.apache.kafka_kafka-clients-2.8.1.jar to /tmp/spark-ad698c36-b93b-482b-ab39-88ce848d93d9/userFiles-b006864e-c903-4b21-a2c9-30f64acd40eb/fetchFileTemp14098345284096419630.tmp
[2024-06-25T11:43:14.320+0000] {docker.py:436} INFO - 24/06/25 11:43:14 INFO Utils: /tmp/spark-ad698c36-b93b-482b-ab39-88ce848d93d9/userFiles-b006864e-c903-4b21-a2c9-30f64acd40eb/fetchFileTemp14098345284096419630.tmp has been previously copied to /tmp/spark-ad698c36-b93b-482b-ab39-88ce848d93d9/userFiles-b006864e-c903-4b21-a2c9-30f64acd40eb/org.apache.kafka_kafka-clients-2.8.1.jar
[2024-06-25T11:43:14.329+0000] {docker.py:436} INFO - 24/06/25 11:43:14 INFO Executor: Adding file:/tmp/spark-ad698c36-b93b-482b-ab39-88ce848d93d9/userFiles-b006864e-c903-4b21-a2c9-30f64acd40eb/org.apache.kafka_kafka-clients-2.8.1.jar to class loader default
[2024-06-25T11:43:14.338+0000] {docker.py:436} INFO - 24/06/25 11:43:14 INFO Utils: Successfully started service 'org.apache.spark.network.netty.NettyBlockTransferService' on port 35713.
[2024-06-25T11:43:14.338+0000] {docker.py:436} INFO - 24/06/25 11:43:14 INFO NettyBlockTransferService: Server created on localhost:35713
[2024-06-25T11:43:14.340+0000] {docker.py:436} INFO - 24/06/25 11:43:14 INFO BlockManager: Using org.apache.spark.storage.RandomBlockReplicationPolicy for block replication policy
[2024-06-25T11:43:14.346+0000] {docker.py:436} INFO - 24/06/25 11:43:14 INFO BlockManagerMaster: Registering BlockManager BlockManagerId(driver, localhost, 35713, None)
[2024-06-25T11:43:14.350+0000] {docker.py:436} INFO - 24/06/25 11:43:14 INFO BlockManagerMasterEndpoint: Registering block manager localhost:35713 with 434.4 MiB RAM, BlockManagerId(driver, localhost, 35713, None)
[2024-06-25T11:43:14.352+0000] {docker.py:436} INFO - 24/06/25 11:43:14 INFO BlockManagerMaster: Registered BlockManager BlockManagerId(driver, localhost, 35713, None)
[2024-06-25T11:43:14.353+0000] {docker.py:436} INFO - 24/06/25 11:43:14 INFO BlockManager: Initialized BlockManager: BlockManagerId(driver, localhost, 35713, None)
[2024-06-25T11:43:14.779+0000] {docker.py:436} INFO - 2024-06-25 11:43:14,778:create_spark_session:INFO:Spark session created successfully
[2024-06-25T11:43:14.789+0000] {docker.py:436} INFO - 24/06/25 11:43:14 INFO SharedState: Setting hive.metastore.warehouse.dir ('null') to the value of spark.sql.warehouse.dir.
[2024-06-25T11:43:14.793+0000] {docker.py:436} INFO - 24/06/25 11:43:14 INFO SharedState: Warehouse path is 'file:/opt/bitnami/spark/spark-warehouse'.
[2024-06-25T11:43:16.670+0000] {docker.py:436} INFO - 2024-06-25 11:43:16,669:create_initial_dataframe:INFO:Initial dataframe created successfully: {df.show()}
[2024-06-25T11:43:16.670+0000] {docker.py:436} INFO - StructType([StructField('item_purchased', StringType(), True), StructField('date_of_purchase', DateType(), True), StructField('cost', FloatType(), True), StructField('quantity', IntegerType(), True), StructField('purchased_by', StringType(), True), StructField('payment_method', StringType(), True)])
[2024-06-25T11:43:17.101+0000] {docker.py:436} INFO - Traceback (most recent call last):
  File "/opt/bitnami/spark/scripts/spark_bronze_layer.py", line 116, in <module>
[2024-06-25T11:43:17.101+0000] {docker.py:436} INFO - write_to_postgres()
  File "/opt/bitnami/spark/scripts/spark_bronze_layer.py", line 112, in write_to_postgres
[2024-06-25T11:43:17.102+0000] {docker.py:436} INFO - start_streaming(final_df, spark=spark)
  File "/opt/bitnami/spark/scripts/spark_bronze_layer.py", line 87, in start_streaming
[2024-06-25T11:43:17.102+0000] {docker.py:436} INFO - existing_data_df = spark.read.jdbc(
                       ^^^^^^^^^^^^^^^^
  File "/opt/bitnami/spark/python/lib/pyspark.zip/pyspark/sql/readwriter.py", line 946, in jdbc
[2024-06-25T11:43:17.103+0000] {docker.py:436} INFO - File "/opt/bitnami/spark/python/lib/py4j-0.10.9.7-src.zip/py4j/java_gateway.py", line 1322, in __call__
  File "/opt/bitnami/spark/python/lib/pyspark.zip/pyspark/errors/exceptions/captured.py", line 179, in deco
  File "/opt/bitnami/spark/python/lib/py4j-0.10.9.7-src.zip/py4j/protocol.py", line 326, in get_return_value
py4j.protocol.Py4JJavaError
[2024-06-25T11:43:17.106+0000] {docker.py:436} INFO - : An error occurred while calling o50.jdbc.
: java.lang.ClassNotFoundException: org.postgresql.Driver
	at java.base/java.net.URLClassLoader.findClass(URLClassLoader.java:445)
	at java.base/java.lang.ClassLoader.loadClass(ClassLoader.java:592)
	at java.base/java.lang.ClassLoader.loadClass(ClassLoader.java:525)
	at org.apache.spark.sql.execution.datasources.jdbc.DriverRegistry$.register(DriverRegistry.scala:46)
	at org.apache.spark.sql.execution.datasources.jdbc.JDBCOptions.$anonfun$driverClass$1(JDBCOptions.scala:103)
	at org.apache.spark.sql.execution.datasources.jdbc.JDBCOptions.$anonfun$driverClass$1$adapted(JDBCOptions.scala:103)
	at scala.Option.foreach(Option.scala:407)
	at org.apache.spark.sql.execution.datasources.jdbc.JDBCOptions.<init>(JDBCOptions.scala:103)
	at org.apache.spark.sql.execution.datasources.jdbc.JDBCOptions.<init>(JDBCOptions.scala:41)
	at org.apache.spark.sql.execution.datasources.jdbc.JdbcRelationProvider.createRelation(JdbcRelationProvider.scala:34)
	at org.apache.spark.sql.execution
[2024-06-25T11:43:17.108+0000] {docker.py:436} INFO - .datasources.DataSource.resolveRelation(DataSource.scala:346)
	at org.apache.spark.sql.DataFrameReader.loadV1Source(DataFrameReader.scala:229)
	at org.apache.spark.sql.DataFrameReader.$anonfun$load$2(DataFrameReader.scala:211)
	at scala.Option.getOrElse(Option.scala:189)
	at org.apache.spark.sql.DataFrameReader.load(DataFrameReader.scala:211)
	at org.apache.spark.sql.DataFrameReader.load(DataFrameReader.scala:172)
	at org.apache.spark.sql.DataFrameReader.jdbc(DataFrameReader.scala:249)
	at java.base/jdk.internal.reflect.NativeMethodAccessorImpl.invoke0(Native Method)
	at java.base/jdk.internal.reflect.NativeMethodAccessorImpl.invoke(NativeMethodAccessorImpl.java:77)
	at java.base/jdk.internal.reflect.DelegatingMethodAccessorImpl.invoke(DelegatingMethodAccessorImpl.java:43)
	at java.base/java.lang.reflect.Method.invoke(Method.java:568)
	at py4j.reflection.MethodInvoker.invoke(MethodInvoker.java:244)
	at py4j.reflection.ReflectionEngine.invoke(ReflectionEngine.java:374)
	at py4j.Gateway.invoke(Gateway.java:282)
[2024-06-25T11:43:17.109+0000] {docker.py:436} INFO - at py4j.commands.AbstractCommand.invokeMethod(AbstractCommand.java:132)
	at py4j.commands.CallCommand.execute(CallCommand.java:79)
	at py4j.ClientServerConnection.waitForCommands(ClientServerConnection.java:182)
	at py4j.ClientServerConnection.run(ClientServerConnection.java:106)
	at java.base/java.lang.Thread.run(Thread.java:840)

2024-06-25 11:43:17,104:close:INFO:Closing down clientserver connection
[2024-06-25T11:43:17.194+0000] {docker.py:436} INFO - 24/06/25 11:43:17 INFO SparkContext: Invoking stop() from shutdown hook
[2024-06-25T11:43:17.195+0000] {docker.py:436} INFO - 24/06/25 11:43:17 INFO SparkContext: SparkContext is stopping with exitCode 0.
[2024-06-25T11:43:17.308+0000] {docker.py:436} INFO - 24/06/25 11:43:17 INFO SparkUI: Stopped Spark web UI at http://localhost:4040
[2024-06-25T11:43:17.348+0000] {docker.py:436} INFO - 24/06/25 11:43:17 INFO MapOutputTrackerMasterEndpoint: MapOutputTrackerMasterEndpoint stopped!
[2024-06-25T11:43:17.405+0000] {docker.py:436} INFO - 24/06/25 11:43:17 INFO MemoryStore: MemoryStore cleared
[2024-06-25T11:43:17.407+0000] {docker.py:436} INFO - 24/06/25 11:43:17 INFO BlockManager: BlockManager stopped
[2024-06-25T11:43:17.416+0000] {docker.py:436} INFO - 24/06/25 11:43:17 INFO BlockManagerMaster: BlockManagerMaster stopped
[2024-06-25T11:43:17.421+0000] {docker.py:436} INFO - 24/06/25 11:43:17 INFO OutputCommitCoordinator$OutputCommitCoordinatorEndpoint: OutputCommitCoordinator stopped!
[2024-06-25T11:43:17.450+0000] {docker.py:436} INFO - 24/06/25 11:43:17 INFO SparkContext: Successfully stopped SparkContext
[2024-06-25T11:43:17.452+0000] {docker.py:436} INFO - 24/06/25 11:43:17 INFO ShutdownHookManager: Shutdown hook called
[2024-06-25T11:43:17.454+0000] {docker.py:436} INFO - 24/06/25 11:43:17 INFO ShutdownHookManager: Deleting directory /tmp/spark-ad698c36-b93b-482b-ab39-88ce848d93d9/pyspark-6edbb9c2-0c28-4b34-b905-f2360ef3f0a4
[2024-06-25T11:43:17.460+0000] {docker.py:436} INFO - 24/06/25 11:43:17 INFO ShutdownHookManager: Deleting directory /tmp/spark-37a09bc5-9216-483e-a2a9-b31e29405f6e
[2024-06-25T11:43:17.471+0000] {docker.py:436} INFO - 24/06/25 11:43:17 INFO ShutdownHookManager: Deleting directory /tmp/spark-ad698c36-b93b-482b-ab39-88ce848d93d9
[2024-06-25T11:43:17.858+0000] {taskinstance.py:441} INFO - ::group::Post task execution logs
[2024-06-25T11:43:17.882+0000] {taskinstance.py:2905} ERROR - Task failed with exception
Traceback (most recent call last):
  File "/home/airflow/.local/lib/python3.12/site-packages/docker/api/client.py", line 265, in _raise_for_status
    response.raise_for_status()
  File "/home/airflow/.local/lib/python3.12/site-packages/requests/models.py", line 1021, in raise_for_status
    raise HTTPError(http_error_msg, response=self)
requests.exceptions.HTTPError: 400 Client Error: Bad Request for url: http://docker-proxy:2375/v1.45/containers/create

The above exception was the direct cause of the following exception:

Traceback (most recent call last):
  File "/home/airflow/.local/lib/python3.12/site-packages/airflow/providers/docker/operators/docker.py", line 371, in _run_image
    return self._run_image_with_mounts([*self.mounts, tmp_mount], add_tmp_variable=True)
           ^^^^^^^^^^^^^^^^^^^^^^^^^^^^^^^^^^^^^^^^^^^^^^^^^^^^^^^^^^^^^^^^^^^^^^^^^^^^^
  File "/home/airflow/.local/lib/python3.12/site-packages/airflow/providers/docker/operators/docker.py", line 398, in _run_image_with_mounts
    self.container = self.cli.create_container(
                     ^^^^^^^^^^^^^^^^^^^^^^^^^^
  File "/home/airflow/.local/lib/python3.12/site-packages/docker/api/container.py", line 439, in create_container
    return self.create_container_from_config(config, name, platform)
           ^^^^^^^^^^^^^^^^^^^^^^^^^^^^^^^^^^^^^^^^^^^^^^^^^^^^^^^^^
  File "/home/airflow/.local/lib/python3.12/site-packages/docker/api/container.py", line 456, in create_container_from_config
    return self._result(res, True)
           ^^^^^^^^^^^^^^^^^^^^^^^
  File "/home/airflow/.local/lib/python3.12/site-packages/docker/api/client.py", line 271, in _result
    self._raise_for_status(response)
  File "/home/airflow/.local/lib/python3.12/site-packages/docker/api/client.py", line 267, in _raise_for_status
    raise create_api_error_from_http_exception(e) from e
          ^^^^^^^^^^^^^^^^^^^^^^^^^^^^^^^^^^^^^^^
  File "/home/airflow/.local/lib/python3.12/site-packages/docker/errors.py", line 39, in create_api_error_from_http_exception
    raise cls(e, response=response, explanation=explanation) from e
docker.errors.APIError: 400 Client Error for http://docker-proxy:2375/v1.45/containers/create: Bad Request ("invalid mount config for type "bind": bind source path does not exist: /tmp/airflowtmpo0ai_abz")

During handling of the above exception, another exception occurred:

Traceback (most recent call last):
  File "/home/airflow/.local/lib/python3.12/site-packages/airflow/models/taskinstance.py", line 465, in _execute_task
    result = _execute_callable(context=context, **execute_callable_kwargs)
             ^^^^^^^^^^^^^^^^^^^^^^^^^^^^^^^^^^^^^^^^^^^^^^^^^^^^^^^^^^^^^
  File "/home/airflow/.local/lib/python3.12/site-packages/airflow/models/taskinstance.py", line 432, in _execute_callable
    return execute_callable(context=context, **execute_callable_kwargs)
           ^^^^^^^^^^^^^^^^^^^^^^^^^^^^^^^^^^^^^^^^^^^^^^^^^^^^^^^^^^^^
  File "/home/airflow/.local/lib/python3.12/site-packages/airflow/models/baseoperator.py", line 400, in wrapper
    return func(self, *args, **kwargs)
           ^^^^^^^^^^^^^^^^^^^^^^^^^^^
  File "/home/airflow/.local/lib/python3.12/site-packages/airflow/providers/docker/operators/docker.py", line 509, in execute
    return self._run_image()
           ^^^^^^^^^^^^^^^^^
  File "/home/airflow/.local/lib/python3.12/site-packages/airflow/providers/docker/operators/docker.py", line 380, in _run_image
    return self._run_image_with_mounts(self.mounts, add_tmp_variable=False)
           ^^^^^^^^^^^^^^^^^^^^^^^^^^^^^^^^^^^^^^^^^^^^^^^^^^^^^^^^^^^^^^^^
  File "/home/airflow/.local/lib/python3.12/site-packages/airflow/providers/docker/operators/docker.py", line 444, in _run_image_with_mounts
    raise DockerContainerFailedException(f"Docker container failed: {result!r}", logs=log_lines)
airflow.providers.docker.exceptions.DockerContainerFailedException: Docker container failed: {'StatusCode': 1}
[2024-06-25T11:43:17.900+0000] {taskinstance.py:1206} INFO - Marking task as FAILED. dag_id=Stage_1, task_id=run_bronze_job, run_id=manual__2024-06-25T11:42:48.250480+00:00, execution_date=20240625T114248, start_date=20240625T114254, end_date=20240625T114317
[2024-06-25T11:43:17.928+0000] {standard_task_runner.py:110} ERROR - Failed to execute job 69 for task run_bronze_job (Docker container failed: {'StatusCode': 1}; 1038)
[2024-06-25T11:43:17.956+0000] {local_task_job_runner.py:240} INFO - Task exited with return code 1
[2024-06-25T11:43:17.974+0000] {taskinstance.py:3498} INFO - 0 downstream tasks scheduled from follow-on schedule check
[2024-06-25T11:43:17.976+0000] {local_task_job_runner.py:222} INFO - ::endgroup::
