[2024-06-27T07:10:01.685+0000] {local_task_job_runner.py:120} INFO - ::group::Pre task execution logs
[2024-06-27T07:10:01.726+0000] {taskinstance.py:2076} INFO - Dependencies all met for dep_context=non-requeueable deps ti=<TaskInstance: Stage_1.run_bronze_job manual__2024-06-27T07:09:55.727729+00:00 [queued]>
[2024-06-27T07:10:01.738+0000] {taskinstance.py:2076} INFO - Dependencies all met for dep_context=requeueable deps ti=<TaskInstance: Stage_1.run_bronze_job manual__2024-06-27T07:09:55.727729+00:00 [queued]>
[2024-06-27T07:10:01.739+0000] {taskinstance.py:2306} INFO - Starting attempt 1 of 1
[2024-06-27T07:10:01.758+0000] {taskinstance.py:2330} INFO - Executing <Task(DockerOperator): run_bronze_job> on 2024-06-27 07:09:55.727729+00:00
[2024-06-27T07:10:01.767+0000] {standard_task_runner.py:90} INFO - Running: ['***', 'tasks', 'run', 'Stage_1', 'run_bronze_job', 'manual__2024-06-27T07:09:55.727729+00:00', '--job-id', '121', '--raw', '--subdir', 'DAGS_FOLDER/kafka_dag.py', '--cfg-path', '/tmp/tmp52t4wwy4']
[2024-06-27T07:10:01.768+0000] {logging_mixin.py:188} WARNING - /home/***/.local/lib/python3.12/site-packages/***/task/task_runner/standard_task_runner.py:61 DeprecationWarning: This process (pid=312) is multi-threaded, use of fork() may lead to deadlocks in the child.
[2024-06-27T07:10:01.769+0000] {standard_task_runner.py:91} INFO - Job 121: Subtask run_bronze_job
[2024-06-27T07:10:01.769+0000] {standard_task_runner.py:63} INFO - Started process 313 to run task
[2024-06-27T07:10:01.785+0000] {logging_mixin.py:188} WARNING - /home/***/.local/lib/python3.12/site-packages/***/settings.py:195 DeprecationWarning: The sql_alchemy_conn option in [core] has been moved to the sql_alchemy_conn option in [database] - the old setting has been used, but please update your config.
[2024-06-27T07:10:01.827+0000] {task_command.py:426} INFO - Running <TaskInstance: Stage_1.run_bronze_job manual__2024-06-27T07:09:55.727729+00:00 [running]> on host 08bfa8b73cac
[2024-06-27T07:10:01.926+0000] {taskinstance.py:2648} INFO - Exporting env vars: AIRFLOW_CTX_DAG_OWNER='***' AIRFLOW_CTX_DAG_ID='Stage_1' AIRFLOW_CTX_TASK_ID='run_bronze_job' AIRFLOW_CTX_EXECUTION_DATE='2024-06-27T07:09:55.727729+00:00' AIRFLOW_CTX_TRY_NUMBER='1' AIRFLOW_CTX_DAG_RUN_ID='manual__2024-06-27T07:09:55.727729+00:00'
[2024-06-27T07:10:01.927+0000] {taskinstance.py:430} INFO - ::endgroup::
[2024-06-27T07:10:01.962+0000] {docker.py:366} INFO - Starting docker container from image bitnami/spark:latest
[2024-06-27T07:10:01.965+0000] {docker.py:374} WARNING - Using remote engine or docker-in-docker and mounting temporary volume from host is not supported. Falling back to `mount_tmp_dir=False` mode. You can set `mount_tmp_dir` parameter to False to disable mounting and remove the warning
[2024-06-27T07:10:02.412+0000] {docker.py:436} INFO - [38;5;6mspark [38;5;5m07:10:02.41 [0m[38;5;2mINFO [0m ==>
[2024-06-27T07:10:02.414+0000] {docker.py:436} INFO - [38;5;6mspark [38;5;5m07:10:02.41 [0m[38;5;2mINFO [0m ==> [1mWelcome to the Bitnami spark container[0m
[2024-06-27T07:10:02.417+0000] {docker.py:436} INFO - [38;5;6mspark [38;5;5m07:10:02.41 [0m[38;5;2mINFO [0m ==> Subscribe to project updates by watching [1mhttps://github.com/bitnami/containers[0m
[2024-06-27T07:10:02.419+0000] {docker.py:436} INFO - [38;5;6mspark [38;5;5m07:10:02.41 [0m[38;5;2mINFO [0m ==> Submit issues and feature requests at [1mhttps://github.com/bitnami/containers/issues[0m
[2024-06-27T07:10:02.422+0000] {docker.py:436} INFO - [38;5;6mspark [38;5;5m07:10:02.42 [0m[38;5;2mINFO [0m ==> Upgrade to Tanzu Application Catalog for production environments to access custom-configured and pre-packaged software components. Gain enhanced features, including Software Bill of Materials (SBOM), CVE scan result reports, and VEX documents. To learn more, visit [1mhttps://bitnami.com/enterprise[0m
[2024-06-27T07:10:02.423+0000] {docker.py:436} INFO - [38;5;6mspark [38;5;5m07:10:02.42 [0m[38;5;2mINFO [0m ==>
[2024-06-27T07:10:02.432+0000] {docker.py:436} INFO - 
[2024-06-27T07:10:04.724+0000] {docker.py:436} INFO - :: loading settings :: url = jar:file:/opt/bitnami/spark/jars/ivy-2.5.1.jar!/org/apache/ivy/core/settings/ivysettings.xml
[2024-06-27T07:10:04.830+0000] {docker.py:436} INFO - Ivy Default Cache set to: /opt/bitnami/spark/.ivy2/cache
The jars for the packages stored in: /opt/bitnami/spark/.ivy2/jars
[2024-06-27T07:10:04.840+0000] {docker.py:436} INFO - org.apache.spark#spark-sql-kafka-0-10_2.12 added as a dependency
[2024-06-27T07:10:04.841+0000] {docker.py:436} INFO - org.postgresql#postgresql added as a dependency
[2024-06-27T07:10:04.842+0000] {docker.py:436} INFO - :: resolving dependencies :: org.apache.spark#spark-submit-parent-9f5f7888-2e0f-42d4-82f3-855f89214a75;1.0
[2024-06-27T07:10:04.843+0000] {docker.py:436} INFO - confs: [default]
[2024-06-27T07:10:06.763+0000] {docker.py:436} INFO - found org.apache.spark#spark-sql-kafka-0-10_2.12;3.3.0 in central
[2024-06-27T07:10:07.139+0000] {docker.py:436} INFO - found org.apache.spark#spark-token-provider-kafka-0-10_2.12;3.3.0 in central
[2024-06-27T07:10:07.218+0000] {docker.py:436} INFO - found org.apache.kafka#kafka-clients;2.8.1 in central
[2024-06-27T07:10:07.288+0000] {docker.py:436} INFO - found org.lz4#lz4-java;1.8.0 in central
[2024-06-27T07:10:07.352+0000] {docker.py:436} INFO - found org.xerial.snappy#snappy-java;1.1.8.4 in central
[2024-06-27T07:10:08.213+0000] {docker.py:436} INFO - found org.slf4j#slf4j-api;1.7.32 in central
[2024-06-27T07:10:10.378+0000] {docker.py:436} INFO - found org.apache.hadoop#hadoop-client-runtime;3.3.2 in central
[2024-06-27T07:10:10.570+0000] {docker.py:436} INFO - found org.spark-project.spark#unused;1.0.0 in central
[2024-06-27T07:10:10.709+0000] {docker.py:436} INFO - found org.apache.hadoop#hadoop-client-api;3.3.2 in central
[2024-06-27T07:10:11.290+0000] {docker.py:436} INFO - found commons-logging#commons-logging;1.1.3 in central
[2024-06-27T07:10:11.334+0000] {docker.py:436} INFO - found com.google.code.findbugs#jsr305;3.0.0 in central
[2024-06-27T07:10:12.514+0000] {docker.py:436} INFO - found org.apache.commons#commons-pool2;2.11.1 in central
[2024-06-27T07:10:14.356+0000] {docker.py:436} INFO - found org.postgresql#postgresql;42.2.2 in central
[2024-06-27T07:10:14.391+0000] {docker.py:436} INFO - downloading https://repo1.maven.org/maven2/org/apache/spark/spark-sql-kafka-0-10_2.12/3.3.0/spark-sql-kafka-0-10_2.12-3.3.0.jar ...
[2024-06-27T07:10:14.467+0000] {docker.py:436} INFO - [SUCCESSFUL ] org.apache.spark#spark-sql-kafka-0-10_2.12;3.3.0!spark-sql-kafka-0-10_2.12.jar (88ms)
[2024-06-27T07:10:14.479+0000] {docker.py:436} INFO - downloading https://repo1.maven.org/maven2/org/postgresql/postgresql/42.2.2/postgresql-42.2.2.jar ...
[2024-06-27T07:10:14.602+0000] {docker.py:436} INFO - [SUCCESSFUL ] org.postgresql#postgresql;42.2.2!postgresql.jar(bundle) (134ms)
[2024-06-27T07:10:14.613+0000] {docker.py:436} INFO - downloading https://repo1.maven.org/maven2/org/apache/spark/spark-token-provider-kafka-0-10_2.12/3.3.0/spark-token-provider-kafka-0-10_2.12-3.3.0.jar ...
[2024-06-27T07:10:14.631+0000] {docker.py:436} INFO - [SUCCESSFUL ] org.apache.spark#spark-token-provider-kafka-0-10_2.12;3.3.0!spark-token-provider-kafka-0-10_2.12.jar (28ms)
[2024-06-27T07:10:14.646+0000] {docker.py:436} INFO - downloading https://repo1.maven.org/maven2/org/apache/kafka/kafka-clients/2.8.1/kafka-clients-2.8.1.jar ...
[2024-06-27T07:10:15.417+0000] {docker.py:436} INFO - [SUCCESSFUL ] org.apache.kafka#kafka-clients;2.8.1!kafka-clients.jar (784ms)
[2024-06-27T07:10:15.426+0000] {docker.py:436} INFO - downloading https://repo1.maven.org/maven2/com/google/code/findbugs/jsr305/3.0.0/jsr305-3.0.0.jar ...
[2024-06-27T07:10:15.438+0000] {docker.py:436} INFO - [SUCCESSFUL ] com.google.code.findbugs#jsr305;3.0.0!jsr305.jar (21ms)
[2024-06-27T07:10:15.450+0000] {docker.py:436} INFO - downloading https://repo1.maven.org/maven2/org/apache/commons/commons-pool2/2.11.1/commons-pool2-2.11.1.jar ...
[2024-06-27T07:10:15.493+0000] {docker.py:436} INFO - [SUCCESSFUL ] org.apache.commons#commons-pool2;2.11.1!commons-pool2.jar (51ms)
[2024-06-27T07:10:15.501+0000] {docker.py:436} INFO - downloading https://repo1.maven.org/maven2/org/spark-project/spark/unused/1.0.0/unused-1.0.0.jar ...
[2024-06-27T07:10:15.514+0000] {docker.py:436} INFO - [SUCCESSFUL ] org.spark-project.spark#unused;1.0.0!unused.jar (19ms)
[2024-06-27T07:10:15.522+0000] {docker.py:436} INFO - downloading https://repo1.maven.org/maven2/org/apache/hadoop/hadoop-client-runtime/3.3.2/hadoop-client-runtime-3.3.2.jar ...
[2024-06-27T07:10:19.082+0000] {docker.py:436} INFO - [SUCCESSFUL ] org.apache.hadoop#hadoop-client-runtime;3.3.2!hadoop-client-runtime.jar (3569ms)
[2024-06-27T07:10:19.092+0000] {docker.py:436} INFO - downloading https://repo1.maven.org/maven2/org/lz4/lz4-java/1.8.0/lz4-java-1.8.0.jar ...
[2024-06-27T07:10:19.168+0000] {docker.py:436} INFO - [SUCCESSFUL ] org.lz4#lz4-java;1.8.0!lz4-java.jar (86ms)
[2024-06-27T07:10:19.181+0000] {docker.py:436} INFO - downloading https://repo1.maven.org/maven2/org/xerial/snappy/snappy-java/1.1.8.4/snappy-java-1.1.8.4.jar ...
[2024-06-27T07:10:19.507+0000] {docker.py:436} INFO - [SUCCESSFUL ] org.xerial.snappy#snappy-java;1.1.8.4!snappy-java.jar(bundle) (337ms)
[2024-06-27T07:10:19.517+0000] {docker.py:436} INFO - downloading https://repo1.maven.org/maven2/org/slf4j/slf4j-api/1.7.32/slf4j-api-1.7.32.jar ...
[2024-06-27T07:10:19.551+0000] {docker.py:436} INFO - [SUCCESSFUL ] org.slf4j#slf4j-api;1.7.32!slf4j-api.jar (42ms)
[2024-06-27T07:10:19.572+0000] {docker.py:436} INFO - downloading https://repo1.maven.org/maven2/org/apache/hadoop/hadoop-client-api/3.3.2/hadoop-client-api-3.3.2.jar ...
[2024-06-27T07:10:21.617+0000] {docker.py:436} INFO - [SUCCESSFUL ] org.apache.hadoop#hadoop-client-api;3.3.2!hadoop-client-api.jar (2065ms)
[2024-06-27T07:10:21.631+0000] {docker.py:436} INFO - downloading https://repo1.maven.org/maven2/commons-logging/commons-logging/1.1.3/commons-logging-1.1.3.jar ...
[2024-06-27T07:10:21.649+0000] {docker.py:436} INFO - [SUCCESSFUL ] commons-logging#commons-logging;1.1.3!commons-logging.jar (26ms)
[2024-06-27T07:10:21.650+0000] {docker.py:436} INFO - :: resolution report :: resolve 9533ms :: artifacts dl 7274ms
	:: modules in use:
	com.google.code.findbugs#jsr305;3.0.0 from central in [default]
[2024-06-27T07:10:21.651+0000] {docker.py:436} INFO - commons-logging#commons-logging;1.1.3 from central in [default]
[2024-06-27T07:10:21.651+0000] {docker.py:436} INFO - org.apache.commons#commons-pool2;2.11.1 from central in [default]
[2024-06-27T07:10:21.652+0000] {docker.py:436} INFO - org.apache.hadoop#hadoop-client-api;3.3.2 from central in [default]
[2024-06-27T07:10:21.652+0000] {docker.py:436} INFO - org.apache.hadoop#hadoop-client-runtime;3.3.2 from central in [default]
[2024-06-27T07:10:21.652+0000] {docker.py:436} INFO - org.apache.kafka#kafka-clients;2.8.1 from central in [default]
[2024-06-27T07:10:21.653+0000] {docker.py:436} INFO - org.apache.spark#spark-sql-kafka-0-10_2.12;3.3.0 from central in [default]
[2024-06-27T07:10:21.653+0000] {docker.py:436} INFO - org.apache.spark#spark-token-provider-kafka-0-10_2.12;3.3.0 from central in [default]
	org.lz4#lz4-java;1.8.0 from central in [default]
[2024-06-27T07:10:21.654+0000] {docker.py:436} INFO - org.postgresql#postgresql;42.2.2 from central in [default]
[2024-06-27T07:10:21.654+0000] {docker.py:436} INFO - org.slf4j#slf4j-api;1.7.32 from central in [default]
[2024-06-27T07:10:21.654+0000] {docker.py:436} INFO - org.spark-project.spark#unused;1.0.0 from central in [default]
	org.xerial.snappy#snappy-java;1.1.8.4 from central in [default]
[2024-06-27T07:10:21.655+0000] {docker.py:436} INFO - ---------------------------------------------------------------------
	|                  |            modules            ||   artifacts   |
	|       conf       | number| search|dwnlded|evicted|| number|dwnlded|
	---------------------------------------------------------------------
	|      default     |   13  |   13  |   13  |   0   ||   13  |   13  |
	---------------------------------------------------------------------
[2024-06-27T07:10:21.667+0000] {docker.py:436} INFO - :: retrieving :: org.apache.spark#spark-submit-parent-9f5f7888-2e0f-42d4-82f3-855f89214a75
[2024-06-27T07:10:21.668+0000] {docker.py:436} INFO - confs: [default]
[2024-06-27T07:10:21.782+0000] {docker.py:436} INFO - 13 artifacts copied, 0 already retrieved (57403kB/114ms)
[2024-06-27T07:10:22.252+0000] {docker.py:436} INFO - 24/06/27 07:10:22 WARN NativeCodeLoader: Unable to load native-hadoop library for your platform... using builtin-java classes where applicable
[2024-06-27T07:10:24.559+0000] {docker.py:436} INFO - 24/06/27 07:10:24 INFO SparkContext: Running Spark version 3.5.1
[2024-06-27T07:10:24.560+0000] {docker.py:436} INFO - 24/06/27 07:10:24 INFO SparkContext: OS info Linux, 6.5.0-41-generic, amd64
[2024-06-27T07:10:24.561+0000] {docker.py:436} INFO - 24/06/27 07:10:24 INFO SparkContext: Java version 17.0.11
[2024-06-27T07:10:24.604+0000] {docker.py:436} INFO - 24/06/27 07:10:24 INFO ResourceUtils: ==============================================================
24/06/27 07:10:24 INFO ResourceUtils: No custom resources configured for spark.driver.
24/06/27 07:10:24 INFO ResourceUtils: ==============================================================
24/06/27 07:10:24 INFO SparkContext: Submitted application: PostgreSQL Connection with PySpark
[2024-06-27T07:10:24.657+0000] {docker.py:436} INFO - 24/06/27 07:10:24 INFO ResourceProfile: Default ResourceProfile created, executor resources: Map(cores -> name: cores, amount: 1, script: , vendor: , memory -> name: memory, amount: 1024, script: , vendor: , offHeap -> name: offHeap, amount: 0, script: , vendor: ), task resources: Map(cpus -> name: cpus, amount: 1.0)
[2024-06-27T07:10:24.670+0000] {docker.py:436} INFO - 24/06/27 07:10:24 INFO ResourceProfile: Limiting resource is cpu
[2024-06-27T07:10:24.671+0000] {docker.py:436} INFO - 24/06/27 07:10:24 INFO ResourceProfileManager: Added ResourceProfile id: 0
[2024-06-27T07:10:24.779+0000] {docker.py:436} INFO - 24/06/27 07:10:24 INFO SecurityManager: Changing view acls to: spark
[2024-06-27T07:10:24.780+0000] {docker.py:436} INFO - 24/06/27 07:10:24 INFO SecurityManager: Changing modify acls to: spark
[2024-06-27T07:10:24.782+0000] {docker.py:436} INFO - 24/06/27 07:10:24 INFO SecurityManager: Changing view acls groups to:
[2024-06-27T07:10:24.783+0000] {docker.py:436} INFO - 24/06/27 07:10:24 INFO SecurityManager: Changing modify acls groups to:
[2024-06-27T07:10:24.783+0000] {docker.py:436} INFO - 24/06/27 07:10:24 INFO SecurityManager: SecurityManager: authentication disabled; ui acls disabled; users with view permissions: spark; groups with view permissions: EMPTY; users with modify permissions: spark; groups with modify permissions: EMPTY
[2024-06-27T07:10:25.461+0000] {docker.py:436} INFO - 24/06/27 07:10:25 INFO Utils: Successfully started service 'sparkDriver' on port 40277.
[2024-06-27T07:10:25.526+0000] {docker.py:436} INFO - 24/06/27 07:10:25 INFO SparkEnv: Registering MapOutputTracker
[2024-06-27T07:10:25.584+0000] {docker.py:436} INFO - 24/06/27 07:10:25 INFO SparkEnv: Registering BlockManagerMaster
[2024-06-27T07:10:25.638+0000] {docker.py:436} INFO - 24/06/27 07:10:25 INFO BlockManagerMasterEndpoint: Using org.apache.spark.storage.DefaultTopologyMapper for getting topology information
[2024-06-27T07:10:25.639+0000] {docker.py:436} INFO - 24/06/27 07:10:25 INFO BlockManagerMasterEndpoint: BlockManagerMasterEndpoint up
[2024-06-27T07:10:25.647+0000] {docker.py:436} INFO - 24/06/27 07:10:25 INFO SparkEnv: Registering BlockManagerMasterHeartbeat
[2024-06-27T07:10:25.677+0000] {docker.py:436} INFO - 24/06/27 07:10:25 INFO DiskBlockManager: Created local directory at /tmp/blockmgr-1f284952-5f3f-4ff7-ae45-2ff4558e88a0
[2024-06-27T07:10:25.697+0000] {docker.py:436} INFO - 24/06/27 07:10:25 INFO MemoryStore: MemoryStore started with capacity 434.4 MiB
[2024-06-27T07:10:25.725+0000] {docker.py:436} INFO - 24/06/27 07:10:25 INFO SparkEnv: Registering OutputCommitCoordinator
[2024-06-27T07:10:26.112+0000] {docker.py:436} INFO - 24/06/27 07:10:26 INFO JettyUtils: Start Jetty 0.0.0.0:4040 for SparkUI
[2024-06-27T07:10:26.342+0000] {docker.py:436} INFO - 24/06/27 07:10:26 INFO Utils: Successfully started service 'SparkUI' on port 4040.
[2024-06-27T07:10:26.411+0000] {docker.py:436} INFO - 24/06/27 07:10:26 INFO SparkContext: Added JAR file:///opt/bitnami/spark/.ivy2/jars/org.apache.spark_spark-sql-kafka-0-10_2.12-3.3.0.jar at spark://localhost:40277/jars/org.apache.spark_spark-sql-kafka-0-10_2.12-3.3.0.jar with timestamp 1719472224547
[2024-06-27T07:10:26.412+0000] {docker.py:436} INFO - 24/06/27 07:10:26 INFO SparkContext: Added JAR file:///opt/bitnami/spark/.ivy2/jars/org.postgresql_postgresql-42.2.2.jar at spark://localhost:40277/jars/org.postgresql_postgresql-42.2.2.jar with timestamp 1719472224547
24/06/27 07:10:26 INFO SparkContext: Added JAR file:///opt/bitnami/spark/.ivy2/jars/org.apache.spark_spark-token-provider-kafka-0-10_2.12-3.3.0.jar at spark://localhost:40277/jars/org.apache.spark_spark-token-provider-kafka-0-10_2.12-3.3.0.jar with timestamp 1719472224547
[2024-06-27T07:10:26.413+0000] {docker.py:436} INFO - 24/06/27 07:10:26 INFO SparkContext: Added JAR file:///opt/bitnami/spark/.ivy2/jars/org.apache.kafka_kafka-clients-2.8.1.jar at spark://localhost:40277/jars/org.apache.kafka_kafka-clients-2.8.1.jar with timestamp 1719472224547
24/06/27 07:10:26 INFO SparkContext: Added JAR file:///opt/bitnami/spark/.ivy2/jars/com.google.code.findbugs_jsr305-3.0.0.jar at spark://localhost:40277/jars/com.google.code.findbugs_jsr305-3.0.0.jar with timestamp 1719472224547
24/06/27 07:10:26 INFO SparkContext: Added JAR file:///opt/bitnami/spark/.ivy2/jars/org.apache.commons_commons-pool2-2.11.1.jar at spark://localhost:40277/jars/org.apache.commons_commons-pool2-2.11.1.jar with timestamp 1719472224547
[2024-06-27T07:10:26.414+0000] {docker.py:436} INFO - 24/06/27 07:10:26 INFO SparkContext: Added JAR file:///opt/bitnami/spark/.ivy2/jars/org.spark-project.spark_unused-1.0.0.jar at spark://localhost:40277/jars/org.spark-project.spark_unused-1.0.0.jar with timestamp 1719472224547
24/06/27 07:10:26 INFO SparkContext: Added JAR file:///opt/bitnami/spark/.ivy2/jars/org.apache.hadoop_hadoop-client-runtime-3.3.2.jar at spark://localhost:40277/jars/org.apache.hadoop_hadoop-client-runtime-3.3.2.jar with timestamp 1719472224547
[2024-06-27T07:10:26.415+0000] {docker.py:436} INFO - 24/06/27 07:10:26 INFO SparkContext: Added JAR file:///opt/bitnami/spark/.ivy2/jars/org.lz4_lz4-java-1.8.0.jar at spark://localhost:40277/jars/org.lz4_lz4-java-1.8.0.jar with timestamp 1719472224547
24/06/27 07:10:26 INFO SparkContext: Added JAR file:///opt/bitnami/spark/.ivy2/jars/org.xerial.snappy_snappy-java-1.1.8.4.jar at spark://localhost:40277/jars/org.xerial.snappy_snappy-java-1.1.8.4.jar with timestamp 1719472224547
24/06/27 07:10:26 INFO SparkContext: Added JAR file:///opt/bitnami/spark/.ivy2/jars/org.slf4j_slf4j-api-1.7.32.jar at spark://localhost:40277/jars/org.slf4j_slf4j-api-1.7.32.jar with timestamp 1719472224547
[2024-06-27T07:10:26.416+0000] {docker.py:436} INFO - 24/06/27 07:10:26 INFO SparkContext: Added JAR file:///opt/bitnami/spark/.ivy2/jars/org.apache.hadoop_hadoop-client-api-3.3.2.jar at spark://localhost:40277/jars/org.apache.hadoop_hadoop-client-api-3.3.2.jar with timestamp 1719472224547
24/06/27 07:10:26 INFO SparkContext: Added JAR file:///opt/bitnami/spark/.ivy2/jars/commons-logging_commons-logging-1.1.3.jar at spark://localhost:40277/jars/commons-logging_commons-logging-1.1.3.jar with timestamp 1719472224547
[2024-06-27T07:10:26.421+0000] {docker.py:436} INFO - 24/06/27 07:10:26 INFO SparkContext: Added file file:///opt/bitnami/spark/.ivy2/jars/org.apache.spark_spark-sql-kafka-0-10_2.12-3.3.0.jar at file:///opt/bitnami/spark/.ivy2/jars/org.apache.spark_spark-sql-kafka-0-10_2.12-3.3.0.jar with timestamp 1719472224547
[2024-06-27T07:10:26.423+0000] {docker.py:436} INFO - 24/06/27 07:10:26 INFO Utils: Copying /opt/bitnami/spark/.ivy2/jars/org.apache.spark_spark-sql-kafka-0-10_2.12-3.3.0.jar to /tmp/spark-2d0cfab4-cab0-446a-b001-6b620b6d1bfa/userFiles-9a8cde84-fc77-4e7b-b366-5a579a750d2a/org.apache.spark_spark-sql-kafka-0-10_2.12-3.3.0.jar
[2024-06-27T07:10:26.436+0000] {docker.py:436} INFO - 24/06/27 07:10:26 INFO SparkContext: Added file file:///opt/bitnami/spark/.ivy2/jars/org.postgresql_postgresql-42.2.2.jar at file:///opt/bitnami/spark/.ivy2/jars/org.postgresql_postgresql-42.2.2.jar with timestamp 1719472224547
[2024-06-27T07:10:26.437+0000] {docker.py:436} INFO - 24/06/27 07:10:26 INFO Utils: Copying /opt/bitnami/spark/.ivy2/jars/org.postgresql_postgresql-42.2.2.jar to /tmp/spark-2d0cfab4-cab0-446a-b001-6b620b6d1bfa/userFiles-9a8cde84-fc77-4e7b-b366-5a579a750d2a/org.postgresql_postgresql-42.2.2.jar
[2024-06-27T07:10:26.444+0000] {docker.py:436} INFO - 24/06/27 07:10:26 INFO SparkContext: Added file file:///opt/bitnami/spark/.ivy2/jars/org.apache.spark_spark-token-provider-kafka-0-10_2.12-3.3.0.jar at file:///opt/bitnami/spark/.ivy2/jars/org.apache.spark_spark-token-provider-kafka-0-10_2.12-3.3.0.jar with timestamp 1719472224547
[2024-06-27T07:10:26.445+0000] {docker.py:436} INFO - 24/06/27 07:10:26 INFO Utils: Copying /opt/bitnami/spark/.ivy2/jars/org.apache.spark_spark-token-provider-kafka-0-10_2.12-3.3.0.jar to /tmp/spark-2d0cfab4-cab0-446a-b001-6b620b6d1bfa/userFiles-9a8cde84-fc77-4e7b-b366-5a579a750d2a/org.apache.spark_spark-token-provider-kafka-0-10_2.12-3.3.0.jar
[2024-06-27T07:10:26.450+0000] {docker.py:436} INFO - 24/06/27 07:10:26 INFO SparkContext: Added file file:///opt/bitnami/spark/.ivy2/jars/org.apache.kafka_kafka-clients-2.8.1.jar at file:///opt/bitnami/spark/.ivy2/jars/org.apache.kafka_kafka-clients-2.8.1.jar with timestamp 1719472224547
[2024-06-27T07:10:26.451+0000] {docker.py:436} INFO - 24/06/27 07:10:26 INFO Utils: Copying /opt/bitnami/spark/.ivy2/jars/org.apache.kafka_kafka-clients-2.8.1.jar to /tmp/spark-2d0cfab4-cab0-446a-b001-6b620b6d1bfa/userFiles-9a8cde84-fc77-4e7b-b366-5a579a750d2a/org.apache.kafka_kafka-clients-2.8.1.jar
[2024-06-27T07:10:26.478+0000] {docker.py:436} INFO - 24/06/27 07:10:26 INFO SparkContext: Added file file:///opt/bitnami/spark/.ivy2/jars/com.google.code.findbugs_jsr305-3.0.0.jar at file:///opt/bitnami/spark/.ivy2/jars/com.google.code.findbugs_jsr305-3.0.0.jar with timestamp 1719472224547
[2024-06-27T07:10:26.479+0000] {docker.py:436} INFO - 24/06/27 07:10:26 INFO Utils: Copying /opt/bitnami/spark/.ivy2/jars/com.google.code.findbugs_jsr305-3.0.0.jar to /tmp/spark-2d0cfab4-cab0-446a-b001-6b620b6d1bfa/userFiles-9a8cde84-fc77-4e7b-b366-5a579a750d2a/com.google.code.findbugs_jsr305-3.0.0.jar
[2024-06-27T07:10:26.492+0000] {docker.py:436} INFO - 24/06/27 07:10:26 INFO SparkContext: Added file file:///opt/bitnami/spark/.ivy2/jars/org.apache.commons_commons-pool2-2.11.1.jar at file:///opt/bitnami/spark/.ivy2/jars/org.apache.commons_commons-pool2-2.11.1.jar with timestamp 1719472224547
[2024-06-27T07:10:26.493+0000] {docker.py:436} INFO - 24/06/27 07:10:26 INFO Utils: Copying /opt/bitnami/spark/.ivy2/jars/org.apache.commons_commons-pool2-2.11.1.jar to /tmp/spark-2d0cfab4-cab0-446a-b001-6b620b6d1bfa/userFiles-9a8cde84-fc77-4e7b-b366-5a579a750d2a/org.apache.commons_commons-pool2-2.11.1.jar
[2024-06-27T07:10:26.504+0000] {docker.py:436} INFO - 24/06/27 07:10:26 INFO SparkContext: Added file file:///opt/bitnami/spark/.ivy2/jars/org.spark-project.spark_unused-1.0.0.jar at file:///opt/bitnami/spark/.ivy2/jars/org.spark-project.spark_unused-1.0.0.jar with timestamp 1719472224547
[2024-06-27T07:10:26.509+0000] {docker.py:436} INFO - 24/06/27 07:10:26 INFO Utils: Copying /opt/bitnami/spark/.ivy2/jars/org.spark-project.spark_unused-1.0.0.jar to /tmp/spark-2d0cfab4-cab0-446a-b001-6b620b6d1bfa/userFiles-9a8cde84-fc77-4e7b-b366-5a579a750d2a/org.spark-project.spark_unused-1.0.0.jar
[2024-06-27T07:10:26.519+0000] {docker.py:436} INFO - 24/06/27 07:10:26 INFO SparkContext: Added file file:///opt/bitnami/spark/.ivy2/jars/org.apache.hadoop_hadoop-client-runtime-3.3.2.jar at file:///opt/bitnami/spark/.ivy2/jars/org.apache.hadoop_hadoop-client-runtime-3.3.2.jar with timestamp 1719472224547
[2024-06-27T07:10:26.521+0000] {docker.py:436} INFO - 24/06/27 07:10:26 INFO Utils: Copying /opt/bitnami/spark/.ivy2/jars/org.apache.hadoop_hadoop-client-runtime-3.3.2.jar to /tmp/spark-2d0cfab4-cab0-446a-b001-6b620b6d1bfa/userFiles-9a8cde84-fc77-4e7b-b366-5a579a750d2a/org.apache.hadoop_hadoop-client-runtime-3.3.2.jar
[2024-06-27T07:10:26.587+0000] {docker.py:436} INFO - 24/06/27 07:10:26 INFO SparkContext: Added file file:///opt/bitnami/spark/.ivy2/jars/org.lz4_lz4-java-1.8.0.jar at file:///opt/bitnami/spark/.ivy2/jars/org.lz4_lz4-java-1.8.0.jar with timestamp 1719472224547
[2024-06-27T07:10:26.587+0000] {docker.py:436} INFO - 24/06/27 07:10:26 INFO Utils: Copying /opt/bitnami/spark/.ivy2/jars/org.lz4_lz4-java-1.8.0.jar to /tmp/spark-2d0cfab4-cab0-446a-b001-6b620b6d1bfa/userFiles-9a8cde84-fc77-4e7b-b366-5a579a750d2a/org.lz4_lz4-java-1.8.0.jar
[2024-06-27T07:10:26.614+0000] {docker.py:436} INFO - 24/06/27 07:10:26 INFO SparkContext: Added file file:///opt/bitnami/spark/.ivy2/jars/org.xerial.snappy_snappy-java-1.1.8.4.jar at file:///opt/bitnami/spark/.ivy2/jars/org.xerial.snappy_snappy-java-1.1.8.4.jar with timestamp 1719472224547
[2024-06-27T07:10:26.614+0000] {docker.py:436} INFO - 24/06/27 07:10:26 INFO Utils: Copying /opt/bitnami/spark/.ivy2/jars/org.xerial.snappy_snappy-java-1.1.8.4.jar to /tmp/spark-2d0cfab4-cab0-446a-b001-6b620b6d1bfa/userFiles-9a8cde84-fc77-4e7b-b366-5a579a750d2a/org.xerial.snappy_snappy-java-1.1.8.4.jar
[2024-06-27T07:10:26.626+0000] {docker.py:436} INFO - 24/06/27 07:10:26 INFO SparkContext: Added file file:///opt/bitnami/spark/.ivy2/jars/org.slf4j_slf4j-api-1.7.32.jar at file:///opt/bitnami/spark/.ivy2/jars/org.slf4j_slf4j-api-1.7.32.jar with timestamp 1719472224547
[2024-06-27T07:10:26.626+0000] {docker.py:436} INFO - 24/06/27 07:10:26 INFO Utils: Copying /opt/bitnami/spark/.ivy2/jars/org.slf4j_slf4j-api-1.7.32.jar to /tmp/spark-2d0cfab4-cab0-446a-b001-6b620b6d1bfa/userFiles-9a8cde84-fc77-4e7b-b366-5a579a750d2a/org.slf4j_slf4j-api-1.7.32.jar
[2024-06-27T07:10:26.633+0000] {docker.py:436} INFO - 24/06/27 07:10:26 INFO SparkContext: Added file file:///opt/bitnami/spark/.ivy2/jars/org.apache.hadoop_hadoop-client-api-3.3.2.jar at file:///opt/bitnami/spark/.ivy2/jars/org.apache.hadoop_hadoop-client-api-3.3.2.jar with timestamp 1719472224547
[2024-06-27T07:10:26.634+0000] {docker.py:436} INFO - 24/06/27 07:10:26 INFO Utils: Copying /opt/bitnami/spark/.ivy2/jars/org.apache.hadoop_hadoop-client-api-3.3.2.jar to /tmp/spark-2d0cfab4-cab0-446a-b001-6b620b6d1bfa/userFiles-9a8cde84-fc77-4e7b-b366-5a579a750d2a/org.apache.hadoop_hadoop-client-api-3.3.2.jar
[2024-06-27T07:10:26.666+0000] {docker.py:436} INFO - 24/06/27 07:10:26 INFO SparkContext: Added file file:///opt/bitnami/spark/.ivy2/jars/commons-logging_commons-logging-1.1.3.jar at file:///opt/bitnami/spark/.ivy2/jars/commons-logging_commons-logging-1.1.3.jar with timestamp 1719472224547
[2024-06-27T07:10:26.667+0000] {docker.py:436} INFO - 24/06/27 07:10:26 INFO Utils: Copying /opt/bitnami/spark/.ivy2/jars/commons-logging_commons-logging-1.1.3.jar to /tmp/spark-2d0cfab4-cab0-446a-b001-6b620b6d1bfa/userFiles-9a8cde84-fc77-4e7b-b366-5a579a750d2a/commons-logging_commons-logging-1.1.3.jar
[2024-06-27T07:10:26.800+0000] {docker.py:436} INFO - 24/06/27 07:10:26 INFO Executor: Starting executor ID driver on host localhost
[2024-06-27T07:10:26.802+0000] {docker.py:436} INFO - 24/06/27 07:10:26 INFO Executor: OS info Linux, 6.5.0-41-generic, amd64
[2024-06-27T07:10:26.803+0000] {docker.py:436} INFO - 24/06/27 07:10:26 INFO Executor: Java version 17.0.11
[2024-06-27T07:10:26.817+0000] {docker.py:436} INFO - 24/06/27 07:10:26 INFO Executor: Starting executor with user classpath (userClassPathFirst = false): ''
[2024-06-27T07:10:26.819+0000] {docker.py:436} INFO - 24/06/27 07:10:26 INFO Executor: Created or updated repl class loader org.apache.spark.util.MutableURLClassLoader@bc0ece4 for default.
[2024-06-27T07:10:26.839+0000] {docker.py:436} INFO - 24/06/27 07:10:26 INFO Executor: Fetching file:///opt/bitnami/spark/.ivy2/jars/org.postgresql_postgresql-42.2.2.jar with timestamp 1719472224547
[2024-06-27T07:10:26.884+0000] {docker.py:436} INFO - 24/06/27 07:10:26 INFO Utils: /opt/bitnami/spark/.ivy2/jars/org.postgresql_postgresql-42.2.2.jar has been previously copied to /tmp/spark-2d0cfab4-cab0-446a-b001-6b620b6d1bfa/userFiles-9a8cde84-fc77-4e7b-b366-5a579a750d2a/org.postgresql_postgresql-42.2.2.jar
[2024-06-27T07:10:26.902+0000] {docker.py:436} INFO - 24/06/27 07:10:26 INFO Executor: Fetching file:///opt/bitnami/spark/.ivy2/jars/org.apache.hadoop_hadoop-client-api-3.3.2.jar with timestamp 1719472224547
[2024-06-27T07:10:26.929+0000] {docker.py:436} INFO - 24/06/27 07:10:26 INFO Utils: /opt/bitnami/spark/.ivy2/jars/org.apache.hadoop_hadoop-client-api-3.3.2.jar has been previously copied to /tmp/spark-2d0cfab4-cab0-446a-b001-6b620b6d1bfa/userFiles-9a8cde84-fc77-4e7b-b366-5a579a750d2a/org.apache.hadoop_hadoop-client-api-3.3.2.jar
[2024-06-27T07:10:26.938+0000] {docker.py:436} INFO - 24/06/27 07:10:26 INFO Executor: Fetching file:///opt/bitnami/spark/.ivy2/jars/org.xerial.snappy_snappy-java-1.1.8.4.jar with timestamp 1719472224547
[2024-06-27T07:10:26.940+0000] {docker.py:436} INFO - 24/06/27 07:10:26 INFO Utils: /opt/bitnami/spark/.ivy2/jars/org.xerial.snappy_snappy-java-1.1.8.4.jar has been previously copied to /tmp/spark-2d0cfab4-cab0-446a-b001-6b620b6d1bfa/userFiles-9a8cde84-fc77-4e7b-b366-5a579a750d2a/org.xerial.snappy_snappy-java-1.1.8.4.jar
[2024-06-27T07:10:26.956+0000] {docker.py:436} INFO - 24/06/27 07:10:26 INFO Executor: Fetching file:///opt/bitnami/spark/.ivy2/jars/org.apache.hadoop_hadoop-client-runtime-3.3.2.jar with timestamp 1719472224547
[2024-06-27T07:10:26.999+0000] {docker.py:436} INFO - 24/06/27 07:10:26 INFO Utils: /opt/bitnami/spark/.ivy2/jars/org.apache.hadoop_hadoop-client-runtime-3.3.2.jar has been previously copied to /tmp/spark-2d0cfab4-cab0-446a-b001-6b620b6d1bfa/userFiles-9a8cde84-fc77-4e7b-b366-5a579a750d2a/org.apache.hadoop_hadoop-client-runtime-3.3.2.jar
[2024-06-27T07:10:27.036+0000] {docker.py:436} INFO - 24/06/27 07:10:27 INFO Executor: Fetching file:///opt/bitnami/spark/.ivy2/jars/org.apache.commons_commons-pool2-2.11.1.jar with timestamp 1719472224547
[2024-06-27T07:10:27.038+0000] {docker.py:436} INFO - 24/06/27 07:10:27 INFO Utils: /opt/bitnami/spark/.ivy2/jars/org.apache.commons_commons-pool2-2.11.1.jar has been previously copied to /tmp/spark-2d0cfab4-cab0-446a-b001-6b620b6d1bfa/userFiles-9a8cde84-fc77-4e7b-b366-5a579a750d2a/org.apache.commons_commons-pool2-2.11.1.jar
[2024-06-27T07:10:27.049+0000] {docker.py:436} INFO - 24/06/27 07:10:27 INFO Executor: Fetching file:///opt/bitnami/spark/.ivy2/jars/org.apache.spark_spark-token-provider-kafka-0-10_2.12-3.3.0.jar with timestamp 1719472224547
[2024-06-27T07:10:27.050+0000] {docker.py:436} INFO - 24/06/27 07:10:27 INFO Utils: /opt/bitnami/spark/.ivy2/jars/org.apache.spark_spark-token-provider-kafka-0-10_2.12-3.3.0.jar has been previously copied to /tmp/spark-2d0cfab4-cab0-446a-b001-6b620b6d1bfa/userFiles-9a8cde84-fc77-4e7b-b366-5a579a750d2a/org.apache.spark_spark-token-provider-kafka-0-10_2.12-3.3.0.jar
[2024-06-27T07:10:27.062+0000] {docker.py:436} INFO - 24/06/27 07:10:27 INFO Executor: Fetching file:///opt/bitnami/spark/.ivy2/jars/org.slf4j_slf4j-api-1.7.32.jar with timestamp 1719472224547
[2024-06-27T07:10:27.063+0000] {docker.py:436} INFO - 24/06/27 07:10:27 INFO Utils: /opt/bitnami/spark/.ivy2/jars/org.slf4j_slf4j-api-1.7.32.jar has been previously copied to /tmp/spark-2d0cfab4-cab0-446a-b001-6b620b6d1bfa/userFiles-9a8cde84-fc77-4e7b-b366-5a579a750d2a/org.slf4j_slf4j-api-1.7.32.jar
[2024-06-27T07:10:27.075+0000] {docker.py:436} INFO - 24/06/27 07:10:27 INFO Executor: Fetching file:///opt/bitnami/spark/.ivy2/jars/org.apache.spark_spark-sql-kafka-0-10_2.12-3.3.0.jar with timestamp 1719472224547
[2024-06-27T07:10:27.078+0000] {docker.py:436} INFO - 24/06/27 07:10:27 INFO Utils: /opt/bitnami/spark/.ivy2/jars/org.apache.spark_spark-sql-kafka-0-10_2.12-3.3.0.jar has been previously copied to /tmp/spark-2d0cfab4-cab0-446a-b001-6b620b6d1bfa/userFiles-9a8cde84-fc77-4e7b-b366-5a579a750d2a/org.apache.spark_spark-sql-kafka-0-10_2.12-3.3.0.jar
[2024-06-27T07:10:27.086+0000] {docker.py:436} INFO - 24/06/27 07:10:27 INFO Executor: Fetching file:///opt/bitnami/spark/.ivy2/jars/com.google.code.findbugs_jsr305-3.0.0.jar with timestamp 1719472224547
[2024-06-27T07:10:27.095+0000] {docker.py:436} INFO - 24/06/27 07:10:27 INFO Utils: /opt/bitnami/spark/.ivy2/jars/com.google.code.findbugs_jsr305-3.0.0.jar has been previously copied to /tmp/spark-2d0cfab4-cab0-446a-b001-6b620b6d1bfa/userFiles-9a8cde84-fc77-4e7b-b366-5a579a750d2a/com.google.code.findbugs_jsr305-3.0.0.jar
[2024-06-27T07:10:27.104+0000] {docker.py:436} INFO - 24/06/27 07:10:27 INFO Executor: Fetching file:///opt/bitnami/spark/.ivy2/jars/org.lz4_lz4-java-1.8.0.jar with timestamp 1719472224547
[2024-06-27T07:10:27.105+0000] {docker.py:436} INFO - 24/06/27 07:10:27 INFO Utils: /opt/bitnami/spark/.ivy2/jars/org.lz4_lz4-java-1.8.0.jar has been previously copied to /tmp/spark-2d0cfab4-cab0-446a-b001-6b620b6d1bfa/userFiles-9a8cde84-fc77-4e7b-b366-5a579a750d2a/org.lz4_lz4-java-1.8.0.jar
[2024-06-27T07:10:27.121+0000] {docker.py:436} INFO - 24/06/27 07:10:27 INFO Executor: Fetching file:///opt/bitnami/spark/.ivy2/jars/commons-logging_commons-logging-1.1.3.jar with timestamp 1719472224547
[2024-06-27T07:10:27.123+0000] {docker.py:436} INFO - 24/06/27 07:10:27 INFO Utils: /opt/bitnami/spark/.ivy2/jars/commons-logging_commons-logging-1.1.3.jar has been previously copied to /tmp/spark-2d0cfab4-cab0-446a-b001-6b620b6d1bfa/userFiles-9a8cde84-fc77-4e7b-b366-5a579a750d2a/commons-logging_commons-logging-1.1.3.jar
[2024-06-27T07:10:27.129+0000] {docker.py:436} INFO - 24/06/27 07:10:27 INFO Executor: Fetching file:///opt/bitnami/spark/.ivy2/jars/org.spark-project.spark_unused-1.0.0.jar with timestamp 1719472224547
[2024-06-27T07:10:27.130+0000] {docker.py:436} INFO - 24/06/27 07:10:27 INFO Utils: /opt/bitnami/spark/.ivy2/jars/org.spark-project.spark_unused-1.0.0.jar has been previously copied to /tmp/spark-2d0cfab4-cab0-446a-b001-6b620b6d1bfa/userFiles-9a8cde84-fc77-4e7b-b366-5a579a750d2a/org.spark-project.spark_unused-1.0.0.jar
[2024-06-27T07:10:27.138+0000] {docker.py:436} INFO - 24/06/27 07:10:27 INFO Executor: Fetching file:///opt/bitnami/spark/.ivy2/jars/org.apache.kafka_kafka-clients-2.8.1.jar with timestamp 1719472224547
[2024-06-27T07:10:27.147+0000] {docker.py:436} INFO - 24/06/27 07:10:27 INFO Utils: /opt/bitnami/spark/.ivy2/jars/org.apache.kafka_kafka-clients-2.8.1.jar has been previously copied to /tmp/spark-2d0cfab4-cab0-446a-b001-6b620b6d1bfa/userFiles-9a8cde84-fc77-4e7b-b366-5a579a750d2a/org.apache.kafka_kafka-clients-2.8.1.jar
[2024-06-27T07:10:27.159+0000] {docker.py:436} INFO - 24/06/27 07:10:27 INFO Executor: Fetching spark://localhost:40277/jars/org.apache.spark_spark-sql-kafka-0-10_2.12-3.3.0.jar with timestamp 1719472224547
[2024-06-27T07:10:27.259+0000] {docker.py:436} INFO - 24/06/27 07:10:27 INFO TransportClientFactory: Successfully created connection to localhost/127.0.0.1:40277 after 68 ms (0 ms spent in bootstraps)
[2024-06-27T07:10:27.280+0000] {docker.py:436} INFO - 24/06/27 07:10:27 INFO Utils: Fetching spark://localhost:40277/jars/org.apache.spark_spark-sql-kafka-0-10_2.12-3.3.0.jar to /tmp/spark-2d0cfab4-cab0-446a-b001-6b620b6d1bfa/userFiles-9a8cde84-fc77-4e7b-b366-5a579a750d2a/fetchFileTemp12354181026100339128.tmp
[2024-06-27T07:10:27.336+0000] {docker.py:436} INFO - 24/06/27 07:10:27 INFO Utils: /tmp/spark-2d0cfab4-cab0-446a-b001-6b620b6d1bfa/userFiles-9a8cde84-fc77-4e7b-b366-5a579a750d2a/fetchFileTemp12354181026100339128.tmp has been previously copied to /tmp/spark-2d0cfab4-cab0-446a-b001-6b620b6d1bfa/userFiles-9a8cde84-fc77-4e7b-b366-5a579a750d2a/org.apache.spark_spark-sql-kafka-0-10_2.12-3.3.0.jar
[2024-06-27T07:10:27.345+0000] {docker.py:436} INFO - 24/06/27 07:10:27 INFO Executor: Adding file:/tmp/spark-2d0cfab4-cab0-446a-b001-6b620b6d1bfa/userFiles-9a8cde84-fc77-4e7b-b366-5a579a750d2a/org.apache.spark_spark-sql-kafka-0-10_2.12-3.3.0.jar to class loader default
[2024-06-27T07:10:27.346+0000] {docker.py:436} INFO - 24/06/27 07:10:27 INFO Executor: Fetching spark://localhost:40277/jars/org.apache.commons_commons-pool2-2.11.1.jar with timestamp 1719472224547
[2024-06-27T07:10:27.347+0000] {docker.py:436} INFO - 24/06/27 07:10:27 INFO Utils: Fetching spark://localhost:40277/jars/org.apache.commons_commons-pool2-2.11.1.jar to /tmp/spark-2d0cfab4-cab0-446a-b001-6b620b6d1bfa/userFiles-9a8cde84-fc77-4e7b-b366-5a579a750d2a/fetchFileTemp13207478809722439559.tmp
[2024-06-27T07:10:27.356+0000] {docker.py:436} INFO - 24/06/27 07:10:27 INFO Utils: /tmp/spark-2d0cfab4-cab0-446a-b001-6b620b6d1bfa/userFiles-9a8cde84-fc77-4e7b-b366-5a579a750d2a/fetchFileTemp13207478809722439559.tmp has been previously copied to /tmp/spark-2d0cfab4-cab0-446a-b001-6b620b6d1bfa/userFiles-9a8cde84-fc77-4e7b-b366-5a579a750d2a/org.apache.commons_commons-pool2-2.11.1.jar
[2024-06-27T07:10:27.365+0000] {docker.py:436} INFO - 24/06/27 07:10:27 INFO Executor: Adding file:/tmp/spark-2d0cfab4-cab0-446a-b001-6b620b6d1bfa/userFiles-9a8cde84-fc77-4e7b-b366-5a579a750d2a/org.apache.commons_commons-pool2-2.11.1.jar to class loader default
[2024-06-27T07:10:27.366+0000] {docker.py:436} INFO - 24/06/27 07:10:27 INFO Executor: Fetching spark://localhost:40277/jars/org.lz4_lz4-java-1.8.0.jar with timestamp 1719472224547
24/06/27 07:10:27 INFO Utils: Fetching spark://localhost:40277/jars/org.lz4_lz4-java-1.8.0.jar to /tmp/spark-2d0cfab4-cab0-446a-b001-6b620b6d1bfa/userFiles-9a8cde84-fc77-4e7b-b366-5a579a750d2a/fetchFileTemp6407934412171468894.tmp
[2024-06-27T07:10:27.375+0000] {docker.py:436} INFO - 24/06/27 07:10:27 INFO Utils: /tmp/spark-2d0cfab4-cab0-446a-b001-6b620b6d1bfa/userFiles-9a8cde84-fc77-4e7b-b366-5a579a750d2a/fetchFileTemp6407934412171468894.tmp has been previously copied to /tmp/spark-2d0cfab4-cab0-446a-b001-6b620b6d1bfa/userFiles-9a8cde84-fc77-4e7b-b366-5a579a750d2a/org.lz4_lz4-java-1.8.0.jar
[2024-06-27T07:10:27.390+0000] {docker.py:436} INFO - 24/06/27 07:10:27 INFO Executor: Adding file:/tmp/spark-2d0cfab4-cab0-446a-b001-6b620b6d1bfa/userFiles-9a8cde84-fc77-4e7b-b366-5a579a750d2a/org.lz4_lz4-java-1.8.0.jar to class loader default
[2024-06-27T07:10:27.391+0000] {docker.py:436} INFO - 24/06/27 07:10:27 INFO Executor: Fetching spark://localhost:40277/jars/org.slf4j_slf4j-api-1.7.32.jar with timestamp 1719472224547
[2024-06-27T07:10:27.392+0000] {docker.py:436} INFO - 24/06/27 07:10:27 INFO Utils: Fetching spark://localhost:40277/jars/org.slf4j_slf4j-api-1.7.32.jar to /tmp/spark-2d0cfab4-cab0-446a-b001-6b620b6d1bfa/userFiles-9a8cde84-fc77-4e7b-b366-5a579a750d2a/fetchFileTemp9660877177840192411.tmp
[2024-06-27T07:10:27.396+0000] {docker.py:436} INFO - 24/06/27 07:10:27 INFO Utils: /tmp/spark-2d0cfab4-cab0-446a-b001-6b620b6d1bfa/userFiles-9a8cde84-fc77-4e7b-b366-5a579a750d2a/fetchFileTemp9660877177840192411.tmp has been previously copied to /tmp/spark-2d0cfab4-cab0-446a-b001-6b620b6d1bfa/userFiles-9a8cde84-fc77-4e7b-b366-5a579a750d2a/org.slf4j_slf4j-api-1.7.32.jar
[2024-06-27T07:10:27.413+0000] {docker.py:436} INFO - 24/06/27 07:10:27 INFO Executor: Adding file:/tmp/spark-2d0cfab4-cab0-446a-b001-6b620b6d1bfa/userFiles-9a8cde84-fc77-4e7b-b366-5a579a750d2a/org.slf4j_slf4j-api-1.7.32.jar to class loader default
[2024-06-27T07:10:27.413+0000] {docker.py:436} INFO - 24/06/27 07:10:27 INFO Executor: Fetching spark://localhost:40277/jars/com.google.code.findbugs_jsr305-3.0.0.jar with timestamp 1719472224547
[2024-06-27T07:10:27.414+0000] {docker.py:436} INFO - 24/06/27 07:10:27 INFO Utils: Fetching spark://localhost:40277/jars/com.google.code.findbugs_jsr305-3.0.0.jar to /tmp/spark-2d0cfab4-cab0-446a-b001-6b620b6d1bfa/userFiles-9a8cde84-fc77-4e7b-b366-5a579a750d2a/fetchFileTemp12856127673183688938.tmp
[2024-06-27T07:10:27.419+0000] {docker.py:436} INFO - 24/06/27 07:10:27 INFO Utils: /tmp/spark-2d0cfab4-cab0-446a-b001-6b620b6d1bfa/userFiles-9a8cde84-fc77-4e7b-b366-5a579a750d2a/fetchFileTemp12856127673183688938.tmp has been previously copied to /tmp/spark-2d0cfab4-cab0-446a-b001-6b620b6d1bfa/userFiles-9a8cde84-fc77-4e7b-b366-5a579a750d2a/com.google.code.findbugs_jsr305-3.0.0.jar
[2024-06-27T07:10:27.438+0000] {docker.py:436} INFO - 24/06/27 07:10:27 INFO Executor: Adding file:/tmp/spark-2d0cfab4-cab0-446a-b001-6b620b6d1bfa/userFiles-9a8cde84-fc77-4e7b-b366-5a579a750d2a/com.google.code.findbugs_jsr305-3.0.0.jar to class loader default
[2024-06-27T07:10:27.439+0000] {docker.py:436} INFO - 24/06/27 07:10:27 INFO Executor: Fetching spark://localhost:40277/jars/commons-logging_commons-logging-1.1.3.jar with timestamp 1719472224547
[2024-06-27T07:10:27.440+0000] {docker.py:436} INFO - 24/06/27 07:10:27 INFO Utils: Fetching spark://localhost:40277/jars/commons-logging_commons-logging-1.1.3.jar to /tmp/spark-2d0cfab4-cab0-446a-b001-6b620b6d1bfa/userFiles-9a8cde84-fc77-4e7b-b366-5a579a750d2a/fetchFileTemp14044020059302826026.tmp
[2024-06-27T07:10:27.444+0000] {docker.py:436} INFO - 24/06/27 07:10:27 INFO Utils: /tmp/spark-2d0cfab4-cab0-446a-b001-6b620b6d1bfa/userFiles-9a8cde84-fc77-4e7b-b366-5a579a750d2a/fetchFileTemp14044020059302826026.tmp has been previously copied to /tmp/spark-2d0cfab4-cab0-446a-b001-6b620b6d1bfa/userFiles-9a8cde84-fc77-4e7b-b366-5a579a750d2a/commons-logging_commons-logging-1.1.3.jar
[2024-06-27T07:10:27.448+0000] {docker.py:436} INFO - 24/06/27 07:10:27 INFO Executor: Adding file:/tmp/spark-2d0cfab4-cab0-446a-b001-6b620b6d1bfa/userFiles-9a8cde84-fc77-4e7b-b366-5a579a750d2a/commons-logging_commons-logging-1.1.3.jar to class loader default
[2024-06-27T07:10:27.449+0000] {docker.py:436} INFO - 24/06/27 07:10:27 INFO Executor: Fetching spark://localhost:40277/jars/org.xerial.snappy_snappy-java-1.1.8.4.jar with timestamp 1719472224547
[2024-06-27T07:10:27.452+0000] {docker.py:436} INFO - 24/06/27 07:10:27 INFO Utils: Fetching spark://localhost:40277/jars/org.xerial.snappy_snappy-java-1.1.8.4.jar to /tmp/spark-2d0cfab4-cab0-446a-b001-6b620b6d1bfa/userFiles-9a8cde84-fc77-4e7b-b366-5a579a750d2a/fetchFileTemp1771995717801607792.tmp
[2024-06-27T07:10:27.488+0000] {docker.py:436} INFO - 24/06/27 07:10:27 INFO Utils: /tmp/spark-2d0cfab4-cab0-446a-b001-6b620b6d1bfa/userFiles-9a8cde84-fc77-4e7b-b366-5a579a750d2a/fetchFileTemp1771995717801607792.tmp has been previously copied to /tmp/spark-2d0cfab4-cab0-446a-b001-6b620b6d1bfa/userFiles-9a8cde84-fc77-4e7b-b366-5a579a750d2a/org.xerial.snappy_snappy-java-1.1.8.4.jar
[2024-06-27T07:10:27.494+0000] {docker.py:436} INFO - 24/06/27 07:10:27 INFO Executor: Adding file:/tmp/spark-2d0cfab4-cab0-446a-b001-6b620b6d1bfa/userFiles-9a8cde84-fc77-4e7b-b366-5a579a750d2a/org.xerial.snappy_snappy-java-1.1.8.4.jar to class loader default
[2024-06-27T07:10:27.495+0000] {docker.py:436} INFO - 24/06/27 07:10:27 INFO Executor: Fetching spark://localhost:40277/jars/org.apache.spark_spark-token-provider-kafka-0-10_2.12-3.3.0.jar with timestamp 1719472224547
[2024-06-27T07:10:27.496+0000] {docker.py:436} INFO - 24/06/27 07:10:27 INFO Utils: Fetching spark://localhost:40277/jars/org.apache.spark_spark-token-provider-kafka-0-10_2.12-3.3.0.jar to /tmp/spark-2d0cfab4-cab0-446a-b001-6b620b6d1bfa/userFiles-9a8cde84-fc77-4e7b-b366-5a579a750d2a/fetchFileTemp2443132425756919603.tmp
[2024-06-27T07:10:27.505+0000] {docker.py:436} INFO - 24/06/27 07:10:27 INFO Utils: /tmp/spark-2d0cfab4-cab0-446a-b001-6b620b6d1bfa/userFiles-9a8cde84-fc77-4e7b-b366-5a579a750d2a/fetchFileTemp2443132425756919603.tmp has been previously copied to /tmp/spark-2d0cfab4-cab0-446a-b001-6b620b6d1bfa/userFiles-9a8cde84-fc77-4e7b-b366-5a579a750d2a/org.apache.spark_spark-token-provider-kafka-0-10_2.12-3.3.0.jar
[2024-06-27T07:10:27.517+0000] {docker.py:436} INFO - 24/06/27 07:10:27 INFO Executor: Adding file:/tmp/spark-2d0cfab4-cab0-446a-b001-6b620b6d1bfa/userFiles-9a8cde84-fc77-4e7b-b366-5a579a750d2a/org.apache.spark_spark-token-provider-kafka-0-10_2.12-3.3.0.jar to class loader default
[2024-06-27T07:10:27.518+0000] {docker.py:436} INFO - 24/06/27 07:10:27 INFO Executor: Fetching spark://localhost:40277/jars/org.apache.hadoop_hadoop-client-api-3.3.2.jar with timestamp 1719472224547
[2024-06-27T07:10:27.519+0000] {docker.py:436} INFO - 24/06/27 07:10:27 INFO Utils: Fetching spark://localhost:40277/jars/org.apache.hadoop_hadoop-client-api-3.3.2.jar to /tmp/spark-2d0cfab4-cab0-446a-b001-6b620b6d1bfa/userFiles-9a8cde84-fc77-4e7b-b366-5a579a750d2a/fetchFileTemp4219441017866791270.tmp
[2024-06-27T07:10:27.821+0000] {docker.py:436} INFO - 24/06/27 07:10:27 INFO Utils: /tmp/spark-2d0cfab4-cab0-446a-b001-6b620b6d1bfa/userFiles-9a8cde84-fc77-4e7b-b366-5a579a750d2a/fetchFileTemp4219441017866791270.tmp has been previously copied to /tmp/spark-2d0cfab4-cab0-446a-b001-6b620b6d1bfa/userFiles-9a8cde84-fc77-4e7b-b366-5a579a750d2a/org.apache.hadoop_hadoop-client-api-3.3.2.jar
[2024-06-27T07:10:27.831+0000] {docker.py:436} INFO - 24/06/27 07:10:27 INFO Executor: Adding file:/tmp/spark-2d0cfab4-cab0-446a-b001-6b620b6d1bfa/userFiles-9a8cde84-fc77-4e7b-b366-5a579a750d2a/org.apache.hadoop_hadoop-client-api-3.3.2.jar to class loader default
[2024-06-27T07:10:27.832+0000] {docker.py:436} INFO - 24/06/27 07:10:27 INFO Executor: Fetching spark://localhost:40277/jars/org.spark-project.spark_unused-1.0.0.jar with timestamp 1719472224547
[2024-06-27T07:10:27.833+0000] {docker.py:436} INFO - 24/06/27 07:10:27 INFO Utils: Fetching spark://localhost:40277/jars/org.spark-project.spark_unused-1.0.0.jar to /tmp/spark-2d0cfab4-cab0-446a-b001-6b620b6d1bfa/userFiles-9a8cde84-fc77-4e7b-b366-5a579a750d2a/fetchFileTemp1436006915580808474.tmp
[2024-06-27T07:10:27.837+0000] {docker.py:436} INFO - 24/06/27 07:10:27 INFO Utils: /tmp/spark-2d0cfab4-cab0-446a-b001-6b620b6d1bfa/userFiles-9a8cde84-fc77-4e7b-b366-5a579a750d2a/fetchFileTemp1436006915580808474.tmp has been previously copied to /tmp/spark-2d0cfab4-cab0-446a-b001-6b620b6d1bfa/userFiles-9a8cde84-fc77-4e7b-b366-5a579a750d2a/org.spark-project.spark_unused-1.0.0.jar
[2024-06-27T07:10:27.846+0000] {docker.py:436} INFO - 24/06/27 07:10:27 INFO Executor: Adding file:/tmp/spark-2d0cfab4-cab0-446a-b001-6b620b6d1bfa/userFiles-9a8cde84-fc77-4e7b-b366-5a579a750d2a/org.spark-project.spark_unused-1.0.0.jar to class loader default
[2024-06-27T07:10:27.847+0000] {docker.py:436} INFO - 24/06/27 07:10:27 INFO Executor: Fetching spark://localhost:40277/jars/org.postgresql_postgresql-42.2.2.jar with timestamp 1719472224547
[2024-06-27T07:10:27.847+0000] {docker.py:436} INFO - 24/06/27 07:10:27 INFO Utils: Fetching spark://localhost:40277/jars/org.postgresql_postgresql-42.2.2.jar to /tmp/spark-2d0cfab4-cab0-446a-b001-6b620b6d1bfa/userFiles-9a8cde84-fc77-4e7b-b366-5a579a750d2a/fetchFileTemp126612200564850096.tmp
[2024-06-27T07:10:27.856+0000] {docker.py:436} INFO - 24/06/27 07:10:27 INFO Utils: /tmp/spark-2d0cfab4-cab0-446a-b001-6b620b6d1bfa/userFiles-9a8cde84-fc77-4e7b-b366-5a579a750d2a/fetchFileTemp126612200564850096.tmp has been previously copied to /tmp/spark-2d0cfab4-cab0-446a-b001-6b620b6d1bfa/userFiles-9a8cde84-fc77-4e7b-b366-5a579a750d2a/org.postgresql_postgresql-42.2.2.jar
[2024-06-27T07:10:27.865+0000] {docker.py:436} INFO - 24/06/27 07:10:27 INFO Executor: Adding file:/tmp/spark-2d0cfab4-cab0-446a-b001-6b620b6d1bfa/userFiles-9a8cde84-fc77-4e7b-b366-5a579a750d2a/org.postgresql_postgresql-42.2.2.jar to class loader default
[2024-06-27T07:10:27.867+0000] {docker.py:436} INFO - 24/06/27 07:10:27 INFO Executor: Fetching spark://localhost:40277/jars/org.apache.hadoop_hadoop-client-runtime-3.3.2.jar with timestamp 1719472224547
[2024-06-27T07:10:27.868+0000] {docker.py:436} INFO - 24/06/27 07:10:27 INFO Utils: Fetching spark://localhost:40277/jars/org.apache.hadoop_hadoop-client-runtime-3.3.2.jar to /tmp/spark-2d0cfab4-cab0-446a-b001-6b620b6d1bfa/userFiles-9a8cde84-fc77-4e7b-b366-5a579a750d2a/fetchFileTemp16161177827010485419.tmp
[2024-06-27T07:10:28.180+0000] {docker.py:436} INFO - 24/06/27 07:10:28 INFO Utils: /tmp/spark-2d0cfab4-cab0-446a-b001-6b620b6d1bfa/userFiles-9a8cde84-fc77-4e7b-b366-5a579a750d2a/fetchFileTemp16161177827010485419.tmp has been previously copied to /tmp/spark-2d0cfab4-cab0-446a-b001-6b620b6d1bfa/userFiles-9a8cde84-fc77-4e7b-b366-5a579a750d2a/org.apache.hadoop_hadoop-client-runtime-3.3.2.jar
[2024-06-27T07:10:28.194+0000] {docker.py:436} INFO - 24/06/27 07:10:28 INFO Executor: Adding file:/tmp/spark-2d0cfab4-cab0-446a-b001-6b620b6d1bfa/userFiles-9a8cde84-fc77-4e7b-b366-5a579a750d2a/org.apache.hadoop_hadoop-client-runtime-3.3.2.jar to class loader default
[2024-06-27T07:10:28.195+0000] {docker.py:436} INFO - 24/06/27 07:10:28 INFO Executor: Fetching spark://localhost:40277/jars/org.apache.kafka_kafka-clients-2.8.1.jar with timestamp 1719472224547
24/06/27 07:10:28 INFO Utils: Fetching spark://localhost:40277/jars/org.apache.kafka_kafka-clients-2.8.1.jar to /tmp/spark-2d0cfab4-cab0-446a-b001-6b620b6d1bfa/userFiles-9a8cde84-fc77-4e7b-b366-5a579a750d2a/fetchFileTemp4806144527980726520.tmp
[2024-06-27T07:10:28.249+0000] {docker.py:436} INFO - 24/06/27 07:10:28 INFO Utils: /tmp/spark-2d0cfab4-cab0-446a-b001-6b620b6d1bfa/userFiles-9a8cde84-fc77-4e7b-b366-5a579a750d2a/fetchFileTemp4806144527980726520.tmp has been previously copied to /tmp/spark-2d0cfab4-cab0-446a-b001-6b620b6d1bfa/userFiles-9a8cde84-fc77-4e7b-b366-5a579a750d2a/org.apache.kafka_kafka-clients-2.8.1.jar
[2024-06-27T07:10:28.287+0000] {docker.py:436} INFO - 24/06/27 07:10:28 INFO Executor: Adding file:/tmp/spark-2d0cfab4-cab0-446a-b001-6b620b6d1bfa/userFiles-9a8cde84-fc77-4e7b-b366-5a579a750d2a/org.apache.kafka_kafka-clients-2.8.1.jar to class loader default
[2024-06-27T07:10:28.306+0000] {docker.py:436} INFO - 24/06/27 07:10:28 INFO Utils: Successfully started service 'org.apache.spark.network.netty.NettyBlockTransferService' on port 40685.
[2024-06-27T07:10:28.322+0000] {docker.py:436} INFO - 24/06/27 07:10:28 INFO NettyBlockTransferService: Server created on localhost:40685
[2024-06-27T07:10:28.322+0000] {docker.py:436} INFO - 24/06/27 07:10:28 INFO BlockManager: Using org.apache.spark.storage.RandomBlockReplicationPolicy for block replication policy
[2024-06-27T07:10:28.324+0000] {docker.py:436} INFO - 24/06/27 07:10:28 INFO BlockManagerMaster: Registering BlockManager BlockManagerId(driver, localhost, 40685, None)
[2024-06-27T07:10:28.331+0000] {docker.py:436} INFO - 24/06/27 07:10:28 INFO BlockManagerMasterEndpoint: Registering block manager localhost:40685 with 434.4 MiB RAM, BlockManagerId(driver, localhost, 40685, None)
[2024-06-27T07:10:28.336+0000] {docker.py:436} INFO - 24/06/27 07:10:28 INFO BlockManagerMaster: Registered BlockManager BlockManagerId(driver, localhost, 40685, None)
[2024-06-27T07:10:28.338+0000] {docker.py:436} INFO - 24/06/27 07:10:28 INFO BlockManager: Initialized BlockManager: BlockManagerId(driver, localhost, 40685, None)
[2024-06-27T07:10:29.166+0000] {docker.py:436} INFO - 2024-06-27 07:10:29,165:create_spark_session:INFO:Spark session created successfully
[2024-06-27T07:10:29.180+0000] {docker.py:436} INFO - 24/06/27 07:10:29 INFO SharedState: Setting hive.metastore.warehouse.dir ('null') to the value of spark.sql.warehouse.dir.
[2024-06-27T07:10:29.187+0000] {docker.py:436} INFO - 24/06/27 07:10:29 INFO SharedState: Warehouse path is 'file:/opt/bitnami/spark/spark-warehouse'.
[2024-06-27T07:10:32.191+0000] {docker.py:436} INFO - 2024-06-27 07:10:32,185:create_initial_dataframe:INFO:Initial dataframe created successfully:
[2024-06-27T07:10:33.626+0000] {docker.py:436} INFO - Traceback (most recent call last):
  File "/opt/bitnami/spark/scripts/spark_bronze_layer.py", line 135, in <module>
    write_to_postgres()
  File "/opt/bitnami/spark/scripts/spark_bronze_layer.py", line 123, in write_to_postgres
    final_df=final_df.select(F.substring(col("value"),11,30))
             ^^^^^^^^^^^^^^^^^^^^^^^^^^^^^^^^^^^^^^^^^^^^^^^^
  File "/opt/bitnami/spark/python/lib/pyspark.zip/pyspark/sql/dataframe.py", line 3227, in select
  File "/opt/bitnami/spark/python/lib/py4j-0.10.9.7-src.zip/py4j/java_gateway.py", line 1322, in __call__
  File "/opt/bitnami/spark/python/lib/pyspark.zip/pyspark/errors/exceptions/captured.py", line 185, in deco
pyspark.errors.exceptions.captured.AnalysisException
[2024-06-27T07:10:33.639+0000] {docker.py:436} INFO - : [UNRESOLVED_COLUMN.WITH_SUGGESTION] A column or function parameter with name `value` cannot be resolved. Did you mean one of the following? [`data`].;
'Project [unresolvedalias(substring('value, 11, 30), Some(org.apache.spark.sql.Column$$Lambda$1532/0x00007c3234a9e798@100c739f))]
+- Project [from_json(StructField(item_purchased,StringType,true), StructField(date_of_purchase,DateType,true), StructField(cost,FloatType,true), StructField(quantity,IntegerType,true), StructField(purchased_by,StringType,true), StructField(payment_method,StringType,true), value#21, Some(Etc/UTC)) AS data#23]
   +- Project [cast(value#8 as string) AS value#21]
      +- StreamingRelationV2 org.apache.spark.sql.kafka010.KafkaSourceProvider@5a75854c, kafka, org.apache.spark.sql.kafka010.KafkaSourceProvider$KafkaTable@5127b760, [startingOffsets=earliest, kafka.bootstrap.servers=kafka:9092, subscribe=store_source_data], [key#7, value#8, topic#9, partition#10, offset#11L, timestamp#12, timestampType#13], StreamingRelation DataSource(org.
[2024-06-27T07:10:33.646+0000] {docker.py:436} INFO - apache.spark.sql.SparkSession@7d241575,kafka,List(),None,List(),None,Map(kafka.bootstrap.servers -> kafka:9092, subscribe -> store_source_data, startingOffsets -> earliest),None), kafka, [key#0, value#1, topic#2, partition#3, offset#4L, timestamp#5, timestampType#6]

2024-06-27 07:10:33,638:close:INFO:Closing down clientserver connection
[2024-06-27T07:10:33.739+0000] {docker.py:436} INFO - 24/06/27 07:10:33 INFO SparkContext: Invoking stop() from shutdown hook
[2024-06-27T07:10:33.743+0000] {docker.py:436} INFO - 24/06/27 07:10:33 INFO SparkContext: SparkContext is stopping with exitCode 0.
[2024-06-27T07:10:33.762+0000] {docker.py:436} INFO - 24/06/27 07:10:33 INFO SparkUI: Stopped Spark web UI at http://localhost:4040
[2024-06-27T07:10:33.801+0000] {docker.py:436} INFO - 24/06/27 07:10:33 INFO MapOutputTrackerMasterEndpoint: MapOutputTrackerMasterEndpoint stopped!
[2024-06-27T07:10:33.865+0000] {docker.py:436} INFO - 24/06/27 07:10:33 INFO MemoryStore: MemoryStore cleared
[2024-06-27T07:10:33.866+0000] {docker.py:436} INFO - 24/06/27 07:10:33 INFO BlockManager: BlockManager stopped
[2024-06-27T07:10:33.881+0000] {docker.py:436} INFO - 24/06/27 07:10:33 INFO BlockManagerMaster: BlockManagerMaster stopped
[2024-06-27T07:10:33.889+0000] {docker.py:436} INFO - 24/06/27 07:10:33 INFO OutputCommitCoordinator$OutputCommitCoordinatorEndpoint: OutputCommitCoordinator stopped!
[2024-06-27T07:10:33.926+0000] {docker.py:436} INFO - 24/06/27 07:10:33 INFO SparkContext: Successfully stopped SparkContext
[2024-06-27T07:10:33.927+0000] {docker.py:436} INFO - 24/06/27 07:10:33 INFO ShutdownHookManager: Shutdown hook called
[2024-06-27T07:10:33.929+0000] {docker.py:436} INFO - 24/06/27 07:10:33 INFO ShutdownHookManager: Deleting directory /tmp/spark-2d0cfab4-cab0-446a-b001-6b620b6d1bfa/pyspark-11193d2a-30d4-448a-a74f-8204b64bf0da
[2024-06-27T07:10:33.935+0000] {docker.py:436} INFO - 24/06/27 07:10:33 INFO ShutdownHookManager: Deleting directory /tmp/spark-f5c195d6-a0c6-4281-8b58-bea1261ed25e
[2024-06-27T07:10:33.946+0000] {docker.py:436} INFO - 24/06/27 07:10:33 INFO ShutdownHookManager: Deleting directory /tmp/spark-2d0cfab4-cab0-446a-b001-6b620b6d1bfa
[2024-06-27T07:10:34.287+0000] {taskinstance.py:441} INFO - ::group::Post task execution logs
[2024-06-27T07:10:34.297+0000] {taskinstance.py:2905} ERROR - Task failed with exception
Traceback (most recent call last):
  File "/home/airflow/.local/lib/python3.12/site-packages/docker/api/client.py", line 265, in _raise_for_status
    response.raise_for_status()
  File "/home/airflow/.local/lib/python3.12/site-packages/requests/models.py", line 1021, in raise_for_status
    raise HTTPError(http_error_msg, response=self)
requests.exceptions.HTTPError: 400 Client Error: Bad Request for url: http://docker-proxy:2375/v1.45/containers/create

The above exception was the direct cause of the following exception:

Traceback (most recent call last):
  File "/home/airflow/.local/lib/python3.12/site-packages/airflow/providers/docker/operators/docker.py", line 371, in _run_image
    return self._run_image_with_mounts([*self.mounts, tmp_mount], add_tmp_variable=True)
           ^^^^^^^^^^^^^^^^^^^^^^^^^^^^^^^^^^^^^^^^^^^^^^^^^^^^^^^^^^^^^^^^^^^^^^^^^^^^^
  File "/home/airflow/.local/lib/python3.12/site-packages/airflow/providers/docker/operators/docker.py", line 398, in _run_image_with_mounts
    self.container = self.cli.create_container(
                     ^^^^^^^^^^^^^^^^^^^^^^^^^^
  File "/home/airflow/.local/lib/python3.12/site-packages/docker/api/container.py", line 439, in create_container
    return self.create_container_from_config(config, name, platform)
           ^^^^^^^^^^^^^^^^^^^^^^^^^^^^^^^^^^^^^^^^^^^^^^^^^^^^^^^^^
  File "/home/airflow/.local/lib/python3.12/site-packages/docker/api/container.py", line 456, in create_container_from_config
    return self._result(res, True)
           ^^^^^^^^^^^^^^^^^^^^^^^
  File "/home/airflow/.local/lib/python3.12/site-packages/docker/api/client.py", line 271, in _result
    self._raise_for_status(response)
  File "/home/airflow/.local/lib/python3.12/site-packages/docker/api/client.py", line 267, in _raise_for_status
    raise create_api_error_from_http_exception(e) from e
          ^^^^^^^^^^^^^^^^^^^^^^^^^^^^^^^^^^^^^^^
  File "/home/airflow/.local/lib/python3.12/site-packages/docker/errors.py", line 39, in create_api_error_from_http_exception
    raise cls(e, response=response, explanation=explanation) from e
docker.errors.APIError: 400 Client Error for http://docker-proxy:2375/v1.45/containers/create: Bad Request ("invalid mount config for type "bind": bind source path does not exist: /tmp/airflowtmpdmblpll_")

During handling of the above exception, another exception occurred:

Traceback (most recent call last):
  File "/home/airflow/.local/lib/python3.12/site-packages/airflow/models/taskinstance.py", line 465, in _execute_task
    result = _execute_callable(context=context, **execute_callable_kwargs)
             ^^^^^^^^^^^^^^^^^^^^^^^^^^^^^^^^^^^^^^^^^^^^^^^^^^^^^^^^^^^^^
  File "/home/airflow/.local/lib/python3.12/site-packages/airflow/models/taskinstance.py", line 432, in _execute_callable
    return execute_callable(context=context, **execute_callable_kwargs)
           ^^^^^^^^^^^^^^^^^^^^^^^^^^^^^^^^^^^^^^^^^^^^^^^^^^^^^^^^^^^^
  File "/home/airflow/.local/lib/python3.12/site-packages/airflow/models/baseoperator.py", line 400, in wrapper
    return func(self, *args, **kwargs)
           ^^^^^^^^^^^^^^^^^^^^^^^^^^^
  File "/home/airflow/.local/lib/python3.12/site-packages/airflow/providers/docker/operators/docker.py", line 509, in execute
    return self._run_image()
           ^^^^^^^^^^^^^^^^^
  File "/home/airflow/.local/lib/python3.12/site-packages/airflow/providers/docker/operators/docker.py", line 380, in _run_image
    return self._run_image_with_mounts(self.mounts, add_tmp_variable=False)
           ^^^^^^^^^^^^^^^^^^^^^^^^^^^^^^^^^^^^^^^^^^^^^^^^^^^^^^^^^^^^^^^^
  File "/home/airflow/.local/lib/python3.12/site-packages/airflow/providers/docker/operators/docker.py", line 444, in _run_image_with_mounts
    raise DockerContainerFailedException(f"Docker container failed: {result!r}", logs=log_lines)
airflow.providers.docker.exceptions.DockerContainerFailedException: Docker container failed: {'StatusCode': 1}
[2024-06-27T07:10:34.304+0000] {taskinstance.py:1206} INFO - Marking task as FAILED. dag_id=Stage_1, task_id=run_bronze_job, run_id=manual__2024-06-27T07:09:55.727729+00:00, execution_date=20240627T070955, start_date=20240627T071001, end_date=20240627T071034
[2024-06-27T07:10:34.316+0000] {standard_task_runner.py:110} ERROR - Failed to execute job 121 for task run_bronze_job (Docker container failed: {'StatusCode': 1}; 313)
[2024-06-27T07:10:34.337+0000] {local_task_job_runner.py:240} INFO - Task exited with return code 1
[2024-06-27T07:10:34.351+0000] {taskinstance.py:3498} INFO - 0 downstream tasks scheduled from follow-on schedule check
[2024-06-27T07:10:34.353+0000] {local_task_job_runner.py:222} INFO - ::endgroup::
