[2024-06-27T07:53:03.639+0000] {local_task_job_runner.py:120} INFO - ::group::Pre task execution logs
[2024-06-27T07:53:03.677+0000] {taskinstance.py:2076} INFO - Dependencies all met for dep_context=non-requeueable deps ti=<TaskInstance: Stage_1.run_bronze_job manual__2024-06-27T07:52:55.520278+00:00 [queued]>
[2024-06-27T07:53:03.688+0000] {taskinstance.py:2076} INFO - Dependencies all met for dep_context=requeueable deps ti=<TaskInstance: Stage_1.run_bronze_job manual__2024-06-27T07:52:55.520278+00:00 [queued]>
[2024-06-27T07:53:03.688+0000] {taskinstance.py:2306} INFO - Starting attempt 1 of 1
[2024-06-27T07:53:03.703+0000] {taskinstance.py:2330} INFO - Executing <Task(DockerOperator): run_bronze_job> on 2024-06-27 07:52:55.520278+00:00
[2024-06-27T07:53:03.711+0000] {logging_mixin.py:188} WARNING - /home/***/.local/lib/python3.12/site-packages/***/task/task_runner/standard_task_runner.py:61 DeprecationWarning: This process (pid=918) is multi-threaded, use of fork() may lead to deadlocks in the child.
[2024-06-27T07:53:03.712+0000] {standard_task_runner.py:63} INFO - Started process 919 to run task
[2024-06-27T07:53:03.711+0000] {standard_task_runner.py:90} INFO - Running: ['***', 'tasks', 'run', 'Stage_1', 'run_bronze_job', 'manual__2024-06-27T07:52:55.520278+00:00', '--job-id', '201', '--raw', '--subdir', 'DAGS_FOLDER/kafka_dag.py', '--cfg-path', '/tmp/tmpo2pbkz04']
[2024-06-27T07:53:03.713+0000] {standard_task_runner.py:91} INFO - Job 201: Subtask run_bronze_job
[2024-06-27T07:53:03.726+0000] {logging_mixin.py:188} WARNING - /home/***/.local/lib/python3.12/site-packages/***/settings.py:195 DeprecationWarning: The sql_alchemy_conn option in [core] has been moved to the sql_alchemy_conn option in [database] - the old setting has been used, but please update your config.
[2024-06-27T07:53:03.758+0000] {task_command.py:426} INFO - Running <TaskInstance: Stage_1.run_bronze_job manual__2024-06-27T07:52:55.520278+00:00 [running]> on host 08bfa8b73cac
[2024-06-27T07:53:03.857+0000] {taskinstance.py:2648} INFO - Exporting env vars: AIRFLOW_CTX_DAG_OWNER='***' AIRFLOW_CTX_DAG_ID='Stage_1' AIRFLOW_CTX_TASK_ID='run_bronze_job' AIRFLOW_CTX_EXECUTION_DATE='2024-06-27T07:52:55.520278+00:00' AIRFLOW_CTX_TRY_NUMBER='1' AIRFLOW_CTX_DAG_RUN_ID='manual__2024-06-27T07:52:55.520278+00:00'
[2024-06-27T07:53:03.857+0000] {taskinstance.py:430} INFO - ::endgroup::
[2024-06-27T07:53:03.890+0000] {docker.py:366} INFO - Starting docker container from image bitnami/spark:latest
[2024-06-27T07:53:03.893+0000] {docker.py:374} WARNING - Using remote engine or docker-in-docker and mounting temporary volume from host is not supported. Falling back to `mount_tmp_dir=False` mode. You can set `mount_tmp_dir` parameter to False to disable mounting and remove the warning
[2024-06-27T07:53:04.407+0000] {docker.py:436} INFO - [38;5;6mspark [38;5;5m07:53:04.40 [0m[38;5;2mINFO [0m ==>
[2024-06-27T07:53:04.410+0000] {docker.py:436} INFO - [38;5;6mspark [38;5;5m07:53:04.40 [0m[38;5;2mINFO [0m ==> [1mWelcome to the Bitnami spark container[0m
[2024-06-27T07:53:04.413+0000] {docker.py:436} INFO - [38;5;6mspark [38;5;5m07:53:04.41 [0m[38;5;2mINFO [0m ==> Subscribe to project updates by watching [1mhttps://github.com/bitnami/containers[0m
[2024-06-27T07:53:04.420+0000] {docker.py:436} INFO - [38;5;6mspark [38;5;5m07:53:04.41 [0m[38;5;2mINFO [0m ==> Submit issues and feature requests at [1mhttps://github.com/bitnami/containers/issues[0m
[2024-06-27T07:53:04.421+0000] {docker.py:436} INFO - [38;5;6mspark [38;5;5m07:53:04.41 [0m[38;5;2mINFO [0m ==> Upgrade to Tanzu Application Catalog for production environments to access custom-configured and pre-packaged software components. Gain enhanced features, including Software Bill of Materials (SBOM), CVE scan result reports, and VEX documents. To learn more, visit [1mhttps://bitnami.com/enterprise[0m
[2024-06-27T07:53:04.423+0000] {docker.py:436} INFO - [38;5;6mspark [38;5;5m07:53:04.42 [0m[38;5;2mINFO [0m ==>
[2024-06-27T07:53:04.438+0000] {docker.py:436} INFO - 
[2024-06-27T07:53:06.993+0000] {docker.py:436} INFO - :: loading settings :: url = jar:file:/opt/bitnami/spark/jars/ivy-2.5.1.jar!/org/apache/ivy/core/settings/ivysettings.xml
[2024-06-27T07:53:07.103+0000] {docker.py:436} INFO - Ivy Default Cache set to: /opt/bitnami/spark/.ivy2/cache
The jars for the packages stored in: /opt/bitnami/spark/.ivy2/jars
[2024-06-27T07:53:07.111+0000] {docker.py:436} INFO - org.apache.spark#spark-sql-kafka-0-10_2.12 added as a dependency
[2024-06-27T07:53:07.112+0000] {docker.py:436} INFO - org.postgresql#postgresql added as a dependency
[2024-06-27T07:53:07.113+0000] {docker.py:436} INFO - :: resolving dependencies :: org.apache.spark#spark-submit-parent-fa6d8963-9952-4365-94ad-1fb156748390;1.0
	confs: [default]
[2024-06-27T07:53:09.195+0000] {docker.py:436} INFO - found org.apache.spark#spark-sql-kafka-0-10_2.12;3.3.0 in central
[2024-06-27T07:53:09.967+0000] {docker.py:436} INFO - found org.apache.spark#spark-token-provider-kafka-0-10_2.12;3.3.0 in central
[2024-06-27T07:53:10.074+0000] {docker.py:436} INFO - found org.apache.kafka#kafka-clients;2.8.1 in central
[2024-06-27T07:53:10.167+0000] {docker.py:436} INFO - found org.lz4#lz4-java;1.8.0 in central
[2024-06-27T07:53:10.262+0000] {docker.py:436} INFO - found org.xerial.snappy#snappy-java;1.1.8.4 in central
[2024-06-27T07:53:11.122+0000] {docker.py:436} INFO - found org.slf4j#slf4j-api;1.7.32 in central
[2024-06-27T07:53:12.743+0000] {docker.py:436} INFO - found org.apache.hadoop#hadoop-client-runtime;3.3.2 in central
[2024-06-27T07:53:12.940+0000] {docker.py:436} INFO - found org.spark-project.spark#unused;1.0.0 in central
[2024-06-27T07:53:13.123+0000] {docker.py:436} INFO - found org.apache.hadoop#hadoop-client-api;3.3.2 in central
[2024-06-27T07:53:13.990+0000] {docker.py:436} INFO - found commons-logging#commons-logging;1.1.3 in central
[2024-06-27T07:53:14.045+0000] {docker.py:436} INFO - found com.google.code.findbugs#jsr305;3.0.0 in central
[2024-06-27T07:53:14.366+0000] {docker.py:436} INFO - found org.apache.commons#commons-pool2;2.11.1 in central
[2024-06-27T07:53:15.896+0000] {docker.py:436} INFO - found org.postgresql#postgresql;42.2.2 in central
[2024-06-27T07:53:15.917+0000] {docker.py:436} INFO - downloading https://repo1.maven.org/maven2/org/apache/spark/spark-sql-kafka-0-10_2.12/3.3.0/spark-sql-kafka-0-10_2.12-3.3.0.jar ...
[2024-06-27T07:53:15.983+0000] {docker.py:436} INFO - [SUCCESSFUL ] org.apache.spark#spark-sql-kafka-0-10_2.12;3.3.0!spark-sql-kafka-0-10_2.12.jar (75ms)
[2024-06-27T07:53:16.005+0000] {docker.py:436} INFO - downloading https://repo1.maven.org/maven2/org/postgresql/postgresql/42.2.2/postgresql-42.2.2.jar ...
[2024-06-27T07:53:16.109+0000] {docker.py:436} INFO - [SUCCESSFUL ] org.postgresql#postgresql;42.2.2!postgresql.jar(bundle) (122ms)
[2024-06-27T07:53:16.131+0000] {docker.py:436} INFO - downloading https://repo1.maven.org/maven2/org/apache/spark/spark-token-provider-kafka-0-10_2.12/3.3.0/spark-token-provider-kafka-0-10_2.12-3.3.0.jar ...
[2024-06-27T07:53:16.150+0000] {docker.py:436} INFO - [SUCCESSFUL ] org.apache.spark#spark-token-provider-kafka-0-10_2.12;3.3.0!spark-token-provider-kafka-0-10_2.12.jar (30ms)
[2024-06-27T07:53:16.163+0000] {docker.py:436} INFO - downloading https://repo1.maven.org/maven2/org/apache/kafka/kafka-clients/2.8.1/kafka-clients-2.8.1.jar ...
[2024-06-27T07:53:16.745+0000] {docker.py:436} INFO - [SUCCESSFUL ] org.apache.kafka#kafka-clients;2.8.1!kafka-clients.jar (594ms)
[2024-06-27T07:53:16.780+0000] {docker.py:436} INFO - downloading https://repo1.maven.org/maven2/com/google/code/findbugs/jsr305/3.0.0/jsr305-3.0.0.jar ...
[2024-06-27T07:53:16.793+0000] {docker.py:436} INFO - [SUCCESSFUL ] com.google.code.findbugs#jsr305;3.0.0!jsr305.jar (47ms)
[2024-06-27T07:53:16.803+0000] {docker.py:436} INFO - downloading https://repo1.maven.org/maven2/org/apache/commons/commons-pool2/2.11.1/commons-pool2-2.11.1.jar ...
[2024-06-27T07:53:16.829+0000] {docker.py:436} INFO - [SUCCESSFUL ] org.apache.commons#commons-pool2;2.11.1!commons-pool2.jar (32ms)
[2024-06-27T07:53:16.840+0000] {docker.py:436} INFO - downloading https://repo1.maven.org/maven2/org/spark-project/spark/unused/1.0.0/unused-1.0.0.jar ...
[2024-06-27T07:53:16.862+0000] {docker.py:436} INFO - [SUCCESSFUL ] org.spark-project.spark#unused;1.0.0!unused.jar (30ms)
[2024-06-27T07:53:16.872+0000] {docker.py:436} INFO - downloading https://repo1.maven.org/maven2/org/apache/hadoop/hadoop-client-runtime/3.3.2/hadoop-client-runtime-3.3.2.jar ...
[2024-06-27T07:53:20.325+0000] {docker.py:436} INFO - [SUCCESSFUL ] org.apache.hadoop#hadoop-client-runtime;3.3.2!hadoop-client-runtime.jar (3462ms)
[2024-06-27T07:53:20.349+0000] {docker.py:436} INFO - downloading https://repo1.maven.org/maven2/org/lz4/lz4-java/1.8.0/lz4-java-1.8.0.jar ...
[2024-06-27T07:53:20.441+0000] {docker.py:436} INFO - [SUCCESSFUL ] org.lz4#lz4-java;1.8.0!lz4-java.jar (115ms)
[2024-06-27T07:53:20.455+0000] {docker.py:436} INFO - downloading https://repo1.maven.org/maven2/org/xerial/snappy/snappy-java/1.1.8.4/snappy-java-1.1.8.4.jar ...
[2024-06-27T07:53:20.693+0000] {docker.py:436} INFO - [SUCCESSFUL ] org.xerial.snappy#snappy-java;1.1.8.4!snappy-java.jar(bundle) (251ms)
[2024-06-27T07:53:20.706+0000] {docker.py:436} INFO - downloading https://repo1.maven.org/maven2/org/slf4j/slf4j-api/1.7.32/slf4j-api-1.7.32.jar ...
[2024-06-27T07:53:20.741+0000] {docker.py:436} INFO - [SUCCESSFUL ] org.slf4j#slf4j-api;1.7.32!slf4j-api.jar (46ms)
[2024-06-27T07:53:20.754+0000] {docker.py:436} INFO - downloading https://repo1.maven.org/maven2/org/apache/hadoop/hadoop-client-api/3.3.2/hadoop-client-api-3.3.2.jar ...
[2024-06-27T07:53:23.251+0000] {docker.py:436} INFO - [SUCCESSFUL ] org.apache.hadoop#hadoop-client-api;3.3.2!hadoop-client-api.jar (2509ms)
[2024-06-27T07:53:23.260+0000] {docker.py:436} INFO - downloading https://repo1.maven.org/maven2/commons-logging/commons-logging/1.1.3/commons-logging-1.1.3.jar ...
[2024-06-27T07:53:23.280+0000] {docker.py:436} INFO - [SUCCESSFUL ] commons-logging#commons-logging;1.1.3!commons-logging.jar (27ms)
[2024-06-27T07:53:23.280+0000] {docker.py:436} INFO - :: resolution report :: resolve 8794ms :: artifacts dl 7374ms
[2024-06-27T07:53:23.281+0000] {docker.py:436} INFO - :: modules in use:
[2024-06-27T07:53:23.281+0000] {docker.py:436} INFO - com.google.code.findbugs#jsr305;3.0.0 from central in [default]
[2024-06-27T07:53:23.282+0000] {docker.py:436} INFO - commons-logging#commons-logging;1.1.3 from central in [default]
	org.apache.commons#commons-pool2;2.11.1 from central in [default]
[2024-06-27T07:53:23.282+0000] {docker.py:436} INFO - org.apache.hadoop#hadoop-client-api;3.3.2 from central in [default]
[2024-06-27T07:53:23.283+0000] {docker.py:436} INFO - org.apache.hadoop#hadoop-client-runtime;3.3.2 from central in [default]
[2024-06-27T07:53:23.283+0000] {docker.py:436} INFO - org.apache.kafka#kafka-clients;2.8.1 from central in [default]
	org.apache.spark#spark-sql-kafka-0-10_2.12;3.3.0 from central in [default]
[2024-06-27T07:53:23.284+0000] {docker.py:436} INFO - org.apache.spark#spark-token-provider-kafka-0-10_2.12;3.3.0 from central in [default]
[2024-06-27T07:53:23.284+0000] {docker.py:436} INFO - org.lz4#lz4-java;1.8.0 from central in [default]
[2024-06-27T07:53:23.285+0000] {docker.py:436} INFO - org.postgresql#postgresql;42.2.2 from central in [default]
[2024-06-27T07:53:23.285+0000] {docker.py:436} INFO - org.slf4j#slf4j-api;1.7.32 from central in [default]
[2024-06-27T07:53:23.286+0000] {docker.py:436} INFO - org.spark-project.spark#unused;1.0.0 from central in [default]
	org.xerial.snappy#snappy-java;1.1.8.4 from central in [default]
[2024-06-27T07:53:23.286+0000] {docker.py:436} INFO - ---------------------------------------------------------------------
[2024-06-27T07:53:23.287+0000] {docker.py:436} INFO - |                  |            modules            ||   artifacts   |
[2024-06-27T07:53:23.287+0000] {docker.py:436} INFO - |       conf       | number| search|dwnlded|evicted|| number|dwnlded|
	---------------------------------------------------------------------
[2024-06-27T07:53:23.288+0000] {docker.py:436} INFO - |      default     |   13  |   13  |   13  |   0   ||   13  |   13  |
[2024-06-27T07:53:23.288+0000] {docker.py:436} INFO - ---------------------------------------------------------------------
[2024-06-27T07:53:23.295+0000] {docker.py:436} INFO - :: retrieving :: org.apache.spark#spark-submit-parent-fa6d8963-9952-4365-94ad-1fb156748390
[2024-06-27T07:53:23.296+0000] {docker.py:436} INFO - confs: [default]
[2024-06-27T07:53:23.394+0000] {docker.py:436} INFO - 13 artifacts copied, 0 already retrieved (57403kB/99ms)
[2024-06-27T07:53:23.779+0000] {docker.py:436} INFO - 24/06/27 07:53:23 WARN NativeCodeLoader: Unable to load native-hadoop library for your platform... using builtin-java classes where applicable
[2024-06-27T07:53:25.268+0000] {docker.py:436} INFO - 24/06/27 07:53:25 INFO SparkContext: Running Spark version 3.5.1
[2024-06-27T07:53:25.278+0000] {docker.py:436} INFO - 24/06/27 07:53:25 INFO SparkContext: OS info Linux, 6.5.0-41-generic, amd64
24/06/27 07:53:25 INFO SparkContext: Java version 17.0.11
[2024-06-27T07:53:25.313+0000] {docker.py:436} INFO - 24/06/27 07:53:25 INFO ResourceUtils: ==============================================================
[2024-06-27T07:53:25.314+0000] {docker.py:436} INFO - 24/06/27 07:53:25 INFO ResourceUtils: No custom resources configured for spark.driver.
[2024-06-27T07:53:25.317+0000] {docker.py:436} INFO - 24/06/27 07:53:25 INFO ResourceUtils: ==============================================================
[2024-06-27T07:53:25.317+0000] {docker.py:436} INFO - 24/06/27 07:53:25 INFO SparkContext: Submitted application: PostgreSQL Connection with PySpark
[2024-06-27T07:53:25.363+0000] {docker.py:436} INFO - 24/06/27 07:53:25 INFO ResourceProfile: Default ResourceProfile created, executor resources: Map(cores -> name: cores, amount: 1, script: , vendor: , memory -> name: memory, amount: 1024, script: , vendor: , offHeap -> name: offHeap, amount: 0, script: , vendor: ), task resources: Map(cpus -> name: cpus, amount: 1.0)
[2024-06-27T07:53:25.383+0000] {docker.py:436} INFO - 24/06/27 07:53:25 INFO ResourceProfile: Limiting resource is cpu
[2024-06-27T07:53:25.387+0000] {docker.py:436} INFO - 24/06/27 07:53:25 INFO ResourceProfileManager: Added ResourceProfile id: 0
[2024-06-27T07:53:25.547+0000] {docker.py:436} INFO - 24/06/27 07:53:25 INFO SecurityManager: Changing view acls to: spark
[2024-06-27T07:53:25.548+0000] {docker.py:436} INFO - 24/06/27 07:53:25 INFO SecurityManager: Changing modify acls to: spark
[2024-06-27T07:53:25.550+0000] {docker.py:436} INFO - 24/06/27 07:53:25 INFO SecurityManager: Changing view acls groups to:
[2024-06-27T07:53:25.552+0000] {docker.py:436} INFO - 24/06/27 07:53:25 INFO SecurityManager: Changing modify acls groups to:
[2024-06-27T07:53:25.554+0000] {docker.py:436} INFO - 24/06/27 07:53:25 INFO SecurityManager: SecurityManager: authentication disabled; ui acls disabled; users with view permissions: spark; groups with view permissions: EMPTY; users with modify permissions: spark; groups with modify permissions: EMPTY
[2024-06-27T07:53:25.996+0000] {docker.py:436} INFO - 24/06/27 07:53:25 INFO Utils: Successfully started service 'sparkDriver' on port 42471.
[2024-06-27T07:53:26.044+0000] {docker.py:436} INFO - 24/06/27 07:53:26 INFO SparkEnv: Registering MapOutputTracker
[2024-06-27T07:53:26.122+0000] {docker.py:436} INFO - 24/06/27 07:53:26 INFO SparkEnv: Registering BlockManagerMaster
[2024-06-27T07:53:26.154+0000] {docker.py:436} INFO - 24/06/27 07:53:26 INFO BlockManagerMasterEndpoint: Using org.apache.spark.storage.DefaultTopologyMapper for getting topology information
[2024-06-27T07:53:26.155+0000] {docker.py:436} INFO - 24/06/27 07:53:26 INFO BlockManagerMasterEndpoint: BlockManagerMasterEndpoint up
[2024-06-27T07:53:26.160+0000] {docker.py:436} INFO - 24/06/27 07:53:26 INFO SparkEnv: Registering BlockManagerMasterHeartbeat
[2024-06-27T07:53:26.187+0000] {docker.py:436} INFO - 24/06/27 07:53:26 INFO DiskBlockManager: Created local directory at /tmp/blockmgr-26b73ddf-295a-456b-bf68-778ea57ac637
[2024-06-27T07:53:26.205+0000] {docker.py:436} INFO - 24/06/27 07:53:26 INFO MemoryStore: MemoryStore started with capacity 434.4 MiB
[2024-06-27T07:53:26.235+0000] {docker.py:436} INFO - 24/06/27 07:53:26 INFO SparkEnv: Registering OutputCommitCoordinator
[2024-06-27T07:53:26.417+0000] {docker.py:436} INFO - 24/06/27 07:53:26 INFO JettyUtils: Start Jetty 0.0.0.0:4040 for SparkUI
[2024-06-27T07:53:26.551+0000] {docker.py:436} INFO - 24/06/27 07:53:26 INFO Utils: Successfully started service 'SparkUI' on port 4040.
[2024-06-27T07:53:26.615+0000] {docker.py:436} INFO - 24/06/27 07:53:26 INFO SparkContext: Added JAR file:///opt/bitnami/spark/.ivy2/jars/org.apache.spark_spark-sql-kafka-0-10_2.12-3.3.0.jar at spark://localhost:42471/jars/org.apache.spark_spark-sql-kafka-0-10_2.12-3.3.0.jar with timestamp 1719474805253
[2024-06-27T07:53:26.616+0000] {docker.py:436} INFO - 24/06/27 07:53:26 INFO SparkContext: Added JAR file:///opt/bitnami/spark/.ivy2/jars/org.postgresql_postgresql-42.2.2.jar at spark://localhost:42471/jars/org.postgresql_postgresql-42.2.2.jar with timestamp 1719474805253
24/06/27 07:53:26 INFO SparkContext: Added JAR file:///opt/bitnami/spark/.ivy2/jars/org.apache.spark_spark-token-provider-kafka-0-10_2.12-3.3.0.jar at spark://localhost:42471/jars/org.apache.spark_spark-token-provider-kafka-0-10_2.12-3.3.0.jar with timestamp 1719474805253
[2024-06-27T07:53:26.617+0000] {docker.py:436} INFO - 24/06/27 07:53:26 INFO SparkContext: Added JAR file:///opt/bitnami/spark/.ivy2/jars/org.apache.kafka_kafka-clients-2.8.1.jar at spark://localhost:42471/jars/org.apache.kafka_kafka-clients-2.8.1.jar with timestamp 1719474805253
[2024-06-27T07:53:26.617+0000] {docker.py:436} INFO - 24/06/27 07:53:26 INFO SparkContext: Added JAR file:///opt/bitnami/spark/.ivy2/jars/com.google.code.findbugs_jsr305-3.0.0.jar at spark://localhost:42471/jars/com.google.code.findbugs_jsr305-3.0.0.jar with timestamp 1719474805253
[2024-06-27T07:53:26.618+0000] {docker.py:436} INFO - 24/06/27 07:53:26 INFO SparkContext: Added JAR file:///opt/bitnami/spark/.ivy2/jars/org.apache.commons_commons-pool2-2.11.1.jar at spark://localhost:42471/jars/org.apache.commons_commons-pool2-2.11.1.jar with timestamp 1719474805253
[2024-06-27T07:53:26.618+0000] {docker.py:436} INFO - 24/06/27 07:53:26 INFO SparkContext: Added JAR file:///opt/bitnami/spark/.ivy2/jars/org.spark-project.spark_unused-1.0.0.jar at spark://localhost:42471/jars/org.spark-project.spark_unused-1.0.0.jar with timestamp 1719474805253
[2024-06-27T07:53:26.619+0000] {docker.py:436} INFO - 24/06/27 07:53:26 INFO SparkContext: Added JAR file:///opt/bitnami/spark/.ivy2/jars/org.apache.hadoop_hadoop-client-runtime-3.3.2.jar at spark://localhost:42471/jars/org.apache.hadoop_hadoop-client-runtime-3.3.2.jar with timestamp 1719474805253
[2024-06-27T07:53:26.620+0000] {docker.py:436} INFO - 24/06/27 07:53:26 INFO SparkContext: Added JAR file:///opt/bitnami/spark/.ivy2/jars/org.lz4_lz4-java-1.8.0.jar at spark://localhost:42471/jars/org.lz4_lz4-java-1.8.0.jar with timestamp 1719474805253
[2024-06-27T07:53:26.620+0000] {docker.py:436} INFO - 24/06/27 07:53:26 INFO SparkContext: Added JAR file:///opt/bitnami/spark/.ivy2/jars/org.xerial.snappy_snappy-java-1.1.8.4.jar at spark://localhost:42471/jars/org.xerial.snappy_snappy-java-1.1.8.4.jar with timestamp 1719474805253
[2024-06-27T07:53:26.622+0000] {docker.py:436} INFO - 24/06/27 07:53:26 INFO SparkContext: Added JAR file:///opt/bitnami/spark/.ivy2/jars/org.slf4j_slf4j-api-1.7.32.jar at spark://localhost:42471/jars/org.slf4j_slf4j-api-1.7.32.jar with timestamp 1719474805253
[2024-06-27T07:53:26.623+0000] {docker.py:436} INFO - 24/06/27 07:53:26 INFO SparkContext: Added JAR file:///opt/bitnami/spark/.ivy2/jars/org.apache.hadoop_hadoop-client-api-3.3.2.jar at spark://localhost:42471/jars/org.apache.hadoop_hadoop-client-api-3.3.2.jar with timestamp 1719474805253
[2024-06-27T07:53:26.625+0000] {docker.py:436} INFO - 24/06/27 07:53:26 INFO SparkContext: Added JAR file:///opt/bitnami/spark/.ivy2/jars/commons-logging_commons-logging-1.1.3.jar at spark://localhost:42471/jars/commons-logging_commons-logging-1.1.3.jar with timestamp 1719474805253
[2024-06-27T07:53:26.648+0000] {docker.py:436} INFO - 24/06/27 07:53:26 INFO SparkContext: Added file file:///opt/bitnami/spark/.ivy2/jars/org.apache.spark_spark-sql-kafka-0-10_2.12-3.3.0.jar at file:///opt/bitnami/spark/.ivy2/jars/org.apache.spark_spark-sql-kafka-0-10_2.12-3.3.0.jar with timestamp 1719474805253
[2024-06-27T07:53:26.652+0000] {docker.py:436} INFO - 24/06/27 07:53:26 INFO Utils: Copying /opt/bitnami/spark/.ivy2/jars/org.apache.spark_spark-sql-kafka-0-10_2.12-3.3.0.jar to /tmp/spark-9787a0ff-9d08-4037-929e-7e37151dfac0/userFiles-ff97b1f2-037f-4185-8e80-87fc45b216b7/org.apache.spark_spark-sql-kafka-0-10_2.12-3.3.0.jar
[2024-06-27T07:53:26.675+0000] {docker.py:436} INFO - 24/06/27 07:53:26 INFO SparkContext: Added file file:///opt/bitnami/spark/.ivy2/jars/org.postgresql_postgresql-42.2.2.jar at file:///opt/bitnami/spark/.ivy2/jars/org.postgresql_postgresql-42.2.2.jar with timestamp 1719474805253
[2024-06-27T07:53:26.684+0000] {docker.py:436} INFO - 24/06/27 07:53:26 INFO Utils: Copying /opt/bitnami/spark/.ivy2/jars/org.postgresql_postgresql-42.2.2.jar to /tmp/spark-9787a0ff-9d08-4037-929e-7e37151dfac0/userFiles-ff97b1f2-037f-4185-8e80-87fc45b216b7/org.postgresql_postgresql-42.2.2.jar
[2024-06-27T07:53:26.700+0000] {docker.py:436} INFO - 24/06/27 07:53:26 INFO SparkContext: Added file file:///opt/bitnami/spark/.ivy2/jars/org.apache.spark_spark-token-provider-kafka-0-10_2.12-3.3.0.jar at file:///opt/bitnami/spark/.ivy2/jars/org.apache.spark_spark-token-provider-kafka-0-10_2.12-3.3.0.jar with timestamp 1719474805253
[2024-06-27T07:53:26.701+0000] {docker.py:436} INFO - 24/06/27 07:53:26 INFO Utils: Copying /opt/bitnami/spark/.ivy2/jars/org.apache.spark_spark-token-provider-kafka-0-10_2.12-3.3.0.jar to /tmp/spark-9787a0ff-9d08-4037-929e-7e37151dfac0/userFiles-ff97b1f2-037f-4185-8e80-87fc45b216b7/org.apache.spark_spark-token-provider-kafka-0-10_2.12-3.3.0.jar
[2024-06-27T07:53:26.719+0000] {docker.py:436} INFO - 24/06/27 07:53:26 INFO SparkContext: Added file file:///opt/bitnami/spark/.ivy2/jars/org.apache.kafka_kafka-clients-2.8.1.jar at file:///opt/bitnami/spark/.ivy2/jars/org.apache.kafka_kafka-clients-2.8.1.jar with timestamp 1719474805253
[2024-06-27T07:53:26.720+0000] {docker.py:436} INFO - 24/06/27 07:53:26 INFO Utils: Copying /opt/bitnami/spark/.ivy2/jars/org.apache.kafka_kafka-clients-2.8.1.jar to /tmp/spark-9787a0ff-9d08-4037-929e-7e37151dfac0/userFiles-ff97b1f2-037f-4185-8e80-87fc45b216b7/org.apache.kafka_kafka-clients-2.8.1.jar
[2024-06-27T07:53:26.742+0000] {docker.py:436} INFO - 24/06/27 07:53:26 INFO SparkContext: Added file file:///opt/bitnami/spark/.ivy2/jars/com.google.code.findbugs_jsr305-3.0.0.jar at file:///opt/bitnami/spark/.ivy2/jars/com.google.code.findbugs_jsr305-3.0.0.jar with timestamp 1719474805253
[2024-06-27T07:53:26.743+0000] {docker.py:436} INFO - 24/06/27 07:53:26 INFO Utils: Copying /opt/bitnami/spark/.ivy2/jars/com.google.code.findbugs_jsr305-3.0.0.jar to /tmp/spark-9787a0ff-9d08-4037-929e-7e37151dfac0/userFiles-ff97b1f2-037f-4185-8e80-87fc45b216b7/com.google.code.findbugs_jsr305-3.0.0.jar
[2024-06-27T07:53:26.766+0000] {docker.py:436} INFO - 24/06/27 07:53:26 INFO SparkContext: Added file file:///opt/bitnami/spark/.ivy2/jars/org.apache.commons_commons-pool2-2.11.1.jar at file:///opt/bitnami/spark/.ivy2/jars/org.apache.commons_commons-pool2-2.11.1.jar with timestamp 1719474805253
[2024-06-27T07:53:26.767+0000] {docker.py:436} INFO - 24/06/27 07:53:26 INFO Utils: Copying /opt/bitnami/spark/.ivy2/jars/org.apache.commons_commons-pool2-2.11.1.jar to /tmp/spark-9787a0ff-9d08-4037-929e-7e37151dfac0/userFiles-ff97b1f2-037f-4185-8e80-87fc45b216b7/org.apache.commons_commons-pool2-2.11.1.jar
[2024-06-27T07:53:26.787+0000] {docker.py:436} INFO - 24/06/27 07:53:26 INFO SparkContext: Added file file:///opt/bitnami/spark/.ivy2/jars/org.spark-project.spark_unused-1.0.0.jar at file:///opt/bitnami/spark/.ivy2/jars/org.spark-project.spark_unused-1.0.0.jar with timestamp 1719474805253
[2024-06-27T07:53:26.787+0000] {docker.py:436} INFO - 24/06/27 07:53:26 INFO Utils: Copying /opt/bitnami/spark/.ivy2/jars/org.spark-project.spark_unused-1.0.0.jar to /tmp/spark-9787a0ff-9d08-4037-929e-7e37151dfac0/userFiles-ff97b1f2-037f-4185-8e80-87fc45b216b7/org.spark-project.spark_unused-1.0.0.jar
[2024-06-27T07:53:26.811+0000] {docker.py:436} INFO - 24/06/27 07:53:26 INFO SparkContext: Added file file:///opt/bitnami/spark/.ivy2/jars/org.apache.hadoop_hadoop-client-runtime-3.3.2.jar at file:///opt/bitnami/spark/.ivy2/jars/org.apache.hadoop_hadoop-client-runtime-3.3.2.jar with timestamp 1719474805253
[2024-06-27T07:53:26.812+0000] {docker.py:436} INFO - 24/06/27 07:53:26 INFO Utils: Copying /opt/bitnami/spark/.ivy2/jars/org.apache.hadoop_hadoop-client-runtime-3.3.2.jar to /tmp/spark-9787a0ff-9d08-4037-929e-7e37151dfac0/userFiles-ff97b1f2-037f-4185-8e80-87fc45b216b7/org.apache.hadoop_hadoop-client-runtime-3.3.2.jar
[2024-06-27T07:53:26.873+0000] {docker.py:436} INFO - 24/06/27 07:53:26 INFO SparkContext: Added file file:///opt/bitnami/spark/.ivy2/jars/org.lz4_lz4-java-1.8.0.jar at file:///opt/bitnami/spark/.ivy2/jars/org.lz4_lz4-java-1.8.0.jar with timestamp 1719474805253
[2024-06-27T07:53:26.874+0000] {docker.py:436} INFO - 24/06/27 07:53:26 INFO Utils: Copying /opt/bitnami/spark/.ivy2/jars/org.lz4_lz4-java-1.8.0.jar to /tmp/spark-9787a0ff-9d08-4037-929e-7e37151dfac0/userFiles-ff97b1f2-037f-4185-8e80-87fc45b216b7/org.lz4_lz4-java-1.8.0.jar
[2024-06-27T07:53:26.885+0000] {docker.py:436} INFO - 24/06/27 07:53:26 INFO SparkContext: Added file file:///opt/bitnami/spark/.ivy2/jars/org.xerial.snappy_snappy-java-1.1.8.4.jar at file:///opt/bitnami/spark/.ivy2/jars/org.xerial.snappy_snappy-java-1.1.8.4.jar with timestamp 1719474805253
[2024-06-27T07:53:26.891+0000] {docker.py:436} INFO - 24/06/27 07:53:26 INFO Utils: Copying /opt/bitnami/spark/.ivy2/jars/org.xerial.snappy_snappy-java-1.1.8.4.jar to /tmp/spark-9787a0ff-9d08-4037-929e-7e37151dfac0/userFiles-ff97b1f2-037f-4185-8e80-87fc45b216b7/org.xerial.snappy_snappy-java-1.1.8.4.jar
[2024-06-27T07:53:26.906+0000] {docker.py:436} INFO - 24/06/27 07:53:26 INFO SparkContext: Added file file:///opt/bitnami/spark/.ivy2/jars/org.slf4j_slf4j-api-1.7.32.jar at file:///opt/bitnami/spark/.ivy2/jars/org.slf4j_slf4j-api-1.7.32.jar with timestamp 1719474805253
[2024-06-27T07:53:26.907+0000] {docker.py:436} INFO - 24/06/27 07:53:26 INFO Utils: Copying /opt/bitnami/spark/.ivy2/jars/org.slf4j_slf4j-api-1.7.32.jar to /tmp/spark-9787a0ff-9d08-4037-929e-7e37151dfac0/userFiles-ff97b1f2-037f-4185-8e80-87fc45b216b7/org.slf4j_slf4j-api-1.7.32.jar
[2024-06-27T07:53:26.914+0000] {docker.py:436} INFO - 24/06/27 07:53:26 INFO SparkContext: Added file file:///opt/bitnami/spark/.ivy2/jars/org.apache.hadoop_hadoop-client-api-3.3.2.jar at file:///opt/bitnami/spark/.ivy2/jars/org.apache.hadoop_hadoop-client-api-3.3.2.jar with timestamp 1719474805253
[2024-06-27T07:53:26.916+0000] {docker.py:436} INFO - 24/06/27 07:53:26 INFO Utils: Copying /opt/bitnami/spark/.ivy2/jars/org.apache.hadoop_hadoop-client-api-3.3.2.jar to /tmp/spark-9787a0ff-9d08-4037-929e-7e37151dfac0/userFiles-ff97b1f2-037f-4185-8e80-87fc45b216b7/org.apache.hadoop_hadoop-client-api-3.3.2.jar
[2024-06-27T07:53:26.937+0000] {docker.py:436} INFO - 24/06/27 07:53:26 INFO SparkContext: Added file file:///opt/bitnami/spark/.ivy2/jars/commons-logging_commons-logging-1.1.3.jar at file:///opt/bitnami/spark/.ivy2/jars/commons-logging_commons-logging-1.1.3.jar with timestamp 1719474805253
[2024-06-27T07:53:26.938+0000] {docker.py:436} INFO - 24/06/27 07:53:26 INFO Utils: Copying /opt/bitnami/spark/.ivy2/jars/commons-logging_commons-logging-1.1.3.jar to /tmp/spark-9787a0ff-9d08-4037-929e-7e37151dfac0/userFiles-ff97b1f2-037f-4185-8e80-87fc45b216b7/commons-logging_commons-logging-1.1.3.jar
[2024-06-27T07:53:27.042+0000] {docker.py:436} INFO - 24/06/27 07:53:27 INFO Executor: Starting executor ID driver on host localhost
[2024-06-27T07:53:27.043+0000] {docker.py:436} INFO - 24/06/27 07:53:27 INFO Executor: OS info Linux, 6.5.0-41-generic, amd64
[2024-06-27T07:53:27.044+0000] {docker.py:436} INFO - 24/06/27 07:53:27 INFO Executor: Java version 17.0.11
[2024-06-27T07:53:27.053+0000] {docker.py:436} INFO - 24/06/27 07:53:27 INFO Executor: Starting executor with user classpath (userClassPathFirst = false): ''
[2024-06-27T07:53:27.054+0000] {docker.py:436} INFO - 24/06/27 07:53:27 INFO Executor: Created or updated repl class loader org.apache.spark.util.MutableURLClassLoader@1b779cbc for default.
[2024-06-27T07:53:27.069+0000] {docker.py:436} INFO - 24/06/27 07:53:27 INFO Executor: Fetching file:///opt/bitnami/spark/.ivy2/jars/org.postgresql_postgresql-42.2.2.jar with timestamp 1719474805253
[2024-06-27T07:53:27.088+0000] {docker.py:436} INFO - 24/06/27 07:53:27 INFO Utils: /opt/bitnami/spark/.ivy2/jars/org.postgresql_postgresql-42.2.2.jar has been previously copied to /tmp/spark-9787a0ff-9d08-4037-929e-7e37151dfac0/userFiles-ff97b1f2-037f-4185-8e80-87fc45b216b7/org.postgresql_postgresql-42.2.2.jar
[2024-06-27T07:53:27.091+0000] {docker.py:436} INFO - 24/06/27 07:53:27 INFO Executor: Fetching file:///opt/bitnami/spark/.ivy2/jars/org.apache.hadoop_hadoop-client-api-3.3.2.jar with timestamp 1719474805253
[2024-06-27T07:53:27.111+0000] {docker.py:436} INFO - 24/06/27 07:53:27 INFO Utils: /opt/bitnami/spark/.ivy2/jars/org.apache.hadoop_hadoop-client-api-3.3.2.jar has been previously copied to /tmp/spark-9787a0ff-9d08-4037-929e-7e37151dfac0/userFiles-ff97b1f2-037f-4185-8e80-87fc45b216b7/org.apache.hadoop_hadoop-client-api-3.3.2.jar
[2024-06-27T07:53:27.114+0000] {docker.py:436} INFO - 24/06/27 07:53:27 INFO Executor: Fetching file:///opt/bitnami/spark/.ivy2/jars/org.xerial.snappy_snappy-java-1.1.8.4.jar with timestamp 1719474805253
[2024-06-27T07:53:27.117+0000] {docker.py:436} INFO - 24/06/27 07:53:27 INFO Utils: /opt/bitnami/spark/.ivy2/jars/org.xerial.snappy_snappy-java-1.1.8.4.jar has been previously copied to /tmp/spark-9787a0ff-9d08-4037-929e-7e37151dfac0/userFiles-ff97b1f2-037f-4185-8e80-87fc45b216b7/org.xerial.snappy_snappy-java-1.1.8.4.jar
[2024-06-27T07:53:27.121+0000] {docker.py:436} INFO - 24/06/27 07:53:27 INFO Executor: Fetching file:///opt/bitnami/spark/.ivy2/jars/org.apache.hadoop_hadoop-client-runtime-3.3.2.jar with timestamp 1719474805253
[2024-06-27T07:53:27.161+0000] {docker.py:436} INFO - 24/06/27 07:53:27 INFO Utils: /opt/bitnami/spark/.ivy2/jars/org.apache.hadoop_hadoop-client-runtime-3.3.2.jar has been previously copied to /tmp/spark-9787a0ff-9d08-4037-929e-7e37151dfac0/userFiles-ff97b1f2-037f-4185-8e80-87fc45b216b7/org.apache.hadoop_hadoop-client-runtime-3.3.2.jar
[2024-06-27T07:53:27.166+0000] {docker.py:436} INFO - 24/06/27 07:53:27 INFO Executor: Fetching file:///opt/bitnami/spark/.ivy2/jars/org.apache.commons_commons-pool2-2.11.1.jar with timestamp 1719474805253
[2024-06-27T07:53:27.167+0000] {docker.py:436} INFO - 24/06/27 07:53:27 INFO Utils: /opt/bitnami/spark/.ivy2/jars/org.apache.commons_commons-pool2-2.11.1.jar has been previously copied to /tmp/spark-9787a0ff-9d08-4037-929e-7e37151dfac0/userFiles-ff97b1f2-037f-4185-8e80-87fc45b216b7/org.apache.commons_commons-pool2-2.11.1.jar
[2024-06-27T07:53:27.170+0000] {docker.py:436} INFO - 24/06/27 07:53:27 INFO Executor: Fetching file:///opt/bitnami/spark/.ivy2/jars/org.apache.spark_spark-token-provider-kafka-0-10_2.12-3.3.0.jar with timestamp 1719474805253
[2024-06-27T07:53:27.171+0000] {docker.py:436} INFO - 24/06/27 07:53:27 INFO Utils: /opt/bitnami/spark/.ivy2/jars/org.apache.spark_spark-token-provider-kafka-0-10_2.12-3.3.0.jar has been previously copied to /tmp/spark-9787a0ff-9d08-4037-929e-7e37151dfac0/userFiles-ff97b1f2-037f-4185-8e80-87fc45b216b7/org.apache.spark_spark-token-provider-kafka-0-10_2.12-3.3.0.jar
[2024-06-27T07:53:27.178+0000] {docker.py:436} INFO - 24/06/27 07:53:27 INFO Executor: Fetching file:///opt/bitnami/spark/.ivy2/jars/org.slf4j_slf4j-api-1.7.32.jar with timestamp 1719474805253
[2024-06-27T07:53:27.182+0000] {docker.py:436} INFO - 24/06/27 07:53:27 INFO Utils: /opt/bitnami/spark/.ivy2/jars/org.slf4j_slf4j-api-1.7.32.jar has been previously copied to /tmp/spark-9787a0ff-9d08-4037-929e-7e37151dfac0/userFiles-ff97b1f2-037f-4185-8e80-87fc45b216b7/org.slf4j_slf4j-api-1.7.32.jar
[2024-06-27T07:53:27.188+0000] {docker.py:436} INFO - 24/06/27 07:53:27 INFO Executor: Fetching file:///opt/bitnami/spark/.ivy2/jars/org.apache.spark_spark-sql-kafka-0-10_2.12-3.3.0.jar with timestamp 1719474805253
[2024-06-27T07:53:27.189+0000] {docker.py:436} INFO - 24/06/27 07:53:27 INFO Utils: /opt/bitnami/spark/.ivy2/jars/org.apache.spark_spark-sql-kafka-0-10_2.12-3.3.0.jar has been previously copied to /tmp/spark-9787a0ff-9d08-4037-929e-7e37151dfac0/userFiles-ff97b1f2-037f-4185-8e80-87fc45b216b7/org.apache.spark_spark-sql-kafka-0-10_2.12-3.3.0.jar
[2024-06-27T07:53:27.192+0000] {docker.py:436} INFO - 24/06/27 07:53:27 INFO Executor: Fetching file:///opt/bitnami/spark/.ivy2/jars/com.google.code.findbugs_jsr305-3.0.0.jar with timestamp 1719474805253
[2024-06-27T07:53:27.193+0000] {docker.py:436} INFO - 24/06/27 07:53:27 INFO Utils: /opt/bitnami/spark/.ivy2/jars/com.google.code.findbugs_jsr305-3.0.0.jar has been previously copied to /tmp/spark-9787a0ff-9d08-4037-929e-7e37151dfac0/userFiles-ff97b1f2-037f-4185-8e80-87fc45b216b7/com.google.code.findbugs_jsr305-3.0.0.jar
[2024-06-27T07:53:27.222+0000] {docker.py:436} INFO - 24/06/27 07:53:27 INFO Executor: Fetching file:///opt/bitnami/spark/.ivy2/jars/org.lz4_lz4-java-1.8.0.jar with timestamp 1719474805253
[2024-06-27T07:53:27.224+0000] {docker.py:436} INFO - 24/06/27 07:53:27 INFO Utils: /opt/bitnami/spark/.ivy2/jars/org.lz4_lz4-java-1.8.0.jar has been previously copied to /tmp/spark-9787a0ff-9d08-4037-929e-7e37151dfac0/userFiles-ff97b1f2-037f-4185-8e80-87fc45b216b7/org.lz4_lz4-java-1.8.0.jar
[2024-06-27T07:53:27.229+0000] {docker.py:436} INFO - 24/06/27 07:53:27 INFO Executor: Fetching file:///opt/bitnami/spark/.ivy2/jars/commons-logging_commons-logging-1.1.3.jar with timestamp 1719474805253
[2024-06-27T07:53:27.230+0000] {docker.py:436} INFO - 24/06/27 07:53:27 INFO Utils: /opt/bitnami/spark/.ivy2/jars/commons-logging_commons-logging-1.1.3.jar has been previously copied to /tmp/spark-9787a0ff-9d08-4037-929e-7e37151dfac0/userFiles-ff97b1f2-037f-4185-8e80-87fc45b216b7/commons-logging_commons-logging-1.1.3.jar
[2024-06-27T07:53:27.240+0000] {docker.py:436} INFO - 24/06/27 07:53:27 INFO Executor: Fetching file:///opt/bitnami/spark/.ivy2/jars/org.spark-project.spark_unused-1.0.0.jar with timestamp 1719474805253
[2024-06-27T07:53:27.241+0000] {docker.py:436} INFO - 24/06/27 07:53:27 INFO Utils: /opt/bitnami/spark/.ivy2/jars/org.spark-project.spark_unused-1.0.0.jar has been previously copied to /tmp/spark-9787a0ff-9d08-4037-929e-7e37151dfac0/userFiles-ff97b1f2-037f-4185-8e80-87fc45b216b7/org.spark-project.spark_unused-1.0.0.jar
[2024-06-27T07:53:27.244+0000] {docker.py:436} INFO - 24/06/27 07:53:27 INFO Executor: Fetching file:///opt/bitnami/spark/.ivy2/jars/org.apache.kafka_kafka-clients-2.8.1.jar with timestamp 1719474805253
[2024-06-27T07:53:27.249+0000] {docker.py:436} INFO - 24/06/27 07:53:27 INFO Utils: /opt/bitnami/spark/.ivy2/jars/org.apache.kafka_kafka-clients-2.8.1.jar has been previously copied to /tmp/spark-9787a0ff-9d08-4037-929e-7e37151dfac0/userFiles-ff97b1f2-037f-4185-8e80-87fc45b216b7/org.apache.kafka_kafka-clients-2.8.1.jar
[2024-06-27T07:53:27.256+0000] {docker.py:436} INFO - 24/06/27 07:53:27 INFO Executor: Fetching spark://localhost:42471/jars/org.spark-project.spark_unused-1.0.0.jar with timestamp 1719474805253
[2024-06-27T07:53:27.307+0000] {docker.py:436} INFO - 24/06/27 07:53:27 INFO TransportClientFactory: Successfully created connection to localhost/127.0.0.1:42471 after 36 ms (0 ms spent in bootstraps)
[2024-06-27T07:53:27.324+0000] {docker.py:436} INFO - 24/06/27 07:53:27 INFO Utils: Fetching spark://localhost:42471/jars/org.spark-project.spark_unused-1.0.0.jar to /tmp/spark-9787a0ff-9d08-4037-929e-7e37151dfac0/userFiles-ff97b1f2-037f-4185-8e80-87fc45b216b7/fetchFileTemp12722661022987999447.tmp
[2024-06-27T07:53:27.358+0000] {docker.py:436} INFO - 24/06/27 07:53:27 INFO Utils: /tmp/spark-9787a0ff-9d08-4037-929e-7e37151dfac0/userFiles-ff97b1f2-037f-4185-8e80-87fc45b216b7/fetchFileTemp12722661022987999447.tmp has been previously copied to /tmp/spark-9787a0ff-9d08-4037-929e-7e37151dfac0/userFiles-ff97b1f2-037f-4185-8e80-87fc45b216b7/org.spark-project.spark_unused-1.0.0.jar
[2024-06-27T07:53:27.365+0000] {docker.py:436} INFO - 24/06/27 07:53:27 INFO Executor: Adding file:/tmp/spark-9787a0ff-9d08-4037-929e-7e37151dfac0/userFiles-ff97b1f2-037f-4185-8e80-87fc45b216b7/org.spark-project.spark_unused-1.0.0.jar to class loader default
[2024-06-27T07:53:27.366+0000] {docker.py:436} INFO - 24/06/27 07:53:27 INFO Executor: Fetching spark://localhost:42471/jars/org.postgresql_postgresql-42.2.2.jar with timestamp 1719474805253
[2024-06-27T07:53:27.366+0000] {docker.py:436} INFO - 24/06/27 07:53:27 INFO Utils: Fetching spark://localhost:42471/jars/org.postgresql_postgresql-42.2.2.jar to /tmp/spark-9787a0ff-9d08-4037-929e-7e37151dfac0/userFiles-ff97b1f2-037f-4185-8e80-87fc45b216b7/fetchFileTemp11212009011678602890.tmp
[2024-06-27T07:53:27.375+0000] {docker.py:436} INFO - 24/06/27 07:53:27 INFO Utils: /tmp/spark-9787a0ff-9d08-4037-929e-7e37151dfac0/userFiles-ff97b1f2-037f-4185-8e80-87fc45b216b7/fetchFileTemp11212009011678602890.tmp has been previously copied to /tmp/spark-9787a0ff-9d08-4037-929e-7e37151dfac0/userFiles-ff97b1f2-037f-4185-8e80-87fc45b216b7/org.postgresql_postgresql-42.2.2.jar
[2024-06-27T07:53:27.380+0000] {docker.py:436} INFO - 24/06/27 07:53:27 INFO Executor: Adding file:/tmp/spark-9787a0ff-9d08-4037-929e-7e37151dfac0/userFiles-ff97b1f2-037f-4185-8e80-87fc45b216b7/org.postgresql_postgresql-42.2.2.jar to class loader default
[2024-06-27T07:53:27.381+0000] {docker.py:436} INFO - 24/06/27 07:53:27 INFO Executor: Fetching spark://localhost:42471/jars/org.apache.kafka_kafka-clients-2.8.1.jar with timestamp 1719474805253
[2024-06-27T07:53:27.382+0000] {docker.py:436} INFO - 24/06/27 07:53:27 INFO Utils: Fetching spark://localhost:42471/jars/org.apache.kafka_kafka-clients-2.8.1.jar to /tmp/spark-9787a0ff-9d08-4037-929e-7e37151dfac0/userFiles-ff97b1f2-037f-4185-8e80-87fc45b216b7/fetchFileTemp4007940026516531860.tmp
[2024-06-27T07:53:27.421+0000] {docker.py:436} INFO - 24/06/27 07:53:27 INFO Utils: /tmp/spark-9787a0ff-9d08-4037-929e-7e37151dfac0/userFiles-ff97b1f2-037f-4185-8e80-87fc45b216b7/fetchFileTemp4007940026516531860.tmp has been previously copied to /tmp/spark-9787a0ff-9d08-4037-929e-7e37151dfac0/userFiles-ff97b1f2-037f-4185-8e80-87fc45b216b7/org.apache.kafka_kafka-clients-2.8.1.jar
[2024-06-27T07:53:27.428+0000] {docker.py:436} INFO - 24/06/27 07:53:27 INFO Executor: Adding file:/tmp/spark-9787a0ff-9d08-4037-929e-7e37151dfac0/userFiles-ff97b1f2-037f-4185-8e80-87fc45b216b7/org.apache.kafka_kafka-clients-2.8.1.jar to class loader default
[2024-06-27T07:53:27.429+0000] {docker.py:436} INFO - 24/06/27 07:53:27 INFO Executor: Fetching spark://localhost:42471/jars/commons-logging_commons-logging-1.1.3.jar with timestamp 1719474805253
[2024-06-27T07:53:27.429+0000] {docker.py:436} INFO - 24/06/27 07:53:27 INFO Utils: Fetching spark://localhost:42471/jars/commons-logging_commons-logging-1.1.3.jar to /tmp/spark-9787a0ff-9d08-4037-929e-7e37151dfac0/userFiles-ff97b1f2-037f-4185-8e80-87fc45b216b7/fetchFileTemp4460467525980061769.tmp
[2024-06-27T07:53:27.431+0000] {docker.py:436} INFO - 24/06/27 07:53:27 INFO Utils: /tmp/spark-9787a0ff-9d08-4037-929e-7e37151dfac0/userFiles-ff97b1f2-037f-4185-8e80-87fc45b216b7/fetchFileTemp4460467525980061769.tmp has been previously copied to /tmp/spark-9787a0ff-9d08-4037-929e-7e37151dfac0/userFiles-ff97b1f2-037f-4185-8e80-87fc45b216b7/commons-logging_commons-logging-1.1.3.jar
[2024-06-27T07:53:27.435+0000] {docker.py:436} INFO - 24/06/27 07:53:27 INFO Executor: Adding file:/tmp/spark-9787a0ff-9d08-4037-929e-7e37151dfac0/userFiles-ff97b1f2-037f-4185-8e80-87fc45b216b7/commons-logging_commons-logging-1.1.3.jar to class loader default
[2024-06-27T07:53:27.436+0000] {docker.py:436} INFO - 24/06/27 07:53:27 INFO Executor: Fetching spark://localhost:42471/jars/com.google.code.findbugs_jsr305-3.0.0.jar with timestamp 1719474805253
[2024-06-27T07:53:27.437+0000] {docker.py:436} INFO - 24/06/27 07:53:27 INFO Utils: Fetching spark://localhost:42471/jars/com.google.code.findbugs_jsr305-3.0.0.jar to /tmp/spark-9787a0ff-9d08-4037-929e-7e37151dfac0/userFiles-ff97b1f2-037f-4185-8e80-87fc45b216b7/fetchFileTemp9694831963188328280.tmp
[2024-06-27T07:53:27.439+0000] {docker.py:436} INFO - 24/06/27 07:53:27 INFO Utils: /tmp/spark-9787a0ff-9d08-4037-929e-7e37151dfac0/userFiles-ff97b1f2-037f-4185-8e80-87fc45b216b7/fetchFileTemp9694831963188328280.tmp has been previously copied to /tmp/spark-9787a0ff-9d08-4037-929e-7e37151dfac0/userFiles-ff97b1f2-037f-4185-8e80-87fc45b216b7/com.google.code.findbugs_jsr305-3.0.0.jar
[2024-06-27T07:53:27.443+0000] {docker.py:436} INFO - 24/06/27 07:53:27 INFO Executor: Adding file:/tmp/spark-9787a0ff-9d08-4037-929e-7e37151dfac0/userFiles-ff97b1f2-037f-4185-8e80-87fc45b216b7/com.google.code.findbugs_jsr305-3.0.0.jar to class loader default
[2024-06-27T07:53:27.444+0000] {docker.py:436} INFO - 24/06/27 07:53:27 INFO Executor: Fetching spark://localhost:42471/jars/org.apache.hadoop_hadoop-client-runtime-3.3.2.jar with timestamp 1719474805253
[2024-06-27T07:53:27.445+0000] {docker.py:436} INFO - 24/06/27 07:53:27 INFO Utils: Fetching spark://localhost:42471/jars/org.apache.hadoop_hadoop-client-runtime-3.3.2.jar to /tmp/spark-9787a0ff-9d08-4037-929e-7e37151dfac0/userFiles-ff97b1f2-037f-4185-8e80-87fc45b216b7/fetchFileTemp11594237176633927598.tmp
[2024-06-27T07:53:27.693+0000] {docker.py:436} INFO - 24/06/27 07:53:27 INFO Utils: /tmp/spark-9787a0ff-9d08-4037-929e-7e37151dfac0/userFiles-ff97b1f2-037f-4185-8e80-87fc45b216b7/fetchFileTemp11594237176633927598.tmp has been previously copied to /tmp/spark-9787a0ff-9d08-4037-929e-7e37151dfac0/userFiles-ff97b1f2-037f-4185-8e80-87fc45b216b7/org.apache.hadoop_hadoop-client-runtime-3.3.2.jar
[2024-06-27T07:53:27.706+0000] {docker.py:436} INFO - 24/06/27 07:53:27 INFO Executor: Adding file:/tmp/spark-9787a0ff-9d08-4037-929e-7e37151dfac0/userFiles-ff97b1f2-037f-4185-8e80-87fc45b216b7/org.apache.hadoop_hadoop-client-runtime-3.3.2.jar to class loader default
24/06/27 07:53:27 INFO Executor: Fetching spark://localhost:42471/jars/org.apache.spark_spark-sql-kafka-0-10_2.12-3.3.0.jar with timestamp 1719474805253
[2024-06-27T07:53:27.708+0000] {docker.py:436} INFO - 24/06/27 07:53:27 INFO Utils: Fetching spark://localhost:42471/jars/org.apache.spark_spark-sql-kafka-0-10_2.12-3.3.0.jar to /tmp/spark-9787a0ff-9d08-4037-929e-7e37151dfac0/userFiles-ff97b1f2-037f-4185-8e80-87fc45b216b7/fetchFileTemp11108132554021189247.tmp
[2024-06-27T07:53:27.713+0000] {docker.py:436} INFO - 24/06/27 07:53:27 INFO Utils: /tmp/spark-9787a0ff-9d08-4037-929e-7e37151dfac0/userFiles-ff97b1f2-037f-4185-8e80-87fc45b216b7/fetchFileTemp11108132554021189247.tmp has been previously copied to /tmp/spark-9787a0ff-9d08-4037-929e-7e37151dfac0/userFiles-ff97b1f2-037f-4185-8e80-87fc45b216b7/org.apache.spark_spark-sql-kafka-0-10_2.12-3.3.0.jar
[2024-06-27T07:53:27.716+0000] {docker.py:436} INFO - 24/06/27 07:53:27 INFO Executor: Adding file:/tmp/spark-9787a0ff-9d08-4037-929e-7e37151dfac0/userFiles-ff97b1f2-037f-4185-8e80-87fc45b216b7/org.apache.spark_spark-sql-kafka-0-10_2.12-3.3.0.jar to class loader default
[2024-06-27T07:53:27.717+0000] {docker.py:436} INFO - 24/06/27 07:53:27 INFO Executor: Fetching spark://localhost:42471/jars/org.lz4_lz4-java-1.8.0.jar with timestamp 1719474805253
[2024-06-27T07:53:27.718+0000] {docker.py:436} INFO - 24/06/27 07:53:27 INFO Utils: Fetching spark://localhost:42471/jars/org.lz4_lz4-java-1.8.0.jar to /tmp/spark-9787a0ff-9d08-4037-929e-7e37151dfac0/userFiles-ff97b1f2-037f-4185-8e80-87fc45b216b7/fetchFileTemp9616509191893098242.tmp
[2024-06-27T07:53:27.724+0000] {docker.py:436} INFO - 24/06/27 07:53:27 INFO Utils: /tmp/spark-9787a0ff-9d08-4037-929e-7e37151dfac0/userFiles-ff97b1f2-037f-4185-8e80-87fc45b216b7/fetchFileTemp9616509191893098242.tmp has been previously copied to /tmp/spark-9787a0ff-9d08-4037-929e-7e37151dfac0/userFiles-ff97b1f2-037f-4185-8e80-87fc45b216b7/org.lz4_lz4-java-1.8.0.jar
[2024-06-27T07:53:27.728+0000] {docker.py:436} INFO - 24/06/27 07:53:27 INFO Executor: Adding file:/tmp/spark-9787a0ff-9d08-4037-929e-7e37151dfac0/userFiles-ff97b1f2-037f-4185-8e80-87fc45b216b7/org.lz4_lz4-java-1.8.0.jar to class loader default
[2024-06-27T07:53:27.729+0000] {docker.py:436} INFO - 24/06/27 07:53:27 INFO Executor: Fetching spark://localhost:42471/jars/org.apache.hadoop_hadoop-client-api-3.3.2.jar with timestamp 1719474805253
[2024-06-27T07:53:27.729+0000] {docker.py:436} INFO - 24/06/27 07:53:27 INFO Utils: Fetching spark://localhost:42471/jars/org.apache.hadoop_hadoop-client-api-3.3.2.jar to /tmp/spark-9787a0ff-9d08-4037-929e-7e37151dfac0/userFiles-ff97b1f2-037f-4185-8e80-87fc45b216b7/fetchFileTemp11934583403228314234.tmp
[2024-06-27T07:53:27.846+0000] {docker.py:436} INFO - 24/06/27 07:53:27 INFO Utils: /tmp/spark-9787a0ff-9d08-4037-929e-7e37151dfac0/userFiles-ff97b1f2-037f-4185-8e80-87fc45b216b7/fetchFileTemp11934583403228314234.tmp has been previously copied to /tmp/spark-9787a0ff-9d08-4037-929e-7e37151dfac0/userFiles-ff97b1f2-037f-4185-8e80-87fc45b216b7/org.apache.hadoop_hadoop-client-api-3.3.2.jar
[2024-06-27T07:53:27.852+0000] {docker.py:436} INFO - 24/06/27 07:53:27 INFO Executor: Adding file:/tmp/spark-9787a0ff-9d08-4037-929e-7e37151dfac0/userFiles-ff97b1f2-037f-4185-8e80-87fc45b216b7/org.apache.hadoop_hadoop-client-api-3.3.2.jar to class loader default
[2024-06-27T07:53:27.853+0000] {docker.py:436} INFO - 24/06/27 07:53:27 INFO Executor: Fetching spark://localhost:42471/jars/org.apache.spark_spark-token-provider-kafka-0-10_2.12-3.3.0.jar with timestamp 1719474805253
[2024-06-27T07:53:27.854+0000] {docker.py:436} INFO - 24/06/27 07:53:27 INFO Utils: Fetching spark://localhost:42471/jars/org.apache.spark_spark-token-provider-kafka-0-10_2.12-3.3.0.jar to /tmp/spark-9787a0ff-9d08-4037-929e-7e37151dfac0/userFiles-ff97b1f2-037f-4185-8e80-87fc45b216b7/fetchFileTemp1036312000248287823.tmp
[2024-06-27T07:53:27.855+0000] {docker.py:436} INFO - 24/06/27 07:53:27 INFO Utils: /tmp/spark-9787a0ff-9d08-4037-929e-7e37151dfac0/userFiles-ff97b1f2-037f-4185-8e80-87fc45b216b7/fetchFileTemp1036312000248287823.tmp has been previously copied to /tmp/spark-9787a0ff-9d08-4037-929e-7e37151dfac0/userFiles-ff97b1f2-037f-4185-8e80-87fc45b216b7/org.apache.spark_spark-token-provider-kafka-0-10_2.12-3.3.0.jar
[2024-06-27T07:53:27.859+0000] {docker.py:436} INFO - 24/06/27 07:53:27 INFO Executor: Adding file:/tmp/spark-9787a0ff-9d08-4037-929e-7e37151dfac0/userFiles-ff97b1f2-037f-4185-8e80-87fc45b216b7/org.apache.spark_spark-token-provider-kafka-0-10_2.12-3.3.0.jar to class loader default
[2024-06-27T07:53:27.859+0000] {docker.py:436} INFO - 24/06/27 07:53:27 INFO Executor: Fetching spark://localhost:42471/jars/org.xerial.snappy_snappy-java-1.1.8.4.jar with timestamp 1719474805253
[2024-06-27T07:53:27.860+0000] {docker.py:436} INFO - 24/06/27 07:53:27 INFO Utils: Fetching spark://localhost:42471/jars/org.xerial.snappy_snappy-java-1.1.8.4.jar to /tmp/spark-9787a0ff-9d08-4037-929e-7e37151dfac0/userFiles-ff97b1f2-037f-4185-8e80-87fc45b216b7/fetchFileTemp5299637716505742067.tmp
[2024-06-27T07:53:27.867+0000] {docker.py:436} INFO - 24/06/27 07:53:27 INFO Utils: /tmp/spark-9787a0ff-9d08-4037-929e-7e37151dfac0/userFiles-ff97b1f2-037f-4185-8e80-87fc45b216b7/fetchFileTemp5299637716505742067.tmp has been previously copied to /tmp/spark-9787a0ff-9d08-4037-929e-7e37151dfac0/userFiles-ff97b1f2-037f-4185-8e80-87fc45b216b7/org.xerial.snappy_snappy-java-1.1.8.4.jar
[2024-06-27T07:53:27.872+0000] {docker.py:436} INFO - 24/06/27 07:53:27 INFO Executor: Adding file:/tmp/spark-9787a0ff-9d08-4037-929e-7e37151dfac0/userFiles-ff97b1f2-037f-4185-8e80-87fc45b216b7/org.xerial.snappy_snappy-java-1.1.8.4.jar to class loader default
[2024-06-27T07:53:27.873+0000] {docker.py:436} INFO - 24/06/27 07:53:27 INFO Executor: Fetching spark://localhost:42471/jars/org.slf4j_slf4j-api-1.7.32.jar with timestamp 1719474805253
24/06/27 07:53:27 INFO Utils: Fetching spark://localhost:42471/jars/org.slf4j_slf4j-api-1.7.32.jar to /tmp/spark-9787a0ff-9d08-4037-929e-7e37151dfac0/userFiles-ff97b1f2-037f-4185-8e80-87fc45b216b7/fetchFileTemp6211147963506502518.tmp
[2024-06-27T07:53:27.875+0000] {docker.py:436} INFO - 24/06/27 07:53:27 INFO Utils: /tmp/spark-9787a0ff-9d08-4037-929e-7e37151dfac0/userFiles-ff97b1f2-037f-4185-8e80-87fc45b216b7/fetchFileTemp6211147963506502518.tmp has been previously copied to /tmp/spark-9787a0ff-9d08-4037-929e-7e37151dfac0/userFiles-ff97b1f2-037f-4185-8e80-87fc45b216b7/org.slf4j_slf4j-api-1.7.32.jar
[2024-06-27T07:53:27.878+0000] {docker.py:436} INFO - 24/06/27 07:53:27 INFO Executor: Adding file:/tmp/spark-9787a0ff-9d08-4037-929e-7e37151dfac0/userFiles-ff97b1f2-037f-4185-8e80-87fc45b216b7/org.slf4j_slf4j-api-1.7.32.jar to class loader default
[2024-06-27T07:53:27.879+0000] {docker.py:436} INFO - 24/06/27 07:53:27 INFO Executor: Fetching spark://localhost:42471/jars/org.apache.commons_commons-pool2-2.11.1.jar with timestamp 1719474805253
[2024-06-27T07:53:27.880+0000] {docker.py:436} INFO - 24/06/27 07:53:27 INFO Utils: Fetching spark://localhost:42471/jars/org.apache.commons_commons-pool2-2.11.1.jar to /tmp/spark-9787a0ff-9d08-4037-929e-7e37151dfac0/userFiles-ff97b1f2-037f-4185-8e80-87fc45b216b7/fetchFileTemp7753431928543903052.tmp
[2024-06-27T07:53:27.883+0000] {docker.py:436} INFO - 24/06/27 07:53:27 INFO Utils: /tmp/spark-9787a0ff-9d08-4037-929e-7e37151dfac0/userFiles-ff97b1f2-037f-4185-8e80-87fc45b216b7/fetchFileTemp7753431928543903052.tmp has been previously copied to /tmp/spark-9787a0ff-9d08-4037-929e-7e37151dfac0/userFiles-ff97b1f2-037f-4185-8e80-87fc45b216b7/org.apache.commons_commons-pool2-2.11.1.jar
[2024-06-27T07:53:27.886+0000] {docker.py:436} INFO - 24/06/27 07:53:27 INFO Executor: Adding file:/tmp/spark-9787a0ff-9d08-4037-929e-7e37151dfac0/userFiles-ff97b1f2-037f-4185-8e80-87fc45b216b7/org.apache.commons_commons-pool2-2.11.1.jar to class loader default
[2024-06-27T07:53:27.896+0000] {docker.py:436} INFO - 24/06/27 07:53:27 INFO Utils: Successfully started service 'org.apache.spark.network.netty.NettyBlockTransferService' on port 37169.
[2024-06-27T07:53:27.896+0000] {docker.py:436} INFO - 24/06/27 07:53:27 INFO NettyBlockTransferService: Server created on localhost:37169
[2024-06-27T07:53:27.898+0000] {docker.py:436} INFO - 24/06/27 07:53:27 INFO BlockManager: Using org.apache.spark.storage.RandomBlockReplicationPolicy for block replication policy
[2024-06-27T07:53:27.905+0000] {docker.py:436} INFO - 24/06/27 07:53:27 INFO BlockManagerMaster: Registering BlockManager BlockManagerId(driver, localhost, 37169, None)
[2024-06-27T07:53:27.909+0000] {docker.py:436} INFO - 24/06/27 07:53:27 INFO BlockManagerMasterEndpoint: Registering block manager localhost:37169 with 434.4 MiB RAM, BlockManagerId(driver, localhost, 37169, None)
[2024-06-27T07:53:27.911+0000] {docker.py:436} INFO - 24/06/27 07:53:27 INFO BlockManagerMaster: Registered BlockManager BlockManagerId(driver, localhost, 37169, None)
[2024-06-27T07:53:27.913+0000] {docker.py:436} INFO - 24/06/27 07:53:27 INFO BlockManager: Initialized BlockManager: BlockManagerId(driver, localhost, 37169, None)
[2024-06-27T07:53:28.400+0000] {docker.py:436} INFO - 2024-06-27 07:53:28,399:create_spark_session:INFO:Spark session created successfully
[2024-06-27T07:53:28.410+0000] {docker.py:436} INFO - 24/06/27 07:53:28 INFO SharedState: Setting hive.metastore.warehouse.dir ('null') to the value of spark.sql.warehouse.dir.
[2024-06-27T07:53:28.413+0000] {docker.py:436} INFO - 24/06/27 07:53:28 INFO SharedState: Warehouse path is 'file:/opt/bitnami/spark/spark-warehouse'.
[2024-06-27T07:53:30.530+0000] {docker.py:436} INFO - 2024-06-27 07:53:30,529:create_initial_dataframe:INFO:Initial dataframe created successfully:
[2024-06-27T07:53:33.401+0000] {docker.py:436} INFO - 24/06/27 07:53:33 INFO CodeGenerator: Code generated in 291.355811 ms
[2024-06-27T07:53:33.504+0000] {docker.py:436} INFO - 24/06/27 07:53:33 INFO SparkContext: Starting job: showString at NativeMethodAccessorImpl.java:0
[2024-06-27T07:53:33.540+0000] {docker.py:436} INFO - 24/06/27 07:53:33 INFO DAGScheduler: Got job 0 (showString at NativeMethodAccessorImpl.java:0) with 1 output partitions
[2024-06-27T07:53:33.543+0000] {docker.py:436} INFO - 24/06/27 07:53:33 INFO DAGScheduler: Final stage: ResultStage 0 (showString at NativeMethodAccessorImpl.java:0)
[2024-06-27T07:53:33.544+0000] {docker.py:436} INFO - 24/06/27 07:53:33 INFO DAGScheduler: Parents of final stage: List()
[2024-06-27T07:53:33.546+0000] {docker.py:436} INFO - 24/06/27 07:53:33 INFO DAGScheduler: Missing parents: List()
[2024-06-27T07:53:33.551+0000] {docker.py:436} INFO - 24/06/27 07:53:33 INFO DAGScheduler: Submitting ResultStage 0 (MapPartitionsRDD[6] at showString at NativeMethodAccessorImpl.java:0), which has no missing parents
[2024-06-27T07:53:33.735+0000] {docker.py:436} INFO - 24/06/27 07:53:33 INFO MemoryStore: Block broadcast_0 stored as values in memory (estimated size 12.8 KiB, free 434.4 MiB)
[2024-06-27T07:53:33.899+0000] {docker.py:436} INFO - 24/06/27 07:53:33 INFO MemoryStore: Block broadcast_0_piece0 stored as bytes in memory (estimated size 6.9 KiB, free 434.4 MiB)
[2024-06-27T07:53:33.904+0000] {docker.py:436} INFO - 24/06/27 07:53:33 INFO BlockManagerInfo: Added broadcast_0_piece0 in memory on localhost:37169 (size: 6.9 KiB, free: 434.4 MiB)
[2024-06-27T07:53:33.927+0000] {docker.py:436} INFO - 24/06/27 07:53:33 INFO SparkContext: Created broadcast 0 from broadcast at DAGScheduler.scala:1585
[2024-06-27T07:53:33.969+0000] {docker.py:436} INFO - 24/06/27 07:53:33 INFO DAGScheduler: Submitting 1 missing tasks from ResultStage 0 (MapPartitionsRDD[6] at showString at NativeMethodAccessorImpl.java:0) (first 15 tasks are for partitions Vector(0))
[2024-06-27T07:53:33.971+0000] {docker.py:436} INFO - 24/06/27 07:53:33 INFO TaskSchedulerImpl: Adding task set 0.0 with 1 tasks resource profile 0
[2024-06-27T07:53:34.094+0000] {docker.py:436} INFO - 24/06/27 07:53:34 INFO TaskSetManager: Starting task 0.0 in stage 0.0 (TID 0) (localhost, executor driver, partition 0, PROCESS_LOCAL, 10106 bytes)
[2024-06-27T07:53:34.122+0000] {docker.py:436} INFO - 24/06/27 07:53:34 INFO Executor: Running task 0.0 in stage 0.0 (TID 0)
[2024-06-27T07:53:35.521+0000] {docker.py:436} INFO - 24/06/27 07:53:35 INFO CodeGenerator: Code generated in 41.274788 ms
[2024-06-27T07:53:35.935+0000] {docker.py:436} INFO - 24/06/27 07:53:35 INFO PythonRunner: Times: total = 1589, boot = 1122, init = 467, finish = 0
[2024-06-27T07:53:35.964+0000] {docker.py:436} INFO - 24/06/27 07:53:35 INFO Executor: Finished task 0.0 in stage 0.0 (TID 0). 1886 bytes result sent to driver
[2024-06-27T07:53:35.977+0000] {docker.py:436} INFO - 24/06/27 07:53:35 INFO TaskSetManager: Finished task 0.0 in stage 0.0 (TID 0) in 1922 ms on localhost (executor driver) (1/1)
[2024-06-27T07:53:35.980+0000] {docker.py:436} INFO - 24/06/27 07:53:35 INFO TaskSchedulerImpl: Removed TaskSet 0.0, whose tasks have all completed, from pool
[2024-06-27T07:53:35.984+0000] {docker.py:436} INFO - 24/06/27 07:53:35 INFO PythonAccumulatorV2: Connected to AccumulatorServer at host: 127.0.0.1 port: 33063
[2024-06-27T07:53:35.990+0000] {docker.py:436} INFO - 24/06/27 07:53:35 INFO DAGScheduler: ResultStage 0 (showString at NativeMethodAccessorImpl.java:0) finished in 2.416 s
[2024-06-27T07:53:35.997+0000] {docker.py:436} INFO - 24/06/27 07:53:35 INFO DAGScheduler: Job 0 is finished. Cancelling potential speculative or zombie tasks for this job
[2024-06-27T07:53:35.997+0000] {docker.py:436} INFO - 24/06/27 07:53:35 INFO TaskSchedulerImpl: Killing all running tasks in stage 0: Stage finished
[2024-06-27T07:53:36.000+0000] {docker.py:436} INFO - 24/06/27 07:53:35 INFO DAGScheduler: Job 0 finished: showString at NativeMethodAccessorImpl.java:0, took 2.495327 s
[2024-06-27T07:53:36.016+0000] {docker.py:436} INFO - 24/06/27 07:53:36 INFO SparkContext: Starting job: showString at NativeMethodAccessorImpl.java:0
[2024-06-27T07:53:36.018+0000] {docker.py:436} INFO - 24/06/27 07:53:36 INFO DAGScheduler: Got job 1 (showString at NativeMethodAccessorImpl.java:0) with 3 output partitions
24/06/27 07:53:36 INFO DAGScheduler: Final stage: ResultStage 1 (showString at NativeMethodAccessorImpl.java:0)
24/06/27 07:53:36 INFO DAGScheduler: Parents of final stage: List()
24/06/27 07:53:36 INFO DAGScheduler: Missing parents: List()
[2024-06-27T07:53:36.020+0000] {docker.py:436} INFO - 24/06/27 07:53:36 INFO DAGScheduler: Submitting ResultStage 1 (MapPartitionsRDD[6] at showString at NativeMethodAccessorImpl.java:0), which has no missing parents
[2024-06-27T07:53:36.030+0000] {docker.py:436} INFO - 24/06/27 07:53:36 INFO MemoryStore: Block broadcast_1 stored as values in memory (estimated size 12.8 KiB, free 434.4 MiB)
[2024-06-27T07:53:36.034+0000] {docker.py:436} INFO - 24/06/27 07:53:36 INFO MemoryStore: Block broadcast_1_piece0 stored as bytes in memory (estimated size 6.9 KiB, free 434.4 MiB)
[2024-06-27T07:53:36.037+0000] {docker.py:436} INFO - 24/06/27 07:53:36 INFO BlockManagerInfo: Added broadcast_1_piece0 in memory on localhost:37169 (size: 6.9 KiB, free: 434.4 MiB)
[2024-06-27T07:53:36.039+0000] {docker.py:436} INFO - 24/06/27 07:53:36 INFO SparkContext: Created broadcast 1 from broadcast at DAGScheduler.scala:1585
[2024-06-27T07:53:36.040+0000] {docker.py:436} INFO - 24/06/27 07:53:36 INFO DAGScheduler: Submitting 3 missing tasks from ResultStage 1 (MapPartitionsRDD[6] at showString at NativeMethodAccessorImpl.java:0) (first 15 tasks are for partitions Vector(1, 2, 3))
[2024-06-27T07:53:36.042+0000] {docker.py:436} INFO - 24/06/27 07:53:36 INFO TaskSchedulerImpl: Adding task set 1.0 with 3 tasks resource profile 0
[2024-06-27T07:53:36.043+0000] {docker.py:436} INFO - 24/06/27 07:53:36 INFO TaskSetManager: Starting task 0.0 in stage 1.0 (TID 1) (localhost, executor driver, partition 1, PROCESS_LOCAL, 10106 bytes)
[2024-06-27T07:53:36.045+0000] {docker.py:436} INFO - 24/06/27 07:53:36 INFO TaskSetManager: Starting task 1.0 in stage 1.0 (TID 2) (localhost, executor driver, partition 2, PROCESS_LOCAL, 10106 bytes)
[2024-06-27T07:53:36.046+0000] {docker.py:436} INFO - 24/06/27 07:53:36 INFO TaskSetManager: Starting task 2.0 in stage 1.0 (TID 3) (localhost, executor driver, partition 3, PROCESS_LOCAL, 10145 bytes)
[2024-06-27T07:53:36.048+0000] {docker.py:436} INFO - 24/06/27 07:53:36 INFO Executor: Running task 0.0 in stage 1.0 (TID 1)
[2024-06-27T07:53:36.058+0000] {docker.py:436} INFO - 24/06/27 07:53:36 INFO Executor: Running task 1.0 in stage 1.0 (TID 2)
[2024-06-27T07:53:36.063+0000] {docker.py:436} INFO - 24/06/27 07:53:36 INFO Executor: Running task 2.0 in stage 1.0 (TID 3)
[2024-06-27T07:53:36.748+0000] {docker.py:436} INFO - 24/06/27 07:53:36 INFO PythonRunner: Times: total = 684, boot = -114, init = 798, finish = 0
[2024-06-27T07:53:36.751+0000] {docker.py:436} INFO - 24/06/27 07:53:36 INFO Executor: Finished task 0.0 in stage 1.0 (TID 1). 1843 bytes result sent to driver
[2024-06-27T07:53:36.767+0000] {docker.py:436} INFO - 24/06/27 07:53:36 INFO TaskSetManager: Finished task 0.0 in stage 1.0 (TID 1) in 725 ms on localhost (executor driver) (1/3)
[2024-06-27T07:53:36.826+0000] {docker.py:436} INFO - 24/06/27 07:53:36 INFO PythonRunner: Times: total = 731, boot = 60, init = 671, finish = 0
[2024-06-27T07:53:36.836+0000] {docker.py:436} INFO - 24/06/27 07:53:36 INFO Executor: Finished task 2.0 in stage 1.0 (TID 3). 1877 bytes result sent to driver
[2024-06-27T07:53:36.841+0000] {docker.py:436} INFO - 24/06/27 07:53:36 INFO TaskSetManager: Finished task 2.0 in stage 1.0 (TID 3) in 796 ms on localhost (executor driver) (2/3)
[2024-06-27T07:53:36.921+0000] {docker.py:436} INFO - 24/06/27 07:53:36 INFO PythonRunner: Times: total = 812, boot = 49, init = 763, finish = 0
[2024-06-27T07:53:36.926+0000] {docker.py:436} INFO - 24/06/27 07:53:36 INFO Executor: Finished task 1.0 in stage 1.0 (TID 2). 1843 bytes result sent to driver
[2024-06-27T07:53:36.937+0000] {docker.py:436} INFO - 24/06/27 07:53:36 INFO TaskSetManager: Finished task 1.0 in stage 1.0 (TID 2) in 893 ms on localhost (executor driver) (3/3)
[2024-06-27T07:53:36.938+0000] {docker.py:436} INFO - 24/06/27 07:53:36 INFO TaskSchedulerImpl: Removed TaskSet 1.0, whose tasks have all completed, from pool
[2024-06-27T07:53:36.939+0000] {docker.py:436} INFO - 24/06/27 07:53:36 INFO DAGScheduler: ResultStage 1 (showString at NativeMethodAccessorImpl.java:0) finished in 0.916 s
[2024-06-27T07:53:36.940+0000] {docker.py:436} INFO - 24/06/27 07:53:36 INFO DAGScheduler: Job 1 is finished. Cancelling potential speculative or zombie tasks for this job
[2024-06-27T07:53:36.941+0000] {docker.py:436} INFO - 24/06/27 07:53:36 INFO TaskSchedulerImpl: Killing all running tasks in stage 1: Stage finished
[2024-06-27T07:53:36.942+0000] {docker.py:436} INFO - 24/06/27 07:53:36 INFO DAGScheduler: Job 1 finished: showString at NativeMethodAccessorImpl.java:0, took 0.926168 s
[2024-06-27T07:53:37.333+0000] {docker.py:436} INFO - 24/06/27 07:53:37 INFO BlockManagerInfo: Removed broadcast_1_piece0 on localhost:37169 in memory (size: 6.9 KiB, free: 434.4 MiB)
[2024-06-27T07:53:37.348+0000] {docker.py:436} INFO - 24/06/27 07:53:37 INFO BlockManagerInfo: Removed broadcast_0_piece0 on localhost:37169 in memory (size: 6.9 KiB, free: 434.4 MiB)
[2024-06-27T07:53:38.324+0000] {docker.py:436} INFO - 24/06/27 07:53:38 INFO CodeGenerator: Code generated in 18.641565 ms
[2024-06-27T07:53:38.338+0000] {docker.py:436} INFO - +---------+
|    value|
+---------+
|purchases|
+---------+

Traceback (most recent call last):
  File "/opt/bitnami/spark/scripts/spark_bronze_layer.py", line 160, in <module>
    write_to_postgres()
  File "/opt/bitnami/spark/scripts/spark_bronze_layer.py", line 146, in write_to_postgres
    df_extracted = df_parsed.select(
                   ^^^^^^^^^
NameError: name 'df_parsed' is not defined
[2024-06-27T07:53:38.339+0000] {docker.py:436} INFO - 2024-06-27 07:53:38,338:close:INFO:Closing down clientserver connection
[2024-06-27T07:53:38.409+0000] {docker.py:436} INFO - 24/06/27 07:53:38 INFO SparkContext: Invoking stop() from shutdown hook
[2024-06-27T07:53:38.411+0000] {docker.py:436} INFO - 24/06/27 07:53:38 INFO SparkContext: SparkContext is stopping with exitCode 0.
[2024-06-27T07:53:38.429+0000] {docker.py:436} INFO - 24/06/27 07:53:38 INFO SparkUI: Stopped Spark web UI at http://localhost:4040
[2024-06-27T07:53:38.457+0000] {docker.py:436} INFO - 24/06/27 07:53:38 INFO MapOutputTrackerMasterEndpoint: MapOutputTrackerMasterEndpoint stopped!
[2024-06-27T07:53:38.477+0000] {docker.py:436} INFO - 24/06/27 07:53:38 INFO MemoryStore: MemoryStore cleared
[2024-06-27T07:53:38.478+0000] {docker.py:436} INFO - 24/06/27 07:53:38 INFO BlockManager: BlockManager stopped
[2024-06-27T07:53:38.483+0000] {docker.py:436} INFO - 24/06/27 07:53:38 INFO BlockManagerMaster: BlockManagerMaster stopped
[2024-06-27T07:53:38.489+0000] {docker.py:436} INFO - 24/06/27 07:53:38 INFO OutputCommitCoordinator$OutputCommitCoordinatorEndpoint: OutputCommitCoordinator stopped!
[2024-06-27T07:53:38.509+0000] {docker.py:436} INFO - 24/06/27 07:53:38 INFO SparkContext: Successfully stopped SparkContext
24/06/27 07:53:38 INFO ShutdownHookManager: Shutdown hook called
24/06/27 07:53:38 INFO ShutdownHookManager: Deleting directory /tmp/spark-11dbefcf-d51c-448e-9a3e-3395421fdede
[2024-06-27T07:53:38.528+0000] {docker.py:436} INFO - 24/06/27 07:53:38 INFO ShutdownHookManager: Deleting directory /tmp/spark-9787a0ff-9d08-4037-929e-7e37151dfac0/pyspark-4df59815-bcf5-47e2-b69b-f4229dabc41c
[2024-06-27T07:53:38.533+0000] {docker.py:436} INFO - 24/06/27 07:53:38 INFO ShutdownHookManager: Deleting directory /tmp/spark-9787a0ff-9d08-4037-929e-7e37151dfac0
[2024-06-27T07:53:39.085+0000] {taskinstance.py:441} INFO - ::group::Post task execution logs
[2024-06-27T07:53:39.096+0000] {taskinstance.py:2905} ERROR - Task failed with exception
Traceback (most recent call last):
  File "/home/airflow/.local/lib/python3.12/site-packages/docker/api/client.py", line 265, in _raise_for_status
    response.raise_for_status()
  File "/home/airflow/.local/lib/python3.12/site-packages/requests/models.py", line 1021, in raise_for_status
    raise HTTPError(http_error_msg, response=self)
requests.exceptions.HTTPError: 400 Client Error: Bad Request for url: http://docker-proxy:2375/v1.45/containers/create

The above exception was the direct cause of the following exception:

Traceback (most recent call last):
  File "/home/airflow/.local/lib/python3.12/site-packages/airflow/providers/docker/operators/docker.py", line 371, in _run_image
    return self._run_image_with_mounts([*self.mounts, tmp_mount], add_tmp_variable=True)
           ^^^^^^^^^^^^^^^^^^^^^^^^^^^^^^^^^^^^^^^^^^^^^^^^^^^^^^^^^^^^^^^^^^^^^^^^^^^^^
  File "/home/airflow/.local/lib/python3.12/site-packages/airflow/providers/docker/operators/docker.py", line 398, in _run_image_with_mounts
    self.container = self.cli.create_container(
                     ^^^^^^^^^^^^^^^^^^^^^^^^^^
  File "/home/airflow/.local/lib/python3.12/site-packages/docker/api/container.py", line 439, in create_container
    return self.create_container_from_config(config, name, platform)
           ^^^^^^^^^^^^^^^^^^^^^^^^^^^^^^^^^^^^^^^^^^^^^^^^^^^^^^^^^
  File "/home/airflow/.local/lib/python3.12/site-packages/docker/api/container.py", line 456, in create_container_from_config
    return self._result(res, True)
           ^^^^^^^^^^^^^^^^^^^^^^^
  File "/home/airflow/.local/lib/python3.12/site-packages/docker/api/client.py", line 271, in _result
    self._raise_for_status(response)
  File "/home/airflow/.local/lib/python3.12/site-packages/docker/api/client.py", line 267, in _raise_for_status
    raise create_api_error_from_http_exception(e) from e
          ^^^^^^^^^^^^^^^^^^^^^^^^^^^^^^^^^^^^^^^
  File "/home/airflow/.local/lib/python3.12/site-packages/docker/errors.py", line 39, in create_api_error_from_http_exception
    raise cls(e, response=response, explanation=explanation) from e
docker.errors.APIError: 400 Client Error for http://docker-proxy:2375/v1.45/containers/create: Bad Request ("invalid mount config for type "bind": bind source path does not exist: /tmp/airflowtmpqx5ihmky")

During handling of the above exception, another exception occurred:

Traceback (most recent call last):
  File "/home/airflow/.local/lib/python3.12/site-packages/airflow/models/taskinstance.py", line 465, in _execute_task
    result = _execute_callable(context=context, **execute_callable_kwargs)
             ^^^^^^^^^^^^^^^^^^^^^^^^^^^^^^^^^^^^^^^^^^^^^^^^^^^^^^^^^^^^^
  File "/home/airflow/.local/lib/python3.12/site-packages/airflow/models/taskinstance.py", line 432, in _execute_callable
    return execute_callable(context=context, **execute_callable_kwargs)
           ^^^^^^^^^^^^^^^^^^^^^^^^^^^^^^^^^^^^^^^^^^^^^^^^^^^^^^^^^^^^
  File "/home/airflow/.local/lib/python3.12/site-packages/airflow/models/baseoperator.py", line 400, in wrapper
    return func(self, *args, **kwargs)
           ^^^^^^^^^^^^^^^^^^^^^^^^^^^
  File "/home/airflow/.local/lib/python3.12/site-packages/airflow/providers/docker/operators/docker.py", line 509, in execute
    return self._run_image()
           ^^^^^^^^^^^^^^^^^
  File "/home/airflow/.local/lib/python3.12/site-packages/airflow/providers/docker/operators/docker.py", line 380, in _run_image
    return self._run_image_with_mounts(self.mounts, add_tmp_variable=False)
           ^^^^^^^^^^^^^^^^^^^^^^^^^^^^^^^^^^^^^^^^^^^^^^^^^^^^^^^^^^^^^^^^
  File "/home/airflow/.local/lib/python3.12/site-packages/airflow/providers/docker/operators/docker.py", line 444, in _run_image_with_mounts
    raise DockerContainerFailedException(f"Docker container failed: {result!r}", logs=log_lines)
airflow.providers.docker.exceptions.DockerContainerFailedException: Docker container failed: {'StatusCode': 1}
[2024-06-27T07:53:39.104+0000] {taskinstance.py:1206} INFO - Marking task as FAILED. dag_id=Stage_1, task_id=run_bronze_job, run_id=manual__2024-06-27T07:52:55.520278+00:00, execution_date=20240627T075255, start_date=20240627T075303, end_date=20240627T075339
[2024-06-27T07:53:39.118+0000] {standard_task_runner.py:110} ERROR - Failed to execute job 201 for task run_bronze_job (Docker container failed: {'StatusCode': 1}; 919)
[2024-06-27T07:53:39.142+0000] {local_task_job_runner.py:240} INFO - Task exited with return code 1
[2024-06-27T07:53:39.158+0000] {taskinstance.py:3498} INFO - 0 downstream tasks scheduled from follow-on schedule check
[2024-06-27T07:53:39.159+0000] {local_task_job_runner.py:222} INFO - ::endgroup::
