[2024-07-01T12:15:01.552+0000] {local_task_job_runner.py:120} INFO - ::group::Pre task execution logs
[2024-07-01T12:15:01.624+0000] {taskinstance.py:2076} INFO - Dependencies all met for dep_context=non-requeueable deps ti=<TaskInstance: purchase_dag.kafka_producer manual__2024-07-01T12:14:58.430875+00:00 [queued]>
[2024-07-01T12:15:01.641+0000] {taskinstance.py:2076} INFO - Dependencies all met for dep_context=requeueable deps ti=<TaskInstance: purchase_dag.kafka_producer manual__2024-07-01T12:14:58.430875+00:00 [queued]>
[2024-07-01T12:15:01.641+0000] {taskinstance.py:2306} INFO - Starting attempt 1 of 1
[2024-07-01T12:15:01.667+0000] {taskinstance.py:2330} INFO - Executing <Task(PythonOperator): kafka_producer> on 2024-07-01 12:14:58.430875+00:00
[2024-07-01T12:15:01.678+0000] {logging_mixin.py:188} WARNING - /home/***/.local/lib/python3.12/site-packages/***/task/task_runner/standard_task_runner.py:61 DeprecationWarning: This process (pid=434) is multi-threaded, use of fork() may lead to deadlocks in the child.
[2024-07-01T12:15:01.680+0000] {standard_task_runner.py:63} INFO - Started process 435 to run task
[2024-07-01T12:15:01.680+0000] {standard_task_runner.py:90} INFO - Running: ['***', 'tasks', 'run', 'purchase_dag', 'kafka_producer', 'manual__2024-07-01T12:14:58.430875+00:00', '--job-id', '476', '--raw', '--subdir', 'DAGS_FOLDER/purchase_dag.py', '--cfg-path', '/tmp/tmp25a571go']
[2024-07-01T12:15:01.683+0000] {standard_task_runner.py:91} INFO - Job 476: Subtask kafka_producer
[2024-07-01T12:15:01.705+0000] {logging_mixin.py:188} WARNING - /home/***/.local/lib/python3.12/site-packages/***/settings.py:195 DeprecationWarning: The sql_alchemy_conn option in [core] has been moved to the sql_alchemy_conn option in [database] - the old setting has been used, but please update your config.
[2024-07-01T12:15:01.776+0000] {task_command.py:426} INFO - Running <TaskInstance: purchase_dag.kafka_producer manual__2024-07-01T12:14:58.430875+00:00 [running]> on host 6d5f7889ee5a
[2024-07-01T12:15:01.971+0000] {taskinstance.py:2648} INFO - Exporting env vars: AIRFLOW_CTX_DAG_OWNER='***' AIRFLOW_CTX_DAG_ID='purchase_dag' AIRFLOW_CTX_TASK_ID='kafka_producer' AIRFLOW_CTX_EXECUTION_DATE='2024-07-01T12:14:58.430875+00:00' AIRFLOW_CTX_TRY_NUMBER='1' AIRFLOW_CTX_DAG_RUN_ID='manual__2024-07-01T12:14:58.430875+00:00'
[2024-07-01T12:15:01.972+0000] {taskinstance.py:430} INFO - ::endgroup::
[2024-07-01T12:15:02.002+0000] {logging_mixin.py:188} INFO - Error decoding JSON: Expecting property name enclosed in double quotes: line 2 column 1 (char 10)
[2024-07-01T12:15:02.002+0000] {logging_mixin.py:188} INFO - Error decoding JSON: Extra data: line 1 column 24 (char 23)
[2024-07-01T12:15:02.003+0000] {logging_mixin.py:188} INFO - Error decoding JSON: Extra data: line 1 column 31 (char 30)
[2024-07-01T12:15:02.003+0000] {logging_mixin.py:188} INFO - Error decoding JSON: Extra data: line 1 column 19 (char 18)
[2024-07-01T12:15:02.004+0000] {logging_mixin.py:188} INFO - Error decoding JSON: Extra data: line 1 column 23 (char 22)
[2024-07-01T12:15:02.004+0000] {logging_mixin.py:188} INFO - Error decoding JSON: Extra data: line 1 column 27 (char 26)
[2024-07-01T12:15:02.004+0000] {logging_mixin.py:188} INFO - Error decoding JSON: Extra data: line 1 column 29 (char 28)
[2024-07-01T12:15:02.005+0000] {logging_mixin.py:188} INFO - Error decoding JSON: Expecting value: line 1 column 9 (char 8)
[2024-07-01T12:15:02.005+0000] {logging_mixin.py:188} INFO - Error decoding JSON: Expecting property name enclosed in double quotes: line 2 column 1 (char 10)
[2024-07-01T12:15:02.006+0000] {logging_mixin.py:188} INFO - Error decoding JSON: Extra data: line 1 column 24 (char 23)
[2024-07-01T12:15:02.006+0000] {logging_mixin.py:188} INFO - Error decoding JSON: Extra data: line 1 column 31 (char 30)
[2024-07-01T12:15:02.006+0000] {logging_mixin.py:188} INFO - Error decoding JSON: Extra data: line 1 column 19 (char 18)
[2024-07-01T12:15:02.007+0000] {logging_mixin.py:188} INFO - Error decoding JSON: Extra data: line 1 column 23 (char 22)
[2024-07-01T12:15:02.007+0000] {logging_mixin.py:188} INFO - Error decoding JSON: Extra data: line 1 column 27 (char 26)
[2024-07-01T12:15:02.008+0000] {logging_mixin.py:188} INFO - Error decoding JSON: Extra data: line 1 column 29 (char 28)
[2024-07-01T12:15:02.008+0000] {logging_mixin.py:188} INFO - Error decoding JSON: Expecting value: line 1 column 9 (char 8)
[2024-07-01T12:15:02.009+0000] {logging_mixin.py:188} INFO - Error decoding JSON: Expecting property name enclosed in double quotes: line 2 column 1 (char 10)
[2024-07-01T12:15:02.009+0000] {logging_mixin.py:188} INFO - Error decoding JSON: Extra data: line 1 column 24 (char 23)
[2024-07-01T12:15:02.010+0000] {logging_mixin.py:188} INFO - Error decoding JSON: Extra data: line 1 column 31 (char 30)
[2024-07-01T12:15:02.010+0000] {logging_mixin.py:188} INFO - Error decoding JSON: Extra data: line 1 column 19 (char 18)
[2024-07-01T12:15:02.011+0000] {logging_mixin.py:188} INFO - Error decoding JSON: Extra data: line 1 column 23 (char 22)
[2024-07-01T12:15:02.011+0000] {logging_mixin.py:188} INFO - Error decoding JSON: Extra data: line 1 column 27 (char 26)
[2024-07-01T12:15:02.012+0000] {logging_mixin.py:188} INFO - Error decoding JSON: Extra data: line 1 column 29 (char 28)
[2024-07-01T12:15:02.012+0000] {logging_mixin.py:188} INFO - Error decoding JSON: Expecting value: line 1 column 9 (char 8)
[2024-07-01T12:15:02.012+0000] {logging_mixin.py:188} INFO - Error decoding JSON: Expecting property name enclosed in double quotes: line 2 column 1 (char 10)
[2024-07-01T12:15:02.013+0000] {logging_mixin.py:188} INFO - Error decoding JSON: Extra data: line 1 column 24 (char 23)
[2024-07-01T12:15:02.013+0000] {logging_mixin.py:188} INFO - Error decoding JSON: Extra data: line 1 column 31 (char 30)
[2024-07-01T12:15:02.014+0000] {logging_mixin.py:188} INFO - Error decoding JSON: Extra data: line 1 column 19 (char 18)
[2024-07-01T12:15:02.015+0000] {logging_mixin.py:188} INFO - Error decoding JSON: Extra data: line 1 column 23 (char 22)
[2024-07-01T12:15:02.015+0000] {logging_mixin.py:188} INFO - Error decoding JSON: Extra data: line 1 column 27 (char 26)
[2024-07-01T12:15:02.016+0000] {logging_mixin.py:188} INFO - Error decoding JSON: Extra data: line 1 column 29 (char 28)
[2024-07-01T12:15:02.016+0000] {logging_mixin.py:188} INFO - Error decoding JSON: Expecting value: line 1 column 9 (char 8)
[2024-07-01T12:15:02.016+0000] {logging_mixin.py:188} INFO - Error decoding JSON: Expecting property name enclosed in double quotes: line 2 column 1 (char 10)
[2024-07-01T12:15:02.017+0000] {logging_mixin.py:188} INFO - Error decoding JSON: Extra data: line 1 column 24 (char 23)
[2024-07-01T12:15:02.017+0000] {logging_mixin.py:188} INFO - Error decoding JSON: Extra data: line 1 column 31 (char 30)
[2024-07-01T12:15:02.018+0000] {logging_mixin.py:188} INFO - Error decoding JSON: Extra data: line 1 column 19 (char 18)
[2024-07-01T12:15:02.018+0000] {logging_mixin.py:188} INFO - Error decoding JSON: Extra data: line 1 column 23 (char 22)
[2024-07-01T12:15:02.019+0000] {logging_mixin.py:188} INFO - Error decoding JSON: Extra data: line 1 column 27 (char 26)
[2024-07-01T12:15:02.019+0000] {logging_mixin.py:188} INFO - Error decoding JSON: Extra data: line 1 column 29 (char 28)
[2024-07-01T12:15:02.020+0000] {logging_mixin.py:188} INFO - Error decoding JSON: Expecting value: line 1 column 9 (char 8)
[2024-07-01T12:15:02.020+0000] {logging_mixin.py:188} INFO - Error decoding JSON: Expecting property name enclosed in double quotes: line 2 column 1 (char 10)
[2024-07-01T12:15:02.020+0000] {logging_mixin.py:188} INFO - Error decoding JSON: Extra data: line 1 column 24 (char 23)
[2024-07-01T12:15:02.021+0000] {logging_mixin.py:188} INFO - Error decoding JSON: Extra data: line 1 column 31 (char 30)
[2024-07-01T12:15:02.021+0000] {logging_mixin.py:188} INFO - Error decoding JSON: Extra data: line 1 column 19 (char 18)
[2024-07-01T12:15:02.022+0000] {logging_mixin.py:188} INFO - Error decoding JSON: Extra data: line 1 column 23 (char 22)
[2024-07-01T12:15:02.022+0000] {logging_mixin.py:188} INFO - Error decoding JSON: Extra data: line 1 column 27 (char 26)
[2024-07-01T12:15:02.023+0000] {logging_mixin.py:188} INFO - Error decoding JSON: Extra data: line 1 column 29 (char 28)
[2024-07-01T12:15:02.023+0000] {logging_mixin.py:188} INFO - Error decoding JSON: Expecting value: line 1 column 9 (char 8)
[2024-07-01T12:15:02.023+0000] {logging_mixin.py:188} INFO - Error decoding JSON: Expecting property name enclosed in double quotes: line 2 column 1 (char 10)
[2024-07-01T12:15:02.024+0000] {logging_mixin.py:188} INFO - Error decoding JSON: Extra data: line 1 column 24 (char 23)
[2024-07-01T12:15:02.024+0000] {logging_mixin.py:188} INFO - Error decoding JSON: Extra data: line 1 column 31 (char 30)
[2024-07-01T12:15:02.024+0000] {logging_mixin.py:188} INFO - Error decoding JSON: Extra data: line 1 column 19 (char 18)
[2024-07-01T12:15:02.025+0000] {logging_mixin.py:188} INFO - Error decoding JSON: Extra data: line 1 column 23 (char 22)
[2024-07-01T12:15:02.025+0000] {logging_mixin.py:188} INFO - Error decoding JSON: Extra data: line 1 column 27 (char 26)
[2024-07-01T12:15:02.026+0000] {logging_mixin.py:188} INFO - Error decoding JSON: Extra data: line 1 column 29 (char 28)
[2024-07-01T12:15:02.026+0000] {logging_mixin.py:188} INFO - Error decoding JSON: Expecting value: line 1 column 9 (char 8)
[2024-07-01T12:15:02.027+0000] {logging_mixin.py:188} INFO - Error decoding JSON: Expecting property name enclosed in double quotes: line 2 column 1 (char 10)
[2024-07-01T12:15:02.027+0000] {logging_mixin.py:188} INFO - Error decoding JSON: Extra data: line 1 column 24 (char 23)
[2024-07-01T12:15:02.027+0000] {logging_mixin.py:188} INFO - Error decoding JSON: Extra data: line 1 column 31 (char 30)
[2024-07-01T12:15:02.028+0000] {logging_mixin.py:188} INFO - Error decoding JSON: Extra data: line 1 column 19 (char 18)
[2024-07-01T12:15:02.028+0000] {logging_mixin.py:188} INFO - Error decoding JSON: Extra data: line 1 column 23 (char 22)
[2024-07-01T12:15:02.029+0000] {logging_mixin.py:188} INFO - Error decoding JSON: Extra data: line 1 column 27 (char 26)
[2024-07-01T12:15:02.029+0000] {logging_mixin.py:188} INFO - Error decoding JSON: Extra data: line 1 column 29 (char 28)
[2024-07-01T12:15:02.029+0000] {logging_mixin.py:188} INFO - Error decoding JSON: Expecting value: line 1 column 9 (char 8)
[2024-07-01T12:15:02.029+0000] {logging_mixin.py:188} INFO - Error decoding JSON: Expecting property name enclosed in double quotes: line 2 column 1 (char 10)
[2024-07-01T12:15:02.030+0000] {logging_mixin.py:188} INFO - Error decoding JSON: Extra data: line 1 column 24 (char 23)
[2024-07-01T12:15:02.030+0000] {logging_mixin.py:188} INFO - Error decoding JSON: Extra data: line 1 column 31 (char 30)
[2024-07-01T12:15:02.030+0000] {logging_mixin.py:188} INFO - Error decoding JSON: Extra data: line 1 column 19 (char 18)
[2024-07-01T12:15:02.030+0000] {logging_mixin.py:188} INFO - Error decoding JSON: Extra data: line 1 column 23 (char 22)
[2024-07-01T12:15:02.031+0000] {logging_mixin.py:188} INFO - Error decoding JSON: Extra data: line 1 column 27 (char 26)
[2024-07-01T12:15:02.031+0000] {logging_mixin.py:188} INFO - Error decoding JSON: Extra data: line 1 column 29 (char 28)
[2024-07-01T12:15:02.031+0000] {logging_mixin.py:188} INFO - Error decoding JSON: Expecting value: line 1 column 9 (char 8)
[2024-07-01T12:15:02.031+0000] {logging_mixin.py:188} INFO - Error decoding JSON: Expecting property name enclosed in double quotes: line 2 column 1 (char 10)
[2024-07-01T12:15:02.032+0000] {logging_mixin.py:188} INFO - Error decoding JSON: Extra data: line 1 column 24 (char 23)
[2024-07-01T12:15:02.032+0000] {logging_mixin.py:188} INFO - Error decoding JSON: Extra data: line 1 column 31 (char 30)
[2024-07-01T12:15:02.032+0000] {logging_mixin.py:188} INFO - Error decoding JSON: Extra data: line 1 column 19 (char 18)
[2024-07-01T12:15:02.032+0000] {logging_mixin.py:188} INFO - Error decoding JSON: Extra data: line 1 column 23 (char 22)
[2024-07-01T12:15:02.033+0000] {logging_mixin.py:188} INFO - Error decoding JSON: Extra data: line 1 column 27 (char 26)
[2024-07-01T12:15:02.033+0000] {logging_mixin.py:188} INFO - Error decoding JSON: Extra data: line 1 column 29 (char 28)
[2024-07-01T12:15:02.033+0000] {logging_mixin.py:188} INFO - Error decoding JSON: Expecting value: line 1 column 9 (char 8)
[2024-07-01T12:15:02.033+0000] {logging_mixin.py:188} INFO - Error decoding JSON: Expecting property name enclosed in double quotes: line 2 column 1 (char 10)
[2024-07-01T12:15:02.034+0000] {logging_mixin.py:188} INFO - Error decoding JSON: Extra data: line 1 column 24 (char 23)
[2024-07-01T12:15:02.034+0000] {logging_mixin.py:188} INFO - Error decoding JSON: Extra data: line 1 column 31 (char 30)
[2024-07-01T12:15:02.034+0000] {logging_mixin.py:188} INFO - Error decoding JSON: Extra data: line 1 column 19 (char 18)
[2024-07-01T12:15:02.034+0000] {logging_mixin.py:188} INFO - Error decoding JSON: Extra data: line 1 column 23 (char 22)
[2024-07-01T12:15:02.035+0000] {logging_mixin.py:188} INFO - Error decoding JSON: Extra data: line 1 column 27 (char 26)
[2024-07-01T12:15:02.035+0000] {logging_mixin.py:188} INFO - Error decoding JSON: Extra data: line 1 column 29 (char 28)
[2024-07-01T12:15:02.035+0000] {logging_mixin.py:188} INFO - Error decoding JSON: Expecting value: line 1 column 9 (char 8)
[2024-07-01T12:15:02.035+0000] {logging_mixin.py:188} INFO - Error decoding JSON: Expecting property name enclosed in double quotes: line 2 column 1 (char 10)
[2024-07-01T12:15:02.036+0000] {logging_mixin.py:188} INFO - Error decoding JSON: Extra data: line 1 column 24 (char 23)
[2024-07-01T12:15:02.036+0000] {logging_mixin.py:188} INFO - Error decoding JSON: Extra data: line 1 column 31 (char 30)
[2024-07-01T12:15:02.036+0000] {logging_mixin.py:188} INFO - Error decoding JSON: Extra data: line 1 column 19 (char 18)
[2024-07-01T12:15:02.037+0000] {logging_mixin.py:188} INFO - Error decoding JSON: Extra data: line 1 column 23 (char 22)
[2024-07-01T12:15:02.037+0000] {logging_mixin.py:188} INFO - Error decoding JSON: Extra data: line 1 column 27 (char 26)
[2024-07-01T12:15:02.037+0000] {logging_mixin.py:188} INFO - Error decoding JSON: Extra data: line 1 column 29 (char 28)
[2024-07-01T12:15:02.038+0000] {logging_mixin.py:188} INFO - Error decoding JSON: Expecting value: line 1 column 9 (char 8)
[2024-07-01T12:15:02.038+0000] {logging_mixin.py:188} INFO - Error decoding JSON: Expecting property name enclosed in double quotes: line 2 column 1 (char 10)
[2024-07-01T12:15:02.039+0000] {logging_mixin.py:188} INFO - Error decoding JSON: Extra data: line 1 column 24 (char 23)
[2024-07-01T12:15:02.039+0000] {logging_mixin.py:188} INFO - Error decoding JSON: Extra data: line 1 column 31 (char 30)
[2024-07-01T12:15:02.039+0000] {logging_mixin.py:188} INFO - Error decoding JSON: Extra data: line 1 column 19 (char 18)
[2024-07-01T12:15:02.040+0000] {logging_mixin.py:188} INFO - Error decoding JSON: Extra data: line 1 column 23 (char 22)
[2024-07-01T12:15:02.040+0000] {logging_mixin.py:188} INFO - Error decoding JSON: Extra data: line 1 column 27 (char 26)
[2024-07-01T12:15:02.040+0000] {logging_mixin.py:188} INFO - Error decoding JSON: Extra data: line 1 column 29 (char 28)
[2024-07-01T12:15:02.040+0000] {logging_mixin.py:188} INFO - Error decoding JSON: Expecting value: line 1 column 9 (char 8)
[2024-07-01T12:15:02.041+0000] {logging_mixin.py:188} INFO - Error decoding JSON: Expecting property name enclosed in double quotes: line 2 column 1 (char 10)
[2024-07-01T12:15:02.041+0000] {logging_mixin.py:188} INFO - Error decoding JSON: Extra data: line 1 column 24 (char 23)
[2024-07-01T12:15:02.042+0000] {logging_mixin.py:188} INFO - Error decoding JSON: Extra data: line 1 column 31 (char 30)
[2024-07-01T12:15:02.042+0000] {logging_mixin.py:188} INFO - Error decoding JSON: Extra data: line 1 column 19 (char 18)
[2024-07-01T12:15:02.042+0000] {logging_mixin.py:188} INFO - Error decoding JSON: Extra data: line 1 column 23 (char 22)
[2024-07-01T12:15:02.043+0000] {logging_mixin.py:188} INFO - Error decoding JSON: Extra data: line 1 column 27 (char 26)
[2024-07-01T12:15:02.043+0000] {logging_mixin.py:188} INFO - Error decoding JSON: Extra data: line 1 column 29 (char 28)
[2024-07-01T12:15:02.043+0000] {logging_mixin.py:188} INFO - Error decoding JSON: Expecting value: line 1 column 9 (char 8)
[2024-07-01T12:15:02.044+0000] {logging_mixin.py:188} INFO - Error decoding JSON: Expecting property name enclosed in double quotes: line 2 column 1 (char 10)
[2024-07-01T12:15:02.044+0000] {logging_mixin.py:188} INFO - Error decoding JSON: Extra data: line 1 column 24 (char 23)
[2024-07-01T12:15:02.044+0000] {logging_mixin.py:188} INFO - Error decoding JSON: Extra data: line 1 column 31 (char 30)
[2024-07-01T12:15:02.045+0000] {logging_mixin.py:188} INFO - Error decoding JSON: Extra data: line 1 column 19 (char 18)
[2024-07-01T12:15:02.045+0000] {logging_mixin.py:188} INFO - Error decoding JSON: Extra data: line 1 column 23 (char 22)
[2024-07-01T12:15:02.045+0000] {logging_mixin.py:188} INFO - Error decoding JSON: Extra data: line 1 column 27 (char 26)
[2024-07-01T12:15:02.046+0000] {logging_mixin.py:188} INFO - Error decoding JSON: Extra data: line 1 column 29 (char 28)
[2024-07-01T12:15:02.046+0000] {logging_mixin.py:188} INFO - Error decoding JSON: Expecting value: line 1 column 9 (char 8)
[2024-07-01T12:15:02.046+0000] {logging_mixin.py:188} INFO - Error decoding JSON: Expecting property name enclosed in double quotes: line 2 column 1 (char 10)
[2024-07-01T12:15:02.047+0000] {logging_mixin.py:188} INFO - Error decoding JSON: Extra data: line 1 column 24 (char 23)
[2024-07-01T12:15:02.047+0000] {logging_mixin.py:188} INFO - Error decoding JSON: Extra data: line 1 column 31 (char 30)
[2024-07-01T12:15:02.047+0000] {logging_mixin.py:188} INFO - Error decoding JSON: Extra data: line 1 column 19 (char 18)
[2024-07-01T12:15:02.048+0000] {logging_mixin.py:188} INFO - Error decoding JSON: Extra data: line 1 column 23 (char 22)
[2024-07-01T12:15:02.048+0000] {logging_mixin.py:188} INFO - Error decoding JSON: Extra data: line 1 column 27 (char 26)
[2024-07-01T12:15:02.048+0000] {logging_mixin.py:188} INFO - Error decoding JSON: Extra data: line 1 column 29 (char 28)
[2024-07-01T12:15:02.048+0000] {logging_mixin.py:188} INFO - Error decoding JSON: Expecting value: line 1 column 9 (char 8)
[2024-07-01T12:15:02.049+0000] {logging_mixin.py:188} INFO - Error decoding JSON: Expecting property name enclosed in double quotes: line 2 column 1 (char 10)
[2024-07-01T12:15:02.049+0000] {logging_mixin.py:188} INFO - Error decoding JSON: Extra data: line 1 column 24 (char 23)
[2024-07-01T12:15:02.049+0000] {logging_mixin.py:188} INFO - Error decoding JSON: Extra data: line 1 column 31 (char 30)
[2024-07-01T12:15:02.049+0000] {logging_mixin.py:188} INFO - Error decoding JSON: Extra data: line 1 column 19 (char 18)
[2024-07-01T12:15:02.050+0000] {logging_mixin.py:188} INFO - Error decoding JSON: Extra data: line 1 column 23 (char 22)
[2024-07-01T12:15:02.050+0000] {logging_mixin.py:188} INFO - Error decoding JSON: Extra data: line 1 column 27 (char 26)
[2024-07-01T12:15:02.050+0000] {logging_mixin.py:188} INFO - Error decoding JSON: Extra data: line 1 column 29 (char 28)
[2024-07-01T12:15:02.051+0000] {logging_mixin.py:188} INFO - Error decoding JSON: Expecting value: line 1 column 9 (char 8)
[2024-07-01T12:15:02.051+0000] {logging_mixin.py:188} INFO - Error decoding JSON: Expecting property name enclosed in double quotes: line 2 column 1 (char 10)
[2024-07-01T12:15:02.051+0000] {logging_mixin.py:188} INFO - Error decoding JSON: Extra data: line 1 column 24 (char 23)
[2024-07-01T12:15:02.051+0000] {logging_mixin.py:188} INFO - Error decoding JSON: Extra data: line 1 column 31 (char 30)
[2024-07-01T12:15:02.051+0000] {logging_mixin.py:188} INFO - Error decoding JSON: Extra data: line 1 column 19 (char 18)
[2024-07-01T12:15:02.052+0000] {logging_mixin.py:188} INFO - Error decoding JSON: Extra data: line 1 column 23 (char 22)
[2024-07-01T12:15:02.052+0000] {logging_mixin.py:188} INFO - Error decoding JSON: Extra data: line 1 column 27 (char 26)
[2024-07-01T12:15:02.052+0000] {logging_mixin.py:188} INFO - Error decoding JSON: Extra data: line 1 column 29 (char 28)
[2024-07-01T12:15:02.052+0000] {logging_mixin.py:188} INFO - Error decoding JSON: Expecting value: line 1 column 9 (char 8)
[2024-07-01T12:15:02.053+0000] {logging_mixin.py:188} INFO - Error decoding JSON: Expecting property name enclosed in double quotes: line 2 column 1 (char 10)
[2024-07-01T12:15:02.053+0000] {logging_mixin.py:188} INFO - Error decoding JSON: Extra data: line 1 column 24 (char 23)
[2024-07-01T12:15:02.054+0000] {logging_mixin.py:188} INFO - Error decoding JSON: Extra data: line 1 column 31 (char 30)
[2024-07-01T12:15:02.054+0000] {logging_mixin.py:188} INFO - Error decoding JSON: Extra data: line 1 column 19 (char 18)
[2024-07-01T12:15:02.054+0000] {logging_mixin.py:188} INFO - Error decoding JSON: Extra data: line 1 column 23 (char 22)
[2024-07-01T12:15:02.055+0000] {logging_mixin.py:188} INFO - Error decoding JSON: Extra data: line 1 column 27 (char 26)
[2024-07-01T12:15:02.055+0000] {logging_mixin.py:188} INFO - Error decoding JSON: Extra data: line 1 column 29 (char 28)
[2024-07-01T12:15:02.056+0000] {logging_mixin.py:188} INFO - Error decoding JSON: Expecting value: line 1 column 9 (char 8)
[2024-07-01T12:15:02.056+0000] {logging_mixin.py:188} INFO - Error decoding JSON: Expecting property name enclosed in double quotes: line 2 column 1 (char 10)
[2024-07-01T12:15:02.056+0000] {logging_mixin.py:188} INFO - Error decoding JSON: Extra data: line 1 column 24 (char 23)
[2024-07-01T12:15:02.057+0000] {logging_mixin.py:188} INFO - Error decoding JSON: Extra data: line 1 column 31 (char 30)
[2024-07-01T12:15:02.057+0000] {logging_mixin.py:188} INFO - Error decoding JSON: Extra data: line 1 column 19 (char 18)
[2024-07-01T12:15:02.058+0000] {logging_mixin.py:188} INFO - Error decoding JSON: Extra data: line 1 column 23 (char 22)
[2024-07-01T12:15:02.058+0000] {logging_mixin.py:188} INFO - Error decoding JSON: Extra data: line 1 column 27 (char 26)
[2024-07-01T12:15:02.058+0000] {logging_mixin.py:188} INFO - Error decoding JSON: Extra data: line 1 column 29 (char 28)
[2024-07-01T12:15:02.059+0000] {logging_mixin.py:188} INFO - Error decoding JSON: Expecting value: line 1 column 9 (char 8)
[2024-07-01T12:15:02.059+0000] {logging_mixin.py:188} INFO - Error decoding JSON: Expecting property name enclosed in double quotes: line 2 column 1 (char 10)
[2024-07-01T12:15:02.060+0000] {logging_mixin.py:188} INFO - Error decoding JSON: Extra data: line 1 column 24 (char 23)
[2024-07-01T12:15:02.060+0000] {logging_mixin.py:188} INFO - Error decoding JSON: Extra data: line 1 column 31 (char 30)
[2024-07-01T12:15:02.061+0000] {logging_mixin.py:188} INFO - Error decoding JSON: Extra data: line 1 column 19 (char 18)
[2024-07-01T12:15:02.061+0000] {logging_mixin.py:188} INFO - Error decoding JSON: Extra data: line 1 column 23 (char 22)
[2024-07-01T12:15:02.062+0000] {logging_mixin.py:188} INFO - Error decoding JSON: Extra data: line 1 column 27 (char 26)
[2024-07-01T12:15:02.062+0000] {logging_mixin.py:188} INFO - Error decoding JSON: Extra data: line 1 column 29 (char 28)
[2024-07-01T12:15:02.063+0000] {logging_mixin.py:188} INFO - Error decoding JSON: Expecting value: line 1 column 9 (char 8)
[2024-07-01T12:15:02.063+0000] {logging_mixin.py:188} INFO - Error decoding JSON: Expecting property name enclosed in double quotes: line 2 column 1 (char 10)
[2024-07-01T12:15:02.063+0000] {logging_mixin.py:188} INFO - Error decoding JSON: Extra data: line 1 column 24 (char 23)
[2024-07-01T12:15:02.064+0000] {logging_mixin.py:188} INFO - Error decoding JSON: Extra data: line 1 column 31 (char 30)
[2024-07-01T12:15:02.064+0000] {logging_mixin.py:188} INFO - Error decoding JSON: Extra data: line 1 column 19 (char 18)
[2024-07-01T12:15:02.065+0000] {logging_mixin.py:188} INFO - Error decoding JSON: Extra data: line 1 column 23 (char 22)
[2024-07-01T12:15:02.065+0000] {logging_mixin.py:188} INFO - Error decoding JSON: Extra data: line 1 column 27 (char 26)
[2024-07-01T12:15:02.066+0000] {logging_mixin.py:188} INFO - Error decoding JSON: Extra data: line 1 column 29 (char 28)
[2024-07-01T12:15:02.066+0000] {logging_mixin.py:188} INFO - Error decoding JSON: Expecting value: line 1 column 9 (char 8)
[2024-07-01T12:15:02.067+0000] {logging_mixin.py:188} INFO - Error decoding JSON: Expecting property name enclosed in double quotes: line 2 column 1 (char 10)
[2024-07-01T12:15:02.067+0000] {logging_mixin.py:188} INFO - Error decoding JSON: Extra data: line 1 column 24 (char 23)
[2024-07-01T12:15:02.067+0000] {logging_mixin.py:188} INFO - Error decoding JSON: Extra data: line 1 column 31 (char 30)
[2024-07-01T12:15:02.068+0000] {logging_mixin.py:188} INFO - Error decoding JSON: Extra data: line 1 column 19 (char 18)
[2024-07-01T12:15:02.068+0000] {logging_mixin.py:188} INFO - Error decoding JSON: Extra data: line 1 column 23 (char 22)
[2024-07-01T12:15:02.068+0000] {logging_mixin.py:188} INFO - Error decoding JSON: Extra data: line 1 column 27 (char 26)
[2024-07-01T12:15:02.069+0000] {logging_mixin.py:188} INFO - Error decoding JSON: Extra data: line 1 column 29 (char 28)
[2024-07-01T12:15:02.069+0000] {logging_mixin.py:188} INFO - Error decoding JSON: Expecting value: line 1 column 9 (char 8)
[2024-07-01T12:15:02.069+0000] {logging_mixin.py:188} INFO - Error decoding JSON: Expecting property name enclosed in double quotes: line 2 column 1 (char 10)
[2024-07-01T12:15:02.069+0000] {logging_mixin.py:188} INFO - Error decoding JSON: Extra data: line 1 column 24 (char 23)
[2024-07-01T12:15:02.070+0000] {logging_mixin.py:188} INFO - Error decoding JSON: Extra data: line 1 column 31 (char 30)
[2024-07-01T12:15:02.070+0000] {logging_mixin.py:188} INFO - Error decoding JSON: Extra data: line 1 column 19 (char 18)
[2024-07-01T12:15:02.070+0000] {logging_mixin.py:188} INFO - Error decoding JSON: Extra data: line 1 column 23 (char 22)
[2024-07-01T12:15:02.071+0000] {logging_mixin.py:188} INFO - Error decoding JSON: Extra data: line 1 column 27 (char 26)
[2024-07-01T12:15:02.071+0000] {logging_mixin.py:188} INFO - Error decoding JSON: Extra data: line 1 column 29 (char 28)
[2024-07-01T12:15:02.071+0000] {logging_mixin.py:188} INFO - Error decoding JSON: Expecting value: line 1 column 9 (char 8)
[2024-07-01T12:15:02.072+0000] {logging_mixin.py:188} INFO - Error decoding JSON: Expecting property name enclosed in double quotes: line 2 column 1 (char 10)
[2024-07-01T12:15:02.072+0000] {logging_mixin.py:188} INFO - Error decoding JSON: Extra data: line 1 column 24 (char 23)
[2024-07-01T12:15:02.072+0000] {logging_mixin.py:188} INFO - Error decoding JSON: Extra data: line 1 column 31 (char 30)
[2024-07-01T12:15:02.073+0000] {logging_mixin.py:188} INFO - Error decoding JSON: Extra data: line 1 column 19 (char 18)
[2024-07-01T12:15:02.073+0000] {logging_mixin.py:188} INFO - Error decoding JSON: Extra data: line 1 column 23 (char 22)
[2024-07-01T12:15:02.074+0000] {logging_mixin.py:188} INFO - Error decoding JSON: Extra data: line 1 column 27 (char 26)
[2024-07-01T12:15:02.074+0000] {logging_mixin.py:188} INFO - Error decoding JSON: Extra data: line 1 column 29 (char 28)
[2024-07-01T12:15:02.074+0000] {logging_mixin.py:188} INFO - Error decoding JSON: Expecting value: line 1 column 9 (char 8)
[2024-07-01T12:15:02.075+0000] {logging_mixin.py:188} INFO - Error decoding JSON: Expecting property name enclosed in double quotes: line 2 column 1 (char 10)
[2024-07-01T12:15:02.075+0000] {logging_mixin.py:188} INFO - Error decoding JSON: Extra data: line 1 column 24 (char 23)
[2024-07-01T12:15:02.076+0000] {logging_mixin.py:188} INFO - Error decoding JSON: Extra data: line 1 column 31 (char 30)
[2024-07-01T12:15:02.076+0000] {logging_mixin.py:188} INFO - Error decoding JSON: Extra data: line 1 column 19 (char 18)
[2024-07-01T12:15:02.077+0000] {logging_mixin.py:188} INFO - Error decoding JSON: Extra data: line 1 column 23 (char 22)
[2024-07-01T12:15:02.077+0000] {logging_mixin.py:188} INFO - Error decoding JSON: Extra data: line 1 column 27 (char 26)
[2024-07-01T12:15:02.078+0000] {logging_mixin.py:188} INFO - Error decoding JSON: Extra data: line 1 column 29 (char 28)
[2024-07-01T12:15:02.078+0000] {logging_mixin.py:188} INFO - Error decoding JSON: Expecting value: line 1 column 9 (char 8)
[2024-07-01T12:15:02.079+0000] {logging_mixin.py:188} INFO - Error decoding JSON: Expecting property name enclosed in double quotes: line 2 column 1 (char 10)
[2024-07-01T12:15:02.079+0000] {logging_mixin.py:188} INFO - Error decoding JSON: Extra data: line 1 column 24 (char 23)
[2024-07-01T12:15:02.080+0000] {logging_mixin.py:188} INFO - Error decoding JSON: Extra data: line 1 column 31 (char 30)
[2024-07-01T12:15:02.080+0000] {logging_mixin.py:188} INFO - Error decoding JSON: Extra data: line 1 column 19 (char 18)
[2024-07-01T12:15:02.081+0000] {logging_mixin.py:188} INFO - Error decoding JSON: Extra data: line 1 column 23 (char 22)
[2024-07-01T12:15:02.081+0000] {logging_mixin.py:188} INFO - Error decoding JSON: Extra data: line 1 column 27 (char 26)
[2024-07-01T12:15:02.081+0000] {logging_mixin.py:188} INFO - Error decoding JSON: Extra data: line 1 column 29 (char 28)
[2024-07-01T12:15:02.082+0000] {logging_mixin.py:188} INFO - Error decoding JSON: Expecting value: line 1 column 9 (char 8)
[2024-07-01T12:15:02.082+0000] {logging_mixin.py:188} INFO - Error decoding JSON: Expecting property name enclosed in double quotes: line 2 column 1 (char 10)
[2024-07-01T12:15:02.083+0000] {logging_mixin.py:188} INFO - Error decoding JSON: Extra data: line 1 column 24 (char 23)
[2024-07-01T12:15:02.083+0000] {logging_mixin.py:188} INFO - Error decoding JSON: Extra data: line 1 column 31 (char 30)
[2024-07-01T12:15:02.084+0000] {logging_mixin.py:188} INFO - Error decoding JSON: Extra data: line 1 column 19 (char 18)
[2024-07-01T12:15:02.084+0000] {logging_mixin.py:188} INFO - Error decoding JSON: Extra data: line 1 column 23 (char 22)
[2024-07-01T12:15:02.085+0000] {logging_mixin.py:188} INFO - Error decoding JSON: Extra data: line 1 column 27 (char 26)
[2024-07-01T12:15:02.085+0000] {logging_mixin.py:188} INFO - Error decoding JSON: Extra data: line 1 column 29 (char 28)
[2024-07-01T12:15:02.086+0000] {logging_mixin.py:188} INFO - Error decoding JSON: Expecting value: line 1 column 9 (char 8)
[2024-07-01T12:15:02.086+0000] {logging_mixin.py:188} INFO - Error decoding JSON: Expecting property name enclosed in double quotes: line 2 column 1 (char 10)
[2024-07-01T12:15:02.087+0000] {logging_mixin.py:188} INFO - Error decoding JSON: Extra data: line 1 column 24 (char 23)
[2024-07-01T12:15:02.087+0000] {logging_mixin.py:188} INFO - Error decoding JSON: Extra data: line 1 column 31 (char 30)
[2024-07-01T12:15:02.088+0000] {logging_mixin.py:188} INFO - Error decoding JSON: Extra data: line 1 column 19 (char 18)
[2024-07-01T12:15:02.088+0000] {logging_mixin.py:188} INFO - Error decoding JSON: Extra data: line 1 column 23 (char 22)
[2024-07-01T12:15:02.089+0000] {logging_mixin.py:188} INFO - Error decoding JSON: Extra data: line 1 column 27 (char 26)
[2024-07-01T12:15:02.089+0000] {logging_mixin.py:188} INFO - Error decoding JSON: Extra data: line 1 column 29 (char 28)
[2024-07-01T12:15:02.089+0000] {logging_mixin.py:188} INFO - Error decoding JSON: Expecting value: line 1 column 9 (char 8)
[2024-07-01T12:15:02.090+0000] {logging_mixin.py:188} INFO - Error decoding JSON: Expecting property name enclosed in double quotes: line 2 column 1 (char 10)
[2024-07-01T12:15:02.090+0000] {logging_mixin.py:188} INFO - Error decoding JSON: Extra data: line 1 column 24 (char 23)
[2024-07-01T12:15:02.091+0000] {logging_mixin.py:188} INFO - Error decoding JSON: Extra data: line 1 column 31 (char 30)
[2024-07-01T12:15:02.091+0000] {logging_mixin.py:188} INFO - Error decoding JSON: Extra data: line 1 column 19 (char 18)
[2024-07-01T12:15:02.091+0000] {logging_mixin.py:188} INFO - Error decoding JSON: Extra data: line 1 column 23 (char 22)
[2024-07-01T12:15:02.092+0000] {logging_mixin.py:188} INFO - Error decoding JSON: Extra data: line 1 column 27 (char 26)
[2024-07-01T12:15:02.092+0000] {logging_mixin.py:188} INFO - Error decoding JSON: Extra data: line 1 column 29 (char 28)
[2024-07-01T12:15:02.093+0000] {logging_mixin.py:188} INFO - Error decoding JSON: Expecting value: line 1 column 9 (char 8)
[2024-07-01T12:15:02.093+0000] {logging_mixin.py:188} INFO - Error decoding JSON: Expecting property name enclosed in double quotes: line 2 column 1 (char 10)
[2024-07-01T12:15:02.094+0000] {logging_mixin.py:188} INFO - Error decoding JSON: Extra data: line 1 column 24 (char 23)
[2024-07-01T12:15:02.094+0000] {logging_mixin.py:188} INFO - Error decoding JSON: Extra data: line 1 column 31 (char 30)
[2024-07-01T12:15:02.095+0000] {logging_mixin.py:188} INFO - Error decoding JSON: Extra data: line 1 column 19 (char 18)
[2024-07-01T12:15:02.095+0000] {logging_mixin.py:188} INFO - Error decoding JSON: Extra data: line 1 column 23 (char 22)
[2024-07-01T12:15:02.096+0000] {logging_mixin.py:188} INFO - Error decoding JSON: Extra data: line 1 column 27 (char 26)
[2024-07-01T12:15:02.096+0000] {logging_mixin.py:188} INFO - Error decoding JSON: Extra data: line 1 column 29 (char 28)
[2024-07-01T12:15:02.097+0000] {logging_mixin.py:188} INFO - Error decoding JSON: Expecting value: line 1 column 9 (char 8)
[2024-07-01T12:15:02.097+0000] {logging_mixin.py:188} INFO - Error decoding JSON: Expecting property name enclosed in double quotes: line 2 column 1 (char 10)
[2024-07-01T12:15:02.098+0000] {logging_mixin.py:188} INFO - Error decoding JSON: Extra data: line 1 column 24 (char 23)
[2024-07-01T12:15:02.098+0000] {logging_mixin.py:188} INFO - Error decoding JSON: Extra data: line 1 column 31 (char 30)
[2024-07-01T12:15:02.099+0000] {logging_mixin.py:188} INFO - Error decoding JSON: Extra data: line 1 column 19 (char 18)
[2024-07-01T12:15:02.099+0000] {logging_mixin.py:188} INFO - Error decoding JSON: Extra data: line 1 column 23 (char 22)
[2024-07-01T12:15:02.099+0000] {logging_mixin.py:188} INFO - Error decoding JSON: Extra data: line 1 column 27 (char 26)
[2024-07-01T12:15:02.100+0000] {logging_mixin.py:188} INFO - Error decoding JSON: Extra data: line 1 column 29 (char 28)
[2024-07-01T12:15:02.100+0000] {logging_mixin.py:188} INFO - Error decoding JSON: Expecting value: line 1 column 9 (char 8)
[2024-07-01T12:15:02.101+0000] {logging_mixin.py:188} INFO - Error decoding JSON: Expecting property name enclosed in double quotes: line 2 column 1 (char 10)
[2024-07-01T12:15:02.101+0000] {logging_mixin.py:188} INFO - Error decoding JSON: Extra data: line 1 column 24 (char 23)
[2024-07-01T12:15:02.102+0000] {logging_mixin.py:188} INFO - Error decoding JSON: Extra data: line 1 column 31 (char 30)
[2024-07-01T12:15:02.102+0000] {logging_mixin.py:188} INFO - Error decoding JSON: Extra data: line 1 column 19 (char 18)
[2024-07-01T12:15:02.103+0000] {logging_mixin.py:188} INFO - Error decoding JSON: Extra data: line 1 column 23 (char 22)
[2024-07-01T12:15:02.103+0000] {logging_mixin.py:188} INFO - Error decoding JSON: Extra data: line 1 column 27 (char 26)
[2024-07-01T12:15:02.103+0000] {logging_mixin.py:188} INFO - Error decoding JSON: Extra data: line 1 column 29 (char 28)
[2024-07-01T12:15:02.104+0000] {logging_mixin.py:188} INFO - Error decoding JSON: Expecting value: line 1 column 9 (char 8)
[2024-07-01T12:15:02.104+0000] {logging_mixin.py:188} INFO - Error decoding JSON: Expecting property name enclosed in double quotes: line 2 column 1 (char 10)
[2024-07-01T12:15:02.105+0000] {logging_mixin.py:188} INFO - Error decoding JSON: Extra data: line 1 column 24 (char 23)
[2024-07-01T12:15:02.105+0000] {logging_mixin.py:188} INFO - Error decoding JSON: Extra data: line 1 column 31 (char 30)
[2024-07-01T12:15:02.106+0000] {logging_mixin.py:188} INFO - Error decoding JSON: Extra data: line 1 column 19 (char 18)
[2024-07-01T12:15:02.106+0000] {logging_mixin.py:188} INFO - Error decoding JSON: Extra data: line 1 column 23 (char 22)
[2024-07-01T12:15:02.106+0000] {logging_mixin.py:188} INFO - Error decoding JSON: Extra data: line 1 column 27 (char 26)
[2024-07-01T12:15:02.107+0000] {logging_mixin.py:188} INFO - Error decoding JSON: Extra data: line 1 column 29 (char 28)
[2024-07-01T12:15:02.107+0000] {logging_mixin.py:188} INFO - Error decoding JSON: Expecting value: line 1 column 9 (char 8)
[2024-07-01T12:15:02.108+0000] {logging_mixin.py:188} INFO - Error decoding JSON: Expecting value: line 2 column 1 (char 2)
[2024-07-01T12:15:02.112+0000] {conn.py:380} INFO - <BrokerConnection node_id=bootstrap-0 host=kafka:9092 <connecting> [IPv4 ('172.18.0.2', 9092)]>: connecting to kafka:9092 [('172.18.0.2', 9092) IPv4]
[2024-07-01T12:15:02.113+0000] {conn.py:1206} INFO - Probing node bootstrap-0 broker version
[2024-07-01T12:15:02.115+0000] {conn.py:410} INFO - <BrokerConnection node_id=bootstrap-0 host=kafka:9092 <connecting> [IPv4 ('172.18.0.2', 9092)]>: Connection complete.
[2024-07-01T12:15:02.220+0000] {conn.py:1268} INFO - Broker version identified as 2.6.0
[2024-07-01T12:15:02.221+0000] {conn.py:1269} INFO - Set configuration api_version=(2, 6, 0) to skip auto check_version requests on startup
[2024-07-01T12:15:02.223+0000] {taskinstance.py:441} INFO - ::group::Post task execution logs
[2024-07-01T12:15:02.224+0000] {taskinstance.py:2905} ERROR - Task failed with exception
Traceback (most recent call last):
  File "/home/airflow/.local/lib/python3.12/site-packages/airflow/models/taskinstance.py", line 465, in _execute_task
    result = _execute_callable(context=context, **execute_callable_kwargs)
             ^^^^^^^^^^^^^^^^^^^^^^^^^^^^^^^^^^^^^^^^^^^^^^^^^^^^^^^^^^^^^
  File "/home/airflow/.local/lib/python3.12/site-packages/airflow/models/taskinstance.py", line 432, in _execute_callable
    return execute_callable(context=context, **execute_callable_kwargs)
           ^^^^^^^^^^^^^^^^^^^^^^^^^^^^^^^^^^^^^^^^^^^^^^^^^^^^^^^^^^^^
  File "/home/airflow/.local/lib/python3.12/site-packages/airflow/models/baseoperator.py", line 400, in wrapper
    return func(self, *args, **kwargs)
           ^^^^^^^^^^^^^^^^^^^^^^^^^^^
  File "/home/airflow/.local/lib/python3.12/site-packages/airflow/operators/python.py", line 235, in execute
    return_value = self.execute_callable()
                   ^^^^^^^^^^^^^^^^^^^^^^^
  File "/home/airflow/.local/lib/python3.12/site-packages/airflow/operators/python.py", line 252, in execute_callable
    return self.python_callable(*self.op_args, **self.op_kwargs)
           ^^^^^^^^^^^^^^^^^^^^^^^^^^^^^^^^^^^^^^^^^^^^^^^^^^^^^
  File "/opt/airflow/dags/script_kafka.py", line 80, in kafka_producer_script
    send_to_kafka(producer, kafka_topic, dataresult)
  File "/opt/airflow/dags/script_kafka.py", line 60, in send_to_kafka
    producer.send(topic, value=data)
  File "/home/airflow/.local/lib/python3.12/site-packages/kafka/producer/kafka.py", line 576, in send
    assert not (value is None and key is None), 'Need at least one: key or value'
           ^^^^^^^^^^^^^^^^^^^^^^^^^^^^^^^^^^^
AssertionError: Need at least one: key or value
[2024-07-01T12:15:02.239+0000] {taskinstance.py:1206} INFO - Marking task as FAILED. dag_id=purchase_dag, task_id=kafka_producer, run_id=manual__2024-07-01T12:14:58.430875+00:00, execution_date=20240701T121458, start_date=20240701T121501, end_date=20240701T121502
[2024-07-01T12:15:02.263+0000] {standard_task_runner.py:110} ERROR - Failed to execute job 476 for task kafka_producer (Need at least one: key or value; 435)
[2024-07-01T12:15:02.299+0000] {local_task_job_runner.py:240} INFO - Task exited with return code 1
[2024-07-01T12:15:02.330+0000] {taskinstance.py:3498} INFO - 0 downstream tasks scheduled from follow-on schedule check
[2024-07-01T12:15:02.333+0000] {local_task_job_runner.py:222} INFO - ::endgroup::
