[2024-06-25T12:36:18.786+0000] {local_task_job_runner.py:120} INFO - ::group::Pre task execution logs
[2024-06-25T12:36:18.824+0000] {taskinstance.py:2076} INFO - Dependencies all met for dep_context=non-requeueable deps ti=<TaskInstance: Stage_1.run_bronze_job manual__2024-06-25T12:36:12.093621+00:00 [queued]>
[2024-06-25T12:36:18.834+0000] {taskinstance.py:2076} INFO - Dependencies all met for dep_context=requeueable deps ti=<TaskInstance: Stage_1.run_bronze_job manual__2024-06-25T12:36:12.093621+00:00 [queued]>
[2024-06-25T12:36:18.835+0000] {taskinstance.py:2306} INFO - Starting attempt 1 of 1
[2024-06-25T12:36:18.849+0000] {taskinstance.py:2330} INFO - Executing <Task(DockerOperator): run_bronze_job> on 2024-06-25 12:36:12.093621+00:00
[2024-06-25T12:36:18.858+0000] {logging_mixin.py:188} WARNING - /home/***/.local/lib/python3.12/site-packages/***/task/task_runner/standard_task_runner.py:61 DeprecationWarning: This process (pid=1699) is multi-threaded, use of fork() may lead to deadlocks in the child.
[2024-06-25T12:36:18.859+0000] {standard_task_runner.py:63} INFO - Started process 1700 to run task
[2024-06-25T12:36:18.858+0000] {standard_task_runner.py:90} INFO - Running: ['***', 'tasks', 'run', 'Stage_1', 'run_bronze_job', 'manual__2024-06-25T12:36:12.093621+00:00', '--job-id', '129', '--raw', '--subdir', 'DAGS_FOLDER/kafka_dag.py', '--cfg-path', '/tmp/tmpp5czi2ew']
[2024-06-25T12:36:18.860+0000] {standard_task_runner.py:91} INFO - Job 129: Subtask run_bronze_job
[2024-06-25T12:36:18.874+0000] {logging_mixin.py:188} WARNING - /home/***/.local/lib/python3.12/site-packages/***/settings.py:195 DeprecationWarning: The sql_alchemy_conn option in [core] has been moved to the sql_alchemy_conn option in [database] - the old setting has been used, but please update your config.
[2024-06-25T12:36:18.907+0000] {task_command.py:426} INFO - Running <TaskInstance: Stage_1.run_bronze_job manual__2024-06-25T12:36:12.093621+00:00 [running]> on host 0b2aef5f9e3a
[2024-06-25T12:36:19.010+0000] {taskinstance.py:2648} INFO - Exporting env vars: AIRFLOW_CTX_DAG_OWNER='***' AIRFLOW_CTX_DAG_ID='Stage_1' AIRFLOW_CTX_TASK_ID='run_bronze_job' AIRFLOW_CTX_EXECUTION_DATE='2024-06-25T12:36:12.093621+00:00' AIRFLOW_CTX_TRY_NUMBER='1' AIRFLOW_CTX_DAG_RUN_ID='manual__2024-06-25T12:36:12.093621+00:00'
[2024-06-25T12:36:19.011+0000] {taskinstance.py:430} INFO - ::endgroup::
[2024-06-25T12:36:19.046+0000] {docker.py:366} INFO - Starting docker container from image bitnami/spark:latest
[2024-06-25T12:36:19.049+0000] {docker.py:374} WARNING - Using remote engine or docker-in-docker and mounting temporary volume from host is not supported. Falling back to `mount_tmp_dir=False` mode. You can set `mount_tmp_dir` parameter to False to disable mounting and remove the warning
[2024-06-25T12:36:19.562+0000] {docker.py:436} INFO - [38;5;6mspark [38;5;5m12:36:19.55 [0m[38;5;2mINFO [0m ==>
[2024-06-25T12:36:19.562+0000] {docker.py:436} INFO - [38;5;6mspark [38;5;5m12:36:19.56 [0m[38;5;2mINFO [0m ==> [1mWelcome to the Bitnami spark container[0m
[2024-06-25T12:36:19.565+0000] {docker.py:436} INFO - [38;5;6mspark [38;5;5m12:36:19.56 [0m[38;5;2mINFO [0m ==> Subscribe to project updates by watching [1mhttps://github.com/bitnami/containers[0m
[2024-06-25T12:36:19.568+0000] {docker.py:436} INFO - [38;5;6mspark [38;5;5m12:36:19.56 [0m[38;5;2mINFO [0m ==> Submit issues and feature requests at [1mhttps://github.com/bitnami/containers/issues[0m
[2024-06-25T12:36:19.570+0000] {docker.py:436} INFO - [38;5;6mspark [38;5;5m12:36:19.56 [0m[38;5;2mINFO [0m ==> Upgrade to Tanzu Application Catalog for production environments to access custom-configured and pre-packaged software components. Gain enhanced features, including Software Bill of Materials (SBOM), CVE scan result reports, and VEX documents. To learn more, visit [1mhttps://bitnami.com/enterprise[0m
[2024-06-25T12:36:19.572+0000] {docker.py:436} INFO - [38;5;6mspark [38;5;5m12:36:19.57 [0m[38;5;2mINFO [0m ==>
[2024-06-25T12:36:19.580+0000] {docker.py:436} INFO - 
[2024-06-25T12:36:22.025+0000] {docker.py:436} INFO - :: loading settings :: url = jar:file:/opt/bitnami/spark/jars/ivy-2.5.1.jar!/org/apache/ivy/core/settings/ivysettings.xml
[2024-06-25T12:36:22.122+0000] {docker.py:436} INFO - Ivy Default Cache set to: /opt/bitnami/spark/.ivy2/cache
The jars for the packages stored in: /opt/bitnami/spark/.ivy2/jars
[2024-06-25T12:36:22.131+0000] {docker.py:436} INFO - org.apache.spark#spark-sql-kafka-0-10_2.12 added as a dependency
[2024-06-25T12:36:22.131+0000] {docker.py:436} INFO - org.postgresql#postgresql added as a dependency
[2024-06-25T12:36:22.133+0000] {docker.py:436} INFO - :: resolving dependencies :: org.apache.spark#spark-submit-parent-4f6f188b-599f-4b22-b55e-7124b14b46f9;1.0
[2024-06-25T12:36:22.133+0000] {docker.py:436} INFO - confs: [default]
[2024-06-25T12:36:23.449+0000] {docker.py:436} INFO - found org.apache.spark#spark-sql-kafka-0-10_2.12;3.3.0 in central
[2024-06-25T12:36:23.790+0000] {docker.py:436} INFO - found org.apache.spark#spark-token-provider-kafka-0-10_2.12;3.3.0 in central
[2024-06-25T12:36:23.854+0000] {docker.py:436} INFO - found org.apache.kafka#kafka-clients;2.8.1 in central
[2024-06-25T12:36:23.916+0000] {docker.py:436} INFO - found org.lz4#lz4-java;1.8.0 in central
[2024-06-25T12:36:23.969+0000] {docker.py:436} INFO - found org.xerial.snappy#snappy-java;1.1.8.4 in central
[2024-06-25T12:36:24.801+0000] {docker.py:436} INFO - found org.slf4j#slf4j-api;1.7.32 in central
[2024-06-25T12:36:25.055+0000] {docker.py:436} INFO - found org.apache.hadoop#hadoop-client-runtime;3.3.2 in central
[2024-06-25T12:36:25.177+0000] {docker.py:436} INFO - found org.spark-project.spark#unused;1.0.0 in central
[2024-06-25T12:36:25.321+0000] {docker.py:436} INFO - found org.apache.hadoop#hadoop-client-api;3.3.2 in central
[2024-06-25T12:36:25.529+0000] {docker.py:436} INFO - found commons-logging#commons-logging;1.1.3 in central
[2024-06-25T12:36:25.590+0000] {docker.py:436} INFO - found com.google.code.findbugs#jsr305;3.0.0 in central
[2024-06-25T12:36:25.993+0000] {docker.py:436} INFO - found org.apache.commons#commons-pool2;2.11.1 in central
[2024-06-25T12:36:27.514+0000] {docker.py:436} INFO - found org.postgresql#postgresql;42.2.2 in central
[2024-06-25T12:36:27.546+0000] {docker.py:436} INFO - downloading https://repo1.maven.org/maven2/org/apache/spark/spark-sql-kafka-0-10_2.12/3.3.0/spark-sql-kafka-0-10_2.12-3.3.0.jar ...
[2024-06-25T12:36:27.622+0000] {docker.py:436} INFO - [SUCCESSFUL ] org.apache.spark#spark-sql-kafka-0-10_2.12;3.3.0!spark-sql-kafka-0-10_2.12.jar (93ms)
[2024-06-25T12:36:27.632+0000] {docker.py:436} INFO - downloading https://repo1.maven.org/maven2/org/postgresql/postgresql/42.2.2/postgresql-42.2.2.jar ...
[2024-06-25T12:36:27.739+0000] {docker.py:436} INFO - [SUCCESSFUL ] org.postgresql#postgresql;42.2.2!postgresql.jar(bundle) (116ms)
[2024-06-25T12:36:27.751+0000] {docker.py:436} INFO - downloading https://repo1.maven.org/maven2/org/apache/spark/spark-token-provider-kafka-0-10_2.12/3.3.0/spark-token-provider-kafka-0-10_2.12-3.3.0.jar ...
[2024-06-25T12:36:27.770+0000] {docker.py:436} INFO - [SUCCESSFUL ] org.apache.spark#spark-token-provider-kafka-0-10_2.12;3.3.0!spark-token-provider-kafka-0-10_2.12.jar (30ms)
[2024-06-25T12:36:27.790+0000] {docker.py:436} INFO - downloading https://repo1.maven.org/maven2/org/apache/kafka/kafka-clients/2.8.1/kafka-clients-2.8.1.jar ...
[2024-06-25T12:36:28.717+0000] {docker.py:436} INFO - [SUCCESSFUL ] org.apache.kafka#kafka-clients;2.8.1!kafka-clients.jar (944ms)
[2024-06-25T12:36:28.728+0000] {docker.py:436} INFO - downloading https://repo1.maven.org/maven2/com/google/code/findbugs/jsr305/3.0.0/jsr305-3.0.0.jar ...
[2024-06-25T12:36:28.746+0000] {docker.py:436} INFO - [SUCCESSFUL ] com.google.code.findbugs#jsr305;3.0.0!jsr305.jar (28ms)
[2024-06-25T12:36:28.757+0000] {docker.py:436} INFO - downloading https://repo1.maven.org/maven2/org/apache/commons/commons-pool2/2.11.1/commons-pool2-2.11.1.jar ...
[2024-06-25T12:36:28.793+0000] {docker.py:436} INFO - [SUCCESSFUL ] org.apache.commons#commons-pool2;2.11.1!commons-pool2.jar (45ms)
[2024-06-25T12:36:28.805+0000] {docker.py:436} INFO - downloading https://repo1.maven.org/maven2/org/spark-project/spark/unused/1.0.0/unused-1.0.0.jar ...
[2024-06-25T12:36:28.815+0000] {docker.py:436} INFO - [SUCCESSFUL ] org.spark-project.spark#unused;1.0.0!unused.jar (21ms)
[2024-06-25T12:36:28.828+0000] {docker.py:436} INFO - downloading https://repo1.maven.org/maven2/org/apache/hadoop/hadoop-client-runtime/3.3.2/hadoop-client-runtime-3.3.2.jar ...
[2024-06-25T12:36:32.095+0000] {docker.py:436} INFO - [SUCCESSFUL ] org.apache.hadoop#hadoop-client-runtime;3.3.2!hadoop-client-runtime.jar (3277ms)
[2024-06-25T12:36:32.114+0000] {docker.py:436} INFO - downloading https://repo1.maven.org/maven2/org/lz4/lz4-java/1.8.0/lz4-java-1.8.0.jar ...
[2024-06-25T12:36:32.194+0000] {docker.py:436} INFO - [SUCCESSFUL ] org.lz4#lz4-java;1.8.0!lz4-java.jar (96ms)
[2024-06-25T12:36:32.214+0000] {docker.py:436} INFO - downloading https://repo1.maven.org/maven2/org/xerial/snappy/snappy-java/1.1.8.4/snappy-java-1.1.8.4.jar ...
[2024-06-25T12:36:32.436+0000] {docker.py:436} INFO - [SUCCESSFUL ] org.xerial.snappy#snappy-java;1.1.8.4!snappy-java.jar(bundle) (240ms)
[2024-06-25T12:36:32.446+0000] {docker.py:436} INFO - downloading https://repo1.maven.org/maven2/org/slf4j/slf4j-api/1.7.32/slf4j-api-1.7.32.jar ...
[2024-06-25T12:36:32.460+0000] {docker.py:436} INFO - [SUCCESSFUL ] org.slf4j#slf4j-api;1.7.32!slf4j-api.jar (22ms)
[2024-06-25T12:36:32.471+0000] {docker.py:436} INFO - downloading https://repo1.maven.org/maven2/org/apache/hadoop/hadoop-client-api/3.3.2/hadoop-client-api-3.3.2.jar ...
[2024-06-25T12:36:34.505+0000] {docker.py:436} INFO - [SUCCESSFUL ] org.apache.hadoop#hadoop-client-api;3.3.2!hadoop-client-api.jar (2045ms)
[2024-06-25T12:36:34.519+0000] {docker.py:436} INFO - downloading https://repo1.maven.org/maven2/commons-logging/commons-logging/1.1.3/commons-logging-1.1.3.jar ...
[2024-06-25T12:36:34.538+0000] {docker.py:436} INFO - [SUCCESSFUL ] commons-logging#commons-logging;1.1.3!commons-logging.jar (31ms)
[2024-06-25T12:36:34.538+0000] {docker.py:436} INFO - :: resolution report :: resolve 5395ms :: artifacts dl 7011ms
[2024-06-25T12:36:34.539+0000] {docker.py:436} INFO - :: modules in use:
[2024-06-25T12:36:34.539+0000] {docker.py:436} INFO - com.google.code.findbugs#jsr305;3.0.0 from central in [default]
[2024-06-25T12:36:34.540+0000] {docker.py:436} INFO - commons-logging#commons-logging;1.1.3 from central in [default]
[2024-06-25T12:36:34.540+0000] {docker.py:436} INFO - org.apache.commons#commons-pool2;2.11.1 from central in [default]
[2024-06-25T12:36:34.541+0000] {docker.py:436} INFO - org.apache.hadoop#hadoop-client-api;3.3.2 from central in [default]
[2024-06-25T12:36:34.541+0000] {docker.py:436} INFO - org.apache.hadoop#hadoop-client-runtime;3.3.2 from central in [default]
	org.apache.kafka#kafka-clients;2.8.1 from central in [default]
	org.apache.spark#spark-sql-kafka-0-10_2.12;3.3.0 from central in [default]
	org.apache.spark#spark-token-provider-kafka-0-10_2.12;3.3.0 from central in [default]
	org.lz4#lz4-java;1.8.0 from central in [default]
[2024-06-25T12:36:34.541+0000] {docker.py:436} INFO - org.postgresql#postgresql;42.2.2 from central in [default]
[2024-06-25T12:36:34.542+0000] {docker.py:436} INFO - org.slf4j#slf4j-api;1.7.32 from central in [default]
	org.spark-project.spark#unused;1.0.0 from central in [default]
	org.xerial.snappy#snappy-java;1.1.8.4 from central in [default]
[2024-06-25T12:36:34.542+0000] {docker.py:436} INFO - ---------------------------------------------------------------------
[2024-06-25T12:36:34.543+0000] {docker.py:436} INFO - |                  |            modules            ||   artifacts   |
	|       conf       | number| search|dwnlded|evicted|| number|dwnlded|
	---------------------------------------------------------------------
[2024-06-25T12:36:34.543+0000] {docker.py:436} INFO - |      default     |   13  |   13  |   13  |   0   ||   13  |   13  |
	---------------------------------------------------------------------
[2024-06-25T12:36:34.550+0000] {docker.py:436} INFO - :: retrieving :: org.apache.spark#spark-submit-parent-4f6f188b-599f-4b22-b55e-7124b14b46f9
[2024-06-25T12:36:34.551+0000] {docker.py:436} INFO - confs: [default]
[2024-06-25T12:36:34.644+0000] {docker.py:436} INFO - 13 artifacts copied, 0 already retrieved (57403kB/94ms)
[2024-06-25T12:36:35.052+0000] {docker.py:436} INFO - 24/06/25 12:36:35 WARN NativeCodeLoader: Unable to load native-hadoop library for your platform... using builtin-java classes where applicable
[2024-06-25T12:36:36.588+0000] {docker.py:436} INFO - 24/06/25 12:36:36 INFO SparkContext: Running Spark version 3.5.1
[2024-06-25T12:36:36.589+0000] {docker.py:436} INFO - 24/06/25 12:36:36 INFO SparkContext: OS info Linux, 6.5.0-41-generic, amd64
[2024-06-25T12:36:36.590+0000] {docker.py:436} INFO - 24/06/25 12:36:36 INFO SparkContext: Java version 17.0.11
[2024-06-25T12:36:36.622+0000] {docker.py:436} INFO - 24/06/25 12:36:36 INFO ResourceUtils: ==============================================================
[2024-06-25T12:36:36.625+0000] {docker.py:436} INFO - 24/06/25 12:36:36 INFO ResourceUtils: No custom resources configured for spark.driver.
24/06/25 12:36:36 INFO ResourceUtils: ==============================================================
24/06/25 12:36:36 INFO SparkContext: Submitted application: PostgreSQL Connection with PySpark
[2024-06-25T12:36:36.658+0000] {docker.py:436} INFO - 24/06/25 12:36:36 INFO ResourceProfile: Default ResourceProfile created, executor resources: Map(cores -> name: cores, amount: 1, script: , vendor: , memory -> name: memory, amount: 1024, script: , vendor: , offHeap -> name: offHeap, amount: 0, script: , vendor: ), task resources: Map(cpus -> name: cpus, amount: 1.0)
[2024-06-25T12:36:36.671+0000] {docker.py:436} INFO - 24/06/25 12:36:36 INFO ResourceProfile: Limiting resource is cpu
[2024-06-25T12:36:36.672+0000] {docker.py:436} INFO - 24/06/25 12:36:36 INFO ResourceProfileManager: Added ResourceProfile id: 0
[2024-06-25T12:36:36.749+0000] {docker.py:436} INFO - 24/06/25 12:36:36 INFO SecurityManager: Changing view acls to: spark
[2024-06-25T12:36:36.750+0000] {docker.py:436} INFO - 24/06/25 12:36:36 INFO SecurityManager: Changing modify acls to: spark
[2024-06-25T12:36:36.751+0000] {docker.py:436} INFO - 24/06/25 12:36:36 INFO SecurityManager: Changing view acls groups to:
[2024-06-25T12:36:36.752+0000] {docker.py:436} INFO - 24/06/25 12:36:36 INFO SecurityManager: Changing modify acls groups to:
[2024-06-25T12:36:36.753+0000] {docker.py:436} INFO - 24/06/25 12:36:36 INFO SecurityManager: SecurityManager: authentication disabled; ui acls disabled; users with view permissions: spark; groups with view permissions: EMPTY; users with modify permissions: spark; groups with modify permissions: EMPTY
[2024-06-25T12:36:37.064+0000] {docker.py:436} INFO - 24/06/25 12:36:37 INFO Utils: Successfully started service 'sparkDriver' on port 45013.
[2024-06-25T12:36:37.096+0000] {docker.py:436} INFO - 24/06/25 12:36:37 INFO SparkEnv: Registering MapOutputTracker
[2024-06-25T12:36:37.140+0000] {docker.py:436} INFO - 24/06/25 12:36:37 INFO SparkEnv: Registering BlockManagerMaster
[2024-06-25T12:36:37.161+0000] {docker.py:436} INFO - 24/06/25 12:36:37 INFO BlockManagerMasterEndpoint: Using org.apache.spark.storage.DefaultTopologyMapper for getting topology information
[2024-06-25T12:36:37.162+0000] {docker.py:436} INFO - 24/06/25 12:36:37 INFO BlockManagerMasterEndpoint: BlockManagerMasterEndpoint up
[2024-06-25T12:36:37.167+0000] {docker.py:436} INFO - 24/06/25 12:36:37 INFO SparkEnv: Registering BlockManagerMasterHeartbeat
[2024-06-25T12:36:37.191+0000] {docker.py:436} INFO - 24/06/25 12:36:37 INFO DiskBlockManager: Created local directory at /tmp/blockmgr-9c7569ea-8fcb-48c6-8f14-6a313ea22572
[2024-06-25T12:36:37.204+0000] {docker.py:436} INFO - 24/06/25 12:36:37 INFO MemoryStore: MemoryStore started with capacity 434.4 MiB
[2024-06-25T12:36:37.223+0000] {docker.py:436} INFO - 24/06/25 12:36:37 INFO SparkEnv: Registering OutputCommitCoordinator
[2024-06-25T12:36:37.391+0000] {docker.py:436} INFO - 24/06/25 12:36:37 INFO JettyUtils: Start Jetty 0.0.0.0:4040 for SparkUI
[2024-06-25T12:36:37.488+0000] {docker.py:436} INFO - 24/06/25 12:36:37 INFO Utils: Successfully started service 'SparkUI' on port 4040.
[2024-06-25T12:36:37.563+0000] {docker.py:436} INFO - 24/06/25 12:36:37 INFO SparkContext: Added JAR file:///opt/bitnami/spark/.ivy2/jars/org.apache.spark_spark-sql-kafka-0-10_2.12-3.3.0.jar at spark://localhost:45013/jars/org.apache.spark_spark-sql-kafka-0-10_2.12-3.3.0.jar with timestamp 1719318996579
[2024-06-25T12:36:37.564+0000] {docker.py:436} INFO - 24/06/25 12:36:37 INFO SparkContext: Added JAR file:///opt/bitnami/spark/.ivy2/jars/org.postgresql_postgresql-42.2.2.jar at spark://localhost:45013/jars/org.postgresql_postgresql-42.2.2.jar with timestamp 1719318996579
[2024-06-25T12:36:37.564+0000] {docker.py:436} INFO - 24/06/25 12:36:37 INFO SparkContext: Added JAR file:///opt/bitnami/spark/.ivy2/jars/org.apache.spark_spark-token-provider-kafka-0-10_2.12-3.3.0.jar at spark://localhost:45013/jars/org.apache.spark_spark-token-provider-kafka-0-10_2.12-3.3.0.jar with timestamp 1719318996579
[2024-06-25T12:36:37.565+0000] {docker.py:436} INFO - 24/06/25 12:36:37 INFO SparkContext: Added JAR file:///opt/bitnami/spark/.ivy2/jars/org.apache.kafka_kafka-clients-2.8.1.jar at spark://localhost:45013/jars/org.apache.kafka_kafka-clients-2.8.1.jar with timestamp 1719318996579
[2024-06-25T12:36:37.565+0000] {docker.py:436} INFO - 24/06/25 12:36:37 INFO SparkContext: Added JAR file:///opt/bitnami/spark/.ivy2/jars/com.google.code.findbugs_jsr305-3.0.0.jar at spark://localhost:45013/jars/com.google.code.findbugs_jsr305-3.0.0.jar with timestamp 1719318996579
[2024-06-25T12:36:37.565+0000] {docker.py:436} INFO - 24/06/25 12:36:37 INFO SparkContext: Added JAR file:///opt/bitnami/spark/.ivy2/jars/org.apache.commons_commons-pool2-2.11.1.jar at spark://localhost:45013/jars/org.apache.commons_commons-pool2-2.11.1.jar with timestamp 1719318996579
[2024-06-25T12:36:37.566+0000] {docker.py:436} INFO - 24/06/25 12:36:37 INFO SparkContext: Added JAR file:///opt/bitnami/spark/.ivy2/jars/org.spark-project.spark_unused-1.0.0.jar at spark://localhost:45013/jars/org.spark-project.spark_unused-1.0.0.jar with timestamp 1719318996579
[2024-06-25T12:36:37.566+0000] {docker.py:436} INFO - 24/06/25 12:36:37 INFO SparkContext: Added JAR file:///opt/bitnami/spark/.ivy2/jars/org.apache.hadoop_hadoop-client-runtime-3.3.2.jar at spark://localhost:45013/jars/org.apache.hadoop_hadoop-client-runtime-3.3.2.jar with timestamp 1719318996579
[2024-06-25T12:36:37.567+0000] {docker.py:436} INFO - 24/06/25 12:36:37 INFO SparkContext: Added JAR file:///opt/bitnami/spark/.ivy2/jars/org.lz4_lz4-java-1.8.0.jar at spark://localhost:45013/jars/org.lz4_lz4-java-1.8.0.jar with timestamp 1719318996579
[2024-06-25T12:36:37.567+0000] {docker.py:436} INFO - 24/06/25 12:36:37 INFO SparkContext: Added JAR file:///opt/bitnami/spark/.ivy2/jars/org.xerial.snappy_snappy-java-1.1.8.4.jar at spark://localhost:45013/jars/org.xerial.snappy_snappy-java-1.1.8.4.jar with timestamp 1719318996579
[2024-06-25T12:36:37.572+0000] {docker.py:436} INFO - 24/06/25 12:36:37 INFO SparkContext: Added JAR file:///opt/bitnami/spark/.ivy2/jars/org.slf4j_slf4j-api-1.7.32.jar at spark://localhost:45013/jars/org.slf4j_slf4j-api-1.7.32.jar with timestamp 1719318996579
[2024-06-25T12:36:37.572+0000] {docker.py:436} INFO - 24/06/25 12:36:37 INFO SparkContext: Added JAR file:///opt/bitnami/spark/.ivy2/jars/org.apache.hadoop_hadoop-client-api-3.3.2.jar at spark://localhost:45013/jars/org.apache.hadoop_hadoop-client-api-3.3.2.jar with timestamp 1719318996579
[2024-06-25T12:36:37.573+0000] {docker.py:436} INFO - 24/06/25 12:36:37 INFO SparkContext: Added JAR file:///opt/bitnami/spark/.ivy2/jars/commons-logging_commons-logging-1.1.3.jar at spark://localhost:45013/jars/commons-logging_commons-logging-1.1.3.jar with timestamp 1719318996579
[2024-06-25T12:36:37.580+0000] {docker.py:436} INFO - 24/06/25 12:36:37 INFO SparkContext: Added file file:///opt/bitnami/spark/.ivy2/jars/org.apache.spark_spark-sql-kafka-0-10_2.12-3.3.0.jar at file:///opt/bitnami/spark/.ivy2/jars/org.apache.spark_spark-sql-kafka-0-10_2.12-3.3.0.jar with timestamp 1719318996579
[2024-06-25T12:36:37.582+0000] {docker.py:436} INFO - 24/06/25 12:36:37 INFO Utils: Copying /opt/bitnami/spark/.ivy2/jars/org.apache.spark_spark-sql-kafka-0-10_2.12-3.3.0.jar to /tmp/spark-81436221-51c7-4ece-9c0d-aafb42a0afdd/userFiles-7a05d3f3-1437-4766-9196-f62a76610678/org.apache.spark_spark-sql-kafka-0-10_2.12-3.3.0.jar
[2024-06-25T12:36:37.611+0000] {docker.py:436} INFO - 24/06/25 12:36:37 INFO SparkContext: Added file file:///opt/bitnami/spark/.ivy2/jars/org.postgresql_postgresql-42.2.2.jar at file:///opt/bitnami/spark/.ivy2/jars/org.postgresql_postgresql-42.2.2.jar with timestamp 1719318996579
[2024-06-25T12:36:37.612+0000] {docker.py:436} INFO - 24/06/25 12:36:37 INFO Utils: Copying /opt/bitnami/spark/.ivy2/jars/org.postgresql_postgresql-42.2.2.jar to /tmp/spark-81436221-51c7-4ece-9c0d-aafb42a0afdd/userFiles-7a05d3f3-1437-4766-9196-f62a76610678/org.postgresql_postgresql-42.2.2.jar
[2024-06-25T12:36:37.618+0000] {docker.py:436} INFO - 24/06/25 12:36:37 INFO SparkContext: Added file file:///opt/bitnami/spark/.ivy2/jars/org.apache.spark_spark-token-provider-kafka-0-10_2.12-3.3.0.jar at file:///opt/bitnami/spark/.ivy2/jars/org.apache.spark_spark-token-provider-kafka-0-10_2.12-3.3.0.jar with timestamp 1719318996579
[2024-06-25T12:36:37.619+0000] {docker.py:436} INFO - 24/06/25 12:36:37 INFO Utils: Copying /opt/bitnami/spark/.ivy2/jars/org.apache.spark_spark-token-provider-kafka-0-10_2.12-3.3.0.jar to /tmp/spark-81436221-51c7-4ece-9c0d-aafb42a0afdd/userFiles-7a05d3f3-1437-4766-9196-f62a76610678/org.apache.spark_spark-token-provider-kafka-0-10_2.12-3.3.0.jar
[2024-06-25T12:36:37.629+0000] {docker.py:436} INFO - 24/06/25 12:36:37 INFO SparkContext: Added file file:///opt/bitnami/spark/.ivy2/jars/org.apache.kafka_kafka-clients-2.8.1.jar at file:///opt/bitnami/spark/.ivy2/jars/org.apache.kafka_kafka-clients-2.8.1.jar with timestamp 1719318996579
24/06/25 12:36:37 INFO Utils: Copying /opt/bitnami/spark/.ivy2/jars/org.apache.kafka_kafka-clients-2.8.1.jar to /tmp/spark-81436221-51c7-4ece-9c0d-aafb42a0afdd/userFiles-7a05d3f3-1437-4766-9196-f62a76610678/org.apache.kafka_kafka-clients-2.8.1.jar
[2024-06-25T12:36:37.635+0000] {docker.py:436} INFO - 24/06/25 12:36:37 INFO SparkContext: Added file file:///opt/bitnami/spark/.ivy2/jars/com.google.code.findbugs_jsr305-3.0.0.jar at file:///opt/bitnami/spark/.ivy2/jars/com.google.code.findbugs_jsr305-3.0.0.jar with timestamp 1719318996579
[2024-06-25T12:36:37.636+0000] {docker.py:436} INFO - 24/06/25 12:36:37 INFO Utils: Copying /opt/bitnami/spark/.ivy2/jars/com.google.code.findbugs_jsr305-3.0.0.jar to /tmp/spark-81436221-51c7-4ece-9c0d-aafb42a0afdd/userFiles-7a05d3f3-1437-4766-9196-f62a76610678/com.google.code.findbugs_jsr305-3.0.0.jar
[2024-06-25T12:36:37.653+0000] {docker.py:436} INFO - 24/06/25 12:36:37 INFO SparkContext: Added file file:///opt/bitnami/spark/.ivy2/jars/org.apache.commons_commons-pool2-2.11.1.jar at file:///opt/bitnami/spark/.ivy2/jars/org.apache.commons_commons-pool2-2.11.1.jar with timestamp 1719318996579
[2024-06-25T12:36:37.653+0000] {docker.py:436} INFO - 24/06/25 12:36:37 INFO Utils: Copying /opt/bitnami/spark/.ivy2/jars/org.apache.commons_commons-pool2-2.11.1.jar to /tmp/spark-81436221-51c7-4ece-9c0d-aafb42a0afdd/userFiles-7a05d3f3-1437-4766-9196-f62a76610678/org.apache.commons_commons-pool2-2.11.1.jar
[2024-06-25T12:36:37.657+0000] {docker.py:436} INFO - 24/06/25 12:36:37 INFO SparkContext: Added file file:///opt/bitnami/spark/.ivy2/jars/org.spark-project.spark_unused-1.0.0.jar at file:///opt/bitnami/spark/.ivy2/jars/org.spark-project.spark_unused-1.0.0.jar with timestamp 1719318996579
[2024-06-25T12:36:37.658+0000] {docker.py:436} INFO - 24/06/25 12:36:37 INFO Utils: Copying /opt/bitnami/spark/.ivy2/jars/org.spark-project.spark_unused-1.0.0.jar to /tmp/spark-81436221-51c7-4ece-9c0d-aafb42a0afdd/userFiles-7a05d3f3-1437-4766-9196-f62a76610678/org.spark-project.spark_unused-1.0.0.jar
[2024-06-25T12:36:37.662+0000] {docker.py:436} INFO - 24/06/25 12:36:37 INFO SparkContext: Added file file:///opt/bitnami/spark/.ivy2/jars/org.apache.hadoop_hadoop-client-runtime-3.3.2.jar at file:///opt/bitnami/spark/.ivy2/jars/org.apache.hadoop_hadoop-client-runtime-3.3.2.jar with timestamp 1719318996579
[2024-06-25T12:36:37.663+0000] {docker.py:436} INFO - 24/06/25 12:36:37 INFO Utils: Copying /opt/bitnami/spark/.ivy2/jars/org.apache.hadoop_hadoop-client-runtime-3.3.2.jar to /tmp/spark-81436221-51c7-4ece-9c0d-aafb42a0afdd/userFiles-7a05d3f3-1437-4766-9196-f62a76610678/org.apache.hadoop_hadoop-client-runtime-3.3.2.jar
[2024-06-25T12:36:37.702+0000] {docker.py:436} INFO - 24/06/25 12:36:37 INFO SparkContext: Added file file:///opt/bitnami/spark/.ivy2/jars/org.lz4_lz4-java-1.8.0.jar at file:///opt/bitnami/spark/.ivy2/jars/org.lz4_lz4-java-1.8.0.jar with timestamp 1719318996579
[2024-06-25T12:36:37.703+0000] {docker.py:436} INFO - 24/06/25 12:36:37 INFO Utils: Copying /opt/bitnami/spark/.ivy2/jars/org.lz4_lz4-java-1.8.0.jar to /tmp/spark-81436221-51c7-4ece-9c0d-aafb42a0afdd/userFiles-7a05d3f3-1437-4766-9196-f62a76610678/org.lz4_lz4-java-1.8.0.jar
[2024-06-25T12:36:37.708+0000] {docker.py:436} INFO - 24/06/25 12:36:37 INFO SparkContext: Added file file:///opt/bitnami/spark/.ivy2/jars/org.xerial.snappy_snappy-java-1.1.8.4.jar at file:///opt/bitnami/spark/.ivy2/jars/org.xerial.snappy_snappy-java-1.1.8.4.jar with timestamp 1719318996579
[2024-06-25T12:36:37.709+0000] {docker.py:436} INFO - 24/06/25 12:36:37 INFO Utils: Copying /opt/bitnami/spark/.ivy2/jars/org.xerial.snappy_snappy-java-1.1.8.4.jar to /tmp/spark-81436221-51c7-4ece-9c0d-aafb42a0afdd/userFiles-7a05d3f3-1437-4766-9196-f62a76610678/org.xerial.snappy_snappy-java-1.1.8.4.jar
[2024-06-25T12:36:37.715+0000] {docker.py:436} INFO - 24/06/25 12:36:37 INFO SparkContext: Added file file:///opt/bitnami/spark/.ivy2/jars/org.slf4j_slf4j-api-1.7.32.jar at file:///opt/bitnami/spark/.ivy2/jars/org.slf4j_slf4j-api-1.7.32.jar with timestamp 1719318996579
[2024-06-25T12:36:37.716+0000] {docker.py:436} INFO - 24/06/25 12:36:37 INFO Utils: Copying /opt/bitnami/spark/.ivy2/jars/org.slf4j_slf4j-api-1.7.32.jar to /tmp/spark-81436221-51c7-4ece-9c0d-aafb42a0afdd/userFiles-7a05d3f3-1437-4766-9196-f62a76610678/org.slf4j_slf4j-api-1.7.32.jar
[2024-06-25T12:36:37.721+0000] {docker.py:436} INFO - 24/06/25 12:36:37 INFO SparkContext: Added file file:///opt/bitnami/spark/.ivy2/jars/org.apache.hadoop_hadoop-client-api-3.3.2.jar at file:///opt/bitnami/spark/.ivy2/jars/org.apache.hadoop_hadoop-client-api-3.3.2.jar with timestamp 1719318996579
[2024-06-25T12:36:37.721+0000] {docker.py:436} INFO - 24/06/25 12:36:37 INFO Utils: Copying /opt/bitnami/spark/.ivy2/jars/org.apache.hadoop_hadoop-client-api-3.3.2.jar to /tmp/spark-81436221-51c7-4ece-9c0d-aafb42a0afdd/userFiles-7a05d3f3-1437-4766-9196-f62a76610678/org.apache.hadoop_hadoop-client-api-3.3.2.jar
[2024-06-25T12:36:37.750+0000] {docker.py:436} INFO - 24/06/25 12:36:37 INFO SparkContext: Added file file:///opt/bitnami/spark/.ivy2/jars/commons-logging_commons-logging-1.1.3.jar at file:///opt/bitnami/spark/.ivy2/jars/commons-logging_commons-logging-1.1.3.jar with timestamp 1719318996579
[2024-06-25T12:36:37.750+0000] {docker.py:436} INFO - 24/06/25 12:36:37 INFO Utils: Copying /opt/bitnami/spark/.ivy2/jars/commons-logging_commons-logging-1.1.3.jar to /tmp/spark-81436221-51c7-4ece-9c0d-aafb42a0afdd/userFiles-7a05d3f3-1437-4766-9196-f62a76610678/commons-logging_commons-logging-1.1.3.jar
[2024-06-25T12:36:37.841+0000] {docker.py:436} INFO - 24/06/25 12:36:37 INFO Executor: Starting executor ID driver on host localhost
[2024-06-25T12:36:37.842+0000] {docker.py:436} INFO - 24/06/25 12:36:37 INFO Executor: OS info Linux, 6.5.0-41-generic, amd64
[2024-06-25T12:36:37.843+0000] {docker.py:436} INFO - 24/06/25 12:36:37 INFO Executor: Java version 17.0.11
[2024-06-25T12:36:37.852+0000] {docker.py:436} INFO - 24/06/25 12:36:37 INFO Executor: Starting executor with user classpath (userClassPathFirst = false): ''
[2024-06-25T12:36:37.853+0000] {docker.py:436} INFO - 24/06/25 12:36:37 INFO Executor: Created or updated repl class loader org.apache.spark.util.MutableURLClassLoader@79c6809b for default.
[2024-06-25T12:36:37.867+0000] {docker.py:436} INFO - 24/06/25 12:36:37 INFO Executor: Fetching file:///opt/bitnami/spark/.ivy2/jars/org.postgresql_postgresql-42.2.2.jar with timestamp 1719318996579
[2024-06-25T12:36:37.886+0000] {docker.py:436} INFO - 24/06/25 12:36:37 INFO Utils: /opt/bitnami/spark/.ivy2/jars/org.postgresql_postgresql-42.2.2.jar has been previously copied to /tmp/spark-81436221-51c7-4ece-9c0d-aafb42a0afdd/userFiles-7a05d3f3-1437-4766-9196-f62a76610678/org.postgresql_postgresql-42.2.2.jar
[2024-06-25T12:36:37.890+0000] {docker.py:436} INFO - 24/06/25 12:36:37 INFO Executor: Fetching file:///opt/bitnami/spark/.ivy2/jars/org.apache.hadoop_hadoop-client-api-3.3.2.jar with timestamp 1719318996579
[2024-06-25T12:36:37.910+0000] {docker.py:436} INFO - 24/06/25 12:36:37 INFO Utils: /opt/bitnami/spark/.ivy2/jars/org.apache.hadoop_hadoop-client-api-3.3.2.jar has been previously copied to /tmp/spark-81436221-51c7-4ece-9c0d-aafb42a0afdd/userFiles-7a05d3f3-1437-4766-9196-f62a76610678/org.apache.hadoop_hadoop-client-api-3.3.2.jar
[2024-06-25T12:36:37.931+0000] {docker.py:436} INFO - 24/06/25 12:36:37 INFO Executor: Fetching file:///opt/bitnami/spark/.ivy2/jars/org.xerial.snappy_snappy-java-1.1.8.4.jar with timestamp 1719318996579
[2024-06-25T12:36:37.934+0000] {docker.py:436} INFO - 24/06/25 12:36:37 INFO Utils: /opt/bitnami/spark/.ivy2/jars/org.xerial.snappy_snappy-java-1.1.8.4.jar has been previously copied to /tmp/spark-81436221-51c7-4ece-9c0d-aafb42a0afdd/userFiles-7a05d3f3-1437-4766-9196-f62a76610678/org.xerial.snappy_snappy-java-1.1.8.4.jar
[2024-06-25T12:36:37.941+0000] {docker.py:436} INFO - 24/06/25 12:36:37 INFO Executor: Fetching file:///opt/bitnami/spark/.ivy2/jars/org.apache.hadoop_hadoop-client-runtime-3.3.2.jar with timestamp 1719318996579
[2024-06-25T12:36:37.988+0000] {docker.py:436} INFO - 24/06/25 12:36:37 INFO Utils: /opt/bitnami/spark/.ivy2/jars/org.apache.hadoop_hadoop-client-runtime-3.3.2.jar has been previously copied to /tmp/spark-81436221-51c7-4ece-9c0d-aafb42a0afdd/userFiles-7a05d3f3-1437-4766-9196-f62a76610678/org.apache.hadoop_hadoop-client-runtime-3.3.2.jar
[2024-06-25T12:36:37.994+0000] {docker.py:436} INFO - 24/06/25 12:36:37 INFO Executor: Fetching file:///opt/bitnami/spark/.ivy2/jars/org.apache.commons_commons-pool2-2.11.1.jar with timestamp 1719318996579
[2024-06-25T12:36:37.995+0000] {docker.py:436} INFO - 24/06/25 12:36:37 INFO Utils: /opt/bitnami/spark/.ivy2/jars/org.apache.commons_commons-pool2-2.11.1.jar has been previously copied to /tmp/spark-81436221-51c7-4ece-9c0d-aafb42a0afdd/userFiles-7a05d3f3-1437-4766-9196-f62a76610678/org.apache.commons_commons-pool2-2.11.1.jar
[2024-06-25T12:36:38.004+0000] {docker.py:436} INFO - 24/06/25 12:36:38 INFO Executor: Fetching file:///opt/bitnami/spark/.ivy2/jars/org.apache.spark_spark-token-provider-kafka-0-10_2.12-3.3.0.jar with timestamp 1719318996579
[2024-06-25T12:36:38.005+0000] {docker.py:436} INFO - 24/06/25 12:36:38 INFO Utils: /opt/bitnami/spark/.ivy2/jars/org.apache.spark_spark-token-provider-kafka-0-10_2.12-3.3.0.jar has been previously copied to /tmp/spark-81436221-51c7-4ece-9c0d-aafb42a0afdd/userFiles-7a05d3f3-1437-4766-9196-f62a76610678/org.apache.spark_spark-token-provider-kafka-0-10_2.12-3.3.0.jar
[2024-06-25T12:36:38.012+0000] {docker.py:436} INFO - 24/06/25 12:36:38 INFO Executor: Fetching file:///opt/bitnami/spark/.ivy2/jars/org.slf4j_slf4j-api-1.7.32.jar with timestamp 1719318996579
[2024-06-25T12:36:38.013+0000] {docker.py:436} INFO - 24/06/25 12:36:38 INFO Utils: /opt/bitnami/spark/.ivy2/jars/org.slf4j_slf4j-api-1.7.32.jar has been previously copied to /tmp/spark-81436221-51c7-4ece-9c0d-aafb42a0afdd/userFiles-7a05d3f3-1437-4766-9196-f62a76610678/org.slf4j_slf4j-api-1.7.32.jar
[2024-06-25T12:36:38.016+0000] {docker.py:436} INFO - 24/06/25 12:36:38 INFO Executor: Fetching file:///opt/bitnami/spark/.ivy2/jars/org.apache.spark_spark-sql-kafka-0-10_2.12-3.3.0.jar with timestamp 1719318996579
[2024-06-25T12:36:38.017+0000] {docker.py:436} INFO - 24/06/25 12:36:38 INFO Utils: /opt/bitnami/spark/.ivy2/jars/org.apache.spark_spark-sql-kafka-0-10_2.12-3.3.0.jar has been previously copied to /tmp/spark-81436221-51c7-4ece-9c0d-aafb42a0afdd/userFiles-7a05d3f3-1437-4766-9196-f62a76610678/org.apache.spark_spark-sql-kafka-0-10_2.12-3.3.0.jar
[2024-06-25T12:36:38.022+0000] {docker.py:436} INFO - 24/06/25 12:36:38 INFO Executor: Fetching file:///opt/bitnami/spark/.ivy2/jars/com.google.code.findbugs_jsr305-3.0.0.jar with timestamp 1719318996579
[2024-06-25T12:36:38.022+0000] {docker.py:436} INFO - 24/06/25 12:36:38 INFO Utils: /opt/bitnami/spark/.ivy2/jars/com.google.code.findbugs_jsr305-3.0.0.jar has been previously copied to /tmp/spark-81436221-51c7-4ece-9c0d-aafb42a0afdd/userFiles-7a05d3f3-1437-4766-9196-f62a76610678/com.google.code.findbugs_jsr305-3.0.0.jar
[2024-06-25T12:36:38.028+0000] {docker.py:436} INFO - 24/06/25 12:36:38 INFO Executor: Fetching file:///opt/bitnami/spark/.ivy2/jars/org.lz4_lz4-java-1.8.0.jar with timestamp 1719318996579
[2024-06-25T12:36:38.030+0000] {docker.py:436} INFO - 24/06/25 12:36:38 INFO Utils: /opt/bitnami/spark/.ivy2/jars/org.lz4_lz4-java-1.8.0.jar has been previously copied to /tmp/spark-81436221-51c7-4ece-9c0d-aafb42a0afdd/userFiles-7a05d3f3-1437-4766-9196-f62a76610678/org.lz4_lz4-java-1.8.0.jar
[2024-06-25T12:36:38.038+0000] {docker.py:436} INFO - 24/06/25 12:36:38 INFO Executor: Fetching file:///opt/bitnami/spark/.ivy2/jars/commons-logging_commons-logging-1.1.3.jar with timestamp 1719318996579
[2024-06-25T12:36:38.039+0000] {docker.py:436} INFO - 24/06/25 12:36:38 INFO Utils: /opt/bitnami/spark/.ivy2/jars/commons-logging_commons-logging-1.1.3.jar has been previously copied to /tmp/spark-81436221-51c7-4ece-9c0d-aafb42a0afdd/userFiles-7a05d3f3-1437-4766-9196-f62a76610678/commons-logging_commons-logging-1.1.3.jar
[2024-06-25T12:36:38.044+0000] {docker.py:436} INFO - 24/06/25 12:36:38 INFO Executor: Fetching file:///opt/bitnami/spark/.ivy2/jars/org.spark-project.spark_unused-1.0.0.jar with timestamp 1719318996579
[2024-06-25T12:36:38.045+0000] {docker.py:436} INFO - 24/06/25 12:36:38 INFO Utils: /opt/bitnami/spark/.ivy2/jars/org.spark-project.spark_unused-1.0.0.jar has been previously copied to /tmp/spark-81436221-51c7-4ece-9c0d-aafb42a0afdd/userFiles-7a05d3f3-1437-4766-9196-f62a76610678/org.spark-project.spark_unused-1.0.0.jar
[2024-06-25T12:36:38.050+0000] {docker.py:436} INFO - 24/06/25 12:36:38 INFO Executor: Fetching file:///opt/bitnami/spark/.ivy2/jars/org.apache.kafka_kafka-clients-2.8.1.jar with timestamp 1719318996579
[2024-06-25T12:36:38.056+0000] {docker.py:436} INFO - 24/06/25 12:36:38 INFO Utils: /opt/bitnami/spark/.ivy2/jars/org.apache.kafka_kafka-clients-2.8.1.jar has been previously copied to /tmp/spark-81436221-51c7-4ece-9c0d-aafb42a0afdd/userFiles-7a05d3f3-1437-4766-9196-f62a76610678/org.apache.kafka_kafka-clients-2.8.1.jar
[2024-06-25T12:36:38.064+0000] {docker.py:436} INFO - 24/06/25 12:36:38 INFO Executor: Fetching spark://localhost:45013/jars/org.apache.kafka_kafka-clients-2.8.1.jar with timestamp 1719318996579
[2024-06-25T12:36:38.109+0000] {docker.py:436} INFO - 24/06/25 12:36:38 INFO TransportClientFactory: Successfully created connection to localhost/127.0.0.1:45013 after 32 ms (0 ms spent in bootstraps)
[2024-06-25T12:36:38.120+0000] {docker.py:436} INFO - 24/06/25 12:36:38 INFO Utils: Fetching spark://localhost:45013/jars/org.apache.kafka_kafka-clients-2.8.1.jar to /tmp/spark-81436221-51c7-4ece-9c0d-aafb42a0afdd/userFiles-7a05d3f3-1437-4766-9196-f62a76610678/fetchFileTemp10845944764503675225.tmp
[2024-06-25T12:36:38.173+0000] {docker.py:436} INFO - 24/06/25 12:36:38 INFO Utils: /tmp/spark-81436221-51c7-4ece-9c0d-aafb42a0afdd/userFiles-7a05d3f3-1437-4766-9196-f62a76610678/fetchFileTemp10845944764503675225.tmp has been previously copied to /tmp/spark-81436221-51c7-4ece-9c0d-aafb42a0afdd/userFiles-7a05d3f3-1437-4766-9196-f62a76610678/org.apache.kafka_kafka-clients-2.8.1.jar
[2024-06-25T12:36:38.181+0000] {docker.py:436} INFO - 24/06/25 12:36:38 INFO Executor: Adding file:/tmp/spark-81436221-51c7-4ece-9c0d-aafb42a0afdd/userFiles-7a05d3f3-1437-4766-9196-f62a76610678/org.apache.kafka_kafka-clients-2.8.1.jar to class loader default
[2024-06-25T12:36:38.181+0000] {docker.py:436} INFO - 24/06/25 12:36:38 INFO Executor: Fetching spark://localhost:45013/jars/org.apache.spark_spark-token-provider-kafka-0-10_2.12-3.3.0.jar with timestamp 1719318996579
[2024-06-25T12:36:38.182+0000] {docker.py:436} INFO - 24/06/25 12:36:38 INFO Utils: Fetching spark://localhost:45013/jars/org.apache.spark_spark-token-provider-kafka-0-10_2.12-3.3.0.jar to /tmp/spark-81436221-51c7-4ece-9c0d-aafb42a0afdd/userFiles-7a05d3f3-1437-4766-9196-f62a76610678/fetchFileTemp17205408183670623635.tmp
[2024-06-25T12:36:38.184+0000] {docker.py:436} INFO - 24/06/25 12:36:38 INFO Utils: /tmp/spark-81436221-51c7-4ece-9c0d-aafb42a0afdd/userFiles-7a05d3f3-1437-4766-9196-f62a76610678/fetchFileTemp17205408183670623635.tmp has been previously copied to /tmp/spark-81436221-51c7-4ece-9c0d-aafb42a0afdd/userFiles-7a05d3f3-1437-4766-9196-f62a76610678/org.apache.spark_spark-token-provider-kafka-0-10_2.12-3.3.0.jar
[2024-06-25T12:36:38.187+0000] {docker.py:436} INFO - 24/06/25 12:36:38 INFO Executor: Adding file:/tmp/spark-81436221-51c7-4ece-9c0d-aafb42a0afdd/userFiles-7a05d3f3-1437-4766-9196-f62a76610678/org.apache.spark_spark-token-provider-kafka-0-10_2.12-3.3.0.jar to class loader default
[2024-06-25T12:36:38.188+0000] {docker.py:436} INFO - 24/06/25 12:36:38 INFO Executor: Fetching spark://localhost:45013/jars/org.apache.hadoop_hadoop-client-runtime-3.3.2.jar with timestamp 1719318996579
[2024-06-25T12:36:38.188+0000] {docker.py:436} INFO - 24/06/25 12:36:38 INFO Utils: Fetching spark://localhost:45013/jars/org.apache.hadoop_hadoop-client-runtime-3.3.2.jar to /tmp/spark-81436221-51c7-4ece-9c0d-aafb42a0afdd/userFiles-7a05d3f3-1437-4766-9196-f62a76610678/fetchFileTemp8763847216751007078.tmp
[2024-06-25T12:36:38.378+0000] {docker.py:436} INFO - 24/06/25 12:36:38 INFO Utils: /tmp/spark-81436221-51c7-4ece-9c0d-aafb42a0afdd/userFiles-7a05d3f3-1437-4766-9196-f62a76610678/fetchFileTemp8763847216751007078.tmp has been previously copied to /tmp/spark-81436221-51c7-4ece-9c0d-aafb42a0afdd/userFiles-7a05d3f3-1437-4766-9196-f62a76610678/org.apache.hadoop_hadoop-client-runtime-3.3.2.jar
[2024-06-25T12:36:38.385+0000] {docker.py:436} INFO - 24/06/25 12:36:38 INFO Executor: Adding file:/tmp/spark-81436221-51c7-4ece-9c0d-aafb42a0afdd/userFiles-7a05d3f3-1437-4766-9196-f62a76610678/org.apache.hadoop_hadoop-client-runtime-3.3.2.jar to class loader default
[2024-06-25T12:36:38.386+0000] {docker.py:436} INFO - 24/06/25 12:36:38 INFO Executor: Fetching spark://localhost:45013/jars/org.xerial.snappy_snappy-java-1.1.8.4.jar with timestamp 1719318996579
[2024-06-25T12:36:38.387+0000] {docker.py:436} INFO - 24/06/25 12:36:38 INFO Utils: Fetching spark://localhost:45013/jars/org.xerial.snappy_snappy-java-1.1.8.4.jar to /tmp/spark-81436221-51c7-4ece-9c0d-aafb42a0afdd/userFiles-7a05d3f3-1437-4766-9196-f62a76610678/fetchFileTemp16466942036727579877.tmp
[2024-06-25T12:36:38.393+0000] {docker.py:436} INFO - 24/06/25 12:36:38 INFO Utils: /tmp/spark-81436221-51c7-4ece-9c0d-aafb42a0afdd/userFiles-7a05d3f3-1437-4766-9196-f62a76610678/fetchFileTemp16466942036727579877.tmp has been previously copied to /tmp/spark-81436221-51c7-4ece-9c0d-aafb42a0afdd/userFiles-7a05d3f3-1437-4766-9196-f62a76610678/org.xerial.snappy_snappy-java-1.1.8.4.jar
[2024-06-25T12:36:38.399+0000] {docker.py:436} INFO - 24/06/25 12:36:38 INFO Executor: Adding file:/tmp/spark-81436221-51c7-4ece-9c0d-aafb42a0afdd/userFiles-7a05d3f3-1437-4766-9196-f62a76610678/org.xerial.snappy_snappy-java-1.1.8.4.jar to class loader default
[2024-06-25T12:36:38.399+0000] {docker.py:436} INFO - 24/06/25 12:36:38 INFO Executor: Fetching spark://localhost:45013/jars/org.apache.spark_spark-sql-kafka-0-10_2.12-3.3.0.jar with timestamp 1719318996579
[2024-06-25T12:36:38.400+0000] {docker.py:436} INFO - 24/06/25 12:36:38 INFO Utils: Fetching spark://localhost:45013/jars/org.apache.spark_spark-sql-kafka-0-10_2.12-3.3.0.jar to /tmp/spark-81436221-51c7-4ece-9c0d-aafb42a0afdd/userFiles-7a05d3f3-1437-4766-9196-f62a76610678/fetchFileTemp6008677012316919855.tmp
[2024-06-25T12:36:38.402+0000] {docker.py:436} INFO - 24/06/25 12:36:38 INFO Utils: /tmp/spark-81436221-51c7-4ece-9c0d-aafb42a0afdd/userFiles-7a05d3f3-1437-4766-9196-f62a76610678/fetchFileTemp6008677012316919855.tmp has been previously copied to /tmp/spark-81436221-51c7-4ece-9c0d-aafb42a0afdd/userFiles-7a05d3f3-1437-4766-9196-f62a76610678/org.apache.spark_spark-sql-kafka-0-10_2.12-3.3.0.jar
[2024-06-25T12:36:38.408+0000] {docker.py:436} INFO - 24/06/25 12:36:38 INFO Executor: Adding file:/tmp/spark-81436221-51c7-4ece-9c0d-aafb42a0afdd/userFiles-7a05d3f3-1437-4766-9196-f62a76610678/org.apache.spark_spark-sql-kafka-0-10_2.12-3.3.0.jar to class loader default
24/06/25 12:36:38 INFO Executor: Fetching spark://localhost:45013/jars/org.postgresql_postgresql-42.2.2.jar with timestamp 1719318996579
[2024-06-25T12:36:38.409+0000] {docker.py:436} INFO - 24/06/25 12:36:38 INFO Utils: Fetching spark://localhost:45013/jars/org.postgresql_postgresql-42.2.2.jar to /tmp/spark-81436221-51c7-4ece-9c0d-aafb42a0afdd/userFiles-7a05d3f3-1437-4766-9196-f62a76610678/fetchFileTemp10862578890056641896.tmp
[2024-06-25T12:36:38.414+0000] {docker.py:436} INFO - 24/06/25 12:36:38 INFO Utils: /tmp/spark-81436221-51c7-4ece-9c0d-aafb42a0afdd/userFiles-7a05d3f3-1437-4766-9196-f62a76610678/fetchFileTemp10862578890056641896.tmp has been previously copied to /tmp/spark-81436221-51c7-4ece-9c0d-aafb42a0afdd/userFiles-7a05d3f3-1437-4766-9196-f62a76610678/org.postgresql_postgresql-42.2.2.jar
[2024-06-25T12:36:38.418+0000] {docker.py:436} INFO - 24/06/25 12:36:38 INFO Executor: Adding file:/tmp/spark-81436221-51c7-4ece-9c0d-aafb42a0afdd/userFiles-7a05d3f3-1437-4766-9196-f62a76610678/org.postgresql_postgresql-42.2.2.jar to class loader default
[2024-06-25T12:36:38.418+0000] {docker.py:436} INFO - 24/06/25 12:36:38 INFO Executor: Fetching spark://localhost:45013/jars/org.spark-project.spark_unused-1.0.0.jar with timestamp 1719318996579
24/06/25 12:36:38 INFO Utils: Fetching spark://localhost:45013/jars/org.spark-project.spark_unused-1.0.0.jar to /tmp/spark-81436221-51c7-4ece-9c0d-aafb42a0afdd/userFiles-7a05d3f3-1437-4766-9196-f62a76610678/fetchFileTemp11345811524865929149.tmp
[2024-06-25T12:36:38.420+0000] {docker.py:436} INFO - 24/06/25 12:36:38 INFO Utils: /tmp/spark-81436221-51c7-4ece-9c0d-aafb42a0afdd/userFiles-7a05d3f3-1437-4766-9196-f62a76610678/fetchFileTemp11345811524865929149.tmp has been previously copied to /tmp/spark-81436221-51c7-4ece-9c0d-aafb42a0afdd/userFiles-7a05d3f3-1437-4766-9196-f62a76610678/org.spark-project.spark_unused-1.0.0.jar
[2024-06-25T12:36:38.423+0000] {docker.py:436} INFO - 24/06/25 12:36:38 INFO Executor: Adding file:/tmp/spark-81436221-51c7-4ece-9c0d-aafb42a0afdd/userFiles-7a05d3f3-1437-4766-9196-f62a76610678/org.spark-project.spark_unused-1.0.0.jar to class loader default
[2024-06-25T12:36:38.424+0000] {docker.py:436} INFO - 24/06/25 12:36:38 INFO Executor: Fetching spark://localhost:45013/jars/com.google.code.findbugs_jsr305-3.0.0.jar with timestamp 1719318996579
[2024-06-25T12:36:38.425+0000] {docker.py:436} INFO - 24/06/25 12:36:38 INFO Utils: Fetching spark://localhost:45013/jars/com.google.code.findbugs_jsr305-3.0.0.jar to /tmp/spark-81436221-51c7-4ece-9c0d-aafb42a0afdd/userFiles-7a05d3f3-1437-4766-9196-f62a76610678/fetchFileTemp2587316344397032061.tmp
[2024-06-25T12:36:38.426+0000] {docker.py:436} INFO - 24/06/25 12:36:38 INFO Utils: /tmp/spark-81436221-51c7-4ece-9c0d-aafb42a0afdd/userFiles-7a05d3f3-1437-4766-9196-f62a76610678/fetchFileTemp2587316344397032061.tmp has been previously copied to /tmp/spark-81436221-51c7-4ece-9c0d-aafb42a0afdd/userFiles-7a05d3f3-1437-4766-9196-f62a76610678/com.google.code.findbugs_jsr305-3.0.0.jar
[2024-06-25T12:36:38.429+0000] {docker.py:436} INFO - 24/06/25 12:36:38 INFO Executor: Adding file:/tmp/spark-81436221-51c7-4ece-9c0d-aafb42a0afdd/userFiles-7a05d3f3-1437-4766-9196-f62a76610678/com.google.code.findbugs_jsr305-3.0.0.jar to class loader default
[2024-06-25T12:36:38.430+0000] {docker.py:436} INFO - 24/06/25 12:36:38 INFO Executor: Fetching spark://localhost:45013/jars/org.lz4_lz4-java-1.8.0.jar with timestamp 1719318996579
[2024-06-25T12:36:38.430+0000] {docker.py:436} INFO - 24/06/25 12:36:38 INFO Utils: Fetching spark://localhost:45013/jars/org.lz4_lz4-java-1.8.0.jar to /tmp/spark-81436221-51c7-4ece-9c0d-aafb42a0afdd/userFiles-7a05d3f3-1437-4766-9196-f62a76610678/fetchFileTemp4526882609246315496.tmp
[2024-06-25T12:36:38.434+0000] {docker.py:436} INFO - 24/06/25 12:36:38 INFO Utils: /tmp/spark-81436221-51c7-4ece-9c0d-aafb42a0afdd/userFiles-7a05d3f3-1437-4766-9196-f62a76610678/fetchFileTemp4526882609246315496.tmp has been previously copied to /tmp/spark-81436221-51c7-4ece-9c0d-aafb42a0afdd/userFiles-7a05d3f3-1437-4766-9196-f62a76610678/org.lz4_lz4-java-1.8.0.jar
[2024-06-25T12:36:38.438+0000] {docker.py:436} INFO - 24/06/25 12:36:38 INFO Executor: Adding file:/tmp/spark-81436221-51c7-4ece-9c0d-aafb42a0afdd/userFiles-7a05d3f3-1437-4766-9196-f62a76610678/org.lz4_lz4-java-1.8.0.jar to class loader default
[2024-06-25T12:36:38.438+0000] {docker.py:436} INFO - 24/06/25 12:36:38 INFO Executor: Fetching spark://localhost:45013/jars/org.apache.commons_commons-pool2-2.11.1.jar with timestamp 1719318996579
[2024-06-25T12:36:38.439+0000] {docker.py:436} INFO - 24/06/25 12:36:38 INFO Utils: Fetching spark://localhost:45013/jars/org.apache.commons_commons-pool2-2.11.1.jar to /tmp/spark-81436221-51c7-4ece-9c0d-aafb42a0afdd/userFiles-7a05d3f3-1437-4766-9196-f62a76610678/fetchFileTemp6406500361747456796.tmp
[2024-06-25T12:36:38.441+0000] {docker.py:436} INFO - 24/06/25 12:36:38 INFO Utils: /tmp/spark-81436221-51c7-4ece-9c0d-aafb42a0afdd/userFiles-7a05d3f3-1437-4766-9196-f62a76610678/fetchFileTemp6406500361747456796.tmp has been previously copied to /tmp/spark-81436221-51c7-4ece-9c0d-aafb42a0afdd/userFiles-7a05d3f3-1437-4766-9196-f62a76610678/org.apache.commons_commons-pool2-2.11.1.jar
[2024-06-25T12:36:38.444+0000] {docker.py:436} INFO - 24/06/25 12:36:38 INFO Executor: Adding file:/tmp/spark-81436221-51c7-4ece-9c0d-aafb42a0afdd/userFiles-7a05d3f3-1437-4766-9196-f62a76610678/org.apache.commons_commons-pool2-2.11.1.jar to class loader default
[2024-06-25T12:36:38.445+0000] {docker.py:436} INFO - 24/06/25 12:36:38 INFO Executor: Fetching spark://localhost:45013/jars/org.apache.hadoop_hadoop-client-api-3.3.2.jar with timestamp 1719318996579
[2024-06-25T12:36:38.445+0000] {docker.py:436} INFO - 24/06/25 12:36:38 INFO Utils: Fetching spark://localhost:45013/jars/org.apache.hadoop_hadoop-client-api-3.3.2.jar to /tmp/spark-81436221-51c7-4ece-9c0d-aafb42a0afdd/userFiles-7a05d3f3-1437-4766-9196-f62a76610678/fetchFileTemp12081039903208299868.tmp
[2024-06-25T12:36:38.550+0000] {docker.py:436} INFO - 24/06/25 12:36:38 INFO Utils: /tmp/spark-81436221-51c7-4ece-9c0d-aafb42a0afdd/userFiles-7a05d3f3-1437-4766-9196-f62a76610678/fetchFileTemp12081039903208299868.tmp has been previously copied to /tmp/spark-81436221-51c7-4ece-9c0d-aafb42a0afdd/userFiles-7a05d3f3-1437-4766-9196-f62a76610678/org.apache.hadoop_hadoop-client-api-3.3.2.jar
[2024-06-25T12:36:38.557+0000] {docker.py:436} INFO - 24/06/25 12:36:38 INFO Executor: Adding file:/tmp/spark-81436221-51c7-4ece-9c0d-aafb42a0afdd/userFiles-7a05d3f3-1437-4766-9196-f62a76610678/org.apache.hadoop_hadoop-client-api-3.3.2.jar to class loader default
[2024-06-25T12:36:38.557+0000] {docker.py:436} INFO - 24/06/25 12:36:38 INFO Executor: Fetching spark://localhost:45013/jars/org.slf4j_slf4j-api-1.7.32.jar with timestamp 1719318996579
[2024-06-25T12:36:38.558+0000] {docker.py:436} INFO - 24/06/25 12:36:38 INFO Utils: Fetching spark://localhost:45013/jars/org.slf4j_slf4j-api-1.7.32.jar to /tmp/spark-81436221-51c7-4ece-9c0d-aafb42a0afdd/userFiles-7a05d3f3-1437-4766-9196-f62a76610678/fetchFileTemp6940144658638292842.tmp
[2024-06-25T12:36:38.560+0000] {docker.py:436} INFO - 24/06/25 12:36:38 INFO Utils: /tmp/spark-81436221-51c7-4ece-9c0d-aafb42a0afdd/userFiles-7a05d3f3-1437-4766-9196-f62a76610678/fetchFileTemp6940144658638292842.tmp has been previously copied to /tmp/spark-81436221-51c7-4ece-9c0d-aafb42a0afdd/userFiles-7a05d3f3-1437-4766-9196-f62a76610678/org.slf4j_slf4j-api-1.7.32.jar
[2024-06-25T12:36:38.564+0000] {docker.py:436} INFO - 24/06/25 12:36:38 INFO Executor: Adding file:/tmp/spark-81436221-51c7-4ece-9c0d-aafb42a0afdd/userFiles-7a05d3f3-1437-4766-9196-f62a76610678/org.slf4j_slf4j-api-1.7.32.jar to class loader default
[2024-06-25T12:36:38.565+0000] {docker.py:436} INFO - 24/06/25 12:36:38 INFO Executor: Fetching spark://localhost:45013/jars/commons-logging_commons-logging-1.1.3.jar with timestamp 1719318996579
[2024-06-25T12:36:38.565+0000] {docker.py:436} INFO - 24/06/25 12:36:38 INFO Utils: Fetching spark://localhost:45013/jars/commons-logging_commons-logging-1.1.3.jar to /tmp/spark-81436221-51c7-4ece-9c0d-aafb42a0afdd/userFiles-7a05d3f3-1437-4766-9196-f62a76610678/fetchFileTemp2613107216757798648.tmp
[2024-06-25T12:36:38.568+0000] {docker.py:436} INFO - 24/06/25 12:36:38 INFO Utils: /tmp/spark-81436221-51c7-4ece-9c0d-aafb42a0afdd/userFiles-7a05d3f3-1437-4766-9196-f62a76610678/fetchFileTemp2613107216757798648.tmp has been previously copied to /tmp/spark-81436221-51c7-4ece-9c0d-aafb42a0afdd/userFiles-7a05d3f3-1437-4766-9196-f62a76610678/commons-logging_commons-logging-1.1.3.jar
[2024-06-25T12:36:38.572+0000] {docker.py:436} INFO - 24/06/25 12:36:38 INFO Executor: Adding file:/tmp/spark-81436221-51c7-4ece-9c0d-aafb42a0afdd/userFiles-7a05d3f3-1437-4766-9196-f62a76610678/commons-logging_commons-logging-1.1.3.jar to class loader default
[2024-06-25T12:36:38.583+0000] {docker.py:436} INFO - 24/06/25 12:36:38 INFO Utils: Successfully started service 'org.apache.spark.network.netty.NettyBlockTransferService' on port 45017.
24/06/25 12:36:38 INFO NettyBlockTransferService: Server created on localhost:45017
[2024-06-25T12:36:38.587+0000] {docker.py:436} INFO - 24/06/25 12:36:38 INFO BlockManager: Using org.apache.spark.storage.RandomBlockReplicationPolicy for block replication policy
[2024-06-25T12:36:38.595+0000] {docker.py:436} INFO - 24/06/25 12:36:38 INFO BlockManagerMaster: Registering BlockManager BlockManagerId(driver, localhost, 45017, None)
[2024-06-25T12:36:38.599+0000] {docker.py:436} INFO - 24/06/25 12:36:38 INFO BlockManagerMasterEndpoint: Registering block manager localhost:45017 with 434.4 MiB RAM, BlockManagerId(driver, localhost, 45017, None)
[2024-06-25T12:36:38.602+0000] {docker.py:436} INFO - 24/06/25 12:36:38 INFO BlockManagerMaster: Registered BlockManager BlockManagerId(driver, localhost, 45017, None)
[2024-06-25T12:36:38.604+0000] {docker.py:436} INFO - 24/06/25 12:36:38 INFO BlockManager: Initialized BlockManager: BlockManagerId(driver, localhost, 45017, None)
[2024-06-25T12:36:39.128+0000] {docker.py:436} INFO - 2024-06-25 12:36:39,127:create_spark_session:INFO:Spark session created successfully
[2024-06-25T12:36:39.139+0000] {docker.py:436} INFO - 24/06/25 12:36:39 INFO SharedState: Setting hive.metastore.warehouse.dir ('null') to the value of spark.sql.warehouse.dir.
[2024-06-25T12:36:39.143+0000] {docker.py:436} INFO - 24/06/25 12:36:39 INFO SharedState: Warehouse path is 'file:/opt/bitnami/spark/spark-warehouse'.
[2024-06-25T12:36:40.928+0000] {docker.py:436} INFO - 2024-06-25 12:36:40,927:create_initial_dataframe:INFO:Initial dataframe created successfully: {df.show()}
[2024-06-25T12:36:40.928+0000] {docker.py:436} INFO - StructType([StructField('item_purchased', StringType(), True), StructField('date_of_purchase', DateType(), True), StructField('cost', FloatType(), True), StructField('quantity', IntegerType(), True), StructField('purchased_by', StringType(), True), StructField('payment_method', StringType(), True)])
[2024-06-25T12:36:41.502+0000] {docker.py:436} INFO - 24/06/25 12:36:41 WARN logger: IOException occurred while connecting to ***:5432
java.net.UnknownHostException: ***
	at java.base/sun.nio.ch.NioSocketImpl.connect(NioSocketImpl.java:572)
	at java.base/java.net.SocksSocketImpl.connect(SocksSocketImpl.java:327)
	at java.base/java.net.Socket.connect(Socket.java:633)
	at org.postgresql.core.PGStream.<init>(PGStream.java:69)
	at org.postgresql.core.v3.ConnectionFactoryImpl.openConnectionImpl(ConnectionFactoryImpl.java:156)
	at org.postgresql.core.ConnectionFactory.openConnection(ConnectionFactory.java:49)
	at org.postgresql.jdbc.PgConnection.<init>(PgConnection.java:195)
	at org.postgresql.Driver.makeConnection(Driver.java:452)
	at org.postgresql.Driver.connect(Driver.java:254)
	at org.apache.spark.sql.execution.datasources.jdbc.connection.BasicConnectionProvider.getConnection(BasicConnectionProvider.scala:49)
	at org.apache.spark.sql.execution.datasources.jdbc.connection.ConnectionProviderBase.create(ConnectionProvider.scala:102)
	at org.apache.spark.sql.jdbc.JdbcDialect.$anonfun$createConnectionFactory$1(JdbcDialects.scala:160)
	at org.apache.spark.sql.jdbc.JdbcDialect.$anonfun$createConnectionFactory$1$adapted(JdbcDialects.scala:156)
	at org.apache.spark.sql.execution.datasources.jdbc.JDBCRDD$.getQueryOutputSchema(JDBCRDD.scala:63)
	at org.apache.spark.sql.execution.datasources.jdbc.JDBCRDD$.resolveTable(JDBCRDD.scala:58)
	at org.apache.spark.sql.execution.datasources.jdbc.JDBCRelation$.getSchema(JDBCRelation.scala:241)
	at org.apache.spark.sql.execution.datasources.jdbc.JdbcRelationProvider.createRelation(JdbcRelationProvider.scala:37)
	at org.apache.spark.sql.execution.datasources.DataSource.resolveRelation(DataSource.scala:346)
	at org.apache.spark.sql.DataFrameReader.loadV1Source(DataFrameReader.scala:229)
	at org.apache.spark.sql.DataFrameReader.$anonfun$load$2(DataFrameReader.scala:211)
	at scala.Option.getOrElse(Option.scala:189)
	at org.apache.spark.sql.DataFrameReader.load(DataFrameReader.scala:211)
	at org.apache.spark.sql.DataFrameReader.load(DataFrameReader.scala:172)
	at org.apache.spark.sql.DataFrameReader.jdbc(DataFrameReader.scala:249)
	at java.base/jdk.internal.reflect.NativeMethodAccessorImpl.invoke0(Native Method)
	at java.base/jdk.internal.reflect.NativeMethodAccessorImpl.invoke(NativeMethodAccessorImpl.java:77)
	at java.base/jdk.internal.reflect.DelegatingMethodAccessorImpl.invoke(DelegatingMethodAccessorImpl.java:43)
	at java.base/java.lang.reflect.Method.invoke(Method.java:568)
	at py4j.reflection.MethodInvoker.invoke(MethodInvoker.java:244)
	at py4j.reflection.ReflectionEngine.invoke(ReflectionEngine.java:374)
	at py4j.Gateway.invoke(Gateway.java:282)
	at py4j.commands.AbstractCommand.invokeMethod(AbstractCommand.java:132)
	at py4j.commands.CallCommand.execute(CallCommand.java:79)
	at py4j.ClientServerConnection.waitForCommands(ClientServerConnection.java:182)
	at py4j.ClientServerConnection.run(ClientServerConnection.java:106)
	at java.base/java.lang.Thread.run(Thread.java:840)
[2024-06-25T12:36:41.506+0000] {docker.py:436} INFO - 24/06/25 12:36:41 ERROR Driver: Connection error: 
org.postgresql.util.PSQLException: The connection attempt failed.
	at org.postgresql.core.v3.ConnectionFactoryImpl.openConnectionImpl(ConnectionFactoryImpl.java:257)
	at org.postgresql.core.ConnectionFactory.openConnection(ConnectionFactory.java:49)
	at org.postgresql.jdbc.PgConnection.<init>(PgConnection.java:195)
	at org.postgresql.Driver.makeConnection(Driver.java:452)
	at org.postgresql.Driver.connect(Driver.java:254)
	at org.apache.spark.sql.execution.datasources.jdbc.connection.BasicConnectionProvider.getConnection(BasicConnectionProvider.scala:49)
	at org.apache.spark.sql.execution.datasources.jdbc.connection.ConnectionProviderBase.create(ConnectionProvider.scala:102)
	at org.apache.spark.sql.jdbc.JdbcDialect.$anonfun$createConnectionFactory$1(JdbcDialects.scala:160)
	at org.apache.spark.sql.jdbc.JdbcDialect.$anonfun$createConnectionFactory$1$adapted(JdbcDialects.scala:156)
	at org.apache.spark.sql.execution.datasources.jdbc.JDBCRDD$.getQueryOutputSchema(JDBCRDD.scala:63)
	at org.apache.spark.sql.execution.datasources.jdbc.JDBCRDD$.resolveTable(JDBCRDD.scala:58)
	at org.apache.spark.sql.execution.datasources.jdbc.JDBCRelation$.getSchema(JDBCRelation.scala:241)
	at org.apache.spark.sql.execution.datasources.jdbc.JdbcRelationProvider.createRelation(JdbcRelationProvider.scala:37)
	at org.apache.spark.sql.execution.datasources.DataSource.resolveRelation(DataSource.scala:346)
	at org.apache.spark.sql.DataFrameReader.loadV1Source(DataFrameReader.scala:229)
	at org.apache.spark.sql.DataFrameReader.$anonfun$load$2(DataFrameReader.scala:211)
	at scala.Option.getOrElse(Option.scala:189)
	at org.apache.spark.sql.DataFrameReader.load(DataFrameReader.scala:211)
	at org.apache.spark.sql.DataFrameReader.load(DataFrameReader.scala:172)
	at org.apache.spark.sql.DataFrameReader.jdbc(DataFrameReader.scala:249)
	at java.base/jdk.internal.reflect.NativeMethodAccessorImpl.invoke0(Native Method)
	at java.base/jdk.internal.reflect.NativeMethodAccessorImpl.invoke(NativeMethodAccessorImpl.java:77)
	at java.base/jdk.internal.reflect.DelegatingMethodAccessorImpl.invoke(DelegatingMethodAccessorImpl.java:43)
	at java.base/java.lang.reflect.Method.invoke(Method.java:568)
	at py4j.reflection.MethodInvoker.invoke(MethodInvoker.java:244)
	at py4j.reflection.ReflectionEngine.invoke(ReflectionEngine.java:374)
	at py4j.Gateway.invoke(Gateway.java:282)
	at py4j.commands.AbstractCommand.invokeMethod(AbstractCommand.java:132)
	at py4j.commands.CallCommand.execute(CallCommand.java:79)
	at py4j.ClientServerConnection.waitForCommands(ClientServerConnection.java:182)
	at py4j.ClientServerConnection.run(ClientServerConnection.java:106)
	at java.base/java.lang.Thread.run(Thread.java:840)
Caused by: java.net.UnknownHostException: ***
	at java.base/sun.nio.ch.NioSocketImpl.connect(NioSocketImpl.java:572)
	at java.base/java.net.SocksSocketImpl.connect(SocksSocketImpl.java:327)
	at java.base/java.net.Socket.connect(Socket.java:633)
	at org.postgresql.core.PGStream.<init>(PGStream.java:69)
	at org.postgresql.core.v3.ConnectionFactoryImpl.openConnectionImpl(ConnectionFactoryImpl.java:156)
	... 31 more
[2024-06-25T12:36:41.563+0000] {docker.py:436} INFO - Traceback (most recent call last):
  File "/opt/bitnami/spark/scripts/spark_bronze_layer.py", line 117, in <module>
[2024-06-25T12:36:41.563+0000] {docker.py:436} INFO - 
[2024-06-25T12:36:41.564+0000] {docker.py:436} INFO - write_to_postgres()
[2024-06-25T12:36:41.564+0000] {docker.py:436} INFO - 
[2024-06-25T12:36:41.564+0000] {docker.py:436} INFO - File "/opt/bitnami/spark/scripts/spark_bronze_layer.py", line 113, in write_to_postgres
[2024-06-25T12:36:41.565+0000] {docker.py:436} INFO - start_streaming(final_df,spark=spark)
[2024-06-25T12:36:41.565+0000] {docker.py:436} INFO - File "/opt/bitnami/spark/scripts/spark_bronze_layer.py", line 88, in start_streaming
    existing_data_df = spark.read.jdbc(
                       ^^^^^^^^^^^^^^^^
[2024-06-25T12:36:41.565+0000] {docker.py:436} INFO - File "/opt/bitnami/spark/python/lib/pyspark.zip/pyspark/sql/readwriter.py", line 946, in jdbc
[2024-06-25T12:36:41.566+0000] {docker.py:436} INFO - File "/opt/bitnami/spark/python/lib/py4j-0.10.9.7-src.zip/py4j/java_gateway.py", line 1322, in __call__
[2024-06-25T12:36:41.566+0000] {docker.py:436} INFO - File "/opt/bitnami/spark/python/lib/pyspark.zip/pyspark/errors/exceptions/captured.py", line 179, in deco
[2024-06-25T12:36:41.567+0000] {docker.py:436} INFO - File "/opt/bitnami/spark/python/lib/py4j-0.10.9.7-src.zip/py4j/protocol.py", line 326, in get_return_value
[2024-06-25T12:36:41.567+0000] {docker.py:436} INFO - py4j.protocol.Py4JJavaError
[2024-06-25T12:36:41.568+0000] {docker.py:436} INFO - : An error occurred while calling o50.jdbc.
: org.postgresql.util.PSQLException: The connection attempt failed.
	at org.postgresql.core.v3.ConnectionFactoryImpl.openConnectionImpl(ConnectionFactoryImpl.java:257)
	at org.postgresql.core.ConnectionFactory.openConnection(ConnectionFactory.java:49)
	at org.postgresql.jdbc.PgConnection.<init>(PgConnection.java:195)
	at org.postgresql.Driver.makeConnection(Driver.java:452)
	at org.postgresql.Driver.connect(Driver.java:254)
	at org.apache.spark.sql.execution.datasources.jdbc.connection.BasicConnectionProvider.getConnection(BasicConnectionProvider.scala:49)
	at org.apache.spark.sql.execution.datasources.jdbc.connection.ConnectionProviderBase.create(ConnectionProvider.scala:102)
	at org.apache.spark.sql.jdbc.JdbcDialect.$anonfun$createConnectionFactory$1(JdbcDialects.scala:160)
	at org.apache.spark.sql.jdbc.JdbcDialect.$anonfun$createConnectionFactory$1$adapted(JdbcDialects.scala:156)
	at org.apache.spark.sql.execution.datasources.jdbc.JDBCRDD$.getQueryOutputSchema(JDBCRDD.scala:63)
	at org.apache.spark.sql.execution.datasources.jdbc.JDBCRDD$.resolveTable(JDBCRDD.scala:58)
	at org.apache.spark.sql.execution.datasources.jdbc.JDBCRelation$.getSchema(JDBCRelation.scala:241)
	at org.apache.spark.sql.execution.datasources.jdbc.JdbcRelationProvider.createRelation(JdbcRelationProvider.scala:37)
	at org.apache.spark.sql.execution.datasources.DataSource.resolveRelation(DataSource.scala:346)
	at org.apache.spark.sql.DataFrameReader.loadV1Source(DataFrameReader.scala:229)
	at org.apache.spark.sql.DataFrameReader.$anonfun$load$2(DataFrameReader.scala:211)
	at scala.Option.getOrElse(Option.scala:189)
	at org.apache.spark.sql.DataFrameReader.load(DataFrameReader.scala:211)
	at org.apache.spark.sql.DataFrameReader.load(DataFrameReader.scala:172)
	at org.apache.spark.sql.DataFrameReader.jdbc(DataFrameReader.scala:249)
	at java.base/jdk.internal.reflect.NativeMethodAccessorImpl.invoke0(Native Method)
	at java.base/jdk.internal.reflect.NativeMethodAccessorImpl.invoke(NativeMethodAccessorImpl.java:77)
	at java.base/jdk.internal.reflect.DelegatingMethodAccessorImpl.invoke(DelegatingMethodAccessorImpl.java:43)
	at java.base/java.lang.reflect.Method.invoke(Method.java:568)
	at py4j.reflection.MethodInvoker.invoke(MethodInvoker.java:244)
	at py4j.reflection.ReflectionEngine.invoke(ReflectionEngine.java:374)
	at py4j.Gateway.invoke(Gateway.java:282)
	at py4j.commands.AbstractCommand.invokeMethod(AbstractCommand.java:132)
	at py4j.commands.CallCommand.execute(CallCommand.java:79)
	at py4j.ClientServerConnection.waitForCommands(ClientServerConnection.java:182)
	at py4j.ClientServerConnection.run(ClientServerConnection.java:106)
	at java.base/java.lang.Thread.run(Thread.java:840)
Caused by: java.net.UnknownHostException: ***
	at java.base/sun.nio.ch.NioSocketImpl.connect(NioSocketImpl.java:572)
	at java.base/java.net.SocksSocketImpl.connect(SocksSocketImpl.java:327)
	at java.base/java.net.Socket.connect(Socket.java:633)
	at org.postgresql.core.PGStream.<init>(PGStream.java:69)
	at org.postgresql.core.v3.ConnectionFactoryImpl.openConnectionImpl(ConnectionFactoryImpl.java:156)
	... 31 more
[2024-06-25T12:36:41.569+0000] {docker.py:436} INFO - 2024-06-25 12:36:41,566:close:INFO:Closing down clientserver connection
[2024-06-25T12:36:41.623+0000] {docker.py:436} INFO - 24/06/25 12:36:41 INFO SparkContext: Invoking stop() from shutdown hook
[2024-06-25T12:36:41.624+0000] {docker.py:436} INFO - 24/06/25 12:36:41 INFO SparkContext: SparkContext is stopping with exitCode 0.
[2024-06-25T12:36:41.640+0000] {docker.py:436} INFO - 24/06/25 12:36:41 INFO SparkUI: Stopped Spark web UI at http://localhost:4040
[2024-06-25T12:36:41.656+0000] {docker.py:436} INFO - 24/06/25 12:36:41 INFO MapOutputTrackerMasterEndpoint: MapOutputTrackerMasterEndpoint stopped!
[2024-06-25T12:36:41.674+0000] {docker.py:436} INFO - 24/06/25 12:36:41 INFO MemoryStore: MemoryStore cleared
24/06/25 12:36:41 INFO BlockManager: BlockManager stopped
[2024-06-25T12:36:41.687+0000] {docker.py:436} INFO - 24/06/25 12:36:41 INFO BlockManagerMaster: BlockManagerMaster stopped
[2024-06-25T12:36:41.692+0000] {docker.py:436} INFO - 24/06/25 12:36:41 INFO OutputCommitCoordinator$OutputCommitCoordinatorEndpoint: OutputCommitCoordinator stopped!
[2024-06-25T12:36:41.728+0000] {docker.py:436} INFO - 24/06/25 12:36:41 INFO SparkContext: Successfully stopped SparkContext
[2024-06-25T12:36:41.729+0000] {docker.py:436} INFO - 24/06/25 12:36:41 INFO ShutdownHookManager: Shutdown hook called
[2024-06-25T12:36:41.730+0000] {docker.py:436} INFO - 24/06/25 12:36:41 INFO ShutdownHookManager: Deleting directory /tmp/spark-2e383105-2ece-4a2c-8fe4-20dd3f24e81e
[2024-06-25T12:36:41.736+0000] {docker.py:436} INFO - 24/06/25 12:36:41 INFO ShutdownHookManager: Deleting directory /tmp/spark-81436221-51c7-4ece-9c0d-aafb42a0afdd
[2024-06-25T12:36:41.741+0000] {docker.py:436} INFO - 24/06/25 12:36:41 INFO ShutdownHookManager: Deleting directory /tmp/spark-81436221-51c7-4ece-9c0d-aafb42a0afdd/pyspark-a42a6d2a-3f0a-477a-bc6e-f09c309da6c4
[2024-06-25T12:36:42.111+0000] {taskinstance.py:441} INFO - ::group::Post task execution logs
[2024-06-25T12:36:42.121+0000] {taskinstance.py:2905} ERROR - Task failed with exception
Traceback (most recent call last):
  File "/home/airflow/.local/lib/python3.12/site-packages/docker/api/client.py", line 265, in _raise_for_status
    response.raise_for_status()
  File "/home/airflow/.local/lib/python3.12/site-packages/requests/models.py", line 1021, in raise_for_status
    raise HTTPError(http_error_msg, response=self)
requests.exceptions.HTTPError: 400 Client Error: Bad Request for url: http://docker-proxy:2375/v1.45/containers/create

The above exception was the direct cause of the following exception:

Traceback (most recent call last):
  File "/home/airflow/.local/lib/python3.12/site-packages/airflow/providers/docker/operators/docker.py", line 371, in _run_image
    return self._run_image_with_mounts([*self.mounts, tmp_mount], add_tmp_variable=True)
           ^^^^^^^^^^^^^^^^^^^^^^^^^^^^^^^^^^^^^^^^^^^^^^^^^^^^^^^^^^^^^^^^^^^^^^^^^^^^^
  File "/home/airflow/.local/lib/python3.12/site-packages/airflow/providers/docker/operators/docker.py", line 398, in _run_image_with_mounts
    self.container = self.cli.create_container(
                     ^^^^^^^^^^^^^^^^^^^^^^^^^^
  File "/home/airflow/.local/lib/python3.12/site-packages/docker/api/container.py", line 439, in create_container
    return self.create_container_from_config(config, name, platform)
           ^^^^^^^^^^^^^^^^^^^^^^^^^^^^^^^^^^^^^^^^^^^^^^^^^^^^^^^^^
  File "/home/airflow/.local/lib/python3.12/site-packages/docker/api/container.py", line 456, in create_container_from_config
    return self._result(res, True)
           ^^^^^^^^^^^^^^^^^^^^^^^
  File "/home/airflow/.local/lib/python3.12/site-packages/docker/api/client.py", line 271, in _result
    self._raise_for_status(response)
  File "/home/airflow/.local/lib/python3.12/site-packages/docker/api/client.py", line 267, in _raise_for_status
    raise create_api_error_from_http_exception(e) from e
          ^^^^^^^^^^^^^^^^^^^^^^^^^^^^^^^^^^^^^^^
  File "/home/airflow/.local/lib/python3.12/site-packages/docker/errors.py", line 39, in create_api_error_from_http_exception
    raise cls(e, response=response, explanation=explanation) from e
docker.errors.APIError: 400 Client Error for http://docker-proxy:2375/v1.45/containers/create: Bad Request ("invalid mount config for type "bind": bind source path does not exist: /tmp/airflowtmp42c_em0g")

During handling of the above exception, another exception occurred:

Traceback (most recent call last):
  File "/home/airflow/.local/lib/python3.12/site-packages/airflow/models/taskinstance.py", line 465, in _execute_task
    result = _execute_callable(context=context, **execute_callable_kwargs)
             ^^^^^^^^^^^^^^^^^^^^^^^^^^^^^^^^^^^^^^^^^^^^^^^^^^^^^^^^^^^^^
  File "/home/airflow/.local/lib/python3.12/site-packages/airflow/models/taskinstance.py", line 432, in _execute_callable
    return execute_callable(context=context, **execute_callable_kwargs)
           ^^^^^^^^^^^^^^^^^^^^^^^^^^^^^^^^^^^^^^^^^^^^^^^^^^^^^^^^^^^^
  File "/home/airflow/.local/lib/python3.12/site-packages/airflow/models/baseoperator.py", line 400, in wrapper
    return func(self, *args, **kwargs)
           ^^^^^^^^^^^^^^^^^^^^^^^^^^^
  File "/home/airflow/.local/lib/python3.12/site-packages/airflow/providers/docker/operators/docker.py", line 509, in execute
    return self._run_image()
           ^^^^^^^^^^^^^^^^^
  File "/home/airflow/.local/lib/python3.12/site-packages/airflow/providers/docker/operators/docker.py", line 380, in _run_image
    return self._run_image_with_mounts(self.mounts, add_tmp_variable=False)
           ^^^^^^^^^^^^^^^^^^^^^^^^^^^^^^^^^^^^^^^^^^^^^^^^^^^^^^^^^^^^^^^^
  File "/home/airflow/.local/lib/python3.12/site-packages/airflow/providers/docker/operators/docker.py", line 444, in _run_image_with_mounts
    raise DockerContainerFailedException(f"Docker container failed: {result!r}", logs=log_lines)
airflow.providers.docker.exceptions.DockerContainerFailedException: Docker container failed: {'StatusCode': 1}
[2024-06-25T12:36:42.127+0000] {taskinstance.py:1206} INFO - Marking task as FAILED. dag_id=Stage_1, task_id=run_bronze_job, run_id=manual__2024-06-25T12:36:12.093621+00:00, execution_date=20240625T123612, start_date=20240625T123618, end_date=20240625T123642
[2024-06-25T12:36:42.141+0000] {standard_task_runner.py:110} ERROR - Failed to execute job 129 for task run_bronze_job (Docker container failed: {'StatusCode': 1}; 1700)
[2024-06-25T12:36:42.186+0000] {local_task_job_runner.py:240} INFO - Task exited with return code 1
[2024-06-25T12:36:42.201+0000] {taskinstance.py:3498} INFO - 0 downstream tasks scheduled from follow-on schedule check
[2024-06-25T12:36:42.203+0000] {local_task_job_runner.py:222} INFO - ::endgroup::
