[2024-06-27T07:51:46.623+0000] {local_task_job_runner.py:120} INFO - ::group::Pre task execution logs
[2024-06-27T07:51:46.661+0000] {taskinstance.py:2076} INFO - Dependencies all met for dep_context=non-requeueable deps ti=<TaskInstance: Stage_1.run_bronze_job manual__2024-06-27T07:51:38.038539+00:00 [queued]>
[2024-06-27T07:51:46.674+0000] {taskinstance.py:2076} INFO - Dependencies all met for dep_context=requeueable deps ti=<TaskInstance: Stage_1.run_bronze_job manual__2024-06-27T07:51:38.038539+00:00 [queued]>
[2024-06-27T07:51:46.674+0000] {taskinstance.py:2306} INFO - Starting attempt 1 of 1
[2024-06-27T07:51:46.694+0000] {taskinstance.py:2330} INFO - Executing <Task(DockerOperator): run_bronze_job> on 2024-06-27 07:51:38.038539+00:00
[2024-06-27T07:51:46.708+0000] {logging_mixin.py:188} WARNING - /home/***/.local/lib/python3.12/site-packages/***/task/task_runner/standard_task_runner.py:61 DeprecationWarning: This process (pid=897) is multi-threaded, use of fork() may lead to deadlocks in the child.
[2024-06-27T07:51:46.712+0000] {standard_task_runner.py:63} INFO - Started process 898 to run task
[2024-06-27T07:51:46.710+0000] {standard_task_runner.py:90} INFO - Running: ['***', 'tasks', 'run', 'Stage_1', 'run_bronze_job', 'manual__2024-06-27T07:51:38.038539+00:00', '--job-id', '196', '--raw', '--subdir', 'DAGS_FOLDER/kafka_dag.py', '--cfg-path', '/tmp/tmp6gpiqu7q']
[2024-06-27T07:51:46.713+0000] {standard_task_runner.py:91} INFO - Job 196: Subtask run_bronze_job
[2024-06-27T07:51:46.737+0000] {logging_mixin.py:188} WARNING - /home/***/.local/lib/python3.12/site-packages/***/settings.py:195 DeprecationWarning: The sql_alchemy_conn option in [core] has been moved to the sql_alchemy_conn option in [database] - the old setting has been used, but please update your config.
[2024-06-27T07:51:46.786+0000] {task_command.py:426} INFO - Running <TaskInstance: Stage_1.run_bronze_job manual__2024-06-27T07:51:38.038539+00:00 [running]> on host 08bfa8b73cac
[2024-06-27T07:51:46.908+0000] {taskinstance.py:2648} INFO - Exporting env vars: AIRFLOW_CTX_DAG_OWNER='***' AIRFLOW_CTX_DAG_ID='Stage_1' AIRFLOW_CTX_TASK_ID='run_bronze_job' AIRFLOW_CTX_EXECUTION_DATE='2024-06-27T07:51:38.038539+00:00' AIRFLOW_CTX_TRY_NUMBER='1' AIRFLOW_CTX_DAG_RUN_ID='manual__2024-06-27T07:51:38.038539+00:00'
[2024-06-27T07:51:46.909+0000] {taskinstance.py:430} INFO - ::endgroup::
[2024-06-27T07:51:46.945+0000] {docker.py:366} INFO - Starting docker container from image bitnami/spark:latest
[2024-06-27T07:51:46.948+0000] {docker.py:374} WARNING - Using remote engine or docker-in-docker and mounting temporary volume from host is not supported. Falling back to `mount_tmp_dir=False` mode. You can set `mount_tmp_dir` parameter to False to disable mounting and remove the warning
[2024-06-27T07:51:47.440+0000] {docker.py:436} INFO - [38;5;6mspark [38;5;5m07:51:47.43 [0m[38;5;2mINFO [0m ==>
[2024-06-27T07:51:47.442+0000] {docker.py:436} INFO - [38;5;6mspark [38;5;5m07:51:47.44 [0m[38;5;2mINFO [0m ==> [1mWelcome to the Bitnami spark container[0m
[2024-06-27T07:51:47.444+0000] {docker.py:436} INFO - [38;5;6mspark [38;5;5m07:51:47.44 [0m[38;5;2mINFO [0m ==> Subscribe to project updates by watching [1mhttps://github.com/bitnami/containers[0m
[2024-06-27T07:51:47.446+0000] {docker.py:436} INFO - [38;5;6mspark [38;5;5m07:51:47.44 [0m[38;5;2mINFO [0m ==> Submit issues and feature requests at [1mhttps://github.com/bitnami/containers/issues[0m
[2024-06-27T07:51:47.451+0000] {docker.py:436} INFO - [38;5;6mspark [38;5;5m07:51:47.44 [0m[38;5;2mINFO [0m ==> Upgrade to Tanzu Application Catalog for production environments to access custom-configured and pre-packaged software components. Gain enhanced features, including Software Bill of Materials (SBOM), CVE scan result reports, and VEX documents. To learn more, visit [1mhttps://bitnami.com/enterprise[0m
[2024-06-27T07:51:47.452+0000] {docker.py:436} INFO - [38;5;6mspark [38;5;5m07:51:47.45 [0m[38;5;2mINFO [0m ==>
[2024-06-27T07:51:47.462+0000] {docker.py:436} INFO - 
[2024-06-27T07:51:50.182+0000] {docker.py:436} INFO - :: loading settings :: url = jar:file:/opt/bitnami/spark/jars/ivy-2.5.1.jar!/org/apache/ivy/core/settings/ivysettings.xml
[2024-06-27T07:51:50.306+0000] {docker.py:436} INFO - Ivy Default Cache set to: /opt/bitnami/spark/.ivy2/cache
The jars for the packages stored in: /opt/bitnami/spark/.ivy2/jars
[2024-06-27T07:51:50.317+0000] {docker.py:436} INFO - org.apache.spark#spark-sql-kafka-0-10_2.12 added as a dependency
[2024-06-27T07:51:50.317+0000] {docker.py:436} INFO - org.postgresql#postgresql added as a dependency
[2024-06-27T07:51:50.319+0000] {docker.py:436} INFO - :: resolving dependencies :: org.apache.spark#spark-submit-parent-99fa9fd1-fd38-41aa-a1e3-7ab0d6f1f05b;1.0
	confs: [default]
[2024-06-27T07:51:52.218+0000] {docker.py:436} INFO - found org.apache.spark#spark-sql-kafka-0-10_2.12;3.3.0 in central
[2024-06-27T07:51:52.641+0000] {docker.py:436} INFO - found org.apache.spark#spark-token-provider-kafka-0-10_2.12;3.3.0 in central
[2024-06-27T07:51:52.710+0000] {docker.py:436} INFO - found org.apache.kafka#kafka-clients;2.8.1 in central
[2024-06-27T07:51:52.781+0000] {docker.py:436} INFO - found org.lz4#lz4-java;1.8.0 in central
[2024-06-27T07:51:52.849+0000] {docker.py:436} INFO - found org.xerial.snappy#snappy-java;1.1.8.4 in central
[2024-06-27T07:51:53.596+0000] {docker.py:436} INFO - found org.slf4j#slf4j-api;1.7.32 in central
[2024-06-27T07:51:54.989+0000] {docker.py:436} INFO - found org.apache.hadoop#hadoop-client-runtime;3.3.2 in central
[2024-06-27T07:51:55.190+0000] {docker.py:436} INFO - found org.spark-project.spark#unused;1.0.0 in central
[2024-06-27T07:51:55.480+0000] {docker.py:436} INFO - found org.apache.hadoop#hadoop-client-api;3.3.2 in central
[2024-06-27T07:51:55.810+0000] {docker.py:436} INFO - found commons-logging#commons-logging;1.1.3 in central
[2024-06-27T07:51:55.893+0000] {docker.py:436} INFO - found com.google.code.findbugs#jsr305;3.0.0 in central
[2024-06-27T07:51:56.967+0000] {docker.py:436} INFO - found org.apache.commons#commons-pool2;2.11.1 in central
[2024-06-27T07:51:58.702+0000] {docker.py:436} INFO - found org.postgresql#postgresql;42.2.2 in central
[2024-06-27T07:51:58.741+0000] {docker.py:436} INFO - downloading https://repo1.maven.org/maven2/org/apache/spark/spark-sql-kafka-0-10_2.12/3.3.0/spark-sql-kafka-0-10_2.12-3.3.0.jar ...
[2024-06-27T07:51:58.823+0000] {docker.py:436} INFO - [SUCCESSFUL ] org.apache.spark#spark-sql-kafka-0-10_2.12;3.3.0!spark-sql-kafka-0-10_2.12.jar (97ms)
[2024-06-27T07:51:58.845+0000] {docker.py:436} INFO - downloading https://repo1.maven.org/maven2/org/postgresql/postgresql/42.2.2/postgresql-42.2.2.jar ...
[2024-06-27T07:51:58.981+0000] {docker.py:436} INFO - [SUCCESSFUL ] org.postgresql#postgresql;42.2.2!postgresql.jar(bundle) (150ms)
[2024-06-27T07:51:58.995+0000] {docker.py:436} INFO - downloading https://repo1.maven.org/maven2/org/apache/spark/spark-token-provider-kafka-0-10_2.12/3.3.0/spark-token-provider-kafka-0-10_2.12-3.3.0.jar ...
[2024-06-27T07:51:59.016+0000] {docker.py:436} INFO - [SUCCESSFUL ] org.apache.spark#spark-token-provider-kafka-0-10_2.12;3.3.0!spark-token-provider-kafka-0-10_2.12.jar (32ms)
[2024-06-27T07:51:59.027+0000] {docker.py:436} INFO - downloading https://repo1.maven.org/maven2/org/apache/kafka/kafka-clients/2.8.1/kafka-clients-2.8.1.jar ...
[2024-06-27T07:51:59.619+0000] {docker.py:436} INFO - [SUCCESSFUL ] org.apache.kafka#kafka-clients;2.8.1!kafka-clients.jar (602ms)
[2024-06-27T07:51:59.634+0000] {docker.py:436} INFO - downloading https://repo1.maven.org/maven2/com/google/code/findbugs/jsr305/3.0.0/jsr305-3.0.0.jar ...
[2024-06-27T07:51:59.649+0000] {docker.py:436} INFO - [SUCCESSFUL ] com.google.code.findbugs#jsr305;3.0.0!jsr305.jar (25ms)
[2024-06-27T07:51:59.659+0000] {docker.py:436} INFO - downloading https://repo1.maven.org/maven2/org/apache/commons/commons-pool2/2.11.1/commons-pool2-2.11.1.jar ...
[2024-06-27T07:51:59.686+0000] {docker.py:436} INFO - [SUCCESSFUL ] org.apache.commons#commons-pool2;2.11.1!commons-pool2.jar (36ms)
[2024-06-27T07:51:59.698+0000] {docker.py:436} INFO - downloading https://repo1.maven.org/maven2/org/spark-project/spark/unused/1.0.0/unused-1.0.0.jar ...
[2024-06-27T07:51:59.709+0000] {docker.py:436} INFO - [SUCCESSFUL ] org.spark-project.spark#unused;1.0.0!unused.jar (21ms)
[2024-06-27T07:51:59.721+0000] {docker.py:436} INFO - downloading https://repo1.maven.org/maven2/org/apache/hadoop/hadoop-client-runtime/3.3.2/hadoop-client-runtime-3.3.2.jar ...
[2024-06-27T07:52:03.686+0000] {docker.py:436} INFO - [SUCCESSFUL ] org.apache.hadoop#hadoop-client-runtime;3.3.2!hadoop-client-runtime.jar (3974ms)
[2024-06-27T07:52:03.699+0000] {docker.py:436} INFO - downloading https://repo1.maven.org/maven2/org/lz4/lz4-java/1.8.0/lz4-java-1.8.0.jar ...
[2024-06-27T07:52:03.787+0000] {docker.py:436} INFO - [SUCCESSFUL ] org.lz4#lz4-java;1.8.0!lz4-java.jar (100ms)
[2024-06-27T07:52:03.801+0000] {docker.py:436} INFO - downloading https://repo1.maven.org/maven2/org/xerial/snappy/snappy-java/1.1.8.4/snappy-java-1.1.8.4.jar ...
[2024-06-27T07:52:04.020+0000] {docker.py:436} INFO - [SUCCESSFUL ] org.xerial.snappy#snappy-java;1.1.8.4!snappy-java.jar(bundle) (231ms)
[2024-06-27T07:52:04.035+0000] {docker.py:436} INFO - downloading https://repo1.maven.org/maven2/org/slf4j/slf4j-api/1.7.32/slf4j-api-1.7.32.jar ...
[2024-06-27T07:52:04.049+0000] {docker.py:436} INFO - [SUCCESSFUL ] org.slf4j#slf4j-api;1.7.32!slf4j-api.jar (28ms)
[2024-06-27T07:52:04.064+0000] {docker.py:436} INFO - downloading https://repo1.maven.org/maven2/org/apache/hadoop/hadoop-client-api/3.3.2/hadoop-client-api-3.3.2.jar ...
[2024-06-27T07:52:06.429+0000] {docker.py:436} INFO - [SUCCESSFUL ] org.apache.hadoop#hadoop-client-api;3.3.2!hadoop-client-api.jar (2376ms)
[2024-06-27T07:52:06.439+0000] {docker.py:436} INFO - downloading https://repo1.maven.org/maven2/commons-logging/commons-logging/1.1.3/commons-logging-1.1.3.jar ...
[2024-06-27T07:52:06.456+0000] {docker.py:436} INFO - [SUCCESSFUL ] commons-logging#commons-logging;1.1.3!commons-logging.jar (25ms)
[2024-06-27T07:52:06.457+0000] {docker.py:436} INFO - :: resolution report :: resolve 8407ms :: artifacts dl 7731ms
[2024-06-27T07:52:06.457+0000] {docker.py:436} INFO - :: modules in use:
[2024-06-27T07:52:06.458+0000] {docker.py:436} INFO - com.google.code.findbugs#jsr305;3.0.0 from central in [default]
[2024-06-27T07:52:06.458+0000] {docker.py:436} INFO - commons-logging#commons-logging;1.1.3 from central in [default]
[2024-06-27T07:52:06.459+0000] {docker.py:436} INFO - org.apache.commons#commons-pool2;2.11.1 from central in [default]
[2024-06-27T07:52:06.460+0000] {docker.py:436} INFO - org.apache.hadoop#hadoop-client-api;3.3.2 from central in [default]
	org.apache.hadoop#hadoop-client-runtime;3.3.2 from central in [default]
	org.apache.kafka#kafka-clients;2.8.1 from central in [default]
	org.apache.spark#spark-sql-kafka-0-10_2.12;3.3.0 from central in [default]
[2024-06-27T07:52:06.460+0000] {docker.py:436} INFO - org.apache.spark#spark-token-provider-kafka-0-10_2.12;3.3.0 from central in [default]
	org.lz4#lz4-java;1.8.0 from central in [default]
[2024-06-27T07:52:06.461+0000] {docker.py:436} INFO - org.postgresql#postgresql;42.2.2 from central in [default]
[2024-06-27T07:52:06.461+0000] {docker.py:436} INFO - org.slf4j#slf4j-api;1.7.32 from central in [default]
[2024-06-27T07:52:06.462+0000] {docker.py:436} INFO - org.spark-project.spark#unused;1.0.0 from central in [default]
[2024-06-27T07:52:06.462+0000] {docker.py:436} INFO - org.xerial.snappy#snappy-java;1.1.8.4 from central in [default]
[2024-06-27T07:52:06.463+0000] {docker.py:436} INFO - ---------------------------------------------------------------------
[2024-06-27T07:52:06.463+0000] {docker.py:436} INFO - |                  |            modules            ||   artifacts   |
[2024-06-27T07:52:06.464+0000] {docker.py:436} INFO - |       conf       | number| search|dwnlded|evicted|| number|dwnlded|
[2024-06-27T07:52:06.464+0000] {docker.py:436} INFO - ---------------------------------------------------------------------
[2024-06-27T07:52:06.465+0000] {docker.py:436} INFO - |      default     |   13  |   13  |   13  |   0   ||   13  |   13  |
[2024-06-27T07:52:06.465+0000] {docker.py:436} INFO - ---------------------------------------------------------------------
[2024-06-27T07:52:06.471+0000] {docker.py:436} INFO - :: retrieving :: org.apache.spark#spark-submit-parent-99fa9fd1-fd38-41aa-a1e3-7ab0d6f1f05b
[2024-06-27T07:52:06.471+0000] {docker.py:436} INFO - confs: [default]
[2024-06-27T07:52:06.640+0000] {docker.py:436} INFO - 13 artifacts copied, 0 already retrieved (57403kB/168ms)
[2024-06-27T07:52:07.015+0000] {docker.py:436} INFO - 24/06/27 07:52:07 WARN NativeCodeLoader: Unable to load native-hadoop library for your platform... using builtin-java classes where applicable
[2024-06-27T07:52:08.606+0000] {docker.py:436} INFO - 24/06/27 07:52:08 INFO SparkContext: Running Spark version 3.5.1
[2024-06-27T07:52:08.611+0000] {docker.py:436} INFO - 24/06/27 07:52:08 INFO SparkContext: OS info Linux, 6.5.0-41-generic, amd64
[2024-06-27T07:52:08.612+0000] {docker.py:436} INFO - 24/06/27 07:52:08 INFO SparkContext: Java version 17.0.11
[2024-06-27T07:52:08.648+0000] {docker.py:436} INFO - 24/06/27 07:52:08 INFO ResourceUtils: ==============================================================
[2024-06-27T07:52:08.649+0000] {docker.py:436} INFO - 24/06/27 07:52:08 INFO ResourceUtils: No custom resources configured for spark.driver.
[2024-06-27T07:52:08.650+0000] {docker.py:436} INFO - 24/06/27 07:52:08 INFO ResourceUtils: ==============================================================
[2024-06-27T07:52:08.652+0000] {docker.py:436} INFO - 24/06/27 07:52:08 INFO SparkContext: Submitted application: PostgreSQL Connection with PySpark
[2024-06-27T07:52:08.680+0000] {docker.py:436} INFO - 24/06/27 07:52:08 INFO ResourceProfile: Default ResourceProfile created, executor resources: Map(cores -> name: cores, amount: 1, script: , vendor: , memory -> name: memory, amount: 1024, script: , vendor: , offHeap -> name: offHeap, amount: 0, script: , vendor: ), task resources: Map(cpus -> name: cpus, amount: 1.0)
[2024-06-27T07:52:08.695+0000] {docker.py:436} INFO - 24/06/27 07:52:08 INFO ResourceProfile: Limiting resource is cpu
[2024-06-27T07:52:08.696+0000] {docker.py:436} INFO - 24/06/27 07:52:08 INFO ResourceProfileManager: Added ResourceProfile id: 0
[2024-06-27T07:52:08.780+0000] {docker.py:436} INFO - 24/06/27 07:52:08 INFO SecurityManager: Changing view acls to: spark
[2024-06-27T07:52:08.782+0000] {docker.py:436} INFO - 24/06/27 07:52:08 INFO SecurityManager: Changing modify acls to: spark
[2024-06-27T07:52:08.784+0000] {docker.py:436} INFO - 24/06/27 07:52:08 INFO SecurityManager: Changing view acls groups to:
[2024-06-27T07:52:08.785+0000] {docker.py:436} INFO - 24/06/27 07:52:08 INFO SecurityManager: Changing modify acls groups to:
[2024-06-27T07:52:08.787+0000] {docker.py:436} INFO - 24/06/27 07:52:08 INFO SecurityManager: SecurityManager: authentication disabled; ui acls disabled; users with view permissions: spark; groups with view permissions: EMPTY; users with modify permissions: spark; groups with modify permissions: EMPTY
[2024-06-27T07:52:09.167+0000] {docker.py:436} INFO - 24/06/27 07:52:09 INFO Utils: Successfully started service 'sparkDriver' on port 42213.
[2024-06-27T07:52:09.231+0000] {docker.py:436} INFO - 24/06/27 07:52:09 INFO SparkEnv: Registering MapOutputTracker
[2024-06-27T07:52:09.303+0000] {docker.py:436} INFO - 24/06/27 07:52:09 INFO SparkEnv: Registering BlockManagerMaster
[2024-06-27T07:52:09.342+0000] {docker.py:436} INFO - 24/06/27 07:52:09 INFO BlockManagerMasterEndpoint: Using org.apache.spark.storage.DefaultTopologyMapper for getting topology information
[2024-06-27T07:52:09.344+0000] {docker.py:436} INFO - 24/06/27 07:52:09 INFO BlockManagerMasterEndpoint: BlockManagerMasterEndpoint up
[2024-06-27T07:52:09.351+0000] {docker.py:436} INFO - 24/06/27 07:52:09 INFO SparkEnv: Registering BlockManagerMasterHeartbeat
[2024-06-27T07:52:09.374+0000] {docker.py:436} INFO - 24/06/27 07:52:09 INFO DiskBlockManager: Created local directory at /tmp/blockmgr-9edc47bb-8a6b-4cfb-8bef-b1a37f1405c6
[2024-06-27T07:52:09.396+0000] {docker.py:436} INFO - 24/06/27 07:52:09 INFO MemoryStore: MemoryStore started with capacity 434.4 MiB
[2024-06-27T07:52:09.429+0000] {docker.py:436} INFO - 24/06/27 07:52:09 INFO SparkEnv: Registering OutputCommitCoordinator
[2024-06-27T07:52:09.640+0000] {docker.py:436} INFO - 24/06/27 07:52:09 INFO JettyUtils: Start Jetty 0.0.0.0:4040 for SparkUI
[2024-06-27T07:52:09.719+0000] {docker.py:436} INFO - 24/06/27 07:52:09 INFO Utils: Successfully started service 'SparkUI' on port 4040.
[2024-06-27T07:52:09.779+0000] {docker.py:436} INFO - 24/06/27 07:52:09 INFO SparkContext: Added JAR file:///opt/bitnami/spark/.ivy2/jars/org.apache.spark_spark-sql-kafka-0-10_2.12-3.3.0.jar at spark://localhost:42213/jars/org.apache.spark_spark-sql-kafka-0-10_2.12-3.3.0.jar with timestamp 1719474728595
[2024-06-27T07:52:09.780+0000] {docker.py:436} INFO - 24/06/27 07:52:09 INFO SparkContext: Added JAR file:///opt/bitnami/spark/.ivy2/jars/org.postgresql_postgresql-42.2.2.jar at spark://localhost:42213/jars/org.postgresql_postgresql-42.2.2.jar with timestamp 1719474728595
24/06/27 07:52:09 INFO SparkContext: Added JAR file:///opt/bitnami/spark/.ivy2/jars/org.apache.spark_spark-token-provider-kafka-0-10_2.12-3.3.0.jar at spark://localhost:42213/jars/org.apache.spark_spark-token-provider-kafka-0-10_2.12-3.3.0.jar with timestamp 1719474728595
24/06/27 07:52:09 INFO SparkContext: Added JAR file:///opt/bitnami/spark/.ivy2/jars/org.apache.kafka_kafka-clients-2.8.1.jar at spark://localhost:42213/jars/org.apache.kafka_kafka-clients-2.8.1.jar with timestamp 1719474728595
[2024-06-27T07:52:09.781+0000] {docker.py:436} INFO - 24/06/27 07:52:09 INFO SparkContext: Added JAR file:///opt/bitnami/spark/.ivy2/jars/com.google.code.findbugs_jsr305-3.0.0.jar at spark://localhost:42213/jars/com.google.code.findbugs_jsr305-3.0.0.jar with timestamp 1719474728595
[2024-06-27T07:52:09.781+0000] {docker.py:436} INFO - 24/06/27 07:52:09 INFO SparkContext: Added JAR file:///opt/bitnami/spark/.ivy2/jars/org.apache.commons_commons-pool2-2.11.1.jar at spark://localhost:42213/jars/org.apache.commons_commons-pool2-2.11.1.jar with timestamp 1719474728595
24/06/27 07:52:09 INFO SparkContext: Added JAR file:///opt/bitnami/spark/.ivy2/jars/org.spark-project.spark_unused-1.0.0.jar at spark://localhost:42213/jars/org.spark-project.spark_unused-1.0.0.jar with timestamp 1719474728595
24/06/27 07:52:09 INFO SparkContext: Added JAR file:///opt/bitnami/spark/.ivy2/jars/org.apache.hadoop_hadoop-client-runtime-3.3.2.jar at spark://localhost:42213/jars/org.apache.hadoop_hadoop-client-runtime-3.3.2.jar with timestamp 1719474728595
[2024-06-27T07:52:09.782+0000] {docker.py:436} INFO - 24/06/27 07:52:09 INFO SparkContext: Added JAR file:///opt/bitnami/spark/.ivy2/jars/org.lz4_lz4-java-1.8.0.jar at spark://localhost:42213/jars/org.lz4_lz4-java-1.8.0.jar with timestamp 1719474728595
[2024-06-27T07:52:09.782+0000] {docker.py:436} INFO - 24/06/27 07:52:09 INFO SparkContext: Added JAR file:///opt/bitnami/spark/.ivy2/jars/org.xerial.snappy_snappy-java-1.1.8.4.jar at spark://localhost:42213/jars/org.xerial.snappy_snappy-java-1.1.8.4.jar with timestamp 1719474728595
[2024-06-27T07:52:09.783+0000] {docker.py:436} INFO - 24/06/27 07:52:09 INFO SparkContext: Added JAR file:///opt/bitnami/spark/.ivy2/jars/org.slf4j_slf4j-api-1.7.32.jar at spark://localhost:42213/jars/org.slf4j_slf4j-api-1.7.32.jar with timestamp 1719474728595
[2024-06-27T07:52:09.783+0000] {docker.py:436} INFO - 24/06/27 07:52:09 INFO SparkContext: Added JAR file:///opt/bitnami/spark/.ivy2/jars/org.apache.hadoop_hadoop-client-api-3.3.2.jar at spark://localhost:42213/jars/org.apache.hadoop_hadoop-client-api-3.3.2.jar with timestamp 1719474728595
[2024-06-27T07:52:09.784+0000] {docker.py:436} INFO - 24/06/27 07:52:09 INFO SparkContext: Added JAR file:///opt/bitnami/spark/.ivy2/jars/commons-logging_commons-logging-1.1.3.jar at spark://localhost:42213/jars/commons-logging_commons-logging-1.1.3.jar with timestamp 1719474728595
[2024-06-27T07:52:09.788+0000] {docker.py:436} INFO - 24/06/27 07:52:09 INFO SparkContext: Added file file:///opt/bitnami/spark/.ivy2/jars/org.apache.spark_spark-sql-kafka-0-10_2.12-3.3.0.jar at file:///opt/bitnami/spark/.ivy2/jars/org.apache.spark_spark-sql-kafka-0-10_2.12-3.3.0.jar with timestamp 1719474728595
[2024-06-27T07:52:09.791+0000] {docker.py:436} INFO - 24/06/27 07:52:09 INFO Utils: Copying /opt/bitnami/spark/.ivy2/jars/org.apache.spark_spark-sql-kafka-0-10_2.12-3.3.0.jar to /tmp/spark-57385e3e-a9d7-4d51-a5f5-64eae9be6d86/userFiles-961865af-7ef6-492f-afda-7972c7349f3b/org.apache.spark_spark-sql-kafka-0-10_2.12-3.3.0.jar
[2024-06-27T07:52:09.801+0000] {docker.py:436} INFO - 24/06/27 07:52:09 INFO SparkContext: Added file file:///opt/bitnami/spark/.ivy2/jars/org.postgresql_postgresql-42.2.2.jar at file:///opt/bitnami/spark/.ivy2/jars/org.postgresql_postgresql-42.2.2.jar with timestamp 1719474728595
[2024-06-27T07:52:09.801+0000] {docker.py:436} INFO - 24/06/27 07:52:09 INFO Utils: Copying /opt/bitnami/spark/.ivy2/jars/org.postgresql_postgresql-42.2.2.jar to /tmp/spark-57385e3e-a9d7-4d51-a5f5-64eae9be6d86/userFiles-961865af-7ef6-492f-afda-7972c7349f3b/org.postgresql_postgresql-42.2.2.jar
[2024-06-27T07:52:09.808+0000] {docker.py:436} INFO - 24/06/27 07:52:09 INFO SparkContext: Added file file:///opt/bitnami/spark/.ivy2/jars/org.apache.spark_spark-token-provider-kafka-0-10_2.12-3.3.0.jar at file:///opt/bitnami/spark/.ivy2/jars/org.apache.spark_spark-token-provider-kafka-0-10_2.12-3.3.0.jar with timestamp 1719474728595
[2024-06-27T07:52:09.809+0000] {docker.py:436} INFO - 24/06/27 07:52:09 INFO Utils: Copying /opt/bitnami/spark/.ivy2/jars/org.apache.spark_spark-token-provider-kafka-0-10_2.12-3.3.0.jar to /tmp/spark-57385e3e-a9d7-4d51-a5f5-64eae9be6d86/userFiles-961865af-7ef6-492f-afda-7972c7349f3b/org.apache.spark_spark-token-provider-kafka-0-10_2.12-3.3.0.jar
[2024-06-27T07:52:09.816+0000] {docker.py:436} INFO - 24/06/27 07:52:09 INFO SparkContext: Added file file:///opt/bitnami/spark/.ivy2/jars/org.apache.kafka_kafka-clients-2.8.1.jar at file:///opt/bitnami/spark/.ivy2/jars/org.apache.kafka_kafka-clients-2.8.1.jar with timestamp 1719474728595
[2024-06-27T07:52:09.817+0000] {docker.py:436} INFO - 24/06/27 07:52:09 INFO Utils: Copying /opt/bitnami/spark/.ivy2/jars/org.apache.kafka_kafka-clients-2.8.1.jar to /tmp/spark-57385e3e-a9d7-4d51-a5f5-64eae9be6d86/userFiles-961865af-7ef6-492f-afda-7972c7349f3b/org.apache.kafka_kafka-clients-2.8.1.jar
[2024-06-27T07:52:09.827+0000] {docker.py:436} INFO - 24/06/27 07:52:09 INFO SparkContext: Added file file:///opt/bitnami/spark/.ivy2/jars/com.google.code.findbugs_jsr305-3.0.0.jar at file:///opt/bitnami/spark/.ivy2/jars/com.google.code.findbugs_jsr305-3.0.0.jar with timestamp 1719474728595
[2024-06-27T07:52:09.827+0000] {docker.py:436} INFO - 24/06/27 07:52:09 INFO Utils: Copying /opt/bitnami/spark/.ivy2/jars/com.google.code.findbugs_jsr305-3.0.0.jar to /tmp/spark-57385e3e-a9d7-4d51-a5f5-64eae9be6d86/userFiles-961865af-7ef6-492f-afda-7972c7349f3b/com.google.code.findbugs_jsr305-3.0.0.jar
[2024-06-27T07:52:09.831+0000] {docker.py:436} INFO - 24/06/27 07:52:09 INFO SparkContext: Added file file:///opt/bitnami/spark/.ivy2/jars/org.apache.commons_commons-pool2-2.11.1.jar at file:///opt/bitnami/spark/.ivy2/jars/org.apache.commons_commons-pool2-2.11.1.jar with timestamp 1719474728595
[2024-06-27T07:52:09.832+0000] {docker.py:436} INFO - 24/06/27 07:52:09 INFO Utils: Copying /opt/bitnami/spark/.ivy2/jars/org.apache.commons_commons-pool2-2.11.1.jar to /tmp/spark-57385e3e-a9d7-4d51-a5f5-64eae9be6d86/userFiles-961865af-7ef6-492f-afda-7972c7349f3b/org.apache.commons_commons-pool2-2.11.1.jar
[2024-06-27T07:52:09.836+0000] {docker.py:436} INFO - 24/06/27 07:52:09 INFO SparkContext: Added file file:///opt/bitnami/spark/.ivy2/jars/org.spark-project.spark_unused-1.0.0.jar at file:///opt/bitnami/spark/.ivy2/jars/org.spark-project.spark_unused-1.0.0.jar with timestamp 1719474728595
[2024-06-27T07:52:09.836+0000] {docker.py:436} INFO - 24/06/27 07:52:09 INFO Utils: Copying /opt/bitnami/spark/.ivy2/jars/org.spark-project.spark_unused-1.0.0.jar to /tmp/spark-57385e3e-a9d7-4d51-a5f5-64eae9be6d86/userFiles-961865af-7ef6-492f-afda-7972c7349f3b/org.spark-project.spark_unused-1.0.0.jar
[2024-06-27T07:52:09.844+0000] {docker.py:436} INFO - 24/06/27 07:52:09 INFO SparkContext: Added file file:///opt/bitnami/spark/.ivy2/jars/org.apache.hadoop_hadoop-client-runtime-3.3.2.jar at file:///opt/bitnami/spark/.ivy2/jars/org.apache.hadoop_hadoop-client-runtime-3.3.2.jar with timestamp 1719474728595
24/06/27 07:52:09 INFO Utils: Copying /opt/bitnami/spark/.ivy2/jars/org.apache.hadoop_hadoop-client-runtime-3.3.2.jar to /tmp/spark-57385e3e-a9d7-4d51-a5f5-64eae9be6d86/userFiles-961865af-7ef6-492f-afda-7972c7349f3b/org.apache.hadoop_hadoop-client-runtime-3.3.2.jar
[2024-06-27T07:52:09.872+0000] {docker.py:436} INFO - 24/06/27 07:52:09 INFO SparkContext: Added file file:///opt/bitnami/spark/.ivy2/jars/org.lz4_lz4-java-1.8.0.jar at file:///opt/bitnami/spark/.ivy2/jars/org.lz4_lz4-java-1.8.0.jar with timestamp 1719474728595
[2024-06-27T07:52:09.873+0000] {docker.py:436} INFO - 24/06/27 07:52:09 INFO Utils: Copying /opt/bitnami/spark/.ivy2/jars/org.lz4_lz4-java-1.8.0.jar to /tmp/spark-57385e3e-a9d7-4d51-a5f5-64eae9be6d86/userFiles-961865af-7ef6-492f-afda-7972c7349f3b/org.lz4_lz4-java-1.8.0.jar
[2024-06-27T07:52:09.877+0000] {docker.py:436} INFO - 24/06/27 07:52:09 INFO SparkContext: Added file file:///opt/bitnami/spark/.ivy2/jars/org.xerial.snappy_snappy-java-1.1.8.4.jar at file:///opt/bitnami/spark/.ivy2/jars/org.xerial.snappy_snappy-java-1.1.8.4.jar with timestamp 1719474728595
[2024-06-27T07:52:09.878+0000] {docker.py:436} INFO - 24/06/27 07:52:09 INFO Utils: Copying /opt/bitnami/spark/.ivy2/jars/org.xerial.snappy_snappy-java-1.1.8.4.jar to /tmp/spark-57385e3e-a9d7-4d51-a5f5-64eae9be6d86/userFiles-961865af-7ef6-492f-afda-7972c7349f3b/org.xerial.snappy_snappy-java-1.1.8.4.jar
[2024-06-27T07:52:09.889+0000] {docker.py:436} INFO - 24/06/27 07:52:09 INFO SparkContext: Added file file:///opt/bitnami/spark/.ivy2/jars/org.slf4j_slf4j-api-1.7.32.jar at file:///opt/bitnami/spark/.ivy2/jars/org.slf4j_slf4j-api-1.7.32.jar with timestamp 1719474728595
24/06/27 07:52:09 INFO Utils: Copying /opt/bitnami/spark/.ivy2/jars/org.slf4j_slf4j-api-1.7.32.jar to /tmp/spark-57385e3e-a9d7-4d51-a5f5-64eae9be6d86/userFiles-961865af-7ef6-492f-afda-7972c7349f3b/org.slf4j_slf4j-api-1.7.32.jar
[2024-06-27T07:52:09.893+0000] {docker.py:436} INFO - 24/06/27 07:52:09 INFO SparkContext: Added file file:///opt/bitnami/spark/.ivy2/jars/org.apache.hadoop_hadoop-client-api-3.3.2.jar at file:///opt/bitnami/spark/.ivy2/jars/org.apache.hadoop_hadoop-client-api-3.3.2.jar with timestamp 1719474728595
[2024-06-27T07:52:09.894+0000] {docker.py:436} INFO - 24/06/27 07:52:09 INFO Utils: Copying /opt/bitnami/spark/.ivy2/jars/org.apache.hadoop_hadoop-client-api-3.3.2.jar to /tmp/spark-57385e3e-a9d7-4d51-a5f5-64eae9be6d86/userFiles-961865af-7ef6-492f-afda-7972c7349f3b/org.apache.hadoop_hadoop-client-api-3.3.2.jar
[2024-06-27T07:52:09.915+0000] {docker.py:436} INFO - 24/06/27 07:52:09 INFO SparkContext: Added file file:///opt/bitnami/spark/.ivy2/jars/commons-logging_commons-logging-1.1.3.jar at file:///opt/bitnami/spark/.ivy2/jars/commons-logging_commons-logging-1.1.3.jar with timestamp 1719474728595
[2024-06-27T07:52:09.916+0000] {docker.py:436} INFO - 24/06/27 07:52:09 INFO Utils: Copying /opt/bitnami/spark/.ivy2/jars/commons-logging_commons-logging-1.1.3.jar to /tmp/spark-57385e3e-a9d7-4d51-a5f5-64eae9be6d86/userFiles-961865af-7ef6-492f-afda-7972c7349f3b/commons-logging_commons-logging-1.1.3.jar
[2024-06-27T07:52:10.020+0000] {docker.py:436} INFO - 24/06/27 07:52:10 INFO Executor: Starting executor ID driver on host localhost
[2024-06-27T07:52:10.021+0000] {docker.py:436} INFO - 24/06/27 07:52:10 INFO Executor: OS info Linux, 6.5.0-41-generic, amd64
[2024-06-27T07:52:10.021+0000] {docker.py:436} INFO - 24/06/27 07:52:10 INFO Executor: Java version 17.0.11
[2024-06-27T07:52:10.030+0000] {docker.py:436} INFO - 24/06/27 07:52:10 INFO Executor: Starting executor with user classpath (userClassPathFirst = false): ''
24/06/27 07:52:10 INFO Executor: Created or updated repl class loader org.apache.spark.util.MutableURLClassLoader@2e9580f1 for default.
[2024-06-27T07:52:10.046+0000] {docker.py:436} INFO - 24/06/27 07:52:10 INFO Executor: Fetching file:///opt/bitnami/spark/.ivy2/jars/org.postgresql_postgresql-42.2.2.jar with timestamp 1719474728595
[2024-06-27T07:52:10.078+0000] {docker.py:436} INFO - 24/06/27 07:52:10 INFO Utils: /opt/bitnami/spark/.ivy2/jars/org.postgresql_postgresql-42.2.2.jar has been previously copied to /tmp/spark-57385e3e-a9d7-4d51-a5f5-64eae9be6d86/userFiles-961865af-7ef6-492f-afda-7972c7349f3b/org.postgresql_postgresql-42.2.2.jar
[2024-06-27T07:52:10.083+0000] {docker.py:436} INFO - 24/06/27 07:52:10 INFO Executor: Fetching file:///opt/bitnami/spark/.ivy2/jars/org.apache.hadoop_hadoop-client-api-3.3.2.jar with timestamp 1719474728595
[2024-06-27T07:52:10.117+0000] {docker.py:436} INFO - 24/06/27 07:52:10 INFO Utils: /opt/bitnami/spark/.ivy2/jars/org.apache.hadoop_hadoop-client-api-3.3.2.jar has been previously copied to /tmp/spark-57385e3e-a9d7-4d51-a5f5-64eae9be6d86/userFiles-961865af-7ef6-492f-afda-7972c7349f3b/org.apache.hadoop_hadoop-client-api-3.3.2.jar
[2024-06-27T07:52:10.126+0000] {docker.py:436} INFO - 24/06/27 07:52:10 INFO Executor: Fetching file:///opt/bitnami/spark/.ivy2/jars/org.xerial.snappy_snappy-java-1.1.8.4.jar with timestamp 1719474728595
[2024-06-27T07:52:10.129+0000] {docker.py:436} INFO - 24/06/27 07:52:10 INFO Utils: /opt/bitnami/spark/.ivy2/jars/org.xerial.snappy_snappy-java-1.1.8.4.jar has been previously copied to /tmp/spark-57385e3e-a9d7-4d51-a5f5-64eae9be6d86/userFiles-961865af-7ef6-492f-afda-7972c7349f3b/org.xerial.snappy_snappy-java-1.1.8.4.jar
[2024-06-27T07:52:10.133+0000] {docker.py:436} INFO - 24/06/27 07:52:10 INFO Executor: Fetching file:///opt/bitnami/spark/.ivy2/jars/org.apache.hadoop_hadoop-client-runtime-3.3.2.jar with timestamp 1719474728595
[2024-06-27T07:52:10.170+0000] {docker.py:436} INFO - 24/06/27 07:52:10 INFO Utils: /opt/bitnami/spark/.ivy2/jars/org.apache.hadoop_hadoop-client-runtime-3.3.2.jar has been previously copied to /tmp/spark-57385e3e-a9d7-4d51-a5f5-64eae9be6d86/userFiles-961865af-7ef6-492f-afda-7972c7349f3b/org.apache.hadoop_hadoop-client-runtime-3.3.2.jar
[2024-06-27T07:52:10.174+0000] {docker.py:436} INFO - 24/06/27 07:52:10 INFO Executor: Fetching file:///opt/bitnami/spark/.ivy2/jars/org.apache.commons_commons-pool2-2.11.1.jar with timestamp 1719474728595
[2024-06-27T07:52:10.175+0000] {docker.py:436} INFO - 24/06/27 07:52:10 INFO Utils: /opt/bitnami/spark/.ivy2/jars/org.apache.commons_commons-pool2-2.11.1.jar has been previously copied to /tmp/spark-57385e3e-a9d7-4d51-a5f5-64eae9be6d86/userFiles-961865af-7ef6-492f-afda-7972c7349f3b/org.apache.commons_commons-pool2-2.11.1.jar
[2024-06-27T07:52:10.180+0000] {docker.py:436} INFO - 24/06/27 07:52:10 INFO Executor: Fetching file:///opt/bitnami/spark/.ivy2/jars/org.apache.spark_spark-token-provider-kafka-0-10_2.12-3.3.0.jar with timestamp 1719474728595
[2024-06-27T07:52:10.181+0000] {docker.py:436} INFO - 24/06/27 07:52:10 INFO Utils: /opt/bitnami/spark/.ivy2/jars/org.apache.spark_spark-token-provider-kafka-0-10_2.12-3.3.0.jar has been previously copied to /tmp/spark-57385e3e-a9d7-4d51-a5f5-64eae9be6d86/userFiles-961865af-7ef6-492f-afda-7972c7349f3b/org.apache.spark_spark-token-provider-kafka-0-10_2.12-3.3.0.jar
[2024-06-27T07:52:10.185+0000] {docker.py:436} INFO - 24/06/27 07:52:10 INFO Executor: Fetching file:///opt/bitnami/spark/.ivy2/jars/org.slf4j_slf4j-api-1.7.32.jar with timestamp 1719474728595
[2024-06-27T07:52:10.185+0000] {docker.py:436} INFO - 24/06/27 07:52:10 INFO Utils: /opt/bitnami/spark/.ivy2/jars/org.slf4j_slf4j-api-1.7.32.jar has been previously copied to /tmp/spark-57385e3e-a9d7-4d51-a5f5-64eae9be6d86/userFiles-961865af-7ef6-492f-afda-7972c7349f3b/org.slf4j_slf4j-api-1.7.32.jar
[2024-06-27T07:52:10.190+0000] {docker.py:436} INFO - 24/06/27 07:52:10 INFO Executor: Fetching file:///opt/bitnami/spark/.ivy2/jars/org.apache.spark_spark-sql-kafka-0-10_2.12-3.3.0.jar with timestamp 1719474728595
[2024-06-27T07:52:10.192+0000] {docker.py:436} INFO - 24/06/27 07:52:10 INFO Utils: /opt/bitnami/spark/.ivy2/jars/org.apache.spark_spark-sql-kafka-0-10_2.12-3.3.0.jar has been previously copied to /tmp/spark-57385e3e-a9d7-4d51-a5f5-64eae9be6d86/userFiles-961865af-7ef6-492f-afda-7972c7349f3b/org.apache.spark_spark-sql-kafka-0-10_2.12-3.3.0.jar
[2024-06-27T07:52:10.200+0000] {docker.py:436} INFO - 24/06/27 07:52:10 INFO Executor: Fetching file:///opt/bitnami/spark/.ivy2/jars/com.google.code.findbugs_jsr305-3.0.0.jar with timestamp 1719474728595
24/06/27 07:52:10 INFO Utils: /opt/bitnami/spark/.ivy2/jars/com.google.code.findbugs_jsr305-3.0.0.jar has been previously copied to /tmp/spark-57385e3e-a9d7-4d51-a5f5-64eae9be6d86/userFiles-961865af-7ef6-492f-afda-7972c7349f3b/com.google.code.findbugs_jsr305-3.0.0.jar
[2024-06-27T07:52:10.206+0000] {docker.py:436} INFO - 24/06/27 07:52:10 INFO Executor: Fetching file:///opt/bitnami/spark/.ivy2/jars/org.lz4_lz4-java-1.8.0.jar with timestamp 1719474728595
[2024-06-27T07:52:10.208+0000] {docker.py:436} INFO - 24/06/27 07:52:10 INFO Utils: /opt/bitnami/spark/.ivy2/jars/org.lz4_lz4-java-1.8.0.jar has been previously copied to /tmp/spark-57385e3e-a9d7-4d51-a5f5-64eae9be6d86/userFiles-961865af-7ef6-492f-afda-7972c7349f3b/org.lz4_lz4-java-1.8.0.jar
[2024-06-27T07:52:10.215+0000] {docker.py:436} INFO - 24/06/27 07:52:10 INFO Executor: Fetching file:///opt/bitnami/spark/.ivy2/jars/commons-logging_commons-logging-1.1.3.jar with timestamp 1719474728595
[2024-06-27T07:52:10.218+0000] {docker.py:436} INFO - 24/06/27 07:52:10 INFO Utils: /opt/bitnami/spark/.ivy2/jars/commons-logging_commons-logging-1.1.3.jar has been previously copied to /tmp/spark-57385e3e-a9d7-4d51-a5f5-64eae9be6d86/userFiles-961865af-7ef6-492f-afda-7972c7349f3b/commons-logging_commons-logging-1.1.3.jar
[2024-06-27T07:52:10.222+0000] {docker.py:436} INFO - 24/06/27 07:52:10 INFO Executor: Fetching file:///opt/bitnami/spark/.ivy2/jars/org.spark-project.spark_unused-1.0.0.jar with timestamp 1719474728595
[2024-06-27T07:52:10.225+0000] {docker.py:436} INFO - 24/06/27 07:52:10 INFO Utils: /opt/bitnami/spark/.ivy2/jars/org.spark-project.spark_unused-1.0.0.jar has been previously copied to /tmp/spark-57385e3e-a9d7-4d51-a5f5-64eae9be6d86/userFiles-961865af-7ef6-492f-afda-7972c7349f3b/org.spark-project.spark_unused-1.0.0.jar
[2024-06-27T07:52:10.230+0000] {docker.py:436} INFO - 24/06/27 07:52:10 INFO Executor: Fetching file:///opt/bitnami/spark/.ivy2/jars/org.apache.kafka_kafka-clients-2.8.1.jar with timestamp 1719474728595
[2024-06-27T07:52:10.237+0000] {docker.py:436} INFO - 24/06/27 07:52:10 INFO Utils: /opt/bitnami/spark/.ivy2/jars/org.apache.kafka_kafka-clients-2.8.1.jar has been previously copied to /tmp/spark-57385e3e-a9d7-4d51-a5f5-64eae9be6d86/userFiles-961865af-7ef6-492f-afda-7972c7349f3b/org.apache.kafka_kafka-clients-2.8.1.jar
[2024-06-27T07:52:10.248+0000] {docker.py:436} INFO - 24/06/27 07:52:10 INFO Executor: Fetching spark://localhost:42213/jars/com.google.code.findbugs_jsr305-3.0.0.jar with timestamp 1719474728595
[2024-06-27T07:52:10.325+0000] {docker.py:436} INFO - 24/06/27 07:52:10 INFO TransportClientFactory: Successfully created connection to localhost/127.0.0.1:42213 after 59 ms (0 ms spent in bootstraps)
[2024-06-27T07:52:10.339+0000] {docker.py:436} INFO - 24/06/27 07:52:10 INFO Utils: Fetching spark://localhost:42213/jars/com.google.code.findbugs_jsr305-3.0.0.jar to /tmp/spark-57385e3e-a9d7-4d51-a5f5-64eae9be6d86/userFiles-961865af-7ef6-492f-afda-7972c7349f3b/fetchFileTemp7669200964856864872.tmp
[2024-06-27T07:52:10.370+0000] {docker.py:436} INFO - 24/06/27 07:52:10 INFO Utils: /tmp/spark-57385e3e-a9d7-4d51-a5f5-64eae9be6d86/userFiles-961865af-7ef6-492f-afda-7972c7349f3b/fetchFileTemp7669200964856864872.tmp has been previously copied to /tmp/spark-57385e3e-a9d7-4d51-a5f5-64eae9be6d86/userFiles-961865af-7ef6-492f-afda-7972c7349f3b/com.google.code.findbugs_jsr305-3.0.0.jar
[2024-06-27T07:52:10.376+0000] {docker.py:436} INFO - 24/06/27 07:52:10 INFO Executor: Adding file:/tmp/spark-57385e3e-a9d7-4d51-a5f5-64eae9be6d86/userFiles-961865af-7ef6-492f-afda-7972c7349f3b/com.google.code.findbugs_jsr305-3.0.0.jar to class loader default
[2024-06-27T07:52:10.377+0000] {docker.py:436} INFO - 24/06/27 07:52:10 INFO Executor: Fetching spark://localhost:42213/jars/org.apache.commons_commons-pool2-2.11.1.jar with timestamp 1719474728595
[2024-06-27T07:52:10.381+0000] {docker.py:436} INFO - 24/06/27 07:52:10 INFO Utils: Fetching spark://localhost:42213/jars/org.apache.commons_commons-pool2-2.11.1.jar to /tmp/spark-57385e3e-a9d7-4d51-a5f5-64eae9be6d86/userFiles-961865af-7ef6-492f-afda-7972c7349f3b/fetchFileTemp22152227994998691.tmp
[2024-06-27T07:52:10.384+0000] {docker.py:436} INFO - 24/06/27 07:52:10 INFO Utils: /tmp/spark-57385e3e-a9d7-4d51-a5f5-64eae9be6d86/userFiles-961865af-7ef6-492f-afda-7972c7349f3b/fetchFileTemp22152227994998691.tmp has been previously copied to /tmp/spark-57385e3e-a9d7-4d51-a5f5-64eae9be6d86/userFiles-961865af-7ef6-492f-afda-7972c7349f3b/org.apache.commons_commons-pool2-2.11.1.jar
[2024-06-27T07:52:10.401+0000] {docker.py:436} INFO - 24/06/27 07:52:10 INFO Executor: Adding file:/tmp/spark-57385e3e-a9d7-4d51-a5f5-64eae9be6d86/userFiles-961865af-7ef6-492f-afda-7972c7349f3b/org.apache.commons_commons-pool2-2.11.1.jar to class loader default
[2024-06-27T07:52:10.402+0000] {docker.py:436} INFO - 24/06/27 07:52:10 INFO Executor: Fetching spark://localhost:42213/jars/org.apache.hadoop_hadoop-client-runtime-3.3.2.jar with timestamp 1719474728595
[2024-06-27T07:52:10.402+0000] {docker.py:436} INFO - 24/06/27 07:52:10 INFO Utils: Fetching spark://localhost:42213/jars/org.apache.hadoop_hadoop-client-runtime-3.3.2.jar to /tmp/spark-57385e3e-a9d7-4d51-a5f5-64eae9be6d86/userFiles-961865af-7ef6-492f-afda-7972c7349f3b/fetchFileTemp15613967584953198548.tmp
[2024-06-27T07:52:11.279+0000] {docker.py:436} INFO - 24/06/27 07:52:11 INFO Utils: /tmp/spark-57385e3e-a9d7-4d51-a5f5-64eae9be6d86/userFiles-961865af-7ef6-492f-afda-7972c7349f3b/fetchFileTemp15613967584953198548.tmp has been previously copied to /tmp/spark-57385e3e-a9d7-4d51-a5f5-64eae9be6d86/userFiles-961865af-7ef6-492f-afda-7972c7349f3b/org.apache.hadoop_hadoop-client-runtime-3.3.2.jar
[2024-06-27T07:52:11.289+0000] {docker.py:436} INFO - 24/06/27 07:52:11 INFO Executor: Adding file:/tmp/spark-57385e3e-a9d7-4d51-a5f5-64eae9be6d86/userFiles-961865af-7ef6-492f-afda-7972c7349f3b/org.apache.hadoop_hadoop-client-runtime-3.3.2.jar to class loader default
[2024-06-27T07:52:11.290+0000] {docker.py:436} INFO - 24/06/27 07:52:11 INFO Executor: Fetching spark://localhost:42213/jars/org.apache.spark_spark-sql-kafka-0-10_2.12-3.3.0.jar with timestamp 1719474728595
[2024-06-27T07:52:11.291+0000] {docker.py:436} INFO - 24/06/27 07:52:11 INFO Utils: Fetching spark://localhost:42213/jars/org.apache.spark_spark-sql-kafka-0-10_2.12-3.3.0.jar to /tmp/spark-57385e3e-a9d7-4d51-a5f5-64eae9be6d86/userFiles-961865af-7ef6-492f-afda-7972c7349f3b/fetchFileTemp555869516983441806.tmp
[2024-06-27T07:52:11.294+0000] {docker.py:436} INFO - 24/06/27 07:52:11 INFO Utils: /tmp/spark-57385e3e-a9d7-4d51-a5f5-64eae9be6d86/userFiles-961865af-7ef6-492f-afda-7972c7349f3b/fetchFileTemp555869516983441806.tmp has been previously copied to /tmp/spark-57385e3e-a9d7-4d51-a5f5-64eae9be6d86/userFiles-961865af-7ef6-492f-afda-7972c7349f3b/org.apache.spark_spark-sql-kafka-0-10_2.12-3.3.0.jar
[2024-06-27T07:52:11.298+0000] {docker.py:436} INFO - 24/06/27 07:52:11 INFO Executor: Adding file:/tmp/spark-57385e3e-a9d7-4d51-a5f5-64eae9be6d86/userFiles-961865af-7ef6-492f-afda-7972c7349f3b/org.apache.spark_spark-sql-kafka-0-10_2.12-3.3.0.jar to class loader default
[2024-06-27T07:52:11.299+0000] {docker.py:436} INFO - 24/06/27 07:52:11 INFO Executor: Fetching spark://localhost:42213/jars/org.postgresql_postgresql-42.2.2.jar with timestamp 1719474728595
[2024-06-27T07:52:11.299+0000] {docker.py:436} INFO - 24/06/27 07:52:11 INFO Utils: Fetching spark://localhost:42213/jars/org.postgresql_postgresql-42.2.2.jar to /tmp/spark-57385e3e-a9d7-4d51-a5f5-64eae9be6d86/userFiles-961865af-7ef6-492f-afda-7972c7349f3b/fetchFileTemp2880445929053492329.tmp
[2024-06-27T07:52:11.303+0000] {docker.py:436} INFO - 24/06/27 07:52:11 INFO Utils: /tmp/spark-57385e3e-a9d7-4d51-a5f5-64eae9be6d86/userFiles-961865af-7ef6-492f-afda-7972c7349f3b/fetchFileTemp2880445929053492329.tmp has been previously copied to /tmp/spark-57385e3e-a9d7-4d51-a5f5-64eae9be6d86/userFiles-961865af-7ef6-492f-afda-7972c7349f3b/org.postgresql_postgresql-42.2.2.jar
[2024-06-27T07:52:11.307+0000] {docker.py:436} INFO - 24/06/27 07:52:11 INFO Executor: Adding file:/tmp/spark-57385e3e-a9d7-4d51-a5f5-64eae9be6d86/userFiles-961865af-7ef6-492f-afda-7972c7349f3b/org.postgresql_postgresql-42.2.2.jar to class loader default
[2024-06-27T07:52:11.308+0000] {docker.py:436} INFO - 24/06/27 07:52:11 INFO Executor: Fetching spark://localhost:42213/jars/org.apache.spark_spark-token-provider-kafka-0-10_2.12-3.3.0.jar with timestamp 1719474728595
[2024-06-27T07:52:11.309+0000] {docker.py:436} INFO - 24/06/27 07:52:11 INFO Utils: Fetching spark://localhost:42213/jars/org.apache.spark_spark-token-provider-kafka-0-10_2.12-3.3.0.jar to /tmp/spark-57385e3e-a9d7-4d51-a5f5-64eae9be6d86/userFiles-961865af-7ef6-492f-afda-7972c7349f3b/fetchFileTemp12086264978650527905.tmp
[2024-06-27T07:52:11.310+0000] {docker.py:436} INFO - 24/06/27 07:52:11 INFO Utils: /tmp/spark-57385e3e-a9d7-4d51-a5f5-64eae9be6d86/userFiles-961865af-7ef6-492f-afda-7972c7349f3b/fetchFileTemp12086264978650527905.tmp has been previously copied to /tmp/spark-57385e3e-a9d7-4d51-a5f5-64eae9be6d86/userFiles-961865af-7ef6-492f-afda-7972c7349f3b/org.apache.spark_spark-token-provider-kafka-0-10_2.12-3.3.0.jar
[2024-06-27T07:52:11.315+0000] {docker.py:436} INFO - 24/06/27 07:52:11 INFO Executor: Adding file:/tmp/spark-57385e3e-a9d7-4d51-a5f5-64eae9be6d86/userFiles-961865af-7ef6-492f-afda-7972c7349f3b/org.apache.spark_spark-token-provider-kafka-0-10_2.12-3.3.0.jar to class loader default
[2024-06-27T07:52:11.316+0000] {docker.py:436} INFO - 24/06/27 07:52:11 INFO Executor: Fetching spark://localhost:42213/jars/org.apache.hadoop_hadoop-client-api-3.3.2.jar with timestamp 1719474728595
[2024-06-27T07:52:11.318+0000] {docker.py:436} INFO - 24/06/27 07:52:11 INFO Utils: Fetching spark://localhost:42213/jars/org.apache.hadoop_hadoop-client-api-3.3.2.jar to /tmp/spark-57385e3e-a9d7-4d51-a5f5-64eae9be6d86/userFiles-961865af-7ef6-492f-afda-7972c7349f3b/fetchFileTemp9173434070769572438.tmp
[2024-06-27T07:52:11.505+0000] {docker.py:436} INFO - 24/06/27 07:52:11 INFO Utils: /tmp/spark-57385e3e-a9d7-4d51-a5f5-64eae9be6d86/userFiles-961865af-7ef6-492f-afda-7972c7349f3b/fetchFileTemp9173434070769572438.tmp has been previously copied to /tmp/spark-57385e3e-a9d7-4d51-a5f5-64eae9be6d86/userFiles-961865af-7ef6-492f-afda-7972c7349f3b/org.apache.hadoop_hadoop-client-api-3.3.2.jar
[2024-06-27T07:52:11.523+0000] {docker.py:436} INFO - 24/06/27 07:52:11 INFO Executor: Adding file:/tmp/spark-57385e3e-a9d7-4d51-a5f5-64eae9be6d86/userFiles-961865af-7ef6-492f-afda-7972c7349f3b/org.apache.hadoop_hadoop-client-api-3.3.2.jar to class loader default
[2024-06-27T07:52:11.524+0000] {docker.py:436} INFO - 24/06/27 07:52:11 INFO Executor: Fetching spark://localhost:42213/jars/org.spark-project.spark_unused-1.0.0.jar with timestamp 1719474728595
[2024-06-27T07:52:11.528+0000] {docker.py:436} INFO - 24/06/27 07:52:11 INFO Utils: Fetching spark://localhost:42213/jars/org.spark-project.spark_unused-1.0.0.jar to /tmp/spark-57385e3e-a9d7-4d51-a5f5-64eae9be6d86/userFiles-961865af-7ef6-492f-afda-7972c7349f3b/fetchFileTemp10371185647004136263.tmp
[2024-06-27T07:52:11.531+0000] {docker.py:436} INFO - 24/06/27 07:52:11 INFO Utils: /tmp/spark-57385e3e-a9d7-4d51-a5f5-64eae9be6d86/userFiles-961865af-7ef6-492f-afda-7972c7349f3b/fetchFileTemp10371185647004136263.tmp has been previously copied to /tmp/spark-57385e3e-a9d7-4d51-a5f5-64eae9be6d86/userFiles-961865af-7ef6-492f-afda-7972c7349f3b/org.spark-project.spark_unused-1.0.0.jar
[2024-06-27T07:52:11.539+0000] {docker.py:436} INFO - 24/06/27 07:52:11 INFO Executor: Adding file:/tmp/spark-57385e3e-a9d7-4d51-a5f5-64eae9be6d86/userFiles-961865af-7ef6-492f-afda-7972c7349f3b/org.spark-project.spark_unused-1.0.0.jar to class loader default
[2024-06-27T07:52:11.540+0000] {docker.py:436} INFO - 24/06/27 07:52:11 INFO Executor: Fetching spark://localhost:42213/jars/org.slf4j_slf4j-api-1.7.32.jar with timestamp 1719474728595
[2024-06-27T07:52:11.541+0000] {docker.py:436} INFO - 24/06/27 07:52:11 INFO Utils: Fetching spark://localhost:42213/jars/org.slf4j_slf4j-api-1.7.32.jar to /tmp/spark-57385e3e-a9d7-4d51-a5f5-64eae9be6d86/userFiles-961865af-7ef6-492f-afda-7972c7349f3b/fetchFileTemp17469829821040930275.tmp
[2024-06-27T07:52:11.544+0000] {docker.py:436} INFO - 24/06/27 07:52:11 INFO Utils: /tmp/spark-57385e3e-a9d7-4d51-a5f5-64eae9be6d86/userFiles-961865af-7ef6-492f-afda-7972c7349f3b/fetchFileTemp17469829821040930275.tmp has been previously copied to /tmp/spark-57385e3e-a9d7-4d51-a5f5-64eae9be6d86/userFiles-961865af-7ef6-492f-afda-7972c7349f3b/org.slf4j_slf4j-api-1.7.32.jar
[2024-06-27T07:52:11.549+0000] {docker.py:436} INFO - 24/06/27 07:52:11 INFO Executor: Adding file:/tmp/spark-57385e3e-a9d7-4d51-a5f5-64eae9be6d86/userFiles-961865af-7ef6-492f-afda-7972c7349f3b/org.slf4j_slf4j-api-1.7.32.jar to class loader default
[2024-06-27T07:52:11.550+0000] {docker.py:436} INFO - 24/06/27 07:52:11 INFO Executor: Fetching spark://localhost:42213/jars/org.lz4_lz4-java-1.8.0.jar with timestamp 1719474728595
[2024-06-27T07:52:11.551+0000] {docker.py:436} INFO - 24/06/27 07:52:11 INFO Utils: Fetching spark://localhost:42213/jars/org.lz4_lz4-java-1.8.0.jar to /tmp/spark-57385e3e-a9d7-4d51-a5f5-64eae9be6d86/userFiles-961865af-7ef6-492f-afda-7972c7349f3b/fetchFileTemp1062486802608642543.tmp
[2024-06-27T07:52:11.558+0000] {docker.py:436} INFO - 24/06/27 07:52:11 INFO Utils: /tmp/spark-57385e3e-a9d7-4d51-a5f5-64eae9be6d86/userFiles-961865af-7ef6-492f-afda-7972c7349f3b/fetchFileTemp1062486802608642543.tmp has been previously copied to /tmp/spark-57385e3e-a9d7-4d51-a5f5-64eae9be6d86/userFiles-961865af-7ef6-492f-afda-7972c7349f3b/org.lz4_lz4-java-1.8.0.jar
[2024-06-27T07:52:11.563+0000] {docker.py:436} INFO - 24/06/27 07:52:11 INFO Executor: Adding file:/tmp/spark-57385e3e-a9d7-4d51-a5f5-64eae9be6d86/userFiles-961865af-7ef6-492f-afda-7972c7349f3b/org.lz4_lz4-java-1.8.0.jar to class loader default
[2024-06-27T07:52:11.564+0000] {docker.py:436} INFO - 24/06/27 07:52:11 INFO Executor: Fetching spark://localhost:42213/jars/org.apache.kafka_kafka-clients-2.8.1.jar with timestamp 1719474728595
24/06/27 07:52:11 INFO Utils: Fetching spark://localhost:42213/jars/org.apache.kafka_kafka-clients-2.8.1.jar to /tmp/spark-57385e3e-a9d7-4d51-a5f5-64eae9be6d86/userFiles-961865af-7ef6-492f-afda-7972c7349f3b/fetchFileTemp9813652084893584835.tmp
[2024-06-27T07:52:11.597+0000] {docker.py:436} INFO - 24/06/27 07:52:11 INFO Utils: /tmp/spark-57385e3e-a9d7-4d51-a5f5-64eae9be6d86/userFiles-961865af-7ef6-492f-afda-7972c7349f3b/fetchFileTemp9813652084893584835.tmp has been previously copied to /tmp/spark-57385e3e-a9d7-4d51-a5f5-64eae9be6d86/userFiles-961865af-7ef6-492f-afda-7972c7349f3b/org.apache.kafka_kafka-clients-2.8.1.jar
[2024-06-27T07:52:11.626+0000] {docker.py:436} INFO - 24/06/27 07:52:11 INFO Executor: Adding file:/tmp/spark-57385e3e-a9d7-4d51-a5f5-64eae9be6d86/userFiles-961865af-7ef6-492f-afda-7972c7349f3b/org.apache.kafka_kafka-clients-2.8.1.jar to class loader default
[2024-06-27T07:52:11.629+0000] {docker.py:436} INFO - 24/06/27 07:52:11 INFO Executor: Fetching spark://localhost:42213/jars/org.xerial.snappy_snappy-java-1.1.8.4.jar with timestamp 1719474728595
[2024-06-27T07:52:11.631+0000] {docker.py:436} INFO - 24/06/27 07:52:11 INFO Utils: Fetching spark://localhost:42213/jars/org.xerial.snappy_snappy-java-1.1.8.4.jar to /tmp/spark-57385e3e-a9d7-4d51-a5f5-64eae9be6d86/userFiles-961865af-7ef6-492f-afda-7972c7349f3b/fetchFileTemp10848948343992746729.tmp
[2024-06-27T07:52:11.647+0000] {docker.py:436} INFO - 24/06/27 07:52:11 INFO Utils: /tmp/spark-57385e3e-a9d7-4d51-a5f5-64eae9be6d86/userFiles-961865af-7ef6-492f-afda-7972c7349f3b/fetchFileTemp10848948343992746729.tmp has been previously copied to /tmp/spark-57385e3e-a9d7-4d51-a5f5-64eae9be6d86/userFiles-961865af-7ef6-492f-afda-7972c7349f3b/org.xerial.snappy_snappy-java-1.1.8.4.jar
[2024-06-27T07:52:11.656+0000] {docker.py:436} INFO - 24/06/27 07:52:11 INFO Executor: Adding file:/tmp/spark-57385e3e-a9d7-4d51-a5f5-64eae9be6d86/userFiles-961865af-7ef6-492f-afda-7972c7349f3b/org.xerial.snappy_snappy-java-1.1.8.4.jar to class loader default
[2024-06-27T07:52:11.656+0000] {docker.py:436} INFO - 24/06/27 07:52:11 INFO Executor: Fetching spark://localhost:42213/jars/commons-logging_commons-logging-1.1.3.jar with timestamp 1719474728595
[2024-06-27T07:52:11.657+0000] {docker.py:436} INFO - 24/06/27 07:52:11 INFO Utils: Fetching spark://localhost:42213/jars/commons-logging_commons-logging-1.1.3.jar to /tmp/spark-57385e3e-a9d7-4d51-a5f5-64eae9be6d86/userFiles-961865af-7ef6-492f-afda-7972c7349f3b/fetchFileTemp7874332196014610670.tmp
[2024-06-27T07:52:11.659+0000] {docker.py:436} INFO - 24/06/27 07:52:11 INFO Utils: /tmp/spark-57385e3e-a9d7-4d51-a5f5-64eae9be6d86/userFiles-961865af-7ef6-492f-afda-7972c7349f3b/fetchFileTemp7874332196014610670.tmp has been previously copied to /tmp/spark-57385e3e-a9d7-4d51-a5f5-64eae9be6d86/userFiles-961865af-7ef6-492f-afda-7972c7349f3b/commons-logging_commons-logging-1.1.3.jar
[2024-06-27T07:52:11.666+0000] {docker.py:436} INFO - 24/06/27 07:52:11 INFO Executor: Adding file:/tmp/spark-57385e3e-a9d7-4d51-a5f5-64eae9be6d86/userFiles-961865af-7ef6-492f-afda-7972c7349f3b/commons-logging_commons-logging-1.1.3.jar to class loader default
[2024-06-27T07:52:11.679+0000] {docker.py:436} INFO - 24/06/27 07:52:11 INFO Utils: Successfully started service 'org.apache.spark.network.netty.NettyBlockTransferService' on port 34269.
[2024-06-27T07:52:11.680+0000] {docker.py:436} INFO - 24/06/27 07:52:11 INFO NettyBlockTransferService: Server created on localhost:34269
[2024-06-27T07:52:11.682+0000] {docker.py:436} INFO - 24/06/27 07:52:11 INFO BlockManager: Using org.apache.spark.storage.RandomBlockReplicationPolicy for block replication policy
[2024-06-27T07:52:11.692+0000] {docker.py:436} INFO - 24/06/27 07:52:11 INFO BlockManagerMaster: Registering BlockManager BlockManagerId(driver, localhost, 34269, None)
[2024-06-27T07:52:11.698+0000] {docker.py:436} INFO - 24/06/27 07:52:11 INFO BlockManagerMasterEndpoint: Registering block manager localhost:34269 with 434.4 MiB RAM, BlockManagerId(driver, localhost, 34269, None)
[2024-06-27T07:52:11.702+0000] {docker.py:436} INFO - 24/06/27 07:52:11 INFO BlockManagerMaster: Registered BlockManager BlockManagerId(driver, localhost, 34269, None)
[2024-06-27T07:52:11.705+0000] {docker.py:436} INFO - 24/06/27 07:52:11 INFO BlockManager: Initialized BlockManager: BlockManagerId(driver, localhost, 34269, None)
[2024-06-27T07:52:12.242+0000] {docker.py:436} INFO - 2024-06-27 07:52:12,241:create_spark_session:INFO:Spark session created successfully
[2024-06-27T07:52:12.252+0000] {docker.py:436} INFO - 24/06/27 07:52:12 INFO SharedState: Setting hive.metastore.warehouse.dir ('null') to the value of spark.sql.warehouse.dir.
[2024-06-27T07:52:12.255+0000] {docker.py:436} INFO - 24/06/27 07:52:12 INFO SharedState: Warehouse path is 'file:/opt/bitnami/spark/spark-warehouse'.
[2024-06-27T07:52:14.293+0000] {docker.py:436} INFO - 2024-06-27 07:52:14,292:create_initial_dataframe:INFO:Initial dataframe created successfully:
[2024-06-27T07:52:15.785+0000] {docker.py:436} INFO - Traceback (most recent call last):
  File "/opt/bitnami/spark/scripts/spark_bronze_layer.py", line 160, in <module>
    write_to_postgres()
  File "/opt/bitnami/spark/scripts/spark_bronze_layer.py", line 131, in write_to_postgres
    df_exploded = df.withColumn("purchase", F.explode(col("value")))
                  ^^^^^^^^^^^^^^^^^^^^^^^^^^^^^^^^^^^^^^^^^^^^^^^^^^
  File "/opt/bitnami/spark/python/lib/pyspark.zip/pyspark/sql/dataframe.py", line 5174, in withColumn
  File "/opt/bitnami/spark/python/lib/py4j-0.10.9.7-src.zip/py4j/java_gateway.py", line 1322, in __call__
  File "/opt/bitnami/spark/python/lib/pyspark.zip/pyspark/errors/exceptions/captured.py", line 185, in deco
[2024-06-27T07:52:15.787+0000] {docker.py:436} INFO - pyspark.errors.exceptions.captured
[2024-06-27T07:52:15.789+0000] {docker.py:436} INFO - .
[2024-06-27T07:52:15.794+0000] {docker.py:436} INFO - AnalysisException
[2024-06-27T07:52:15.821+0000] {docker.py:436} INFO - : [DATATYPE_MISMATCH.UNEXPECTED_INPUT_TYPE] Cannot resolve "explode(value)" due to data type mismatch: Parameter 1 requires the ("ARRAY" or "MAP") type, however "value" has the type "STRING".;
'Project [value#25, explode(value#25) AS purchase#27]
+- Project [value#23 AS value#25]
   +- LogicalRDD [value#23], false

2024-06-27 07:52:15,820:close:INFO:Closing down clientserver connection
[2024-06-27T07:52:15.919+0000] {docker.py:436} INFO - 24/06/27 07:52:15 INFO SparkContext: Invoking stop() from shutdown hook
[2024-06-27T07:52:15.921+0000] {docker.py:436} INFO - 24/06/27 07:52:15 INFO SparkContext: SparkContext is stopping with exitCode 0.
[2024-06-27T07:52:15.946+0000] {docker.py:436} INFO - 24/06/27 07:52:15 INFO SparkUI: Stopped Spark web UI at http://localhost:4040
[2024-06-27T07:52:15.964+0000] {docker.py:436} INFO - 24/06/27 07:52:15 INFO MapOutputTrackerMasterEndpoint: MapOutputTrackerMasterEndpoint stopped!
[2024-06-27T07:52:15.983+0000] {docker.py:436} INFO - 24/06/27 07:52:15 INFO MemoryStore: MemoryStore cleared
[2024-06-27T07:52:15.984+0000] {docker.py:436} INFO - 24/06/27 07:52:15 INFO BlockManager: BlockManager stopped
[2024-06-27T07:52:15.995+0000] {docker.py:436} INFO - 24/06/27 07:52:15 INFO BlockManagerMaster: BlockManagerMaster stopped
[2024-06-27T07:52:16.004+0000] {docker.py:436} INFO - 24/06/27 07:52:16 INFO OutputCommitCoordinator$OutputCommitCoordinatorEndpoint: OutputCommitCoordinator stopped!
[2024-06-27T07:52:16.031+0000] {docker.py:436} INFO - 24/06/27 07:52:16 INFO SparkContext: Successfully stopped SparkContext
[2024-06-27T07:52:16.034+0000] {docker.py:436} INFO - 24/06/27 07:52:16 INFO ShutdownHookManager: Shutdown hook called
[2024-06-27T07:52:16.036+0000] {docker.py:436} INFO - 24/06/27 07:52:16 INFO ShutdownHookManager: Deleting directory /tmp/spark-09157f79-d855-444c-bc6e-12f202323c7a
[2024-06-27T07:52:16.042+0000] {docker.py:436} INFO - 24/06/27 07:52:16 INFO ShutdownHookManager: Deleting directory /tmp/spark-57385e3e-a9d7-4d51-a5f5-64eae9be6d86
[2024-06-27T07:52:16.047+0000] {docker.py:436} INFO - 24/06/27 07:52:16 INFO ShutdownHookManager: Deleting directory /tmp/spark-57385e3e-a9d7-4d51-a5f5-64eae9be6d86/pyspark-a492b9e9-044b-49b2-9dd5-16d9d3fab923
[2024-06-27T07:52:16.602+0000] {taskinstance.py:441} INFO - ::group::Post task execution logs
[2024-06-27T07:52:16.616+0000] {taskinstance.py:2905} ERROR - Task failed with exception
Traceback (most recent call last):
  File "/home/airflow/.local/lib/python3.12/site-packages/docker/api/client.py", line 265, in _raise_for_status
    response.raise_for_status()
  File "/home/airflow/.local/lib/python3.12/site-packages/requests/models.py", line 1021, in raise_for_status
    raise HTTPError(http_error_msg, response=self)
requests.exceptions.HTTPError: 400 Client Error: Bad Request for url: http://docker-proxy:2375/v1.45/containers/create

The above exception was the direct cause of the following exception:

Traceback (most recent call last):
  File "/home/airflow/.local/lib/python3.12/site-packages/airflow/providers/docker/operators/docker.py", line 371, in _run_image
    return self._run_image_with_mounts([*self.mounts, tmp_mount], add_tmp_variable=True)
           ^^^^^^^^^^^^^^^^^^^^^^^^^^^^^^^^^^^^^^^^^^^^^^^^^^^^^^^^^^^^^^^^^^^^^^^^^^^^^
  File "/home/airflow/.local/lib/python3.12/site-packages/airflow/providers/docker/operators/docker.py", line 398, in _run_image_with_mounts
    self.container = self.cli.create_container(
                     ^^^^^^^^^^^^^^^^^^^^^^^^^^
  File "/home/airflow/.local/lib/python3.12/site-packages/docker/api/container.py", line 439, in create_container
    return self.create_container_from_config(config, name, platform)
           ^^^^^^^^^^^^^^^^^^^^^^^^^^^^^^^^^^^^^^^^^^^^^^^^^^^^^^^^^
  File "/home/airflow/.local/lib/python3.12/site-packages/docker/api/container.py", line 456, in create_container_from_config
    return self._result(res, True)
           ^^^^^^^^^^^^^^^^^^^^^^^
  File "/home/airflow/.local/lib/python3.12/site-packages/docker/api/client.py", line 271, in _result
    self._raise_for_status(response)
  File "/home/airflow/.local/lib/python3.12/site-packages/docker/api/client.py", line 267, in _raise_for_status
    raise create_api_error_from_http_exception(e) from e
          ^^^^^^^^^^^^^^^^^^^^^^^^^^^^^^^^^^^^^^^
  File "/home/airflow/.local/lib/python3.12/site-packages/docker/errors.py", line 39, in create_api_error_from_http_exception
    raise cls(e, response=response, explanation=explanation) from e
docker.errors.APIError: 400 Client Error for http://docker-proxy:2375/v1.45/containers/create: Bad Request ("invalid mount config for type "bind": bind source path does not exist: /tmp/airflowtmpi744gptn")

During handling of the above exception, another exception occurred:

Traceback (most recent call last):
  File "/home/airflow/.local/lib/python3.12/site-packages/airflow/models/taskinstance.py", line 465, in _execute_task
    result = _execute_callable(context=context, **execute_callable_kwargs)
             ^^^^^^^^^^^^^^^^^^^^^^^^^^^^^^^^^^^^^^^^^^^^^^^^^^^^^^^^^^^^^
  File "/home/airflow/.local/lib/python3.12/site-packages/airflow/models/taskinstance.py", line 432, in _execute_callable
    return execute_callable(context=context, **execute_callable_kwargs)
           ^^^^^^^^^^^^^^^^^^^^^^^^^^^^^^^^^^^^^^^^^^^^^^^^^^^^^^^^^^^^
  File "/home/airflow/.local/lib/python3.12/site-packages/airflow/models/baseoperator.py", line 400, in wrapper
    return func(self, *args, **kwargs)
           ^^^^^^^^^^^^^^^^^^^^^^^^^^^
  File "/home/airflow/.local/lib/python3.12/site-packages/airflow/providers/docker/operators/docker.py", line 509, in execute
    return self._run_image()
           ^^^^^^^^^^^^^^^^^
  File "/home/airflow/.local/lib/python3.12/site-packages/airflow/providers/docker/operators/docker.py", line 380, in _run_image
    return self._run_image_with_mounts(self.mounts, add_tmp_variable=False)
           ^^^^^^^^^^^^^^^^^^^^^^^^^^^^^^^^^^^^^^^^^^^^^^^^^^^^^^^^^^^^^^^^
  File "/home/airflow/.local/lib/python3.12/site-packages/airflow/providers/docker/operators/docker.py", line 444, in _run_image_with_mounts
    raise DockerContainerFailedException(f"Docker container failed: {result!r}", logs=log_lines)
airflow.providers.docker.exceptions.DockerContainerFailedException: Docker container failed: {'StatusCode': 1}
[2024-06-27T07:52:16.627+0000] {taskinstance.py:1206} INFO - Marking task as FAILED. dag_id=Stage_1, task_id=run_bronze_job, run_id=manual__2024-06-27T07:51:38.038539+00:00, execution_date=20240627T075138, start_date=20240627T075146, end_date=20240627T075216
[2024-06-27T07:52:16.642+0000] {standard_task_runner.py:110} ERROR - Failed to execute job 196 for task run_bronze_job (Docker container failed: {'StatusCode': 1}; 898)
[2024-06-27T07:52:16.659+0000] {local_task_job_runner.py:240} INFO - Task exited with return code 1
[2024-06-27T07:52:16.675+0000] {taskinstance.py:3498} INFO - 0 downstream tasks scheduled from follow-on schedule check
[2024-06-27T07:52:16.677+0000] {local_task_job_runner.py:222} INFO - ::endgroup::
