[2024-06-28T15:36:05.481+0000] {local_task_job_runner.py:120} INFO - ::group::Pre task execution logs
[2024-06-28T15:36:05.572+0000] {taskinstance.py:2076} INFO - Dependencies all met for dep_context=non-requeueable deps ti=<TaskInstance: Stage_1.table_creations manual__2024-06-28T15:36:00.802037+00:00 [queued]>
[2024-06-28T15:36:05.593+0000] {taskinstance.py:2076} INFO - Dependencies all met for dep_context=requeueable deps ti=<TaskInstance: Stage_1.table_creations manual__2024-06-28T15:36:00.802037+00:00 [queued]>
[2024-06-28T15:36:05.594+0000] {taskinstance.py:2306} INFO - Starting attempt 1 of 1
[2024-06-28T15:36:05.630+0000] {taskinstance.py:2330} INFO - Executing <Task(PythonOperator): table_creations> on 2024-06-28 15:36:00.802037+00:00
[2024-06-28T15:36:05.642+0000] {logging_mixin.py:188} WARNING - /home/***/.local/lib/python3.12/site-packages/***/task/task_runner/standard_task_runner.py:61 DeprecationWarning: This process (pid=454) is multi-threaded, use of fork() may lead to deadlocks in the child.
[2024-06-28T15:36:05.644+0000] {standard_task_runner.py:63} INFO - Started process 456 to run task
[2024-06-28T15:36:05.643+0000] {standard_task_runner.py:90} INFO - Running: ['***', 'tasks', 'run', 'Stage_1', 'table_creations', 'manual__2024-06-28T15:36:00.802037+00:00', '--job-id', '453', '--raw', '--subdir', 'DAGS_FOLDER/kafka_dag.py', '--cfg-path', '/tmp/tmp63_3_vby']
[2024-06-28T15:36:05.649+0000] {standard_task_runner.py:91} INFO - Job 453: Subtask table_creations
[2024-06-28T15:36:05.673+0000] {logging_mixin.py:188} WARNING - /home/***/.local/lib/python3.12/site-packages/***/settings.py:195 DeprecationWarning: The sql_alchemy_conn option in [core] has been moved to the sql_alchemy_conn option in [database] - the old setting has been used, but please update your config.
[2024-06-28T15:36:05.765+0000] {task_command.py:426} INFO - Running <TaskInstance: Stage_1.table_creations manual__2024-06-28T15:36:00.802037+00:00 [running]> on host 43cb83d08bb6
[2024-06-28T15:36:05.927+0000] {taskinstance.py:2648} INFO - Exporting env vars: AIRFLOW_CTX_DAG_OWNER='***' AIRFLOW_CTX_DAG_ID='Stage_1' AIRFLOW_CTX_TASK_ID='table_creations' AIRFLOW_CTX_EXECUTION_DATE='2024-06-28T15:36:00.802037+00:00' AIRFLOW_CTX_TRY_NUMBER='1' AIRFLOW_CTX_DAG_RUN_ID='manual__2024-06-28T15:36:00.802037+00:00'
[2024-06-28T15:36:05.928+0000] {taskinstance.py:430} INFO - ::endgroup::
[2024-06-28T15:36:05.969+0000] {logging_mixin.py:188} INFO - Table 'bronze_grocery_purchase' created successfully.
[2024-06-28T15:36:05.979+0000] {logging_mixin.py:188} INFO - Table 'silver_grocery_purchase' created successfully.
[2024-06-28T15:36:05.985+0000] {logging_mixin.py:188} INFO - Table 'gold_grocery_purchase' created successfully.
[2024-06-28T15:36:05.986+0000] {python.py:237} INFO - Done. Returned value was: None
[2024-06-28T15:36:05.987+0000] {taskinstance.py:441} INFO - ::group::Post task execution logs
[2024-06-28T15:36:06.001+0000] {taskinstance.py:1206} INFO - Marking task as SUCCESS. dag_id=Stage_1, task_id=table_creations, run_id=manual__2024-06-28T15:36:00.802037+00:00, execution_date=20240628T153600, start_date=20240628T153605, end_date=20240628T153606
[2024-06-28T15:36:06.032+0000] {local_task_job_runner.py:240} INFO - Task exited with return code 0
[2024-06-28T15:36:06.070+0000] {taskinstance.py:3498} INFO - 1 downstream tasks scheduled from follow-on schedule check
[2024-06-28T15:36:06.076+0000] {local_task_job_runner.py:222} INFO - ::endgroup::
