[2024-06-27T18:57:46.304+0000] {local_task_job_runner.py:120} INFO - ::group::Pre task execution logs
[2024-06-27T18:57:46.368+0000] {taskinstance.py:2076} INFO - Dependencies all met for dep_context=non-requeueable deps ti=<TaskInstance: Stage_1.run_bronze_job manual__2024-06-27T18:57:41.160036+00:00 [queued]>
[2024-06-27T18:57:46.380+0000] {taskinstance.py:2076} INFO - Dependencies all met for dep_context=requeueable deps ti=<TaskInstance: Stage_1.run_bronze_job manual__2024-06-27T18:57:41.160036+00:00 [queued]>
[2024-06-27T18:57:46.381+0000] {taskinstance.py:2306} INFO - Starting attempt 1 of 1
[2024-06-27T18:57:46.399+0000] {taskinstance.py:2330} INFO - Executing <Task(DockerOperator): run_bronze_job> on 2024-06-27 18:57:41.160036+00:00
[2024-06-27T18:57:46.407+0000] {logging_mixin.py:188} WARNING - /home/***/.local/lib/python3.12/site-packages/***/task/task_runner/standard_task_runner.py:61 DeprecationWarning: This process (pid=701) is multi-threaded, use of fork() may lead to deadlocks in the child.
[2024-06-27T18:57:46.408+0000] {standard_task_runner.py:63} INFO - Started process 702 to run task
[2024-06-27T18:57:46.407+0000] {standard_task_runner.py:90} INFO - Running: ['***', 'tasks', 'run', 'Stage_1', 'run_bronze_job', 'manual__2024-06-27T18:57:41.160036+00:00', '--job-id', '412', '--raw', '--subdir', 'DAGS_FOLDER/kafka_dag.py', '--cfg-path', '/tmp/tmp8h7w9f6r']
[2024-06-27T18:57:46.409+0000] {standard_task_runner.py:91} INFO - Job 412: Subtask run_bronze_job
[2024-06-27T18:57:46.424+0000] {logging_mixin.py:188} WARNING - /home/***/.local/lib/python3.12/site-packages/***/settings.py:195 DeprecationWarning: The sql_alchemy_conn option in [core] has been moved to the sql_alchemy_conn option in [database] - the old setting has been used, but please update your config.
[2024-06-27T18:57:46.462+0000] {task_command.py:426} INFO - Running <TaskInstance: Stage_1.run_bronze_job manual__2024-06-27T18:57:41.160036+00:00 [running]> on host bafdbafde709
[2024-06-27T18:57:46.570+0000] {taskinstance.py:2648} INFO - Exporting env vars: AIRFLOW_CTX_DAG_OWNER='***' AIRFLOW_CTX_DAG_ID='Stage_1' AIRFLOW_CTX_TASK_ID='run_bronze_job' AIRFLOW_CTX_EXECUTION_DATE='2024-06-27T18:57:41.160036+00:00' AIRFLOW_CTX_TRY_NUMBER='1' AIRFLOW_CTX_DAG_RUN_ID='manual__2024-06-27T18:57:41.160036+00:00'
[2024-06-27T18:57:46.571+0000] {taskinstance.py:430} INFO - ::endgroup::
[2024-06-27T18:57:46.604+0000] {docker.py:366} INFO - Starting docker container from image bitnami/spark:latest
[2024-06-27T18:57:46.607+0000] {docker.py:374} WARNING - Using remote engine or docker-in-docker and mounting temporary volume from host is not supported. Falling back to `mount_tmp_dir=False` mode. You can set `mount_tmp_dir` parameter to False to disable mounting and remove the warning
[2024-06-27T18:57:47.083+0000] {docker.py:436} INFO - [38;5;6mspark [38;5;5m18:57:47.08 [0m[38;5;2mINFO [0m ==>
[2024-06-27T18:57:47.086+0000] {docker.py:436} INFO - [38;5;6mspark [38;5;5m18:57:47.08 [0m[38;5;2mINFO [0m ==> [1mWelcome to the Bitnami spark container[0m
[2024-06-27T18:57:47.088+0000] {docker.py:436} INFO - [38;5;6mspark [38;5;5m18:57:47.08 [0m[38;5;2mINFO [0m ==> Subscribe to project updates by watching [1mhttps://github.com/bitnami/containers[0m
[2024-06-27T18:57:47.090+0000] {docker.py:436} INFO - [38;5;6mspark [38;5;5m18:57:47.08 [0m[38;5;2mINFO [0m ==> Submit issues and feature requests at [1mhttps://github.com/bitnami/containers/issues[0m
[2024-06-27T18:57:47.092+0000] {docker.py:436} INFO - [38;5;6mspark [38;5;5m18:57:47.09 [0m[38;5;2mINFO [0m ==> Upgrade to Tanzu Application Catalog for production environments to access custom-configured and pre-packaged software components. Gain enhanced features, including Software Bill of Materials (SBOM), CVE scan result reports, and VEX documents. To learn more, visit [1mhttps://bitnami.com/enterprise[0m
[2024-06-27T18:57:47.094+0000] {docker.py:436} INFO - [38;5;6mspark [38;5;5m18:57:47.09 [0m[38;5;2mINFO [0m ==>
[2024-06-27T18:57:47.102+0000] {docker.py:436} INFO - 
[2024-06-27T18:57:49.732+0000] {docker.py:436} INFO - :: loading settings :: url = jar:file:/opt/bitnami/spark/jars/ivy-2.5.1.jar!/org/apache/ivy/core/settings/ivysettings.xml
[2024-06-27T18:57:49.822+0000] {docker.py:436} INFO - Ivy Default Cache set to: /opt/bitnami/spark/.ivy2/cache
The jars for the packages stored in: /opt/bitnami/spark/.ivy2/jars
[2024-06-27T18:57:49.830+0000] {docker.py:436} INFO - org.apache.spark#spark-sql-kafka-0-10_2.12 added as a dependency
[2024-06-27T18:57:49.831+0000] {docker.py:436} INFO - org.postgresql#postgresql added as a dependency
[2024-06-27T18:57:49.833+0000] {docker.py:436} INFO - :: resolving dependencies :: org.apache.spark#spark-submit-parent-7f7fbc55-1319-4084-80a9-2bf244c757fe;1.0
[2024-06-27T18:57:49.834+0000] {docker.py:436} INFO - confs: [default]
[2024-06-27T18:57:51.776+0000] {docker.py:436} INFO - found org.apache.spark#spark-sql-kafka-0-10_2.12;3.3.0 in central
[2024-06-27T18:57:52.281+0000] {docker.py:436} INFO - found org.apache.spark#spark-token-provider-kafka-0-10_2.12;3.3.0 in central
[2024-06-27T18:57:52.356+0000] {docker.py:436} INFO - found org.apache.kafka#kafka-clients;2.8.1 in central
[2024-06-27T18:57:52.432+0000] {docker.py:436} INFO - found org.lz4#lz4-java;1.8.0 in central
[2024-06-27T18:57:52.508+0000] {docker.py:436} INFO - found org.xerial.snappy#snappy-java;1.1.8.4 in central
[2024-06-27T18:57:53.447+0000] {docker.py:436} INFO - found org.slf4j#slf4j-api;1.7.32 in central
[2024-06-27T18:57:55.313+0000] {docker.py:436} INFO - found org.apache.hadoop#hadoop-client-runtime;3.3.2 in central
[2024-06-27T18:57:55.481+0000] {docker.py:436} INFO - found org.spark-project.spark#unused;1.0.0 in central
[2024-06-27T18:57:55.604+0000] {docker.py:436} INFO - found org.apache.hadoop#hadoop-client-api;3.3.2 in central
[2024-06-27T18:57:55.865+0000] {docker.py:436} INFO - found commons-logging#commons-logging;1.1.3 in central
[2024-06-27T18:57:55.939+0000] {docker.py:436} INFO - found com.google.code.findbugs#jsr305;3.0.0 in central
[2024-06-27T18:57:57.745+0000] {docker.py:436} INFO - found org.apache.commons#commons-pool2;2.11.1 in central
[2024-06-27T18:57:59.582+0000] {docker.py:436} INFO - found org.postgresql#postgresql;42.2.2 in central
[2024-06-27T18:57:59.608+0000] {docker.py:436} INFO - downloading https://repo1.maven.org/maven2/org/apache/spark/spark-sql-kafka-0-10_2.12/3.3.0/spark-sql-kafka-0-10_2.12-3.3.0.jar ...
[2024-06-27T18:57:59.670+0000] {docker.py:436} INFO - [SUCCESSFUL ] org.apache.spark#spark-sql-kafka-0-10_2.12;3.3.0!spark-sql-kafka-0-10_2.12.jar (73ms)
[2024-06-27T18:57:59.681+0000] {docker.py:436} INFO - downloading https://repo1.maven.org/maven2/org/postgresql/postgresql/42.2.2/postgresql-42.2.2.jar ...
[2024-06-27T18:57:59.820+0000] {docker.py:436} INFO - [SUCCESSFUL ] org.postgresql#postgresql;42.2.2!postgresql.jar(bundle) (149ms)
[2024-06-27T18:57:59.832+0000] {docker.py:436} INFO - downloading https://repo1.maven.org/maven2/org/apache/spark/spark-token-provider-kafka-0-10_2.12/3.3.0/spark-token-provider-kafka-0-10_2.12-3.3.0.jar ...
[2024-06-27T18:57:59.854+0000] {docker.py:436} INFO - [SUCCESSFUL ] org.apache.spark#spark-token-provider-kafka-0-10_2.12;3.3.0!spark-token-provider-kafka-0-10_2.12.jar (32ms)
[2024-06-27T18:57:59.865+0000] {docker.py:436} INFO - downloading https://repo1.maven.org/maven2/org/apache/kafka/kafka-clients/2.8.1/kafka-clients-2.8.1.jar ...
[2024-06-27T18:58:00.548+0000] {docker.py:436} INFO - [SUCCESSFUL ] org.apache.kafka#kafka-clients;2.8.1!kafka-clients.jar (693ms)
[2024-06-27T18:58:00.563+0000] {docker.py:436} INFO - downloading https://repo1.maven.org/maven2/com/google/code/findbugs/jsr305/3.0.0/jsr305-3.0.0.jar ...
[2024-06-27T18:58:00.579+0000] {docker.py:436} INFO - [SUCCESSFUL ] com.google.code.findbugs#jsr305;3.0.0!jsr305.jar (29ms)
[2024-06-27T18:58:00.590+0000] {docker.py:436} INFO - downloading https://repo1.maven.org/maven2/org/apache/commons/commons-pool2/2.11.1/commons-pool2-2.11.1.jar ...
[2024-06-27T18:58:00.621+0000] {docker.py:436} INFO - [SUCCESSFUL ] org.apache.commons#commons-pool2;2.11.1!commons-pool2.jar (42ms)
[2024-06-27T18:58:00.631+0000] {docker.py:436} INFO - downloading https://repo1.maven.org/maven2/org/spark-project/spark/unused/1.0.0/unused-1.0.0.jar ...
[2024-06-27T18:58:00.643+0000] {docker.py:436} INFO - [SUCCESSFUL ] org.spark-project.spark#unused;1.0.0!unused.jar (20ms)
[2024-06-27T18:58:00.654+0000] {docker.py:436} INFO - downloading https://repo1.maven.org/maven2/org/apache/hadoop/hadoop-client-runtime/3.3.2/hadoop-client-runtime-3.3.2.jar ...
[2024-06-27T18:58:05.711+0000] {docker.py:436} INFO - [SUCCESSFUL ] org.apache.hadoop#hadoop-client-runtime;3.3.2!hadoop-client-runtime.jar (5068ms)
[2024-06-27T18:58:05.721+0000] {docker.py:436} INFO - downloading https://repo1.maven.org/maven2/org/lz4/lz4-java/1.8.0/lz4-java-1.8.0.jar ...
[2024-06-27T18:58:05.797+0000] {docker.py:436} INFO - [SUCCESSFUL ] org.lz4#lz4-java;1.8.0!lz4-java.jar (83ms)
[2024-06-27T18:58:05.810+0000] {docker.py:436} INFO - downloading https://repo1.maven.org/maven2/org/xerial/snappy/snappy-java/1.1.8.4/snappy-java-1.1.8.4.jar ...
[2024-06-27T18:58:06.042+0000] {docker.py:436} INFO - [SUCCESSFUL ] org.xerial.snappy#snappy-java;1.1.8.4!snappy-java.jar(bundle) (246ms)
[2024-06-27T18:58:06.054+0000] {docker.py:436} INFO - downloading https://repo1.maven.org/maven2/org/slf4j/slf4j-api/1.7.32/slf4j-api-1.7.32.jar ...
[2024-06-27T18:58:06.069+0000] {docker.py:436} INFO - [SUCCESSFUL ] org.slf4j#slf4j-api;1.7.32!slf4j-api.jar (26ms)
[2024-06-27T18:58:06.080+0000] {docker.py:436} INFO - downloading https://repo1.maven.org/maven2/org/apache/hadoop/hadoop-client-api/3.3.2/hadoop-client-api-3.3.2.jar ...
[2024-06-27T18:58:08.302+0000] {docker.py:436} INFO - [SUCCESSFUL ] org.apache.hadoop#hadoop-client-api;3.3.2!hadoop-client-api.jar (2231ms)
[2024-06-27T18:58:08.311+0000] {docker.py:436} INFO - downloading https://repo1.maven.org/maven2/commons-logging/commons-logging/1.1.3/commons-logging-1.1.3.jar ...
[2024-06-27T18:58:08.328+0000] {docker.py:436} INFO - [SUCCESSFUL ] commons-logging#commons-logging;1.1.3!commons-logging.jar (25ms)
[2024-06-27T18:58:08.328+0000] {docker.py:436} INFO - :: resolution report :: resolve 9762ms :: artifacts dl 8733ms
[2024-06-27T18:58:08.329+0000] {docker.py:436} INFO - :: modules in use:
[2024-06-27T18:58:08.329+0000] {docker.py:436} INFO - com.google.code.findbugs#jsr305;3.0.0 from central in [default]
	commons-logging#commons-logging;1.1.3 from central in [default]
[2024-06-27T18:58:08.330+0000] {docker.py:436} INFO - org.apache.commons#commons-pool2;2.11.1 from central in [default]
[2024-06-27T18:58:08.330+0000] {docker.py:436} INFO - org.apache.hadoop#hadoop-client-api;3.3.2 from central in [default]
	org.apache.hadoop#hadoop-client-runtime;3.3.2 from central in [default]
	org.apache.kafka#kafka-clients;2.8.1 from central in [default]
	org.apache.spark#spark-sql-kafka-0-10_2.12;3.3.0 from central in [default]
	org.apache.spark#spark-token-provider-kafka-0-10_2.12;3.3.0 from central in [default]
	org.lz4#lz4-java;1.8.0 from central in [default]
[2024-06-27T18:58:08.331+0000] {docker.py:436} INFO - org.postgresql#postgresql;42.2.2 from central in [default]
	org.slf4j#slf4j-api;1.7.32 from central in [default]
	org.spark-project.spark#unused;1.0.0 from central in [default]
	org.xerial.snappy#snappy-java;1.1.8.4 from central in [default]
[2024-06-27T18:58:08.331+0000] {docker.py:436} INFO - ---------------------------------------------------------------------
	|                  |            modules            ||   artifacts   |
	|       conf       | number| search|dwnlded|evicted|| number|dwnlded|
	---------------------------------------------------------------------
[2024-06-27T18:58:08.332+0000] {docker.py:436} INFO - |      default     |   13  |   13  |   13  |   0   ||   13  |   13  |
	---------------------------------------------------------------------
[2024-06-27T18:58:08.336+0000] {docker.py:436} INFO - :: retrieving :: org.apache.spark#spark-submit-parent-7f7fbc55-1319-4084-80a9-2bf244c757fe
[2024-06-27T18:58:08.337+0000] {docker.py:436} INFO - confs: [default]
[2024-06-27T18:58:08.412+0000] {docker.py:436} INFO - 13 artifacts copied, 0 already retrieved (57403kB/75ms)
[2024-06-27T18:58:08.694+0000] {docker.py:436} INFO - 24/06/27 18:58:08 WARN NativeCodeLoader: Unable to load native-hadoop library for your platform... using builtin-java classes where applicable
[2024-06-27T18:58:10.073+0000] {docker.py:436} INFO - 24/06/27 18:58:10 INFO SparkContext: Running Spark version 3.5.1
[2024-06-27T18:58:10.077+0000] {docker.py:436} INFO - 24/06/27 18:58:10 INFO SparkContext: OS info Linux, 6.5.0-41-generic, amd64
24/06/27 18:58:10 INFO SparkContext: Java version 17.0.11
[2024-06-27T18:58:10.108+0000] {docker.py:436} INFO - 24/06/27 18:58:10 INFO ResourceUtils: ==============================================================
[2024-06-27T18:58:10.109+0000] {docker.py:436} INFO - 24/06/27 18:58:10 INFO ResourceUtils: No custom resources configured for spark.driver.
[2024-06-27T18:58:10.109+0000] {docker.py:436} INFO - 24/06/27 18:58:10 INFO ResourceUtils: ==============================================================
[2024-06-27T18:58:10.110+0000] {docker.py:436} INFO - 24/06/27 18:58:10 INFO SparkContext: Submitted application: PostgreSQL Connection with PySpark
[2024-06-27T18:58:10.142+0000] {docker.py:436} INFO - 24/06/27 18:58:10 INFO ResourceProfile: Default ResourceProfile created, executor resources: Map(cores -> name: cores, amount: 1, script: , vendor: , memory -> name: memory, amount: 1024, script: , vendor: , offHeap -> name: offHeap, amount: 0, script: , vendor: ), task resources: Map(cpus -> name: cpus, amount: 1.0)
[2024-06-27T18:58:10.153+0000] {docker.py:436} INFO - 24/06/27 18:58:10 INFO ResourceProfile: Limiting resource is cpu
[2024-06-27T18:58:10.154+0000] {docker.py:436} INFO - 24/06/27 18:58:10 INFO ResourceProfileManager: Added ResourceProfile id: 0
[2024-06-27T18:58:10.224+0000] {docker.py:436} INFO - 24/06/27 18:58:10 INFO SecurityManager: Changing view acls to: spark
[2024-06-27T18:58:10.224+0000] {docker.py:436} INFO - 24/06/27 18:58:10 INFO SecurityManager: Changing modify acls to: spark
[2024-06-27T18:58:10.225+0000] {docker.py:436} INFO - 24/06/27 18:58:10 INFO SecurityManager: Changing view acls groups to:
[2024-06-27T18:58:10.226+0000] {docker.py:436} INFO - 24/06/27 18:58:10 INFO SecurityManager: Changing modify acls groups to:
[2024-06-27T18:58:10.227+0000] {docker.py:436} INFO - 24/06/27 18:58:10 INFO SecurityManager: SecurityManager: authentication disabled; ui acls disabled; users with view permissions: spark; groups with view permissions: EMPTY; users with modify permissions: spark; groups with modify permissions: EMPTY
[2024-06-27T18:58:10.580+0000] {docker.py:436} INFO - 24/06/27 18:58:10 INFO Utils: Successfully started service 'sparkDriver' on port 37017.
[2024-06-27T18:58:10.625+0000] {docker.py:436} INFO - 24/06/27 18:58:10 INFO SparkEnv: Registering MapOutputTracker
[2024-06-27T18:58:10.681+0000] {docker.py:436} INFO - 24/06/27 18:58:10 INFO SparkEnv: Registering BlockManagerMaster
[2024-06-27T18:58:10.710+0000] {docker.py:436} INFO - 24/06/27 18:58:10 INFO BlockManagerMasterEndpoint: Using org.apache.spark.storage.DefaultTopologyMapper for getting topology information
[2024-06-27T18:58:10.711+0000] {docker.py:436} INFO - 24/06/27 18:58:10 INFO BlockManagerMasterEndpoint: BlockManagerMasterEndpoint up
[2024-06-27T18:58:10.716+0000] {docker.py:436} INFO - 24/06/27 18:58:10 INFO SparkEnv: Registering BlockManagerMasterHeartbeat
[2024-06-27T18:58:10.739+0000] {docker.py:436} INFO - 24/06/27 18:58:10 INFO DiskBlockManager: Created local directory at /tmp/blockmgr-dd88e31b-897d-4882-a8fc-bbf0cd13b193
[2024-06-27T18:58:10.757+0000] {docker.py:436} INFO - 24/06/27 18:58:10 INFO MemoryStore: MemoryStore started with capacity 434.4 MiB
[2024-06-27T18:58:10.775+0000] {docker.py:436} INFO - 24/06/27 18:58:10 INFO SparkEnv: Registering OutputCommitCoordinator
[2024-06-27T18:58:10.967+0000] {docker.py:436} INFO - 24/06/27 18:58:10 INFO JettyUtils: Start Jetty 0.0.0.0:4040 for SparkUI
[2024-06-27T18:58:11.051+0000] {docker.py:436} INFO - 24/06/27 18:58:11 INFO Utils: Successfully started service 'SparkUI' on port 4040.
[2024-06-27T18:58:11.101+0000] {docker.py:436} INFO - 24/06/27 18:58:11 INFO SparkContext: Added JAR file:///opt/bitnami/spark/.ivy2/jars/org.apache.spark_spark-sql-kafka-0-10_2.12-3.3.0.jar at spark://localhost:37017/jars/org.apache.spark_spark-sql-kafka-0-10_2.12-3.3.0.jar with timestamp 1719514690062
[2024-06-27T18:58:11.102+0000] {docker.py:436} INFO - 24/06/27 18:58:11 INFO SparkContext: Added JAR file:///opt/bitnami/spark/.ivy2/jars/org.postgresql_postgresql-42.2.2.jar at spark://localhost:37017/jars/org.postgresql_postgresql-42.2.2.jar with timestamp 1719514690062
[2024-06-27T18:58:11.102+0000] {docker.py:436} INFO - 24/06/27 18:58:11 INFO SparkContext: Added JAR file:///opt/bitnami/spark/.ivy2/jars/org.apache.spark_spark-token-provider-kafka-0-10_2.12-3.3.0.jar at spark://localhost:37017/jars/org.apache.spark_spark-token-provider-kafka-0-10_2.12-3.3.0.jar with timestamp 1719514690062
[2024-06-27T18:58:11.103+0000] {docker.py:436} INFO - 24/06/27 18:58:11 INFO SparkContext: Added JAR file:///opt/bitnami/spark/.ivy2/jars/org.apache.kafka_kafka-clients-2.8.1.jar at spark://localhost:37017/jars/org.apache.kafka_kafka-clients-2.8.1.jar with timestamp 1719514690062
[2024-06-27T18:58:11.103+0000] {docker.py:436} INFO - 24/06/27 18:58:11 INFO SparkContext: Added JAR file:///opt/bitnami/spark/.ivy2/jars/com.google.code.findbugs_jsr305-3.0.0.jar at spark://localhost:37017/jars/com.google.code.findbugs_jsr305-3.0.0.jar with timestamp 1719514690062
[2024-06-27T18:58:11.104+0000] {docker.py:436} INFO - 24/06/27 18:58:11 INFO SparkContext: Added JAR file:///opt/bitnami/spark/.ivy2/jars/org.apache.commons_commons-pool2-2.11.1.jar at spark://localhost:37017/jars/org.apache.commons_commons-pool2-2.11.1.jar with timestamp 1719514690062
[2024-06-27T18:58:11.105+0000] {docker.py:436} INFO - 24/06/27 18:58:11 INFO SparkContext: Added JAR file:///opt/bitnami/spark/.ivy2/jars/org.spark-project.spark_unused-1.0.0.jar at spark://localhost:37017/jars/org.spark-project.spark_unused-1.0.0.jar with timestamp 1719514690062
[2024-06-27T18:58:11.106+0000] {docker.py:436} INFO - 24/06/27 18:58:11 INFO SparkContext: Added JAR file:///opt/bitnami/spark/.ivy2/jars/org.apache.hadoop_hadoop-client-runtime-3.3.2.jar at spark://localhost:37017/jars/org.apache.hadoop_hadoop-client-runtime-3.3.2.jar with timestamp 1719514690062
[2024-06-27T18:58:11.107+0000] {docker.py:436} INFO - 24/06/27 18:58:11 INFO SparkContext: Added JAR file:///opt/bitnami/spark/.ivy2/jars/org.lz4_lz4-java-1.8.0.jar at spark://localhost:37017/jars/org.lz4_lz4-java-1.8.0.jar with timestamp 1719514690062
[2024-06-27T18:58:11.108+0000] {docker.py:436} INFO - 24/06/27 18:58:11 INFO SparkContext: Added JAR file:///opt/bitnami/spark/.ivy2/jars/org.xerial.snappy_snappy-java-1.1.8.4.jar at spark://localhost:37017/jars/org.xerial.snappy_snappy-java-1.1.8.4.jar with timestamp 1719514690062
[2024-06-27T18:58:11.109+0000] {docker.py:436} INFO - 24/06/27 18:58:11 INFO SparkContext: Added JAR file:///opt/bitnami/spark/.ivy2/jars/org.slf4j_slf4j-api-1.7.32.jar at spark://localhost:37017/jars/org.slf4j_slf4j-api-1.7.32.jar with timestamp 1719514690062
[2024-06-27T18:58:11.109+0000] {docker.py:436} INFO - 24/06/27 18:58:11 INFO SparkContext: Added JAR file:///opt/bitnami/spark/.ivy2/jars/org.apache.hadoop_hadoop-client-api-3.3.2.jar at spark://localhost:37017/jars/org.apache.hadoop_hadoop-client-api-3.3.2.jar with timestamp 1719514690062
[2024-06-27T18:58:11.110+0000] {docker.py:436} INFO - 24/06/27 18:58:11 INFO SparkContext: Added JAR file:///opt/bitnami/spark/.ivy2/jars/commons-logging_commons-logging-1.1.3.jar at spark://localhost:37017/jars/commons-logging_commons-logging-1.1.3.jar with timestamp 1719514690062
[2024-06-27T18:58:11.111+0000] {docker.py:436} INFO - 24/06/27 18:58:11 INFO SparkContext: Added file file:///opt/bitnami/spark/.ivy2/jars/org.apache.spark_spark-sql-kafka-0-10_2.12-3.3.0.jar at file:///opt/bitnami/spark/.ivy2/jars/org.apache.spark_spark-sql-kafka-0-10_2.12-3.3.0.jar with timestamp 1719514690062
[2024-06-27T18:58:11.116+0000] {docker.py:436} INFO - 24/06/27 18:58:11 INFO Utils: Copying /opt/bitnami/spark/.ivy2/jars/org.apache.spark_spark-sql-kafka-0-10_2.12-3.3.0.jar to /tmp/spark-ad98da06-f20c-4680-bdd8-f1da26e63008/userFiles-9fe5ad3a-b7ac-4ff6-9200-56edefd0b744/org.apache.spark_spark-sql-kafka-0-10_2.12-3.3.0.jar
[2024-06-27T18:58:11.127+0000] {docker.py:436} INFO - 24/06/27 18:58:11 INFO SparkContext: Added file file:///opt/bitnami/spark/.ivy2/jars/org.postgresql_postgresql-42.2.2.jar at file:///opt/bitnami/spark/.ivy2/jars/org.postgresql_postgresql-42.2.2.jar with timestamp 1719514690062
[2024-06-27T18:58:11.128+0000] {docker.py:436} INFO - 24/06/27 18:58:11 INFO Utils: Copying /opt/bitnami/spark/.ivy2/jars/org.postgresql_postgresql-42.2.2.jar to /tmp/spark-ad98da06-f20c-4680-bdd8-f1da26e63008/userFiles-9fe5ad3a-b7ac-4ff6-9200-56edefd0b744/org.postgresql_postgresql-42.2.2.jar
[2024-06-27T18:58:11.133+0000] {docker.py:436} INFO - 24/06/27 18:58:11 INFO SparkContext: Added file file:///opt/bitnami/spark/.ivy2/jars/org.apache.spark_spark-token-provider-kafka-0-10_2.12-3.3.0.jar at file:///opt/bitnami/spark/.ivy2/jars/org.apache.spark_spark-token-provider-kafka-0-10_2.12-3.3.0.jar with timestamp 1719514690062
[2024-06-27T18:58:11.134+0000] {docker.py:436} INFO - 24/06/27 18:58:11 INFO Utils: Copying /opt/bitnami/spark/.ivy2/jars/org.apache.spark_spark-token-provider-kafka-0-10_2.12-3.3.0.jar to /tmp/spark-ad98da06-f20c-4680-bdd8-f1da26e63008/userFiles-9fe5ad3a-b7ac-4ff6-9200-56edefd0b744/org.apache.spark_spark-token-provider-kafka-0-10_2.12-3.3.0.jar
[2024-06-27T18:58:11.140+0000] {docker.py:436} INFO - 24/06/27 18:58:11 INFO SparkContext: Added file file:///opt/bitnami/spark/.ivy2/jars/org.apache.kafka_kafka-clients-2.8.1.jar at file:///opt/bitnami/spark/.ivy2/jars/org.apache.kafka_kafka-clients-2.8.1.jar with timestamp 1719514690062
24/06/27 18:58:11 INFO Utils: Copying /opt/bitnami/spark/.ivy2/jars/org.apache.kafka_kafka-clients-2.8.1.jar to /tmp/spark-ad98da06-f20c-4680-bdd8-f1da26e63008/userFiles-9fe5ad3a-b7ac-4ff6-9200-56edefd0b744/org.apache.kafka_kafka-clients-2.8.1.jar
[2024-06-27T18:58:11.150+0000] {docker.py:436} INFO - 24/06/27 18:58:11 INFO SparkContext: Added file file:///opt/bitnami/spark/.ivy2/jars/com.google.code.findbugs_jsr305-3.0.0.jar at file:///opt/bitnami/spark/.ivy2/jars/com.google.code.findbugs_jsr305-3.0.0.jar with timestamp 1719514690062
[2024-06-27T18:58:11.151+0000] {docker.py:436} INFO - 24/06/27 18:58:11 INFO Utils: Copying /opt/bitnami/spark/.ivy2/jars/com.google.code.findbugs_jsr305-3.0.0.jar to /tmp/spark-ad98da06-f20c-4680-bdd8-f1da26e63008/userFiles-9fe5ad3a-b7ac-4ff6-9200-56edefd0b744/com.google.code.findbugs_jsr305-3.0.0.jar
[2024-06-27T18:58:11.154+0000] {docker.py:436} INFO - 24/06/27 18:58:11 INFO SparkContext: Added file file:///opt/bitnami/spark/.ivy2/jars/org.apache.commons_commons-pool2-2.11.1.jar at file:///opt/bitnami/spark/.ivy2/jars/org.apache.commons_commons-pool2-2.11.1.jar with timestamp 1719514690062
[2024-06-27T18:58:11.156+0000] {docker.py:436} INFO - 24/06/27 18:58:11 INFO Utils: Copying /opt/bitnami/spark/.ivy2/jars/org.apache.commons_commons-pool2-2.11.1.jar to /tmp/spark-ad98da06-f20c-4680-bdd8-f1da26e63008/userFiles-9fe5ad3a-b7ac-4ff6-9200-56edefd0b744/org.apache.commons_commons-pool2-2.11.1.jar
[2024-06-27T18:58:11.164+0000] {docker.py:436} INFO - 24/06/27 18:58:11 INFO SparkContext: Added file file:///opt/bitnami/spark/.ivy2/jars/org.spark-project.spark_unused-1.0.0.jar at file:///opt/bitnami/spark/.ivy2/jars/org.spark-project.spark_unused-1.0.0.jar with timestamp 1719514690062
[2024-06-27T18:58:11.165+0000] {docker.py:436} INFO - 24/06/27 18:58:11 INFO Utils: Copying /opt/bitnami/spark/.ivy2/jars/org.spark-project.spark_unused-1.0.0.jar to /tmp/spark-ad98da06-f20c-4680-bdd8-f1da26e63008/userFiles-9fe5ad3a-b7ac-4ff6-9200-56edefd0b744/org.spark-project.spark_unused-1.0.0.jar
[2024-06-27T18:58:11.169+0000] {docker.py:436} INFO - 24/06/27 18:58:11 INFO SparkContext: Added file file:///opt/bitnami/spark/.ivy2/jars/org.apache.hadoop_hadoop-client-runtime-3.3.2.jar at file:///opt/bitnami/spark/.ivy2/jars/org.apache.hadoop_hadoop-client-runtime-3.3.2.jar with timestamp 1719514690062
[2024-06-27T18:58:11.170+0000] {docker.py:436} INFO - 24/06/27 18:58:11 INFO Utils: Copying /opt/bitnami/spark/.ivy2/jars/org.apache.hadoop_hadoop-client-runtime-3.3.2.jar to /tmp/spark-ad98da06-f20c-4680-bdd8-f1da26e63008/userFiles-9fe5ad3a-b7ac-4ff6-9200-56edefd0b744/org.apache.hadoop_hadoop-client-runtime-3.3.2.jar
[2024-06-27T18:58:11.198+0000] {docker.py:436} INFO - 24/06/27 18:58:11 INFO SparkContext: Added file file:///opt/bitnami/spark/.ivy2/jars/org.lz4_lz4-java-1.8.0.jar at file:///opt/bitnami/spark/.ivy2/jars/org.lz4_lz4-java-1.8.0.jar with timestamp 1719514690062
[2024-06-27T18:58:11.199+0000] {docker.py:436} INFO - 24/06/27 18:58:11 INFO Utils: Copying /opt/bitnami/spark/.ivy2/jars/org.lz4_lz4-java-1.8.0.jar to /tmp/spark-ad98da06-f20c-4680-bdd8-f1da26e63008/userFiles-9fe5ad3a-b7ac-4ff6-9200-56edefd0b744/org.lz4_lz4-java-1.8.0.jar
[2024-06-27T18:58:11.203+0000] {docker.py:436} INFO - 24/06/27 18:58:11 INFO SparkContext: Added file file:///opt/bitnami/spark/.ivy2/jars/org.xerial.snappy_snappy-java-1.1.8.4.jar at file:///opt/bitnami/spark/.ivy2/jars/org.xerial.snappy_snappy-java-1.1.8.4.jar with timestamp 1719514690062
[2024-06-27T18:58:11.204+0000] {docker.py:436} INFO - 24/06/27 18:58:11 INFO Utils: Copying /opt/bitnami/spark/.ivy2/jars/org.xerial.snappy_snappy-java-1.1.8.4.jar to /tmp/spark-ad98da06-f20c-4680-bdd8-f1da26e63008/userFiles-9fe5ad3a-b7ac-4ff6-9200-56edefd0b744/org.xerial.snappy_snappy-java-1.1.8.4.jar
[2024-06-27T18:58:11.210+0000] {docker.py:436} INFO - 24/06/27 18:58:11 INFO SparkContext: Added file file:///opt/bitnami/spark/.ivy2/jars/org.slf4j_slf4j-api-1.7.32.jar at file:///opt/bitnami/spark/.ivy2/jars/org.slf4j_slf4j-api-1.7.32.jar with timestamp 1719514690062
[2024-06-27T18:58:11.211+0000] {docker.py:436} INFO - 24/06/27 18:58:11 INFO Utils: Copying /opt/bitnami/spark/.ivy2/jars/org.slf4j_slf4j-api-1.7.32.jar to /tmp/spark-ad98da06-f20c-4680-bdd8-f1da26e63008/userFiles-9fe5ad3a-b7ac-4ff6-9200-56edefd0b744/org.slf4j_slf4j-api-1.7.32.jar
[2024-06-27T18:58:11.215+0000] {docker.py:436} INFO - 24/06/27 18:58:11 INFO SparkContext: Added file file:///opt/bitnami/spark/.ivy2/jars/org.apache.hadoop_hadoop-client-api-3.3.2.jar at file:///opt/bitnami/spark/.ivy2/jars/org.apache.hadoop_hadoop-client-api-3.3.2.jar with timestamp 1719514690062
[2024-06-27T18:58:11.216+0000] {docker.py:436} INFO - 24/06/27 18:58:11 INFO Utils: Copying /opt/bitnami/spark/.ivy2/jars/org.apache.hadoop_hadoop-client-api-3.3.2.jar to /tmp/spark-ad98da06-f20c-4680-bdd8-f1da26e63008/userFiles-9fe5ad3a-b7ac-4ff6-9200-56edefd0b744/org.apache.hadoop_hadoop-client-api-3.3.2.jar
[2024-06-27T18:58:11.236+0000] {docker.py:436} INFO - 24/06/27 18:58:11 INFO SparkContext: Added file file:///opt/bitnami/spark/.ivy2/jars/commons-logging_commons-logging-1.1.3.jar at file:///opt/bitnami/spark/.ivy2/jars/commons-logging_commons-logging-1.1.3.jar with timestamp 1719514690062
[2024-06-27T18:58:11.237+0000] {docker.py:436} INFO - 24/06/27 18:58:11 INFO Utils: Copying /opt/bitnami/spark/.ivy2/jars/commons-logging_commons-logging-1.1.3.jar to /tmp/spark-ad98da06-f20c-4680-bdd8-f1da26e63008/userFiles-9fe5ad3a-b7ac-4ff6-9200-56edefd0b744/commons-logging_commons-logging-1.1.3.jar
[2024-06-27T18:58:11.333+0000] {docker.py:436} INFO - 24/06/27 18:58:11 INFO Executor: Starting executor ID driver on host localhost
[2024-06-27T18:58:11.334+0000] {docker.py:436} INFO - 24/06/27 18:58:11 INFO Executor: OS info Linux, 6.5.0-41-generic, amd64
[2024-06-27T18:58:11.335+0000] {docker.py:436} INFO - 24/06/27 18:58:11 INFO Executor: Java version 17.0.11
[2024-06-27T18:58:11.347+0000] {docker.py:436} INFO - 24/06/27 18:58:11 INFO Executor: Starting executor with user classpath (userClassPathFirst = false): ''
[2024-06-27T18:58:11.349+0000] {docker.py:436} INFO - 24/06/27 18:58:11 INFO Executor: Created or updated repl class loader org.apache.spark.util.MutableURLClassLoader@2e9580f1 for default.
[2024-06-27T18:58:11.366+0000] {docker.py:436} INFO - 24/06/27 18:58:11 INFO Executor: Fetching file:///opt/bitnami/spark/.ivy2/jars/org.postgresql_postgresql-42.2.2.jar with timestamp 1719514690062
[2024-06-27T18:58:11.398+0000] {docker.py:436} INFO - 24/06/27 18:58:11 INFO Utils: /opt/bitnami/spark/.ivy2/jars/org.postgresql_postgresql-42.2.2.jar has been previously copied to /tmp/spark-ad98da06-f20c-4680-bdd8-f1da26e63008/userFiles-9fe5ad3a-b7ac-4ff6-9200-56edefd0b744/org.postgresql_postgresql-42.2.2.jar
[2024-06-27T18:58:11.402+0000] {docker.py:436} INFO - 24/06/27 18:58:11 INFO Executor: Fetching file:///opt/bitnami/spark/.ivy2/jars/org.apache.hadoop_hadoop-client-api-3.3.2.jar with timestamp 1719514690062
[2024-06-27T18:58:11.422+0000] {docker.py:436} INFO - 24/06/27 18:58:11 INFO Utils: /opt/bitnami/spark/.ivy2/jars/org.apache.hadoop_hadoop-client-api-3.3.2.jar has been previously copied to /tmp/spark-ad98da06-f20c-4680-bdd8-f1da26e63008/userFiles-9fe5ad3a-b7ac-4ff6-9200-56edefd0b744/org.apache.hadoop_hadoop-client-api-3.3.2.jar
[2024-06-27T18:58:11.427+0000] {docker.py:436} INFO - 24/06/27 18:58:11 INFO Executor: Fetching file:///opt/bitnami/spark/.ivy2/jars/org.xerial.snappy_snappy-java-1.1.8.4.jar with timestamp 1719514690062
[2024-06-27T18:58:11.429+0000] {docker.py:436} INFO - 24/06/27 18:58:11 INFO Utils: /opt/bitnami/spark/.ivy2/jars/org.xerial.snappy_snappy-java-1.1.8.4.jar has been previously copied to /tmp/spark-ad98da06-f20c-4680-bdd8-f1da26e63008/userFiles-9fe5ad3a-b7ac-4ff6-9200-56edefd0b744/org.xerial.snappy_snappy-java-1.1.8.4.jar
[2024-06-27T18:58:11.434+0000] {docker.py:436} INFO - 24/06/27 18:58:11 INFO Executor: Fetching file:///opt/bitnami/spark/.ivy2/jars/org.apache.hadoop_hadoop-client-runtime-3.3.2.jar with timestamp 1719514690062
[2024-06-27T18:58:11.476+0000] {docker.py:436} INFO - 24/06/27 18:58:11 INFO Utils: /opt/bitnami/spark/.ivy2/jars/org.apache.hadoop_hadoop-client-runtime-3.3.2.jar has been previously copied to /tmp/spark-ad98da06-f20c-4680-bdd8-f1da26e63008/userFiles-9fe5ad3a-b7ac-4ff6-9200-56edefd0b744/org.apache.hadoop_hadoop-client-runtime-3.3.2.jar
[2024-06-27T18:58:11.481+0000] {docker.py:436} INFO - 24/06/27 18:58:11 INFO Executor: Fetching file:///opt/bitnami/spark/.ivy2/jars/org.apache.commons_commons-pool2-2.11.1.jar with timestamp 1719514690062
[2024-06-27T18:58:11.482+0000] {docker.py:436} INFO - 24/06/27 18:58:11 INFO Utils: /opt/bitnami/spark/.ivy2/jars/org.apache.commons_commons-pool2-2.11.1.jar has been previously copied to /tmp/spark-ad98da06-f20c-4680-bdd8-f1da26e63008/userFiles-9fe5ad3a-b7ac-4ff6-9200-56edefd0b744/org.apache.commons_commons-pool2-2.11.1.jar
[2024-06-27T18:58:11.486+0000] {docker.py:436} INFO - 24/06/27 18:58:11 INFO Executor: Fetching file:///opt/bitnami/spark/.ivy2/jars/org.apache.spark_spark-token-provider-kafka-0-10_2.12-3.3.0.jar with timestamp 1719514690062
[2024-06-27T18:58:11.487+0000] {docker.py:436} INFO - 24/06/27 18:58:11 INFO Utils: /opt/bitnami/spark/.ivy2/jars/org.apache.spark_spark-token-provider-kafka-0-10_2.12-3.3.0.jar has been previously copied to /tmp/spark-ad98da06-f20c-4680-bdd8-f1da26e63008/userFiles-9fe5ad3a-b7ac-4ff6-9200-56edefd0b744/org.apache.spark_spark-token-provider-kafka-0-10_2.12-3.3.0.jar
[2024-06-27T18:58:11.493+0000] {docker.py:436} INFO - 24/06/27 18:58:11 INFO Executor: Fetching file:///opt/bitnami/spark/.ivy2/jars/org.slf4j_slf4j-api-1.7.32.jar with timestamp 1719514690062
[2024-06-27T18:58:11.493+0000] {docker.py:436} INFO - 24/06/27 18:58:11 INFO Utils: /opt/bitnami/spark/.ivy2/jars/org.slf4j_slf4j-api-1.7.32.jar has been previously copied to /tmp/spark-ad98da06-f20c-4680-bdd8-f1da26e63008/userFiles-9fe5ad3a-b7ac-4ff6-9200-56edefd0b744/org.slf4j_slf4j-api-1.7.32.jar
[2024-06-27T18:58:11.498+0000] {docker.py:436} INFO - 24/06/27 18:58:11 INFO Executor: Fetching file:///opt/bitnami/spark/.ivy2/jars/org.apache.spark_spark-sql-kafka-0-10_2.12-3.3.0.jar with timestamp 1719514690062
[2024-06-27T18:58:11.500+0000] {docker.py:436} INFO - 24/06/27 18:58:11 INFO Utils: /opt/bitnami/spark/.ivy2/jars/org.apache.spark_spark-sql-kafka-0-10_2.12-3.3.0.jar has been previously copied to /tmp/spark-ad98da06-f20c-4680-bdd8-f1da26e63008/userFiles-9fe5ad3a-b7ac-4ff6-9200-56edefd0b744/org.apache.spark_spark-sql-kafka-0-10_2.12-3.3.0.jar
[2024-06-27T18:58:11.504+0000] {docker.py:436} INFO - 24/06/27 18:58:11 INFO Executor: Fetching file:///opt/bitnami/spark/.ivy2/jars/com.google.code.findbugs_jsr305-3.0.0.jar with timestamp 1719514690062
[2024-06-27T18:58:11.505+0000] {docker.py:436} INFO - 24/06/27 18:58:11 INFO Utils: /opt/bitnami/spark/.ivy2/jars/com.google.code.findbugs_jsr305-3.0.0.jar has been previously copied to /tmp/spark-ad98da06-f20c-4680-bdd8-f1da26e63008/userFiles-9fe5ad3a-b7ac-4ff6-9200-56edefd0b744/com.google.code.findbugs_jsr305-3.0.0.jar
[2024-06-27T18:58:11.510+0000] {docker.py:436} INFO - 24/06/27 18:58:11 INFO Executor: Fetching file:///opt/bitnami/spark/.ivy2/jars/org.lz4_lz4-java-1.8.0.jar with timestamp 1719514690062
[2024-06-27T18:58:11.512+0000] {docker.py:436} INFO - 24/06/27 18:58:11 INFO Utils: /opt/bitnami/spark/.ivy2/jars/org.lz4_lz4-java-1.8.0.jar has been previously copied to /tmp/spark-ad98da06-f20c-4680-bdd8-f1da26e63008/userFiles-9fe5ad3a-b7ac-4ff6-9200-56edefd0b744/org.lz4_lz4-java-1.8.0.jar
[2024-06-27T18:58:11.517+0000] {docker.py:436} INFO - 24/06/27 18:58:11 INFO Executor: Fetching file:///opt/bitnami/spark/.ivy2/jars/commons-logging_commons-logging-1.1.3.jar with timestamp 1719514690062
[2024-06-27T18:58:11.517+0000] {docker.py:436} INFO - 24/06/27 18:58:11 INFO Utils: /opt/bitnami/spark/.ivy2/jars/commons-logging_commons-logging-1.1.3.jar has been previously copied to /tmp/spark-ad98da06-f20c-4680-bdd8-f1da26e63008/userFiles-9fe5ad3a-b7ac-4ff6-9200-56edefd0b744/commons-logging_commons-logging-1.1.3.jar
[2024-06-27T18:58:11.522+0000] {docker.py:436} INFO - 24/06/27 18:58:11 INFO Executor: Fetching file:///opt/bitnami/spark/.ivy2/jars/org.spark-project.spark_unused-1.0.0.jar with timestamp 1719514690062
[2024-06-27T18:58:11.523+0000] {docker.py:436} INFO - 24/06/27 18:58:11 INFO Utils: /opt/bitnami/spark/.ivy2/jars/org.spark-project.spark_unused-1.0.0.jar has been previously copied to /tmp/spark-ad98da06-f20c-4680-bdd8-f1da26e63008/userFiles-9fe5ad3a-b7ac-4ff6-9200-56edefd0b744/org.spark-project.spark_unused-1.0.0.jar
[2024-06-27T18:58:11.528+0000] {docker.py:436} INFO - 24/06/27 18:58:11 INFO Executor: Fetching file:///opt/bitnami/spark/.ivy2/jars/org.apache.kafka_kafka-clients-2.8.1.jar with timestamp 1719514690062
[2024-06-27T18:58:11.534+0000] {docker.py:436} INFO - 24/06/27 18:58:11 INFO Utils: /opt/bitnami/spark/.ivy2/jars/org.apache.kafka_kafka-clients-2.8.1.jar has been previously copied to /tmp/spark-ad98da06-f20c-4680-bdd8-f1da26e63008/userFiles-9fe5ad3a-b7ac-4ff6-9200-56edefd0b744/org.apache.kafka_kafka-clients-2.8.1.jar
[2024-06-27T18:58:11.541+0000] {docker.py:436} INFO - 24/06/27 18:58:11 INFO Executor: Fetching spark://localhost:37017/jars/org.postgresql_postgresql-42.2.2.jar with timestamp 1719514690062
[2024-06-27T18:58:11.591+0000] {docker.py:436} INFO - 24/06/27 18:58:11 INFO TransportClientFactory: Successfully created connection to localhost/127.0.0.1:37017 after 35 ms (0 ms spent in bootstraps)
[2024-06-27T18:58:11.601+0000] {docker.py:436} INFO - 24/06/27 18:58:11 INFO Utils: Fetching spark://localhost:37017/jars/org.postgresql_postgresql-42.2.2.jar to /tmp/spark-ad98da06-f20c-4680-bdd8-f1da26e63008/userFiles-9fe5ad3a-b7ac-4ff6-9200-56edefd0b744/fetchFileTemp5677108579378438502.tmp
[2024-06-27T18:58:11.651+0000] {docker.py:436} INFO - 24/06/27 18:58:11 INFO Utils: /tmp/spark-ad98da06-f20c-4680-bdd8-f1da26e63008/userFiles-9fe5ad3a-b7ac-4ff6-9200-56edefd0b744/fetchFileTemp5677108579378438502.tmp has been previously copied to /tmp/spark-ad98da06-f20c-4680-bdd8-f1da26e63008/userFiles-9fe5ad3a-b7ac-4ff6-9200-56edefd0b744/org.postgresql_postgresql-42.2.2.jar
[2024-06-27T18:58:11.655+0000] {docker.py:436} INFO - 24/06/27 18:58:11 INFO Executor: Adding file:/tmp/spark-ad98da06-f20c-4680-bdd8-f1da26e63008/userFiles-9fe5ad3a-b7ac-4ff6-9200-56edefd0b744/org.postgresql_postgresql-42.2.2.jar to class loader default
[2024-06-27T18:58:11.656+0000] {docker.py:436} INFO - 24/06/27 18:58:11 INFO Executor: Fetching spark://localhost:37017/jars/org.slf4j_slf4j-api-1.7.32.jar with timestamp 1719514690062
[2024-06-27T18:58:11.658+0000] {docker.py:436} INFO - 24/06/27 18:58:11 INFO Utils: Fetching spark://localhost:37017/jars/org.slf4j_slf4j-api-1.7.32.jar to /tmp/spark-ad98da06-f20c-4680-bdd8-f1da26e63008/userFiles-9fe5ad3a-b7ac-4ff6-9200-56edefd0b744/fetchFileTemp17545402214539893497.tmp
[2024-06-27T18:58:11.661+0000] {docker.py:436} INFO - 24/06/27 18:58:11 INFO Utils: /tmp/spark-ad98da06-f20c-4680-bdd8-f1da26e63008/userFiles-9fe5ad3a-b7ac-4ff6-9200-56edefd0b744/fetchFileTemp17545402214539893497.tmp has been previously copied to /tmp/spark-ad98da06-f20c-4680-bdd8-f1da26e63008/userFiles-9fe5ad3a-b7ac-4ff6-9200-56edefd0b744/org.slf4j_slf4j-api-1.7.32.jar
[2024-06-27T18:58:11.666+0000] {docker.py:436} INFO - 24/06/27 18:58:11 INFO Executor: Adding file:/tmp/spark-ad98da06-f20c-4680-bdd8-f1da26e63008/userFiles-9fe5ad3a-b7ac-4ff6-9200-56edefd0b744/org.slf4j_slf4j-api-1.7.32.jar to class loader default
[2024-06-27T18:58:11.667+0000] {docker.py:436} INFO - 24/06/27 18:58:11 INFO Executor: Fetching spark://localhost:37017/jars/org.apache.spark_spark-sql-kafka-0-10_2.12-3.3.0.jar with timestamp 1719514690062
[2024-06-27T18:58:11.668+0000] {docker.py:436} INFO - 24/06/27 18:58:11 INFO Utils: Fetching spark://localhost:37017/jars/org.apache.spark_spark-sql-kafka-0-10_2.12-3.3.0.jar to /tmp/spark-ad98da06-f20c-4680-bdd8-f1da26e63008/userFiles-9fe5ad3a-b7ac-4ff6-9200-56edefd0b744/fetchFileTemp16381209944657058793.tmp
[2024-06-27T18:58:11.672+0000] {docker.py:436} INFO - 24/06/27 18:58:11 INFO Utils: /tmp/spark-ad98da06-f20c-4680-bdd8-f1da26e63008/userFiles-9fe5ad3a-b7ac-4ff6-9200-56edefd0b744/fetchFileTemp16381209944657058793.tmp has been previously copied to /tmp/spark-ad98da06-f20c-4680-bdd8-f1da26e63008/userFiles-9fe5ad3a-b7ac-4ff6-9200-56edefd0b744/org.apache.spark_spark-sql-kafka-0-10_2.12-3.3.0.jar
[2024-06-27T18:58:11.678+0000] {docker.py:436} INFO - 24/06/27 18:58:11 INFO Executor: Adding file:/tmp/spark-ad98da06-f20c-4680-bdd8-f1da26e63008/userFiles-9fe5ad3a-b7ac-4ff6-9200-56edefd0b744/org.apache.spark_spark-sql-kafka-0-10_2.12-3.3.0.jar to class loader default
[2024-06-27T18:58:11.679+0000] {docker.py:436} INFO - 24/06/27 18:58:11 INFO Executor: Fetching spark://localhost:37017/jars/org.apache.hadoop_hadoop-client-api-3.3.2.jar with timestamp 1719514690062
24/06/27 18:58:11 INFO Utils: Fetching spark://localhost:37017/jars/org.apache.hadoop_hadoop-client-api-3.3.2.jar to /tmp/spark-ad98da06-f20c-4680-bdd8-f1da26e63008/userFiles-9fe5ad3a-b7ac-4ff6-9200-56edefd0b744/fetchFileTemp8946649786523888470.tmp
[2024-06-27T18:58:11.835+0000] {docker.py:436} INFO - 24/06/27 18:58:11 INFO Utils: /tmp/spark-ad98da06-f20c-4680-bdd8-f1da26e63008/userFiles-9fe5ad3a-b7ac-4ff6-9200-56edefd0b744/fetchFileTemp8946649786523888470.tmp has been previously copied to /tmp/spark-ad98da06-f20c-4680-bdd8-f1da26e63008/userFiles-9fe5ad3a-b7ac-4ff6-9200-56edefd0b744/org.apache.hadoop_hadoop-client-api-3.3.2.jar
[2024-06-27T18:58:11.843+0000] {docker.py:436} INFO - 24/06/27 18:58:11 INFO Executor: Adding file:/tmp/spark-ad98da06-f20c-4680-bdd8-f1da26e63008/userFiles-9fe5ad3a-b7ac-4ff6-9200-56edefd0b744/org.apache.hadoop_hadoop-client-api-3.3.2.jar to class loader default
[2024-06-27T18:58:11.844+0000] {docker.py:436} INFO - 24/06/27 18:58:11 INFO Executor: Fetching spark://localhost:37017/jars/com.google.code.findbugs_jsr305-3.0.0.jar with timestamp 1719514690062
[2024-06-27T18:58:11.845+0000] {docker.py:436} INFO - 24/06/27 18:58:11 INFO Utils: Fetching spark://localhost:37017/jars/com.google.code.findbugs_jsr305-3.0.0.jar to /tmp/spark-ad98da06-f20c-4680-bdd8-f1da26e63008/userFiles-9fe5ad3a-b7ac-4ff6-9200-56edefd0b744/fetchFileTemp12380351848493682881.tmp
[2024-06-27T18:58:11.847+0000] {docker.py:436} INFO - 24/06/27 18:58:11 INFO Utils: /tmp/spark-ad98da06-f20c-4680-bdd8-f1da26e63008/userFiles-9fe5ad3a-b7ac-4ff6-9200-56edefd0b744/fetchFileTemp12380351848493682881.tmp has been previously copied to /tmp/spark-ad98da06-f20c-4680-bdd8-f1da26e63008/userFiles-9fe5ad3a-b7ac-4ff6-9200-56edefd0b744/com.google.code.findbugs_jsr305-3.0.0.jar
[2024-06-27T18:58:11.852+0000] {docker.py:436} INFO - 24/06/27 18:58:11 INFO Executor: Adding file:/tmp/spark-ad98da06-f20c-4680-bdd8-f1da26e63008/userFiles-9fe5ad3a-b7ac-4ff6-9200-56edefd0b744/com.google.code.findbugs_jsr305-3.0.0.jar to class loader default
[2024-06-27T18:58:11.852+0000] {docker.py:436} INFO - 24/06/27 18:58:11 INFO Executor: Fetching spark://localhost:37017/jars/org.apache.commons_commons-pool2-2.11.1.jar with timestamp 1719514690062
[2024-06-27T18:58:11.853+0000] {docker.py:436} INFO - 24/06/27 18:58:11 INFO Utils: Fetching spark://localhost:37017/jars/org.apache.commons_commons-pool2-2.11.1.jar to /tmp/spark-ad98da06-f20c-4680-bdd8-f1da26e63008/userFiles-9fe5ad3a-b7ac-4ff6-9200-56edefd0b744/fetchFileTemp17347777987021182951.tmp
[2024-06-27T18:58:11.857+0000] {docker.py:436} INFO - 24/06/27 18:58:11 INFO Utils: /tmp/spark-ad98da06-f20c-4680-bdd8-f1da26e63008/userFiles-9fe5ad3a-b7ac-4ff6-9200-56edefd0b744/fetchFileTemp17347777987021182951.tmp has been previously copied to /tmp/spark-ad98da06-f20c-4680-bdd8-f1da26e63008/userFiles-9fe5ad3a-b7ac-4ff6-9200-56edefd0b744/org.apache.commons_commons-pool2-2.11.1.jar
[2024-06-27T18:58:11.862+0000] {docker.py:436} INFO - 24/06/27 18:58:11 INFO Executor: Adding file:/tmp/spark-ad98da06-f20c-4680-bdd8-f1da26e63008/userFiles-9fe5ad3a-b7ac-4ff6-9200-56edefd0b744/org.apache.commons_commons-pool2-2.11.1.jar to class loader default
[2024-06-27T18:58:11.863+0000] {docker.py:436} INFO - 24/06/27 18:58:11 INFO Executor: Fetching spark://localhost:37017/jars/org.lz4_lz4-java-1.8.0.jar with timestamp 1719514690062
[2024-06-27T18:58:11.864+0000] {docker.py:436} INFO - 24/06/27 18:58:11 INFO Utils: Fetching spark://localhost:37017/jars/org.lz4_lz4-java-1.8.0.jar to /tmp/spark-ad98da06-f20c-4680-bdd8-f1da26e63008/userFiles-9fe5ad3a-b7ac-4ff6-9200-56edefd0b744/fetchFileTemp18102293995610662394.tmp
[2024-06-27T18:58:11.870+0000] {docker.py:436} INFO - 24/06/27 18:58:11 INFO Utils: /tmp/spark-ad98da06-f20c-4680-bdd8-f1da26e63008/userFiles-9fe5ad3a-b7ac-4ff6-9200-56edefd0b744/fetchFileTemp18102293995610662394.tmp has been previously copied to /tmp/spark-ad98da06-f20c-4680-bdd8-f1da26e63008/userFiles-9fe5ad3a-b7ac-4ff6-9200-56edefd0b744/org.lz4_lz4-java-1.8.0.jar
[2024-06-27T18:58:11.875+0000] {docker.py:436} INFO - 24/06/27 18:58:11 INFO Executor: Adding file:/tmp/spark-ad98da06-f20c-4680-bdd8-f1da26e63008/userFiles-9fe5ad3a-b7ac-4ff6-9200-56edefd0b744/org.lz4_lz4-java-1.8.0.jar to class loader default
[2024-06-27T18:58:11.876+0000] {docker.py:436} INFO - 24/06/27 18:58:11 INFO Executor: Fetching spark://localhost:37017/jars/commons-logging_commons-logging-1.1.3.jar with timestamp 1719514690062
[2024-06-27T18:58:11.881+0000] {docker.py:436} INFO - 24/06/27 18:58:11 INFO Utils: Fetching spark://localhost:37017/jars/commons-logging_commons-logging-1.1.3.jar to /tmp/spark-ad98da06-f20c-4680-bdd8-f1da26e63008/userFiles-9fe5ad3a-b7ac-4ff6-9200-56edefd0b744/fetchFileTemp14262241149618344304.tmp
[2024-06-27T18:58:11.882+0000] {docker.py:436} INFO - 24/06/27 18:58:11 INFO Utils: /tmp/spark-ad98da06-f20c-4680-bdd8-f1da26e63008/userFiles-9fe5ad3a-b7ac-4ff6-9200-56edefd0b744/fetchFileTemp14262241149618344304.tmp has been previously copied to /tmp/spark-ad98da06-f20c-4680-bdd8-f1da26e63008/userFiles-9fe5ad3a-b7ac-4ff6-9200-56edefd0b744/commons-logging_commons-logging-1.1.3.jar
[2024-06-27T18:58:11.887+0000] {docker.py:436} INFO - 24/06/27 18:58:11 INFO Executor: Adding file:/tmp/spark-ad98da06-f20c-4680-bdd8-f1da26e63008/userFiles-9fe5ad3a-b7ac-4ff6-9200-56edefd0b744/commons-logging_commons-logging-1.1.3.jar to class loader default
[2024-06-27T18:58:11.888+0000] {docker.py:436} INFO - 24/06/27 18:58:11 INFO Executor: Fetching spark://localhost:37017/jars/org.apache.spark_spark-token-provider-kafka-0-10_2.12-3.3.0.jar with timestamp 1719514690062
[2024-06-27T18:58:11.889+0000] {docker.py:436} INFO - 24/06/27 18:58:11 INFO Utils: Fetching spark://localhost:37017/jars/org.apache.spark_spark-token-provider-kafka-0-10_2.12-3.3.0.jar to /tmp/spark-ad98da06-f20c-4680-bdd8-f1da26e63008/userFiles-9fe5ad3a-b7ac-4ff6-9200-56edefd0b744/fetchFileTemp4138557667568027627.tmp
[2024-06-27T18:58:11.893+0000] {docker.py:436} INFO - 24/06/27 18:58:11 INFO Utils: /tmp/spark-ad98da06-f20c-4680-bdd8-f1da26e63008/userFiles-9fe5ad3a-b7ac-4ff6-9200-56edefd0b744/fetchFileTemp4138557667568027627.tmp has been previously copied to /tmp/spark-ad98da06-f20c-4680-bdd8-f1da26e63008/userFiles-9fe5ad3a-b7ac-4ff6-9200-56edefd0b744/org.apache.spark_spark-token-provider-kafka-0-10_2.12-3.3.0.jar
[2024-06-27T18:58:11.898+0000] {docker.py:436} INFO - 24/06/27 18:58:11 INFO Executor: Adding file:/tmp/spark-ad98da06-f20c-4680-bdd8-f1da26e63008/userFiles-9fe5ad3a-b7ac-4ff6-9200-56edefd0b744/org.apache.spark_spark-token-provider-kafka-0-10_2.12-3.3.0.jar to class loader default
[2024-06-27T18:58:11.899+0000] {docker.py:436} INFO - 24/06/27 18:58:11 INFO Executor: Fetching spark://localhost:37017/jars/org.apache.hadoop_hadoop-client-runtime-3.3.2.jar with timestamp 1719514690062
[2024-06-27T18:58:11.900+0000] {docker.py:436} INFO - 24/06/27 18:58:11 INFO Utils: Fetching spark://localhost:37017/jars/org.apache.hadoop_hadoop-client-runtime-3.3.2.jar to /tmp/spark-ad98da06-f20c-4680-bdd8-f1da26e63008/userFiles-9fe5ad3a-b7ac-4ff6-9200-56edefd0b744/fetchFileTemp1621838186918751153.tmp
[2024-06-27T18:58:12.086+0000] {docker.py:436} INFO - 24/06/27 18:58:12 INFO Utils: /tmp/spark-ad98da06-f20c-4680-bdd8-f1da26e63008/userFiles-9fe5ad3a-b7ac-4ff6-9200-56edefd0b744/fetchFileTemp1621838186918751153.tmp has been previously copied to /tmp/spark-ad98da06-f20c-4680-bdd8-f1da26e63008/userFiles-9fe5ad3a-b7ac-4ff6-9200-56edefd0b744/org.apache.hadoop_hadoop-client-runtime-3.3.2.jar
[2024-06-27T18:58:12.095+0000] {docker.py:436} INFO - 24/06/27 18:58:12 INFO Executor: Adding file:/tmp/spark-ad98da06-f20c-4680-bdd8-f1da26e63008/userFiles-9fe5ad3a-b7ac-4ff6-9200-56edefd0b744/org.apache.hadoop_hadoop-client-runtime-3.3.2.jar to class loader default
[2024-06-27T18:58:12.095+0000] {docker.py:436} INFO - 24/06/27 18:58:12 INFO Executor: Fetching spark://localhost:37017/jars/org.apache.kafka_kafka-clients-2.8.1.jar with timestamp 1719514690062
[2024-06-27T18:58:12.096+0000] {docker.py:436} INFO - 24/06/27 18:58:12 INFO Utils: Fetching spark://localhost:37017/jars/org.apache.kafka_kafka-clients-2.8.1.jar to /tmp/spark-ad98da06-f20c-4680-bdd8-f1da26e63008/userFiles-9fe5ad3a-b7ac-4ff6-9200-56edefd0b744/fetchFileTemp17911251364356306385.tmp
[2024-06-27T18:58:12.118+0000] {docker.py:436} INFO - 24/06/27 18:58:12 INFO Utils: /tmp/spark-ad98da06-f20c-4680-bdd8-f1da26e63008/userFiles-9fe5ad3a-b7ac-4ff6-9200-56edefd0b744/fetchFileTemp17911251364356306385.tmp has been previously copied to /tmp/spark-ad98da06-f20c-4680-bdd8-f1da26e63008/userFiles-9fe5ad3a-b7ac-4ff6-9200-56edefd0b744/org.apache.kafka_kafka-clients-2.8.1.jar
[2024-06-27T18:58:12.124+0000] {docker.py:436} INFO - 24/06/27 18:58:12 INFO Executor: Adding file:/tmp/spark-ad98da06-f20c-4680-bdd8-f1da26e63008/userFiles-9fe5ad3a-b7ac-4ff6-9200-56edefd0b744/org.apache.kafka_kafka-clients-2.8.1.jar to class loader default
[2024-06-27T18:58:12.125+0000] {docker.py:436} INFO - 24/06/27 18:58:12 INFO Executor: Fetching spark://localhost:37017/jars/org.spark-project.spark_unused-1.0.0.jar with timestamp 1719514690062
[2024-06-27T18:58:12.127+0000] {docker.py:436} INFO - 24/06/27 18:58:12 INFO Utils: Fetching spark://localhost:37017/jars/org.spark-project.spark_unused-1.0.0.jar to /tmp/spark-ad98da06-f20c-4680-bdd8-f1da26e63008/userFiles-9fe5ad3a-b7ac-4ff6-9200-56edefd0b744/fetchFileTemp8504751074039585557.tmp
[2024-06-27T18:58:12.129+0000] {docker.py:436} INFO - 24/06/27 18:58:12 INFO Utils: /tmp/spark-ad98da06-f20c-4680-bdd8-f1da26e63008/userFiles-9fe5ad3a-b7ac-4ff6-9200-56edefd0b744/fetchFileTemp8504751074039585557.tmp has been previously copied to /tmp/spark-ad98da06-f20c-4680-bdd8-f1da26e63008/userFiles-9fe5ad3a-b7ac-4ff6-9200-56edefd0b744/org.spark-project.spark_unused-1.0.0.jar
[2024-06-27T18:58:12.134+0000] {docker.py:436} INFO - 24/06/27 18:58:12 INFO Executor: Adding file:/tmp/spark-ad98da06-f20c-4680-bdd8-f1da26e63008/userFiles-9fe5ad3a-b7ac-4ff6-9200-56edefd0b744/org.spark-project.spark_unused-1.0.0.jar to class loader default
[2024-06-27T18:58:12.135+0000] {docker.py:436} INFO - 24/06/27 18:58:12 INFO Executor: Fetching spark://localhost:37017/jars/org.xerial.snappy_snappy-java-1.1.8.4.jar with timestamp 1719514690062
[2024-06-27T18:58:12.136+0000] {docker.py:436} INFO - 24/06/27 18:58:12 INFO Utils: Fetching spark://localhost:37017/jars/org.xerial.snappy_snappy-java-1.1.8.4.jar to /tmp/spark-ad98da06-f20c-4680-bdd8-f1da26e63008/userFiles-9fe5ad3a-b7ac-4ff6-9200-56edefd0b744/fetchFileTemp566868852479541699.tmp
[2024-06-27T18:58:12.145+0000] {docker.py:436} INFO - 24/06/27 18:58:12 INFO Utils: /tmp/spark-ad98da06-f20c-4680-bdd8-f1da26e63008/userFiles-9fe5ad3a-b7ac-4ff6-9200-56edefd0b744/fetchFileTemp566868852479541699.tmp has been previously copied to /tmp/spark-ad98da06-f20c-4680-bdd8-f1da26e63008/userFiles-9fe5ad3a-b7ac-4ff6-9200-56edefd0b744/org.xerial.snappy_snappy-java-1.1.8.4.jar
[2024-06-27T18:58:12.151+0000] {docker.py:436} INFO - 24/06/27 18:58:12 INFO Executor: Adding file:/tmp/spark-ad98da06-f20c-4680-bdd8-f1da26e63008/userFiles-9fe5ad3a-b7ac-4ff6-9200-56edefd0b744/org.xerial.snappy_snappy-java-1.1.8.4.jar to class loader default
[2024-06-27T18:58:12.163+0000] {docker.py:436} INFO - 24/06/27 18:58:12 INFO Utils: Successfully started service 'org.apache.spark.network.netty.NettyBlockTransferService' on port 36351.
[2024-06-27T18:58:12.164+0000] {docker.py:436} INFO - 24/06/27 18:58:12 INFO NettyBlockTransferService: Server created on localhost:36351
[2024-06-27T18:58:12.167+0000] {docker.py:436} INFO - 24/06/27 18:58:12 INFO BlockManager: Using org.apache.spark.storage.RandomBlockReplicationPolicy for block replication policy
[2024-06-27T18:58:12.174+0000] {docker.py:436} INFO - 24/06/27 18:58:12 INFO BlockManagerMaster: Registering BlockManager BlockManagerId(driver, localhost, 36351, None)
[2024-06-27T18:58:12.179+0000] {docker.py:436} INFO - 24/06/27 18:58:12 INFO BlockManagerMasterEndpoint: Registering block manager localhost:36351 with 434.4 MiB RAM, BlockManagerId(driver, localhost, 36351, None)
[2024-06-27T18:58:12.185+0000] {docker.py:436} INFO - 24/06/27 18:58:12 INFO BlockManagerMaster: Registered BlockManager BlockManagerId(driver, localhost, 36351, None)
24/06/27 18:58:12 INFO BlockManager: Initialized BlockManager: BlockManagerId(driver, localhost, 36351, None)
[2024-06-27T18:58:12.731+0000] {docker.py:436} INFO - 2024-06-27 18:58:12,730:create_spark_session:INFO:Spark session created successfully
[2024-06-27T18:58:12.742+0000] {docker.py:436} INFO - 24/06/27 18:58:12 INFO SharedState: Setting hive.metastore.warehouse.dir ('null') to the value of spark.sql.warehouse.dir.
[2024-06-27T18:58:12.746+0000] {docker.py:436} INFO - 24/06/27 18:58:12 INFO SharedState: Warehouse path is 'file:/opt/bitnami/spark/spark-warehouse'.
[2024-06-27T18:58:14.564+0000] {docker.py:436} INFO - 2024-06-27 18:58:14,563:create_initial_dataframe:INFO:Initial dataframe created successfully:
[2024-06-27T18:58:15.314+0000] {docker.py:436} INFO - 2024-06-27 18:58:15,313:start_streaming:INFO:Start streaming ...
[2024-06-27T18:58:15.584+0000] {docker.py:436} INFO - 2024-06-27 18:58:15,583:run:INFO:Callback Server Starting
[2024-06-27T18:58:15.584+0000] {docker.py:436} INFO - 2024-06-27 18:58:15,583:run:INFO:Socket listening on ('127.0.0.1', 46065)
[2024-06-27T18:58:15.602+0000] {docker.py:436} INFO - 24/06/27 18:58:15 INFO StateStoreCoordinatorRef: Registered StateStoreCoordinator endpoint
[2024-06-27T18:58:15.670+0000] {docker.py:436} INFO - 24/06/27 18:58:15 WARN ResolveWriteToStream: Temporary checkpoint location created which is deleted normally when the query didn't fail: /tmp/temporary-14a756d8-9bdc-4233-8b5a-a2cff92a6817. If it's required to delete it under any circumstances, please set spark.sql.streaming.forceDeleteTempCheckpointLocation to true. Important to know deleting temp checkpoint folder is best effort.
[2024-06-27T18:58:15.714+0000] {docker.py:436} INFO - 24/06/27 18:58:15 INFO ResolveWriteToStream: Checkpoint root file:///tmp/temporary-14a756d8-9bdc-4233-8b5a-a2cff92a6817 resolved to file:/tmp/temporary-14a756d8-9bdc-4233-8b5a-a2cff92a6817.
[2024-06-27T18:58:15.714+0000] {docker.py:436} INFO - 24/06/27 18:58:15 WARN ResolveWriteToStream: spark.sql.adaptive.enabled is not supported in streaming DataFrames/Datasets and will be disabled.
[2024-06-27T18:58:15.812+0000] {docker.py:436} INFO - 24/06/27 18:58:15 INFO CheckpointFileManager: Writing atomically to file:/tmp/temporary-14a756d8-9bdc-4233-8b5a-a2cff92a6817/metadata using temp file file:/tmp/temporary-14a756d8-9bdc-4233-8b5a-a2cff92a6817/.metadata.1c6a3401-9538-4ccd-b237-1d60b80d6ea8.tmp
[2024-06-27T18:58:15.919+0000] {docker.py:436} INFO - 24/06/27 18:58:15 INFO CheckpointFileManager: Renamed temp file file:/tmp/temporary-14a756d8-9bdc-4233-8b5a-a2cff92a6817/.metadata.1c6a3401-9538-4ccd-b237-1d60b80d6ea8.tmp to file:/tmp/temporary-14a756d8-9bdc-4233-8b5a-a2cff92a6817/metadata
[2024-06-27T18:58:15.957+0000] {docker.py:436} INFO - 24/06/27 18:58:15 INFO MicroBatchExecution: Starting [id = 0b9b7b4b-00c3-4732-b1cf-5a70c815c6da, runId = 32373c71-6e22-436d-8128-56e09c2fcb4f]. Use file:/tmp/temporary-14a756d8-9bdc-4233-8b5a-a2cff92a6817 to store the query checkpoint.
[2024-06-27T18:58:15.974+0000] {docker.py:436} INFO - 24/06/27 18:58:15 INFO MicroBatchExecution: Reading table [org.apache.spark.sql.kafka010.KafkaSourceProvider$KafkaTable@6084645] from DataSourceV2 named 'kafka' [org.apache.spark.sql.kafka010.KafkaSourceProvider@1281aedb]
[2024-06-27T18:58:16.023+0000] {docker.py:436} INFO - 24/06/27 18:58:16 INFO OffsetSeqLog: BatchIds found from listing:
[2024-06-27T18:58:16.026+0000] {docker.py:436} INFO - 24/06/27 18:58:16 INFO OffsetSeqLog: BatchIds found from listing:
[2024-06-27T18:58:16.027+0000] {docker.py:436} INFO - 24/06/27 18:58:16 INFO MicroBatchExecution: Starting new streaming query.
[2024-06-27T18:58:16.031+0000] {docker.py:436} INFO - 24/06/27 18:58:16 INFO MicroBatchExecution: Stream started from {}
[2024-06-27T18:58:16.456+0000] {docker.py:436} INFO - 24/06/27 18:58:16 INFO AdminClientConfig: AdminClientConfig values: 
	bootstrap.servers = [kafka:9092]
	client.dns.lookup = use_all_dns_ips
	client.id = 
	connections.max.idle.ms = 300000
	default.api.timeout.ms = 60000
	metadata.max.age.ms = 300000
	metric.reporters = []
	metrics.num.samples = 2
	metrics.recording.level = INFO
	metrics.sample.window.ms = 30000
	receive.buffer.bytes = 65536
	reconnect.backoff.max.ms = 1000
	reconnect.backoff.ms = 50
	request.timeout.ms = 30000
	retries = 2147483647
	retry.backoff.ms = 100
	sasl.client.callback.handler.class = null
	sasl.jaas.config = null
	sasl.kerberos.kinit.cmd = /usr/bin/kinit
	sasl.kerberos.min.time.before.relogin = 60000
	sasl.kerberos.service.name = null
	sasl.kerberos.ticket.renew.jitter = 0.05
	sasl.kerberos.ticket.renew.window.factor = 0.8
	sasl.login.callback.handler.class = null
	sasl.login.class = null
	sasl.login.refresh.buffer.seconds = 300
	sasl.login.refresh.min.period.seconds = 60
	sasl.login.refresh.window.factor = 0.8
	sasl.login.refresh.window.jitter = 0.05
	sasl.mechanism = GSSAPI
	security.protocol = PLAINTEXT
	security.providers = null
	send.buffer.bytes = 131072
	socket.connection.setup.timeout.max.ms = 30000
	socket.connection.setup.timeout.ms = 10000
	ssl.cipher.suites = null
	ssl.enabled.protocols = [TLSv1.2, TLSv1.3]
	ssl.endpoint.identification.algorithm = https
	ssl.engine.factory.class = null
	ssl.key.password = null
	ssl.keymanager.algorithm = SunX509
	ssl.keystore.certificate.chain = null
	ssl.keystore.key = null
	ssl.keystore.location = null
	ssl.keystore.password = null
	ssl.keystore.type = JKS
	ssl.protocol = TLSv1.3
	ssl.provider = null
	ssl.secure.random.implementation = null
	ssl.trustmanager.algorithm = PKIX
	ssl.truststore.certificates = null
	ssl.truststore.location = null
	ssl.truststore.password = null
	ssl.truststore.type = JKS
[2024-06-27T18:58:16.572+0000] {docker.py:436} INFO - 24/06/27 18:58:16 WARN AdminClientConfig: The configuration 'key.deserializer' was supplied but isn't a known config.
[2024-06-27T18:58:16.572+0000] {docker.py:436} INFO - 24/06/27 18:58:16 WARN AdminClientConfig: The configuration 'value.deserializer' was supplied but isn't a known config.
[2024-06-27T18:58:16.573+0000] {docker.py:436} INFO - 24/06/27 18:58:16 WARN AdminClientConfig: The configuration 'enable.auto.commit' was supplied but isn't a known config.
[2024-06-27T18:58:16.573+0000] {docker.py:436} INFO - 24/06/27 18:58:16 WARN AdminClientConfig: The configuration 'max.poll.records' was supplied but isn't a known config.
24/06/27 18:58:16 WARN AdminClientConfig: The configuration 'auto.offset.reset' was supplied but isn't a known config.
[2024-06-27T18:58:16.576+0000] {docker.py:436} INFO - 24/06/27 18:58:16 INFO AppInfoParser: Kafka version: 2.8.1
[2024-06-27T18:58:16.579+0000] {docker.py:436} INFO - 24/06/27 18:58:16 INFO AppInfoParser: Kafka commitId: 839b886f9b732b15
24/06/27 18:58:16 INFO AppInfoParser: Kafka startTimeMs: 1719514696572
[2024-06-27T18:58:17.246+0000] {docker.py:436} INFO - 24/06/27 18:58:17 INFO CheckpointFileManager: Writing atomically to file:/tmp/temporary-14a756d8-9bdc-4233-8b5a-a2cff92a6817/sources/0/0 using temp file file:/tmp/temporary-14a756d8-9bdc-4233-8b5a-a2cff92a6817/sources/0/.0.95b70437-24ed-4801-8d22-6a4a3c37e975.tmp
[2024-06-27T18:58:17.283+0000] {docker.py:436} INFO - 24/06/27 18:58:17 INFO CheckpointFileManager: Renamed temp file file:/tmp/temporary-14a756d8-9bdc-4233-8b5a-a2cff92a6817/sources/0/.0.95b70437-24ed-4801-8d22-6a4a3c37e975.tmp to file:/tmp/temporary-14a756d8-9bdc-4233-8b5a-a2cff92a6817/sources/0/0
[2024-06-27T18:58:17.284+0000] {docker.py:436} INFO - 24/06/27 18:58:17 INFO KafkaMicroBatchStream: Initial offsets: {"store_source_data":{"0":8}}
[2024-06-27T18:58:17.315+0000] {docker.py:436} INFO - 24/06/27 18:58:17 INFO CheckpointFileManager: Writing atomically to file:/tmp/temporary-14a756d8-9bdc-4233-8b5a-a2cff92a6817/offsets/0 using temp file file:/tmp/temporary-14a756d8-9bdc-4233-8b5a-a2cff92a6817/offsets/.0.50a4af75-aa1f-4329-b57e-b6cfdfa9b57c.tmp
[2024-06-27T18:58:17.358+0000] {docker.py:436} INFO - 24/06/27 18:58:17 INFO CheckpointFileManager: Renamed temp file file:/tmp/temporary-14a756d8-9bdc-4233-8b5a-a2cff92a6817/offsets/.0.50a4af75-aa1f-4329-b57e-b6cfdfa9b57c.tmp to file:/tmp/temporary-14a756d8-9bdc-4233-8b5a-a2cff92a6817/offsets/0
[2024-06-27T18:58:17.361+0000] {docker.py:436} INFO - 24/06/27 18:58:17 INFO MicroBatchExecution: Committed offsets for batch 0. Metadata OffsetSeqMetadata(0,1719514697301,Map(spark.sql.streaming.stateStore.providerClass -> org.apache.spark.sql.execution.streaming.state.HDFSBackedStateStoreProvider, spark.sql.streaming.join.stateFormatVersion -> 2, spark.sql.streaming.stateStore.compression.codec -> lz4, spark.sql.streaming.stateStore.rocksdb.formatVersion -> 5, spark.sql.streaming.statefulOperator.useStrictDistribution -> true, spark.sql.streaming.flatMapGroupsWithState.stateFormatVersion -> 2, spark.sql.streaming.multipleWatermarkPolicy -> min, spark.sql.streaming.aggregation.stateFormatVersion -> 2, spark.sql.shuffle.partitions -> 200))
[2024-06-27T18:58:17.970+0000] {docker.py:436} INFO - 24/06/27 18:58:17 INFO KafkaOffsetReaderAdmin: Partitions added: Map()
[2024-06-27T18:58:18.047+0000] {docker.py:436} INFO - 24/06/27 18:58:18 INFO KafkaOffsetReaderAdmin: Partitions added: Map()
[2024-06-27T18:58:18.171+0000] {docker.py:436} INFO - 24/06/27 18:58:18 INFO KafkaOffsetReaderAdmin: Partitions added: Map()
[2024-06-27T18:58:18.175+0000] {docker.py:436} INFO - 24/06/27 18:58:18 INFO KafkaOffsetReaderAdmin: Partitions added: Map()
[2024-06-27T18:58:18.718+0000] {docker.py:436} INFO - 24/06/27 18:58:18 INFO CodeGenerator: Code generated in 295.578585 ms
[2024-06-27T18:58:18.853+0000] {docker.py:436} INFO - 2024-06-27 18:58:18,853:wait_for_commands:INFO:Python Server ready to receive messages
[2024-06-27T18:58:18.855+0000] {docker.py:436} INFO - 2024-06-27 18:58:18,853:wait_for_commands:INFO:Received command c on object id p0
[2024-06-27T18:58:18.900+0000] {docker.py:436} INFO - 2024-06-27 18:58:18,886:_call_proxy:ERROR:There was an exception while executing the Python Proxy on the Python Side.
Traceback (most recent call last):
  File "/opt/bitnami/spark/python/lib/py4j-0.10.9.7-src.zip/py4j/clientserver.py", line 617, in _call_proxy
    return_value = getattr(self.pool[obj_id], method)(*params)
                   ^^^^^^^^^^^^^^^^^^^^^^^^^^^^^^^^^^^^^^^^^^^
  File "/opt/bitnami/spark/python/lib/pyspark.zip/pyspark/sql/utils.py", line 120, in call
    raise e
  File "/opt/bitnami/spark/python/lib/pyspark.zip/pyspark/sql/utils.py", line 117, in call
    self.func(DataFrame(jdf, wrapped_session_jdf), batch_id)
  File "/opt/bitnami/spark/scripts/spark_bronze_layer.py", line 116, in <lambda>
    existing_data_df, batch_df[unique_column] == existing_data_df[unique_column], "leftanti"
                      ~~~~~~~~^^^^^^^^^^^^^^^
  File "/opt/bitnami/spark/python/lib/pyspark.zip/pyspark/sql/dataframe.py", line 3078, in __getitem__
    jc = self._jdf.apply(item)
         ^^^^^^^^^^^^^^^^^^^^^
  File "/opt/bitnami/spark/python/lib/py4j-0.10.9.7-src.zip/py4j/java_gateway.py", line 1322, in __call__
    return_value = get_return_value(
                   ^^^^^^^^^^^^^^^^^
  File "/opt/bitnami/spark/python/lib/pyspark.zip/pyspark/errors/exceptions/captured.py", line 185, in deco
    raise converted from None
pyspark.errors.exceptions.captured.AnalysisException: [UNRESOLVED_COLUMN.WITH_SUGGESTION] A column or function parameter with name `item_name` cannot be resolved. Did you mean one of the following? [`item_purchased`, `date_of_purchase`, `cost`, `quantity`, `purchased_by`, `payment_method`].
[2024-06-27T18:58:18.919+0000] {docker.py:436} INFO - 24/06/27 18:58:18 ERROR MicroBatchExecution: Query [id = 0b9b7b4b-00c3-4732-b1cf-5a70c815c6da, runId = 32373c71-6e22-436d-8128-56e09c2fcb4f] terminated with error
py4j.Py4JException: An exception was raised by the Python Proxy. Return Message: Traceback (most recent call last):
  File "/opt/bitnami/spark/python/lib/py4j-0.10.9.7-src.zip/py4j/clientserver.py", line 617, in _call_proxy
    return_value = getattr(self.pool[obj_id], method)(*params)
                   ^^^^^^^^^^^^^^^^^^^^^^^^^^^^^^^^^^^^^^^^^^^
  File "/opt/bitnami/spark/python/lib/pyspark.zip/pyspark/sql/utils.py", line 120, in call
    raise e
  File "/opt/bitnami/spark/python/lib/pyspark.zip/pyspark/sql/utils.py", line 117, in call
    self.func(DataFrame(jdf, wrapped_session_jdf), batch_id)
  File "/opt/bitnami/spark/scripts/spark_bronze_layer.py", line 116, in <lambda>
    existing_data_df, batch_df[unique_column] == existing_data_df[unique_column], "leftanti"
                      ~~~~~~~~^^^^^^^^^^^^^^^
  File "/opt/bitnami/spark/python/lib/pyspark.zip/pyspark/sql/dataframe.py", line 3078, in __getitem__
    jc = self._jdf.apply(item)
         ^^^^^^^^^^^^^^^^^^^^^
  File "/opt/bitnami/spark/python/lib/py4j-0.10.9.7-src.zip/py4j/java_gateway.py", line 1322, in __call__
    return_value = get_return_value(
                   ^^^^^^^^^^^^^^^^^
  File "/opt/bitnami/spark/python/lib/pyspark.zip/pyspark/errors/exceptions/captured.py", line 185, in deco
    raise converted from None
pyspark.errors.exceptions.captured.AnalysisException: [UNRESOLVED_COLUMN.WITH_SUGGESTION] A column or function parameter with name `item_name` cannot be resolved. Did you mean one of the following? [`item_purchased`, `date_of_purchase`, `cost`, `quantity`, `purchased_by`, `payment_method`].

	at py4j.Protocol.getReturnValue(Protocol.java:476)
	at py4j.reflection.PythonProxyHandler.invoke(PythonProxyHandler.java:108)
	at jdk.proxy3/jdk.proxy3.$Proxy30.call(Unknown Source)
	at org.apache.spark.sql.execution.streaming.sources.PythonForeachBatchHelper$.$anonfun$callForeachBatch$1(ForeachBatchSink.scala:53)
	at org.apache.spark.sql.execution.streaming.sources.PythonForeachBatchHelper$.$anonfun$callForeachBatch$1$adapted(ForeachBatchSink.scala:53)
	at org.apache.spark.sql.execution.streaming.sources.ForeachBatchSink.addBatch(ForeachBatchSink.scala:34)
	at org.apache.spark.sql.execution.streaming.MicroBatchExecution.$anonfun$runBatch$17(MicroBatchExecution.scala:732)
	at org.apache.spark.sql.execution.SQLExecution$.$anonfun$withNewExecutionId$6(SQLExecution.scala:125)
	at org.apache.spark.sql.execution.SQLExecution$.withSQLConfPropagated(SQLExecution.scala:201)
	at org.apache.spark.sql.execution.SQLExecution$.$anonfun$withNewExecutionId$1(SQLExecution.scala:108)
	at org.apache.spark.sql.SparkSession.withActive(SparkSession.scala:900)
	at org.apache.spark.sql.execution.SQLExecution$.withNewExecutionId(SQLExecution.scala:66)
	at org.apache.spark.sql.execution.streaming.MicroBatchExecution.$anonfun$runBatch$16(MicroBatchExecution.scala:729)
	at org.apache.spark.sql.execution.streaming.ProgressReporter.reportTimeTaken(ProgressReporter.scala:427)
	at org.apache.spark.sql.execution.streaming.ProgressReporter.reportTimeTaken$(ProgressReporter.scala:425)
	at org.apache.spark.sql.execution.streaming.StreamExecution.reportTimeTaken(StreamExecution.scala:67)
	at org.apache.spark.sql.execution.streaming.MicroBatchExecution.runBatch(MicroBatchExecution.scala:729)
	at org.apache.spark.sql.execution.streaming.MicroBatchExecution.$anonfun$runActivatedStream$2(MicroBatchExecution.scala:286)
	at scala.runtime.java8.JFunction0$mcV$sp.apply(JFunction0$mcV$sp.java:23)
	at org.apache.spark.sql.execution.streaming.ProgressReporter.reportTimeTaken(ProgressReporter.scala:427)
	at org.apache.spark.sql.execution.streaming.ProgressReporter.reportTimeTaken$(ProgressReporter.scala:425)
	at org.apache.spark.sql.execution.streaming.StreamExecution.reportTimeTaken(StreamExecution.scala:67)
	at org.apache.spark.sql.execution.streaming.MicroBatchExecution.$anonfun$runActivatedStream$1(MicroBatchExecution.scala:249)
	at org.apache.spark.sql.execution.streaming.SingleBatchExecutor.execute(TriggerExecutor.scala:39)
	at org.apache.spark.sql.execution.streaming.MicroBatchExecution.runActivatedStream(MicroBatchExecution.scala:239)
	at org.apache.spark.sql.execution.streaming.StreamExecution.$anonfun$runStream$1(StreamExecution.scala:311)
	at scala.runtime.java8.JFunction0$mcV$sp.apply(JFunction0$mcV$sp.java:23)
	at org.apache.spark.sql.SparkSession.withActive(SparkSession.scala:900)
	at org.apache.spark.sql.execution.streaming.StreamExecution.org$apache$spark$sql$execution$streaming$StreamExecution$$runStream(StreamExecution.scala:289)
	at org.apache.spark.sql.execution.streaming.StreamExecution$$anon$1.$anonfun$run$1(StreamExecution.scala:211)
	at scala.runtime.java8.JFunction0$mcV$sp.apply(JFunction0$mcV$sp.java:23)
	at org.apache.spark.JobArtifactSet$.withActiveJobArtifactState(JobArtifactSet.scala:94)
	at org.apache.spark.sql.execution.streaming.StreamExecution$$anon$1.run(StreamExecution.scala:211)
[2024-06-27T18:58:18.920+0000] {docker.py:436} INFO - 24/06/27 18:58:18 INFO AppInfoParser: App info kafka.admin.client for adminclient-1 unregistered
[2024-06-27T18:58:18.926+0000] {docker.py:436} INFO - 24/06/27 18:58:18 INFO Metrics: Metrics scheduler closed
[2024-06-27T18:58:18.927+0000] {docker.py:436} INFO - 24/06/27 18:58:18 INFO Metrics: Closing reporter org.apache.kafka.common.metrics.JmxReporter
24/06/27 18:58:18 INFO Metrics: Metrics reporters closed
[2024-06-27T18:58:18.930+0000] {docker.py:436} INFO - 24/06/27 18:58:18 INFO MicroBatchExecution: Async log purge executor pool for query [id = 0b9b7b4b-00c3-4732-b1cf-5a70c815c6da, runId = 32373c71-6e22-436d-8128-56e09c2fcb4f] has been shutdown
[2024-06-27T18:58:19.048+0000] {docker.py:436} INFO - Traceback (most recent call last):
  File "/opt/bitnami/spark/scripts/spark_bronze_layer.py", line 138, in <module>
[2024-06-27T18:58:19.048+0000] {docker.py:436} INFO - write_to_postgres()
[2024-06-27T18:58:19.050+0000] {docker.py:436} INFO - File "/opt/bitnami/spark/scripts/spark_bronze_layer.py", line 134, in write_to_postgres
    start_streaming(final_df,spark)
  File "/opt/bitnami/spark/scripts/spark_bronze_layer.py", line 125, in start_streaming
    return query.awaitTermination()
           ^^^^^^^^^^^^^^^^^^^^^^^^
  File "/opt/bitnami/spark/python/lib/pyspark.zip/pyspark/sql/streaming/query.py", line 221, in awaitTermination
  File "/opt/bitnami/spark/python/lib/py4j-0.10.9.7-src.zip/py4j/java_gateway.py", line 1322, in __call__
  File "/opt/bitnami/spark/python/lib/pyspark.zip/pyspark/errors/exceptions/captured.py", line 185, in deco
[2024-06-27T18:58:19.050+0000] {docker.py:436} INFO - pyspark.errors.exceptions.captured.StreamingQueryException
[2024-06-27T18:58:19.056+0000] {docker.py:436} INFO - : [STREAM_FAILED] Query [id = 0b9b7b4b-00c3-4732-b1cf-5a70c815c6da, runId = 32373c71-6e22-436d-8128-56e09c2fcb4f] terminated with exception: An exception was raised by the Python Proxy. Return Message: Traceback (most recent call last):
  File "/opt/bitnami/spark/python/lib/py4j-0.10.9.7-src.zip/py4j/clientserver.py", line 617, in _call_proxy
    return_value = getattr(self.pool[obj_id], method)(*params)
                   ^^^^^^^^^^^^^^^^^^^^^^^^^^^^^^^^^^^^^^^^^^^
  File "/opt/bitnami/spark/python/lib/pyspark.zip/pyspark/sql/utils.py", line 120, in call
    raise e
  File "/opt/bitnami/spark/python/lib/pyspark.zip/pyspark/sql/utils.py", line 117, in call
    self.func(DataFrame(jdf, wrapped_session_jdf), batch_id)
  File "/opt/bitnami/spark/scripts/spark_bronze_layer.py", line 116, in <lambda>
    existing_data_df, batch_df[unique_column] == existing_data_df[unique_column], "leftanti"
                      ~~~~~~~~^^^^^^^^^^^^^^^
  File "/opt/bitnami/spark/python/lib/pyspark.zip/pyspark/sql/dataframe.py", line 3078, in __getitem__
    jc = self._jdf.apply(item)
         ^^^^^^^^^^^^^^^^^^^^^
  File "/opt/bitnami/spark/python/lib/py4j-0.10.9.7-src.zip/py4j/java_gateway.py", line 1322, in __call__
    return_value = get_return_value(
                   ^^^^^^^^^^^^^^^^^
  File "/opt/bitnami/spark/python/lib/pyspark.zip/pyspark/errors/exceptions/captured.py", line 185, in deco
    raise converted from None
pyspark.errors.exceptions.captured.AnalysisException: [UNRESOLVED_COLUMN.WITH_SUGGESTION] A column or function parameter with name `item_name` cannot be resolved. Did you mean one of the following? [`item_purchased`, `date_of_purchase`, `cost`, `quantity`, `purchased_by`, `payment_method`].
[2024-06-27T18:58:19.058+0000] {docker.py:436} INFO - 2024-06-27 18:58:19,056:close:INFO:Closing down clientserver connection
[2024-06-27T18:58:19.150+0000] {docker.py:436} INFO - 24/06/27 18:58:19 INFO SparkContext: Invoking stop() from shutdown hook
[2024-06-27T18:58:19.153+0000] {docker.py:436} INFO - 24/06/27 18:58:19 INFO SparkContext: SparkContext is stopping with exitCode 0.
[2024-06-27T18:58:19.194+0000] {docker.py:436} INFO - 24/06/27 18:58:19 INFO SparkUI: Stopped Spark web UI at http://localhost:4040
[2024-06-27T18:58:19.235+0000] {docker.py:436} INFO - 24/06/27 18:58:19 INFO MapOutputTrackerMasterEndpoint: MapOutputTrackerMasterEndpoint stopped!
[2024-06-27T18:58:19.250+0000] {docker.py:436} INFO - 24/06/27 18:58:19 INFO MemoryStore: MemoryStore cleared
[2024-06-27T18:58:19.251+0000] {docker.py:436} INFO - 24/06/27 18:58:19 INFO BlockManager: BlockManager stopped
[2024-06-27T18:58:19.260+0000] {docker.py:436} INFO - 24/06/27 18:58:19 INFO BlockManagerMaster: BlockManagerMaster stopped
[2024-06-27T18:58:19.265+0000] {docker.py:436} INFO - 24/06/27 18:58:19 INFO OutputCommitCoordinator$OutputCommitCoordinatorEndpoint: OutputCommitCoordinator stopped!
[2024-06-27T18:58:19.294+0000] {docker.py:436} INFO - 24/06/27 18:58:19 INFO SparkContext: Successfully stopped SparkContext
[2024-06-27T18:58:19.295+0000] {docker.py:436} INFO - 24/06/27 18:58:19 INFO ShutdownHookManager: Shutdown hook called
[2024-06-27T18:58:19.296+0000] {docker.py:436} INFO - 24/06/27 18:58:19 INFO ShutdownHookManager: Deleting directory /tmp/spark-3510f0da-9847-4d60-8890-c70ccbe7d365
[2024-06-27T18:58:19.301+0000] {docker.py:436} INFO - 24/06/27 18:58:19 INFO ShutdownHookManager: Deleting directory /tmp/spark-ad98da06-f20c-4680-bdd8-f1da26e63008/pyspark-8dbe247c-03c4-4e61-8735-379d31254fb7
[2024-06-27T18:58:19.306+0000] {docker.py:436} INFO - 24/06/27 18:58:19 INFO ShutdownHookManager: Deleting directory /tmp/spark-ad98da06-f20c-4680-bdd8-f1da26e63008
[2024-06-27T18:58:19.312+0000] {docker.py:436} INFO - 24/06/27 18:58:19 INFO ShutdownHookManager: Deleting directory /tmp/temporary-14a756d8-9bdc-4233-8b5a-a2cff92a6817
[2024-06-27T18:58:21.737+0000] {taskinstance.py:441} INFO - ::group::Post task execution logs
[2024-06-27T18:58:21.752+0000] {taskinstance.py:2905} ERROR - Task failed with exception
Traceback (most recent call last):
  File "/home/airflow/.local/lib/python3.12/site-packages/docker/api/client.py", line 265, in _raise_for_status
    response.raise_for_status()
  File "/home/airflow/.local/lib/python3.12/site-packages/requests/models.py", line 1021, in raise_for_status
    raise HTTPError(http_error_msg, response=self)
requests.exceptions.HTTPError: 400 Client Error: Bad Request for url: http://docker-proxy:2375/v1.45/containers/create

The above exception was the direct cause of the following exception:

Traceback (most recent call last):
  File "/home/airflow/.local/lib/python3.12/site-packages/airflow/providers/docker/operators/docker.py", line 371, in _run_image
    return self._run_image_with_mounts([*self.mounts, tmp_mount], add_tmp_variable=True)
           ^^^^^^^^^^^^^^^^^^^^^^^^^^^^^^^^^^^^^^^^^^^^^^^^^^^^^^^^^^^^^^^^^^^^^^^^^^^^^
  File "/home/airflow/.local/lib/python3.12/site-packages/airflow/providers/docker/operators/docker.py", line 398, in _run_image_with_mounts
    self.container = self.cli.create_container(
                     ^^^^^^^^^^^^^^^^^^^^^^^^^^
  File "/home/airflow/.local/lib/python3.12/site-packages/docker/api/container.py", line 439, in create_container
    return self.create_container_from_config(config, name, platform)
           ^^^^^^^^^^^^^^^^^^^^^^^^^^^^^^^^^^^^^^^^^^^^^^^^^^^^^^^^^
  File "/home/airflow/.local/lib/python3.12/site-packages/docker/api/container.py", line 456, in create_container_from_config
    return self._result(res, True)
           ^^^^^^^^^^^^^^^^^^^^^^^
  File "/home/airflow/.local/lib/python3.12/site-packages/docker/api/client.py", line 271, in _result
    self._raise_for_status(response)
  File "/home/airflow/.local/lib/python3.12/site-packages/docker/api/client.py", line 267, in _raise_for_status
    raise create_api_error_from_http_exception(e) from e
          ^^^^^^^^^^^^^^^^^^^^^^^^^^^^^^^^^^^^^^^
  File "/home/airflow/.local/lib/python3.12/site-packages/docker/errors.py", line 39, in create_api_error_from_http_exception
    raise cls(e, response=response, explanation=explanation) from e
docker.errors.APIError: 400 Client Error for http://docker-proxy:2375/v1.45/containers/create: Bad Request ("invalid mount config for type "bind": bind source path does not exist: /tmp/airflowtmpbry_697m")

During handling of the above exception, another exception occurred:

Traceback (most recent call last):
  File "/home/airflow/.local/lib/python3.12/site-packages/airflow/models/taskinstance.py", line 465, in _execute_task
    result = _execute_callable(context=context, **execute_callable_kwargs)
             ^^^^^^^^^^^^^^^^^^^^^^^^^^^^^^^^^^^^^^^^^^^^^^^^^^^^^^^^^^^^^
  File "/home/airflow/.local/lib/python3.12/site-packages/airflow/models/taskinstance.py", line 432, in _execute_callable
    return execute_callable(context=context, **execute_callable_kwargs)
           ^^^^^^^^^^^^^^^^^^^^^^^^^^^^^^^^^^^^^^^^^^^^^^^^^^^^^^^^^^^^
  File "/home/airflow/.local/lib/python3.12/site-packages/airflow/models/baseoperator.py", line 400, in wrapper
    return func(self, *args, **kwargs)
           ^^^^^^^^^^^^^^^^^^^^^^^^^^^
  File "/home/airflow/.local/lib/python3.12/site-packages/airflow/providers/docker/operators/docker.py", line 509, in execute
    return self._run_image()
           ^^^^^^^^^^^^^^^^^
  File "/home/airflow/.local/lib/python3.12/site-packages/airflow/providers/docker/operators/docker.py", line 380, in _run_image
    return self._run_image_with_mounts(self.mounts, add_tmp_variable=False)
           ^^^^^^^^^^^^^^^^^^^^^^^^^^^^^^^^^^^^^^^^^^^^^^^^^^^^^^^^^^^^^^^^
  File "/home/airflow/.local/lib/python3.12/site-packages/airflow/providers/docker/operators/docker.py", line 444, in _run_image_with_mounts
    raise DockerContainerFailedException(f"Docker container failed: {result!r}", logs=log_lines)
airflow.providers.docker.exceptions.DockerContainerFailedException: Docker container failed: {'StatusCode': 1}
[2024-06-27T18:58:21.761+0000] {taskinstance.py:1206} INFO - Marking task as FAILED. dag_id=Stage_1, task_id=run_bronze_job, run_id=manual__2024-06-27T18:57:41.160036+00:00, execution_date=20240627T185741, start_date=20240627T185746, end_date=20240627T185821
[2024-06-27T18:58:21.776+0000] {standard_task_runner.py:110} ERROR - Failed to execute job 412 for task run_bronze_job (Docker container failed: {'StatusCode': 1}; 702)
[2024-06-27T18:58:21.805+0000] {local_task_job_runner.py:240} INFO - Task exited with return code 1
[2024-06-27T18:58:21.830+0000] {taskinstance.py:3498} INFO - 0 downstream tasks scheduled from follow-on schedule check
[2024-06-27T18:58:21.835+0000] {local_task_job_runner.py:222} INFO - ::endgroup::
