[2024-06-25T12:43:08.413+0000] {local_task_job_runner.py:120} INFO - ::group::Pre task execution logs
[2024-06-25T12:43:08.453+0000] {taskinstance.py:2076} INFO - Dependencies all met for dep_context=non-requeueable deps ti=<TaskInstance: Stage_1.run_bronze_job manual__2024-06-25T12:43:02.413479+00:00 [queued]>
[2024-06-25T12:43:08.464+0000] {taskinstance.py:2076} INFO - Dependencies all met for dep_context=requeueable deps ti=<TaskInstance: Stage_1.run_bronze_job manual__2024-06-25T12:43:02.413479+00:00 [queued]>
[2024-06-25T12:43:08.465+0000] {taskinstance.py:2306} INFO - Starting attempt 1 of 1
[2024-06-25T12:43:08.479+0000] {taskinstance.py:2330} INFO - Executing <Task(DockerOperator): run_bronze_job> on 2024-06-25 12:43:02.413479+00:00
[2024-06-25T12:43:08.486+0000] {logging_mixin.py:188} WARNING - /home/***/.local/lib/python3.12/site-packages/***/task/task_runner/standard_task_runner.py:61 DeprecationWarning: This process (pid=1808) is multi-threaded, use of fork() may lead to deadlocks in the child.
[2024-06-25T12:43:08.487+0000] {standard_task_runner.py:63} INFO - Started process 1809 to run task
[2024-06-25T12:43:08.486+0000] {standard_task_runner.py:90} INFO - Running: ['***', 'tasks', 'run', 'Stage_1', 'run_bronze_job', 'manual__2024-06-25T12:43:02.413479+00:00', '--job-id', '149', '--raw', '--subdir', 'DAGS_FOLDER/kafka_dag.py', '--cfg-path', '/tmp/tmp2w12gwxk']
[2024-06-25T12:43:08.488+0000] {standard_task_runner.py:91} INFO - Job 149: Subtask run_bronze_job
[2024-06-25T12:43:08.503+0000] {logging_mixin.py:188} WARNING - /home/***/.local/lib/python3.12/site-packages/***/settings.py:195 DeprecationWarning: The sql_alchemy_conn option in [core] has been moved to the sql_alchemy_conn option in [database] - the old setting has been used, but please update your config.
[2024-06-25T12:43:08.538+0000] {task_command.py:426} INFO - Running <TaskInstance: Stage_1.run_bronze_job manual__2024-06-25T12:43:02.413479+00:00 [running]> on host 0b2aef5f9e3a
[2024-06-25T12:43:08.644+0000] {taskinstance.py:2648} INFO - Exporting env vars: AIRFLOW_CTX_DAG_OWNER='***' AIRFLOW_CTX_DAG_ID='Stage_1' AIRFLOW_CTX_TASK_ID='run_bronze_job' AIRFLOW_CTX_EXECUTION_DATE='2024-06-25T12:43:02.413479+00:00' AIRFLOW_CTX_TRY_NUMBER='1' AIRFLOW_CTX_DAG_RUN_ID='manual__2024-06-25T12:43:02.413479+00:00'
[2024-06-25T12:43:08.645+0000] {taskinstance.py:430} INFO - ::endgroup::
[2024-06-25T12:43:08.682+0000] {docker.py:366} INFO - Starting docker container from image bitnami/spark:latest
[2024-06-25T12:43:08.685+0000] {docker.py:374} WARNING - Using remote engine or docker-in-docker and mounting temporary volume from host is not supported. Falling back to `mount_tmp_dir=False` mode. You can set `mount_tmp_dir` parameter to False to disable mounting and remove the warning
[2024-06-25T12:43:09.093+0000] {docker.py:436} INFO - [38;5;6mspark [38;5;5m12:43:09.09 [0m[38;5;2mINFO [0m ==>
[2024-06-25T12:43:09.095+0000] {docker.py:436} INFO - [38;5;6mspark [38;5;5m12:43:09.09 [0m[38;5;2mINFO [0m ==> [1mWelcome to the Bitnami spark container[0m
[2024-06-25T12:43:09.096+0000] {docker.py:436} INFO - [38;5;6mspark [38;5;5m12:43:09.09 [0m[38;5;2mINFO [0m ==> Subscribe to project updates by watching [1mhttps://github.com/bitnami/containers[0m
[2024-06-25T12:43:09.098+0000] {docker.py:436} INFO - [38;5;6mspark [38;5;5m12:43:09.09 [0m[38;5;2mINFO [0m ==> Submit issues and feature requests at [1mhttps://github.com/bitnami/containers/issues[0m
[2024-06-25T12:43:09.100+0000] {docker.py:436} INFO - [38;5;6mspark [38;5;5m12:43:09.09 [0m[38;5;2mINFO [0m ==> Upgrade to Tanzu Application Catalog for production environments to access custom-configured and pre-packaged software components. Gain enhanced features, including Software Bill of Materials (SBOM), CVE scan result reports, and VEX documents. To learn more, visit [1mhttps://bitnami.com/enterprise[0m
[2024-06-25T12:43:09.101+0000] {docker.py:436} INFO - [38;5;6mspark [38;5;5m12:43:09.10 [0m[38;5;2mINFO [0m ==>
[2024-06-25T12:43:09.109+0000] {docker.py:436} INFO - 
[2024-06-25T12:43:11.362+0000] {docker.py:436} INFO - :: loading settings :: url = jar:file:/opt/bitnami/spark/jars/ivy-2.5.1.jar!/org/apache/ivy/core/settings/ivysettings.xml
[2024-06-25T12:43:11.450+0000] {docker.py:436} INFO - Ivy Default Cache set to: /opt/bitnami/spark/.ivy2/cache
The jars for the packages stored in: /opt/bitnami/spark/.ivy2/jars
[2024-06-25T12:43:11.457+0000] {docker.py:436} INFO - org.apache.spark#spark-sql-kafka-0-10_2.12 added as a dependency
[2024-06-25T12:43:11.458+0000] {docker.py:436} INFO - org.postgresql#postgresql added as a dependency
[2024-06-25T12:43:11.459+0000] {docker.py:436} INFO - :: resolving dependencies :: org.apache.spark#spark-submit-parent-7b662b2b-bb68-4883-b86a-740e4be644a7;1.0
	confs: [default]
[2024-06-25T12:43:13.075+0000] {docker.py:436} INFO - found org.apache.spark#spark-sql-kafka-0-10_2.12;3.3.0 in central
[2024-06-25T12:43:13.419+0000] {docker.py:436} INFO - found org.apache.spark#spark-token-provider-kafka-0-10_2.12;3.3.0 in central
[2024-06-25T12:43:13.481+0000] {docker.py:436} INFO - found org.apache.kafka#kafka-clients;2.8.1 in central
[2024-06-25T12:43:13.546+0000] {docker.py:436} INFO - found org.lz4#lz4-java;1.8.0 in central
[2024-06-25T12:43:13.620+0000] {docker.py:436} INFO - found org.xerial.snappy#snappy-java;1.1.8.4 in central
[2024-06-25T12:43:13.776+0000] {docker.py:436} INFO - found org.slf4j#slf4j-api;1.7.32 in central
[2024-06-25T12:43:14.038+0000] {docker.py:436} INFO - found org.apache.hadoop#hadoop-client-runtime;3.3.2 in central
[2024-06-25T12:43:14.166+0000] {docker.py:436} INFO - found org.spark-project.spark#unused;1.0.0 in central
[2024-06-25T12:43:14.311+0000] {docker.py:436} INFO - found org.apache.hadoop#hadoop-client-api;3.3.2 in central
[2024-06-25T12:43:14.715+0000] {docker.py:436} INFO - found commons-logging#commons-logging;1.1.3 in central
[2024-06-25T12:43:14.758+0000] {docker.py:436} INFO - found com.google.code.findbugs#jsr305;3.0.0 in central
[2024-06-25T12:43:15.020+0000] {docker.py:436} INFO - found org.apache.commons#commons-pool2;2.11.1 in central
[2024-06-25T12:43:16.656+0000] {docker.py:436} INFO - found org.postgresql#postgresql;42.2.2 in central
[2024-06-25T12:43:16.679+0000] {docker.py:436} INFO - downloading https://repo1.maven.org/maven2/org/apache/spark/spark-sql-kafka-0-10_2.12/3.3.0/spark-sql-kafka-0-10_2.12-3.3.0.jar ...
[2024-06-25T12:43:16.732+0000] {docker.py:436} INFO - [SUCCESSFUL ] org.apache.spark#spark-sql-kafka-0-10_2.12;3.3.0!spark-sql-kafka-0-10_2.12.jar (62ms)
[2024-06-25T12:43:16.745+0000] {docker.py:436} INFO - downloading https://repo1.maven.org/maven2/org/postgresql/postgresql/42.2.2/postgresql-42.2.2.jar ...
[2024-06-25T12:43:16.826+0000] {docker.py:436} INFO - [SUCCESSFUL ] org.postgresql#postgresql;42.2.2!postgresql.jar(bundle) (93ms)
[2024-06-25T12:43:16.837+0000] {docker.py:436} INFO - downloading https://repo1.maven.org/maven2/org/apache/spark/spark-token-provider-kafka-0-10_2.12/3.3.0/spark-token-provider-kafka-0-10_2.12-3.3.0.jar ...
[2024-06-25T12:43:16.853+0000] {docker.py:436} INFO - [SUCCESSFUL ] org.apache.spark#spark-token-provider-kafka-0-10_2.12;3.3.0!spark-token-provider-kafka-0-10_2.12.jar (26ms)
[2024-06-25T12:43:16.875+0000] {docker.py:436} INFO - downloading https://repo1.maven.org/maven2/org/apache/kafka/kafka-clients/2.8.1/kafka-clients-2.8.1.jar ...
[2024-06-25T12:43:17.334+0000] {docker.py:436} INFO - [SUCCESSFUL ] org.apache.kafka#kafka-clients;2.8.1!kafka-clients.jar (479ms)
[2024-06-25T12:43:17.343+0000] {docker.py:436} INFO - downloading https://repo1.maven.org/maven2/com/google/code/findbugs/jsr305/3.0.0/jsr305-3.0.0.jar ...
[2024-06-25T12:43:17.356+0000] {docker.py:436} INFO - [SUCCESSFUL ] com.google.code.findbugs#jsr305;3.0.0!jsr305.jar (21ms)
[2024-06-25T12:43:17.367+0000] {docker.py:436} INFO - downloading https://repo1.maven.org/maven2/org/apache/commons/commons-pool2/2.11.1/commons-pool2-2.11.1.jar ...
[2024-06-25T12:43:17.392+0000] {docker.py:436} INFO - [SUCCESSFUL ] org.apache.commons#commons-pool2;2.11.1!commons-pool2.jar (36ms)
[2024-06-25T12:43:17.402+0000] {docker.py:436} INFO - downloading https://repo1.maven.org/maven2/org/spark-project/spark/unused/1.0.0/unused-1.0.0.jar ...
[2024-06-25T12:43:17.411+0000] {docker.py:436} INFO - [SUCCESSFUL ] org.spark-project.spark#unused;1.0.0!unused.jar (18ms)
[2024-06-25T12:43:17.426+0000] {docker.py:436} INFO - downloading https://repo1.maven.org/maven2/org/apache/hadoop/hadoop-client-runtime/3.3.2/hadoop-client-runtime-3.3.2.jar ...
[2024-06-25T12:43:20.337+0000] {docker.py:436} INFO - [SUCCESSFUL ] org.apache.hadoop#hadoop-client-runtime;3.3.2!hadoop-client-runtime.jar (2924ms)
[2024-06-25T12:43:20.353+0000] {docker.py:436} INFO - downloading https://repo1.maven.org/maven2/org/lz4/lz4-java/1.8.0/lz4-java-1.8.0.jar ...
[2024-06-25T12:43:20.423+0000] {docker.py:436} INFO - [SUCCESSFUL ] org.lz4#lz4-java;1.8.0!lz4-java.jar (84ms)
[2024-06-25T12:43:20.438+0000] {docker.py:436} INFO - downloading https://repo1.maven.org/maven2/org/xerial/snappy/snappy-java/1.1.8.4/snappy-java-1.1.8.4.jar ...
[2024-06-25T12:43:20.629+0000] {docker.py:436} INFO - [SUCCESSFUL ] org.xerial.snappy#snappy-java;1.1.8.4!snappy-java.jar(bundle) (204ms)
[2024-06-25T12:43:20.638+0000] {docker.py:436} INFO - downloading https://repo1.maven.org/maven2/org/slf4j/slf4j-api/1.7.32/slf4j-api-1.7.32.jar ...
[2024-06-25T12:43:20.653+0000] {docker.py:436} INFO - [SUCCESSFUL ] org.slf4j#slf4j-api;1.7.32!slf4j-api.jar (22ms)
[2024-06-25T12:43:20.664+0000] {docker.py:436} INFO - downloading https://repo1.maven.org/maven2/org/apache/hadoop/hadoop-client-api/3.3.2/hadoop-client-api-3.3.2.jar ...
[2024-06-25T12:43:22.499+0000] {docker.py:436} INFO - [SUCCESSFUL ] org.apache.hadoop#hadoop-client-api;3.3.2!hadoop-client-api.jar (1844ms)
[2024-06-25T12:43:22.511+0000] {docker.py:436} INFO - downloading https://repo1.maven.org/maven2/commons-logging/commons-logging/1.1.3/commons-logging-1.1.3.jar ...
[2024-06-25T12:43:22.528+0000] {docker.py:436} INFO - [SUCCESSFUL ] commons-logging#commons-logging;1.1.3!commons-logging.jar (29ms)
[2024-06-25T12:43:22.530+0000] {docker.py:436} INFO - :: resolution report :: resolve 5209ms :: artifacts dl 5861ms
	:: modules in use:
	com.google.code.findbugs#jsr305;3.0.0 from central in [default]
	commons-logging#commons-logging;1.1.3 from central in [default]
[2024-06-25T12:43:22.531+0000] {docker.py:436} INFO - org.apache.commons#commons-pool2;2.11.1 from central in [default]
	org.apache.hadoop#hadoop-client-api;3.3.2 from central in [default]
	org.apache.hadoop#hadoop-client-runtime;3.3.2 from central in [default]
	org.apache.kafka#kafka-clients;2.8.1 from central in [default]
	org.apache.spark#spark-sql-kafka-0-10_2.12;3.3.0 from central in [default]
	org.apache.spark#spark-token-provider-kafka-0-10_2.12;3.3.0 from central in [default]
	org.lz4#lz4-java;1.8.0 from central in [default]
	org.postgresql#postgresql;42.2.2 from central in [default]
	org.slf4j#slf4j-api;1.7.32 from central in [default]
	org.spark-project.spark#unused;1.0.0 from central in [default]
	org.xerial.snappy#snappy-java;1.1.8.4 from central in [default]
	---------------------------------------------------------------------
	|                  |            modules            ||   artifacts   |
	|       conf       | number| search|dwnlded|evicted|| number|dwnlded|
	---------------------------------------------------------------------
	|      default     |   13  |   13  |   13  |   0   ||   13  |   13  |
	---------------------------------------------------------------------
[2024-06-25T12:43:22.539+0000] {docker.py:436} INFO - :: retrieving :: org.apache.spark#spark-submit-parent-7b662b2b-bb68-4883-b86a-740e4be644a7
[2024-06-25T12:43:22.540+0000] {docker.py:436} INFO - confs: [default]
[2024-06-25T12:43:22.666+0000] {docker.py:436} INFO - 13 artifacts copied, 0 already retrieved (57403kB/127ms)
[2024-06-25T12:43:23.119+0000] {docker.py:436} INFO - 24/06/25 12:43:23 WARN NativeCodeLoader: Unable to load native-hadoop library for your platform... using builtin-java classes where applicable
[2024-06-25T12:43:26.588+0000] {docker.py:436} INFO - 24/06/25 12:43:26 INFO SparkContext: Running Spark version 3.5.1
[2024-06-25T12:43:26.590+0000] {docker.py:436} INFO - 24/06/25 12:43:26 INFO SparkContext: OS info Linux, 6.5.0-41-generic, amd64
[2024-06-25T12:43:26.590+0000] {docker.py:436} INFO - 24/06/25 12:43:26 INFO SparkContext: Java version 17.0.11
[2024-06-25T12:43:26.655+0000] {docker.py:436} INFO - 24/06/25 12:43:26 INFO ResourceUtils: ==============================================================
[2024-06-25T12:43:26.656+0000] {docker.py:436} INFO - 24/06/25 12:43:26 INFO ResourceUtils: No custom resources configured for spark.driver.
[2024-06-25T12:43:26.656+0000] {docker.py:436} INFO - 24/06/25 12:43:26 INFO ResourceUtils: ==============================================================
[2024-06-25T12:43:26.657+0000] {docker.py:436} INFO - 24/06/25 12:43:26 INFO SparkContext: Submitted application: PostgreSQL Connection with PySpark
[2024-06-25T12:43:26.745+0000] {docker.py:436} INFO - 24/06/25 12:43:26 INFO ResourceProfile: Default ResourceProfile created, executor resources: Map(cores -> name: cores, amount: 1, script: , vendor: , memory -> name: memory, amount: 1024, script: , vendor: , offHeap -> name: offHeap, amount: 0, script: , vendor: ), task resources: Map(cpus -> name: cpus, amount: 1.0)
[2024-06-25T12:43:26.768+0000] {docker.py:436} INFO - 24/06/25 12:43:26 INFO ResourceProfile: Limiting resource is cpu
[2024-06-25T12:43:26.769+0000] {docker.py:436} INFO - 24/06/25 12:43:26 INFO ResourceProfileManager: Added ResourceProfile id: 0
[2024-06-25T12:43:26.908+0000] {docker.py:436} INFO - 24/06/25 12:43:26 INFO SecurityManager: Changing view acls to: spark
24/06/25 12:43:26 INFO SecurityManager: Changing modify acls to: spark
24/06/25 12:43:26 INFO SecurityManager: Changing view acls groups to: 
24/06/25 12:43:26 INFO SecurityManager: Changing modify acls groups to: 
24/06/25 12:43:26 INFO SecurityManager: SecurityManager: authentication disabled; ui acls disabled; users with view permissions: spark; groups with view permissions: EMPTY; users with modify permissions: spark; groups with modify permissions: EMPTY
[2024-06-25T12:43:27.334+0000] {docker.py:436} INFO - 24/06/25 12:43:27 INFO Utils: Successfully started service 'sparkDriver' on port 40687.
[2024-06-25T12:43:27.374+0000] {docker.py:436} INFO - 24/06/25 12:43:27 INFO SparkEnv: Registering MapOutputTracker
[2024-06-25T12:43:27.424+0000] {docker.py:436} INFO - 24/06/25 12:43:27 INFO SparkEnv: Registering BlockManagerMaster
[2024-06-25T12:43:27.481+0000] {docker.py:436} INFO - 24/06/25 12:43:27 INFO BlockManagerMasterEndpoint: Using org.apache.spark.storage.DefaultTopologyMapper for getting topology information
[2024-06-25T12:43:27.483+0000] {docker.py:436} INFO - 24/06/25 12:43:27 INFO BlockManagerMasterEndpoint: BlockManagerMasterEndpoint up
[2024-06-25T12:43:27.494+0000] {docker.py:436} INFO - 24/06/25 12:43:27 INFO SparkEnv: Registering BlockManagerMasterHeartbeat
[2024-06-25T12:43:27.538+0000] {docker.py:436} INFO - 24/06/25 12:43:27 INFO DiskBlockManager: Created local directory at /tmp/blockmgr-6570b50e-f365-490a-991d-c429fddebf49
[2024-06-25T12:43:27.561+0000] {docker.py:436} INFO - 24/06/25 12:43:27 INFO MemoryStore: MemoryStore started with capacity 434.4 MiB
[2024-06-25T12:43:27.582+0000] {docker.py:436} INFO - 24/06/25 12:43:27 INFO SparkEnv: Registering OutputCommitCoordinator
[2024-06-25T12:43:27.806+0000] {docker.py:436} INFO - 24/06/25 12:43:27 INFO JettyUtils: Start Jetty 0.0.0.0:4040 for SparkUI
[2024-06-25T12:43:27.897+0000] {docker.py:436} INFO - 24/06/25 12:43:27 INFO Utils: Successfully started service 'SparkUI' on port 4040.
[2024-06-25T12:43:27.960+0000] {docker.py:436} INFO - 24/06/25 12:43:27 INFO SparkContext: Added JAR file:///opt/bitnami/spark/.ivy2/jars/org.apache.spark_spark-sql-kafka-0-10_2.12-3.3.0.jar at spark://localhost:40687/jars/org.apache.spark_spark-sql-kafka-0-10_2.12-3.3.0.jar with timestamp 1719319406577
[2024-06-25T12:43:27.961+0000] {docker.py:436} INFO - 24/06/25 12:43:27 INFO SparkContext: Added JAR file:///opt/bitnami/spark/.ivy2/jars/org.postgresql_postgresql-42.2.2.jar at spark://localhost:40687/jars/org.postgresql_postgresql-42.2.2.jar with timestamp 1719319406577
[2024-06-25T12:43:27.961+0000] {docker.py:436} INFO - 24/06/25 12:43:27 INFO SparkContext: Added JAR file:///opt/bitnami/spark/.ivy2/jars/org.apache.spark_spark-token-provider-kafka-0-10_2.12-3.3.0.jar at spark://localhost:40687/jars/org.apache.spark_spark-token-provider-kafka-0-10_2.12-3.3.0.jar with timestamp 1719319406577
[2024-06-25T12:43:27.962+0000] {docker.py:436} INFO - 24/06/25 12:43:27 INFO SparkContext: Added JAR file:///opt/bitnami/spark/.ivy2/jars/org.apache.kafka_kafka-clients-2.8.1.jar at spark://localhost:40687/jars/org.apache.kafka_kafka-clients-2.8.1.jar with timestamp 1719319406577
[2024-06-25T12:43:27.962+0000] {docker.py:436} INFO - 24/06/25 12:43:27 INFO SparkContext: Added JAR file:///opt/bitnami/spark/.ivy2/jars/com.google.code.findbugs_jsr305-3.0.0.jar at spark://localhost:40687/jars/com.google.code.findbugs_jsr305-3.0.0.jar with timestamp 1719319406577
[2024-06-25T12:43:27.963+0000] {docker.py:436} INFO - 24/06/25 12:43:27 INFO SparkContext: Added JAR file:///opt/bitnami/spark/.ivy2/jars/org.apache.commons_commons-pool2-2.11.1.jar at spark://localhost:40687/jars/org.apache.commons_commons-pool2-2.11.1.jar with timestamp 1719319406577
[2024-06-25T12:43:27.963+0000] {docker.py:436} INFO - 24/06/25 12:43:27 INFO SparkContext: Added JAR file:///opt/bitnami/spark/.ivy2/jars/org.spark-project.spark_unused-1.0.0.jar at spark://localhost:40687/jars/org.spark-project.spark_unused-1.0.0.jar with timestamp 1719319406577
[2024-06-25T12:43:27.964+0000] {docker.py:436} INFO - 24/06/25 12:43:27 INFO SparkContext: Added JAR file:///opt/bitnami/spark/.ivy2/jars/org.apache.hadoop_hadoop-client-runtime-3.3.2.jar at spark://localhost:40687/jars/org.apache.hadoop_hadoop-client-runtime-3.3.2.jar with timestamp 1719319406577
[2024-06-25T12:43:27.965+0000] {docker.py:436} INFO - 24/06/25 12:43:27 INFO SparkContext: Added JAR file:///opt/bitnami/spark/.ivy2/jars/org.lz4_lz4-java-1.8.0.jar at spark://localhost:40687/jars/org.lz4_lz4-java-1.8.0.jar with timestamp 1719319406577
[2024-06-25T12:43:27.965+0000] {docker.py:436} INFO - 24/06/25 12:43:27 INFO SparkContext: Added JAR file:///opt/bitnami/spark/.ivy2/jars/org.xerial.snappy_snappy-java-1.1.8.4.jar at spark://localhost:40687/jars/org.xerial.snappy_snappy-java-1.1.8.4.jar with timestamp 1719319406577
[2024-06-25T12:43:27.966+0000] {docker.py:436} INFO - 24/06/25 12:43:27 INFO SparkContext: Added JAR file:///opt/bitnami/spark/.ivy2/jars/org.slf4j_slf4j-api-1.7.32.jar at spark://localhost:40687/jars/org.slf4j_slf4j-api-1.7.32.jar with timestamp 1719319406577
[2024-06-25T12:43:27.966+0000] {docker.py:436} INFO - 24/06/25 12:43:27 INFO SparkContext: Added JAR file:///opt/bitnami/spark/.ivy2/jars/org.apache.hadoop_hadoop-client-api-3.3.2.jar at spark://localhost:40687/jars/org.apache.hadoop_hadoop-client-api-3.3.2.jar with timestamp 1719319406577
[2024-06-25T12:43:27.967+0000] {docker.py:436} INFO - 24/06/25 12:43:27 INFO SparkContext: Added JAR file:///opt/bitnami/spark/.ivy2/jars/commons-logging_commons-logging-1.1.3.jar at spark://localhost:40687/jars/commons-logging_commons-logging-1.1.3.jar with timestamp 1719319406577
[2024-06-25T12:43:27.970+0000] {docker.py:436} INFO - 24/06/25 12:43:27 INFO SparkContext: Added file file:///opt/bitnami/spark/.ivy2/jars/org.apache.spark_spark-sql-kafka-0-10_2.12-3.3.0.jar at file:///opt/bitnami/spark/.ivy2/jars/org.apache.spark_spark-sql-kafka-0-10_2.12-3.3.0.jar with timestamp 1719319406577
[2024-06-25T12:43:27.973+0000] {docker.py:436} INFO - 24/06/25 12:43:27 INFO Utils: Copying /opt/bitnami/spark/.ivy2/jars/org.apache.spark_spark-sql-kafka-0-10_2.12-3.3.0.jar to /tmp/spark-7c98d1b9-8eac-40f0-a993-c642b7f670c0/userFiles-57c49b6a-e276-4443-a935-db00329a5ca2/org.apache.spark_spark-sql-kafka-0-10_2.12-3.3.0.jar
[2024-06-25T12:43:27.989+0000] {docker.py:436} INFO - 24/06/25 12:43:27 INFO SparkContext: Added file file:///opt/bitnami/spark/.ivy2/jars/org.postgresql_postgresql-42.2.2.jar at file:///opt/bitnami/spark/.ivy2/jars/org.postgresql_postgresql-42.2.2.jar with timestamp 1719319406577
[2024-06-25T12:43:27.990+0000] {docker.py:436} INFO - 24/06/25 12:43:27 INFO Utils: Copying /opt/bitnami/spark/.ivy2/jars/org.postgresql_postgresql-42.2.2.jar to /tmp/spark-7c98d1b9-8eac-40f0-a993-c642b7f670c0/userFiles-57c49b6a-e276-4443-a935-db00329a5ca2/org.postgresql_postgresql-42.2.2.jar
[2024-06-25T12:43:28.003+0000] {docker.py:436} INFO - 24/06/25 12:43:27 INFO SparkContext: Added file file:///opt/bitnami/spark/.ivy2/jars/org.apache.spark_spark-token-provider-kafka-0-10_2.12-3.3.0.jar at file:///opt/bitnami/spark/.ivy2/jars/org.apache.spark_spark-token-provider-kafka-0-10_2.12-3.3.0.jar with timestamp 1719319406577
24/06/25 12:43:27 INFO Utils: Copying /opt/bitnami/spark/.ivy2/jars/org.apache.spark_spark-token-provider-kafka-0-10_2.12-3.3.0.jar to /tmp/spark-7c98d1b9-8eac-40f0-a993-c642b7f670c0/userFiles-57c49b6a-e276-4443-a935-db00329a5ca2/org.apache.spark_spark-token-provider-kafka-0-10_2.12-3.3.0.jar
[2024-06-25T12:43:28.007+0000] {docker.py:436} INFO - 24/06/25 12:43:28 INFO SparkContext: Added file file:///opt/bitnami/spark/.ivy2/jars/org.apache.kafka_kafka-clients-2.8.1.jar at file:///opt/bitnami/spark/.ivy2/jars/org.apache.kafka_kafka-clients-2.8.1.jar with timestamp 1719319406577
24/06/25 12:43:28 INFO Utils: Copying /opt/bitnami/spark/.ivy2/jars/org.apache.kafka_kafka-clients-2.8.1.jar to /tmp/spark-7c98d1b9-8eac-40f0-a993-c642b7f670c0/userFiles-57c49b6a-e276-4443-a935-db00329a5ca2/org.apache.kafka_kafka-clients-2.8.1.jar
[2024-06-25T12:43:28.019+0000] {docker.py:436} INFO - 24/06/25 12:43:28 INFO SparkContext: Added file file:///opt/bitnami/spark/.ivy2/jars/com.google.code.findbugs_jsr305-3.0.0.jar at file:///opt/bitnami/spark/.ivy2/jars/com.google.code.findbugs_jsr305-3.0.0.jar with timestamp 1719319406577
[2024-06-25T12:43:28.020+0000] {docker.py:436} INFO - 24/06/25 12:43:28 INFO Utils: Copying /opt/bitnami/spark/.ivy2/jars/com.google.code.findbugs_jsr305-3.0.0.jar to /tmp/spark-7c98d1b9-8eac-40f0-a993-c642b7f670c0/userFiles-57c49b6a-e276-4443-a935-db00329a5ca2/com.google.code.findbugs_jsr305-3.0.0.jar
[2024-06-25T12:43:28.027+0000] {docker.py:436} INFO - 24/06/25 12:43:28 INFO SparkContext: Added file file:///opt/bitnami/spark/.ivy2/jars/org.apache.commons_commons-pool2-2.11.1.jar at file:///opt/bitnami/spark/.ivy2/jars/org.apache.commons_commons-pool2-2.11.1.jar with timestamp 1719319406577
24/06/25 12:43:28 INFO Utils: Copying /opt/bitnami/spark/.ivy2/jars/org.apache.commons_commons-pool2-2.11.1.jar to /tmp/spark-7c98d1b9-8eac-40f0-a993-c642b7f670c0/userFiles-57c49b6a-e276-4443-a935-db00329a5ca2/org.apache.commons_commons-pool2-2.11.1.jar
[2024-06-25T12:43:28.034+0000] {docker.py:436} INFO - 24/06/25 12:43:28 INFO SparkContext: Added file file:///opt/bitnami/spark/.ivy2/jars/org.spark-project.spark_unused-1.0.0.jar at file:///opt/bitnami/spark/.ivy2/jars/org.spark-project.spark_unused-1.0.0.jar with timestamp 1719319406577
[2024-06-25T12:43:28.034+0000] {docker.py:436} INFO - 24/06/25 12:43:28 INFO Utils: Copying /opt/bitnami/spark/.ivy2/jars/org.spark-project.spark_unused-1.0.0.jar to /tmp/spark-7c98d1b9-8eac-40f0-a993-c642b7f670c0/userFiles-57c49b6a-e276-4443-a935-db00329a5ca2/org.spark-project.spark_unused-1.0.0.jar
[2024-06-25T12:43:28.039+0000] {docker.py:436} INFO - 24/06/25 12:43:28 INFO SparkContext: Added file file:///opt/bitnami/spark/.ivy2/jars/org.apache.hadoop_hadoop-client-runtime-3.3.2.jar at file:///opt/bitnami/spark/.ivy2/jars/org.apache.hadoop_hadoop-client-runtime-3.3.2.jar with timestamp 1719319406577
[2024-06-25T12:43:28.040+0000] {docker.py:436} INFO - 24/06/25 12:43:28 INFO Utils: Copying /opt/bitnami/spark/.ivy2/jars/org.apache.hadoop_hadoop-client-runtime-3.3.2.jar to /tmp/spark-7c98d1b9-8eac-40f0-a993-c642b7f670c0/userFiles-57c49b6a-e276-4443-a935-db00329a5ca2/org.apache.hadoop_hadoop-client-runtime-3.3.2.jar
[2024-06-25T12:43:28.072+0000] {docker.py:436} INFO - 24/06/25 12:43:28 INFO SparkContext: Added file file:///opt/bitnami/spark/.ivy2/jars/org.lz4_lz4-java-1.8.0.jar at file:///opt/bitnami/spark/.ivy2/jars/org.lz4_lz4-java-1.8.0.jar with timestamp 1719319406577
[2024-06-25T12:43:28.073+0000] {docker.py:436} INFO - 24/06/25 12:43:28 INFO Utils: Copying /opt/bitnami/spark/.ivy2/jars/org.lz4_lz4-java-1.8.0.jar to /tmp/spark-7c98d1b9-8eac-40f0-a993-c642b7f670c0/userFiles-57c49b6a-e276-4443-a935-db00329a5ca2/org.lz4_lz4-java-1.8.0.jar
[2024-06-25T12:43:28.079+0000] {docker.py:436} INFO - 24/06/25 12:43:28 INFO SparkContext: Added file file:///opt/bitnami/spark/.ivy2/jars/org.xerial.snappy_snappy-java-1.1.8.4.jar at file:///opt/bitnami/spark/.ivy2/jars/org.xerial.snappy_snappy-java-1.1.8.4.jar with timestamp 1719319406577
[2024-06-25T12:43:28.080+0000] {docker.py:436} INFO - 24/06/25 12:43:28 INFO Utils: Copying /opt/bitnami/spark/.ivy2/jars/org.xerial.snappy_snappy-java-1.1.8.4.jar to /tmp/spark-7c98d1b9-8eac-40f0-a993-c642b7f670c0/userFiles-57c49b6a-e276-4443-a935-db00329a5ca2/org.xerial.snappy_snappy-java-1.1.8.4.jar
[2024-06-25T12:43:28.087+0000] {docker.py:436} INFO - 24/06/25 12:43:28 INFO SparkContext: Added file file:///opt/bitnami/spark/.ivy2/jars/org.slf4j_slf4j-api-1.7.32.jar at file:///opt/bitnami/spark/.ivy2/jars/org.slf4j_slf4j-api-1.7.32.jar with timestamp 1719319406577
[2024-06-25T12:43:28.088+0000] {docker.py:436} INFO - 24/06/25 12:43:28 INFO Utils: Copying /opt/bitnami/spark/.ivy2/jars/org.slf4j_slf4j-api-1.7.32.jar to /tmp/spark-7c98d1b9-8eac-40f0-a993-c642b7f670c0/userFiles-57c49b6a-e276-4443-a935-db00329a5ca2/org.slf4j_slf4j-api-1.7.32.jar
[2024-06-25T12:43:28.096+0000] {docker.py:436} INFO - 24/06/25 12:43:28 INFO SparkContext: Added file file:///opt/bitnami/spark/.ivy2/jars/org.apache.hadoop_hadoop-client-api-3.3.2.jar at file:///opt/bitnami/spark/.ivy2/jars/org.apache.hadoop_hadoop-client-api-3.3.2.jar with timestamp 1719319406577
[2024-06-25T12:43:28.097+0000] {docker.py:436} INFO - 24/06/25 12:43:28 INFO Utils: Copying /opt/bitnami/spark/.ivy2/jars/org.apache.hadoop_hadoop-client-api-3.3.2.jar to /tmp/spark-7c98d1b9-8eac-40f0-a993-c642b7f670c0/userFiles-57c49b6a-e276-4443-a935-db00329a5ca2/org.apache.hadoop_hadoop-client-api-3.3.2.jar
[2024-06-25T12:43:28.122+0000] {docker.py:436} INFO - 24/06/25 12:43:28 INFO SparkContext: Added file file:///opt/bitnami/spark/.ivy2/jars/commons-logging_commons-logging-1.1.3.jar at file:///opt/bitnami/spark/.ivy2/jars/commons-logging_commons-logging-1.1.3.jar with timestamp 1719319406577
[2024-06-25T12:43:28.123+0000] {docker.py:436} INFO - 24/06/25 12:43:28 INFO Utils: Copying /opt/bitnami/spark/.ivy2/jars/commons-logging_commons-logging-1.1.3.jar to /tmp/spark-7c98d1b9-8eac-40f0-a993-c642b7f670c0/userFiles-57c49b6a-e276-4443-a935-db00329a5ca2/commons-logging_commons-logging-1.1.3.jar
[2024-06-25T12:43:28.246+0000] {docker.py:436} INFO - 24/06/25 12:43:28 INFO Executor: Starting executor ID driver on host localhost
[2024-06-25T12:43:28.247+0000] {docker.py:436} INFO - 24/06/25 12:43:28 INFO Executor: OS info Linux, 6.5.0-41-generic, amd64
24/06/25 12:43:28 INFO Executor: Java version 17.0.11
[2024-06-25T12:43:28.258+0000] {docker.py:436} INFO - 24/06/25 12:43:28 INFO Executor: Starting executor with user classpath (userClassPathFirst = false): ''
[2024-06-25T12:43:28.259+0000] {docker.py:436} INFO - 24/06/25 12:43:28 INFO Executor: Created or updated repl class loader org.apache.spark.util.MutableURLClassLoader@316ec987 for default.
[2024-06-25T12:43:28.275+0000] {docker.py:436} INFO - 24/06/25 12:43:28 INFO Executor: Fetching file:///opt/bitnami/spark/.ivy2/jars/org.postgresql_postgresql-42.2.2.jar with timestamp 1719319406577
[2024-06-25T12:43:28.308+0000] {docker.py:436} INFO - 24/06/25 12:43:28 INFO Utils: /opt/bitnami/spark/.ivy2/jars/org.postgresql_postgresql-42.2.2.jar has been previously copied to /tmp/spark-7c98d1b9-8eac-40f0-a993-c642b7f670c0/userFiles-57c49b6a-e276-4443-a935-db00329a5ca2/org.postgresql_postgresql-42.2.2.jar
[2024-06-25T12:43:28.310+0000] {docker.py:436} INFO - 24/06/25 12:43:28 INFO Executor: Fetching file:///opt/bitnami/spark/.ivy2/jars/org.apache.hadoop_hadoop-client-api-3.3.2.jar with timestamp 1719319406577
[2024-06-25T12:43:28.337+0000] {docker.py:436} INFO - 24/06/25 12:43:28 INFO Utils: /opt/bitnami/spark/.ivy2/jars/org.apache.hadoop_hadoop-client-api-3.3.2.jar has been previously copied to /tmp/spark-7c98d1b9-8eac-40f0-a993-c642b7f670c0/userFiles-57c49b6a-e276-4443-a935-db00329a5ca2/org.apache.hadoop_hadoop-client-api-3.3.2.jar
[2024-06-25T12:43:28.340+0000] {docker.py:436} INFO - 24/06/25 12:43:28 INFO Executor: Fetching file:///opt/bitnami/spark/.ivy2/jars/org.xerial.snappy_snappy-java-1.1.8.4.jar with timestamp 1719319406577
[2024-06-25T12:43:28.343+0000] {docker.py:436} INFO - 24/06/25 12:43:28 INFO Utils: /opt/bitnami/spark/.ivy2/jars/org.xerial.snappy_snappy-java-1.1.8.4.jar has been previously copied to /tmp/spark-7c98d1b9-8eac-40f0-a993-c642b7f670c0/userFiles-57c49b6a-e276-4443-a935-db00329a5ca2/org.xerial.snappy_snappy-java-1.1.8.4.jar
[2024-06-25T12:43:28.351+0000] {docker.py:436} INFO - 24/06/25 12:43:28 INFO Executor: Fetching file:///opt/bitnami/spark/.ivy2/jars/org.apache.hadoop_hadoop-client-runtime-3.3.2.jar with timestamp 1719319406577
[2024-06-25T12:43:28.383+0000] {docker.py:436} INFO - 24/06/25 12:43:28 INFO Utils: /opt/bitnami/spark/.ivy2/jars/org.apache.hadoop_hadoop-client-runtime-3.3.2.jar has been previously copied to /tmp/spark-7c98d1b9-8eac-40f0-a993-c642b7f670c0/userFiles-57c49b6a-e276-4443-a935-db00329a5ca2/org.apache.hadoop_hadoop-client-runtime-3.3.2.jar
[2024-06-25T12:43:28.387+0000] {docker.py:436} INFO - 24/06/25 12:43:28 INFO Executor: Fetching file:///opt/bitnami/spark/.ivy2/jars/org.apache.commons_commons-pool2-2.11.1.jar with timestamp 1719319406577
[2024-06-25T12:43:28.388+0000] {docker.py:436} INFO - 24/06/25 12:43:28 INFO Utils: /opt/bitnami/spark/.ivy2/jars/org.apache.commons_commons-pool2-2.11.1.jar has been previously copied to /tmp/spark-7c98d1b9-8eac-40f0-a993-c642b7f670c0/userFiles-57c49b6a-e276-4443-a935-db00329a5ca2/org.apache.commons_commons-pool2-2.11.1.jar
[2024-06-25T12:43:28.392+0000] {docker.py:436} INFO - 24/06/25 12:43:28 INFO Executor: Fetching file:///opt/bitnami/spark/.ivy2/jars/org.apache.spark_spark-token-provider-kafka-0-10_2.12-3.3.0.jar with timestamp 1719319406577
[2024-06-25T12:43:28.393+0000] {docker.py:436} INFO - 24/06/25 12:43:28 INFO Utils: /opt/bitnami/spark/.ivy2/jars/org.apache.spark_spark-token-provider-kafka-0-10_2.12-3.3.0.jar has been previously copied to /tmp/spark-7c98d1b9-8eac-40f0-a993-c642b7f670c0/userFiles-57c49b6a-e276-4443-a935-db00329a5ca2/org.apache.spark_spark-token-provider-kafka-0-10_2.12-3.3.0.jar
[2024-06-25T12:43:28.397+0000] {docker.py:436} INFO - 24/06/25 12:43:28 INFO Executor: Fetching file:///opt/bitnami/spark/.ivy2/jars/org.slf4j_slf4j-api-1.7.32.jar with timestamp 1719319406577
[2024-06-25T12:43:28.398+0000] {docker.py:436} INFO - 24/06/25 12:43:28 INFO Utils: /opt/bitnami/spark/.ivy2/jars/org.slf4j_slf4j-api-1.7.32.jar has been previously copied to /tmp/spark-7c98d1b9-8eac-40f0-a993-c642b7f670c0/userFiles-57c49b6a-e276-4443-a935-db00329a5ca2/org.slf4j_slf4j-api-1.7.32.jar
[2024-06-25T12:43:28.402+0000] {docker.py:436} INFO - 24/06/25 12:43:28 INFO Executor: Fetching file:///opt/bitnami/spark/.ivy2/jars/org.apache.spark_spark-sql-kafka-0-10_2.12-3.3.0.jar with timestamp 1719319406577
[2024-06-25T12:43:28.403+0000] {docker.py:436} INFO - 24/06/25 12:43:28 INFO Utils: /opt/bitnami/spark/.ivy2/jars/org.apache.spark_spark-sql-kafka-0-10_2.12-3.3.0.jar has been previously copied to /tmp/spark-7c98d1b9-8eac-40f0-a993-c642b7f670c0/userFiles-57c49b6a-e276-4443-a935-db00329a5ca2/org.apache.spark_spark-sql-kafka-0-10_2.12-3.3.0.jar
[2024-06-25T12:43:28.407+0000] {docker.py:436} INFO - 24/06/25 12:43:28 INFO Executor: Fetching file:///opt/bitnami/spark/.ivy2/jars/com.google.code.findbugs_jsr305-3.0.0.jar with timestamp 1719319406577
[2024-06-25T12:43:28.408+0000] {docker.py:436} INFO - 24/06/25 12:43:28 INFO Utils: /opt/bitnami/spark/.ivy2/jars/com.google.code.findbugs_jsr305-3.0.0.jar has been previously copied to /tmp/spark-7c98d1b9-8eac-40f0-a993-c642b7f670c0/userFiles-57c49b6a-e276-4443-a935-db00329a5ca2/com.google.code.findbugs_jsr305-3.0.0.jar
[2024-06-25T12:43:28.412+0000] {docker.py:436} INFO - 24/06/25 12:43:28 INFO Executor: Fetching file:///opt/bitnami/spark/.ivy2/jars/org.lz4_lz4-java-1.8.0.jar with timestamp 1719319406577
[2024-06-25T12:43:28.415+0000] {docker.py:436} INFO - 24/06/25 12:43:28 INFO Utils: /opt/bitnami/spark/.ivy2/jars/org.lz4_lz4-java-1.8.0.jar has been previously copied to /tmp/spark-7c98d1b9-8eac-40f0-a993-c642b7f670c0/userFiles-57c49b6a-e276-4443-a935-db00329a5ca2/org.lz4_lz4-java-1.8.0.jar
[2024-06-25T12:43:28.419+0000] {docker.py:436} INFO - 24/06/25 12:43:28 INFO Executor: Fetching file:///opt/bitnami/spark/.ivy2/jars/commons-logging_commons-logging-1.1.3.jar with timestamp 1719319406577
[2024-06-25T12:43:28.420+0000] {docker.py:436} INFO - 24/06/25 12:43:28 INFO Utils: /opt/bitnami/spark/.ivy2/jars/commons-logging_commons-logging-1.1.3.jar has been previously copied to /tmp/spark-7c98d1b9-8eac-40f0-a993-c642b7f670c0/userFiles-57c49b6a-e276-4443-a935-db00329a5ca2/commons-logging_commons-logging-1.1.3.jar
[2024-06-25T12:43:28.426+0000] {docker.py:436} INFO - 24/06/25 12:43:28 INFO Executor: Fetching file:///opt/bitnami/spark/.ivy2/jars/org.spark-project.spark_unused-1.0.0.jar with timestamp 1719319406577
24/06/25 12:43:28 INFO Utils: /opt/bitnami/spark/.ivy2/jars/org.spark-project.spark_unused-1.0.0.jar has been previously copied to /tmp/spark-7c98d1b9-8eac-40f0-a993-c642b7f670c0/userFiles-57c49b6a-e276-4443-a935-db00329a5ca2/org.spark-project.spark_unused-1.0.0.jar
[2024-06-25T12:43:28.440+0000] {docker.py:436} INFO - 24/06/25 12:43:28 INFO Executor: Fetching file:///opt/bitnami/spark/.ivy2/jars/org.apache.kafka_kafka-clients-2.8.1.jar with timestamp 1719319406577
[2024-06-25T12:43:28.446+0000] {docker.py:436} INFO - 24/06/25 12:43:28 INFO Utils: /opt/bitnami/spark/.ivy2/jars/org.apache.kafka_kafka-clients-2.8.1.jar has been previously copied to /tmp/spark-7c98d1b9-8eac-40f0-a993-c642b7f670c0/userFiles-57c49b6a-e276-4443-a935-db00329a5ca2/org.apache.kafka_kafka-clients-2.8.1.jar
[2024-06-25T12:43:28.452+0000] {docker.py:436} INFO - 24/06/25 12:43:28 INFO Executor: Fetching spark://localhost:40687/jars/org.slf4j_slf4j-api-1.7.32.jar with timestamp 1719319406577
[2024-06-25T12:43:28.509+0000] {docker.py:436} INFO - 24/06/25 12:43:28 INFO TransportClientFactory: Successfully created connection to localhost/127.0.0.1:40687 after 39 ms (0 ms spent in bootstraps)
[2024-06-25T12:43:28.522+0000] {docker.py:436} INFO - 24/06/25 12:43:28 INFO Utils: Fetching spark://localhost:40687/jars/org.slf4j_slf4j-api-1.7.32.jar to /tmp/spark-7c98d1b9-8eac-40f0-a993-c642b7f670c0/userFiles-57c49b6a-e276-4443-a935-db00329a5ca2/fetchFileTemp9794352692405722604.tmp
[2024-06-25T12:43:28.566+0000] {docker.py:436} INFO - 24/06/25 12:43:28 INFO Utils: /tmp/spark-7c98d1b9-8eac-40f0-a993-c642b7f670c0/userFiles-57c49b6a-e276-4443-a935-db00329a5ca2/fetchFileTemp9794352692405722604.tmp has been previously copied to /tmp/spark-7c98d1b9-8eac-40f0-a993-c642b7f670c0/userFiles-57c49b6a-e276-4443-a935-db00329a5ca2/org.slf4j_slf4j-api-1.7.32.jar
[2024-06-25T12:43:28.576+0000] {docker.py:436} INFO - 24/06/25 12:43:28 INFO Executor: Adding file:/tmp/spark-7c98d1b9-8eac-40f0-a993-c642b7f670c0/userFiles-57c49b6a-e276-4443-a935-db00329a5ca2/org.slf4j_slf4j-api-1.7.32.jar to class loader default
[2024-06-25T12:43:28.577+0000] {docker.py:436} INFO - 24/06/25 12:43:28 INFO Executor: Fetching spark://localhost:40687/jars/org.xerial.snappy_snappy-java-1.1.8.4.jar with timestamp 1719319406577
[2024-06-25T12:43:28.578+0000] {docker.py:436} INFO - 24/06/25 12:43:28 INFO Utils: Fetching spark://localhost:40687/jars/org.xerial.snappy_snappy-java-1.1.8.4.jar to /tmp/spark-7c98d1b9-8eac-40f0-a993-c642b7f670c0/userFiles-57c49b6a-e276-4443-a935-db00329a5ca2/fetchFileTemp10422968634579263556.tmp
[2024-06-25T12:43:28.619+0000] {docker.py:436} INFO - 24/06/25 12:43:28 INFO Utils: /tmp/spark-7c98d1b9-8eac-40f0-a993-c642b7f670c0/userFiles-57c49b6a-e276-4443-a935-db00329a5ca2/fetchFileTemp10422968634579263556.tmp has been previously copied to /tmp/spark-7c98d1b9-8eac-40f0-a993-c642b7f670c0/userFiles-57c49b6a-e276-4443-a935-db00329a5ca2/org.xerial.snappy_snappy-java-1.1.8.4.jar
[2024-06-25T12:43:28.626+0000] {docker.py:436} INFO - 24/06/25 12:43:28 INFO Executor: Adding file:/tmp/spark-7c98d1b9-8eac-40f0-a993-c642b7f670c0/userFiles-57c49b6a-e276-4443-a935-db00329a5ca2/org.xerial.snappy_snappy-java-1.1.8.4.jar to class loader default
[2024-06-25T12:43:28.628+0000] {docker.py:436} INFO - 24/06/25 12:43:28 INFO Executor: Fetching spark://localhost:40687/jars/org.postgresql_postgresql-42.2.2.jar with timestamp 1719319406577
[2024-06-25T12:43:28.630+0000] {docker.py:436} INFO - 24/06/25 12:43:28 INFO Utils: Fetching spark://localhost:40687/jars/org.postgresql_postgresql-42.2.2.jar to /tmp/spark-7c98d1b9-8eac-40f0-a993-c642b7f670c0/userFiles-57c49b6a-e276-4443-a935-db00329a5ca2/fetchFileTemp7410396738981382754.tmp
[2024-06-25T12:43:28.643+0000] {docker.py:436} INFO - 24/06/25 12:43:28 INFO Utils: /tmp/spark-7c98d1b9-8eac-40f0-a993-c642b7f670c0/userFiles-57c49b6a-e276-4443-a935-db00329a5ca2/fetchFileTemp7410396738981382754.tmp has been previously copied to /tmp/spark-7c98d1b9-8eac-40f0-a993-c642b7f670c0/userFiles-57c49b6a-e276-4443-a935-db00329a5ca2/org.postgresql_postgresql-42.2.2.jar
[2024-06-25T12:43:28.651+0000] {docker.py:436} INFO - 24/06/25 12:43:28 INFO Executor: Adding file:/tmp/spark-7c98d1b9-8eac-40f0-a993-c642b7f670c0/userFiles-57c49b6a-e276-4443-a935-db00329a5ca2/org.postgresql_postgresql-42.2.2.jar to class loader default
[2024-06-25T12:43:28.653+0000] {docker.py:436} INFO - 24/06/25 12:43:28 INFO Executor: Fetching spark://localhost:40687/jars/org.apache.kafka_kafka-clients-2.8.1.jar with timestamp 1719319406577
[2024-06-25T12:43:28.654+0000] {docker.py:436} INFO - 24/06/25 12:43:28 INFO Utils: Fetching spark://localhost:40687/jars/org.apache.kafka_kafka-clients-2.8.1.jar to /tmp/spark-7c98d1b9-8eac-40f0-a993-c642b7f670c0/userFiles-57c49b6a-e276-4443-a935-db00329a5ca2/fetchFileTemp2047416993291194150.tmp
[2024-06-25T12:43:28.741+0000] {docker.py:436} INFO - 24/06/25 12:43:28 INFO Utils: /tmp/spark-7c98d1b9-8eac-40f0-a993-c642b7f670c0/userFiles-57c49b6a-e276-4443-a935-db00329a5ca2/fetchFileTemp2047416993291194150.tmp has been previously copied to /tmp/spark-7c98d1b9-8eac-40f0-a993-c642b7f670c0/userFiles-57c49b6a-e276-4443-a935-db00329a5ca2/org.apache.kafka_kafka-clients-2.8.1.jar
[2024-06-25T12:43:28.750+0000] {docker.py:436} INFO - 24/06/25 12:43:28 INFO Executor: Adding file:/tmp/spark-7c98d1b9-8eac-40f0-a993-c642b7f670c0/userFiles-57c49b6a-e276-4443-a935-db00329a5ca2/org.apache.kafka_kafka-clients-2.8.1.jar to class loader default
[2024-06-25T12:43:28.751+0000] {docker.py:436} INFO - 24/06/25 12:43:28 INFO Executor: Fetching spark://localhost:40687/jars/org.apache.spark_spark-sql-kafka-0-10_2.12-3.3.0.jar with timestamp 1719319406577
[2024-06-25T12:43:28.751+0000] {docker.py:436} INFO - 24/06/25 12:43:28 INFO Utils: Fetching spark://localhost:40687/jars/org.apache.spark_spark-sql-kafka-0-10_2.12-3.3.0.jar to /tmp/spark-7c98d1b9-8eac-40f0-a993-c642b7f670c0/userFiles-57c49b6a-e276-4443-a935-db00329a5ca2/fetchFileTemp946480257353214721.tmp
[2024-06-25T12:43:28.759+0000] {docker.py:436} INFO - 24/06/25 12:43:28 INFO Utils: /tmp/spark-7c98d1b9-8eac-40f0-a993-c642b7f670c0/userFiles-57c49b6a-e276-4443-a935-db00329a5ca2/fetchFileTemp946480257353214721.tmp has been previously copied to /tmp/spark-7c98d1b9-8eac-40f0-a993-c642b7f670c0/userFiles-57c49b6a-e276-4443-a935-db00329a5ca2/org.apache.spark_spark-sql-kafka-0-10_2.12-3.3.0.jar
[2024-06-25T12:43:28.766+0000] {docker.py:436} INFO - 24/06/25 12:43:28 INFO Executor: Adding file:/tmp/spark-7c98d1b9-8eac-40f0-a993-c642b7f670c0/userFiles-57c49b6a-e276-4443-a935-db00329a5ca2/org.apache.spark_spark-sql-kafka-0-10_2.12-3.3.0.jar to class loader default
[2024-06-25T12:43:28.767+0000] {docker.py:436} INFO - 24/06/25 12:43:28 INFO Executor: Fetching spark://localhost:40687/jars/com.google.code.findbugs_jsr305-3.0.0.jar with timestamp 1719319406577
[2024-06-25T12:43:28.768+0000] {docker.py:436} INFO - 24/06/25 12:43:28 INFO Utils: Fetching spark://localhost:40687/jars/com.google.code.findbugs_jsr305-3.0.0.jar to /tmp/spark-7c98d1b9-8eac-40f0-a993-c642b7f670c0/userFiles-57c49b6a-e276-4443-a935-db00329a5ca2/fetchFileTemp9511065249667195990.tmp
[2024-06-25T12:43:28.772+0000] {docker.py:436} INFO - 24/06/25 12:43:28 INFO Utils: /tmp/spark-7c98d1b9-8eac-40f0-a993-c642b7f670c0/userFiles-57c49b6a-e276-4443-a935-db00329a5ca2/fetchFileTemp9511065249667195990.tmp has been previously copied to /tmp/spark-7c98d1b9-8eac-40f0-a993-c642b7f670c0/userFiles-57c49b6a-e276-4443-a935-db00329a5ca2/com.google.code.findbugs_jsr305-3.0.0.jar
[2024-06-25T12:43:28.779+0000] {docker.py:436} INFO - 24/06/25 12:43:28 INFO Executor: Adding file:/tmp/spark-7c98d1b9-8eac-40f0-a993-c642b7f670c0/userFiles-57c49b6a-e276-4443-a935-db00329a5ca2/com.google.code.findbugs_jsr305-3.0.0.jar to class loader default
[2024-06-25T12:43:28.780+0000] {docker.py:436} INFO - 24/06/25 12:43:28 INFO Executor: Fetching spark://localhost:40687/jars/org.spark-project.spark_unused-1.0.0.jar with timestamp 1719319406577
[2024-06-25T12:43:28.784+0000] {docker.py:436} INFO - 24/06/25 12:43:28 INFO Utils: Fetching spark://localhost:40687/jars/org.spark-project.spark_unused-1.0.0.jar to /tmp/spark-7c98d1b9-8eac-40f0-a993-c642b7f670c0/userFiles-57c49b6a-e276-4443-a935-db00329a5ca2/fetchFileTemp6110732824188272894.tmp
[2024-06-25T12:43:28.789+0000] {docker.py:436} INFO - 24/06/25 12:43:28 INFO Utils: /tmp/spark-7c98d1b9-8eac-40f0-a993-c642b7f670c0/userFiles-57c49b6a-e276-4443-a935-db00329a5ca2/fetchFileTemp6110732824188272894.tmp has been previously copied to /tmp/spark-7c98d1b9-8eac-40f0-a993-c642b7f670c0/userFiles-57c49b6a-e276-4443-a935-db00329a5ca2/org.spark-project.spark_unused-1.0.0.jar
[2024-06-25T12:43:28.794+0000] {docker.py:436} INFO - 24/06/25 12:43:28 INFO Executor: Adding file:/tmp/spark-7c98d1b9-8eac-40f0-a993-c642b7f670c0/userFiles-57c49b6a-e276-4443-a935-db00329a5ca2/org.spark-project.spark_unused-1.0.0.jar to class loader default
[2024-06-25T12:43:28.800+0000] {docker.py:436} INFO - 24/06/25 12:43:28 INFO Executor: Fetching spark://localhost:40687/jars/org.apache.hadoop_hadoop-client-api-3.3.2.jar with timestamp 1719319406577
[2024-06-25T12:43:28.806+0000] {docker.py:436} INFO - 24/06/25 12:43:28 INFO Utils: Fetching spark://localhost:40687/jars/org.apache.hadoop_hadoop-client-api-3.3.2.jar to /tmp/spark-7c98d1b9-8eac-40f0-a993-c642b7f670c0/userFiles-57c49b6a-e276-4443-a935-db00329a5ca2/fetchFileTemp10717474403165978341.tmp
[2024-06-25T12:43:28.955+0000] {docker.py:436} INFO - 24/06/25 12:43:28 INFO Utils: /tmp/spark-7c98d1b9-8eac-40f0-a993-c642b7f670c0/userFiles-57c49b6a-e276-4443-a935-db00329a5ca2/fetchFileTemp10717474403165978341.tmp has been previously copied to /tmp/spark-7c98d1b9-8eac-40f0-a993-c642b7f670c0/userFiles-57c49b6a-e276-4443-a935-db00329a5ca2/org.apache.hadoop_hadoop-client-api-3.3.2.jar
[2024-06-25T12:43:28.961+0000] {docker.py:436} INFO - 24/06/25 12:43:28 INFO Executor: Adding file:/tmp/spark-7c98d1b9-8eac-40f0-a993-c642b7f670c0/userFiles-57c49b6a-e276-4443-a935-db00329a5ca2/org.apache.hadoop_hadoop-client-api-3.3.2.jar to class loader default
[2024-06-25T12:43:28.962+0000] {docker.py:436} INFO - 24/06/25 12:43:28 INFO Executor: Fetching spark://localhost:40687/jars/org.lz4_lz4-java-1.8.0.jar with timestamp 1719319406577
[2024-06-25T12:43:28.962+0000] {docker.py:436} INFO - 24/06/25 12:43:28 INFO Utils: Fetching spark://localhost:40687/jars/org.lz4_lz4-java-1.8.0.jar to /tmp/spark-7c98d1b9-8eac-40f0-a993-c642b7f670c0/userFiles-57c49b6a-e276-4443-a935-db00329a5ca2/fetchFileTemp2198010074697930108.tmp
[2024-06-25T12:43:28.965+0000] {docker.py:436} INFO - 24/06/25 12:43:28 INFO Utils: /tmp/spark-7c98d1b9-8eac-40f0-a993-c642b7f670c0/userFiles-57c49b6a-e276-4443-a935-db00329a5ca2/fetchFileTemp2198010074697930108.tmp has been previously copied to /tmp/spark-7c98d1b9-8eac-40f0-a993-c642b7f670c0/userFiles-57c49b6a-e276-4443-a935-db00329a5ca2/org.lz4_lz4-java-1.8.0.jar
[2024-06-25T12:43:28.969+0000] {docker.py:436} INFO - 24/06/25 12:43:28 INFO Executor: Adding file:/tmp/spark-7c98d1b9-8eac-40f0-a993-c642b7f670c0/userFiles-57c49b6a-e276-4443-a935-db00329a5ca2/org.lz4_lz4-java-1.8.0.jar to class loader default
[2024-06-25T12:43:28.969+0000] {docker.py:436} INFO - 24/06/25 12:43:28 INFO Executor: Fetching spark://localhost:40687/jars/org.apache.commons_commons-pool2-2.11.1.jar with timestamp 1719319406577
[2024-06-25T12:43:28.970+0000] {docker.py:436} INFO - 24/06/25 12:43:28 INFO Utils: Fetching spark://localhost:40687/jars/org.apache.commons_commons-pool2-2.11.1.jar to /tmp/spark-7c98d1b9-8eac-40f0-a993-c642b7f670c0/userFiles-57c49b6a-e276-4443-a935-db00329a5ca2/fetchFileTemp14611954272299665615.tmp
[2024-06-25T12:43:28.972+0000] {docker.py:436} INFO - 24/06/25 12:43:28 INFO Utils: /tmp/spark-7c98d1b9-8eac-40f0-a993-c642b7f670c0/userFiles-57c49b6a-e276-4443-a935-db00329a5ca2/fetchFileTemp14611954272299665615.tmp has been previously copied to /tmp/spark-7c98d1b9-8eac-40f0-a993-c642b7f670c0/userFiles-57c49b6a-e276-4443-a935-db00329a5ca2/org.apache.commons_commons-pool2-2.11.1.jar
[2024-06-25T12:43:28.975+0000] {docker.py:436} INFO - 24/06/25 12:43:28 INFO Executor: Adding file:/tmp/spark-7c98d1b9-8eac-40f0-a993-c642b7f670c0/userFiles-57c49b6a-e276-4443-a935-db00329a5ca2/org.apache.commons_commons-pool2-2.11.1.jar to class loader default
[2024-06-25T12:43:28.976+0000] {docker.py:436} INFO - 24/06/25 12:43:28 INFO Executor: Fetching spark://localhost:40687/jars/commons-logging_commons-logging-1.1.3.jar with timestamp 1719319406577
[2024-06-25T12:43:28.976+0000] {docker.py:436} INFO - 24/06/25 12:43:28 INFO Utils: Fetching spark://localhost:40687/jars/commons-logging_commons-logging-1.1.3.jar to /tmp/spark-7c98d1b9-8eac-40f0-a993-c642b7f670c0/userFiles-57c49b6a-e276-4443-a935-db00329a5ca2/fetchFileTemp9992071241223518920.tmp
[2024-06-25T12:43:28.978+0000] {docker.py:436} INFO - 24/06/25 12:43:28 INFO Utils: /tmp/spark-7c98d1b9-8eac-40f0-a993-c642b7f670c0/userFiles-57c49b6a-e276-4443-a935-db00329a5ca2/fetchFileTemp9992071241223518920.tmp has been previously copied to /tmp/spark-7c98d1b9-8eac-40f0-a993-c642b7f670c0/userFiles-57c49b6a-e276-4443-a935-db00329a5ca2/commons-logging_commons-logging-1.1.3.jar
[2024-06-25T12:43:28.981+0000] {docker.py:436} INFO - 24/06/25 12:43:28 INFO Executor: Adding file:/tmp/spark-7c98d1b9-8eac-40f0-a993-c642b7f670c0/userFiles-57c49b6a-e276-4443-a935-db00329a5ca2/commons-logging_commons-logging-1.1.3.jar to class loader default
[2024-06-25T12:43:28.982+0000] {docker.py:436} INFO - 24/06/25 12:43:28 INFO Executor: Fetching spark://localhost:40687/jars/org.apache.hadoop_hadoop-client-runtime-3.3.2.jar with timestamp 1719319406577
[2024-06-25T12:43:28.983+0000] {docker.py:436} INFO - 24/06/25 12:43:28 INFO Utils: Fetching spark://localhost:40687/jars/org.apache.hadoop_hadoop-client-runtime-3.3.2.jar to /tmp/spark-7c98d1b9-8eac-40f0-a993-c642b7f670c0/userFiles-57c49b6a-e276-4443-a935-db00329a5ca2/fetchFileTemp11289434862053913737.tmp
[2024-06-25T12:43:29.140+0000] {docker.py:436} INFO - 24/06/25 12:43:29 INFO Utils: /tmp/spark-7c98d1b9-8eac-40f0-a993-c642b7f670c0/userFiles-57c49b6a-e276-4443-a935-db00329a5ca2/fetchFileTemp11289434862053913737.tmp has been previously copied to /tmp/spark-7c98d1b9-8eac-40f0-a993-c642b7f670c0/userFiles-57c49b6a-e276-4443-a935-db00329a5ca2/org.apache.hadoop_hadoop-client-runtime-3.3.2.jar
[2024-06-25T12:43:29.148+0000] {docker.py:436} INFO - 24/06/25 12:43:29 INFO Executor: Adding file:/tmp/spark-7c98d1b9-8eac-40f0-a993-c642b7f670c0/userFiles-57c49b6a-e276-4443-a935-db00329a5ca2/org.apache.hadoop_hadoop-client-runtime-3.3.2.jar to class loader default
[2024-06-25T12:43:29.149+0000] {docker.py:436} INFO - 24/06/25 12:43:29 INFO Executor: Fetching spark://localhost:40687/jars/org.apache.spark_spark-token-provider-kafka-0-10_2.12-3.3.0.jar with timestamp 1719319406577
[2024-06-25T12:43:29.150+0000] {docker.py:436} INFO - 24/06/25 12:43:29 INFO Utils: Fetching spark://localhost:40687/jars/org.apache.spark_spark-token-provider-kafka-0-10_2.12-3.3.0.jar to /tmp/spark-7c98d1b9-8eac-40f0-a993-c642b7f670c0/userFiles-57c49b6a-e276-4443-a935-db00329a5ca2/fetchFileTemp4091466914978572313.tmp
[2024-06-25T12:43:29.151+0000] {docker.py:436} INFO - 24/06/25 12:43:29 INFO Utils: /tmp/spark-7c98d1b9-8eac-40f0-a993-c642b7f670c0/userFiles-57c49b6a-e276-4443-a935-db00329a5ca2/fetchFileTemp4091466914978572313.tmp has been previously copied to /tmp/spark-7c98d1b9-8eac-40f0-a993-c642b7f670c0/userFiles-57c49b6a-e276-4443-a935-db00329a5ca2/org.apache.spark_spark-token-provider-kafka-0-10_2.12-3.3.0.jar
[2024-06-25T12:43:29.158+0000] {docker.py:436} INFO - 24/06/25 12:43:29 INFO Executor: Adding file:/tmp/spark-7c98d1b9-8eac-40f0-a993-c642b7f670c0/userFiles-57c49b6a-e276-4443-a935-db00329a5ca2/org.apache.spark_spark-token-provider-kafka-0-10_2.12-3.3.0.jar to class loader default
[2024-06-25T12:43:29.170+0000] {docker.py:436} INFO - 24/06/25 12:43:29 INFO Utils: Successfully started service 'org.apache.spark.network.netty.NettyBlockTransferService' on port 37277.
[2024-06-25T12:43:29.171+0000] {docker.py:436} INFO - 24/06/25 12:43:29 INFO NettyBlockTransferService: Server created on localhost:37277
[2024-06-25T12:43:29.173+0000] {docker.py:436} INFO - 24/06/25 12:43:29 INFO BlockManager: Using org.apache.spark.storage.RandomBlockReplicationPolicy for block replication policy
[2024-06-25T12:43:29.182+0000] {docker.py:436} INFO - 24/06/25 12:43:29 INFO BlockManagerMaster: Registering BlockManager BlockManagerId(driver, localhost, 37277, None)
[2024-06-25T12:43:29.187+0000] {docker.py:436} INFO - 24/06/25 12:43:29 INFO BlockManagerMasterEndpoint: Registering block manager localhost:37277 with 434.4 MiB RAM, BlockManagerId(driver, localhost, 37277, None)
[2024-06-25T12:43:29.189+0000] {docker.py:436} INFO - 24/06/25 12:43:29 INFO BlockManagerMaster: Registered BlockManager BlockManagerId(driver, localhost, 37277, None)
[2024-06-25T12:43:29.191+0000] {docker.py:436} INFO - 24/06/25 12:43:29 INFO BlockManager: Initialized BlockManager: BlockManagerId(driver, localhost, 37277, None)
[2024-06-25T12:43:29.772+0000] {docker.py:436} INFO - 2024-06-25 12:43:29,771:create_spark_session:INFO:Spark session created successfully
[2024-06-25T12:43:29.781+0000] {docker.py:436} INFO - 24/06/25 12:43:29 INFO SharedState: Setting hive.metastore.warehouse.dir ('null') to the value of spark.sql.warehouse.dir.
[2024-06-25T12:43:29.786+0000] {docker.py:436} INFO - 24/06/25 12:43:29 INFO SharedState: Warehouse path is 'file:/opt/bitnami/spark/spark-warehouse'.
[2024-06-25T12:43:31.801+0000] {docker.py:436} INFO - 2024-06-25 12:43:31,800:create_initial_dataframe:INFO:Initial dataframe created successfully: {df.show()}
[2024-06-25T12:43:31.802+0000] {docker.py:436} INFO - StructType([StructField('item_purchased', StringType(), True), StructField('date_of_purchase', DateType(), True), StructField('cost', FloatType(), True), StructField('quantity', IntegerType(), True), StructField('purchased_by', StringType(), True), StructField('payment_method', StringType(), True)])
[2024-06-25T12:43:32.299+0000] {docker.py:436} INFO - Traceback (most recent call last):
  File "/opt/bitnami/spark/scripts/spark_bronze_layer.py", line 118, in <module>
[2024-06-25T12:43:32.300+0000] {docker.py:436} INFO - 
[2024-06-25T12:43:32.301+0000] {docker.py:436} INFO - write_to_postgres()
[2024-06-25T12:43:32.301+0000] {docker.py:436} INFO - 
[2024-06-25T12:43:32.302+0000] {docker.py:436} INFO - File "/opt/bitnami/spark/scripts/spark_bronze_layer.py", line 114, in write_to_postgres
[2024-06-25T12:43:32.302+0000] {docker.py:436} INFO - 
[2024-06-25T12:43:32.302+0000] {docker.py:436} INFO - start_streaming(final_df,spark=spark)
[2024-06-25T12:43:32.303+0000] {docker.py:436} INFO - 
[2024-06-25T12:43:32.303+0000] {docker.py:436} INFO - File "/opt/bitnami/spark/scripts/spark_bronze_layer.py", line 89, in start_streaming
[2024-06-25T12:43:32.303+0000] {docker.py:436} INFO - 
[2024-06-25T12:43:32.304+0000] {docker.py:436} INFO - existing_data_df = spark.read.jdbc(
[2024-06-25T12:43:32.304+0000] {docker.py:436} INFO - 
[2024-06-25T12:43:32.305+0000] {docker.py:436} INFO - 
[2024-06-25T12:43:32.305+0000] {docker.py:436} INFO - 
[2024-06-25T12:43:32.305+0000] {docker.py:436} INFO - 
[2024-06-25T12:43:32.306+0000] {docker.py:436} INFO - 
[2024-06-25T12:43:32.306+0000] {docker.py:436} INFO - 
[2024-06-25T12:43:32.307+0000] {docker.py:436} INFO - 
[2024-06-25T12:43:32.307+0000] {docker.py:436} INFO - 
[2024-06-25T12:43:32.307+0000] {docker.py:436} INFO - 
[2024-06-25T12:43:32.308+0000] {docker.py:436} INFO - 
[2024-06-25T12:43:32.308+0000] {docker.py:436} INFO - 
[2024-06-25T12:43:32.308+0000] {docker.py:436} INFO - 
[2024-06-25T12:43:32.309+0000] {docker.py:436} INFO - 
[2024-06-25T12:43:32.309+0000] {docker.py:436} INFO - 
[2024-06-25T12:43:32.310+0000] {docker.py:436} INFO - 
[2024-06-25T12:43:32.310+0000] {docker.py:436} INFO - 
[2024-06-25T12:43:32.310+0000] {docker.py:436} INFO - 
[2024-06-25T12:43:32.311+0000] {docker.py:436} INFO - 
[2024-06-25T12:43:32.311+0000] {docker.py:436} INFO - 
[2024-06-25T12:43:32.311+0000] {docker.py:436} INFO - 
[2024-06-25T12:43:32.312+0000] {docker.py:436} INFO - 
[2024-06-25T12:43:32.312+0000] {docker.py:436} INFO - 
[2024-06-25T12:43:32.312+0000] {docker.py:436} INFO - 
[2024-06-25T12:43:32.313+0000] {docker.py:436} INFO - 
[2024-06-25T12:43:32.313+0000] {docker.py:436} INFO - ^
[2024-06-25T12:43:32.313+0000] {docker.py:436} INFO - ^
[2024-06-25T12:43:32.314+0000] {docker.py:436} INFO - ^
[2024-06-25T12:43:32.314+0000] {docker.py:436} INFO - ^
[2024-06-25T12:43:32.314+0000] {docker.py:436} INFO - ^
[2024-06-25T12:43:32.315+0000] {docker.py:436} INFO - ^
[2024-06-25T12:43:32.315+0000] {docker.py:436} INFO - ^
[2024-06-25T12:43:32.315+0000] {docker.py:436} INFO - ^
[2024-06-25T12:43:32.316+0000] {docker.py:436} INFO - ^
[2024-06-25T12:43:32.316+0000] {docker.py:436} INFO - ^
[2024-06-25T12:43:32.316+0000] {docker.py:436} INFO - ^
[2024-06-25T12:43:32.317+0000] {docker.py:436} INFO - ^
[2024-06-25T12:43:32.317+0000] {docker.py:436} INFO - ^
[2024-06-25T12:43:32.318+0000] {docker.py:436} INFO - ^
[2024-06-25T12:43:32.318+0000] {docker.py:436} INFO - ^
[2024-06-25T12:43:32.319+0000] {docker.py:436} INFO - ^
[2024-06-25T12:43:32.319+0000] {docker.py:436} INFO - 
[2024-06-25T12:43:32.320+0000] {docker.py:436} INFO - File "/opt/bitnami/spark/python/lib/pyspark.zip/pyspark/sql/readwriter.py", line 946, in jdbc
[2024-06-25T12:43:32.320+0000] {docker.py:436} INFO - File "/opt/bitnami/spark/python/lib/py4j-0.10.9.7-src.zip/py4j/java_gateway.py", line 1322, in __call__
  File "/opt/bitnami/spark/python/lib/pyspark.zip/pyspark/errors/exceptions/captured.py", line 179, in deco
  File "/opt/bitnami/spark/python/lib/py4j-0.10.9.7-src.zip/py4j/protocol.py", line 326, in get_return_value
py4j.protocol.Py4JJavaError
[2024-06-25T12:43:32.321+0000] {docker.py:436} INFO - : An error occurred while calling o50.jdbc.
: org.postgresql.util.PSQLException: ERROR: relation "bronze_grocery_purchase" does not exist
  Position: 15
	at org.postgresql.core.v3.QueryExecutorImpl.receiveErrorResponse(QueryExecutorImpl.java:2433)
	at org.postgresql.core.v3.QueryExecutorImpl.processResults(QueryExecutorImpl.java:2178)
	at org.postgresql.core.v3.QueryExecutorImpl.execute(QueryExecutorImpl.java:306)
	at org.postgresql.jdbc.PgStatement.executeInternal(PgStatement.java:441)
	at org.postgresql.jdbc.PgStatement.execute(PgStatement.java:365)
	at org.postgresql.jdbc.PgPreparedStatement.executeWithFlags(PgPreparedStatement.java:155)
	at org.postgresql.jdbc.PgPreparedStatement.executeQuery(PgPreparedStatement.java:118)
	at org.apache.spark.sql.execution.datasources.jdbc.JDBCRDD$.getQueryOutputSchema(JDBCRDD.scala:68)
	at org.apache.spark.sql.execution.datasources.jdbc.JDBCRDD$.resolveTable(JDBCRDD.scala:58)
	at org.apache.spark.sql.execution.datasources.jdbc.JDBCRelation$.getSchema(JDBCRelation.scala:241)
	at org.apache.spark.sql.execution.datasources.jdbc.JdbcRelationProvider.createRelation(JdbcRelationProvider.scala:37)
	at org.apache.spark.sql.execution.datasources.DataSource.resolveRelation(DataSource.scala:346)
	at org.apache.spark.sql.DataFrameReader.loadV1Source(DataFrameReader.scala:229)
	at org.apache.spark.sql.DataFrameReader.$anonfun$load$2(DataFrameReader.scala:211)
	at scala.Option.getOrElse(Option.scala:189)
	at org.apache.spark.sql.DataFrameReader.load(DataFrameReader.scala:211)
	at org.apache.spark.sql.DataFrameReader.load(DataFrameReader.scala:172)
	at org.apache.spark.sql.DataFrameReader.jdbc(DataFrameReader.scala:249)
	at java.base/jdk.internal.reflect.NativeMethodAccessorImpl.invoke0(Native Method)
	at java.base/jdk.internal.reflect.NativeMethodAccessorImpl.invoke(NativeMethodAccessorImpl.java:77)
	at java.base/jdk.internal.reflect.DelegatingMethodAccessorImpl.invoke(DelegatingMethodAccessorImpl.java:43)
	at java.base/java.lang.reflect.Method.invoke(Method.java:568)
	at py4j.reflection.MethodInvoker.invoke(MethodInvoker.java:244)
	at py4j.reflection.ReflectionEngine.invoke(ReflectionEngine.java:374)
	at py4j.Gateway.invoke(Gateway.java:282)
	at py4j.commands.AbstractCommand.invokeMethod(AbstractCommand.java:132)
	at py4j.commands.CallCommand.execute(CallCommand.java:79)
	at py4j.ClientServerConnection.waitForCommands(ClientServerConnection.java:182)
	at py4j.ClientServerConnection.run(ClientServerConnection.java:106)
	at java.base/java.lang.Thread.run(Thread.java:840)

2024-06-25 12:43:32,307:close:INFO:Closing down clientserver connection
[2024-06-25T12:43:32.363+0000] {docker.py:436} INFO - 24/06/25 12:43:32 INFO SparkContext: Invoking stop() from shutdown hook
[2024-06-25T12:43:32.364+0000] {docker.py:436} INFO - 24/06/25 12:43:32 INFO SparkContext: SparkContext is stopping with exitCode 0.
[2024-06-25T12:43:32.380+0000] {docker.py:436} INFO - 24/06/25 12:43:32 INFO SparkUI: Stopped Spark web UI at http://localhost:4040
[2024-06-25T12:43:32.406+0000] {docker.py:436} INFO - 24/06/25 12:43:32 INFO MapOutputTrackerMasterEndpoint: MapOutputTrackerMasterEndpoint stopped!
[2024-06-25T12:43:32.421+0000] {docker.py:436} INFO - 24/06/25 12:43:32 INFO MemoryStore: MemoryStore cleared
[2024-06-25T12:43:32.422+0000] {docker.py:436} INFO - 24/06/25 12:43:32 INFO BlockManager: BlockManager stopped
[2024-06-25T12:43:32.433+0000] {docker.py:436} INFO - 24/06/25 12:43:32 INFO BlockManagerMaster: BlockManagerMaster stopped
[2024-06-25T12:43:32.438+0000] {docker.py:436} INFO - 24/06/25 12:43:32 INFO OutputCommitCoordinator$OutputCommitCoordinatorEndpoint: OutputCommitCoordinator stopped!
[2024-06-25T12:43:32.455+0000] {docker.py:436} INFO - 24/06/25 12:43:32 INFO SparkContext: Successfully stopped SparkContext
[2024-06-25T12:43:32.456+0000] {docker.py:436} INFO - 24/06/25 12:43:32 INFO ShutdownHookManager: Shutdown hook called
[2024-06-25T12:43:32.457+0000] {docker.py:436} INFO - 24/06/25 12:43:32 INFO ShutdownHookManager: Deleting directory /tmp/spark-078365ec-c23b-48dc-8a32-df66a7d9ddff
[2024-06-25T12:43:32.467+0000] {docker.py:436} INFO - 24/06/25 12:43:32 INFO ShutdownHookManager: Deleting directory /tmp/spark-7c98d1b9-8eac-40f0-a993-c642b7f670c0
[2024-06-25T12:43:32.472+0000] {docker.py:436} INFO - 24/06/25 12:43:32 INFO ShutdownHookManager: Deleting directory /tmp/spark-7c98d1b9-8eac-40f0-a993-c642b7f670c0/pyspark-050adff9-9ab3-4f35-afbe-d2e84aa9a261
[2024-06-25T12:43:32.774+0000] {taskinstance.py:441} INFO - ::group::Post task execution logs
[2024-06-25T12:43:32.784+0000] {taskinstance.py:2905} ERROR - Task failed with exception
Traceback (most recent call last):
  File "/home/airflow/.local/lib/python3.12/site-packages/docker/api/client.py", line 265, in _raise_for_status
    response.raise_for_status()
  File "/home/airflow/.local/lib/python3.12/site-packages/requests/models.py", line 1021, in raise_for_status
    raise HTTPError(http_error_msg, response=self)
requests.exceptions.HTTPError: 400 Client Error: Bad Request for url: http://docker-proxy:2375/v1.45/containers/create

The above exception was the direct cause of the following exception:

Traceback (most recent call last):
  File "/home/airflow/.local/lib/python3.12/site-packages/airflow/providers/docker/operators/docker.py", line 371, in _run_image
    return self._run_image_with_mounts([*self.mounts, tmp_mount], add_tmp_variable=True)
           ^^^^^^^^^^^^^^^^^^^^^^^^^^^^^^^^^^^^^^^^^^^^^^^^^^^^^^^^^^^^^^^^^^^^^^^^^^^^^
  File "/home/airflow/.local/lib/python3.12/site-packages/airflow/providers/docker/operators/docker.py", line 398, in _run_image_with_mounts
    self.container = self.cli.create_container(
                     ^^^^^^^^^^^^^^^^^^^^^^^^^^
  File "/home/airflow/.local/lib/python3.12/site-packages/docker/api/container.py", line 439, in create_container
    return self.create_container_from_config(config, name, platform)
           ^^^^^^^^^^^^^^^^^^^^^^^^^^^^^^^^^^^^^^^^^^^^^^^^^^^^^^^^^
  File "/home/airflow/.local/lib/python3.12/site-packages/docker/api/container.py", line 456, in create_container_from_config
    return self._result(res, True)
           ^^^^^^^^^^^^^^^^^^^^^^^
  File "/home/airflow/.local/lib/python3.12/site-packages/docker/api/client.py", line 271, in _result
    self._raise_for_status(response)
  File "/home/airflow/.local/lib/python3.12/site-packages/docker/api/client.py", line 267, in _raise_for_status
    raise create_api_error_from_http_exception(e) from e
          ^^^^^^^^^^^^^^^^^^^^^^^^^^^^^^^^^^^^^^^
  File "/home/airflow/.local/lib/python3.12/site-packages/docker/errors.py", line 39, in create_api_error_from_http_exception
    raise cls(e, response=response, explanation=explanation) from e
docker.errors.APIError: 400 Client Error for http://docker-proxy:2375/v1.45/containers/create: Bad Request ("invalid mount config for type "bind": bind source path does not exist: /tmp/airflowtmp2n51t97b")

During handling of the above exception, another exception occurred:

Traceback (most recent call last):
  File "/home/airflow/.local/lib/python3.12/site-packages/airflow/models/taskinstance.py", line 465, in _execute_task
    result = _execute_callable(context=context, **execute_callable_kwargs)
             ^^^^^^^^^^^^^^^^^^^^^^^^^^^^^^^^^^^^^^^^^^^^^^^^^^^^^^^^^^^^^
  File "/home/airflow/.local/lib/python3.12/site-packages/airflow/models/taskinstance.py", line 432, in _execute_callable
    return execute_callable(context=context, **execute_callable_kwargs)
           ^^^^^^^^^^^^^^^^^^^^^^^^^^^^^^^^^^^^^^^^^^^^^^^^^^^^^^^^^^^^
  File "/home/airflow/.local/lib/python3.12/site-packages/airflow/models/baseoperator.py", line 400, in wrapper
    return func(self, *args, **kwargs)
           ^^^^^^^^^^^^^^^^^^^^^^^^^^^
  File "/home/airflow/.local/lib/python3.12/site-packages/airflow/providers/docker/operators/docker.py", line 509, in execute
    return self._run_image()
           ^^^^^^^^^^^^^^^^^
  File "/home/airflow/.local/lib/python3.12/site-packages/airflow/providers/docker/operators/docker.py", line 380, in _run_image
    return self._run_image_with_mounts(self.mounts, add_tmp_variable=False)
           ^^^^^^^^^^^^^^^^^^^^^^^^^^^^^^^^^^^^^^^^^^^^^^^^^^^^^^^^^^^^^^^^
  File "/home/airflow/.local/lib/python3.12/site-packages/airflow/providers/docker/operators/docker.py", line 444, in _run_image_with_mounts
    raise DockerContainerFailedException(f"Docker container failed: {result!r}", logs=log_lines)
airflow.providers.docker.exceptions.DockerContainerFailedException: Docker container failed: {'StatusCode': 1}
[2024-06-25T12:43:32.790+0000] {taskinstance.py:1206} INFO - Marking task as FAILED. dag_id=Stage_1, task_id=run_bronze_job, run_id=manual__2024-06-25T12:43:02.413479+00:00, execution_date=20240625T124302, start_date=20240625T124308, end_date=20240625T124332
[2024-06-25T12:43:32.809+0000] {standard_task_runner.py:110} ERROR - Failed to execute job 149 for task run_bronze_job (Docker container failed: {'StatusCode': 1}; 1809)
[2024-06-25T12:43:32.838+0000] {local_task_job_runner.py:240} INFO - Task exited with return code 1
[2024-06-25T12:43:32.854+0000] {taskinstance.py:3498} INFO - 0 downstream tasks scheduled from follow-on schedule check
[2024-06-25T12:43:32.857+0000] {local_task_job_runner.py:222} INFO - ::endgroup::
