[2024-06-27T19:14:57.891+0000] {local_task_job_runner.py:120} INFO - ::group::Pre task execution logs
[2024-06-27T19:14:57.932+0000] {taskinstance.py:2076} INFO - Dependencies all met for dep_context=non-requeueable deps ti=<TaskInstance: Stage_1.run_silver_job manual__2024-06-27T19:14:07.542249+00:00 [queued]>
[2024-06-27T19:14:57.945+0000] {taskinstance.py:2076} INFO - Dependencies all met for dep_context=requeueable deps ti=<TaskInstance: Stage_1.run_silver_job manual__2024-06-27T19:14:07.542249+00:00 [queued]>
[2024-06-27T19:14:57.946+0000] {taskinstance.py:2306} INFO - Starting attempt 1 of 1
[2024-06-27T19:14:57.962+0000] {taskinstance.py:2330} INFO - Executing <Task(DockerOperator): run_silver_job> on 2024-06-27 19:14:07.542249+00:00
[2024-06-27T19:14:57.969+0000] {logging_mixin.py:188} WARNING - /home/***/.local/lib/python3.12/site-packages/***/task/task_runner/standard_task_runner.py:61 DeprecationWarning: This process (pid=924) is multi-threaded, use of fork() may lead to deadlocks in the child.
[2024-06-27T19:14:57.970+0000] {standard_task_runner.py:63} INFO - Started process 925 to run task
[2024-06-27T19:14:57.969+0000] {standard_task_runner.py:90} INFO - Running: ['***', 'tasks', 'run', 'Stage_1', 'run_silver_job', 'manual__2024-06-27T19:14:07.542249+00:00', '--job-id', '436', '--raw', '--subdir', 'DAGS_FOLDER/kafka_dag.py', '--cfg-path', '/tmp/tmpcgkqpv19']
[2024-06-27T19:14:57.972+0000] {standard_task_runner.py:91} INFO - Job 436: Subtask run_silver_job
[2024-06-27T19:14:57.987+0000] {logging_mixin.py:188} WARNING - /home/***/.local/lib/python3.12/site-packages/***/settings.py:195 DeprecationWarning: The sql_alchemy_conn option in [core] has been moved to the sql_alchemy_conn option in [database] - the old setting has been used, but please update your config.
[2024-06-27T19:14:58.023+0000] {task_command.py:426} INFO - Running <TaskInstance: Stage_1.run_silver_job manual__2024-06-27T19:14:07.542249+00:00 [running]> on host bafdbafde709
[2024-06-27T19:14:58.136+0000] {taskinstance.py:2648} INFO - Exporting env vars: AIRFLOW_CTX_DAG_OWNER='***' AIRFLOW_CTX_DAG_ID='Stage_1' AIRFLOW_CTX_TASK_ID='run_silver_job' AIRFLOW_CTX_EXECUTION_DATE='2024-06-27T19:14:07.542249+00:00' AIRFLOW_CTX_TRY_NUMBER='1' AIRFLOW_CTX_DAG_RUN_ID='manual__2024-06-27T19:14:07.542249+00:00'
[2024-06-27T19:14:58.137+0000] {taskinstance.py:430} INFO - ::endgroup::
[2024-06-27T19:14:58.171+0000] {docker.py:366} INFO - Starting docker container from image bitnami/spark:latest
[2024-06-27T19:14:58.175+0000] {docker.py:374} WARNING - Using remote engine or docker-in-docker and mounting temporary volume from host is not supported. Falling back to `mount_tmp_dir=False` mode. You can set `mount_tmp_dir` parameter to False to disable mounting and remove the warning
[2024-06-27T19:14:58.603+0000] {docker.py:436} INFO - [38;5;6mspark [38;5;5m19:14:58.60 [0m[38;5;2mINFO [0m ==>
[2024-06-27T19:14:58.604+0000] {docker.py:436} INFO - [38;5;6mspark [38;5;5m19:14:58.60 [0m[38;5;2mINFO [0m ==> [1mWelcome to the Bitnami spark container[0m
[2024-06-27T19:14:58.606+0000] {docker.py:436} INFO - [38;5;6mspark [38;5;5m19:14:58.60 [0m[38;5;2mINFO [0m ==> Subscribe to project updates by watching [1mhttps://github.com/bitnami/containers[0m
[2024-06-27T19:14:58.608+0000] {docker.py:436} INFO - [38;5;6mspark [38;5;5m19:14:58.60 [0m[38;5;2mINFO [0m ==> Submit issues and feature requests at [1mhttps://github.com/bitnami/containers/issues[0m
[2024-06-27T19:14:58.610+0000] {docker.py:436} INFO - [38;5;6mspark [38;5;5m19:14:58.61 [0m[38;5;2mINFO [0m ==> Upgrade to Tanzu Application Catalog for production environments to access custom-configured and pre-packaged software components. Gain enhanced features, including Software Bill of Materials (SBOM), CVE scan result reports, and VEX documents. To learn more, visit [1mhttps://bitnami.com/enterprise[0m
[2024-06-27T19:14:58.612+0000] {docker.py:436} INFO - [38;5;6mspark [38;5;5m19:14:58.61 [0m[38;5;2mINFO [0m ==>
[2024-06-27T19:14:58.624+0000] {docker.py:436} INFO - 
[2024-06-27T19:15:01.044+0000] {docker.py:436} INFO - :: loading settings :: url = jar:file:/opt/bitnami/spark/jars/ivy-2.5.1.jar!/org/apache/ivy/core/settings/ivysettings.xml
[2024-06-27T19:15:01.145+0000] {docker.py:436} INFO - Ivy Default Cache set to: /opt/bitnami/spark/.ivy2/cache
The jars for the packages stored in: /opt/bitnami/spark/.ivy2/jars
[2024-06-27T19:15:01.155+0000] {docker.py:436} INFO - org.postgresql#postgresql added as a dependency
[2024-06-27T19:15:01.159+0000] {docker.py:436} INFO - :: resolving dependencies :: org.apache.spark#spark-submit-parent-8e55712d-b4b5-48c8-92f2-e796281e72f7;1.0
	confs: [default]
[2024-06-27T19:15:03.818+0000] {docker.py:436} INFO - found org.postgresql#postgresql;42.2.2 in central
[2024-06-27T19:15:03.848+0000] {docker.py:436} INFO - downloading https://repo1.maven.org/maven2/org/postgresql/postgresql/42.2.2/postgresql-42.2.2.jar ...
[2024-06-27T19:15:04.045+0000] {docker.py:436} INFO - [SUCCESSFUL ] org.postgresql#postgresql;42.2.2!postgresql.jar(bundle) (212ms)
[2024-06-27T19:15:04.049+0000] {docker.py:436} INFO - :: resolution report :: resolve 2673ms :: artifacts dl 217ms
[2024-06-27T19:15:04.050+0000] {docker.py:436} INFO - :: modules in use:
[2024-06-27T19:15:04.050+0000] {docker.py:436} INFO - org.postgresql#postgresql;42.2.2 from central in [default]
[2024-06-27T19:15:04.051+0000] {docker.py:436} INFO - ---------------------------------------------------------------------
[2024-06-27T19:15:04.051+0000] {docker.py:436} INFO - |                  |            modules            ||   artifacts   |
[2024-06-27T19:15:04.052+0000] {docker.py:436} INFO - |       conf       | number| search|dwnlded|evicted|| number|dwnlded|
	---------------------------------------------------------------------
[2024-06-27T19:15:04.052+0000] {docker.py:436} INFO - |      default     |   1   |   1   |   1   |   0   ||   1   |   1   |
	---------------------------------------------------------------------
[2024-06-27T19:15:04.057+0000] {docker.py:436} INFO - :: retrieving :: org.apache.spark#spark-submit-parent-8e55712d-b4b5-48c8-92f2-e796281e72f7
	confs: [default]
[2024-06-27T19:15:04.070+0000] {docker.py:436} INFO - 1 artifacts copied, 0 already retrieved (771kB/15ms)
[2024-06-27T19:15:04.425+0000] {docker.py:436} INFO - 24/06/27 19:15:04 WARN NativeCodeLoader: Unable to load native-hadoop library for your platform... using builtin-java classes where applicable
[2024-06-27T19:15:05.741+0000] {docker.py:436} INFO - 24/06/27 19:15:05 INFO SparkContext: Running Spark version 3.5.1
[2024-06-27T19:15:05.745+0000] {docker.py:436} INFO - 24/06/27 19:15:05 INFO SparkContext: OS info Linux, 6.5.0-41-generic, amd64
[2024-06-27T19:15:05.746+0000] {docker.py:436} INFO - 24/06/27 19:15:05 INFO SparkContext: Java version 17.0.11
[2024-06-27T19:15:05.794+0000] {docker.py:436} INFO - 24/06/27 19:15:05 INFO ResourceUtils: ==============================================================
[2024-06-27T19:15:05.795+0000] {docker.py:436} INFO - 24/06/27 19:15:05 INFO ResourceUtils: No custom resources configured for spark.driver.
[2024-06-27T19:15:05.797+0000] {docker.py:436} INFO - 24/06/27 19:15:05 INFO ResourceUtils: ==============================================================
[2024-06-27T19:15:05.801+0000] {docker.py:436} INFO - 24/06/27 19:15:05 INFO SparkContext: Submitted application: PostgreSQL Connection with PySpark
[2024-06-27T19:15:05.838+0000] {docker.py:436} INFO - 24/06/27 19:15:05 INFO ResourceProfile: Default ResourceProfile created, executor resources: Map(cores -> name: cores, amount: 1, script: , vendor: , memory -> name: memory, amount: 1024, script: , vendor: , offHeap -> name: offHeap, amount: 0, script: , vendor: ), task resources: Map(cpus -> name: cpus, amount: 1.0)
[2024-06-27T19:15:05.852+0000] {docker.py:436} INFO - 24/06/27 19:15:05 INFO ResourceProfile: Limiting resource is cpu
[2024-06-27T19:15:05.853+0000] {docker.py:436} INFO - 24/06/27 19:15:05 INFO ResourceProfileManager: Added ResourceProfile id: 0
[2024-06-27T19:15:05.949+0000] {docker.py:436} INFO - 24/06/27 19:15:05 INFO SecurityManager: Changing view acls to: spark
[2024-06-27T19:15:05.951+0000] {docker.py:436} INFO - 24/06/27 19:15:05 INFO SecurityManager: Changing modify acls to: spark
[2024-06-27T19:15:05.952+0000] {docker.py:436} INFO - 24/06/27 19:15:05 INFO SecurityManager: Changing view acls groups to:
[2024-06-27T19:15:05.953+0000] {docker.py:436} INFO - 24/06/27 19:15:05 INFO SecurityManager: Changing modify acls groups to:
[2024-06-27T19:15:05.955+0000] {docker.py:436} INFO - 24/06/27 19:15:05 INFO SecurityManager: SecurityManager: authentication disabled; ui acls disabled; users with view permissions: spark; groups with view permissions: EMPTY; users with modify permissions: spark; groups with modify permissions: EMPTY
[2024-06-27T19:15:06.246+0000] {docker.py:436} INFO - 24/06/27 19:15:06 INFO Utils: Successfully started service 'sparkDriver' on port 36153.
[2024-06-27T19:15:06.295+0000] {docker.py:436} INFO - 24/06/27 19:15:06 INFO SparkEnv: Registering MapOutputTracker
[2024-06-27T19:15:06.347+0000] {docker.py:436} INFO - 24/06/27 19:15:06 INFO SparkEnv: Registering BlockManagerMaster
[2024-06-27T19:15:06.385+0000] {docker.py:436} INFO - 24/06/27 19:15:06 INFO BlockManagerMasterEndpoint: Using org.apache.spark.storage.DefaultTopologyMapper for getting topology information
[2024-06-27T19:15:06.387+0000] {docker.py:436} INFO - 24/06/27 19:15:06 INFO BlockManagerMasterEndpoint: BlockManagerMasterEndpoint up
[2024-06-27T19:15:06.392+0000] {docker.py:436} INFO - 24/06/27 19:15:06 INFO SparkEnv: Registering BlockManagerMasterHeartbeat
[2024-06-27T19:15:06.424+0000] {docker.py:436} INFO - 24/06/27 19:15:06 INFO DiskBlockManager: Created local directory at /tmp/blockmgr-efa1e80d-6525-4d21-b323-57787cdd2036
[2024-06-27T19:15:06.452+0000] {docker.py:436} INFO - 24/06/27 19:15:06 INFO MemoryStore: MemoryStore started with capacity 434.4 MiB
[2024-06-27T19:15:06.475+0000] {docker.py:436} INFO - 24/06/27 19:15:06 INFO SparkEnv: Registering OutputCommitCoordinator
[2024-06-27T19:15:06.701+0000] {docker.py:436} INFO - 24/06/27 19:15:06 INFO JettyUtils: Start Jetty 0.0.0.0:4040 for SparkUI
[2024-06-27T19:15:06.800+0000] {docker.py:436} INFO - 24/06/27 19:15:06 INFO Utils: Successfully started service 'SparkUI' on port 4040.
[2024-06-27T19:15:06.854+0000] {docker.py:436} INFO - 24/06/27 19:15:06 INFO SparkContext: Added JAR file:///opt/bitnami/spark/.ivy2/jars/org.postgresql_postgresql-42.2.2.jar at spark://localhost:36153/jars/org.postgresql_postgresql-42.2.2.jar with timestamp 1719515705731
[2024-06-27T19:15:06.860+0000] {docker.py:436} INFO - 24/06/27 19:15:06 INFO SparkContext: Added file file:///opt/bitnami/spark/.ivy2/jars/org.postgresql_postgresql-42.2.2.jar at file:///opt/bitnami/spark/.ivy2/jars/org.postgresql_postgresql-42.2.2.jar with timestamp 1719515705731
[2024-06-27T19:15:06.863+0000] {docker.py:436} INFO - 24/06/27 19:15:06 INFO Utils: Copying /opt/bitnami/spark/.ivy2/jars/org.postgresql_postgresql-42.2.2.jar to /tmp/spark-4cb21a05-6097-474c-a90c-617b8f099eef/userFiles-729a5a6f-0407-4ccd-a594-3b173e556efd/org.postgresql_postgresql-42.2.2.jar
[2024-06-27T19:15:06.977+0000] {docker.py:436} INFO - 24/06/27 19:15:06 INFO Executor: Starting executor ID driver on host localhost
[2024-06-27T19:15:06.978+0000] {docker.py:436} INFO - 24/06/27 19:15:06 INFO Executor: OS info Linux, 6.5.0-41-generic, amd64
[2024-06-27T19:15:06.979+0000] {docker.py:436} INFO - 24/06/27 19:15:06 INFO Executor: Java version 17.0.11
[2024-06-27T19:15:06.987+0000] {docker.py:436} INFO - 24/06/27 19:15:06 INFO Executor: Starting executor with user classpath (userClassPathFirst = false): ''
[2024-06-27T19:15:06.989+0000] {docker.py:436} INFO - 24/06/27 19:15:06 INFO Executor: Created or updated repl class loader org.apache.spark.util.MutableURLClassLoader@2b1702e0 for default.
[2024-06-27T19:15:07.003+0000] {docker.py:436} INFO - 24/06/27 19:15:07 INFO Executor: Fetching file:///opt/bitnami/spark/.ivy2/jars/org.postgresql_postgresql-42.2.2.jar with timestamp 1719515705731
[2024-06-27T19:15:07.024+0000] {docker.py:436} INFO - 24/06/27 19:15:07 INFO Utils: /opt/bitnami/spark/.ivy2/jars/org.postgresql_postgresql-42.2.2.jar has been previously copied to /tmp/spark-4cb21a05-6097-474c-a90c-617b8f099eef/userFiles-729a5a6f-0407-4ccd-a594-3b173e556efd/org.postgresql_postgresql-42.2.2.jar
[2024-06-27T19:15:07.031+0000] {docker.py:436} INFO - 24/06/27 19:15:07 INFO Executor: Fetching spark://localhost:36153/jars/org.postgresql_postgresql-42.2.2.jar with timestamp 1719515705731
[2024-06-27T19:15:07.079+0000] {docker.py:436} INFO - 24/06/27 19:15:07 INFO TransportClientFactory: Successfully created connection to localhost/127.0.0.1:36153 after 35 ms (0 ms spent in bootstraps)
[2024-06-27T19:15:07.088+0000] {docker.py:436} INFO - 24/06/27 19:15:07 INFO Utils: Fetching spark://localhost:36153/jars/org.postgresql_postgresql-42.2.2.jar to /tmp/spark-4cb21a05-6097-474c-a90c-617b8f099eef/userFiles-729a5a6f-0407-4ccd-a594-3b173e556efd/fetchFileTemp18331992951661938180.tmp
[2024-06-27T19:15:07.119+0000] {docker.py:436} INFO - 24/06/27 19:15:07 INFO Utils: /tmp/spark-4cb21a05-6097-474c-a90c-617b8f099eef/userFiles-729a5a6f-0407-4ccd-a594-3b173e556efd/fetchFileTemp18331992951661938180.tmp has been previously copied to /tmp/spark-4cb21a05-6097-474c-a90c-617b8f099eef/userFiles-729a5a6f-0407-4ccd-a594-3b173e556efd/org.postgresql_postgresql-42.2.2.jar
[2024-06-27T19:15:07.124+0000] {docker.py:436} INFO - 24/06/27 19:15:07 INFO Executor: Adding file:/tmp/spark-4cb21a05-6097-474c-a90c-617b8f099eef/userFiles-729a5a6f-0407-4ccd-a594-3b173e556efd/org.postgresql_postgresql-42.2.2.jar to class loader default
[2024-06-27T19:15:07.157+0000] {docker.py:436} INFO - 24/06/27 19:15:07 INFO Utils: Successfully started service 'org.apache.spark.network.netty.NettyBlockTransferService' on port 40757.
[2024-06-27T19:15:07.157+0000] {docker.py:436} INFO - 24/06/27 19:15:07 INFO NettyBlockTransferService: Server created on localhost:40757
[2024-06-27T19:15:07.160+0000] {docker.py:436} INFO - 24/06/27 19:15:07 INFO BlockManager: Using org.apache.spark.storage.RandomBlockReplicationPolicy for block replication policy
[2024-06-27T19:15:07.171+0000] {docker.py:436} INFO - 24/06/27 19:15:07 INFO BlockManagerMaster: Registering BlockManager BlockManagerId(driver, localhost, 40757, None)
[2024-06-27T19:15:07.177+0000] {docker.py:436} INFO - 24/06/27 19:15:07 INFO BlockManagerMasterEndpoint: Registering block manager localhost:40757 with 434.4 MiB RAM, BlockManagerId(driver, localhost, 40757, None)
[2024-06-27T19:15:07.180+0000] {docker.py:436} INFO - 24/06/27 19:15:07 INFO BlockManagerMaster: Registered BlockManager BlockManagerId(driver, localhost, 40757, None)
[2024-06-27T19:15:07.182+0000] {docker.py:436} INFO - 24/06/27 19:15:07 INFO BlockManager: Initialized BlockManager: BlockManagerId(driver, localhost, 40757, None)
[2024-06-27T19:15:07.738+0000] {docker.py:436} INFO - 2024-06-27 19:15:07,737:create_spark_session:INFO:Spark session created successfully
[2024-06-27T19:15:07.753+0000] {docker.py:436} INFO - 24/06/27 19:15:07 INFO SharedState: Setting hive.metastore.warehouse.dir ('null') to the value of spark.sql.warehouse.dir.
[2024-06-27T19:15:07.760+0000] {docker.py:436} INFO - 24/06/27 19:15:07 INFO SharedState: Warehouse path is 'file:/opt/bitnami/spark/spark-warehouse'.
[2024-06-27T19:15:10.361+0000] {docker.py:436} INFO - 2024-06-27 19:15:10,361:silver_load:INFO:Load silver table ...
[2024-06-27T19:15:12.227+0000] {docker.py:436} INFO - 24/06/27 19:15:12 INFO CodeGenerator: Code generated in 227.186589 ms
[2024-06-27T19:15:12.409+0000] {docker.py:436} INFO - 24/06/27 19:15:12 INFO DAGScheduler: Registering RDD 3 (jdbc at NativeMethodAccessorImpl.java:0) as input to shuffle 0
[2024-06-27T19:15:12.433+0000] {docker.py:436} INFO - 24/06/27 19:15:12 INFO DAGScheduler: Got map stage job 0 (jdbc at NativeMethodAccessorImpl.java:0) with 1 output partitions
[2024-06-27T19:15:12.434+0000] {docker.py:436} INFO - 24/06/27 19:15:12 INFO CodeGenerator: Code generated in 46.232708 ms
24/06/27 19:15:12 INFO DAGScheduler: Final stage: ShuffleMapStage 0 (jdbc at NativeMethodAccessorImpl.java:0)
[2024-06-27T19:15:12.435+0000] {docker.py:436} INFO - 24/06/27 19:15:12 INFO DAGScheduler: Parents of final stage: List()
[2024-06-27T19:15:12.437+0000] {docker.py:436} INFO - 24/06/27 19:15:12 INFO DAGScheduler: Missing parents: List()
[2024-06-27T19:15:12.448+0000] {docker.py:436} INFO - 24/06/27 19:15:12 INFO DAGScheduler: Submitting ShuffleMapStage 0 (MapPartitionsRDD[3] at jdbc at NativeMethodAccessorImpl.java:0), which has no missing parents
[2024-06-27T19:15:12.685+0000] {docker.py:436} INFO - 24/06/27 19:15:12 INFO MemoryStore: Block broadcast_0 stored as values in memory (estimated size 16.7 KiB, free 434.4 MiB)
[2024-06-27T19:15:12.732+0000] {docker.py:436} INFO - 24/06/27 19:15:12 INFO MemoryStore: Block broadcast_0_piece0 stored as bytes in memory (estimated size 8.3 KiB, free 434.4 MiB)
[2024-06-27T19:15:12.736+0000] {docker.py:436} INFO - 24/06/27 19:15:12 INFO BlockManagerInfo: Added broadcast_0_piece0 in memory on localhost:40757 (size: 8.3 KiB, free: 434.4 MiB)
[2024-06-27T19:15:12.743+0000] {docker.py:436} INFO - 24/06/27 19:15:12 INFO SparkContext: Created broadcast 0 from broadcast at DAGScheduler.scala:1585
[2024-06-27T19:15:12.771+0000] {docker.py:436} INFO - 24/06/27 19:15:12 INFO DAGScheduler: Submitting 1 missing tasks from ShuffleMapStage 0 (MapPartitionsRDD[3] at jdbc at NativeMethodAccessorImpl.java:0) (first 15 tasks are for partitions Vector(0))
[2024-06-27T19:15:12.779+0000] {docker.py:436} INFO - 24/06/27 19:15:12 INFO TaskSchedulerImpl: Adding task set 0.0 with 1 tasks resource profile 0
[2024-06-27T19:15:12.814+0000] {docker.py:436} INFO - 24/06/27 19:15:12 INFO DAGScheduler: Registering RDD 5 (jdbc at NativeMethodAccessorImpl.java:0) as input to shuffle 1
[2024-06-27T19:15:12.816+0000] {docker.py:436} INFO - 24/06/27 19:15:12 INFO DAGScheduler: Got map stage job 1 (jdbc at NativeMethodAccessorImpl.java:0) with 1 output partitions
[2024-06-27T19:15:12.816+0000] {docker.py:436} INFO - 24/06/27 19:15:12 INFO DAGScheduler: Final stage: ShuffleMapStage 1 (jdbc at NativeMethodAccessorImpl.java:0)
[2024-06-27T19:15:12.818+0000] {docker.py:436} INFO - 24/06/27 19:15:12 INFO DAGScheduler: Parents of final stage: List()
[2024-06-27T19:15:12.819+0000] {docker.py:436} INFO - 24/06/27 19:15:12 INFO DAGScheduler: Missing parents: List()
[2024-06-27T19:15:12.826+0000] {docker.py:436} INFO - 24/06/27 19:15:12 INFO DAGScheduler: Submitting ShuffleMapStage 1 (MapPartitionsRDD[5] at jdbc at NativeMethodAccessorImpl.java:0), which has no missing parents
[2024-06-27T19:15:12.837+0000] {docker.py:436} INFO - 24/06/27 19:15:12 INFO MemoryStore: Block broadcast_1 stored as values in memory (estimated size 14.5 KiB, free 434.4 MiB)
[2024-06-27T19:15:12.846+0000] {docker.py:436} INFO - 24/06/27 19:15:12 INFO MemoryStore: Block broadcast_1_piece0 stored as bytes in memory (estimated size 7.6 KiB, free 434.4 MiB)
[2024-06-27T19:15:12.849+0000] {docker.py:436} INFO - 24/06/27 19:15:12 INFO BlockManagerInfo: Added broadcast_1_piece0 in memory on localhost:40757 (size: 7.6 KiB, free: 434.4 MiB)
[2024-06-27T19:15:12.851+0000] {docker.py:436} INFO - 24/06/27 19:15:12 INFO SparkContext: Created broadcast 1 from broadcast at DAGScheduler.scala:1585
[2024-06-27T19:15:12.853+0000] {docker.py:436} INFO - 24/06/27 19:15:12 INFO DAGScheduler: Submitting 1 missing tasks from ShuffleMapStage 1 (MapPartitionsRDD[5] at jdbc at NativeMethodAccessorImpl.java:0) (first 15 tasks are for partitions Vector(0))
[2024-06-27T19:15:12.854+0000] {docker.py:436} INFO - 24/06/27 19:15:12 INFO TaskSchedulerImpl: Adding task set 1.0 with 1 tasks resource profile 0
[2024-06-27T19:15:12.862+0000] {docker.py:436} INFO - 24/06/27 19:15:12 INFO TaskSetManager: Starting task 0.0 in stage 0.0 (TID 0) (localhost, executor driver, partition 0, PROCESS_LOCAL, 7733 bytes)
[2024-06-27T19:15:12.882+0000] {docker.py:436} INFO - 24/06/27 19:15:12 INFO TaskSetManager: Starting task 0.0 in stage 1.0 (TID 1) (localhost, executor driver, partition 0, PROCESS_LOCAL, 7733 bytes)
[2024-06-27T19:15:12.890+0000] {docker.py:436} INFO - 24/06/27 19:15:12 INFO Executor: Running task 0.0 in stage 1.0 (TID 1)
[2024-06-27T19:15:12.891+0000] {docker.py:436} INFO - 24/06/27 19:15:12 INFO Executor: Running task 0.0 in stage 0.0 (TID 0)
[2024-06-27T19:15:13.115+0000] {docker.py:436} INFO - 24/06/27 19:15:13 INFO CodeGenerator: Code generated in 47.797165 ms
[2024-06-27T19:15:13.136+0000] {docker.py:436} INFO - 24/06/27 19:15:13 INFO CodeGenerator: Code generated in 69.131508 ms
[2024-06-27T19:15:13.203+0000] {docker.py:436} INFO - 24/06/27 19:15:13 INFO CodeGenerator: Code generated in 42.505275 ms
[2024-06-27T19:15:13.205+0000] {docker.py:436} INFO - 24/06/27 19:15:13 INFO CodeGenerator: Code generated in 49.44668 ms
[2024-06-27T19:15:13.320+0000] {docker.py:436} INFO - 24/06/27 19:15:13 INFO JDBCRDD: closed connection
[2024-06-27T19:15:13.420+0000] {docker.py:436} INFO - 24/06/27 19:15:13 INFO Executor: Finished task 0.0 in stage 1.0 (TID 1). 2029 bytes result sent to driver
[2024-06-27T19:15:13.465+0000] {docker.py:436} INFO - 24/06/27 19:15:13 INFO TaskSetManager: Finished task 0.0 in stage 1.0 (TID 1) in 572 ms on localhost (executor driver) (1/1)
[2024-06-27T19:15:13.477+0000] {docker.py:436} INFO - 24/06/27 19:15:13 INFO JDBCRDD: closed connection
[2024-06-27T19:15:13.486+0000] {docker.py:436} INFO - 24/06/27 19:15:13 INFO TaskSchedulerImpl: Removed TaskSet 1.0, whose tasks have all completed, from pool
[2024-06-27T19:15:13.491+0000] {docker.py:436} INFO - 24/06/27 19:15:13 INFO DAGScheduler: ShuffleMapStage 1 (jdbc at NativeMethodAccessorImpl.java:0) finished in 0.660 s
[2024-06-27T19:15:13.512+0000] {docker.py:436} INFO - 24/06/27 19:15:13 INFO Executor: Finished task 0.0 in stage 0.0 (TID 0). 1986 bytes result sent to driver
[2024-06-27T19:15:13.514+0000] {docker.py:436} INFO - 24/06/27 19:15:13 INFO DAGScheduler: looking for newly runnable stages
[2024-06-27T19:15:13.515+0000] {docker.py:436} INFO - 24/06/27 19:15:13 INFO DAGScheduler: running: Set(ShuffleMapStage 0)
24/06/27 19:15:13 INFO DAGScheduler: waiting: Set()
[2024-06-27T19:15:13.516+0000] {docker.py:436} INFO - 24/06/27 19:15:13 INFO DAGScheduler: failed: Set()
[2024-06-27T19:15:13.532+0000] {docker.py:436} INFO - 24/06/27 19:15:13 INFO TaskSetManager: Finished task 0.0 in stage 0.0 (TID 0) in 695 ms on localhost (executor driver) (1/1)
[2024-06-27T19:15:13.533+0000] {docker.py:436} INFO - 24/06/27 19:15:13 INFO TaskSchedulerImpl: Removed TaskSet 0.0, whose tasks have all completed, from pool
[2024-06-27T19:15:13.549+0000] {docker.py:436} INFO - 24/06/27 19:15:13 INFO DAGScheduler: ShuffleMapStage 0 (jdbc at NativeMethodAccessorImpl.java:0) finished in 1.083 s
[2024-06-27T19:15:13.551+0000] {docker.py:436} INFO - 24/06/27 19:15:13 INFO DAGScheduler: looking for newly runnable stages
[2024-06-27T19:15:13.553+0000] {docker.py:436} INFO - 24/06/27 19:15:13 INFO DAGScheduler: running: Set()
[2024-06-27T19:15:13.554+0000] {docker.py:436} INFO - 24/06/27 19:15:13 INFO DAGScheduler: waiting: Set()
[2024-06-27T19:15:13.555+0000] {docker.py:436} INFO - 24/06/27 19:15:13 INFO DAGScheduler: failed: Set()
[2024-06-27T19:15:13.646+0000] {docker.py:436} INFO - 24/06/27 19:15:13 INFO ShufflePartitionsUtil: For shuffle(0, 1), advisory target size: 67108864, actual target size 1048576, minimum partition size: 1048576
[2024-06-27T19:15:13.807+0000] {docker.py:436} INFO - 24/06/27 19:15:13 INFO CodeGenerator: Code generated in 89.526137 ms
[2024-06-27T19:15:13.856+0000] {docker.py:436} INFO - 24/06/27 19:15:13 INFO CodeGenerator: Code generated in 35.269847 ms
[2024-06-27T19:15:13.955+0000] {docker.py:436} INFO - 24/06/27 19:15:13 INFO CodeGenerator: Code generated in 19.417879 ms
[2024-06-27T19:15:14.073+0000] {docker.py:436} INFO - 24/06/27 19:15:14 INFO SparkContext: Starting job: jdbc at NativeMethodAccessorImpl.java:0
[2024-06-27T19:15:14.079+0000] {docker.py:436} INFO - 24/06/27 19:15:14 INFO DAGScheduler: Got job 2 (jdbc at NativeMethodAccessorImpl.java:0) with 1 output partitions
[2024-06-27T19:15:14.084+0000] {docker.py:436} INFO - 24/06/27 19:15:14 INFO DAGScheduler: Final stage: ResultStage 4 (jdbc at NativeMethodAccessorImpl.java:0)
[2024-06-27T19:15:14.085+0000] {docker.py:436} INFO - 24/06/27 19:15:14 INFO DAGScheduler: Parents of final stage: List(ShuffleMapStage 2, ShuffleMapStage 3)
[2024-06-27T19:15:14.087+0000] {docker.py:436} INFO - 24/06/27 19:15:14 INFO DAGScheduler: Missing parents: List()
[2024-06-27T19:15:14.088+0000] {docker.py:436} INFO - 24/06/27 19:15:14 INFO DAGScheduler: Submitting ResultStage 4 (MapPartitionsRDD[14] at jdbc at NativeMethodAccessorImpl.java:0), which has no missing parents
[2024-06-27T19:15:14.133+0000] {docker.py:436} INFO - 24/06/27 19:15:14 INFO MemoryStore: Block broadcast_2 stored as values in memory (estimated size 54.4 KiB, free 434.3 MiB)
[2024-06-27T19:15:14.137+0000] {docker.py:436} INFO - 24/06/27 19:15:14 INFO MemoryStore: Block broadcast_2_piece0 stored as bytes in memory (estimated size 24.6 KiB, free 434.3 MiB)
[2024-06-27T19:15:14.138+0000] {docker.py:436} INFO - 24/06/27 19:15:14 INFO BlockManagerInfo: Added broadcast_2_piece0 in memory on localhost:40757 (size: 24.6 KiB, free: 434.4 MiB)
[2024-06-27T19:15:14.139+0000] {docker.py:436} INFO - 24/06/27 19:15:14 INFO SparkContext: Created broadcast 2 from broadcast at DAGScheduler.scala:1585
[2024-06-27T19:15:14.146+0000] {docker.py:436} INFO - 24/06/27 19:15:14 INFO DAGScheduler: Submitting 1 missing tasks from ResultStage 4 (MapPartitionsRDD[14] at jdbc at NativeMethodAccessorImpl.java:0) (first 15 tasks are for partitions Vector(0))
24/06/27 19:15:14 INFO TaskSchedulerImpl: Adding task set 4.0 with 1 tasks resource profile 0
[2024-06-27T19:15:14.157+0000] {docker.py:436} INFO - 24/06/27 19:15:14 INFO TaskSetManager: Starting task 0.0 in stage 4.0 (TID 2) (localhost, executor driver, partition 0, NODE_LOCAL, 8180 bytes)
[2024-06-27T19:15:14.159+0000] {docker.py:436} INFO - 24/06/27 19:15:14 INFO Executor: Running task 0.0 in stage 4.0 (TID 2)
[2024-06-27T19:15:14.267+0000] {docker.py:436} INFO - 24/06/27 19:15:14 INFO ShuffleBlockFetcherIterator: Getting 1 (4.2 KiB) non-empty blocks including 1 (4.2 KiB) local and 0 (0.0 B) host-local and 0 (0.0 B) push-merged-local and 0 (0.0 B) remote blocks
[2024-06-27T19:15:14.271+0000] {docker.py:436} INFO - 24/06/27 19:15:14 INFO ShuffleBlockFetcherIterator: Started 0 remote fetches in 18 ms
[2024-06-27T19:15:14.304+0000] {docker.py:436} INFO - 24/06/27 19:15:14 INFO CodeGenerator: Code generated in 28.123063 ms
[2024-06-27T19:15:14.337+0000] {docker.py:436} INFO - 24/06/27 19:15:14 INFO CodeGenerator: Code generated in 22.043609 ms
[2024-06-27T19:15:14.372+0000] {docker.py:436} INFO - 24/06/27 19:15:14 INFO CodeGenerator: Code generated in 19.112738 ms
[2024-06-27T19:15:14.393+0000] {docker.py:436} INFO - 24/06/27 19:15:14 INFO ShuffleBlockFetcherIterator: Getting 1 (1475.0 B) non-empty blocks including 1 (1475.0 B) local and 0 (0.0 B) host-local and 0 (0.0 B) push-merged-local and 0 (0.0 B) remote blocks
[2024-06-27T19:15:14.399+0000] {docker.py:436} INFO - 24/06/27 19:15:14 INFO ShuffleBlockFetcherIterator: Started 0 remote fetches in 6 ms
[2024-06-27T19:15:14.421+0000] {docker.py:436} INFO - 24/06/27 19:15:14 INFO CodeGenerator: Code generated in 18.385055 ms
[2024-06-27T19:15:14.443+0000] {docker.py:436} INFO - 24/06/27 19:15:14 INFO CodeGenerator: Code generated in 15.030355 ms
[2024-06-27T19:15:14.467+0000] {docker.py:436} INFO - 24/06/27 19:15:14 INFO CodeGenerator: Code generated in 18.270661 ms
[2024-06-27T19:15:14.513+0000] {docker.py:436} INFO - 24/06/27 19:15:14 INFO CodeGenerator: Code generated in 42.237838 ms
[2024-06-27T19:15:16.097+0000] {docker.py:436} INFO - 24/06/27 19:15:16 INFO CodeGenerator: Code generated in 33.720828 ms
[2024-06-27T19:15:16.217+0000] {docker.py:436} INFO - 24/06/27 19:15:16 INFO Executor: Finished task 0.0 in stage 4.0 (TID 2). 5889 bytes result sent to driver
[2024-06-27T19:15:16.242+0000] {docker.py:436} INFO - 24/06/27 19:15:16 INFO TaskSetManager: Finished task 0.0 in stage 4.0 (TID 2) in 2092 ms on localhost (executor driver) (1/1)
[2024-06-27T19:15:16.246+0000] {docker.py:436} INFO - 24/06/27 19:15:16 INFO DAGScheduler: ResultStage 4 (jdbc at NativeMethodAccessorImpl.java:0) finished in 2.139 s
[2024-06-27T19:15:16.274+0000] {docker.py:436} INFO - 24/06/27 19:15:16 INFO TaskSchedulerImpl: Removed TaskSet 4.0, whose tasks have all completed, from pool
[2024-06-27T19:15:16.285+0000] {docker.py:436} INFO - 24/06/27 19:15:16 INFO DAGScheduler: Job 2 is finished. Cancelling potential speculative or zombie tasks for this job
[2024-06-27T19:15:16.286+0000] {docker.py:436} INFO - 24/06/27 19:15:16 INFO TaskSchedulerImpl: Killing all running tasks in stage 4: Stage finished
[2024-06-27T19:15:16.288+0000] {docker.py:436} INFO - 24/06/27 19:15:16 INFO DAGScheduler: Job 2 finished: jdbc at NativeMethodAccessorImpl.java:0, took 2.214467 s
[2024-06-27T19:15:16.376+0000] {docker.py:436} INFO - 2024-06-27 19:15:16,375:close:INFO:Closing down clientserver connection
[2024-06-27T19:15:16.382+0000] {docker.py:436} INFO - 24/06/27 19:15:16 INFO BlockManagerInfo: Removed broadcast_0_piece0 on localhost:40757 in memory (size: 8.3 KiB, free: 434.4 MiB)
[2024-06-27T19:15:16.407+0000] {docker.py:436} INFO - 24/06/27 19:15:16 INFO BlockManagerInfo: Removed broadcast_1_piece0 on localhost:40757 in memory (size: 7.6 KiB, free: 434.4 MiB)
[2024-06-27T19:15:16.461+0000] {docker.py:436} INFO - 24/06/27 19:15:16 INFO SparkContext: Invoking stop() from shutdown hook
[2024-06-27T19:15:16.463+0000] {docker.py:436} INFO - 24/06/27 19:15:16 INFO SparkContext: SparkContext is stopping with exitCode 0.
[2024-06-27T19:15:16.479+0000] {docker.py:436} INFO - 24/06/27 19:15:16 INFO SparkUI: Stopped Spark web UI at http://localhost:4040
[2024-06-27T19:15:16.498+0000] {docker.py:436} INFO - 24/06/27 19:15:16 INFO MapOutputTrackerMasterEndpoint: MapOutputTrackerMasterEndpoint stopped!
[2024-06-27T19:15:16.522+0000] {docker.py:436} INFO - 24/06/27 19:15:16 INFO MemoryStore: MemoryStore cleared
[2024-06-27T19:15:16.524+0000] {docker.py:436} INFO - 24/06/27 19:15:16 INFO BlockManager: BlockManager stopped
[2024-06-27T19:15:16.531+0000] {docker.py:436} INFO - 24/06/27 19:15:16 INFO BlockManagerMaster: BlockManagerMaster stopped
[2024-06-27T19:15:16.538+0000] {docker.py:436} INFO - 24/06/27 19:15:16 INFO OutputCommitCoordinator$OutputCommitCoordinatorEndpoint: OutputCommitCoordinator stopped!
[2024-06-27T19:15:16.551+0000] {docker.py:436} INFO - 24/06/27 19:15:16 INFO SparkContext: Successfully stopped SparkContext
[2024-06-27T19:15:16.552+0000] {docker.py:436} INFO - 24/06/27 19:15:16 INFO ShutdownHookManager: Shutdown hook called
[2024-06-27T19:15:16.553+0000] {docker.py:436} INFO - 24/06/27 19:15:16 INFO ShutdownHookManager: Deleting directory /tmp/spark-5d81cb4b-a925-482f-9821-4efc11170cbc
[2024-06-27T19:15:16.559+0000] {docker.py:436} INFO - 24/06/27 19:15:16 INFO ShutdownHookManager: Deleting directory /tmp/spark-4cb21a05-6097-474c-a90c-617b8f099eef
[2024-06-27T19:15:16.563+0000] {docker.py:436} INFO - 24/06/27 19:15:16 INFO ShutdownHookManager: Deleting directory /tmp/spark-4cb21a05-6097-474c-a90c-617b8f099eef/pyspark-f6a783a3-68e1-4b9c-8181-9a2296dd2243
[2024-06-27T19:15:16.893+0000] {taskinstance.py:441} INFO - ::group::Post task execution logs
[2024-06-27T19:15:16.922+0000] {taskinstance.py:1206} INFO - Marking task as SUCCESS. dag_id=Stage_1, task_id=run_silver_job, run_id=manual__2024-06-27T19:14:07.542249+00:00, execution_date=20240627T191407, start_date=20240627T191457, end_date=20240627T191516
[2024-06-27T19:15:16.961+0000] {local_task_job_runner.py:240} INFO - Task exited with return code 0
[2024-06-27T19:15:16.978+0000] {taskinstance.py:3498} INFO - 0 downstream tasks scheduled from follow-on schedule check
[2024-06-27T19:15:16.980+0000] {local_task_job_runner.py:222} INFO - ::endgroup::
