[2024-06-25T11:06:30.381+0000] {processor.py:161} INFO - Started process (PID=381) to work on /opt/airflow/dags/bronze_table_creation.py
[2024-06-25T11:06:30.382+0000] {processor.py:830} INFO - Processing file /opt/airflow/dags/bronze_table_creation.py for tasks to queue
[2024-06-25T11:06:30.383+0000] {logging_mixin.py:188} INFO - [2024-06-25T11:06:30.383+0000] {dagbag.py:545} INFO - Filling up the DagBag from /opt/airflow/dags/bronze_table_creation.py
[2024-06-25T11:06:30.397+0000] {processor.py:840} INFO - DAG(s) 'load_json_postgres' retrieved from /opt/airflow/dags/bronze_table_creation.py
[2024-06-25T11:06:30.534+0000] {logging_mixin.py:188} INFO - [2024-06-25T11:06:30.533+0000] {dag.py:3096} INFO - Sync 1 DAGs
[2024-06-25T11:06:30.557+0000] {logging_mixin.py:188} INFO - [2024-06-25T11:06:30.556+0000] {dag.py:3954} INFO - Setting next_dagrun for load_json_postgres to 2024-06-24 00:00:00+00:00, run_after=2024-06-25 00:00:00+00:00
[2024-06-25T11:06:30.578+0000] {processor.py:183} INFO - Processing /opt/airflow/dags/bronze_table_creation.py took 0.202 seconds
[2024-06-25T11:07:00.833+0000] {processor.py:161} INFO - Started process (PID=391) to work on /opt/airflow/dags/bronze_table_creation.py
[2024-06-25T11:07:00.836+0000] {processor.py:830} INFO - Processing file /opt/airflow/dags/bronze_table_creation.py for tasks to queue
[2024-06-25T11:07:00.837+0000] {logging_mixin.py:188} INFO - [2024-06-25T11:07:00.836+0000] {dagbag.py:545} INFO - Filling up the DagBag from /opt/airflow/dags/bronze_table_creation.py
[2024-06-25T11:07:00.851+0000] {processor.py:840} INFO - DAG(s) 'load_json_postgres' retrieved from /opt/airflow/dags/bronze_table_creation.py
[2024-06-25T11:07:00.877+0000] {logging_mixin.py:188} INFO - [2024-06-25T11:07:00.877+0000] {dag.py:3096} INFO - Sync 1 DAGs
[2024-06-25T11:07:00.902+0000] {logging_mixin.py:188} INFO - [2024-06-25T11:07:00.901+0000] {dag.py:3954} INFO - Setting next_dagrun for load_json_postgres to 2024-06-24 00:00:00+00:00, run_after=2024-06-25 00:00:00+00:00
[2024-06-25T11:07:00.922+0000] {processor.py:183} INFO - Processing /opt/airflow/dags/bronze_table_creation.py took 0.096 seconds
[2024-06-25T11:07:31.177+0000] {processor.py:161} INFO - Started process (PID=401) to work on /opt/airflow/dags/bronze_table_creation.py
[2024-06-25T11:07:31.178+0000] {processor.py:830} INFO - Processing file /opt/airflow/dags/bronze_table_creation.py for tasks to queue
[2024-06-25T11:07:31.179+0000] {logging_mixin.py:188} INFO - [2024-06-25T11:07:31.179+0000] {dagbag.py:545} INFO - Filling up the DagBag from /opt/airflow/dags/bronze_table_creation.py
[2024-06-25T11:07:31.195+0000] {processor.py:840} INFO - DAG(s) 'load_json_postgres' retrieved from /opt/airflow/dags/bronze_table_creation.py
[2024-06-25T11:07:31.224+0000] {logging_mixin.py:188} INFO - [2024-06-25T11:07:31.224+0000] {dag.py:3096} INFO - Sync 1 DAGs
[2024-06-25T11:07:31.250+0000] {logging_mixin.py:188} INFO - [2024-06-25T11:07:31.250+0000] {dag.py:3954} INFO - Setting next_dagrun for load_json_postgres to 2024-06-24 00:00:00+00:00, run_after=2024-06-25 00:00:00+00:00
[2024-06-25T11:07:31.270+0000] {processor.py:183} INFO - Processing /opt/airflow/dags/bronze_table_creation.py took 0.101 seconds
[2024-06-25T11:08:01.627+0000] {processor.py:161} INFO - Started process (PID=421) to work on /opt/airflow/dags/bronze_table_creation.py
[2024-06-25T11:08:01.628+0000] {processor.py:830} INFO - Processing file /opt/airflow/dags/bronze_table_creation.py for tasks to queue
[2024-06-25T11:08:01.629+0000] {logging_mixin.py:188} INFO - [2024-06-25T11:08:01.629+0000] {dagbag.py:545} INFO - Filling up the DagBag from /opt/airflow/dags/bronze_table_creation.py
[2024-06-25T11:08:01.646+0000] {processor.py:840} INFO - DAG(s) 'load_json_postgres' retrieved from /opt/airflow/dags/bronze_table_creation.py
[2024-06-25T11:08:01.678+0000] {logging_mixin.py:188} INFO - [2024-06-25T11:08:01.678+0000] {dag.py:3096} INFO - Sync 1 DAGs
[2024-06-25T11:08:01.705+0000] {logging_mixin.py:188} INFO - [2024-06-25T11:08:01.705+0000] {dag.py:3954} INFO - Setting next_dagrun for load_json_postgres to 2024-06-24 00:00:00+00:00, run_after=2024-06-25 00:00:00+00:00
[2024-06-25T11:08:01.727+0000] {processor.py:183} INFO - Processing /opt/airflow/dags/bronze_table_creation.py took 0.109 seconds
[2024-06-25T11:08:31.949+0000] {processor.py:161} INFO - Started process (PID=431) to work on /opt/airflow/dags/bronze_table_creation.py
[2024-06-25T11:08:31.952+0000] {processor.py:830} INFO - Processing file /opt/airflow/dags/bronze_table_creation.py for tasks to queue
[2024-06-25T11:08:31.953+0000] {logging_mixin.py:188} INFO - [2024-06-25T11:08:31.952+0000] {dagbag.py:545} INFO - Filling up the DagBag from /opt/airflow/dags/bronze_table_creation.py
[2024-06-25T11:08:31.968+0000] {processor.py:840} INFO - DAG(s) 'load_json_postgres' retrieved from /opt/airflow/dags/bronze_table_creation.py
[2024-06-25T11:08:31.996+0000] {logging_mixin.py:188} INFO - [2024-06-25T11:08:31.996+0000] {dag.py:3096} INFO - Sync 1 DAGs
[2024-06-25T11:08:32.022+0000] {logging_mixin.py:188} INFO - [2024-06-25T11:08:32.022+0000] {dag.py:3954} INFO - Setting next_dagrun for load_json_postgres to 2024-06-24 00:00:00+00:00, run_after=2024-06-25 00:00:00+00:00
[2024-06-25T11:08:32.044+0000] {processor.py:183} INFO - Processing /opt/airflow/dags/bronze_table_creation.py took 0.102 seconds
[2024-06-25T11:09:02.293+0000] {processor.py:161} INFO - Started process (PID=441) to work on /opt/airflow/dags/bronze_table_creation.py
[2024-06-25T11:09:02.296+0000] {processor.py:830} INFO - Processing file /opt/airflow/dags/bronze_table_creation.py for tasks to queue
[2024-06-25T11:09:02.297+0000] {logging_mixin.py:188} INFO - [2024-06-25T11:09:02.297+0000] {dagbag.py:545} INFO - Filling up the DagBag from /opt/airflow/dags/bronze_table_creation.py
[2024-06-25T11:09:02.312+0000] {processor.py:840} INFO - DAG(s) 'load_json_postgres' retrieved from /opt/airflow/dags/bronze_table_creation.py
[2024-06-25T11:09:02.339+0000] {logging_mixin.py:188} INFO - [2024-06-25T11:09:02.338+0000] {dag.py:3096} INFO - Sync 1 DAGs
[2024-06-25T11:09:02.363+0000] {logging_mixin.py:188} INFO - [2024-06-25T11:09:02.363+0000] {dag.py:3954} INFO - Setting next_dagrun for load_json_postgres to 2024-06-24 00:00:00+00:00, run_after=2024-06-25 00:00:00+00:00
[2024-06-25T11:09:02.380+0000] {processor.py:183} INFO - Processing /opt/airflow/dags/bronze_table_creation.py took 0.095 seconds
[2024-06-25T11:09:32.620+0000] {processor.py:161} INFO - Started process (PID=451) to work on /opt/airflow/dags/bronze_table_creation.py
[2024-06-25T11:09:32.621+0000] {processor.py:830} INFO - Processing file /opt/airflow/dags/bronze_table_creation.py for tasks to queue
[2024-06-25T11:09:32.622+0000] {logging_mixin.py:188} INFO - [2024-06-25T11:09:32.621+0000] {dagbag.py:545} INFO - Filling up the DagBag from /opt/airflow/dags/bronze_table_creation.py
[2024-06-25T11:09:32.635+0000] {processor.py:840} INFO - DAG(s) 'load_json_postgres' retrieved from /opt/airflow/dags/bronze_table_creation.py
[2024-06-25T11:09:32.664+0000] {logging_mixin.py:188} INFO - [2024-06-25T11:09:32.664+0000] {dag.py:3096} INFO - Sync 1 DAGs
[2024-06-25T11:09:32.691+0000] {logging_mixin.py:188} INFO - [2024-06-25T11:09:32.691+0000] {dag.py:3954} INFO - Setting next_dagrun for load_json_postgres to 2024-06-24 00:00:00+00:00, run_after=2024-06-25 00:00:00+00:00
[2024-06-25T11:09:32.713+0000] {processor.py:183} INFO - Processing /opt/airflow/dags/bronze_table_creation.py took 0.100 seconds
[2024-06-25T11:10:02.941+0000] {processor.py:161} INFO - Started process (PID=461) to work on /opt/airflow/dags/bronze_table_creation.py
[2024-06-25T11:10:02.943+0000] {processor.py:830} INFO - Processing file /opt/airflow/dags/bronze_table_creation.py for tasks to queue
[2024-06-25T11:10:02.944+0000] {logging_mixin.py:188} INFO - [2024-06-25T11:10:02.944+0000] {dagbag.py:545} INFO - Filling up the DagBag from /opt/airflow/dags/bronze_table_creation.py
[2024-06-25T11:10:02.959+0000] {processor.py:840} INFO - DAG(s) 'load_json_postgres' retrieved from /opt/airflow/dags/bronze_table_creation.py
[2024-06-25T11:10:02.994+0000] {logging_mixin.py:188} INFO - [2024-06-25T11:10:02.993+0000] {dag.py:3096} INFO - Sync 1 DAGs
[2024-06-25T11:10:03.025+0000] {logging_mixin.py:188} INFO - [2024-06-25T11:10:03.025+0000] {dag.py:3954} INFO - Setting next_dagrun for load_json_postgres to 2024-06-24 00:00:00+00:00, run_after=2024-06-25 00:00:00+00:00
[2024-06-25T11:10:03.045+0000] {processor.py:183} INFO - Processing /opt/airflow/dags/bronze_table_creation.py took 0.112 seconds
[2024-06-25T11:10:33.270+0000] {processor.py:161} INFO - Started process (PID=471) to work on /opt/airflow/dags/bronze_table_creation.py
[2024-06-25T11:10:33.273+0000] {processor.py:830} INFO - Processing file /opt/airflow/dags/bronze_table_creation.py for tasks to queue
[2024-06-25T11:10:33.274+0000] {logging_mixin.py:188} INFO - [2024-06-25T11:10:33.273+0000] {dagbag.py:545} INFO - Filling up the DagBag from /opt/airflow/dags/bronze_table_creation.py
[2024-06-25T11:10:33.289+0000] {processor.py:840} INFO - DAG(s) 'load_json_postgres' retrieved from /opt/airflow/dags/bronze_table_creation.py
[2024-06-25T11:10:33.317+0000] {logging_mixin.py:188} INFO - [2024-06-25T11:10:33.317+0000] {dag.py:3096} INFO - Sync 1 DAGs
[2024-06-25T11:10:33.343+0000] {logging_mixin.py:188} INFO - [2024-06-25T11:10:33.342+0000] {dag.py:3954} INFO - Setting next_dagrun for load_json_postgres to 2024-06-24 00:00:00+00:00, run_after=2024-06-25 00:00:00+00:00
[2024-06-25T11:10:33.360+0000] {processor.py:183} INFO - Processing /opt/airflow/dags/bronze_table_creation.py took 0.098 seconds
[2024-06-25T11:11:03.614+0000] {processor.py:161} INFO - Started process (PID=481) to work on /opt/airflow/dags/bronze_table_creation.py
[2024-06-25T11:11:03.614+0000] {processor.py:830} INFO - Processing file /opt/airflow/dags/bronze_table_creation.py for tasks to queue
[2024-06-25T11:11:03.615+0000] {logging_mixin.py:188} INFO - [2024-06-25T11:11:03.615+0000] {dagbag.py:545} INFO - Filling up the DagBag from /opt/airflow/dags/bronze_table_creation.py
[2024-06-25T11:11:03.629+0000] {processor.py:840} INFO - DAG(s) 'load_json_postgres' retrieved from /opt/airflow/dags/bronze_table_creation.py
[2024-06-25T11:11:03.660+0000] {logging_mixin.py:188} INFO - [2024-06-25T11:11:03.659+0000] {dag.py:3096} INFO - Sync 1 DAGs
[2024-06-25T11:11:03.684+0000] {logging_mixin.py:188} INFO - [2024-06-25T11:11:03.684+0000] {dag.py:3954} INFO - Setting next_dagrun for load_json_postgres to 2024-06-24 00:00:00+00:00, run_after=2024-06-25 00:00:00+00:00
[2024-06-25T11:11:03.703+0000] {processor.py:183} INFO - Processing /opt/airflow/dags/bronze_table_creation.py took 0.096 seconds
[2024-06-25T11:11:33.919+0000] {processor.py:161} INFO - Started process (PID=491) to work on /opt/airflow/dags/bronze_table_creation.py
[2024-06-25T11:11:33.922+0000] {processor.py:830} INFO - Processing file /opt/airflow/dags/bronze_table_creation.py for tasks to queue
[2024-06-25T11:11:33.923+0000] {logging_mixin.py:188} INFO - [2024-06-25T11:11:33.922+0000] {dagbag.py:545} INFO - Filling up the DagBag from /opt/airflow/dags/bronze_table_creation.py
[2024-06-25T11:11:33.938+0000] {processor.py:840} INFO - DAG(s) 'load_json_postgres' retrieved from /opt/airflow/dags/bronze_table_creation.py
[2024-06-25T11:11:33.968+0000] {logging_mixin.py:188} INFO - [2024-06-25T11:11:33.968+0000] {dag.py:3096} INFO - Sync 1 DAGs
[2024-06-25T11:11:33.992+0000] {logging_mixin.py:188} INFO - [2024-06-25T11:11:33.992+0000] {dag.py:3954} INFO - Setting next_dagrun for load_json_postgres to 2024-06-24 00:00:00+00:00, run_after=2024-06-25 00:00:00+00:00
[2024-06-25T11:11:34.010+0000] {processor.py:183} INFO - Processing /opt/airflow/dags/bronze_table_creation.py took 0.097 seconds
[2024-06-25T11:12:04.237+0000] {processor.py:161} INFO - Started process (PID=501) to work on /opt/airflow/dags/bronze_table_creation.py
[2024-06-25T11:12:04.238+0000] {processor.py:830} INFO - Processing file /opt/airflow/dags/bronze_table_creation.py for tasks to queue
[2024-06-25T11:12:04.239+0000] {logging_mixin.py:188} INFO - [2024-06-25T11:12:04.238+0000] {dagbag.py:545} INFO - Filling up the DagBag from /opt/airflow/dags/bronze_table_creation.py
[2024-06-25T11:12:04.252+0000] {processor.py:840} INFO - DAG(s) 'load_json_postgres' retrieved from /opt/airflow/dags/bronze_table_creation.py
[2024-06-25T11:12:04.280+0000] {logging_mixin.py:188} INFO - [2024-06-25T11:12:04.280+0000] {dag.py:3096} INFO - Sync 1 DAGs
[2024-06-25T11:12:04.304+0000] {logging_mixin.py:188} INFO - [2024-06-25T11:12:04.304+0000] {dag.py:3954} INFO - Setting next_dagrun for load_json_postgres to 2024-06-24 00:00:00+00:00, run_after=2024-06-25 00:00:00+00:00
[2024-06-25T11:12:04.324+0000] {processor.py:183} INFO - Processing /opt/airflow/dags/bronze_table_creation.py took 0.095 seconds
[2024-06-25T11:12:34.531+0000] {processor.py:161} INFO - Started process (PID=511) to work on /opt/airflow/dags/bronze_table_creation.py
[2024-06-25T11:12:34.532+0000] {processor.py:830} INFO - Processing file /opt/airflow/dags/bronze_table_creation.py for tasks to queue
[2024-06-25T11:12:34.533+0000] {logging_mixin.py:188} INFO - [2024-06-25T11:12:34.533+0000] {dagbag.py:545} INFO - Filling up the DagBag from /opt/airflow/dags/bronze_table_creation.py
[2024-06-25T11:12:34.547+0000] {processor.py:840} INFO - DAG(s) 'load_json_postgres' retrieved from /opt/airflow/dags/bronze_table_creation.py
[2024-06-25T11:12:34.575+0000] {logging_mixin.py:188} INFO - [2024-06-25T11:12:34.575+0000] {dag.py:3096} INFO - Sync 1 DAGs
[2024-06-25T11:12:34.600+0000] {logging_mixin.py:188} INFO - [2024-06-25T11:12:34.600+0000] {dag.py:3954} INFO - Setting next_dagrun for load_json_postgres to 2024-06-24 00:00:00+00:00, run_after=2024-06-25 00:00:00+00:00
[2024-06-25T11:12:34.621+0000] {processor.py:183} INFO - Processing /opt/airflow/dags/bronze_table_creation.py took 0.097 seconds
[2024-06-25T11:13:04.814+0000] {processor.py:161} INFO - Started process (PID=521) to work on /opt/airflow/dags/bronze_table_creation.py
[2024-06-25T11:13:04.815+0000] {processor.py:830} INFO - Processing file /opt/airflow/dags/bronze_table_creation.py for tasks to queue
[2024-06-25T11:13:04.816+0000] {logging_mixin.py:188} INFO - [2024-06-25T11:13:04.816+0000] {dagbag.py:545} INFO - Filling up the DagBag from /opt/airflow/dags/bronze_table_creation.py
[2024-06-25T11:13:04.828+0000] {processor.py:840} INFO - DAG(s) 'load_json_postgres' retrieved from /opt/airflow/dags/bronze_table_creation.py
[2024-06-25T11:13:04.855+0000] {logging_mixin.py:188} INFO - [2024-06-25T11:13:04.855+0000] {dag.py:3096} INFO - Sync 1 DAGs
[2024-06-25T11:13:04.883+0000] {logging_mixin.py:188} INFO - [2024-06-25T11:13:04.883+0000] {dag.py:3954} INFO - Setting next_dagrun for load_json_postgres to 2024-06-24 00:00:00+00:00, run_after=2024-06-25 00:00:00+00:00
[2024-06-25T11:13:04.902+0000] {processor.py:183} INFO - Processing /opt/airflow/dags/bronze_table_creation.py took 0.095 seconds
[2024-06-25T11:13:35.108+0000] {processor.py:161} INFO - Started process (PID=531) to work on /opt/airflow/dags/bronze_table_creation.py
[2024-06-25T11:13:35.109+0000] {processor.py:830} INFO - Processing file /opt/airflow/dags/bronze_table_creation.py for tasks to queue
[2024-06-25T11:13:35.109+0000] {logging_mixin.py:188} INFO - [2024-06-25T11:13:35.109+0000] {dagbag.py:545} INFO - Filling up the DagBag from /opt/airflow/dags/bronze_table_creation.py
[2024-06-25T11:13:35.122+0000] {processor.py:840} INFO - DAG(s) 'load_json_postgres' retrieved from /opt/airflow/dags/bronze_table_creation.py
[2024-06-25T11:13:35.149+0000] {logging_mixin.py:188} INFO - [2024-06-25T11:13:35.149+0000] {dag.py:3096} INFO - Sync 1 DAGs
[2024-06-25T11:13:35.174+0000] {logging_mixin.py:188} INFO - [2024-06-25T11:13:35.174+0000] {dag.py:3954} INFO - Setting next_dagrun for load_json_postgres to 2024-06-24 00:00:00+00:00, run_after=2024-06-25 00:00:00+00:00
[2024-06-25T11:13:35.193+0000] {processor.py:183} INFO - Processing /opt/airflow/dags/bronze_table_creation.py took 0.091 seconds
[2024-06-25T11:14:05.426+0000] {processor.py:161} INFO - Started process (PID=541) to work on /opt/airflow/dags/bronze_table_creation.py
[2024-06-25T11:14:05.427+0000] {processor.py:830} INFO - Processing file /opt/airflow/dags/bronze_table_creation.py for tasks to queue
[2024-06-25T11:14:05.428+0000] {logging_mixin.py:188} INFO - [2024-06-25T11:14:05.428+0000] {dagbag.py:545} INFO - Filling up the DagBag from /opt/airflow/dags/bronze_table_creation.py
[2024-06-25T11:14:05.440+0000] {processor.py:840} INFO - DAG(s) 'load_json_postgres' retrieved from /opt/airflow/dags/bronze_table_creation.py
[2024-06-25T11:14:05.469+0000] {logging_mixin.py:188} INFO - [2024-06-25T11:14:05.468+0000] {dag.py:3096} INFO - Sync 1 DAGs
[2024-06-25T11:14:05.494+0000] {logging_mixin.py:188} INFO - [2024-06-25T11:14:05.494+0000] {dag.py:3954} INFO - Setting next_dagrun for load_json_postgres to 2024-06-24 00:00:00+00:00, run_after=2024-06-25 00:00:00+00:00
[2024-06-25T11:14:05.514+0000] {processor.py:183} INFO - Processing /opt/airflow/dags/bronze_table_creation.py took 0.096 seconds
[2024-06-25T11:14:35.760+0000] {processor.py:161} INFO - Started process (PID=551) to work on /opt/airflow/dags/bronze_table_creation.py
[2024-06-25T11:14:35.762+0000] {processor.py:830} INFO - Processing file /opt/airflow/dags/bronze_table_creation.py for tasks to queue
[2024-06-25T11:14:35.763+0000] {logging_mixin.py:188} INFO - [2024-06-25T11:14:35.762+0000] {dagbag.py:545} INFO - Filling up the DagBag from /opt/airflow/dags/bronze_table_creation.py
[2024-06-25T11:14:35.777+0000] {processor.py:840} INFO - DAG(s) 'load_json_postgres' retrieved from /opt/airflow/dags/bronze_table_creation.py
[2024-06-25T11:14:35.809+0000] {logging_mixin.py:188} INFO - [2024-06-25T11:14:35.808+0000] {dag.py:3096} INFO - Sync 1 DAGs
[2024-06-25T11:14:35.840+0000] {logging_mixin.py:188} INFO - [2024-06-25T11:14:35.840+0000] {dag.py:3954} INFO - Setting next_dagrun for load_json_postgres to 2024-06-24 00:00:00+00:00, run_after=2024-06-25 00:00:00+00:00
[2024-06-25T11:14:35.860+0000] {processor.py:183} INFO - Processing /opt/airflow/dags/bronze_table_creation.py took 0.107 seconds
[2024-06-25T11:15:06.061+0000] {processor.py:161} INFO - Started process (PID=561) to work on /opt/airflow/dags/bronze_table_creation.py
[2024-06-25T11:15:06.061+0000] {processor.py:830} INFO - Processing file /opt/airflow/dags/bronze_table_creation.py for tasks to queue
[2024-06-25T11:15:06.062+0000] {logging_mixin.py:188} INFO - [2024-06-25T11:15:06.062+0000] {dagbag.py:545} INFO - Filling up the DagBag from /opt/airflow/dags/bronze_table_creation.py
[2024-06-25T11:15:06.076+0000] {processor.py:840} INFO - DAG(s) 'load_json_postgres' retrieved from /opt/airflow/dags/bronze_table_creation.py
[2024-06-25T11:15:06.109+0000] {logging_mixin.py:188} INFO - [2024-06-25T11:15:06.108+0000] {dag.py:3096} INFO - Sync 1 DAGs
[2024-06-25T11:15:06.139+0000] {logging_mixin.py:188} INFO - [2024-06-25T11:15:06.139+0000] {dag.py:3954} INFO - Setting next_dagrun for load_json_postgres to 2024-06-24 00:00:00+00:00, run_after=2024-06-25 00:00:00+00:00
[2024-06-25T11:15:06.160+0000] {processor.py:183} INFO - Processing /opt/airflow/dags/bronze_table_creation.py took 0.107 seconds
[2024-06-25T11:15:36.374+0000] {processor.py:161} INFO - Started process (PID=571) to work on /opt/airflow/dags/bronze_table_creation.py
[2024-06-25T11:15:36.375+0000] {processor.py:830} INFO - Processing file /opt/airflow/dags/bronze_table_creation.py for tasks to queue
[2024-06-25T11:15:36.376+0000] {logging_mixin.py:188} INFO - [2024-06-25T11:15:36.376+0000] {dagbag.py:545} INFO - Filling up the DagBag from /opt/airflow/dags/bronze_table_creation.py
[2024-06-25T11:15:36.390+0000] {processor.py:840} INFO - DAG(s) 'load_json_postgres' retrieved from /opt/airflow/dags/bronze_table_creation.py
[2024-06-25T11:15:36.417+0000] {logging_mixin.py:188} INFO - [2024-06-25T11:15:36.416+0000] {dag.py:3096} INFO - Sync 1 DAGs
[2024-06-25T11:15:36.441+0000] {logging_mixin.py:188} INFO - [2024-06-25T11:15:36.440+0000] {dag.py:3954} INFO - Setting next_dagrun for load_json_postgres to 2024-06-24 00:00:00+00:00, run_after=2024-06-25 00:00:00+00:00
[2024-06-25T11:15:36.458+0000] {processor.py:183} INFO - Processing /opt/airflow/dags/bronze_table_creation.py took 0.089 seconds
[2024-06-25T11:16:06.682+0000] {processor.py:161} INFO - Started process (PID=581) to work on /opt/airflow/dags/bronze_table_creation.py
[2024-06-25T11:16:06.683+0000] {processor.py:830} INFO - Processing file /opt/airflow/dags/bronze_table_creation.py for tasks to queue
[2024-06-25T11:16:06.684+0000] {logging_mixin.py:188} INFO - [2024-06-25T11:16:06.683+0000] {dagbag.py:545} INFO - Filling up the DagBag from /opt/airflow/dags/bronze_table_creation.py
[2024-06-25T11:16:06.697+0000] {processor.py:840} INFO - DAG(s) 'load_json_postgres' retrieved from /opt/airflow/dags/bronze_table_creation.py
[2024-06-25T11:16:06.723+0000] {logging_mixin.py:188} INFO - [2024-06-25T11:16:06.723+0000] {dag.py:3096} INFO - Sync 1 DAGs
[2024-06-25T11:16:06.748+0000] {logging_mixin.py:188} INFO - [2024-06-25T11:16:06.748+0000] {dag.py:3954} INFO - Setting next_dagrun for load_json_postgres to 2024-06-24 00:00:00+00:00, run_after=2024-06-25 00:00:00+00:00
[2024-06-25T11:16:06.765+0000] {processor.py:183} INFO - Processing /opt/airflow/dags/bronze_table_creation.py took 0.092 seconds
[2024-06-25T11:16:36.992+0000] {processor.py:161} INFO - Started process (PID=591) to work on /opt/airflow/dags/bronze_table_creation.py
[2024-06-25T11:16:36.993+0000] {processor.py:830} INFO - Processing file /opt/airflow/dags/bronze_table_creation.py for tasks to queue
[2024-06-25T11:16:36.994+0000] {logging_mixin.py:188} INFO - [2024-06-25T11:16:36.993+0000] {dagbag.py:545} INFO - Filling up the DagBag from /opt/airflow/dags/bronze_table_creation.py
[2024-06-25T11:16:37.007+0000] {processor.py:840} INFO - DAG(s) 'load_json_postgres' retrieved from /opt/airflow/dags/bronze_table_creation.py
[2024-06-25T11:16:37.036+0000] {logging_mixin.py:188} INFO - [2024-06-25T11:16:37.036+0000] {dag.py:3096} INFO - Sync 1 DAGs
[2024-06-25T11:16:37.066+0000] {logging_mixin.py:188} INFO - [2024-06-25T11:16:37.066+0000] {dag.py:3954} INFO - Setting next_dagrun for load_json_postgres to 2024-06-24 00:00:00+00:00, run_after=2024-06-25 00:00:00+00:00
[2024-06-25T11:16:37.083+0000] {processor.py:183} INFO - Processing /opt/airflow/dags/bronze_table_creation.py took 0.099 seconds
[2024-06-25T11:17:07.331+0000] {processor.py:161} INFO - Started process (PID=601) to work on /opt/airflow/dags/bronze_table_creation.py
[2024-06-25T11:17:07.332+0000] {processor.py:830} INFO - Processing file /opt/airflow/dags/bronze_table_creation.py for tasks to queue
[2024-06-25T11:17:07.333+0000] {logging_mixin.py:188} INFO - [2024-06-25T11:17:07.333+0000] {dagbag.py:545} INFO - Filling up the DagBag from /opt/airflow/dags/bronze_table_creation.py
[2024-06-25T11:17:07.346+0000] {processor.py:840} INFO - DAG(s) 'load_json_postgres' retrieved from /opt/airflow/dags/bronze_table_creation.py
[2024-06-25T11:17:07.373+0000] {logging_mixin.py:188} INFO - [2024-06-25T11:17:07.373+0000] {dag.py:3096} INFO - Sync 1 DAGs
[2024-06-25T11:17:07.397+0000] {logging_mixin.py:188} INFO - [2024-06-25T11:17:07.397+0000] {dag.py:3954} INFO - Setting next_dagrun for load_json_postgres to 2024-06-24 00:00:00+00:00, run_after=2024-06-25 00:00:00+00:00
[2024-06-25T11:17:07.418+0000] {processor.py:183} INFO - Processing /opt/airflow/dags/bronze_table_creation.py took 0.093 seconds
[2024-06-25T11:17:37.658+0000] {processor.py:161} INFO - Started process (PID=611) to work on /opt/airflow/dags/bronze_table_creation.py
[2024-06-25T11:17:37.660+0000] {processor.py:830} INFO - Processing file /opt/airflow/dags/bronze_table_creation.py for tasks to queue
[2024-06-25T11:17:37.662+0000] {logging_mixin.py:188} INFO - [2024-06-25T11:17:37.661+0000] {dagbag.py:545} INFO - Filling up the DagBag from /opt/airflow/dags/bronze_table_creation.py
[2024-06-25T11:17:37.677+0000] {processor.py:840} INFO - DAG(s) 'load_json_postgres' retrieved from /opt/airflow/dags/bronze_table_creation.py
[2024-06-25T11:17:37.704+0000] {logging_mixin.py:188} INFO - [2024-06-25T11:17:37.703+0000] {dag.py:3096} INFO - Sync 1 DAGs
[2024-06-25T11:17:37.728+0000] {logging_mixin.py:188} INFO - [2024-06-25T11:17:37.728+0000] {dag.py:3954} INFO - Setting next_dagrun for load_json_postgres to 2024-06-24 00:00:00+00:00, run_after=2024-06-25 00:00:00+00:00
[2024-06-25T11:17:37.747+0000] {processor.py:183} INFO - Processing /opt/airflow/dags/bronze_table_creation.py took 0.097 seconds
[2024-06-25T11:18:07.977+0000] {processor.py:161} INFO - Started process (PID=621) to work on /opt/airflow/dags/bronze_table_creation.py
[2024-06-25T11:18:07.978+0000] {processor.py:830} INFO - Processing file /opt/airflow/dags/bronze_table_creation.py for tasks to queue
[2024-06-25T11:18:07.979+0000] {logging_mixin.py:188} INFO - [2024-06-25T11:18:07.978+0000] {dagbag.py:545} INFO - Filling up the DagBag from /opt/airflow/dags/bronze_table_creation.py
[2024-06-25T11:18:07.993+0000] {processor.py:840} INFO - DAG(s) 'load_json_postgres' retrieved from /opt/airflow/dags/bronze_table_creation.py
[2024-06-25T11:18:08.020+0000] {logging_mixin.py:188} INFO - [2024-06-25T11:18:08.020+0000] {dag.py:3096} INFO - Sync 1 DAGs
[2024-06-25T11:18:08.045+0000] {logging_mixin.py:188} INFO - [2024-06-25T11:18:08.045+0000] {dag.py:3954} INFO - Setting next_dagrun for load_json_postgres to 2024-06-24 00:00:00+00:00, run_after=2024-06-25 00:00:00+00:00
[2024-06-25T11:18:08.063+0000] {processor.py:183} INFO - Processing /opt/airflow/dags/bronze_table_creation.py took 0.093 seconds
[2024-06-25T11:18:38.317+0000] {processor.py:161} INFO - Started process (PID=631) to work on /opt/airflow/dags/bronze_table_creation.py
[2024-06-25T11:18:38.319+0000] {processor.py:830} INFO - Processing file /opt/airflow/dags/bronze_table_creation.py for tasks to queue
[2024-06-25T11:18:38.320+0000] {logging_mixin.py:188} INFO - [2024-06-25T11:18:38.320+0000] {dagbag.py:545} INFO - Filling up the DagBag from /opt/airflow/dags/bronze_table_creation.py
[2024-06-25T11:18:38.335+0000] {processor.py:840} INFO - DAG(s) 'load_json_postgres' retrieved from /opt/airflow/dags/bronze_table_creation.py
[2024-06-25T11:18:38.363+0000] {logging_mixin.py:188} INFO - [2024-06-25T11:18:38.362+0000] {dag.py:3096} INFO - Sync 1 DAGs
[2024-06-25T11:18:38.388+0000] {logging_mixin.py:188} INFO - [2024-06-25T11:18:38.388+0000] {dag.py:3954} INFO - Setting next_dagrun for load_json_postgres to 2024-06-24 00:00:00+00:00, run_after=2024-06-25 00:00:00+00:00
[2024-06-25T11:18:38.408+0000] {processor.py:183} INFO - Processing /opt/airflow/dags/bronze_table_creation.py took 0.098 seconds
[2024-06-25T11:19:08.648+0000] {processor.py:161} INFO - Started process (PID=641) to work on /opt/airflow/dags/bronze_table_creation.py
[2024-06-25T11:19:08.649+0000] {processor.py:830} INFO - Processing file /opt/airflow/dags/bronze_table_creation.py for tasks to queue
[2024-06-25T11:19:08.650+0000] {logging_mixin.py:188} INFO - [2024-06-25T11:19:08.650+0000] {dagbag.py:545} INFO - Filling up the DagBag from /opt/airflow/dags/bronze_table_creation.py
[2024-06-25T11:19:08.662+0000] {processor.py:840} INFO - DAG(s) 'load_json_postgres' retrieved from /opt/airflow/dags/bronze_table_creation.py
[2024-06-25T11:19:08.689+0000] {logging_mixin.py:188} INFO - [2024-06-25T11:19:08.689+0000] {dag.py:3096} INFO - Sync 1 DAGs
[2024-06-25T11:19:08.715+0000] {logging_mixin.py:188} INFO - [2024-06-25T11:19:08.714+0000] {dag.py:3954} INFO - Setting next_dagrun for load_json_postgres to 2024-06-24 00:00:00+00:00, run_after=2024-06-25 00:00:00+00:00
[2024-06-25T11:19:08.734+0000] {processor.py:183} INFO - Processing /opt/airflow/dags/bronze_table_creation.py took 0.093 seconds
[2024-06-25T11:19:38.968+0000] {processor.py:161} INFO - Started process (PID=651) to work on /opt/airflow/dags/bronze_table_creation.py
[2024-06-25T11:19:38.969+0000] {processor.py:830} INFO - Processing file /opt/airflow/dags/bronze_table_creation.py for tasks to queue
[2024-06-25T11:19:38.970+0000] {logging_mixin.py:188} INFO - [2024-06-25T11:19:38.970+0000] {dagbag.py:545} INFO - Filling up the DagBag from /opt/airflow/dags/bronze_table_creation.py
[2024-06-25T11:19:38.984+0000] {processor.py:840} INFO - DAG(s) 'load_json_postgres' retrieved from /opt/airflow/dags/bronze_table_creation.py
[2024-06-25T11:19:39.013+0000] {logging_mixin.py:188} INFO - [2024-06-25T11:19:39.013+0000] {dag.py:3096} INFO - Sync 1 DAGs
[2024-06-25T11:19:39.038+0000] {logging_mixin.py:188} INFO - [2024-06-25T11:19:39.038+0000] {dag.py:3954} INFO - Setting next_dagrun for load_json_postgres to 2024-06-24 00:00:00+00:00, run_after=2024-06-25 00:00:00+00:00
[2024-06-25T11:19:39.057+0000] {processor.py:183} INFO - Processing /opt/airflow/dags/bronze_table_creation.py took 0.096 seconds
[2024-06-25T11:20:09.325+0000] {processor.py:161} INFO - Started process (PID=661) to work on /opt/airflow/dags/bronze_table_creation.py
[2024-06-25T11:20:09.326+0000] {processor.py:830} INFO - Processing file /opt/airflow/dags/bronze_table_creation.py for tasks to queue
[2024-06-25T11:20:09.327+0000] {logging_mixin.py:188} INFO - [2024-06-25T11:20:09.327+0000] {dagbag.py:545} INFO - Filling up the DagBag from /opt/airflow/dags/bronze_table_creation.py
[2024-06-25T11:20:09.341+0000] {processor.py:840} INFO - DAG(s) 'load_json_postgres' retrieved from /opt/airflow/dags/bronze_table_creation.py
[2024-06-25T11:20:09.368+0000] {logging_mixin.py:188} INFO - [2024-06-25T11:20:09.368+0000] {dag.py:3096} INFO - Sync 1 DAGs
[2024-06-25T11:20:09.392+0000] {logging_mixin.py:188} INFO - [2024-06-25T11:20:09.392+0000] {dag.py:3954} INFO - Setting next_dagrun for load_json_postgres to 2024-06-24 00:00:00+00:00, run_after=2024-06-25 00:00:00+00:00
[2024-06-25T11:20:09.412+0000] {processor.py:183} INFO - Processing /opt/airflow/dags/bronze_table_creation.py took 0.094 seconds
[2024-06-25T11:20:39.645+0000] {processor.py:161} INFO - Started process (PID=671) to work on /opt/airflow/dags/bronze_table_creation.py
[2024-06-25T11:20:39.648+0000] {processor.py:830} INFO - Processing file /opt/airflow/dags/bronze_table_creation.py for tasks to queue
[2024-06-25T11:20:39.649+0000] {logging_mixin.py:188} INFO - [2024-06-25T11:20:39.648+0000] {dagbag.py:545} INFO - Filling up the DagBag from /opt/airflow/dags/bronze_table_creation.py
[2024-06-25T11:20:39.665+0000] {processor.py:840} INFO - DAG(s) 'load_json_postgres' retrieved from /opt/airflow/dags/bronze_table_creation.py
[2024-06-25T11:20:39.695+0000] {logging_mixin.py:188} INFO - [2024-06-25T11:20:39.694+0000] {dag.py:3096} INFO - Sync 1 DAGs
[2024-06-25T11:20:39.719+0000] {logging_mixin.py:188} INFO - [2024-06-25T11:20:39.718+0000] {dag.py:3954} INFO - Setting next_dagrun for load_json_postgres to 2024-06-24 00:00:00+00:00, run_after=2024-06-25 00:00:00+00:00
[2024-06-25T11:20:39.736+0000] {processor.py:183} INFO - Processing /opt/airflow/dags/bronze_table_creation.py took 0.098 seconds
[2024-06-25T11:21:09.956+0000] {processor.py:161} INFO - Started process (PID=681) to work on /opt/airflow/dags/bronze_table_creation.py
[2024-06-25T11:21:09.956+0000] {processor.py:830} INFO - Processing file /opt/airflow/dags/bronze_table_creation.py for tasks to queue
[2024-06-25T11:21:09.957+0000] {logging_mixin.py:188} INFO - [2024-06-25T11:21:09.957+0000] {dagbag.py:545} INFO - Filling up the DagBag from /opt/airflow/dags/bronze_table_creation.py
[2024-06-25T11:21:09.971+0000] {processor.py:840} INFO - DAG(s) 'load_json_postgres' retrieved from /opt/airflow/dags/bronze_table_creation.py
[2024-06-25T11:21:10.002+0000] {logging_mixin.py:188} INFO - [2024-06-25T11:21:10.001+0000] {dag.py:3096} INFO - Sync 1 DAGs
[2024-06-25T11:21:10.029+0000] {logging_mixin.py:188} INFO - [2024-06-25T11:21:10.029+0000] {dag.py:3954} INFO - Setting next_dagrun for load_json_postgres to 2024-06-24 00:00:00+00:00, run_after=2024-06-25 00:00:00+00:00
[2024-06-25T11:21:10.049+0000] {processor.py:183} INFO - Processing /opt/airflow/dags/bronze_table_creation.py took 0.101 seconds
[2024-06-25T11:21:40.264+0000] {processor.py:161} INFO - Started process (PID=691) to work on /opt/airflow/dags/bronze_table_creation.py
[2024-06-25T11:21:40.267+0000] {processor.py:830} INFO - Processing file /opt/airflow/dags/bronze_table_creation.py for tasks to queue
[2024-06-25T11:21:40.268+0000] {logging_mixin.py:188} INFO - [2024-06-25T11:21:40.267+0000] {dagbag.py:545} INFO - Filling up the DagBag from /opt/airflow/dags/bronze_table_creation.py
[2024-06-25T11:21:40.283+0000] {processor.py:840} INFO - DAG(s) 'load_json_postgres' retrieved from /opt/airflow/dags/bronze_table_creation.py
[2024-06-25T11:21:40.313+0000] {logging_mixin.py:188} INFO - [2024-06-25T11:21:40.312+0000] {dag.py:3096} INFO - Sync 1 DAGs
[2024-06-25T11:21:40.338+0000] {logging_mixin.py:188} INFO - [2024-06-25T11:21:40.338+0000] {dag.py:3954} INFO - Setting next_dagrun for load_json_postgres to 2024-06-24 00:00:00+00:00, run_after=2024-06-25 00:00:00+00:00
[2024-06-25T11:21:40.357+0000] {processor.py:183} INFO - Processing /opt/airflow/dags/bronze_table_creation.py took 0.101 seconds
[2024-06-25T11:22:10.584+0000] {processor.py:161} INFO - Started process (PID=701) to work on /opt/airflow/dags/bronze_table_creation.py
[2024-06-25T11:22:10.585+0000] {processor.py:830} INFO - Processing file /opt/airflow/dags/bronze_table_creation.py for tasks to queue
[2024-06-25T11:22:10.586+0000] {logging_mixin.py:188} INFO - [2024-06-25T11:22:10.585+0000] {dagbag.py:545} INFO - Filling up the DagBag from /opt/airflow/dags/bronze_table_creation.py
[2024-06-25T11:22:10.600+0000] {processor.py:840} INFO - DAG(s) 'load_json_postgres' retrieved from /opt/airflow/dags/bronze_table_creation.py
[2024-06-25T11:22:10.626+0000] {logging_mixin.py:188} INFO - [2024-06-25T11:22:10.626+0000] {dag.py:3096} INFO - Sync 1 DAGs
[2024-06-25T11:22:10.651+0000] {logging_mixin.py:188} INFO - [2024-06-25T11:22:10.651+0000] {dag.py:3954} INFO - Setting next_dagrun for load_json_postgres to 2024-06-24 00:00:00+00:00, run_after=2024-06-25 00:00:00+00:00
[2024-06-25T11:22:10.671+0000] {processor.py:183} INFO - Processing /opt/airflow/dags/bronze_table_creation.py took 0.095 seconds
[2024-06-25T11:22:40.932+0000] {processor.py:161} INFO - Started process (PID=711) to work on /opt/airflow/dags/bronze_table_creation.py
[2024-06-25T11:22:40.934+0000] {processor.py:830} INFO - Processing file /opt/airflow/dags/bronze_table_creation.py for tasks to queue
[2024-06-25T11:22:40.936+0000] {logging_mixin.py:188} INFO - [2024-06-25T11:22:40.935+0000] {dagbag.py:545} INFO - Filling up the DagBag from /opt/airflow/dags/bronze_table_creation.py
[2024-06-25T11:22:40.947+0000] {processor.py:840} INFO - DAG(s) 'load_json_postgres' retrieved from /opt/airflow/dags/bronze_table_creation.py
[2024-06-25T11:22:40.975+0000] {logging_mixin.py:188} INFO - [2024-06-25T11:22:40.974+0000] {dag.py:3096} INFO - Sync 1 DAGs
[2024-06-25T11:22:41.003+0000] {logging_mixin.py:188} INFO - [2024-06-25T11:22:41.003+0000] {dag.py:3954} INFO - Setting next_dagrun for load_json_postgres to 2024-06-24 00:00:00+00:00, run_after=2024-06-25 00:00:00+00:00
[2024-06-25T11:22:41.026+0000] {processor.py:183} INFO - Processing /opt/airflow/dags/bronze_table_creation.py took 0.101 seconds
[2024-06-25T11:23:11.208+0000] {processor.py:161} INFO - Started process (PID=721) to work on /opt/airflow/dags/bronze_table_creation.py
[2024-06-25T11:23:11.209+0000] {processor.py:830} INFO - Processing file /opt/airflow/dags/bronze_table_creation.py for tasks to queue
[2024-06-25T11:23:11.210+0000] {logging_mixin.py:188} INFO - [2024-06-25T11:23:11.210+0000] {dagbag.py:545} INFO - Filling up the DagBag from /opt/airflow/dags/bronze_table_creation.py
[2024-06-25T11:23:11.222+0000] {processor.py:840} INFO - DAG(s) 'load_json_postgres' retrieved from /opt/airflow/dags/bronze_table_creation.py
[2024-06-25T11:23:11.254+0000] {logging_mixin.py:188} INFO - [2024-06-25T11:23:11.254+0000] {dag.py:3096} INFO - Sync 1 DAGs
[2024-06-25T11:23:11.279+0000] {logging_mixin.py:188} INFO - [2024-06-25T11:23:11.278+0000] {dag.py:3954} INFO - Setting next_dagrun for load_json_postgres to 2024-06-24 00:00:00+00:00, run_after=2024-06-25 00:00:00+00:00
[2024-06-25T11:23:11.299+0000] {processor.py:183} INFO - Processing /opt/airflow/dags/bronze_table_creation.py took 0.098 seconds
[2024-06-25T11:23:41.503+0000] {processor.py:161} INFO - Started process (PID=731) to work on /opt/airflow/dags/bronze_table_creation.py
[2024-06-25T11:23:41.504+0000] {processor.py:830} INFO - Processing file /opt/airflow/dags/bronze_table_creation.py for tasks to queue
[2024-06-25T11:23:41.505+0000] {logging_mixin.py:188} INFO - [2024-06-25T11:23:41.505+0000] {dagbag.py:545} INFO - Filling up the DagBag from /opt/airflow/dags/bronze_table_creation.py
[2024-06-25T11:23:41.520+0000] {processor.py:840} INFO - DAG(s) 'load_json_postgres' retrieved from /opt/airflow/dags/bronze_table_creation.py
[2024-06-25T11:23:41.547+0000] {logging_mixin.py:188} INFO - [2024-06-25T11:23:41.546+0000] {dag.py:3096} INFO - Sync 1 DAGs
[2024-06-25T11:23:41.571+0000] {logging_mixin.py:188} INFO - [2024-06-25T11:23:41.570+0000] {dag.py:3954} INFO - Setting next_dagrun for load_json_postgres to 2024-06-24 00:00:00+00:00, run_after=2024-06-25 00:00:00+00:00
[2024-06-25T11:23:41.590+0000] {processor.py:183} INFO - Processing /opt/airflow/dags/bronze_table_creation.py took 0.095 seconds
[2024-06-25T11:24:11.838+0000] {processor.py:161} INFO - Started process (PID=741) to work on /opt/airflow/dags/bronze_table_creation.py
[2024-06-25T11:24:11.839+0000] {processor.py:830} INFO - Processing file /opt/airflow/dags/bronze_table_creation.py for tasks to queue
[2024-06-25T11:24:11.840+0000] {logging_mixin.py:188} INFO - [2024-06-25T11:24:11.840+0000] {dagbag.py:545} INFO - Filling up the DagBag from /opt/airflow/dags/bronze_table_creation.py
[2024-06-25T11:24:11.854+0000] {processor.py:840} INFO - DAG(s) 'load_json_postgres' retrieved from /opt/airflow/dags/bronze_table_creation.py
[2024-06-25T11:24:11.883+0000] {logging_mixin.py:188} INFO - [2024-06-25T11:24:11.882+0000] {dag.py:3096} INFO - Sync 1 DAGs
[2024-06-25T11:24:11.908+0000] {logging_mixin.py:188} INFO - [2024-06-25T11:24:11.907+0000] {dag.py:3954} INFO - Setting next_dagrun for load_json_postgres to 2024-06-24 00:00:00+00:00, run_after=2024-06-25 00:00:00+00:00
[2024-06-25T11:24:11.933+0000] {processor.py:183} INFO - Processing /opt/airflow/dags/bronze_table_creation.py took 0.103 seconds
[2024-06-25T11:24:42.134+0000] {processor.py:161} INFO - Started process (PID=751) to work on /opt/airflow/dags/bronze_table_creation.py
[2024-06-25T11:24:42.135+0000] {processor.py:830} INFO - Processing file /opt/airflow/dags/bronze_table_creation.py for tasks to queue
[2024-06-25T11:24:42.137+0000] {logging_mixin.py:188} INFO - [2024-06-25T11:24:42.136+0000] {dagbag.py:545} INFO - Filling up the DagBag from /opt/airflow/dags/bronze_table_creation.py
[2024-06-25T11:24:42.149+0000] {processor.py:840} INFO - DAG(s) 'load_json_postgres' retrieved from /opt/airflow/dags/bronze_table_creation.py
[2024-06-25T11:24:42.184+0000] {logging_mixin.py:188} INFO - [2024-06-25T11:24:42.184+0000] {dag.py:3096} INFO - Sync 1 DAGs
[2024-06-25T11:24:42.214+0000] {logging_mixin.py:188} INFO - [2024-06-25T11:24:42.213+0000] {dag.py:3954} INFO - Setting next_dagrun for load_json_postgres to 2024-06-24 00:00:00+00:00, run_after=2024-06-25 00:00:00+00:00
[2024-06-25T11:24:42.243+0000] {processor.py:183} INFO - Processing /opt/airflow/dags/bronze_table_creation.py took 0.118 seconds
[2024-06-25T11:25:12.462+0000] {processor.py:161} INFO - Started process (PID=761) to work on /opt/airflow/dags/bronze_table_creation.py
[2024-06-25T11:25:12.462+0000] {processor.py:830} INFO - Processing file /opt/airflow/dags/bronze_table_creation.py for tasks to queue
[2024-06-25T11:25:12.464+0000] {logging_mixin.py:188} INFO - [2024-06-25T11:25:12.463+0000] {dagbag.py:545} INFO - Filling up the DagBag from /opt/airflow/dags/bronze_table_creation.py
[2024-06-25T11:25:12.478+0000] {processor.py:840} INFO - DAG(s) 'load_json_postgres' retrieved from /opt/airflow/dags/bronze_table_creation.py
[2024-06-25T11:25:12.508+0000] {logging_mixin.py:188} INFO - [2024-06-25T11:25:12.508+0000] {dag.py:3096} INFO - Sync 1 DAGs
[2024-06-25T11:25:12.536+0000] {logging_mixin.py:188} INFO - [2024-06-25T11:25:12.536+0000] {dag.py:3954} INFO - Setting next_dagrun for load_json_postgres to 2024-06-24 00:00:00+00:00, run_after=2024-06-25 00:00:00+00:00
[2024-06-25T11:25:12.556+0000] {processor.py:183} INFO - Processing /opt/airflow/dags/bronze_table_creation.py took 0.102 seconds
[2024-06-25T11:25:42.777+0000] {processor.py:161} INFO - Started process (PID=771) to work on /opt/airflow/dags/bronze_table_creation.py
[2024-06-25T11:25:42.778+0000] {processor.py:830} INFO - Processing file /opt/airflow/dags/bronze_table_creation.py for tasks to queue
[2024-06-25T11:25:42.779+0000] {logging_mixin.py:188} INFO - [2024-06-25T11:25:42.779+0000] {dagbag.py:545} INFO - Filling up the DagBag from /opt/airflow/dags/bronze_table_creation.py
[2024-06-25T11:25:42.795+0000] {processor.py:840} INFO - DAG(s) 'load_json_postgres' retrieved from /opt/airflow/dags/bronze_table_creation.py
[2024-06-25T11:25:42.822+0000] {logging_mixin.py:188} INFO - [2024-06-25T11:25:42.821+0000] {dag.py:3096} INFO - Sync 1 DAGs
[2024-06-25T11:25:42.846+0000] {logging_mixin.py:188} INFO - [2024-06-25T11:25:42.845+0000] {dag.py:3954} INFO - Setting next_dagrun for load_json_postgres to 2024-06-24 00:00:00+00:00, run_after=2024-06-25 00:00:00+00:00
[2024-06-25T11:25:42.864+0000] {processor.py:183} INFO - Processing /opt/airflow/dags/bronze_table_creation.py took 0.096 seconds
[2024-06-25T11:26:13.093+0000] {processor.py:161} INFO - Started process (PID=781) to work on /opt/airflow/dags/bronze_table_creation.py
[2024-06-25T11:26:13.094+0000] {processor.py:830} INFO - Processing file /opt/airflow/dags/bronze_table_creation.py for tasks to queue
[2024-06-25T11:26:13.095+0000] {logging_mixin.py:188} INFO - [2024-06-25T11:26:13.094+0000] {dagbag.py:545} INFO - Filling up the DagBag from /opt/airflow/dags/bronze_table_creation.py
[2024-06-25T11:26:13.109+0000] {processor.py:840} INFO - DAG(s) 'load_json_postgres' retrieved from /opt/airflow/dags/bronze_table_creation.py
[2024-06-25T11:26:13.137+0000] {logging_mixin.py:188} INFO - [2024-06-25T11:26:13.137+0000] {dag.py:3096} INFO - Sync 1 DAGs
[2024-06-25T11:26:13.162+0000] {logging_mixin.py:188} INFO - [2024-06-25T11:26:13.161+0000] {dag.py:3954} INFO - Setting next_dagrun for load_json_postgres to 2024-06-24 00:00:00+00:00, run_after=2024-06-25 00:00:00+00:00
[2024-06-25T11:26:13.181+0000] {processor.py:183} INFO - Processing /opt/airflow/dags/bronze_table_creation.py took 0.097 seconds
[2024-06-25T11:26:43.424+0000] {processor.py:161} INFO - Started process (PID=791) to work on /opt/airflow/dags/bronze_table_creation.py
[2024-06-25T11:26:43.427+0000] {processor.py:830} INFO - Processing file /opt/airflow/dags/bronze_table_creation.py for tasks to queue
[2024-06-25T11:26:43.428+0000] {logging_mixin.py:188} INFO - [2024-06-25T11:26:43.427+0000] {dagbag.py:545} INFO - Filling up the DagBag from /opt/airflow/dags/bronze_table_creation.py
[2024-06-25T11:26:43.443+0000] {processor.py:840} INFO - DAG(s) 'load_json_postgres' retrieved from /opt/airflow/dags/bronze_table_creation.py
[2024-06-25T11:26:43.474+0000] {logging_mixin.py:188} INFO - [2024-06-25T11:26:43.474+0000] {dag.py:3096} INFO - Sync 1 DAGs
[2024-06-25T11:26:43.503+0000] {logging_mixin.py:188} INFO - [2024-06-25T11:26:43.503+0000] {dag.py:3954} INFO - Setting next_dagrun for load_json_postgres to 2024-06-24 00:00:00+00:00, run_after=2024-06-25 00:00:00+00:00
[2024-06-25T11:26:43.522+0000] {processor.py:183} INFO - Processing /opt/airflow/dags/bronze_table_creation.py took 0.106 seconds
[2024-06-25T11:27:13.760+0000] {processor.py:161} INFO - Started process (PID=801) to work on /opt/airflow/dags/bronze_table_creation.py
[2024-06-25T11:27:13.761+0000] {processor.py:830} INFO - Processing file /opt/airflow/dags/bronze_table_creation.py for tasks to queue
[2024-06-25T11:27:13.762+0000] {logging_mixin.py:188} INFO - [2024-06-25T11:27:13.761+0000] {dagbag.py:545} INFO - Filling up the DagBag from /opt/airflow/dags/bronze_table_creation.py
[2024-06-25T11:27:13.776+0000] {processor.py:840} INFO - DAG(s) 'load_json_postgres' retrieved from /opt/airflow/dags/bronze_table_creation.py
[2024-06-25T11:27:13.804+0000] {logging_mixin.py:188} INFO - [2024-06-25T11:27:13.804+0000] {dag.py:3096} INFO - Sync 1 DAGs
[2024-06-25T11:27:13.829+0000] {logging_mixin.py:188} INFO - [2024-06-25T11:27:13.829+0000] {dag.py:3954} INFO - Setting next_dagrun for load_json_postgres to 2024-06-24 00:00:00+00:00, run_after=2024-06-25 00:00:00+00:00
[2024-06-25T11:27:13.848+0000] {processor.py:183} INFO - Processing /opt/airflow/dags/bronze_table_creation.py took 0.096 seconds
[2024-06-25T11:27:44.079+0000] {processor.py:161} INFO - Started process (PID=811) to work on /opt/airflow/dags/bronze_table_creation.py
[2024-06-25T11:27:44.081+0000] {processor.py:830} INFO - Processing file /opt/airflow/dags/bronze_table_creation.py for tasks to queue
[2024-06-25T11:27:44.083+0000] {logging_mixin.py:188} INFO - [2024-06-25T11:27:44.082+0000] {dagbag.py:545} INFO - Filling up the DagBag from /opt/airflow/dags/bronze_table_creation.py
[2024-06-25T11:27:44.097+0000] {processor.py:840} INFO - DAG(s) 'load_json_postgres' retrieved from /opt/airflow/dags/bronze_table_creation.py
[2024-06-25T11:27:44.142+0000] {logging_mixin.py:188} INFO - [2024-06-25T11:27:44.141+0000] {dag.py:3096} INFO - Sync 1 DAGs
[2024-06-25T11:27:44.179+0000] {logging_mixin.py:188} INFO - [2024-06-25T11:27:44.178+0000] {dag.py:3954} INFO - Setting next_dagrun for load_json_postgres to 2024-06-24 00:00:00+00:00, run_after=2024-06-25 00:00:00+00:00
[2024-06-25T11:27:44.214+0000] {processor.py:183} INFO - Processing /opt/airflow/dags/bronze_table_creation.py took 0.144 seconds
[2024-06-25T11:28:14.411+0000] {processor.py:161} INFO - Started process (PID=821) to work on /opt/airflow/dags/bronze_table_creation.py
[2024-06-25T11:28:14.412+0000] {processor.py:830} INFO - Processing file /opt/airflow/dags/bronze_table_creation.py for tasks to queue
[2024-06-25T11:28:14.414+0000] {logging_mixin.py:188} INFO - [2024-06-25T11:28:14.413+0000] {dagbag.py:545} INFO - Filling up the DagBag from /opt/airflow/dags/bronze_table_creation.py
[2024-06-25T11:28:14.427+0000] {processor.py:840} INFO - DAG(s) 'load_json_postgres' retrieved from /opt/airflow/dags/bronze_table_creation.py
[2024-06-25T11:28:14.456+0000] {logging_mixin.py:188} INFO - [2024-06-25T11:28:14.456+0000] {dag.py:3096} INFO - Sync 1 DAGs
[2024-06-25T11:28:14.483+0000] {logging_mixin.py:188} INFO - [2024-06-25T11:28:14.483+0000] {dag.py:3954} INFO - Setting next_dagrun for load_json_postgres to 2024-06-24 00:00:00+00:00, run_after=2024-06-25 00:00:00+00:00
[2024-06-25T11:28:14.535+0000] {processor.py:183} INFO - Processing /opt/airflow/dags/bronze_table_creation.py took 0.133 seconds
[2024-06-25T11:28:44.757+0000] {processor.py:161} INFO - Started process (PID=831) to work on /opt/airflow/dags/bronze_table_creation.py
[2024-06-25T11:28:44.759+0000] {processor.py:830} INFO - Processing file /opt/airflow/dags/bronze_table_creation.py for tasks to queue
[2024-06-25T11:28:44.760+0000] {logging_mixin.py:188} INFO - [2024-06-25T11:28:44.760+0000] {dagbag.py:545} INFO - Filling up the DagBag from /opt/airflow/dags/bronze_table_creation.py
[2024-06-25T11:28:44.774+0000] {processor.py:840} INFO - DAG(s) 'load_json_postgres' retrieved from /opt/airflow/dags/bronze_table_creation.py
[2024-06-25T11:28:44.803+0000] {logging_mixin.py:188} INFO - [2024-06-25T11:28:44.803+0000] {dag.py:3096} INFO - Sync 1 DAGs
[2024-06-25T11:28:44.828+0000] {logging_mixin.py:188} INFO - [2024-06-25T11:28:44.827+0000] {dag.py:3954} INFO - Setting next_dagrun for load_json_postgres to 2024-06-24 00:00:00+00:00, run_after=2024-06-25 00:00:00+00:00
[2024-06-25T11:28:44.847+0000] {processor.py:183} INFO - Processing /opt/airflow/dags/bronze_table_creation.py took 0.098 seconds
[2024-06-25T11:29:15.072+0000] {processor.py:161} INFO - Started process (PID=841) to work on /opt/airflow/dags/bronze_table_creation.py
[2024-06-25T11:29:15.073+0000] {processor.py:830} INFO - Processing file /opt/airflow/dags/bronze_table_creation.py for tasks to queue
[2024-06-25T11:29:15.074+0000] {logging_mixin.py:188} INFO - [2024-06-25T11:29:15.074+0000] {dagbag.py:545} INFO - Filling up the DagBag from /opt/airflow/dags/bronze_table_creation.py
[2024-06-25T11:29:15.087+0000] {processor.py:840} INFO - DAG(s) 'load_json_postgres' retrieved from /opt/airflow/dags/bronze_table_creation.py
[2024-06-25T11:29:15.114+0000] {logging_mixin.py:188} INFO - [2024-06-25T11:29:15.114+0000] {dag.py:3096} INFO - Sync 1 DAGs
[2024-06-25T11:29:15.138+0000] {logging_mixin.py:188} INFO - [2024-06-25T11:29:15.138+0000] {dag.py:3954} INFO - Setting next_dagrun for load_json_postgres to 2024-06-24 00:00:00+00:00, run_after=2024-06-25 00:00:00+00:00
[2024-06-25T11:29:15.159+0000] {processor.py:183} INFO - Processing /opt/airflow/dags/bronze_table_creation.py took 0.094 seconds
[2024-06-25T11:29:45.412+0000] {processor.py:161} INFO - Started process (PID=851) to work on /opt/airflow/dags/bronze_table_creation.py
[2024-06-25T11:29:45.415+0000] {processor.py:830} INFO - Processing file /opt/airflow/dags/bronze_table_creation.py for tasks to queue
[2024-06-25T11:29:45.416+0000] {logging_mixin.py:188} INFO - [2024-06-25T11:29:45.416+0000] {dagbag.py:545} INFO - Filling up the DagBag from /opt/airflow/dags/bronze_table_creation.py
[2024-06-25T11:29:45.431+0000] {processor.py:840} INFO - DAG(s) 'load_json_postgres' retrieved from /opt/airflow/dags/bronze_table_creation.py
[2024-06-25T11:29:45.461+0000] {logging_mixin.py:188} INFO - [2024-06-25T11:29:45.461+0000] {dag.py:3096} INFO - Sync 1 DAGs
[2024-06-25T11:29:45.487+0000] {logging_mixin.py:188} INFO - [2024-06-25T11:29:45.487+0000] {dag.py:3954} INFO - Setting next_dagrun for load_json_postgres to 2024-06-24 00:00:00+00:00, run_after=2024-06-25 00:00:00+00:00
[2024-06-25T11:29:45.506+0000] {processor.py:183} INFO - Processing /opt/airflow/dags/bronze_table_creation.py took 0.102 seconds
[2024-06-25T11:30:15.757+0000] {processor.py:161} INFO - Started process (PID=861) to work on /opt/airflow/dags/bronze_table_creation.py
[2024-06-25T11:30:15.758+0000] {processor.py:830} INFO - Processing file /opt/airflow/dags/bronze_table_creation.py for tasks to queue
[2024-06-25T11:30:15.759+0000] {logging_mixin.py:188} INFO - [2024-06-25T11:30:15.758+0000] {dagbag.py:545} INFO - Filling up the DagBag from /opt/airflow/dags/bronze_table_creation.py
[2024-06-25T11:30:15.772+0000] {processor.py:840} INFO - DAG(s) 'load_json_postgres' retrieved from /opt/airflow/dags/bronze_table_creation.py
[2024-06-25T11:30:15.800+0000] {logging_mixin.py:188} INFO - [2024-06-25T11:30:15.799+0000] {dag.py:3096} INFO - Sync 1 DAGs
[2024-06-25T11:30:15.825+0000] {logging_mixin.py:188} INFO - [2024-06-25T11:30:15.824+0000] {dag.py:3954} INFO - Setting next_dagrun for load_json_postgres to 2024-06-24 00:00:00+00:00, run_after=2024-06-25 00:00:00+00:00
[2024-06-25T11:30:15.844+0000] {processor.py:183} INFO - Processing /opt/airflow/dags/bronze_table_creation.py took 0.095 seconds
[2024-06-25T11:30:46.091+0000] {processor.py:161} INFO - Started process (PID=871) to work on /opt/airflow/dags/bronze_table_creation.py
[2024-06-25T11:30:46.093+0000] {processor.py:830} INFO - Processing file /opt/airflow/dags/bronze_table_creation.py for tasks to queue
[2024-06-25T11:30:46.095+0000] {logging_mixin.py:188} INFO - [2024-06-25T11:30:46.094+0000] {dagbag.py:545} INFO - Filling up the DagBag from /opt/airflow/dags/bronze_table_creation.py
[2024-06-25T11:30:46.110+0000] {processor.py:840} INFO - DAG(s) 'load_json_postgres' retrieved from /opt/airflow/dags/bronze_table_creation.py
[2024-06-25T11:30:46.140+0000] {logging_mixin.py:188} INFO - [2024-06-25T11:30:46.139+0000] {dag.py:3096} INFO - Sync 1 DAGs
[2024-06-25T11:30:46.164+0000] {logging_mixin.py:188} INFO - [2024-06-25T11:30:46.164+0000] {dag.py:3954} INFO - Setting next_dagrun for load_json_postgres to 2024-06-24 00:00:00+00:00, run_after=2024-06-25 00:00:00+00:00
[2024-06-25T11:30:46.185+0000] {processor.py:183} INFO - Processing /opt/airflow/dags/bronze_table_creation.py took 0.104 seconds
[2024-06-25T11:30:55.266+0000] {processor.py:161} INFO - Started process (PID=876) to work on /opt/airflow/dags/bronze_table_creation.py
[2024-06-25T11:30:55.266+0000] {processor.py:830} INFO - Processing file /opt/airflow/dags/bronze_table_creation.py for tasks to queue
[2024-06-25T11:30:55.267+0000] {logging_mixin.py:188} INFO - [2024-06-25T11:30:55.267+0000] {dagbag.py:545} INFO - Filling up the DagBag from /opt/airflow/dags/bronze_table_creation.py
[2024-06-25T11:30:55.268+0000] {logging_mixin.py:188} INFO - [2024-06-25T11:30:55.268+0000] {dagbag.py:334} INFO - File /opt/airflow/dags/bronze_table_creation.py assumed to contain no DAGs. Skipping.
[2024-06-25T11:30:55.269+0000] {processor.py:842} WARNING - No viable dags retrieved from /opt/airflow/dags/bronze_table_creation.py
[2024-06-25T11:30:55.281+0000] {processor.py:183} INFO - Processing /opt/airflow/dags/bronze_table_creation.py took 0.021 seconds
[2024-06-25T11:31:16.729+0000] {processor.py:161} INFO - Started process (PID=886) to work on /opt/airflow/dags/bronze_table_creation.py
[2024-06-25T11:31:16.730+0000] {processor.py:830} INFO - Processing file /opt/airflow/dags/bronze_table_creation.py for tasks to queue
[2024-06-25T11:31:16.731+0000] {logging_mixin.py:188} INFO - [2024-06-25T11:31:16.730+0000] {dagbag.py:545} INFO - Filling up the DagBag from /opt/airflow/dags/bronze_table_creation.py
[2024-06-25T11:31:16.732+0000] {logging_mixin.py:188} INFO - [2024-06-25T11:31:16.732+0000] {dagbag.py:334} INFO - File /opt/airflow/dags/bronze_table_creation.py assumed to contain no DAGs. Skipping.
[2024-06-25T11:31:16.732+0000] {processor.py:842} WARNING - No viable dags retrieved from /opt/airflow/dags/bronze_table_creation.py
[2024-06-25T11:31:16.747+0000] {processor.py:183} INFO - Processing /opt/airflow/dags/bronze_table_creation.py took 0.026 seconds
