[2024-06-25T07:44:53.907+0000] {processor.py:161} INFO - Started process (PID=165) to work on /opt/airflow/dags/bronze_layer.py
[2024-06-25T07:44:53.908+0000] {processor.py:830} INFO - Processing file /opt/airflow/dags/bronze_layer.py for tasks to queue
[2024-06-25T07:44:53.910+0000] {logging_mixin.py:188} INFO - [2024-06-25T07:44:53.910+0000] {dagbag.py:545} INFO - Filling up the DagBag from /opt/airflow/dags/bronze_layer.py
[2024-06-25T07:44:53.935+0000] {processor.py:840} INFO - DAG(s) 'load_json_postgres' retrieved from /opt/airflow/dags/bronze_layer.py
[2024-06-25T07:44:54.245+0000] {logging_mixin.py:188} INFO - [2024-06-25T07:44:54.244+0000] {override.py:1829} INFO - Created Permission View: can edit on DAG:load_json_postgres
[2024-06-25T07:44:54.263+0000] {logging_mixin.py:188} INFO - [2024-06-25T07:44:54.262+0000] {override.py:1829} INFO - Created Permission View: can delete on DAG:load_json_postgres
[2024-06-25T07:44:54.275+0000] {logging_mixin.py:188} INFO - [2024-06-25T07:44:54.275+0000] {override.py:1829} INFO - Created Permission View: can read on DAG:load_json_postgres
[2024-06-25T07:44:54.276+0000] {logging_mixin.py:188} INFO - [2024-06-25T07:44:54.276+0000] {dag.py:3096} INFO - Sync 1 DAGs
[2024-06-25T07:44:54.306+0000] {logging_mixin.py:188} INFO - [2024-06-25T07:44:54.305+0000] {dag.py:3118} INFO - Creating ORM DAG for load_json_postgres
[2024-06-25T07:44:54.327+0000] {logging_mixin.py:188} INFO - [2024-06-25T07:44:54.326+0000] {dag.py:3954} INFO - Setting next_dagrun for load_json_postgres to 2024-06-24 00:00:00+00:00, run_after=2024-06-25 00:00:00+00:00
[2024-06-25T07:44:54.344+0000] {processor.py:183} INFO - Processing /opt/airflow/dags/bronze_layer.py took 0.445 seconds
[2024-06-25T07:45:25.077+0000] {processor.py:161} INFO - Started process (PID=175) to work on /opt/airflow/dags/bronze_layer.py
[2024-06-25T07:45:25.078+0000] {processor.py:830} INFO - Processing file /opt/airflow/dags/bronze_layer.py for tasks to queue
[2024-06-25T07:45:25.080+0000] {logging_mixin.py:188} INFO - [2024-06-25T07:45:25.079+0000] {dagbag.py:545} INFO - Filling up the DagBag from /opt/airflow/dags/bronze_layer.py
[2024-06-25T07:45:25.095+0000] {processor.py:840} INFO - DAG(s) 'load_json_postgres' retrieved from /opt/airflow/dags/bronze_layer.py
[2024-06-25T07:45:25.129+0000] {logging_mixin.py:188} INFO - [2024-06-25T07:45:25.129+0000] {dag.py:3096} INFO - Sync 1 DAGs
[2024-06-25T07:45:25.158+0000] {logging_mixin.py:188} INFO - [2024-06-25T07:45:25.158+0000] {dag.py:3954} INFO - Setting next_dagrun for load_json_postgres to 2024-06-24 00:00:00+00:00, run_after=2024-06-25 00:00:00+00:00
[2024-06-25T07:45:25.182+0000] {processor.py:183} INFO - Processing /opt/airflow/dags/bronze_layer.py took 0.111 seconds
[2024-06-25T07:45:55.304+0000] {processor.py:161} INFO - Started process (PID=185) to work on /opt/airflow/dags/bronze_layer.py
[2024-06-25T07:45:55.305+0000] {processor.py:830} INFO - Processing file /opt/airflow/dags/bronze_layer.py for tasks to queue
[2024-06-25T07:45:55.307+0000] {logging_mixin.py:188} INFO - [2024-06-25T07:45:55.306+0000] {dagbag.py:545} INFO - Filling up the DagBag from /opt/airflow/dags/bronze_layer.py
[2024-06-25T07:45:55.317+0000] {processor.py:840} INFO - DAG(s) 'load_json_postgres' retrieved from /opt/airflow/dags/bronze_layer.py
[2024-06-25T07:45:55.349+0000] {logging_mixin.py:188} INFO - [2024-06-25T07:45:55.349+0000] {dag.py:3096} INFO - Sync 1 DAGs
[2024-06-25T07:45:55.387+0000] {logging_mixin.py:188} INFO - [2024-06-25T07:45:55.387+0000] {dag.py:3954} INFO - Setting next_dagrun for load_json_postgres to 2024-06-24 00:00:00+00:00, run_after=2024-06-25 00:00:00+00:00
[2024-06-25T07:45:55.408+0000] {processor.py:183} INFO - Processing /opt/airflow/dags/bronze_layer.py took 0.110 seconds
[2024-06-25T07:46:25.528+0000] {processor.py:161} INFO - Started process (PID=195) to work on /opt/airflow/dags/bronze_layer.py
[2024-06-25T07:46:25.531+0000] {processor.py:830} INFO - Processing file /opt/airflow/dags/bronze_layer.py for tasks to queue
[2024-06-25T07:46:25.532+0000] {logging_mixin.py:188} INFO - [2024-06-25T07:46:25.532+0000] {dagbag.py:545} INFO - Filling up the DagBag from /opt/airflow/dags/bronze_layer.py
[2024-06-25T07:46:25.543+0000] {processor.py:840} INFO - DAG(s) 'load_json_postgres' retrieved from /opt/airflow/dags/bronze_layer.py
[2024-06-25T07:46:25.578+0000] {logging_mixin.py:188} INFO - [2024-06-25T07:46:25.577+0000] {dag.py:3096} INFO - Sync 1 DAGs
[2024-06-25T07:46:25.609+0000] {logging_mixin.py:188} INFO - [2024-06-25T07:46:25.608+0000] {dag.py:3954} INFO - Setting next_dagrun for load_json_postgres to 2024-06-24 00:00:00+00:00, run_after=2024-06-25 00:00:00+00:00
[2024-06-25T07:46:25.641+0000] {processor.py:183} INFO - Processing /opt/airflow/dags/bronze_layer.py took 0.119 seconds
[2024-06-25T07:46:56.099+0000] {processor.py:161} INFO - Started process (PID=210) to work on /opt/airflow/dags/bronze_layer.py
[2024-06-25T07:46:56.101+0000] {processor.py:830} INFO - Processing file /opt/airflow/dags/bronze_layer.py for tasks to queue
[2024-06-25T07:46:56.103+0000] {logging_mixin.py:188} INFO - [2024-06-25T07:46:56.103+0000] {dagbag.py:545} INFO - Filling up the DagBag from /opt/airflow/dags/bronze_layer.py
[2024-06-25T07:46:56.118+0000] {processor.py:840} INFO - DAG(s) 'load_json_postgres' retrieved from /opt/airflow/dags/bronze_layer.py
[2024-06-25T07:46:56.150+0000] {logging_mixin.py:188} INFO - [2024-06-25T07:46:56.149+0000] {dag.py:3096} INFO - Sync 1 DAGs
[2024-06-25T07:46:56.177+0000] {logging_mixin.py:188} INFO - [2024-06-25T07:46:56.176+0000] {dag.py:3954} INFO - Setting next_dagrun for load_json_postgres to 2024-06-24 00:00:00+00:00, run_after=2024-06-25 00:00:00+00:00
[2024-06-25T07:46:56.202+0000] {processor.py:183} INFO - Processing /opt/airflow/dags/bronze_layer.py took 0.109 seconds
[2024-06-25T07:47:26.381+0000] {processor.py:161} INFO - Started process (PID=220) to work on /opt/airflow/dags/bronze_layer.py
[2024-06-25T07:47:26.382+0000] {processor.py:830} INFO - Processing file /opt/airflow/dags/bronze_layer.py for tasks to queue
[2024-06-25T07:47:26.383+0000] {logging_mixin.py:188} INFO - [2024-06-25T07:47:26.383+0000] {dagbag.py:545} INFO - Filling up the DagBag from /opt/airflow/dags/bronze_layer.py
[2024-06-25T07:47:26.395+0000] {processor.py:840} INFO - DAG(s) 'load_json_postgres' retrieved from /opt/airflow/dags/bronze_layer.py
[2024-06-25T07:47:26.421+0000] {logging_mixin.py:188} INFO - [2024-06-25T07:47:26.421+0000] {dag.py:3096} INFO - Sync 1 DAGs
[2024-06-25T07:47:26.447+0000] {logging_mixin.py:188} INFO - [2024-06-25T07:47:26.447+0000] {dag.py:3954} INFO - Setting next_dagrun for load_json_postgres to 2024-06-24 00:00:00+00:00, run_after=2024-06-25 00:00:00+00:00
[2024-06-25T07:47:26.466+0000] {processor.py:183} INFO - Processing /opt/airflow/dags/bronze_layer.py took 0.092 seconds
[2024-06-25T07:47:56.691+0000] {processor.py:161} INFO - Started process (PID=239) to work on /opt/airflow/dags/bronze_layer.py
[2024-06-25T07:47:56.692+0000] {processor.py:830} INFO - Processing file /opt/airflow/dags/bronze_layer.py for tasks to queue
[2024-06-25T07:47:56.694+0000] {logging_mixin.py:188} INFO - [2024-06-25T07:47:56.693+0000] {dagbag.py:545} INFO - Filling up the DagBag from /opt/airflow/dags/bronze_layer.py
[2024-06-25T07:47:56.707+0000] {processor.py:840} INFO - DAG(s) 'load_json_postgres' retrieved from /opt/airflow/dags/bronze_layer.py
[2024-06-25T07:47:56.736+0000] {logging_mixin.py:188} INFO - [2024-06-25T07:47:56.736+0000] {dag.py:3096} INFO - Sync 1 DAGs
[2024-06-25T07:47:56.760+0000] {logging_mixin.py:188} INFO - [2024-06-25T07:47:56.760+0000] {dag.py:3954} INFO - Setting next_dagrun for load_json_postgres to 2024-06-24 00:00:00+00:00, run_after=2024-06-25 00:00:00+00:00
[2024-06-25T07:47:56.780+0000] {processor.py:183} INFO - Processing /opt/airflow/dags/bronze_layer.py took 0.097 seconds
[2024-06-25T07:48:27.036+0000] {processor.py:161} INFO - Started process (PID=249) to work on /opt/airflow/dags/bronze_layer.py
[2024-06-25T07:48:27.037+0000] {processor.py:830} INFO - Processing file /opt/airflow/dags/bronze_layer.py for tasks to queue
[2024-06-25T07:48:27.038+0000] {logging_mixin.py:188} INFO - [2024-06-25T07:48:27.038+0000] {dagbag.py:545} INFO - Filling up the DagBag from /opt/airflow/dags/bronze_layer.py
[2024-06-25T07:48:27.052+0000] {processor.py:840} INFO - DAG(s) 'load_json_postgres' retrieved from /opt/airflow/dags/bronze_layer.py
[2024-06-25T07:48:27.083+0000] {logging_mixin.py:188} INFO - [2024-06-25T07:48:27.083+0000] {dag.py:3096} INFO - Sync 1 DAGs
[2024-06-25T07:48:27.110+0000] {logging_mixin.py:188} INFO - [2024-06-25T07:48:27.110+0000] {dag.py:3954} INFO - Setting next_dagrun for load_json_postgres to 2024-06-24 00:00:00+00:00, run_after=2024-06-25 00:00:00+00:00
[2024-06-25T07:48:27.134+0000] {processor.py:183} INFO - Processing /opt/airflow/dags/bronze_layer.py took 0.104 seconds
[2024-06-25T07:48:57.304+0000] {processor.py:161} INFO - Started process (PID=259) to work on /opt/airflow/dags/bronze_layer.py
[2024-06-25T07:48:57.305+0000] {processor.py:830} INFO - Processing file /opt/airflow/dags/bronze_layer.py for tasks to queue
[2024-06-25T07:48:57.307+0000] {logging_mixin.py:188} INFO - [2024-06-25T07:48:57.306+0000] {dagbag.py:545} INFO - Filling up the DagBag from /opt/airflow/dags/bronze_layer.py
[2024-06-25T07:48:57.317+0000] {processor.py:840} INFO - DAG(s) 'load_json_postgres' retrieved from /opt/airflow/dags/bronze_layer.py
[2024-06-25T07:48:57.343+0000] {logging_mixin.py:188} INFO - [2024-06-25T07:48:57.343+0000] {dag.py:3096} INFO - Sync 1 DAGs
[2024-06-25T07:48:57.367+0000] {logging_mixin.py:188} INFO - [2024-06-25T07:48:57.367+0000] {dag.py:3954} INFO - Setting next_dagrun for load_json_postgres to 2024-06-24 00:00:00+00:00, run_after=2024-06-25 00:00:00+00:00
[2024-06-25T07:48:57.388+0000] {processor.py:183} INFO - Processing /opt/airflow/dags/bronze_layer.py took 0.090 seconds
[2024-06-25T07:49:27.614+0000] {processor.py:161} INFO - Started process (PID=269) to work on /opt/airflow/dags/bronze_layer.py
[2024-06-25T07:49:27.616+0000] {processor.py:830} INFO - Processing file /opt/airflow/dags/bronze_layer.py for tasks to queue
[2024-06-25T07:49:27.618+0000] {logging_mixin.py:188} INFO - [2024-06-25T07:49:27.618+0000] {dagbag.py:545} INFO - Filling up the DagBag from /opt/airflow/dags/bronze_layer.py
[2024-06-25T07:49:27.630+0000] {processor.py:840} INFO - DAG(s) 'load_json_postgres' retrieved from /opt/airflow/dags/bronze_layer.py
[2024-06-25T07:49:27.660+0000] {logging_mixin.py:188} INFO - [2024-06-25T07:49:27.660+0000] {dag.py:3096} INFO - Sync 1 DAGs
[2024-06-25T07:49:27.689+0000] {logging_mixin.py:188} INFO - [2024-06-25T07:49:27.688+0000] {dag.py:3954} INFO - Setting next_dagrun for load_json_postgres to 2024-06-24 00:00:00+00:00, run_after=2024-06-25 00:00:00+00:00
[2024-06-25T07:49:27.711+0000] {processor.py:183} INFO - Processing /opt/airflow/dags/bronze_layer.py took 0.105 seconds
[2024-06-25T07:49:57.970+0000] {processor.py:161} INFO - Started process (PID=279) to work on /opt/airflow/dags/bronze_layer.py
[2024-06-25T07:49:57.971+0000] {processor.py:830} INFO - Processing file /opt/airflow/dags/bronze_layer.py for tasks to queue
[2024-06-25T07:49:57.974+0000] {logging_mixin.py:188} INFO - [2024-06-25T07:49:57.973+0000] {dagbag.py:545} INFO - Filling up the DagBag from /opt/airflow/dags/bronze_layer.py
[2024-06-25T07:49:57.986+0000] {processor.py:840} INFO - DAG(s) 'load_json_postgres' retrieved from /opt/airflow/dags/bronze_layer.py
[2024-06-25T07:49:58.014+0000] {logging_mixin.py:188} INFO - [2024-06-25T07:49:58.013+0000] {dag.py:3096} INFO - Sync 1 DAGs
[2024-06-25T07:49:58.040+0000] {logging_mixin.py:188} INFO - [2024-06-25T07:49:58.040+0000] {dag.py:3954} INFO - Setting next_dagrun for load_json_postgres to 2024-06-24 00:00:00+00:00, run_after=2024-06-25 00:00:00+00:00
[2024-06-25T07:49:58.060+0000] {processor.py:183} INFO - Processing /opt/airflow/dags/bronze_layer.py took 0.097 seconds
[2024-06-25T07:53:19.619+0000] {processor.py:161} INFO - Started process (PID=165) to work on /opt/airflow/dags/bronze_layer.py
[2024-06-25T07:53:19.620+0000] {processor.py:830} INFO - Processing file /opt/airflow/dags/bronze_layer.py for tasks to queue
[2024-06-25T07:53:19.622+0000] {logging_mixin.py:188} INFO - [2024-06-25T07:53:19.622+0000] {dagbag.py:545} INFO - Filling up the DagBag from /opt/airflow/dags/bronze_layer.py
[2024-06-25T07:53:19.638+0000] {processor.py:840} INFO - DAG(s) 'load_json_postgres' retrieved from /opt/airflow/dags/bronze_layer.py
[2024-06-25T07:53:19.676+0000] {logging_mixin.py:188} INFO - [2024-06-25T07:53:19.675+0000] {dag.py:3096} INFO - Sync 1 DAGs
[2024-06-25T07:53:19.706+0000] {logging_mixin.py:188} INFO - [2024-06-25T07:53:19.706+0000] {dag.py:3954} INFO - Setting next_dagrun for load_json_postgres to 2024-06-24 00:00:00+00:00, run_after=2024-06-25 00:00:00+00:00
[2024-06-25T07:53:19.725+0000] {processor.py:183} INFO - Processing /opt/airflow/dags/bronze_layer.py took 0.114 seconds
[2024-06-25T07:53:49.823+0000] {processor.py:161} INFO - Started process (PID=174) to work on /opt/airflow/dags/bronze_layer.py
[2024-06-25T07:53:49.828+0000] {processor.py:830} INFO - Processing file /opt/airflow/dags/bronze_layer.py for tasks to queue
[2024-06-25T07:53:49.831+0000] {logging_mixin.py:188} INFO - [2024-06-25T07:53:49.830+0000] {dagbag.py:545} INFO - Filling up the DagBag from /opt/airflow/dags/bronze_layer.py
[2024-06-25T07:53:49.875+0000] {processor.py:840} INFO - DAG(s) 'load_json_postgres' retrieved from /opt/airflow/dags/bronze_layer.py
[2024-06-25T07:53:50.469+0000] {logging_mixin.py:188} INFO - [2024-06-25T07:53:50.469+0000] {dag.py:3096} INFO - Sync 1 DAGs
[2024-06-25T07:53:50.509+0000] {logging_mixin.py:188} INFO - [2024-06-25T07:53:50.509+0000] {dag.py:3954} INFO - Setting next_dagrun for load_json_postgres to 2024-06-24 00:00:00+00:00, run_after=2024-06-25 00:00:00+00:00
[2024-06-25T07:53:50.553+0000] {processor.py:183} INFO - Processing /opt/airflow/dags/bronze_layer.py took 0.739 seconds
[2024-06-25T07:54:20.766+0000] {processor.py:161} INFO - Started process (PID=191) to work on /opt/airflow/dags/bronze_layer.py
[2024-06-25T07:54:20.766+0000] {processor.py:830} INFO - Processing file /opt/airflow/dags/bronze_layer.py for tasks to queue
[2024-06-25T07:54:20.769+0000] {logging_mixin.py:188} INFO - [2024-06-25T07:54:20.768+0000] {dagbag.py:545} INFO - Filling up the DagBag from /opt/airflow/dags/bronze_layer.py
[2024-06-25T07:54:20.781+0000] {processor.py:840} INFO - DAG(s) 'load_json_postgres' retrieved from /opt/airflow/dags/bronze_layer.py
[2024-06-25T07:54:20.817+0000] {logging_mixin.py:188} INFO - [2024-06-25T07:54:20.817+0000] {dag.py:3096} INFO - Sync 1 DAGs
[2024-06-25T07:54:20.853+0000] {logging_mixin.py:188} INFO - [2024-06-25T07:54:20.853+0000] {dag.py:3954} INFO - Setting next_dagrun for load_json_postgres to 2024-06-24 00:00:00+00:00, run_after=2024-06-25 00:00:00+00:00
[2024-06-25T07:54:20.875+0000] {processor.py:183} INFO - Processing /opt/airflow/dags/bronze_layer.py took 0.117 seconds
[2024-06-25T07:54:51.103+0000] {processor.py:161} INFO - Started process (PID=201) to work on /opt/airflow/dags/bronze_layer.py
[2024-06-25T07:54:51.105+0000] {processor.py:830} INFO - Processing file /opt/airflow/dags/bronze_layer.py for tasks to queue
[2024-06-25T07:54:51.107+0000] {logging_mixin.py:188} INFO - [2024-06-25T07:54:51.106+0000] {dagbag.py:545} INFO - Filling up the DagBag from /opt/airflow/dags/bronze_layer.py
[2024-06-25T07:54:51.119+0000] {processor.py:840} INFO - DAG(s) 'load_json_postgres' retrieved from /opt/airflow/dags/bronze_layer.py
[2024-06-25T07:54:51.147+0000] {logging_mixin.py:188} INFO - [2024-06-25T07:54:51.147+0000] {dag.py:3096} INFO - Sync 1 DAGs
[2024-06-25T07:54:51.174+0000] {logging_mixin.py:188} INFO - [2024-06-25T07:54:51.173+0000] {dag.py:3954} INFO - Setting next_dagrun for load_json_postgres to 2024-06-24 00:00:00+00:00, run_after=2024-06-25 00:00:00+00:00
[2024-06-25T07:54:51.196+0000] {processor.py:183} INFO - Processing /opt/airflow/dags/bronze_layer.py took 0.100 seconds
[2024-06-25T07:55:21.424+0000] {processor.py:161} INFO - Started process (PID=211) to work on /opt/airflow/dags/bronze_layer.py
[2024-06-25T07:55:21.425+0000] {processor.py:830} INFO - Processing file /opt/airflow/dags/bronze_layer.py for tasks to queue
[2024-06-25T07:55:21.428+0000] {logging_mixin.py:188} INFO - [2024-06-25T07:55:21.427+0000] {dagbag.py:545} INFO - Filling up the DagBag from /opt/airflow/dags/bronze_layer.py
[2024-06-25T07:55:21.440+0000] {processor.py:840} INFO - DAG(s) 'load_json_postgres' retrieved from /opt/airflow/dags/bronze_layer.py
[2024-06-25T07:55:21.481+0000] {logging_mixin.py:188} INFO - [2024-06-25T07:55:21.481+0000] {dag.py:3096} INFO - Sync 1 DAGs
[2024-06-25T07:55:21.520+0000] {logging_mixin.py:188} INFO - [2024-06-25T07:55:21.519+0000] {dag.py:3954} INFO - Setting next_dagrun for load_json_postgres to 2024-06-24 00:00:00+00:00, run_after=2024-06-25 00:00:00+00:00
[2024-06-25T07:55:21.546+0000] {processor.py:183} INFO - Processing /opt/airflow/dags/bronze_layer.py took 0.129 seconds
[2024-06-25T07:55:51.758+0000] {processor.py:161} INFO - Started process (PID=230) to work on /opt/airflow/dags/bronze_layer.py
[2024-06-25T07:55:51.759+0000] {processor.py:830} INFO - Processing file /opt/airflow/dags/bronze_layer.py for tasks to queue
[2024-06-25T07:55:51.761+0000] {logging_mixin.py:188} INFO - [2024-06-25T07:55:51.760+0000] {dagbag.py:545} INFO - Filling up the DagBag from /opt/airflow/dags/bronze_layer.py
[2024-06-25T07:55:51.774+0000] {processor.py:840} INFO - DAG(s) 'load_json_postgres' retrieved from /opt/airflow/dags/bronze_layer.py
[2024-06-25T07:55:51.806+0000] {logging_mixin.py:188} INFO - [2024-06-25T07:55:51.806+0000] {dag.py:3096} INFO - Sync 1 DAGs
[2024-06-25T07:55:51.836+0000] {logging_mixin.py:188} INFO - [2024-06-25T07:55:51.836+0000] {dag.py:3954} INFO - Setting next_dagrun for load_json_postgres to 2024-06-24 00:00:00+00:00, run_after=2024-06-25 00:00:00+00:00
[2024-06-25T07:55:51.867+0000] {processor.py:183} INFO - Processing /opt/airflow/dags/bronze_layer.py took 0.115 seconds
[2024-06-25T07:56:22.020+0000] {processor.py:161} INFO - Started process (PID=240) to work on /opt/airflow/dags/bronze_layer.py
[2024-06-25T07:56:22.021+0000] {processor.py:830} INFO - Processing file /opt/airflow/dags/bronze_layer.py for tasks to queue
[2024-06-25T07:56:22.023+0000] {logging_mixin.py:188} INFO - [2024-06-25T07:56:22.023+0000] {dagbag.py:545} INFO - Filling up the DagBag from /opt/airflow/dags/bronze_layer.py
[2024-06-25T07:56:22.035+0000] {processor.py:840} INFO - DAG(s) 'load_json_postgres' retrieved from /opt/airflow/dags/bronze_layer.py
[2024-06-25T07:56:22.064+0000] {logging_mixin.py:188} INFO - [2024-06-25T07:56:22.063+0000] {dag.py:3096} INFO - Sync 1 DAGs
[2024-06-25T07:56:22.092+0000] {logging_mixin.py:188} INFO - [2024-06-25T07:56:22.092+0000] {dag.py:3954} INFO - Setting next_dagrun for load_json_postgres to 2024-06-24 00:00:00+00:00, run_after=2024-06-25 00:00:00+00:00
[2024-06-25T07:56:22.116+0000] {processor.py:183} INFO - Processing /opt/airflow/dags/bronze_layer.py took 0.103 seconds
[2024-06-25T07:56:52.288+0000] {processor.py:161} INFO - Started process (PID=250) to work on /opt/airflow/dags/bronze_layer.py
[2024-06-25T07:56:52.291+0000] {processor.py:830} INFO - Processing file /opt/airflow/dags/bronze_layer.py for tasks to queue
[2024-06-25T07:56:52.294+0000] {logging_mixin.py:188} INFO - [2024-06-25T07:56:52.293+0000] {dagbag.py:545} INFO - Filling up the DagBag from /opt/airflow/dags/bronze_layer.py
[2024-06-25T07:56:52.311+0000] {processor.py:840} INFO - DAG(s) 'load_json_postgres' retrieved from /opt/airflow/dags/bronze_layer.py
[2024-06-25T07:56:52.365+0000] {logging_mixin.py:188} INFO - [2024-06-25T07:56:52.364+0000] {dag.py:3096} INFO - Sync 1 DAGs
[2024-06-25T07:56:52.411+0000] {logging_mixin.py:188} INFO - [2024-06-25T07:56:52.411+0000] {dag.py:3954} INFO - Setting next_dagrun for load_json_postgres to 2024-06-24 00:00:00+00:00, run_after=2024-06-25 00:00:00+00:00
[2024-06-25T07:56:52.449+0000] {processor.py:183} INFO - Processing /opt/airflow/dags/bronze_layer.py took 0.170 seconds
[2024-06-25T07:57:22.608+0000] {processor.py:161} INFO - Started process (PID=260) to work on /opt/airflow/dags/bronze_layer.py
[2024-06-25T07:57:22.609+0000] {processor.py:830} INFO - Processing file /opt/airflow/dags/bronze_layer.py for tasks to queue
[2024-06-25T07:57:22.611+0000] {logging_mixin.py:188} INFO - [2024-06-25T07:57:22.610+0000] {dagbag.py:545} INFO - Filling up the DagBag from /opt/airflow/dags/bronze_layer.py
[2024-06-25T07:57:22.622+0000] {processor.py:840} INFO - DAG(s) 'load_json_postgres' retrieved from /opt/airflow/dags/bronze_layer.py
[2024-06-25T07:57:22.661+0000] {logging_mixin.py:188} INFO - [2024-06-25T07:57:22.661+0000] {dag.py:3096} INFO - Sync 1 DAGs
[2024-06-25T07:57:22.699+0000] {logging_mixin.py:188} INFO - [2024-06-25T07:57:22.699+0000] {dag.py:3954} INFO - Setting next_dagrun for load_json_postgres to 2024-06-24 00:00:00+00:00, run_after=2024-06-25 00:00:00+00:00
[2024-06-25T07:57:22.720+0000] {processor.py:183} INFO - Processing /opt/airflow/dags/bronze_layer.py took 0.120 seconds
[2024-06-25T07:57:52.874+0000] {processor.py:161} INFO - Started process (PID=270) to work on /opt/airflow/dags/bronze_layer.py
[2024-06-25T07:57:52.987+0000] {processor.py:830} INFO - Processing file /opt/airflow/dags/bronze_layer.py for tasks to queue
[2024-06-25T07:57:52.989+0000] {logging_mixin.py:188} INFO - [2024-06-25T07:57:52.989+0000] {dagbag.py:545} INFO - Filling up the DagBag from /opt/airflow/dags/bronze_layer.py
[2024-06-25T07:57:53.005+0000] {processor.py:840} INFO - DAG(s) 'load_json_postgres' retrieved from /opt/airflow/dags/bronze_layer.py
[2024-06-25T07:57:53.046+0000] {logging_mixin.py:188} INFO - [2024-06-25T07:57:53.046+0000] {dag.py:3096} INFO - Sync 1 DAGs
[2024-06-25T07:57:53.087+0000] {logging_mixin.py:188} INFO - [2024-06-25T07:57:53.087+0000] {dag.py:3954} INFO - Setting next_dagrun for load_json_postgres to 2024-06-24 00:00:00+00:00, run_after=2024-06-25 00:00:00+00:00
[2024-06-25T07:57:54.143+0000] {processor.py:183} INFO - Processing /opt/airflow/dags/bronze_layer.py took 1.277 seconds
[2024-06-25T07:58:24.411+0000] {processor.py:161} INFO - Started process (PID=280) to work on /opt/airflow/dags/bronze_layer.py
[2024-06-25T07:58:24.413+0000] {processor.py:830} INFO - Processing file /opt/airflow/dags/bronze_layer.py for tasks to queue
[2024-06-25T07:58:24.416+0000] {logging_mixin.py:188} INFO - [2024-06-25T07:58:24.415+0000] {dagbag.py:545} INFO - Filling up the DagBag from /opt/airflow/dags/bronze_layer.py
[2024-06-25T07:58:24.427+0000] {processor.py:840} INFO - DAG(s) 'load_json_postgres' retrieved from /opt/airflow/dags/bronze_layer.py
[2024-06-25T07:58:24.455+0000] {logging_mixin.py:188} INFO - [2024-06-25T07:58:24.455+0000] {dag.py:3096} INFO - Sync 1 DAGs
[2024-06-25T07:58:24.483+0000] {logging_mixin.py:188} INFO - [2024-06-25T07:58:24.482+0000] {dag.py:3954} INFO - Setting next_dagrun for load_json_postgres to 2024-06-24 00:00:00+00:00, run_after=2024-06-25 00:00:00+00:00
[2024-06-25T07:58:24.506+0000] {processor.py:183} INFO - Processing /opt/airflow/dags/bronze_layer.py took 0.101 seconds
[2024-06-25T07:58:54.761+0000] {processor.py:161} INFO - Started process (PID=290) to work on /opt/airflow/dags/bronze_layer.py
[2024-06-25T07:58:54.762+0000] {processor.py:830} INFO - Processing file /opt/airflow/dags/bronze_layer.py for tasks to queue
[2024-06-25T07:58:54.765+0000] {logging_mixin.py:188} INFO - [2024-06-25T07:58:54.764+0000] {dagbag.py:545} INFO - Filling up the DagBag from /opt/airflow/dags/bronze_layer.py
[2024-06-25T07:58:54.776+0000] {processor.py:840} INFO - DAG(s) 'load_json_postgres' retrieved from /opt/airflow/dags/bronze_layer.py
[2024-06-25T07:58:54.807+0000] {logging_mixin.py:188} INFO - [2024-06-25T07:58:54.806+0000] {dag.py:3096} INFO - Sync 1 DAGs
[2024-06-25T07:58:54.836+0000] {logging_mixin.py:188} INFO - [2024-06-25T07:58:54.836+0000] {dag.py:3954} INFO - Setting next_dagrun for load_json_postgres to 2024-06-24 00:00:00+00:00, run_after=2024-06-25 00:00:00+00:00
[2024-06-25T07:58:54.862+0000] {processor.py:183} INFO - Processing /opt/airflow/dags/bronze_layer.py took 0.108 seconds
[2024-06-25T07:59:25.133+0000] {processor.py:161} INFO - Started process (PID=300) to work on /opt/airflow/dags/bronze_layer.py
[2024-06-25T07:59:25.134+0000] {processor.py:830} INFO - Processing file /opt/airflow/dags/bronze_layer.py for tasks to queue
[2024-06-25T07:59:25.136+0000] {logging_mixin.py:188} INFO - [2024-06-25T07:59:25.135+0000] {dagbag.py:545} INFO - Filling up the DagBag from /opt/airflow/dags/bronze_layer.py
[2024-06-25T07:59:25.147+0000] {processor.py:840} INFO - DAG(s) 'load_json_postgres' retrieved from /opt/airflow/dags/bronze_layer.py
[2024-06-25T07:59:25.181+0000] {logging_mixin.py:188} INFO - [2024-06-25T07:59:25.180+0000] {dag.py:3096} INFO - Sync 1 DAGs
[2024-06-25T07:59:25.209+0000] {logging_mixin.py:188} INFO - [2024-06-25T07:59:25.209+0000] {dag.py:3954} INFO - Setting next_dagrun for load_json_postgres to 2024-06-24 00:00:00+00:00, run_after=2024-06-25 00:00:00+00:00
[2024-06-25T07:59:25.237+0000] {processor.py:183} INFO - Processing /opt/airflow/dags/bronze_layer.py took 0.111 seconds
[2024-06-25T07:59:55.487+0000] {processor.py:161} INFO - Started process (PID=310) to work on /opt/airflow/dags/bronze_layer.py
[2024-06-25T07:59:55.488+0000] {processor.py:830} INFO - Processing file /opt/airflow/dags/bronze_layer.py for tasks to queue
[2024-06-25T07:59:55.490+0000] {logging_mixin.py:188} INFO - [2024-06-25T07:59:55.489+0000] {dagbag.py:545} INFO - Filling up the DagBag from /opt/airflow/dags/bronze_layer.py
[2024-06-25T07:59:55.500+0000] {processor.py:840} INFO - DAG(s) 'load_json_postgres' retrieved from /opt/airflow/dags/bronze_layer.py
[2024-06-25T07:59:55.526+0000] {logging_mixin.py:188} INFO - [2024-06-25T07:59:55.526+0000] {dag.py:3096} INFO - Sync 1 DAGs
[2024-06-25T07:59:55.553+0000] {logging_mixin.py:188} INFO - [2024-06-25T07:59:55.553+0000] {dag.py:3954} INFO - Setting next_dagrun for load_json_postgres to 2024-06-24 00:00:00+00:00, run_after=2024-06-25 00:00:00+00:00
[2024-06-25T07:59:55.579+0000] {processor.py:183} INFO - Processing /opt/airflow/dags/bronze_layer.py took 0.098 seconds
[2024-06-25T08:00:25.852+0000] {processor.py:161} INFO - Started process (PID=320) to work on /opt/airflow/dags/bronze_layer.py
[2024-06-25T08:00:25.853+0000] {processor.py:830} INFO - Processing file /opt/airflow/dags/bronze_layer.py for tasks to queue
[2024-06-25T08:00:25.855+0000] {logging_mixin.py:188} INFO - [2024-06-25T08:00:25.854+0000] {dagbag.py:545} INFO - Filling up the DagBag from /opt/airflow/dags/bronze_layer.py
[2024-06-25T08:00:25.866+0000] {processor.py:840} INFO - DAG(s) 'load_json_postgres' retrieved from /opt/airflow/dags/bronze_layer.py
[2024-06-25T08:00:25.902+0000] {logging_mixin.py:188} INFO - [2024-06-25T08:00:25.902+0000] {dag.py:3096} INFO - Sync 1 DAGs
[2024-06-25T08:00:25.938+0000] {logging_mixin.py:188} INFO - [2024-06-25T08:00:25.938+0000] {dag.py:3954} INFO - Setting next_dagrun for load_json_postgres to 2024-06-24 00:00:00+00:00, run_after=2024-06-25 00:00:00+00:00
[2024-06-25T08:00:25.963+0000] {processor.py:183} INFO - Processing /opt/airflow/dags/bronze_layer.py took 0.117 seconds
[2024-06-25T08:00:56.224+0000] {processor.py:161} INFO - Started process (PID=330) to work on /opt/airflow/dags/bronze_layer.py
[2024-06-25T08:00:56.225+0000] {processor.py:830} INFO - Processing file /opt/airflow/dags/bronze_layer.py for tasks to queue
[2024-06-25T08:00:56.227+0000] {logging_mixin.py:188} INFO - [2024-06-25T08:00:56.226+0000] {dagbag.py:545} INFO - Filling up the DagBag from /opt/airflow/dags/bronze_layer.py
[2024-06-25T08:00:56.239+0000] {processor.py:840} INFO - DAG(s) 'load_json_postgres' retrieved from /opt/airflow/dags/bronze_layer.py
[2024-06-25T08:00:56.277+0000] {logging_mixin.py:188} INFO - [2024-06-25T08:00:56.276+0000] {dag.py:3096} INFO - Sync 1 DAGs
[2024-06-25T08:00:56.318+0000] {logging_mixin.py:188} INFO - [2024-06-25T08:00:56.318+0000] {dag.py:3954} INFO - Setting next_dagrun for load_json_postgres to 2024-06-24 00:00:00+00:00, run_after=2024-06-25 00:00:00+00:00
[2024-06-25T08:00:56.346+0000] {processor.py:183} INFO - Processing /opt/airflow/dags/bronze_layer.py took 0.129 seconds
[2024-06-25T08:01:26.565+0000] {processor.py:161} INFO - Started process (PID=340) to work on /opt/airflow/dags/bronze_layer.py
[2024-06-25T08:01:26.567+0000] {processor.py:830} INFO - Processing file /opt/airflow/dags/bronze_layer.py for tasks to queue
[2024-06-25T08:01:26.569+0000] {logging_mixin.py:188} INFO - [2024-06-25T08:01:26.569+0000] {dagbag.py:545} INFO - Filling up the DagBag from /opt/airflow/dags/bronze_layer.py
[2024-06-25T08:01:26.581+0000] {processor.py:840} INFO - DAG(s) 'load_json_postgres' retrieved from /opt/airflow/dags/bronze_layer.py
[2024-06-25T08:01:26.611+0000] {logging_mixin.py:188} INFO - [2024-06-25T08:01:26.611+0000] {dag.py:3096} INFO - Sync 1 DAGs
[2024-06-25T08:01:26.647+0000] {logging_mixin.py:188} INFO - [2024-06-25T08:01:26.647+0000] {dag.py:3954} INFO - Setting next_dagrun for load_json_postgres to 2024-06-24 00:00:00+00:00, run_after=2024-06-25 00:00:00+00:00
[2024-06-25T08:01:26.670+0000] {processor.py:183} INFO - Processing /opt/airflow/dags/bronze_layer.py took 0.113 seconds
[2024-06-25T08:01:56.844+0000] {processor.py:161} INFO - Started process (PID=350) to work on /opt/airflow/dags/bronze_layer.py
[2024-06-25T08:01:56.844+0000] {processor.py:830} INFO - Processing file /opt/airflow/dags/bronze_layer.py for tasks to queue
[2024-06-25T08:01:56.846+0000] {logging_mixin.py:188} INFO - [2024-06-25T08:01:56.846+0000] {dagbag.py:545} INFO - Filling up the DagBag from /opt/airflow/dags/bronze_layer.py
[2024-06-25T08:01:56.856+0000] {processor.py:840} INFO - DAG(s) 'load_json_postgres' retrieved from /opt/airflow/dags/bronze_layer.py
[2024-06-25T08:01:56.896+0000] {logging_mixin.py:188} INFO - [2024-06-25T08:01:56.896+0000] {dag.py:3096} INFO - Sync 1 DAGs
[2024-06-25T08:01:56.931+0000] {logging_mixin.py:188} INFO - [2024-06-25T08:01:56.930+0000] {dag.py:3954} INFO - Setting next_dagrun for load_json_postgres to 2024-06-24 00:00:00+00:00, run_after=2024-06-25 00:00:00+00:00
[2024-06-25T08:01:56.955+0000] {processor.py:183} INFO - Processing /opt/airflow/dags/bronze_layer.py took 0.117 seconds
[2024-06-25T08:02:27.173+0000] {processor.py:161} INFO - Started process (PID=362) to work on /opt/airflow/dags/bronze_layer.py
[2024-06-25T08:02:27.175+0000] {processor.py:830} INFO - Processing file /opt/airflow/dags/bronze_layer.py for tasks to queue
[2024-06-25T08:02:27.178+0000] {logging_mixin.py:188} INFO - [2024-06-25T08:02:27.177+0000] {dagbag.py:545} INFO - Filling up the DagBag from /opt/airflow/dags/bronze_layer.py
[2024-06-25T08:02:27.192+0000] {processor.py:840} INFO - DAG(s) 'load_json_postgres' retrieved from /opt/airflow/dags/bronze_layer.py
[2024-06-25T08:02:27.223+0000] {logging_mixin.py:188} INFO - [2024-06-25T08:02:27.223+0000] {dag.py:3096} INFO - Sync 1 DAGs
[2024-06-25T08:02:27.250+0000] {logging_mixin.py:188} INFO - [2024-06-25T08:02:27.250+0000] {dag.py:3954} INFO - Setting next_dagrun for load_json_postgres to 2024-06-24 00:00:00+00:00, run_after=2024-06-25 00:00:00+00:00
[2024-06-25T08:02:27.271+0000] {processor.py:183} INFO - Processing /opt/airflow/dags/bronze_layer.py took 0.104 seconds
[2024-06-25T08:02:57.503+0000] {processor.py:161} INFO - Started process (PID=374) to work on /opt/airflow/dags/bronze_layer.py
[2024-06-25T08:02:57.506+0000] {processor.py:830} INFO - Processing file /opt/airflow/dags/bronze_layer.py for tasks to queue
[2024-06-25T08:02:57.509+0000] {logging_mixin.py:188} INFO - [2024-06-25T08:02:57.508+0000] {dagbag.py:545} INFO - Filling up the DagBag from /opt/airflow/dags/bronze_layer.py
[2024-06-25T08:02:57.522+0000] {processor.py:840} INFO - DAG(s) 'load_json_postgres' retrieved from /opt/airflow/dags/bronze_layer.py
[2024-06-25T08:02:57.559+0000] {logging_mixin.py:188} INFO - [2024-06-25T08:02:57.559+0000] {dag.py:3096} INFO - Sync 1 DAGs
[2024-06-25T08:02:57.601+0000] {logging_mixin.py:188} INFO - [2024-06-25T08:02:57.600+0000] {dag.py:3954} INFO - Setting next_dagrun for load_json_postgres to 2024-06-24 00:00:00+00:00, run_after=2024-06-25 00:00:00+00:00
[2024-06-25T08:02:57.633+0000] {processor.py:183} INFO - Processing /opt/airflow/dags/bronze_layer.py took 0.138 seconds
[2024-06-25T08:03:27.846+0000] {processor.py:161} INFO - Started process (PID=391) to work on /opt/airflow/dags/bronze_layer.py
[2024-06-25T08:03:27.849+0000] {processor.py:830} INFO - Processing file /opt/airflow/dags/bronze_layer.py for tasks to queue
[2024-06-25T08:03:27.851+0000] {logging_mixin.py:188} INFO - [2024-06-25T08:03:27.851+0000] {dagbag.py:545} INFO - Filling up the DagBag from /opt/airflow/dags/bronze_layer.py
[2024-06-25T08:03:27.863+0000] {processor.py:840} INFO - DAG(s) 'load_json_postgres' retrieved from /opt/airflow/dags/bronze_layer.py
[2024-06-25T08:03:27.894+0000] {logging_mixin.py:188} INFO - [2024-06-25T08:03:27.893+0000] {dag.py:3096} INFO - Sync 1 DAGs
[2024-06-25T08:03:27.920+0000] {logging_mixin.py:188} INFO - [2024-06-25T08:03:27.920+0000] {dag.py:3954} INFO - Setting next_dagrun for load_json_postgres to 2024-06-24 00:00:00+00:00, run_after=2024-06-25 00:00:00+00:00
[2024-06-25T08:03:27.943+0000] {processor.py:183} INFO - Processing /opt/airflow/dags/bronze_layer.py took 0.104 seconds
[2024-06-25T08:03:58.169+0000] {processor.py:161} INFO - Started process (PID=401) to work on /opt/airflow/dags/bronze_layer.py
[2024-06-25T08:03:58.170+0000] {processor.py:830} INFO - Processing file /opt/airflow/dags/bronze_layer.py for tasks to queue
[2024-06-25T08:03:58.172+0000] {logging_mixin.py:188} INFO - [2024-06-25T08:03:58.172+0000] {dagbag.py:545} INFO - Filling up the DagBag from /opt/airflow/dags/bronze_layer.py
[2024-06-25T08:03:58.185+0000] {processor.py:840} INFO - DAG(s) 'load_json_postgres' retrieved from /opt/airflow/dags/bronze_layer.py
[2024-06-25T08:03:58.212+0000] {logging_mixin.py:188} INFO - [2024-06-25T08:03:58.212+0000] {dag.py:3096} INFO - Sync 1 DAGs
[2024-06-25T08:03:58.237+0000] {logging_mixin.py:188} INFO - [2024-06-25T08:03:58.237+0000] {dag.py:3954} INFO - Setting next_dagrun for load_json_postgres to 2024-06-24 00:00:00+00:00, run_after=2024-06-25 00:00:00+00:00
[2024-06-25T08:03:58.259+0000] {processor.py:183} INFO - Processing /opt/airflow/dags/bronze_layer.py took 0.097 seconds
[2024-06-25T08:04:28.484+0000] {processor.py:161} INFO - Started process (PID=411) to work on /opt/airflow/dags/bronze_layer.py
[2024-06-25T08:04:28.485+0000] {processor.py:830} INFO - Processing file /opt/airflow/dags/bronze_layer.py for tasks to queue
[2024-06-25T08:04:28.488+0000] {logging_mixin.py:188} INFO - [2024-06-25T08:04:28.487+0000] {dagbag.py:545} INFO - Filling up the DagBag from /opt/airflow/dags/bronze_layer.py
[2024-06-25T08:04:28.503+0000] {processor.py:840} INFO - DAG(s) 'load_json_postgres' retrieved from /opt/airflow/dags/bronze_layer.py
[2024-06-25T08:04:28.532+0000] {logging_mixin.py:188} INFO - [2024-06-25T08:04:28.532+0000] {dag.py:3096} INFO - Sync 1 DAGs
[2024-06-25T08:04:28.558+0000] {logging_mixin.py:188} INFO - [2024-06-25T08:04:28.558+0000] {dag.py:3954} INFO - Setting next_dagrun for load_json_postgres to 2024-06-24 00:00:00+00:00, run_after=2024-06-25 00:00:00+00:00
[2024-06-25T08:04:28.579+0000] {processor.py:183} INFO - Processing /opt/airflow/dags/bronze_layer.py took 0.104 seconds
[2024-06-25T08:04:58.773+0000] {processor.py:161} INFO - Started process (PID=421) to work on /opt/airflow/dags/bronze_layer.py
[2024-06-25T08:04:58.775+0000] {processor.py:830} INFO - Processing file /opt/airflow/dags/bronze_layer.py for tasks to queue
[2024-06-25T08:04:58.777+0000] {logging_mixin.py:188} INFO - [2024-06-25T08:04:58.777+0000] {dagbag.py:545} INFO - Filling up the DagBag from /opt/airflow/dags/bronze_layer.py
[2024-06-25T08:04:58.788+0000] {processor.py:840} INFO - DAG(s) 'load_json_postgres' retrieved from /opt/airflow/dags/bronze_layer.py
[2024-06-25T08:04:58.815+0000] {logging_mixin.py:188} INFO - [2024-06-25T08:04:58.815+0000] {dag.py:3096} INFO - Sync 1 DAGs
[2024-06-25T08:04:58.839+0000] {logging_mixin.py:188} INFO - [2024-06-25T08:04:58.839+0000] {dag.py:3954} INFO - Setting next_dagrun for load_json_postgres to 2024-06-24 00:00:00+00:00, run_after=2024-06-25 00:00:00+00:00
[2024-06-25T08:04:58.861+0000] {processor.py:183} INFO - Processing /opt/airflow/dags/bronze_layer.py took 0.096 seconds
[2024-06-25T08:05:29.073+0000] {processor.py:161} INFO - Started process (PID=431) to work on /opt/airflow/dags/bronze_layer.py
[2024-06-25T08:05:29.074+0000] {processor.py:830} INFO - Processing file /opt/airflow/dags/bronze_layer.py for tasks to queue
[2024-06-25T08:05:29.076+0000] {logging_mixin.py:188} INFO - [2024-06-25T08:05:29.076+0000] {dagbag.py:545} INFO - Filling up the DagBag from /opt/airflow/dags/bronze_layer.py
[2024-06-25T08:05:29.091+0000] {processor.py:840} INFO - DAG(s) 'load_json_postgres' retrieved from /opt/airflow/dags/bronze_layer.py
[2024-06-25T08:05:29.117+0000] {logging_mixin.py:188} INFO - [2024-06-25T08:05:29.117+0000] {dag.py:3096} INFO - Sync 1 DAGs
[2024-06-25T08:05:29.141+0000] {logging_mixin.py:188} INFO - [2024-06-25T08:05:29.140+0000] {dag.py:3954} INFO - Setting next_dagrun for load_json_postgres to 2024-06-24 00:00:00+00:00, run_after=2024-06-25 00:00:00+00:00
[2024-06-25T08:05:29.163+0000] {processor.py:183} INFO - Processing /opt/airflow/dags/bronze_layer.py took 0.097 seconds
[2024-06-25T08:05:59.378+0000] {processor.py:161} INFO - Started process (PID=441) to work on /opt/airflow/dags/bronze_layer.py
[2024-06-25T08:05:59.381+0000] {processor.py:830} INFO - Processing file /opt/airflow/dags/bronze_layer.py for tasks to queue
[2024-06-25T08:05:59.383+0000] {logging_mixin.py:188} INFO - [2024-06-25T08:05:59.383+0000] {dagbag.py:545} INFO - Filling up the DagBag from /opt/airflow/dags/bronze_layer.py
[2024-06-25T08:05:59.397+0000] {processor.py:840} INFO - DAG(s) 'load_json_postgres' retrieved from /opt/airflow/dags/bronze_layer.py
[2024-06-25T08:05:59.424+0000] {logging_mixin.py:188} INFO - [2024-06-25T08:05:59.424+0000] {dag.py:3096} INFO - Sync 1 DAGs
[2024-06-25T08:05:59.448+0000] {logging_mixin.py:188} INFO - [2024-06-25T08:05:59.448+0000] {dag.py:3954} INFO - Setting next_dagrun for load_json_postgres to 2024-06-24 00:00:00+00:00, run_after=2024-06-25 00:00:00+00:00
[2024-06-25T08:05:59.468+0000] {processor.py:183} INFO - Processing /opt/airflow/dags/bronze_layer.py took 0.097 seconds
[2024-06-25T08:06:29.698+0000] {processor.py:161} INFO - Started process (PID=451) to work on /opt/airflow/dags/bronze_layer.py
[2024-06-25T08:06:29.699+0000] {processor.py:830} INFO - Processing file /opt/airflow/dags/bronze_layer.py for tasks to queue
[2024-06-25T08:06:29.701+0000] {logging_mixin.py:188} INFO - [2024-06-25T08:06:29.701+0000] {dagbag.py:545} INFO - Filling up the DagBag from /opt/airflow/dags/bronze_layer.py
[2024-06-25T08:06:29.714+0000] {processor.py:840} INFO - DAG(s) 'load_json_postgres' retrieved from /opt/airflow/dags/bronze_layer.py
[2024-06-25T08:06:29.741+0000] {logging_mixin.py:188} INFO - [2024-06-25T08:06:29.741+0000] {dag.py:3096} INFO - Sync 1 DAGs
[2024-06-25T08:06:29.765+0000] {logging_mixin.py:188} INFO - [2024-06-25T08:06:29.764+0000] {dag.py:3954} INFO - Setting next_dagrun for load_json_postgres to 2024-06-24 00:00:00+00:00, run_after=2024-06-25 00:00:00+00:00
[2024-06-25T08:06:29.784+0000] {processor.py:183} INFO - Processing /opt/airflow/dags/bronze_layer.py took 0.094 seconds
[2024-06-25T08:06:59.957+0000] {processor.py:161} INFO - Started process (PID=470) to work on /opt/airflow/dags/bronze_layer.py
[2024-06-25T08:06:59.960+0000] {processor.py:830} INFO - Processing file /opt/airflow/dags/bronze_layer.py for tasks to queue
[2024-06-25T08:06:59.962+0000] {logging_mixin.py:188} INFO - [2024-06-25T08:06:59.962+0000] {dagbag.py:545} INFO - Filling up the DagBag from /opt/airflow/dags/bronze_layer.py
[2024-06-25T08:06:59.979+0000] {processor.py:840} INFO - DAG(s) 'load_json_postgres' retrieved from /opt/airflow/dags/bronze_layer.py
[2024-06-25T08:07:00.017+0000] {logging_mixin.py:188} INFO - [2024-06-25T08:07:00.017+0000] {dag.py:3096} INFO - Sync 1 DAGs
[2024-06-25T08:07:00.044+0000] {logging_mixin.py:188} INFO - [2024-06-25T08:07:00.043+0000] {dag.py:3954} INFO - Setting next_dagrun for load_json_postgres to 2024-06-24 00:00:00+00:00, run_after=2024-06-25 00:00:00+00:00
[2024-06-25T08:07:00.065+0000] {processor.py:183} INFO - Processing /opt/airflow/dags/bronze_layer.py took 0.117 seconds
[2024-06-25T08:07:30.287+0000] {processor.py:161} INFO - Started process (PID=480) to work on /opt/airflow/dags/bronze_layer.py
[2024-06-25T08:07:30.289+0000] {processor.py:830} INFO - Processing file /opt/airflow/dags/bronze_layer.py for tasks to queue
[2024-06-25T08:07:30.291+0000] {logging_mixin.py:188} INFO - [2024-06-25T08:07:30.291+0000] {dagbag.py:545} INFO - Filling up the DagBag from /opt/airflow/dags/bronze_layer.py
[2024-06-25T08:07:30.305+0000] {processor.py:840} INFO - DAG(s) 'load_json_postgres' retrieved from /opt/airflow/dags/bronze_layer.py
[2024-06-25T08:07:30.332+0000] {logging_mixin.py:188} INFO - [2024-06-25T08:07:30.332+0000] {dag.py:3096} INFO - Sync 1 DAGs
[2024-06-25T08:07:30.356+0000] {logging_mixin.py:188} INFO - [2024-06-25T08:07:30.356+0000] {dag.py:3954} INFO - Setting next_dagrun for load_json_postgres to 2024-06-24 00:00:00+00:00, run_after=2024-06-25 00:00:00+00:00
[2024-06-25T08:07:30.376+0000] {processor.py:183} INFO - Processing /opt/airflow/dags/bronze_layer.py took 0.097 seconds
[2024-06-25T08:08:00.594+0000] {processor.py:161} INFO - Started process (PID=490) to work on /opt/airflow/dags/bronze_layer.py
[2024-06-25T08:08:00.595+0000] {processor.py:830} INFO - Processing file /opt/airflow/dags/bronze_layer.py for tasks to queue
[2024-06-25T08:08:00.598+0000] {logging_mixin.py:188} INFO - [2024-06-25T08:08:00.597+0000] {dagbag.py:545} INFO - Filling up the DagBag from /opt/airflow/dags/bronze_layer.py
[2024-06-25T08:08:00.611+0000] {processor.py:840} INFO - DAG(s) 'load_json_postgres' retrieved from /opt/airflow/dags/bronze_layer.py
[2024-06-25T08:08:00.641+0000] {logging_mixin.py:188} INFO - [2024-06-25T08:08:00.640+0000] {dag.py:3096} INFO - Sync 1 DAGs
[2024-06-25T08:08:00.666+0000] {logging_mixin.py:188} INFO - [2024-06-25T08:08:00.666+0000] {dag.py:3954} INFO - Setting next_dagrun for load_json_postgres to 2024-06-24 00:00:00+00:00, run_after=2024-06-25 00:00:00+00:00
[2024-06-25T08:08:00.687+0000] {processor.py:183} INFO - Processing /opt/airflow/dags/bronze_layer.py took 0.100 seconds
[2024-06-25T08:08:30.967+0000] {processor.py:161} INFO - Started process (PID=500) to work on /opt/airflow/dags/bronze_layer.py
[2024-06-25T08:08:30.969+0000] {processor.py:830} INFO - Processing file /opt/airflow/dags/bronze_layer.py for tasks to queue
[2024-06-25T08:08:30.972+0000] {logging_mixin.py:188} INFO - [2024-06-25T08:08:30.972+0000] {dagbag.py:545} INFO - Filling up the DagBag from /opt/airflow/dags/bronze_layer.py
[2024-06-25T08:08:30.986+0000] {processor.py:840} INFO - DAG(s) 'load_json_postgres' retrieved from /opt/airflow/dags/bronze_layer.py
[2024-06-25T08:08:31.018+0000] {logging_mixin.py:188} INFO - [2024-06-25T08:08:31.017+0000] {dag.py:3096} INFO - Sync 1 DAGs
[2024-06-25T08:08:31.047+0000] {logging_mixin.py:188} INFO - [2024-06-25T08:08:31.047+0000] {dag.py:3954} INFO - Setting next_dagrun for load_json_postgres to 2024-06-24 00:00:00+00:00, run_after=2024-06-25 00:00:00+00:00
[2024-06-25T08:08:31.070+0000] {processor.py:183} INFO - Processing /opt/airflow/dags/bronze_layer.py took 0.111 seconds
[2024-06-25T08:09:01.245+0000] {processor.py:161} INFO - Started process (PID=519) to work on /opt/airflow/dags/bronze_layer.py
[2024-06-25T08:09:01.245+0000] {processor.py:830} INFO - Processing file /opt/airflow/dags/bronze_layer.py for tasks to queue
[2024-06-25T08:09:01.247+0000] {logging_mixin.py:188} INFO - [2024-06-25T08:09:01.247+0000] {dagbag.py:545} INFO - Filling up the DagBag from /opt/airflow/dags/bronze_layer.py
[2024-06-25T08:09:01.259+0000] {processor.py:840} INFO - DAG(s) 'load_json_postgres' retrieved from /opt/airflow/dags/bronze_layer.py
[2024-06-25T08:09:01.290+0000] {logging_mixin.py:188} INFO - [2024-06-25T08:09:01.290+0000] {dag.py:3096} INFO - Sync 1 DAGs
[2024-06-25T08:09:01.317+0000] {logging_mixin.py:188} INFO - [2024-06-25T08:09:01.316+0000] {dag.py:3954} INFO - Setting next_dagrun for load_json_postgres to 2024-06-24 00:00:00+00:00, run_after=2024-06-25 00:00:00+00:00
[2024-06-25T08:09:01.341+0000] {processor.py:183} INFO - Processing /opt/airflow/dags/bronze_layer.py took 0.102 seconds
[2024-06-25T08:09:31.542+0000] {processor.py:161} INFO - Started process (PID=538) to work on /opt/airflow/dags/bronze_layer.py
[2024-06-25T08:09:31.543+0000] {processor.py:830} INFO - Processing file /opt/airflow/dags/bronze_layer.py for tasks to queue
[2024-06-25T08:09:31.546+0000] {logging_mixin.py:188} INFO - [2024-06-25T08:09:31.545+0000] {dagbag.py:545} INFO - Filling up the DagBag from /opt/airflow/dags/bronze_layer.py
[2024-06-25T08:09:31.562+0000] {processor.py:840} INFO - DAG(s) 'load_json_postgres' retrieved from /opt/airflow/dags/bronze_layer.py
[2024-06-25T08:09:31.605+0000] {logging_mixin.py:188} INFO - [2024-06-25T08:09:31.605+0000] {dag.py:3096} INFO - Sync 1 DAGs
[2024-06-25T08:09:31.644+0000] {logging_mixin.py:188} INFO - [2024-06-25T08:09:31.644+0000] {dag.py:3954} INFO - Setting next_dagrun for load_json_postgres to 2024-06-24 00:00:00+00:00, run_after=2024-06-25 00:00:00+00:00
[2024-06-25T08:09:31.675+0000] {processor.py:183} INFO - Processing /opt/airflow/dags/bronze_layer.py took 0.143 seconds
[2024-06-25T08:10:01.859+0000] {processor.py:161} INFO - Started process (PID=548) to work on /opt/airflow/dags/bronze_layer.py
[2024-06-25T08:10:01.860+0000] {processor.py:830} INFO - Processing file /opt/airflow/dags/bronze_layer.py for tasks to queue
[2024-06-25T08:10:01.863+0000] {logging_mixin.py:188} INFO - [2024-06-25T08:10:01.862+0000] {dagbag.py:545} INFO - Filling up the DagBag from /opt/airflow/dags/bronze_layer.py
[2024-06-25T08:10:01.874+0000] {processor.py:840} INFO - DAG(s) 'load_json_postgres' retrieved from /opt/airflow/dags/bronze_layer.py
[2024-06-25T08:10:01.900+0000] {logging_mixin.py:188} INFO - [2024-06-25T08:10:01.900+0000] {dag.py:3096} INFO - Sync 1 DAGs
[2024-06-25T08:10:01.925+0000] {logging_mixin.py:188} INFO - [2024-06-25T08:10:01.925+0000] {dag.py:3954} INFO - Setting next_dagrun for load_json_postgres to 2024-06-24 00:00:00+00:00, run_after=2024-06-25 00:00:00+00:00
[2024-06-25T08:10:01.947+0000] {processor.py:183} INFO - Processing /opt/airflow/dags/bronze_layer.py took 0.094 seconds
[2024-06-25T08:10:32.157+0000] {processor.py:161} INFO - Started process (PID=558) to work on /opt/airflow/dags/bronze_layer.py
[2024-06-25T08:10:32.160+0000] {processor.py:830} INFO - Processing file /opt/airflow/dags/bronze_layer.py for tasks to queue
[2024-06-25T08:10:32.166+0000] {logging_mixin.py:188} INFO - [2024-06-25T08:10:32.165+0000] {dagbag.py:545} INFO - Filling up the DagBag from /opt/airflow/dags/bronze_layer.py
[2024-06-25T08:10:32.183+0000] {processor.py:840} INFO - DAG(s) 'load_json_postgres' retrieved from /opt/airflow/dags/bronze_layer.py
[2024-06-25T08:10:32.257+0000] {logging_mixin.py:188} INFO - [2024-06-25T08:10:32.256+0000] {dag.py:3096} INFO - Sync 1 DAGs
[2024-06-25T08:10:32.312+0000] {logging_mixin.py:188} INFO - [2024-06-25T08:10:32.312+0000] {dag.py:3954} INFO - Setting next_dagrun for load_json_postgres to 2024-06-24 00:00:00+00:00, run_after=2024-06-25 00:00:00+00:00
[2024-06-25T08:10:32.345+0000] {processor.py:183} INFO - Processing /opt/airflow/dags/bronze_layer.py took 0.198 seconds
[2024-06-25T08:11:02.522+0000] {processor.py:161} INFO - Started process (PID=577) to work on /opt/airflow/dags/bronze_layer.py
[2024-06-25T08:11:02.550+0000] {processor.py:830} INFO - Processing file /opt/airflow/dags/bronze_layer.py for tasks to queue
[2024-06-25T08:11:02.553+0000] {logging_mixin.py:188} INFO - [2024-06-25T08:11:02.553+0000] {dagbag.py:545} INFO - Filling up the DagBag from /opt/airflow/dags/bronze_layer.py
[2024-06-25T08:11:02.570+0000] {processor.py:840} INFO - DAG(s) 'load_json_postgres' retrieved from /opt/airflow/dags/bronze_layer.py
[2024-06-25T08:11:02.597+0000] {logging_mixin.py:188} INFO - [2024-06-25T08:11:02.597+0000] {dag.py:3096} INFO - Sync 1 DAGs
[2024-06-25T08:11:02.621+0000] {logging_mixin.py:188} INFO - [2024-06-25T08:11:02.620+0000] {dag.py:3954} INFO - Setting next_dagrun for load_json_postgres to 2024-06-24 00:00:00+00:00, run_after=2024-06-25 00:00:00+00:00
[2024-06-25T08:11:02.641+0000] {processor.py:183} INFO - Processing /opt/airflow/dags/bronze_layer.py took 0.130 seconds
[2024-06-25T08:11:32.874+0000] {processor.py:161} INFO - Started process (PID=587) to work on /opt/airflow/dags/bronze_layer.py
[2024-06-25T08:11:32.876+0000] {processor.py:830} INFO - Processing file /opt/airflow/dags/bronze_layer.py for tasks to queue
[2024-06-25T08:11:32.878+0000] {logging_mixin.py:188} INFO - [2024-06-25T08:11:32.878+0000] {dagbag.py:545} INFO - Filling up the DagBag from /opt/airflow/dags/bronze_layer.py
[2024-06-25T08:11:32.891+0000] {processor.py:840} INFO - DAG(s) 'load_json_postgres' retrieved from /opt/airflow/dags/bronze_layer.py
[2024-06-25T08:11:32.919+0000] {logging_mixin.py:188} INFO - [2024-06-25T08:11:32.919+0000] {dag.py:3096} INFO - Sync 1 DAGs
[2024-06-25T08:11:32.945+0000] {logging_mixin.py:188} INFO - [2024-06-25T08:11:32.945+0000] {dag.py:3954} INFO - Setting next_dagrun for load_json_postgres to 2024-06-24 00:00:00+00:00, run_after=2024-06-25 00:00:00+00:00
[2024-06-25T08:11:32.965+0000] {processor.py:183} INFO - Processing /opt/airflow/dags/bronze_layer.py took 0.098 seconds
[2024-06-25T08:12:03.195+0000] {processor.py:161} INFO - Started process (PID=597) to work on /opt/airflow/dags/bronze_layer.py
[2024-06-25T08:12:03.197+0000] {processor.py:830} INFO - Processing file /opt/airflow/dags/bronze_layer.py for tasks to queue
[2024-06-25T08:12:03.199+0000] {logging_mixin.py:188} INFO - [2024-06-25T08:12:03.199+0000] {dagbag.py:545} INFO - Filling up the DagBag from /opt/airflow/dags/bronze_layer.py
[2024-06-25T08:12:03.211+0000] {processor.py:840} INFO - DAG(s) 'load_json_postgres' retrieved from /opt/airflow/dags/bronze_layer.py
[2024-06-25T08:12:03.238+0000] {logging_mixin.py:188} INFO - [2024-06-25T08:12:03.238+0000] {dag.py:3096} INFO - Sync 1 DAGs
[2024-06-25T08:12:03.262+0000] {logging_mixin.py:188} INFO - [2024-06-25T08:12:03.262+0000] {dag.py:3954} INFO - Setting next_dagrun for load_json_postgres to 2024-06-24 00:00:00+00:00, run_after=2024-06-25 00:00:00+00:00
[2024-06-25T08:12:03.282+0000] {processor.py:183} INFO - Processing /opt/airflow/dags/bronze_layer.py took 0.095 seconds
[2024-06-25T08:12:33.489+0000] {processor.py:161} INFO - Started process (PID=607) to work on /opt/airflow/dags/bronze_layer.py
[2024-06-25T08:12:33.490+0000] {processor.py:830} INFO - Processing file /opt/airflow/dags/bronze_layer.py for tasks to queue
[2024-06-25T08:12:33.493+0000] {logging_mixin.py:188} INFO - [2024-06-25T08:12:33.492+0000] {dagbag.py:545} INFO - Filling up the DagBag from /opt/airflow/dags/bronze_layer.py
[2024-06-25T08:12:33.505+0000] {processor.py:840} INFO - DAG(s) 'load_json_postgres' retrieved from /opt/airflow/dags/bronze_layer.py
[2024-06-25T08:12:33.533+0000] {logging_mixin.py:188} INFO - [2024-06-25T08:12:33.533+0000] {dag.py:3096} INFO - Sync 1 DAGs
[2024-06-25T08:12:33.558+0000] {logging_mixin.py:188} INFO - [2024-06-25T08:12:33.558+0000] {dag.py:3954} INFO - Setting next_dagrun for load_json_postgres to 2024-06-24 00:00:00+00:00, run_after=2024-06-25 00:00:00+00:00
[2024-06-25T08:12:33.578+0000] {processor.py:183} INFO - Processing /opt/airflow/dags/bronze_layer.py took 0.096 seconds
[2024-06-25T08:13:03.837+0000] {processor.py:161} INFO - Started process (PID=617) to work on /opt/airflow/dags/bronze_layer.py
[2024-06-25T08:13:03.839+0000] {processor.py:830} INFO - Processing file /opt/airflow/dags/bronze_layer.py for tasks to queue
[2024-06-25T08:13:03.841+0000] {logging_mixin.py:188} INFO - [2024-06-25T08:13:03.840+0000] {dagbag.py:545} INFO - Filling up the DagBag from /opt/airflow/dags/bronze_layer.py
[2024-06-25T08:13:03.857+0000] {processor.py:840} INFO - DAG(s) 'load_json_postgres' retrieved from /opt/airflow/dags/bronze_layer.py
[2024-06-25T08:13:03.895+0000] {logging_mixin.py:188} INFO - [2024-06-25T08:13:03.895+0000] {dag.py:3096} INFO - Sync 1 DAGs
[2024-06-25T08:13:03.931+0000] {logging_mixin.py:188} INFO - [2024-06-25T08:13:03.931+0000] {dag.py:3954} INFO - Setting next_dagrun for load_json_postgres to 2024-06-24 00:00:00+00:00, run_after=2024-06-25 00:00:00+00:00
[2024-06-25T08:13:03.955+0000] {processor.py:183} INFO - Processing /opt/airflow/dags/bronze_layer.py took 0.126 seconds
[2024-06-25T08:13:34.240+0000] {processor.py:161} INFO - Started process (PID=627) to work on /opt/airflow/dags/bronze_layer.py
[2024-06-25T08:13:34.241+0000] {processor.py:830} INFO - Processing file /opt/airflow/dags/bronze_layer.py for tasks to queue
[2024-06-25T08:13:34.244+0000] {logging_mixin.py:188} INFO - [2024-06-25T08:13:34.243+0000] {dagbag.py:545} INFO - Filling up the DagBag from /opt/airflow/dags/bronze_layer.py
[2024-06-25T08:13:34.256+0000] {processor.py:840} INFO - DAG(s) 'load_json_postgres' retrieved from /opt/airflow/dags/bronze_layer.py
[2024-06-25T08:13:34.283+0000] {logging_mixin.py:188} INFO - [2024-06-25T08:13:34.283+0000] {dag.py:3096} INFO - Sync 1 DAGs
[2024-06-25T08:13:34.308+0000] {logging_mixin.py:188} INFO - [2024-06-25T08:13:34.307+0000] {dag.py:3954} INFO - Setting next_dagrun for load_json_postgres to 2024-06-24 00:00:00+00:00, run_after=2024-06-25 00:00:00+00:00
[2024-06-25T08:13:34.326+0000] {processor.py:183} INFO - Processing /opt/airflow/dags/bronze_layer.py took 0.092 seconds
[2024-06-25T08:14:04.502+0000] {processor.py:161} INFO - Started process (PID=644) to work on /opt/airflow/dags/bronze_layer.py
[2024-06-25T08:14:04.503+0000] {processor.py:830} INFO - Processing file /opt/airflow/dags/bronze_layer.py for tasks to queue
[2024-06-25T08:14:04.505+0000] {logging_mixin.py:188} INFO - [2024-06-25T08:14:04.504+0000] {dagbag.py:545} INFO - Filling up the DagBag from /opt/airflow/dags/bronze_layer.py
[2024-06-25T08:14:04.517+0000] {processor.py:840} INFO - DAG(s) 'load_json_postgres' retrieved from /opt/airflow/dags/bronze_layer.py
[2024-06-25T08:14:04.548+0000] {logging_mixin.py:188} INFO - [2024-06-25T08:14:04.547+0000] {dag.py:3096} INFO - Sync 1 DAGs
[2024-06-25T08:14:04.578+0000] {logging_mixin.py:188} INFO - [2024-06-25T08:14:04.577+0000] {dag.py:3954} INFO - Setting next_dagrun for load_json_postgres to 2024-06-24 00:00:00+00:00, run_after=2024-06-25 00:00:00+00:00
[2024-06-25T08:14:04.603+0000] {processor.py:183} INFO - Processing /opt/airflow/dags/bronze_layer.py took 0.108 seconds
[2024-06-25T08:14:34.766+0000] {processor.py:161} INFO - Started process (PID=656) to work on /opt/airflow/dags/bronze_layer.py
[2024-06-25T08:14:34.769+0000] {processor.py:830} INFO - Processing file /opt/airflow/dags/bronze_layer.py for tasks to queue
[2024-06-25T08:14:34.771+0000] {logging_mixin.py:188} INFO - [2024-06-25T08:14:34.771+0000] {dagbag.py:545} INFO - Filling up the DagBag from /opt/airflow/dags/bronze_layer.py
[2024-06-25T08:14:34.785+0000] {processor.py:840} INFO - DAG(s) 'load_json_postgres' retrieved from /opt/airflow/dags/bronze_layer.py
[2024-06-25T08:14:34.814+0000] {logging_mixin.py:188} INFO - [2024-06-25T08:14:34.813+0000] {dag.py:3096} INFO - Sync 1 DAGs
[2024-06-25T08:14:34.839+0000] {logging_mixin.py:188} INFO - [2024-06-25T08:14:34.838+0000] {dag.py:3954} INFO - Setting next_dagrun for load_json_postgres to 2024-06-24 00:00:00+00:00, run_after=2024-06-25 00:00:00+00:00
[2024-06-25T08:14:34.859+0000] {processor.py:183} INFO - Processing /opt/airflow/dags/bronze_layer.py took 0.101 seconds
[2024-06-25T10:56:30.303+0000] {processor.py:161} INFO - Started process (PID=163) to work on /opt/airflow/dags/bronze_layer.py
[2024-06-25T10:56:30.305+0000] {processor.py:830} INFO - Processing file /opt/airflow/dags/bronze_layer.py for tasks to queue
[2024-06-25T10:56:30.308+0000] {logging_mixin.py:188} INFO - [2024-06-25T10:56:30.307+0000] {dagbag.py:545} INFO - Filling up the DagBag from /opt/airflow/dags/bronze_layer.py
[2024-06-25T10:56:30.324+0000] {processor.py:840} INFO - DAG(s) 'load_json_postgres' retrieved from /opt/airflow/dags/bronze_layer.py
[2024-06-25T10:56:30.364+0000] {logging_mixin.py:188} INFO - [2024-06-25T10:56:30.363+0000] {dag.py:3096} INFO - Sync 1 DAGs
[2024-06-25T10:56:30.397+0000] {logging_mixin.py:188} INFO - [2024-06-25T10:56:30.397+0000] {dag.py:3954} INFO - Setting next_dagrun for load_json_postgres to 2024-06-24 00:00:00+00:00, run_after=2024-06-25 00:00:00+00:00
[2024-06-25T10:56:30.423+0000] {processor.py:183} INFO - Processing /opt/airflow/dags/bronze_layer.py took 0.129 seconds
[2024-06-25T10:57:00.522+0000] {processor.py:161} INFO - Started process (PID=173) to work on /opt/airflow/dags/bronze_layer.py
[2024-06-25T10:57:00.523+0000] {processor.py:830} INFO - Processing file /opt/airflow/dags/bronze_layer.py for tasks to queue
[2024-06-25T10:57:00.524+0000] {logging_mixin.py:188} INFO - [2024-06-25T10:57:00.524+0000] {dagbag.py:545} INFO - Filling up the DagBag from /opt/airflow/dags/bronze_layer.py
[2024-06-25T10:57:00.535+0000] {processor.py:840} INFO - DAG(s) 'load_json_postgres' retrieved from /opt/airflow/dags/bronze_layer.py
[2024-06-25T10:57:00.947+0000] {logging_mixin.py:188} INFO - [2024-06-25T10:57:00.947+0000] {dag.py:3096} INFO - Sync 1 DAGs
[2024-06-25T10:57:00.972+0000] {logging_mixin.py:188} INFO - [2024-06-25T10:57:00.972+0000] {dag.py:3954} INFO - Setting next_dagrun for load_json_postgres to 2024-06-24 00:00:00+00:00, run_after=2024-06-25 00:00:00+00:00
[2024-06-25T10:57:01.010+0000] {processor.py:183} INFO - Processing /opt/airflow/dags/bronze_layer.py took 0.494 seconds
[2024-06-25T10:57:31.226+0000] {processor.py:161} INFO - Started process (PID=192) to work on /opt/airflow/dags/bronze_layer.py
[2024-06-25T10:57:31.227+0000] {processor.py:830} INFO - Processing file /opt/airflow/dags/bronze_layer.py for tasks to queue
[2024-06-25T10:57:31.230+0000] {logging_mixin.py:188} INFO - [2024-06-25T10:57:31.229+0000] {dagbag.py:545} INFO - Filling up the DagBag from /opt/airflow/dags/bronze_layer.py
[2024-06-25T10:57:31.248+0000] {processor.py:840} INFO - DAG(s) 'load_json_postgres' retrieved from /opt/airflow/dags/bronze_layer.py
[2024-06-25T10:57:31.305+0000] {logging_mixin.py:188} INFO - [2024-06-25T10:57:31.305+0000] {dag.py:3096} INFO - Sync 1 DAGs
[2024-06-25T10:57:31.350+0000] {logging_mixin.py:188} INFO - [2024-06-25T10:57:31.350+0000] {dag.py:3954} INFO - Setting next_dagrun for load_json_postgres to 2024-06-24 00:00:00+00:00, run_after=2024-06-25 00:00:00+00:00
[2024-06-25T10:57:31.392+0000] {processor.py:183} INFO - Processing /opt/airflow/dags/bronze_layer.py took 0.175 seconds
[2024-06-25T10:58:01.613+0000] {processor.py:161} INFO - Started process (PID=202) to work on /opt/airflow/dags/bronze_layer.py
[2024-06-25T10:58:01.614+0000] {processor.py:830} INFO - Processing file /opt/airflow/dags/bronze_layer.py for tasks to queue
[2024-06-25T10:58:01.616+0000] {logging_mixin.py:188} INFO - [2024-06-25T10:58:01.616+0000] {dagbag.py:545} INFO - Filling up the DagBag from /opt/airflow/dags/bronze_layer.py
[2024-06-25T10:58:01.627+0000] {processor.py:840} INFO - DAG(s) 'load_json_postgres' retrieved from /opt/airflow/dags/bronze_layer.py
[2024-06-25T10:58:01.654+0000] {logging_mixin.py:188} INFO - [2024-06-25T10:58:01.653+0000] {dag.py:3096} INFO - Sync 1 DAGs
[2024-06-25T10:58:01.680+0000] {logging_mixin.py:188} INFO - [2024-06-25T10:58:01.680+0000] {dag.py:3954} INFO - Setting next_dagrun for load_json_postgres to 2024-06-24 00:00:00+00:00, run_after=2024-06-25 00:00:00+00:00
[2024-06-25T10:58:01.708+0000] {processor.py:183} INFO - Processing /opt/airflow/dags/bronze_layer.py took 0.102 seconds
[2024-06-25T10:58:31.971+0000] {processor.py:161} INFO - Started process (PID=212) to work on /opt/airflow/dags/bronze_layer.py
[2024-06-25T10:58:31.972+0000] {processor.py:830} INFO - Processing file /opt/airflow/dags/bronze_layer.py for tasks to queue
[2024-06-25T10:58:31.974+0000] {logging_mixin.py:188} INFO - [2024-06-25T10:58:31.973+0000] {dagbag.py:545} INFO - Filling up the DagBag from /opt/airflow/dags/bronze_layer.py
[2024-06-25T10:58:31.986+0000] {processor.py:840} INFO - DAG(s) 'load_json_postgres' retrieved from /opt/airflow/dags/bronze_layer.py
[2024-06-25T10:58:32.013+0000] {logging_mixin.py:188} INFO - [2024-06-25T10:58:32.013+0000] {dag.py:3096} INFO - Sync 1 DAGs
[2024-06-25T10:58:32.039+0000] {logging_mixin.py:188} INFO - [2024-06-25T10:58:32.039+0000] {dag.py:3954} INFO - Setting next_dagrun for load_json_postgres to 2024-06-24 00:00:00+00:00, run_after=2024-06-25 00:00:00+00:00
[2024-06-25T10:58:32.060+0000] {processor.py:183} INFO - Processing /opt/airflow/dags/bronze_layer.py took 0.098 seconds
[2024-06-25T10:59:02.265+0000] {processor.py:161} INFO - Started process (PID=231) to work on /opt/airflow/dags/bronze_layer.py
[2024-06-25T10:59:02.275+0000] {processor.py:830} INFO - Processing file /opt/airflow/dags/bronze_layer.py for tasks to queue
[2024-06-25T10:59:02.280+0000] {logging_mixin.py:188} INFO - [2024-06-25T10:59:02.277+0000] {dagbag.py:545} INFO - Filling up the DagBag from /opt/airflow/dags/bronze_layer.py
[2024-06-25T10:59:02.307+0000] {processor.py:840} INFO - DAG(s) 'load_json_postgres' retrieved from /opt/airflow/dags/bronze_layer.py
[2024-06-25T10:59:02.351+0000] {logging_mixin.py:188} INFO - [2024-06-25T10:59:02.351+0000] {dag.py:3096} INFO - Sync 1 DAGs
[2024-06-25T10:59:02.400+0000] {logging_mixin.py:188} INFO - [2024-06-25T10:59:02.400+0000] {dag.py:3954} INFO - Setting next_dagrun for load_json_postgres to 2024-06-24 00:00:00+00:00, run_after=2024-06-25 00:00:00+00:00
[2024-06-25T10:59:02.437+0000] {processor.py:183} INFO - Processing /opt/airflow/dags/bronze_layer.py took 0.184 seconds
[2024-06-25T10:59:32.669+0000] {processor.py:161} INFO - Started process (PID=246) to work on /opt/airflow/dags/bronze_layer.py
[2024-06-25T10:59:32.670+0000] {processor.py:830} INFO - Processing file /opt/airflow/dags/bronze_layer.py for tasks to queue
[2024-06-25T10:59:32.672+0000] {logging_mixin.py:188} INFO - [2024-06-25T10:59:32.671+0000] {dagbag.py:545} INFO - Filling up the DagBag from /opt/airflow/dags/bronze_layer.py
[2024-06-25T10:59:32.683+0000] {processor.py:840} INFO - DAG(s) 'load_json_postgres' retrieved from /opt/airflow/dags/bronze_layer.py
[2024-06-25T10:59:32.712+0000] {logging_mixin.py:188} INFO - [2024-06-25T10:59:32.711+0000] {dag.py:3096} INFO - Sync 1 DAGs
[2024-06-25T10:59:32.738+0000] {logging_mixin.py:188} INFO - [2024-06-25T10:59:32.738+0000] {dag.py:3954} INFO - Setting next_dagrun for load_json_postgres to 2024-06-24 00:00:00+00:00, run_after=2024-06-25 00:00:00+00:00
[2024-06-25T10:59:32.759+0000] {processor.py:183} INFO - Processing /opt/airflow/dags/bronze_layer.py took 0.096 seconds
[2024-06-25T11:00:02.964+0000] {processor.py:161} INFO - Started process (PID=260) to work on /opt/airflow/dags/bronze_layer.py
[2024-06-25T11:00:02.966+0000] {processor.py:830} INFO - Processing file /opt/airflow/dags/bronze_layer.py for tasks to queue
[2024-06-25T11:00:02.968+0000] {logging_mixin.py:188} INFO - [2024-06-25T11:00:02.968+0000] {dagbag.py:545} INFO - Filling up the DagBag from /opt/airflow/dags/bronze_layer.py
[2024-06-25T11:00:02.984+0000] {processor.py:840} INFO - DAG(s) 'load_json_postgres' retrieved from /opt/airflow/dags/bronze_layer.py
[2024-06-25T11:00:03.023+0000] {logging_mixin.py:188} INFO - [2024-06-25T11:00:03.022+0000] {dag.py:3096} INFO - Sync 1 DAGs
[2024-06-25T11:00:03.060+0000] {logging_mixin.py:188} INFO - [2024-06-25T11:00:03.059+0000] {dag.py:3954} INFO - Setting next_dagrun for load_json_postgres to 2024-06-24 00:00:00+00:00, run_after=2024-06-25 00:00:00+00:00
[2024-06-25T11:00:03.088+0000] {processor.py:183} INFO - Processing /opt/airflow/dags/bronze_layer.py took 0.133 seconds
[2024-06-25T11:00:33.350+0000] {processor.py:161} INFO - Started process (PID=270) to work on /opt/airflow/dags/bronze_layer.py
[2024-06-25T11:00:33.350+0000] {processor.py:830} INFO - Processing file /opt/airflow/dags/bronze_layer.py for tasks to queue
[2024-06-25T11:00:33.352+0000] {logging_mixin.py:188} INFO - [2024-06-25T11:00:33.352+0000] {dagbag.py:545} INFO - Filling up the DagBag from /opt/airflow/dags/bronze_layer.py
[2024-06-25T11:00:33.363+0000] {processor.py:840} INFO - DAG(s) 'load_json_postgres' retrieved from /opt/airflow/dags/bronze_layer.py
[2024-06-25T11:00:33.391+0000] {logging_mixin.py:188} INFO - [2024-06-25T11:00:33.391+0000] {dag.py:3096} INFO - Sync 1 DAGs
[2024-06-25T11:00:33.420+0000] {logging_mixin.py:188} INFO - [2024-06-25T11:00:33.419+0000] {dag.py:3954} INFO - Setting next_dagrun for load_json_postgres to 2024-06-24 00:00:00+00:00, run_after=2024-06-25 00:00:00+00:00
[2024-06-25T11:00:33.446+0000] {processor.py:183} INFO - Processing /opt/airflow/dags/bronze_layer.py took 0.103 seconds
[2024-06-25T11:01:03.706+0000] {processor.py:161} INFO - Started process (PID=280) to work on /opt/airflow/dags/bronze_layer.py
[2024-06-25T11:01:03.707+0000] {processor.py:830} INFO - Processing file /opt/airflow/dags/bronze_layer.py for tasks to queue
[2024-06-25T11:01:03.709+0000] {logging_mixin.py:188} INFO - [2024-06-25T11:01:03.709+0000] {dagbag.py:545} INFO - Filling up the DagBag from /opt/airflow/dags/bronze_layer.py
[2024-06-25T11:01:03.723+0000] {processor.py:840} INFO - DAG(s) 'load_json_postgres' retrieved from /opt/airflow/dags/bronze_layer.py
[2024-06-25T11:01:03.754+0000] {logging_mixin.py:188} INFO - [2024-06-25T11:01:03.753+0000] {dag.py:3096} INFO - Sync 1 DAGs
[2024-06-25T11:01:03.781+0000] {logging_mixin.py:188} INFO - [2024-06-25T11:01:03.780+0000] {dag.py:3954} INFO - Setting next_dagrun for load_json_postgres to 2024-06-24 00:00:00+00:00, run_after=2024-06-25 00:00:00+00:00
[2024-06-25T11:01:03.803+0000] {processor.py:183} INFO - Processing /opt/airflow/dags/bronze_layer.py took 0.103 seconds
[2024-06-25T11:01:34.019+0000] {processor.py:161} INFO - Started process (PID=299) to work on /opt/airflow/dags/bronze_layer.py
[2024-06-25T11:01:34.020+0000] {processor.py:830} INFO - Processing file /opt/airflow/dags/bronze_layer.py for tasks to queue
[2024-06-25T11:01:34.022+0000] {logging_mixin.py:188} INFO - [2024-06-25T11:01:34.022+0000] {dagbag.py:545} INFO - Filling up the DagBag from /opt/airflow/dags/bronze_layer.py
[2024-06-25T11:01:34.035+0000] {processor.py:840} INFO - DAG(s) 'load_json_postgres' retrieved from /opt/airflow/dags/bronze_layer.py
[2024-06-25T11:01:34.078+0000] {logging_mixin.py:188} INFO - [2024-06-25T11:01:34.077+0000] {dag.py:3096} INFO - Sync 1 DAGs
[2024-06-25T11:01:34.119+0000] {logging_mixin.py:188} INFO - [2024-06-25T11:01:34.118+0000] {dag.py:3954} INFO - Setting next_dagrun for load_json_postgres to 2024-06-24 00:00:00+00:00, run_after=2024-06-25 00:00:00+00:00
[2024-06-25T11:01:34.144+0000] {processor.py:183} INFO - Processing /opt/airflow/dags/bronze_layer.py took 0.132 seconds
[2024-06-25T11:02:04.352+0000] {processor.py:161} INFO - Started process (PID=309) to work on /opt/airflow/dags/bronze_layer.py
[2024-06-25T11:02:04.353+0000] {processor.py:830} INFO - Processing file /opt/airflow/dags/bronze_layer.py for tasks to queue
[2024-06-25T11:02:04.356+0000] {logging_mixin.py:188} INFO - [2024-06-25T11:02:04.355+0000] {dagbag.py:545} INFO - Filling up the DagBag from /opt/airflow/dags/bronze_layer.py
[2024-06-25T11:02:04.370+0000] {processor.py:840} INFO - DAG(s) 'load_json_postgres' retrieved from /opt/airflow/dags/bronze_layer.py
[2024-06-25T11:02:04.411+0000] {logging_mixin.py:188} INFO - [2024-06-25T11:02:04.410+0000] {dag.py:3096} INFO - Sync 1 DAGs
[2024-06-25T11:02:04.444+0000] {logging_mixin.py:188} INFO - [2024-06-25T11:02:04.444+0000] {dag.py:3954} INFO - Setting next_dagrun for load_json_postgres to 2024-06-24 00:00:00+00:00, run_after=2024-06-25 00:00:00+00:00
[2024-06-25T11:02:04.465+0000] {processor.py:183} INFO - Processing /opt/airflow/dags/bronze_layer.py took 0.122 seconds
[2024-06-25T11:02:34.723+0000] {processor.py:161} INFO - Started process (PID=319) to work on /opt/airflow/dags/bronze_layer.py
[2024-06-25T11:02:34.724+0000] {processor.py:830} INFO - Processing file /opt/airflow/dags/bronze_layer.py for tasks to queue
[2024-06-25T11:02:34.726+0000] {logging_mixin.py:188} INFO - [2024-06-25T11:02:34.725+0000] {dagbag.py:545} INFO - Filling up the DagBag from /opt/airflow/dags/bronze_layer.py
[2024-06-25T11:02:34.736+0000] {processor.py:840} INFO - DAG(s) 'load_json_postgres' retrieved from /opt/airflow/dags/bronze_layer.py
[2024-06-25T11:02:34.775+0000] {logging_mixin.py:188} INFO - [2024-06-25T11:02:34.775+0000] {dag.py:3096} INFO - Sync 1 DAGs
[2024-06-25T11:02:34.814+0000] {logging_mixin.py:188} INFO - [2024-06-25T11:02:34.814+0000] {dag.py:3954} INFO - Setting next_dagrun for load_json_postgres to 2024-06-24 00:00:00+00:00, run_after=2024-06-25 00:00:00+00:00
[2024-06-25T11:02:34.838+0000] {processor.py:183} INFO - Processing /opt/airflow/dags/bronze_layer.py took 0.123 seconds
[2024-06-25T11:03:05.098+0000] {processor.py:161} INFO - Started process (PID=329) to work on /opt/airflow/dags/bronze_layer.py
[2024-06-25T11:03:05.099+0000] {processor.py:830} INFO - Processing file /opt/airflow/dags/bronze_layer.py for tasks to queue
[2024-06-25T11:03:05.101+0000] {logging_mixin.py:188} INFO - [2024-06-25T11:03:05.101+0000] {dagbag.py:545} INFO - Filling up the DagBag from /opt/airflow/dags/bronze_layer.py
[2024-06-25T11:03:05.114+0000] {processor.py:840} INFO - DAG(s) 'load_json_postgres' retrieved from /opt/airflow/dags/bronze_layer.py
[2024-06-25T11:03:05.152+0000] {logging_mixin.py:188} INFO - [2024-06-25T11:03:05.151+0000] {dag.py:3096} INFO - Sync 1 DAGs
[2024-06-25T11:03:05.189+0000] {logging_mixin.py:188} INFO - [2024-06-25T11:03:05.189+0000] {dag.py:3954} INFO - Setting next_dagrun for load_json_postgres to 2024-06-24 00:00:00+00:00, run_after=2024-06-25 00:00:00+00:00
[2024-06-25T11:03:05.210+0000] {processor.py:183} INFO - Processing /opt/airflow/dags/bronze_layer.py took 0.122 seconds
[2024-06-25T11:03:35.475+0000] {processor.py:161} INFO - Started process (PID=339) to work on /opt/airflow/dags/bronze_layer.py
[2024-06-25T11:03:35.476+0000] {processor.py:830} INFO - Processing file /opt/airflow/dags/bronze_layer.py for tasks to queue
[2024-06-25T11:03:35.478+0000] {logging_mixin.py:188} INFO - [2024-06-25T11:03:35.478+0000] {dagbag.py:545} INFO - Filling up the DagBag from /opt/airflow/dags/bronze_layer.py
[2024-06-25T11:03:35.494+0000] {processor.py:840} INFO - DAG(s) 'load_json_postgres' retrieved from /opt/airflow/dags/bronze_layer.py
[2024-06-25T11:03:35.525+0000] {logging_mixin.py:188} INFO - [2024-06-25T11:03:35.524+0000] {dag.py:3096} INFO - Sync 1 DAGs
[2024-06-25T11:03:35.553+0000] {logging_mixin.py:188} INFO - [2024-06-25T11:03:35.553+0000] {dag.py:3954} INFO - Setting next_dagrun for load_json_postgres to 2024-06-24 00:00:00+00:00, run_after=2024-06-25 00:00:00+00:00
[2024-06-25T11:03:35.577+0000] {processor.py:183} INFO - Processing /opt/airflow/dags/bronze_layer.py took 0.110 seconds
[2024-06-25T11:04:05.836+0000] {processor.py:161} INFO - Started process (PID=349) to work on /opt/airflow/dags/bronze_layer.py
[2024-06-25T11:04:05.837+0000] {processor.py:830} INFO - Processing file /opt/airflow/dags/bronze_layer.py for tasks to queue
[2024-06-25T11:04:05.839+0000] {logging_mixin.py:188} INFO - [2024-06-25T11:04:05.838+0000] {dagbag.py:545} INFO - Filling up the DagBag from /opt/airflow/dags/bronze_layer.py
[2024-06-25T11:04:05.850+0000] {processor.py:840} INFO - DAG(s) 'load_json_postgres' retrieved from /opt/airflow/dags/bronze_layer.py
[2024-06-25T11:04:05.885+0000] {logging_mixin.py:188} INFO - [2024-06-25T11:04:05.885+0000] {dag.py:3096} INFO - Sync 1 DAGs
[2024-06-25T11:04:05.922+0000] {logging_mixin.py:188} INFO - [2024-06-25T11:04:05.922+0000] {dag.py:3954} INFO - Setting next_dagrun for load_json_postgres to 2024-06-24 00:00:00+00:00, run_after=2024-06-25 00:00:00+00:00
[2024-06-25T11:04:05.951+0000] {processor.py:183} INFO - Processing /opt/airflow/dags/bronze_layer.py took 0.123 seconds
[2024-06-25T11:04:36.232+0000] {processor.py:161} INFO - Started process (PID=359) to work on /opt/airflow/dags/bronze_layer.py
[2024-06-25T11:04:36.233+0000] {processor.py:830} INFO - Processing file /opt/airflow/dags/bronze_layer.py for tasks to queue
[2024-06-25T11:04:36.236+0000] {logging_mixin.py:188} INFO - [2024-06-25T11:04:36.236+0000] {dagbag.py:545} INFO - Filling up the DagBag from /opt/airflow/dags/bronze_layer.py
[2024-06-25T11:04:36.247+0000] {processor.py:840} INFO - DAG(s) 'load_json_postgres' retrieved from /opt/airflow/dags/bronze_layer.py
[2024-06-25T11:04:36.276+0000] {logging_mixin.py:188} INFO - [2024-06-25T11:04:36.276+0000] {dag.py:3096} INFO - Sync 1 DAGs
[2024-06-25T11:04:36.303+0000] {logging_mixin.py:188} INFO - [2024-06-25T11:04:36.303+0000] {dag.py:3954} INFO - Setting next_dagrun for load_json_postgres to 2024-06-24 00:00:00+00:00, run_after=2024-06-25 00:00:00+00:00
[2024-06-25T11:04:36.324+0000] {processor.py:183} INFO - Processing /opt/airflow/dags/bronze_layer.py took 0.101 seconds
