[2024-06-26T19:14:46.337+0000] {local_task_job_runner.py:120} INFO - ::group::Pre task execution logs
[2024-06-26T19:14:46.377+0000] {taskinstance.py:2076} INFO - Dependencies all met for dep_context=non-requeueable deps ti=<TaskInstance: Stage_1.run_bronze_job manual__2024-06-26T19:14:40.036861+00:00 [queued]>
[2024-06-26T19:14:46.388+0000] {taskinstance.py:2076} INFO - Dependencies all met for dep_context=requeueable deps ti=<TaskInstance: Stage_1.run_bronze_job manual__2024-06-26T19:14:40.036861+00:00 [queued]>
[2024-06-26T19:14:46.389+0000] {taskinstance.py:2306} INFO - Starting attempt 1 of 1
[2024-06-26T19:14:46.405+0000] {taskinstance.py:2330} INFO - Executing <Task(DockerOperator): run_bronze_job> on 2024-06-26 19:14:40.036861+00:00
[2024-06-26T19:14:46.414+0000] {logging_mixin.py:188} WARNING - /home/***/.local/lib/python3.12/site-packages/***/task/task_runner/standard_task_runner.py:61 DeprecationWarning: This process (pid=183) is multi-threaded, use of fork() may lead to deadlocks in the child.
[2024-06-26T19:14:46.415+0000] {standard_task_runner.py:63} INFO - Started process 184 to run task
[2024-06-26T19:14:46.414+0000] {standard_task_runner.py:90} INFO - Running: ['***', 'tasks', 'run', 'Stage_1', 'run_bronze_job', 'manual__2024-06-26T19:14:40.036861+00:00', '--job-id', '34', '--raw', '--subdir', 'DAGS_FOLDER/kafka_dag.py', '--cfg-path', '/tmp/tmpyxk2tibk']
[2024-06-26T19:14:46.415+0000] {standard_task_runner.py:91} INFO - Job 34: Subtask run_bronze_job
[2024-06-26T19:14:46.430+0000] {logging_mixin.py:188} WARNING - /home/***/.local/lib/python3.12/site-packages/***/settings.py:195 DeprecationWarning: The sql_alchemy_conn option in [core] has been moved to the sql_alchemy_conn option in [database] - the old setting has been used, but please update your config.
[2024-06-26T19:14:46.463+0000] {task_command.py:426} INFO - Running <TaskInstance: Stage_1.run_bronze_job manual__2024-06-26T19:14:40.036861+00:00 [running]> on host ba36c0353089
[2024-06-26T19:14:46.556+0000] {taskinstance.py:2648} INFO - Exporting env vars: AIRFLOW_CTX_DAG_OWNER='***' AIRFLOW_CTX_DAG_ID='Stage_1' AIRFLOW_CTX_TASK_ID='run_bronze_job' AIRFLOW_CTX_EXECUTION_DATE='2024-06-26T19:14:40.036861+00:00' AIRFLOW_CTX_TRY_NUMBER='1' AIRFLOW_CTX_DAG_RUN_ID='manual__2024-06-26T19:14:40.036861+00:00'
[2024-06-26T19:14:46.557+0000] {taskinstance.py:430} INFO - ::endgroup::
[2024-06-26T19:14:46.589+0000] {docker.py:366} INFO - Starting docker container from image bitnami/spark:latest
[2024-06-26T19:14:46.593+0000] {docker.py:374} WARNING - Using remote engine or docker-in-docker and mounting temporary volume from host is not supported. Falling back to `mount_tmp_dir=False` mode. You can set `mount_tmp_dir` parameter to False to disable mounting and remove the warning
[2024-06-26T19:14:47.046+0000] {docker.py:436} INFO - [38;5;6mspark [38;5;5m19:14:47.04 [0m[38;5;2mINFO [0m ==>
[2024-06-26T19:14:47.049+0000] {docker.py:436} INFO - [38;5;6mspark [38;5;5m19:14:47.04 [0m[38;5;2mINFO [0m ==> [1mWelcome to the Bitnami spark container[0m
[2024-06-26T19:14:47.052+0000] {docker.py:436} INFO - [38;5;6mspark [38;5;5m19:14:47.05 [0m[38;5;2mINFO [0m ==> Subscribe to project updates by watching [1mhttps://github.com/bitnami/containers[0m
[2024-06-26T19:14:47.055+0000] {docker.py:436} INFO - [38;5;6mspark [38;5;5m19:14:47.05 [0m[38;5;2mINFO [0m ==> Submit issues and feature requests at [1mhttps://github.com/bitnami/containers/issues[0m
[2024-06-26T19:14:47.058+0000] {docker.py:436} INFO - [38;5;6mspark [38;5;5m19:14:47.05 [0m[38;5;2mINFO [0m ==> Upgrade to Tanzu Application Catalog for production environments to access custom-configured and pre-packaged software components. Gain enhanced features, including Software Bill of Materials (SBOM), CVE scan result reports, and VEX documents. To learn more, visit [1mhttps://bitnami.com/enterprise[0m
[2024-06-26T19:14:47.060+0000] {docker.py:436} INFO - [38;5;6mspark [38;5;5m19:14:47.06 [0m[38;5;2mINFO [0m ==>
[2024-06-26T19:14:47.076+0000] {docker.py:436} INFO - 
[2024-06-26T19:14:49.338+0000] {docker.py:436} INFO - :: loading settings :: url = jar:file:/opt/bitnami/spark/jars/ivy-2.5.1.jar!/org/apache/ivy/core/settings/ivysettings.xml
[2024-06-26T19:14:49.429+0000] {docker.py:436} INFO - Ivy Default Cache set to: /opt/bitnami/spark/.ivy2/cache
The jars for the packages stored in: /opt/bitnami/spark/.ivy2/jars
[2024-06-26T19:14:49.436+0000] {docker.py:436} INFO - org.apache.spark#spark-sql-kafka-0-10_2.12 added as a dependency
[2024-06-26T19:14:49.437+0000] {docker.py:436} INFO - org.postgresql#postgresql added as a dependency
[2024-06-26T19:14:49.438+0000] {docker.py:436} INFO - :: resolving dependencies :: org.apache.spark#spark-submit-parent-54ebfdc3-2daf-4f4c-bd44-fc09fbd81fd6;1.0
	confs: [default]
[2024-06-26T19:14:51.601+0000] {docker.py:436} INFO - found org.apache.spark#spark-sql-kafka-0-10_2.12;3.3.0 in central
[2024-06-26T19:14:51.946+0000] {docker.py:436} INFO - found org.apache.spark#spark-token-provider-kafka-0-10_2.12;3.3.0 in central
[2024-06-26T19:14:52.032+0000] {docker.py:436} INFO - found org.apache.kafka#kafka-clients;2.8.1 in central
[2024-06-26T19:14:52.102+0000] {docker.py:436} INFO - found org.lz4#lz4-java;1.8.0 in central
[2024-06-26T19:14:52.175+0000] {docker.py:436} INFO - found org.xerial.snappy#snappy-java;1.1.8.4 in central
[2024-06-26T19:14:53.108+0000] {docker.py:436} INFO - found org.slf4j#slf4j-api;1.7.32 in central
[2024-06-26T19:14:55.472+0000] {docker.py:436} INFO - found org.apache.hadoop#hadoop-client-runtime;3.3.2 in central
[2024-06-26T19:14:55.654+0000] {docker.py:436} INFO - found org.spark-project.spark#unused;1.0.0 in central
[2024-06-26T19:14:55.777+0000] {docker.py:436} INFO - found org.apache.hadoop#hadoop-client-api;3.3.2 in central
[2024-06-26T19:14:56.120+0000] {docker.py:436} INFO - found commons-logging#commons-logging;1.1.3 in central
[2024-06-26T19:14:56.170+0000] {docker.py:436} INFO - found com.google.code.findbugs#jsr305;3.0.0 in central
[2024-06-26T19:14:59.556+0000] {docker.py:436} INFO - found org.apache.commons#commons-pool2;2.11.1 in central
[2024-06-26T19:15:01.706+0000] {docker.py:436} INFO - found org.postgresql#postgresql;42.2.2 in central
[2024-06-26T19:15:01.742+0000] {docker.py:436} INFO - downloading https://repo1.maven.org/maven2/org/apache/spark/spark-sql-kafka-0-10_2.12/3.3.0/spark-sql-kafka-0-10_2.12-3.3.0.jar ...
[2024-06-26T19:15:01.845+0000] {docker.py:436} INFO - [SUCCESSFUL ] org.apache.spark#spark-sql-kafka-0-10_2.12;3.3.0!spark-sql-kafka-0-10_2.12.jar (127ms)
[2024-06-26T19:15:01.863+0000] {docker.py:436} INFO - downloading https://repo1.maven.org/maven2/org/postgresql/postgresql/42.2.2/postgresql-42.2.2.jar ...
[2024-06-26T19:15:02.037+0000] {docker.py:436} INFO - [SUCCESSFUL ] org.postgresql#postgresql;42.2.2!postgresql.jar(bundle) (190ms)
[2024-06-26T19:15:02.062+0000] {docker.py:436} INFO - downloading https://repo1.maven.org/maven2/org/apache/spark/spark-token-provider-kafka-0-10_2.12/3.3.0/spark-token-provider-kafka-0-10_2.12-3.3.0.jar ...
[2024-06-26T19:15:02.101+0000] {docker.py:436} INFO - [SUCCESSFUL ] org.apache.spark#spark-token-provider-kafka-0-10_2.12;3.3.0!spark-token-provider-kafka-0-10_2.12.jar (62ms)
[2024-06-26T19:15:02.121+0000] {docker.py:436} INFO - downloading https://repo1.maven.org/maven2/org/apache/kafka/kafka-clients/2.8.1/kafka-clients-2.8.1.jar ...
[2024-06-26T19:15:03.004+0000] {docker.py:436} INFO - [SUCCESSFUL ] org.apache.kafka#kafka-clients;2.8.1!kafka-clients.jar (901ms)
[2024-06-26T19:15:03.031+0000] {docker.py:436} INFO - downloading https://repo1.maven.org/maven2/com/google/code/findbugs/jsr305/3.0.0/jsr305-3.0.0.jar ...
[2024-06-26T19:15:03.063+0000] {docker.py:436} INFO - [SUCCESSFUL ] com.google.code.findbugs#jsr305;3.0.0!jsr305.jar (58ms)
[2024-06-26T19:15:03.089+0000] {docker.py:436} INFO - downloading https://repo1.maven.org/maven2/org/apache/commons/commons-pool2/2.11.1/commons-pool2-2.11.1.jar ...
[2024-06-26T19:15:03.139+0000] {docker.py:436} INFO - [SUCCESSFUL ] org.apache.commons#commons-pool2;2.11.1!commons-pool2.jar (75ms)
[2024-06-26T19:15:03.169+0000] {docker.py:436} INFO - downloading https://repo1.maven.org/maven2/org/spark-project/spark/unused/1.0.0/unused-1.0.0.jar ...
[2024-06-26T19:15:03.203+0000] {docker.py:436} INFO - [SUCCESSFUL ] org.spark-project.spark#unused;1.0.0!unused.jar (62ms)
[2024-06-26T19:15:03.230+0000] {docker.py:436} INFO - downloading https://repo1.maven.org/maven2/org/apache/hadoop/hadoop-client-runtime/3.3.2/hadoop-client-runtime-3.3.2.jar ...
[2024-06-26T19:15:06.629+0000] {docker.py:436} INFO - [SUCCESSFUL ] org.apache.hadoop#hadoop-client-runtime;3.3.2!hadoop-client-runtime.jar (3423ms)
[2024-06-26T19:15:06.654+0000] {docker.py:436} INFO - downloading https://repo1.maven.org/maven2/org/lz4/lz4-java/1.8.0/lz4-java-1.8.0.jar ...
[2024-06-26T19:15:06.740+0000] {docker.py:436} INFO - [SUCCESSFUL ] org.lz4#lz4-java;1.8.0!lz4-java.jar (110ms)
[2024-06-26T19:15:06.764+0000] {docker.py:436} INFO - downloading https://repo1.maven.org/maven2/org/xerial/snappy/snappy-java/1.1.8.4/snappy-java-1.1.8.4.jar ...
[2024-06-26T19:15:07.032+0000] {docker.py:436} INFO - [SUCCESSFUL ] org.xerial.snappy#snappy-java;1.1.8.4!snappy-java.jar(bundle) (291ms)
[2024-06-26T19:15:07.054+0000] {docker.py:436} INFO - downloading https://repo1.maven.org/maven2/org/slf4j/slf4j-api/1.7.32/slf4j-api-1.7.32.jar ...
[2024-06-26T19:15:07.085+0000] {docker.py:436} INFO - [SUCCESSFUL ] org.slf4j#slf4j-api;1.7.32!slf4j-api.jar (51ms)
[2024-06-26T19:15:07.104+0000] {docker.py:436} INFO - downloading https://repo1.maven.org/maven2/org/apache/hadoop/hadoop-client-api/3.3.2/hadoop-client-api-3.3.2.jar ...
[2024-06-26T19:15:08.899+0000] {docker.py:436} INFO - [SUCCESSFUL ] org.apache.hadoop#hadoop-client-api;3.3.2!hadoop-client-api.jar (1814ms)
[2024-06-26T19:15:08.924+0000] {docker.py:436} INFO - downloading https://repo1.maven.org/maven2/commons-logging/commons-logging/1.1.3/commons-logging-1.1.3.jar ...
[2024-06-26T19:15:08.972+0000] {docker.py:436} INFO - [SUCCESSFUL ] commons-logging#commons-logging;1.1.3!commons-logging.jar (72ms)
[2024-06-26T19:15:08.973+0000] {docker.py:436} INFO - :: resolution report :: resolve 12279ms :: artifacts dl 7256ms
[2024-06-26T19:15:08.973+0000] {docker.py:436} INFO - :: modules in use:
[2024-06-26T19:15:08.974+0000] {docker.py:436} INFO - com.google.code.findbugs#jsr305;3.0.0 from central in [default]
[2024-06-26T19:15:08.974+0000] {docker.py:436} INFO - commons-logging#commons-logging;1.1.3 from central in [default]
	org.apache.commons#commons-pool2;2.11.1 from central in [default]
	org.apache.hadoop#hadoop-client-api;3.3.2 from central in [default]
	org.apache.hadoop#hadoop-client-runtime;3.3.2 from central in [default]
	org.apache.kafka#kafka-clients;2.8.1 from central in [default]
	org.apache.spark#spark-sql-kafka-0-10_2.12;3.3.0 from central in [default]
[2024-06-26T19:15:08.975+0000] {docker.py:436} INFO - org.apache.spark#spark-token-provider-kafka-0-10_2.12;3.3.0 from central in [default]
	org.lz4#lz4-java;1.8.0 from central in [default]
	org.postgresql#postgresql;42.2.2 from central in [default]
	org.slf4j#slf4j-api;1.7.32 from central in [default]
	org.spark-project.spark#unused;1.0.0 from central in [default]
	org.xerial.snappy#snappy-java;1.1.8.4 from central in [default]
[2024-06-26T19:15:08.975+0000] {docker.py:436} INFO - ---------------------------------------------------------------------
	|                  |            modules            ||   artifacts   |
	|       conf       | number| search|dwnlded|evicted|| number|dwnlded|
	---------------------------------------------------------------------
[2024-06-26T19:15:08.976+0000] {docker.py:436} INFO - |      default     |   13  |   13  |   13  |   0   ||   13  |   13  |
	---------------------------------------------------------------------
[2024-06-26T19:15:08.981+0000] {docker.py:436} INFO - :: retrieving :: org.apache.spark#spark-submit-parent-54ebfdc3-2daf-4f4c-bd44-fc09fbd81fd6
[2024-06-26T19:15:08.981+0000] {docker.py:436} INFO - confs: [default]
[2024-06-26T19:15:09.074+0000] {docker.py:436} INFO - 13 artifacts copied, 0 already retrieved (57403kB/92ms)
[2024-06-26T19:15:09.381+0000] {docker.py:436} INFO - 24/06/26 19:15:09 WARN NativeCodeLoader: Unable to load native-hadoop library for your platform... using builtin-java classes where applicable
[2024-06-26T19:15:10.746+0000] {docker.py:436} INFO - 24/06/26 19:15:10 INFO SparkContext: Running Spark version 3.5.1
[2024-06-26T19:15:10.747+0000] {docker.py:436} INFO - 24/06/26 19:15:10 INFO SparkContext: OS info Linux, 6.5.0-41-generic, amd64
[2024-06-26T19:15:10.748+0000] {docker.py:436} INFO - 24/06/26 19:15:10 INFO SparkContext: Java version 17.0.11
[2024-06-26T19:15:10.783+0000] {docker.py:436} INFO - 24/06/26 19:15:10 INFO ResourceUtils: ==============================================================
[2024-06-26T19:15:10.784+0000] {docker.py:436} INFO - 24/06/26 19:15:10 INFO ResourceUtils: No custom resources configured for spark.driver.
[2024-06-26T19:15:10.784+0000] {docker.py:436} INFO - 24/06/26 19:15:10 INFO ResourceUtils: ==============================================================
[2024-06-26T19:15:10.785+0000] {docker.py:436} INFO - 24/06/26 19:15:10 INFO SparkContext: Submitted application: PostgreSQL Connection with PySpark
[2024-06-26T19:15:10.821+0000] {docker.py:436} INFO - 24/06/26 19:15:10 INFO ResourceProfile: Default ResourceProfile created, executor resources: Map(cores -> name: cores, amount: 1, script: , vendor: , memory -> name: memory, amount: 1024, script: , vendor: , offHeap -> name: offHeap, amount: 0, script: , vendor: ), task resources: Map(cpus -> name: cpus, amount: 1.0)
[2024-06-26T19:15:10.835+0000] {docker.py:436} INFO - 24/06/26 19:15:10 INFO ResourceProfile: Limiting resource is cpu
[2024-06-26T19:15:10.836+0000] {docker.py:436} INFO - 24/06/26 19:15:10 INFO ResourceProfileManager: Added ResourceProfile id: 0
[2024-06-26T19:15:10.915+0000] {docker.py:436} INFO - 24/06/26 19:15:10 INFO SecurityManager: Changing view acls to: spark
[2024-06-26T19:15:10.916+0000] {docker.py:436} INFO - 24/06/26 19:15:10 INFO SecurityManager: Changing modify acls to: spark
[2024-06-26T19:15:10.917+0000] {docker.py:436} INFO - 24/06/26 19:15:10 INFO SecurityManager: Changing view acls groups to:
[2024-06-26T19:15:10.918+0000] {docker.py:436} INFO - 24/06/26 19:15:10 INFO SecurityManager: Changing modify acls groups to:
[2024-06-26T19:15:10.918+0000] {docker.py:436} INFO - 24/06/26 19:15:10 INFO SecurityManager: SecurityManager: authentication disabled; ui acls disabled; users with view permissions: spark; groups with view permissions: EMPTY; users with modify permissions: spark; groups with modify permissions: EMPTY
[2024-06-26T19:15:11.171+0000] {docker.py:436} INFO - 24/06/26 19:15:11 INFO Utils: Successfully started service 'sparkDriver' on port 35989.
[2024-06-26T19:15:11.200+0000] {docker.py:436} INFO - 24/06/26 19:15:11 INFO SparkEnv: Registering MapOutputTracker
[2024-06-26T19:15:11.248+0000] {docker.py:436} INFO - 24/06/26 19:15:11 INFO SparkEnv: Registering BlockManagerMaster
[2024-06-26T19:15:11.272+0000] {docker.py:436} INFO - 24/06/26 19:15:11 INFO BlockManagerMasterEndpoint: Using org.apache.spark.storage.DefaultTopologyMapper for getting topology information
[2024-06-26T19:15:11.273+0000] {docker.py:436} INFO - 24/06/26 19:15:11 INFO BlockManagerMasterEndpoint: BlockManagerMasterEndpoint up
[2024-06-26T19:15:11.278+0000] {docker.py:436} INFO - 24/06/26 19:15:11 INFO SparkEnv: Registering BlockManagerMasterHeartbeat
[2024-06-26T19:15:11.305+0000] {docker.py:436} INFO - 24/06/26 19:15:11 INFO DiskBlockManager: Created local directory at /tmp/blockmgr-82f462a6-5066-49ff-b2f0-1e8a170838a7
[2024-06-26T19:15:11.322+0000] {docker.py:436} INFO - 24/06/26 19:15:11 INFO MemoryStore: MemoryStore started with capacity 434.4 MiB
[2024-06-26T19:15:11.340+0000] {docker.py:436} INFO - 24/06/26 19:15:11 INFO SparkEnv: Registering OutputCommitCoordinator
[2024-06-26T19:15:11.502+0000] {docker.py:436} INFO - 24/06/26 19:15:11 INFO JettyUtils: Start Jetty 0.0.0.0:4040 for SparkUI
[2024-06-26T19:15:11.588+0000] {docker.py:436} INFO - 24/06/26 19:15:11 INFO Utils: Successfully started service 'SparkUI' on port 4040.
[2024-06-26T19:15:11.631+0000] {docker.py:436} INFO - 24/06/26 19:15:11 INFO SparkContext: Added JAR file:///opt/bitnami/spark/.ivy2/jars/org.apache.spark_spark-sql-kafka-0-10_2.12-3.3.0.jar at spark://localhost:35989/jars/org.apache.spark_spark-sql-kafka-0-10_2.12-3.3.0.jar with timestamp 1719429310734
[2024-06-26T19:15:11.632+0000] {docker.py:436} INFO - 24/06/26 19:15:11 INFO SparkContext: Added JAR file:///opt/bitnami/spark/.ivy2/jars/org.postgresql_postgresql-42.2.2.jar at spark://localhost:35989/jars/org.postgresql_postgresql-42.2.2.jar with timestamp 1719429310734
[2024-06-26T19:15:11.632+0000] {docker.py:436} INFO - 24/06/26 19:15:11 INFO SparkContext: Added JAR file:///opt/bitnami/spark/.ivy2/jars/org.apache.spark_spark-token-provider-kafka-0-10_2.12-3.3.0.jar at spark://localhost:35989/jars/org.apache.spark_spark-token-provider-kafka-0-10_2.12-3.3.0.jar with timestamp 1719429310734
[2024-06-26T19:15:11.633+0000] {docker.py:436} INFO - 24/06/26 19:15:11 INFO SparkContext: Added JAR file:///opt/bitnami/spark/.ivy2/jars/org.apache.kafka_kafka-clients-2.8.1.jar at spark://localhost:35989/jars/org.apache.kafka_kafka-clients-2.8.1.jar with timestamp 1719429310734
[2024-06-26T19:15:11.633+0000] {docker.py:436} INFO - 24/06/26 19:15:11 INFO SparkContext: Added JAR file:///opt/bitnami/spark/.ivy2/jars/com.google.code.findbugs_jsr305-3.0.0.jar at spark://localhost:35989/jars/com.google.code.findbugs_jsr305-3.0.0.jar with timestamp 1719429310734
[2024-06-26T19:15:11.634+0000] {docker.py:436} INFO - 24/06/26 19:15:11 INFO SparkContext: Added JAR file:///opt/bitnami/spark/.ivy2/jars/org.apache.commons_commons-pool2-2.11.1.jar at spark://localhost:35989/jars/org.apache.commons_commons-pool2-2.11.1.jar with timestamp 1719429310734
[2024-06-26T19:15:11.634+0000] {docker.py:436} INFO - 24/06/26 19:15:11 INFO SparkContext: Added JAR file:///opt/bitnami/spark/.ivy2/jars/org.spark-project.spark_unused-1.0.0.jar at spark://localhost:35989/jars/org.spark-project.spark_unused-1.0.0.jar with timestamp 1719429310734
[2024-06-26T19:15:11.635+0000] {docker.py:436} INFO - 24/06/26 19:15:11 INFO SparkContext: Added JAR file:///opt/bitnami/spark/.ivy2/jars/org.apache.hadoop_hadoop-client-runtime-3.3.2.jar at spark://localhost:35989/jars/org.apache.hadoop_hadoop-client-runtime-3.3.2.jar with timestamp 1719429310734
[2024-06-26T19:15:11.635+0000] {docker.py:436} INFO - 24/06/26 19:15:11 INFO SparkContext: Added JAR file:///opt/bitnami/spark/.ivy2/jars/org.lz4_lz4-java-1.8.0.jar at spark://localhost:35989/jars/org.lz4_lz4-java-1.8.0.jar with timestamp 1719429310734
[2024-06-26T19:15:11.636+0000] {docker.py:436} INFO - 24/06/26 19:15:11 INFO SparkContext: Added JAR file:///opt/bitnami/spark/.ivy2/jars/org.xerial.snappy_snappy-java-1.1.8.4.jar at spark://localhost:35989/jars/org.xerial.snappy_snappy-java-1.1.8.4.jar with timestamp 1719429310734
[2024-06-26T19:15:11.636+0000] {docker.py:436} INFO - 24/06/26 19:15:11 INFO SparkContext: Added JAR file:///opt/bitnami/spark/.ivy2/jars/org.slf4j_slf4j-api-1.7.32.jar at spark://localhost:35989/jars/org.slf4j_slf4j-api-1.7.32.jar with timestamp 1719429310734
[2024-06-26T19:15:11.637+0000] {docker.py:436} INFO - 24/06/26 19:15:11 INFO SparkContext: Added JAR file:///opt/bitnami/spark/.ivy2/jars/org.apache.hadoop_hadoop-client-api-3.3.2.jar at spark://localhost:35989/jars/org.apache.hadoop_hadoop-client-api-3.3.2.jar with timestamp 1719429310734
[2024-06-26T19:15:11.637+0000] {docker.py:436} INFO - 24/06/26 19:15:11 INFO SparkContext: Added JAR file:///opt/bitnami/spark/.ivy2/jars/commons-logging_commons-logging-1.1.3.jar at spark://localhost:35989/jars/commons-logging_commons-logging-1.1.3.jar with timestamp 1719429310734
[2024-06-26T19:15:11.640+0000] {docker.py:436} INFO - 24/06/26 19:15:11 INFO SparkContext: Added file file:///opt/bitnami/spark/.ivy2/jars/org.apache.spark_spark-sql-kafka-0-10_2.12-3.3.0.jar at file:///opt/bitnami/spark/.ivy2/jars/org.apache.spark_spark-sql-kafka-0-10_2.12-3.3.0.jar with timestamp 1719429310734
[2024-06-26T19:15:11.642+0000] {docker.py:436} INFO - 24/06/26 19:15:11 INFO Utils: Copying /opt/bitnami/spark/.ivy2/jars/org.apache.spark_spark-sql-kafka-0-10_2.12-3.3.0.jar to /tmp/spark-d1df3040-8b26-472e-9698-6faf15d9d648/userFiles-c6783d87-192a-42bb-8215-fe94f0557c68/org.apache.spark_spark-sql-kafka-0-10_2.12-3.3.0.jar
[2024-06-26T19:15:11.652+0000] {docker.py:436} INFO - 24/06/26 19:15:11 INFO SparkContext: Added file file:///opt/bitnami/spark/.ivy2/jars/org.postgresql_postgresql-42.2.2.jar at file:///opt/bitnami/spark/.ivy2/jars/org.postgresql_postgresql-42.2.2.jar with timestamp 1719429310734
[2024-06-26T19:15:11.653+0000] {docker.py:436} INFO - 24/06/26 19:15:11 INFO Utils: Copying /opt/bitnami/spark/.ivy2/jars/org.postgresql_postgresql-42.2.2.jar to /tmp/spark-d1df3040-8b26-472e-9698-6faf15d9d648/userFiles-c6783d87-192a-42bb-8215-fe94f0557c68/org.postgresql_postgresql-42.2.2.jar
[2024-06-26T19:15:11.658+0000] {docker.py:436} INFO - 24/06/26 19:15:11 INFO SparkContext: Added file file:///opt/bitnami/spark/.ivy2/jars/org.apache.spark_spark-token-provider-kafka-0-10_2.12-3.3.0.jar at file:///opt/bitnami/spark/.ivy2/jars/org.apache.spark_spark-token-provider-kafka-0-10_2.12-3.3.0.jar with timestamp 1719429310734
[2024-06-26T19:15:11.659+0000] {docker.py:436} INFO - 24/06/26 19:15:11 INFO Utils: Copying /opt/bitnami/spark/.ivy2/jars/org.apache.spark_spark-token-provider-kafka-0-10_2.12-3.3.0.jar to /tmp/spark-d1df3040-8b26-472e-9698-6faf15d9d648/userFiles-c6783d87-192a-42bb-8215-fe94f0557c68/org.apache.spark_spark-token-provider-kafka-0-10_2.12-3.3.0.jar
[2024-06-26T19:15:11.664+0000] {docker.py:436} INFO - 24/06/26 19:15:11 INFO SparkContext: Added file file:///opt/bitnami/spark/.ivy2/jars/org.apache.kafka_kafka-clients-2.8.1.jar at file:///opt/bitnami/spark/.ivy2/jars/org.apache.kafka_kafka-clients-2.8.1.jar with timestamp 1719429310734
[2024-06-26T19:15:11.665+0000] {docker.py:436} INFO - 24/06/26 19:15:11 INFO Utils: Copying /opt/bitnami/spark/.ivy2/jars/org.apache.kafka_kafka-clients-2.8.1.jar to /tmp/spark-d1df3040-8b26-472e-9698-6faf15d9d648/userFiles-c6783d87-192a-42bb-8215-fe94f0557c68/org.apache.kafka_kafka-clients-2.8.1.jar
[2024-06-26T19:15:11.675+0000] {docker.py:436} INFO - 24/06/26 19:15:11 INFO SparkContext: Added file file:///opt/bitnami/spark/.ivy2/jars/com.google.code.findbugs_jsr305-3.0.0.jar at file:///opt/bitnami/spark/.ivy2/jars/com.google.code.findbugs_jsr305-3.0.0.jar with timestamp 1719429310734
[2024-06-26T19:15:11.675+0000] {docker.py:436} INFO - 24/06/26 19:15:11 INFO Utils: Copying /opt/bitnami/spark/.ivy2/jars/com.google.code.findbugs_jsr305-3.0.0.jar to /tmp/spark-d1df3040-8b26-472e-9698-6faf15d9d648/userFiles-c6783d87-192a-42bb-8215-fe94f0557c68/com.google.code.findbugs_jsr305-3.0.0.jar
[2024-06-26T19:15:11.680+0000] {docker.py:436} INFO - 24/06/26 19:15:11 INFO SparkContext: Added file file:///opt/bitnami/spark/.ivy2/jars/org.apache.commons_commons-pool2-2.11.1.jar at file:///opt/bitnami/spark/.ivy2/jars/org.apache.commons_commons-pool2-2.11.1.jar with timestamp 1719429310734
[2024-06-26T19:15:11.681+0000] {docker.py:436} INFO - 24/06/26 19:15:11 INFO Utils: Copying /opt/bitnami/spark/.ivy2/jars/org.apache.commons_commons-pool2-2.11.1.jar to /tmp/spark-d1df3040-8b26-472e-9698-6faf15d9d648/userFiles-c6783d87-192a-42bb-8215-fe94f0557c68/org.apache.commons_commons-pool2-2.11.1.jar
[2024-06-26T19:15:11.688+0000] {docker.py:436} INFO - 24/06/26 19:15:11 INFO SparkContext: Added file file:///opt/bitnami/spark/.ivy2/jars/org.spark-project.spark_unused-1.0.0.jar at file:///opt/bitnami/spark/.ivy2/jars/org.spark-project.spark_unused-1.0.0.jar with timestamp 1719429310734
[2024-06-26T19:15:11.689+0000] {docker.py:436} INFO - 24/06/26 19:15:11 INFO Utils: Copying /opt/bitnami/spark/.ivy2/jars/org.spark-project.spark_unused-1.0.0.jar to /tmp/spark-d1df3040-8b26-472e-9698-6faf15d9d648/userFiles-c6783d87-192a-42bb-8215-fe94f0557c68/org.spark-project.spark_unused-1.0.0.jar
[2024-06-26T19:15:11.693+0000] {docker.py:436} INFO - 24/06/26 19:15:11 INFO SparkContext: Added file file:///opt/bitnami/spark/.ivy2/jars/org.apache.hadoop_hadoop-client-runtime-3.3.2.jar at file:///opt/bitnami/spark/.ivy2/jars/org.apache.hadoop_hadoop-client-runtime-3.3.2.jar with timestamp 1719429310734
[2024-06-26T19:15:11.694+0000] {docker.py:436} INFO - 24/06/26 19:15:11 INFO Utils: Copying /opt/bitnami/spark/.ivy2/jars/org.apache.hadoop_hadoop-client-runtime-3.3.2.jar to /tmp/spark-d1df3040-8b26-472e-9698-6faf15d9d648/userFiles-c6783d87-192a-42bb-8215-fe94f0557c68/org.apache.hadoop_hadoop-client-runtime-3.3.2.jar
[2024-06-26T19:15:11.727+0000] {docker.py:436} INFO - 24/06/26 19:15:11 INFO SparkContext: Added file file:///opt/bitnami/spark/.ivy2/jars/org.lz4_lz4-java-1.8.0.jar at file:///opt/bitnami/spark/.ivy2/jars/org.lz4_lz4-java-1.8.0.jar with timestamp 1719429310734
[2024-06-26T19:15:11.727+0000] {docker.py:436} INFO - 24/06/26 19:15:11 INFO Utils: Copying /opt/bitnami/spark/.ivy2/jars/org.lz4_lz4-java-1.8.0.jar to /tmp/spark-d1df3040-8b26-472e-9698-6faf15d9d648/userFiles-c6783d87-192a-42bb-8215-fe94f0557c68/org.lz4_lz4-java-1.8.0.jar
[2024-06-26T19:15:11.732+0000] {docker.py:436} INFO - 24/06/26 19:15:11 INFO SparkContext: Added file file:///opt/bitnami/spark/.ivy2/jars/org.xerial.snappy_snappy-java-1.1.8.4.jar at file:///opt/bitnami/spark/.ivy2/jars/org.xerial.snappy_snappy-java-1.1.8.4.jar with timestamp 1719429310734
[2024-06-26T19:15:11.733+0000] {docker.py:436} INFO - 24/06/26 19:15:11 INFO Utils: Copying /opt/bitnami/spark/.ivy2/jars/org.xerial.snappy_snappy-java-1.1.8.4.jar to /tmp/spark-d1df3040-8b26-472e-9698-6faf15d9d648/userFiles-c6783d87-192a-42bb-8215-fe94f0557c68/org.xerial.snappy_snappy-java-1.1.8.4.jar
[2024-06-26T19:15:11.738+0000] {docker.py:436} INFO - 24/06/26 19:15:11 INFO SparkContext: Added file file:///opt/bitnami/spark/.ivy2/jars/org.slf4j_slf4j-api-1.7.32.jar at file:///opt/bitnami/spark/.ivy2/jars/org.slf4j_slf4j-api-1.7.32.jar with timestamp 1719429310734
[2024-06-26T19:15:11.739+0000] {docker.py:436} INFO - 24/06/26 19:15:11 INFO Utils: Copying /opt/bitnami/spark/.ivy2/jars/org.slf4j_slf4j-api-1.7.32.jar to /tmp/spark-d1df3040-8b26-472e-9698-6faf15d9d648/userFiles-c6783d87-192a-42bb-8215-fe94f0557c68/org.slf4j_slf4j-api-1.7.32.jar
[2024-06-26T19:15:11.742+0000] {docker.py:436} INFO - 24/06/26 19:15:11 INFO SparkContext: Added file file:///opt/bitnami/spark/.ivy2/jars/org.apache.hadoop_hadoop-client-api-3.3.2.jar at file:///opt/bitnami/spark/.ivy2/jars/org.apache.hadoop_hadoop-client-api-3.3.2.jar with timestamp 1719429310734
[2024-06-26T19:15:11.743+0000] {docker.py:436} INFO - 24/06/26 19:15:11 INFO Utils: Copying /opt/bitnami/spark/.ivy2/jars/org.apache.hadoop_hadoop-client-api-3.3.2.jar to /tmp/spark-d1df3040-8b26-472e-9698-6faf15d9d648/userFiles-c6783d87-192a-42bb-8215-fe94f0557c68/org.apache.hadoop_hadoop-client-api-3.3.2.jar
[2024-06-26T19:15:11.761+0000] {docker.py:436} INFO - 24/06/26 19:15:11 INFO SparkContext: Added file file:///opt/bitnami/spark/.ivy2/jars/commons-logging_commons-logging-1.1.3.jar at file:///opt/bitnami/spark/.ivy2/jars/commons-logging_commons-logging-1.1.3.jar with timestamp 1719429310734
[2024-06-26T19:15:11.762+0000] {docker.py:436} INFO - 24/06/26 19:15:11 INFO Utils: Copying /opt/bitnami/spark/.ivy2/jars/commons-logging_commons-logging-1.1.3.jar to /tmp/spark-d1df3040-8b26-472e-9698-6faf15d9d648/userFiles-c6783d87-192a-42bb-8215-fe94f0557c68/commons-logging_commons-logging-1.1.3.jar
[2024-06-26T19:15:11.844+0000] {docker.py:436} INFO - 24/06/26 19:15:11 INFO Executor: Starting executor ID driver on host localhost
[2024-06-26T19:15:11.844+0000] {docker.py:436} INFO - 24/06/26 19:15:11 INFO Executor: OS info Linux, 6.5.0-41-generic, amd64
[2024-06-26T19:15:11.845+0000] {docker.py:436} INFO - 24/06/26 19:15:11 INFO Executor: Java version 17.0.11
[2024-06-26T19:15:11.853+0000] {docker.py:436} INFO - 24/06/26 19:15:11 INFO Executor: Starting executor with user classpath (userClassPathFirst = false): ''
[2024-06-26T19:15:11.854+0000] {docker.py:436} INFO - 24/06/26 19:15:11 INFO Executor: Created or updated repl class loader org.apache.spark.util.MutableURLClassLoader@4248b36c for default.
[2024-06-26T19:15:11.868+0000] {docker.py:436} INFO - 24/06/26 19:15:11 INFO Executor: Fetching file:///opt/bitnami/spark/.ivy2/jars/org.postgresql_postgresql-42.2.2.jar with timestamp 1719429310734
[2024-06-26T19:15:11.895+0000] {docker.py:436} INFO - 24/06/26 19:15:11 INFO Utils: /opt/bitnami/spark/.ivy2/jars/org.postgresql_postgresql-42.2.2.jar has been previously copied to /tmp/spark-d1df3040-8b26-472e-9698-6faf15d9d648/userFiles-c6783d87-192a-42bb-8215-fe94f0557c68/org.postgresql_postgresql-42.2.2.jar
[2024-06-26T19:15:11.900+0000] {docker.py:436} INFO - 24/06/26 19:15:11 INFO Executor: Fetching file:///opt/bitnami/spark/.ivy2/jars/org.apache.hadoop_hadoop-client-api-3.3.2.jar with timestamp 1719429310734
[2024-06-26T19:15:11.925+0000] {docker.py:436} INFO - 24/06/26 19:15:11 INFO Utils: /opt/bitnami/spark/.ivy2/jars/org.apache.hadoop_hadoop-client-api-3.3.2.jar has been previously copied to /tmp/spark-d1df3040-8b26-472e-9698-6faf15d9d648/userFiles-c6783d87-192a-42bb-8215-fe94f0557c68/org.apache.hadoop_hadoop-client-api-3.3.2.jar
[2024-06-26T19:15:11.931+0000] {docker.py:436} INFO - 24/06/26 19:15:11 INFO Executor: Fetching file:///opt/bitnami/spark/.ivy2/jars/org.xerial.snappy_snappy-java-1.1.8.4.jar with timestamp 1719429310734
[2024-06-26T19:15:11.937+0000] {docker.py:436} INFO - 24/06/26 19:15:11 INFO Utils: /opt/bitnami/spark/.ivy2/jars/org.xerial.snappy_snappy-java-1.1.8.4.jar has been previously copied to /tmp/spark-d1df3040-8b26-472e-9698-6faf15d9d648/userFiles-c6783d87-192a-42bb-8215-fe94f0557c68/org.xerial.snappy_snappy-java-1.1.8.4.jar
[2024-06-26T19:15:11.940+0000] {docker.py:436} INFO - 24/06/26 19:15:11 INFO Executor: Fetching file:///opt/bitnami/spark/.ivy2/jars/org.apache.hadoop_hadoop-client-runtime-3.3.2.jar with timestamp 1719429310734
[2024-06-26T19:15:11.981+0000] {docker.py:436} INFO - 24/06/26 19:15:11 INFO Utils: /opt/bitnami/spark/.ivy2/jars/org.apache.hadoop_hadoop-client-runtime-3.3.2.jar has been previously copied to /tmp/spark-d1df3040-8b26-472e-9698-6faf15d9d648/userFiles-c6783d87-192a-42bb-8215-fe94f0557c68/org.apache.hadoop_hadoop-client-runtime-3.3.2.jar
[2024-06-26T19:15:11.986+0000] {docker.py:436} INFO - 24/06/26 19:15:11 INFO Executor: Fetching file:///opt/bitnami/spark/.ivy2/jars/org.apache.commons_commons-pool2-2.11.1.jar with timestamp 1719429310734
[2024-06-26T19:15:11.987+0000] {docker.py:436} INFO - 24/06/26 19:15:11 INFO Utils: /opt/bitnami/spark/.ivy2/jars/org.apache.commons_commons-pool2-2.11.1.jar has been previously copied to /tmp/spark-d1df3040-8b26-472e-9698-6faf15d9d648/userFiles-c6783d87-192a-42bb-8215-fe94f0557c68/org.apache.commons_commons-pool2-2.11.1.jar
[2024-06-26T19:15:11.992+0000] {docker.py:436} INFO - 24/06/26 19:15:11 INFO Executor: Fetching file:///opt/bitnami/spark/.ivy2/jars/org.apache.spark_spark-token-provider-kafka-0-10_2.12-3.3.0.jar with timestamp 1719429310734
[2024-06-26T19:15:11.993+0000] {docker.py:436} INFO - 24/06/26 19:15:11 INFO Utils: /opt/bitnami/spark/.ivy2/jars/org.apache.spark_spark-token-provider-kafka-0-10_2.12-3.3.0.jar has been previously copied to /tmp/spark-d1df3040-8b26-472e-9698-6faf15d9d648/userFiles-c6783d87-192a-42bb-8215-fe94f0557c68/org.apache.spark_spark-token-provider-kafka-0-10_2.12-3.3.0.jar
[2024-06-26T19:15:11.999+0000] {docker.py:436} INFO - 24/06/26 19:15:11 INFO Executor: Fetching file:///opt/bitnami/spark/.ivy2/jars/org.slf4j_slf4j-api-1.7.32.jar with timestamp 1719429310734
[2024-06-26T19:15:12.000+0000] {docker.py:436} INFO - 24/06/26 19:15:11 INFO Utils: /opt/bitnami/spark/.ivy2/jars/org.slf4j_slf4j-api-1.7.32.jar has been previously copied to /tmp/spark-d1df3040-8b26-472e-9698-6faf15d9d648/userFiles-c6783d87-192a-42bb-8215-fe94f0557c68/org.slf4j_slf4j-api-1.7.32.jar
[2024-06-26T19:15:12.019+0000] {docker.py:436} INFO - 24/06/26 19:15:12 INFO Executor: Fetching file:///opt/bitnami/spark/.ivy2/jars/org.apache.spark_spark-sql-kafka-0-10_2.12-3.3.0.jar with timestamp 1719429310734
[2024-06-26T19:15:12.020+0000] {docker.py:436} INFO - 24/06/26 19:15:12 INFO Utils: /opt/bitnami/spark/.ivy2/jars/org.apache.spark_spark-sql-kafka-0-10_2.12-3.3.0.jar has been previously copied to /tmp/spark-d1df3040-8b26-472e-9698-6faf15d9d648/userFiles-c6783d87-192a-42bb-8215-fe94f0557c68/org.apache.spark_spark-sql-kafka-0-10_2.12-3.3.0.jar
[2024-06-26T19:15:12.025+0000] {docker.py:436} INFO - 24/06/26 19:15:12 INFO Executor: Fetching file:///opt/bitnami/spark/.ivy2/jars/com.google.code.findbugs_jsr305-3.0.0.jar with timestamp 1719429310734
[2024-06-26T19:15:12.026+0000] {docker.py:436} INFO - 24/06/26 19:15:12 INFO Utils: /opt/bitnami/spark/.ivy2/jars/com.google.code.findbugs_jsr305-3.0.0.jar has been previously copied to /tmp/spark-d1df3040-8b26-472e-9698-6faf15d9d648/userFiles-c6783d87-192a-42bb-8215-fe94f0557c68/com.google.code.findbugs_jsr305-3.0.0.jar
[2024-06-26T19:15:12.041+0000] {docker.py:436} INFO - 24/06/26 19:15:12 INFO Executor: Fetching file:///opt/bitnami/spark/.ivy2/jars/org.lz4_lz4-java-1.8.0.jar with timestamp 1719429310734
24/06/26 19:15:12 INFO Utils: /opt/bitnami/spark/.ivy2/jars/org.lz4_lz4-java-1.8.0.jar has been previously copied to /tmp/spark-d1df3040-8b26-472e-9698-6faf15d9d648/userFiles-c6783d87-192a-42bb-8215-fe94f0557c68/org.lz4_lz4-java-1.8.0.jar
[2024-06-26T19:15:12.042+0000] {docker.py:436} INFO - 24/06/26 19:15:12 INFO Executor: Fetching file:///opt/bitnami/spark/.ivy2/jars/commons-logging_commons-logging-1.1.3.jar with timestamp 1719429310734
[2024-06-26T19:15:12.042+0000] {docker.py:436} INFO - 24/06/26 19:15:12 INFO Utils: /opt/bitnami/spark/.ivy2/jars/commons-logging_commons-logging-1.1.3.jar has been previously copied to /tmp/spark-d1df3040-8b26-472e-9698-6faf15d9d648/userFiles-c6783d87-192a-42bb-8215-fe94f0557c68/commons-logging_commons-logging-1.1.3.jar
[2024-06-26T19:15:12.048+0000] {docker.py:436} INFO - 24/06/26 19:15:12 INFO Executor: Fetching file:///opt/bitnami/spark/.ivy2/jars/org.spark-project.spark_unused-1.0.0.jar with timestamp 1719429310734
[2024-06-26T19:15:12.049+0000] {docker.py:436} INFO - 24/06/26 19:15:12 INFO Utils: /opt/bitnami/spark/.ivy2/jars/org.spark-project.spark_unused-1.0.0.jar has been previously copied to /tmp/spark-d1df3040-8b26-472e-9698-6faf15d9d648/userFiles-c6783d87-192a-42bb-8215-fe94f0557c68/org.spark-project.spark_unused-1.0.0.jar
[2024-06-26T19:15:12.055+0000] {docker.py:436} INFO - 24/06/26 19:15:12 INFO Executor: Fetching file:///opt/bitnami/spark/.ivy2/jars/org.apache.kafka_kafka-clients-2.8.1.jar with timestamp 1719429310734
[2024-06-26T19:15:12.060+0000] {docker.py:436} INFO - 24/06/26 19:15:12 INFO Utils: /opt/bitnami/spark/.ivy2/jars/org.apache.kafka_kafka-clients-2.8.1.jar has been previously copied to /tmp/spark-d1df3040-8b26-472e-9698-6faf15d9d648/userFiles-c6783d87-192a-42bb-8215-fe94f0557c68/org.apache.kafka_kafka-clients-2.8.1.jar
[2024-06-26T19:15:12.067+0000] {docker.py:436} INFO - 24/06/26 19:15:12 INFO Executor: Fetching spark://localhost:35989/jars/org.apache.hadoop_hadoop-client-api-3.3.2.jar with timestamp 1719429310734
[2024-06-26T19:15:12.127+0000] {docker.py:436} INFO - 24/06/26 19:15:12 INFO TransportClientFactory: Successfully created connection to localhost/127.0.0.1:35989 after 41 ms (0 ms spent in bootstraps)
[2024-06-26T19:15:12.134+0000] {docker.py:436} INFO - 24/06/26 19:15:12 INFO Utils: Fetching spark://localhost:35989/jars/org.apache.hadoop_hadoop-client-api-3.3.2.jar to /tmp/spark-d1df3040-8b26-472e-9698-6faf15d9d648/userFiles-c6783d87-192a-42bb-8215-fe94f0557c68/fetchFileTemp2325923658962424621.tmp
[2024-06-26T19:15:12.293+0000] {docker.py:436} INFO - 24/06/26 19:15:12 INFO Utils: /tmp/spark-d1df3040-8b26-472e-9698-6faf15d9d648/userFiles-c6783d87-192a-42bb-8215-fe94f0557c68/fetchFileTemp2325923658962424621.tmp has been previously copied to /tmp/spark-d1df3040-8b26-472e-9698-6faf15d9d648/userFiles-c6783d87-192a-42bb-8215-fe94f0557c68/org.apache.hadoop_hadoop-client-api-3.3.2.jar
[2024-06-26T19:15:12.302+0000] {docker.py:436} INFO - 24/06/26 19:15:12 INFO Executor: Adding file:/tmp/spark-d1df3040-8b26-472e-9698-6faf15d9d648/userFiles-c6783d87-192a-42bb-8215-fe94f0557c68/org.apache.hadoop_hadoop-client-api-3.3.2.jar to class loader default
24/06/26 19:15:12 INFO Executor: Fetching spark://localhost:35989/jars/org.apache.commons_commons-pool2-2.11.1.jar with timestamp 1719429310734
[2024-06-26T19:15:12.304+0000] {docker.py:436} INFO - 24/06/26 19:15:12 INFO Utils: Fetching spark://localhost:35989/jars/org.apache.commons_commons-pool2-2.11.1.jar to /tmp/spark-d1df3040-8b26-472e-9698-6faf15d9d648/userFiles-c6783d87-192a-42bb-8215-fe94f0557c68/fetchFileTemp4847574642905683808.tmp
[2024-06-26T19:15:12.306+0000] {docker.py:436} INFO - 24/06/26 19:15:12 INFO Utils: /tmp/spark-d1df3040-8b26-472e-9698-6faf15d9d648/userFiles-c6783d87-192a-42bb-8215-fe94f0557c68/fetchFileTemp4847574642905683808.tmp has been previously copied to /tmp/spark-d1df3040-8b26-472e-9698-6faf15d9d648/userFiles-c6783d87-192a-42bb-8215-fe94f0557c68/org.apache.commons_commons-pool2-2.11.1.jar
[2024-06-26T19:15:12.310+0000] {docker.py:436} INFO - 24/06/26 19:15:12 INFO Executor: Adding file:/tmp/spark-d1df3040-8b26-472e-9698-6faf15d9d648/userFiles-c6783d87-192a-42bb-8215-fe94f0557c68/org.apache.commons_commons-pool2-2.11.1.jar to class loader default
[2024-06-26T19:15:12.311+0000] {docker.py:436} INFO - 24/06/26 19:15:12 INFO Executor: Fetching spark://localhost:35989/jars/org.postgresql_postgresql-42.2.2.jar with timestamp 1719429310734
24/06/26 19:15:12 INFO Utils: Fetching spark://localhost:35989/jars/org.postgresql_postgresql-42.2.2.jar to /tmp/spark-d1df3040-8b26-472e-9698-6faf15d9d648/userFiles-c6783d87-192a-42bb-8215-fe94f0557c68/fetchFileTemp9239022909498891559.tmp
[2024-06-26T19:15:12.319+0000] {docker.py:436} INFO - 24/06/26 19:15:12 INFO Utils: /tmp/spark-d1df3040-8b26-472e-9698-6faf15d9d648/userFiles-c6783d87-192a-42bb-8215-fe94f0557c68/fetchFileTemp9239022909498891559.tmp has been previously copied to /tmp/spark-d1df3040-8b26-472e-9698-6faf15d9d648/userFiles-c6783d87-192a-42bb-8215-fe94f0557c68/org.postgresql_postgresql-42.2.2.jar
[2024-06-26T19:15:12.324+0000] {docker.py:436} INFO - 24/06/26 19:15:12 INFO Executor: Adding file:/tmp/spark-d1df3040-8b26-472e-9698-6faf15d9d648/userFiles-c6783d87-192a-42bb-8215-fe94f0557c68/org.postgresql_postgresql-42.2.2.jar to class loader default
[2024-06-26T19:15:12.325+0000] {docker.py:436} INFO - 24/06/26 19:15:12 INFO Executor: Fetching spark://localhost:35989/jars/org.slf4j_slf4j-api-1.7.32.jar with timestamp 1719429310734
[2024-06-26T19:15:12.326+0000] {docker.py:436} INFO - 24/06/26 19:15:12 INFO Utils: Fetching spark://localhost:35989/jars/org.slf4j_slf4j-api-1.7.32.jar to /tmp/spark-d1df3040-8b26-472e-9698-6faf15d9d648/userFiles-c6783d87-192a-42bb-8215-fe94f0557c68/fetchFileTemp13531699433974893735.tmp
[2024-06-26T19:15:12.328+0000] {docker.py:436} INFO - 24/06/26 19:15:12 INFO Utils: /tmp/spark-d1df3040-8b26-472e-9698-6faf15d9d648/userFiles-c6783d87-192a-42bb-8215-fe94f0557c68/fetchFileTemp13531699433974893735.tmp has been previously copied to /tmp/spark-d1df3040-8b26-472e-9698-6faf15d9d648/userFiles-c6783d87-192a-42bb-8215-fe94f0557c68/org.slf4j_slf4j-api-1.7.32.jar
[2024-06-26T19:15:12.335+0000] {docker.py:436} INFO - 24/06/26 19:15:12 INFO Executor: Adding file:/tmp/spark-d1df3040-8b26-472e-9698-6faf15d9d648/userFiles-c6783d87-192a-42bb-8215-fe94f0557c68/org.slf4j_slf4j-api-1.7.32.jar to class loader default
[2024-06-26T19:15:12.336+0000] {docker.py:436} INFO - 24/06/26 19:15:12 INFO Executor: Fetching spark://localhost:35989/jars/org.apache.spark_spark-sql-kafka-0-10_2.12-3.3.0.jar with timestamp 1719429310734
[2024-06-26T19:15:12.342+0000] {docker.py:436} INFO - 24/06/26 19:15:12 INFO Utils: Fetching spark://localhost:35989/jars/org.apache.spark_spark-sql-kafka-0-10_2.12-3.3.0.jar to /tmp/spark-d1df3040-8b26-472e-9698-6faf15d9d648/userFiles-c6783d87-192a-42bb-8215-fe94f0557c68/fetchFileTemp9168217437232626450.tmp
[2024-06-26T19:15:12.343+0000] {docker.py:436} INFO - 24/06/26 19:15:12 INFO Utils: /tmp/spark-d1df3040-8b26-472e-9698-6faf15d9d648/userFiles-c6783d87-192a-42bb-8215-fe94f0557c68/fetchFileTemp9168217437232626450.tmp has been previously copied to /tmp/spark-d1df3040-8b26-472e-9698-6faf15d9d648/userFiles-c6783d87-192a-42bb-8215-fe94f0557c68/org.apache.spark_spark-sql-kafka-0-10_2.12-3.3.0.jar
[2024-06-26T19:15:12.348+0000] {docker.py:436} INFO - 24/06/26 19:15:12 INFO Executor: Adding file:/tmp/spark-d1df3040-8b26-472e-9698-6faf15d9d648/userFiles-c6783d87-192a-42bb-8215-fe94f0557c68/org.apache.spark_spark-sql-kafka-0-10_2.12-3.3.0.jar to class loader default
[2024-06-26T19:15:12.349+0000] {docker.py:436} INFO - 24/06/26 19:15:12 INFO Executor: Fetching spark://localhost:35989/jars/org.apache.hadoop_hadoop-client-runtime-3.3.2.jar with timestamp 1719429310734
[2024-06-26T19:15:12.351+0000] {docker.py:436} INFO - 24/06/26 19:15:12 INFO Utils: Fetching spark://localhost:35989/jars/org.apache.hadoop_hadoop-client-runtime-3.3.2.jar to /tmp/spark-d1df3040-8b26-472e-9698-6faf15d9d648/userFiles-c6783d87-192a-42bb-8215-fe94f0557c68/fetchFileTemp4483536034948599518.tmp
[2024-06-26T19:15:12.549+0000] {docker.py:436} INFO - 24/06/26 19:15:12 INFO Utils: /tmp/spark-d1df3040-8b26-472e-9698-6faf15d9d648/userFiles-c6783d87-192a-42bb-8215-fe94f0557c68/fetchFileTemp4483536034948599518.tmp has been previously copied to /tmp/spark-d1df3040-8b26-472e-9698-6faf15d9d648/userFiles-c6783d87-192a-42bb-8215-fe94f0557c68/org.apache.hadoop_hadoop-client-runtime-3.3.2.jar
[2024-06-26T19:15:12.557+0000] {docker.py:436} INFO - 24/06/26 19:15:12 INFO Executor: Adding file:/tmp/spark-d1df3040-8b26-472e-9698-6faf15d9d648/userFiles-c6783d87-192a-42bb-8215-fe94f0557c68/org.apache.hadoop_hadoop-client-runtime-3.3.2.jar to class loader default
[2024-06-26T19:15:12.558+0000] {docker.py:436} INFO - 24/06/26 19:15:12 INFO Executor: Fetching spark://localhost:35989/jars/org.apache.spark_spark-token-provider-kafka-0-10_2.12-3.3.0.jar with timestamp 1719429310734
[2024-06-26T19:15:12.558+0000] {docker.py:436} INFO - 24/06/26 19:15:12 INFO Utils: Fetching spark://localhost:35989/jars/org.apache.spark_spark-token-provider-kafka-0-10_2.12-3.3.0.jar to /tmp/spark-d1df3040-8b26-472e-9698-6faf15d9d648/userFiles-c6783d87-192a-42bb-8215-fe94f0557c68/fetchFileTemp11407555989425571859.tmp
[2024-06-26T19:15:12.561+0000] {docker.py:436} INFO - 24/06/26 19:15:12 INFO Utils: /tmp/spark-d1df3040-8b26-472e-9698-6faf15d9d648/userFiles-c6783d87-192a-42bb-8215-fe94f0557c68/fetchFileTemp11407555989425571859.tmp has been previously copied to /tmp/spark-d1df3040-8b26-472e-9698-6faf15d9d648/userFiles-c6783d87-192a-42bb-8215-fe94f0557c68/org.apache.spark_spark-token-provider-kafka-0-10_2.12-3.3.0.jar
[2024-06-26T19:15:12.564+0000] {docker.py:436} INFO - 24/06/26 19:15:12 INFO Executor: Adding file:/tmp/spark-d1df3040-8b26-472e-9698-6faf15d9d648/userFiles-c6783d87-192a-42bb-8215-fe94f0557c68/org.apache.spark_spark-token-provider-kafka-0-10_2.12-3.3.0.jar to class loader default
[2024-06-26T19:15:12.564+0000] {docker.py:436} INFO - 24/06/26 19:15:12 INFO Executor: Fetching spark://localhost:35989/jars/org.apache.kafka_kafka-clients-2.8.1.jar with timestamp 1719429310734
[2024-06-26T19:15:12.565+0000] {docker.py:436} INFO - 24/06/26 19:15:12 INFO Utils: Fetching spark://localhost:35989/jars/org.apache.kafka_kafka-clients-2.8.1.jar to /tmp/spark-d1df3040-8b26-472e-9698-6faf15d9d648/userFiles-c6783d87-192a-42bb-8215-fe94f0557c68/fetchFileTemp12844010335622044569.tmp
[2024-06-26T19:15:12.586+0000] {docker.py:436} INFO - 24/06/26 19:15:12 INFO Utils: /tmp/spark-d1df3040-8b26-472e-9698-6faf15d9d648/userFiles-c6783d87-192a-42bb-8215-fe94f0557c68/fetchFileTemp12844010335622044569.tmp has been previously copied to /tmp/spark-d1df3040-8b26-472e-9698-6faf15d9d648/userFiles-c6783d87-192a-42bb-8215-fe94f0557c68/org.apache.kafka_kafka-clients-2.8.1.jar
[2024-06-26T19:15:12.591+0000] {docker.py:436} INFO - 24/06/26 19:15:12 INFO Executor: Adding file:/tmp/spark-d1df3040-8b26-472e-9698-6faf15d9d648/userFiles-c6783d87-192a-42bb-8215-fe94f0557c68/org.apache.kafka_kafka-clients-2.8.1.jar to class loader default
[2024-06-26T19:15:12.592+0000] {docker.py:436} INFO - 24/06/26 19:15:12 INFO Executor: Fetching spark://localhost:35989/jars/org.lz4_lz4-java-1.8.0.jar with timestamp 1719429310734
[2024-06-26T19:15:12.592+0000] {docker.py:436} INFO - 24/06/26 19:15:12 INFO Utils: Fetching spark://localhost:35989/jars/org.lz4_lz4-java-1.8.0.jar to /tmp/spark-d1df3040-8b26-472e-9698-6faf15d9d648/userFiles-c6783d87-192a-42bb-8215-fe94f0557c68/fetchFileTemp15565643482226946190.tmp
[2024-06-26T19:15:12.596+0000] {docker.py:436} INFO - 24/06/26 19:15:12 INFO Utils: /tmp/spark-d1df3040-8b26-472e-9698-6faf15d9d648/userFiles-c6783d87-192a-42bb-8215-fe94f0557c68/fetchFileTemp15565643482226946190.tmp has been previously copied to /tmp/spark-d1df3040-8b26-472e-9698-6faf15d9d648/userFiles-c6783d87-192a-42bb-8215-fe94f0557c68/org.lz4_lz4-java-1.8.0.jar
[2024-06-26T19:15:12.600+0000] {docker.py:436} INFO - 24/06/26 19:15:12 INFO Executor: Adding file:/tmp/spark-d1df3040-8b26-472e-9698-6faf15d9d648/userFiles-c6783d87-192a-42bb-8215-fe94f0557c68/org.lz4_lz4-java-1.8.0.jar to class loader default
24/06/26 19:15:12 INFO Executor: Fetching spark://localhost:35989/jars/com.google.code.findbugs_jsr305-3.0.0.jar with timestamp 1719429310734
[2024-06-26T19:15:12.601+0000] {docker.py:436} INFO - 24/06/26 19:15:12 INFO Utils: Fetching spark://localhost:35989/jars/com.google.code.findbugs_jsr305-3.0.0.jar to /tmp/spark-d1df3040-8b26-472e-9698-6faf15d9d648/userFiles-c6783d87-192a-42bb-8215-fe94f0557c68/fetchFileTemp13165538269668790720.tmp
[2024-06-26T19:15:12.602+0000] {docker.py:436} INFO - 24/06/26 19:15:12 INFO Utils: /tmp/spark-d1df3040-8b26-472e-9698-6faf15d9d648/userFiles-c6783d87-192a-42bb-8215-fe94f0557c68/fetchFileTemp13165538269668790720.tmp has been previously copied to /tmp/spark-d1df3040-8b26-472e-9698-6faf15d9d648/userFiles-c6783d87-192a-42bb-8215-fe94f0557c68/com.google.code.findbugs_jsr305-3.0.0.jar
[2024-06-26T19:15:12.606+0000] {docker.py:436} INFO - 24/06/26 19:15:12 INFO Executor: Adding file:/tmp/spark-d1df3040-8b26-472e-9698-6faf15d9d648/userFiles-c6783d87-192a-42bb-8215-fe94f0557c68/com.google.code.findbugs_jsr305-3.0.0.jar to class loader default
[2024-06-26T19:15:12.607+0000] {docker.py:436} INFO - 24/06/26 19:15:12 INFO Executor: Fetching spark://localhost:35989/jars/commons-logging_commons-logging-1.1.3.jar with timestamp 1719429310734
[2024-06-26T19:15:12.607+0000] {docker.py:436} INFO - 24/06/26 19:15:12 INFO Utils: Fetching spark://localhost:35989/jars/commons-logging_commons-logging-1.1.3.jar to /tmp/spark-d1df3040-8b26-472e-9698-6faf15d9d648/userFiles-c6783d87-192a-42bb-8215-fe94f0557c68/fetchFileTemp9738604956328483157.tmp
[2024-06-26T19:15:12.609+0000] {docker.py:436} INFO - 24/06/26 19:15:12 INFO Utils: /tmp/spark-d1df3040-8b26-472e-9698-6faf15d9d648/userFiles-c6783d87-192a-42bb-8215-fe94f0557c68/fetchFileTemp9738604956328483157.tmp has been previously copied to /tmp/spark-d1df3040-8b26-472e-9698-6faf15d9d648/userFiles-c6783d87-192a-42bb-8215-fe94f0557c68/commons-logging_commons-logging-1.1.3.jar
[2024-06-26T19:15:12.612+0000] {docker.py:436} INFO - 24/06/26 19:15:12 INFO Executor: Adding file:/tmp/spark-d1df3040-8b26-472e-9698-6faf15d9d648/userFiles-c6783d87-192a-42bb-8215-fe94f0557c68/commons-logging_commons-logging-1.1.3.jar to class loader default
[2024-06-26T19:15:12.613+0000] {docker.py:436} INFO - 24/06/26 19:15:12 INFO Executor: Fetching spark://localhost:35989/jars/org.xerial.snappy_snappy-java-1.1.8.4.jar with timestamp 1719429310734
[2024-06-26T19:15:12.613+0000] {docker.py:436} INFO - 24/06/26 19:15:12 INFO Utils: Fetching spark://localhost:35989/jars/org.xerial.snappy_snappy-java-1.1.8.4.jar to /tmp/spark-d1df3040-8b26-472e-9698-6faf15d9d648/userFiles-c6783d87-192a-42bb-8215-fe94f0557c68/fetchFileTemp2964278927040836522.tmp
[2024-06-26T19:15:12.622+0000] {docker.py:436} INFO - 24/06/26 19:15:12 INFO Utils: /tmp/spark-d1df3040-8b26-472e-9698-6faf15d9d648/userFiles-c6783d87-192a-42bb-8215-fe94f0557c68/fetchFileTemp2964278927040836522.tmp has been previously copied to /tmp/spark-d1df3040-8b26-472e-9698-6faf15d9d648/userFiles-c6783d87-192a-42bb-8215-fe94f0557c68/org.xerial.snappy_snappy-java-1.1.8.4.jar
[2024-06-26T19:15:12.628+0000] {docker.py:436} INFO - 24/06/26 19:15:12 INFO Executor: Adding file:/tmp/spark-d1df3040-8b26-472e-9698-6faf15d9d648/userFiles-c6783d87-192a-42bb-8215-fe94f0557c68/org.xerial.snappy_snappy-java-1.1.8.4.jar to class loader default
[2024-06-26T19:15:12.628+0000] {docker.py:436} INFO - 24/06/26 19:15:12 INFO Executor: Fetching spark://localhost:35989/jars/org.spark-project.spark_unused-1.0.0.jar with timestamp 1719429310734
[2024-06-26T19:15:12.629+0000] {docker.py:436} INFO - 24/06/26 19:15:12 INFO Utils: Fetching spark://localhost:35989/jars/org.spark-project.spark_unused-1.0.0.jar to /tmp/spark-d1df3040-8b26-472e-9698-6faf15d9d648/userFiles-c6783d87-192a-42bb-8215-fe94f0557c68/fetchFileTemp6848912757827182346.tmp
[2024-06-26T19:15:12.630+0000] {docker.py:436} INFO - 24/06/26 19:15:12 INFO Utils: /tmp/spark-d1df3040-8b26-472e-9698-6faf15d9d648/userFiles-c6783d87-192a-42bb-8215-fe94f0557c68/fetchFileTemp6848912757827182346.tmp has been previously copied to /tmp/spark-d1df3040-8b26-472e-9698-6faf15d9d648/userFiles-c6783d87-192a-42bb-8215-fe94f0557c68/org.spark-project.spark_unused-1.0.0.jar
[2024-06-26T19:15:12.634+0000] {docker.py:436} INFO - 24/06/26 19:15:12 INFO Executor: Adding file:/tmp/spark-d1df3040-8b26-472e-9698-6faf15d9d648/userFiles-c6783d87-192a-42bb-8215-fe94f0557c68/org.spark-project.spark_unused-1.0.0.jar to class loader default
[2024-06-26T19:15:12.644+0000] {docker.py:436} INFO - 24/06/26 19:15:12 INFO Utils: Successfully started service 'org.apache.spark.network.netty.NettyBlockTransferService' on port 36513.
[2024-06-26T19:15:12.644+0000] {docker.py:436} INFO - 24/06/26 19:15:12 INFO NettyBlockTransferService: Server created on localhost:36513
[2024-06-26T19:15:12.647+0000] {docker.py:436} INFO - 24/06/26 19:15:12 INFO BlockManager: Using org.apache.spark.storage.RandomBlockReplicationPolicy for block replication policy
[2024-06-26T19:15:12.656+0000] {docker.py:436} INFO - 24/06/26 19:15:12 INFO BlockManagerMaster: Registering BlockManager BlockManagerId(driver, localhost, 36513, None)
[2024-06-26T19:15:12.661+0000] {docker.py:436} INFO - 24/06/26 19:15:12 INFO BlockManagerMasterEndpoint: Registering block manager localhost:36513 with 434.4 MiB RAM, BlockManagerId(driver, localhost, 36513, None)
[2024-06-26T19:15:12.666+0000] {docker.py:436} INFO - 24/06/26 19:15:12 INFO BlockManagerMaster: Registered BlockManager BlockManagerId(driver, localhost, 36513, None)
24/06/26 19:15:12 INFO BlockManager: Initialized BlockManager: BlockManagerId(driver, localhost, 36513, None)
[2024-06-26T19:15:13.171+0000] {docker.py:436} INFO - 2024-06-26 19:15:13,170:create_spark_session:INFO:Spark session created successfully
[2024-06-26T19:15:13.179+0000] {docker.py:436} INFO - 24/06/26 19:15:13 INFO SharedState: Setting hive.metastore.warehouse.dir ('null') to the value of spark.sql.warehouse.dir.
[2024-06-26T19:15:13.182+0000] {docker.py:436} INFO - 24/06/26 19:15:13 INFO SharedState: Warehouse path is 'file:/opt/bitnami/spark/spark-warehouse'.
[2024-06-26T19:15:15.020+0000] {docker.py:436} INFO - 2024-06-26 19:15:15,019:create_initial_dataframe:INFO:Initial dataframe created successfully:
[2024-06-26T19:15:15.189+0000] {docker.py:436} INFO - Traceback (most recent call last):
  File "/opt/bitnami/spark/scripts/spark_bronze_layer.py", line 130, in <module>
[2024-06-26T19:15:15.190+0000] {docker.py:436} INFO - write_to_postgres()
  File "/opt/bitnami/spark/scripts/spark_bronze_layer.py", line 117, in write_to_postgres
[2024-06-26T19:15:15.191+0000] {docker.py:436} INFO - result=df.select(col("value")).decode('utf-8')
           ^^^^^^^^^^^^^^^^^^^^^^^^^^^^^^
  File "/opt/bitnami/spark/python/lib/pyspark.zip/pyspark/sql/dataframe.py", line 3127, in __getattr__
[2024-06-26T19:15:15.192+0000] {docker.py:436} INFO - AttributeError: 'DataFrame' object has no attribute 'decode'
[2024-06-26T19:15:15.192+0000] {docker.py:436} INFO - 
[2024-06-26T19:15:15.193+0000] {docker.py:436} INFO - 2024-06-26 19:15:15,190:close:INFO:Closing down clientserver connection
[2024-06-26T19:15:15.241+0000] {docker.py:436} INFO - 24/06/26 19:15:15 INFO SparkContext: Invoking stop() from shutdown hook
[2024-06-26T19:15:15.241+0000] {docker.py:436} INFO - 24/06/26 19:15:15 INFO SparkContext: SparkContext is stopping with exitCode 0.
[2024-06-26T19:15:15.254+0000] {docker.py:436} INFO - 24/06/26 19:15:15 INFO SparkUI: Stopped Spark web UI at http://localhost:4040
[2024-06-26T19:15:15.269+0000] {docker.py:436} INFO - 24/06/26 19:15:15 INFO MapOutputTrackerMasterEndpoint: MapOutputTrackerMasterEndpoint stopped!
[2024-06-26T19:15:15.281+0000] {docker.py:436} INFO - 24/06/26 19:15:15 INFO MemoryStore: MemoryStore cleared
[2024-06-26T19:15:15.281+0000] {docker.py:436} INFO - 24/06/26 19:15:15 INFO BlockManager: BlockManager stopped
[2024-06-26T19:15:15.289+0000] {docker.py:436} INFO - 24/06/26 19:15:15 INFO BlockManagerMaster: BlockManagerMaster stopped
[2024-06-26T19:15:15.294+0000] {docker.py:436} INFO - 24/06/26 19:15:15 INFO OutputCommitCoordinator$OutputCommitCoordinatorEndpoint: OutputCommitCoordinator stopped!
[2024-06-26T19:15:15.311+0000] {docker.py:436} INFO - 24/06/26 19:15:15 INFO SparkContext: Successfully stopped SparkContext
[2024-06-26T19:15:15.312+0000] {docker.py:436} INFO - 24/06/26 19:15:15 INFO ShutdownHookManager: Shutdown hook called
[2024-06-26T19:15:15.313+0000] {docker.py:436} INFO - 24/06/26 19:15:15 INFO ShutdownHookManager: Deleting directory /tmp/spark-d1df3040-8b26-472e-9698-6faf15d9d648
[2024-06-26T19:15:15.317+0000] {docker.py:436} INFO - 24/06/26 19:15:15 INFO ShutdownHookManager: Deleting directory /tmp/spark-591e35d2-01fc-47bd-bfa4-5252f5627ad8
[2024-06-26T19:15:15.321+0000] {docker.py:436} INFO - 24/06/26 19:15:15 INFO ShutdownHookManager: Deleting directory /tmp/spark-d1df3040-8b26-472e-9698-6faf15d9d648/pyspark-c32d9f80-9543-4575-9159-6107aa31aa42
[2024-06-26T19:15:17.731+0000] {taskinstance.py:441} INFO - ::group::Post task execution logs
[2024-06-26T19:15:17.746+0000] {taskinstance.py:2905} ERROR - Task failed with exception
Traceback (most recent call last):
  File "/home/airflow/.local/lib/python3.12/site-packages/docker/api/client.py", line 265, in _raise_for_status
    response.raise_for_status()
  File "/home/airflow/.local/lib/python3.12/site-packages/requests/models.py", line 1021, in raise_for_status
    raise HTTPError(http_error_msg, response=self)
requests.exceptions.HTTPError: 400 Client Error: Bad Request for url: http://docker-proxy:2375/v1.45/containers/create

The above exception was the direct cause of the following exception:

Traceback (most recent call last):
  File "/home/airflow/.local/lib/python3.12/site-packages/airflow/providers/docker/operators/docker.py", line 371, in _run_image
    return self._run_image_with_mounts([*self.mounts, tmp_mount], add_tmp_variable=True)
           ^^^^^^^^^^^^^^^^^^^^^^^^^^^^^^^^^^^^^^^^^^^^^^^^^^^^^^^^^^^^^^^^^^^^^^^^^^^^^
  File "/home/airflow/.local/lib/python3.12/site-packages/airflow/providers/docker/operators/docker.py", line 398, in _run_image_with_mounts
    self.container = self.cli.create_container(
                     ^^^^^^^^^^^^^^^^^^^^^^^^^^
  File "/home/airflow/.local/lib/python3.12/site-packages/docker/api/container.py", line 439, in create_container
    return self.create_container_from_config(config, name, platform)
           ^^^^^^^^^^^^^^^^^^^^^^^^^^^^^^^^^^^^^^^^^^^^^^^^^^^^^^^^^
  File "/home/airflow/.local/lib/python3.12/site-packages/docker/api/container.py", line 456, in create_container_from_config
    return self._result(res, True)
           ^^^^^^^^^^^^^^^^^^^^^^^
  File "/home/airflow/.local/lib/python3.12/site-packages/docker/api/client.py", line 271, in _result
    self._raise_for_status(response)
  File "/home/airflow/.local/lib/python3.12/site-packages/docker/api/client.py", line 267, in _raise_for_status
    raise create_api_error_from_http_exception(e) from e
          ^^^^^^^^^^^^^^^^^^^^^^^^^^^^^^^^^^^^^^^
  File "/home/airflow/.local/lib/python3.12/site-packages/docker/errors.py", line 39, in create_api_error_from_http_exception
    raise cls(e, response=response, explanation=explanation) from e
docker.errors.APIError: 400 Client Error for http://docker-proxy:2375/v1.45/containers/create: Bad Request ("invalid mount config for type "bind": bind source path does not exist: /tmp/airflowtmpy1d7j2f4")

During handling of the above exception, another exception occurred:

Traceback (most recent call last):
  File "/home/airflow/.local/lib/python3.12/site-packages/airflow/models/taskinstance.py", line 465, in _execute_task
    result = _execute_callable(context=context, **execute_callable_kwargs)
             ^^^^^^^^^^^^^^^^^^^^^^^^^^^^^^^^^^^^^^^^^^^^^^^^^^^^^^^^^^^^^
  File "/home/airflow/.local/lib/python3.12/site-packages/airflow/models/taskinstance.py", line 432, in _execute_callable
    return execute_callable(context=context, **execute_callable_kwargs)
           ^^^^^^^^^^^^^^^^^^^^^^^^^^^^^^^^^^^^^^^^^^^^^^^^^^^^^^^^^^^^
  File "/home/airflow/.local/lib/python3.12/site-packages/airflow/models/baseoperator.py", line 400, in wrapper
    return func(self, *args, **kwargs)
           ^^^^^^^^^^^^^^^^^^^^^^^^^^^
  File "/home/airflow/.local/lib/python3.12/site-packages/airflow/providers/docker/operators/docker.py", line 509, in execute
    return self._run_image()
           ^^^^^^^^^^^^^^^^^
  File "/home/airflow/.local/lib/python3.12/site-packages/airflow/providers/docker/operators/docker.py", line 380, in _run_image
    return self._run_image_with_mounts(self.mounts, add_tmp_variable=False)
           ^^^^^^^^^^^^^^^^^^^^^^^^^^^^^^^^^^^^^^^^^^^^^^^^^^^^^^^^^^^^^^^^
  File "/home/airflow/.local/lib/python3.12/site-packages/airflow/providers/docker/operators/docker.py", line 444, in _run_image_with_mounts
    raise DockerContainerFailedException(f"Docker container failed: {result!r}", logs=log_lines)
airflow.providers.docker.exceptions.DockerContainerFailedException: Docker container failed: {'StatusCode': 1}
[2024-06-26T19:15:17.753+0000] {taskinstance.py:1206} INFO - Marking task as FAILED. dag_id=Stage_1, task_id=run_bronze_job, run_id=manual__2024-06-26T19:14:40.036861+00:00, execution_date=20240626T191440, start_date=20240626T191446, end_date=20240626T191517
[2024-06-26T19:15:17.771+0000] {standard_task_runner.py:110} ERROR - Failed to execute job 34 for task run_bronze_job (Docker container failed: {'StatusCode': 1}; 184)
[2024-06-26T19:15:17.792+0000] {local_task_job_runner.py:240} INFO - Task exited with return code 1
[2024-06-26T19:15:17.808+0000] {taskinstance.py:3498} INFO - 0 downstream tasks scheduled from follow-on schedule check
[2024-06-26T19:15:17.810+0000] {local_task_job_runner.py:222} INFO - ::endgroup::
