[2024-06-27T07:58:51.221+0000] {local_task_job_runner.py:120} INFO - ::group::Pre task execution logs
[2024-06-27T07:58:51.277+0000] {taskinstance.py:2076} INFO - Dependencies all met for dep_context=non-requeueable deps ti=<TaskInstance: Stage_1.run_bronze_job manual__2024-06-27T07:58:44.437352+00:00 [queued]>
[2024-06-27T07:58:51.291+0000] {taskinstance.py:2076} INFO - Dependencies all met for dep_context=requeueable deps ti=<TaskInstance: Stage_1.run_bronze_job manual__2024-06-27T07:58:44.437352+00:00 [queued]>
[2024-06-27T07:58:51.292+0000] {taskinstance.py:2306} INFO - Starting attempt 1 of 1
[2024-06-27T07:58:51.312+0000] {taskinstance.py:2330} INFO - Executing <Task(DockerOperator): run_bronze_job> on 2024-06-27 07:58:44.437352+00:00
[2024-06-27T07:58:51.321+0000] {logging_mixin.py:188} WARNING - /home/***/.local/lib/python3.12/site-packages/***/task/task_runner/standard_task_runner.py:61 DeprecationWarning: This process (pid=1000) is multi-threaded, use of fork() may lead to deadlocks in the child.
[2024-06-27T07:58:51.322+0000] {standard_task_runner.py:63} INFO - Started process 1001 to run task
[2024-06-27T07:58:51.321+0000] {standard_task_runner.py:90} INFO - Running: ['***', 'tasks', 'run', 'Stage_1', 'run_bronze_job', 'manual__2024-06-27T07:58:44.437352+00:00', '--job-id', '211', '--raw', '--subdir', 'DAGS_FOLDER/kafka_dag.py', '--cfg-path', '/tmp/tmpnd_bz7zq']
[2024-06-27T07:58:51.323+0000] {standard_task_runner.py:91} INFO - Job 211: Subtask run_bronze_job
[2024-06-27T07:58:51.350+0000] {logging_mixin.py:188} WARNING - /home/***/.local/lib/python3.12/site-packages/***/settings.py:195 DeprecationWarning: The sql_alchemy_conn option in [core] has been moved to the sql_alchemy_conn option in [database] - the old setting has been used, but please update your config.
[2024-06-27T07:58:51.390+0000] {task_command.py:426} INFO - Running <TaskInstance: Stage_1.run_bronze_job manual__2024-06-27T07:58:44.437352+00:00 [running]> on host 08bfa8b73cac
[2024-06-27T07:58:51.513+0000] {taskinstance.py:2648} INFO - Exporting env vars: AIRFLOW_CTX_DAG_OWNER='***' AIRFLOW_CTX_DAG_ID='Stage_1' AIRFLOW_CTX_TASK_ID='run_bronze_job' AIRFLOW_CTX_EXECUTION_DATE='2024-06-27T07:58:44.437352+00:00' AIRFLOW_CTX_TRY_NUMBER='1' AIRFLOW_CTX_DAG_RUN_ID='manual__2024-06-27T07:58:44.437352+00:00'
[2024-06-27T07:58:51.515+0000] {taskinstance.py:430} INFO - ::endgroup::
[2024-06-27T07:58:51.551+0000] {docker.py:366} INFO - Starting docker container from image bitnami/spark:latest
[2024-06-27T07:58:51.554+0000] {docker.py:374} WARNING - Using remote engine or docker-in-docker and mounting temporary volume from host is not supported. Falling back to `mount_tmp_dir=False` mode. You can set `mount_tmp_dir` parameter to False to disable mounting and remove the warning
[2024-06-27T07:58:52.118+0000] {docker.py:436} INFO - [38;5;6mspark [38;5;5m07:58:52.11 [0m[38;5;2mINFO [0m ==>
[2024-06-27T07:58:52.119+0000] {docker.py:436} INFO - [38;5;6mspark [38;5;5m07:58:52.11 [0m[38;5;2mINFO [0m ==> [1mWelcome to the Bitnami spark container[0m
[2024-06-27T07:58:52.122+0000] {docker.py:436} INFO - [38;5;6mspark [38;5;5m07:58:52.12 [0m[38;5;2mINFO [0m ==> Subscribe to project updates by watching [1mhttps://github.com/bitnami/containers[0m
[2024-06-27T07:58:52.124+0000] {docker.py:436} INFO - [38;5;6mspark [38;5;5m07:58:52.12 [0m[38;5;2mINFO [0m ==> Submit issues and feature requests at [1mhttps://github.com/bitnami/containers/issues[0m
[2024-06-27T07:58:52.126+0000] {docker.py:436} INFO - [38;5;6mspark [38;5;5m07:58:52.12 [0m[38;5;2mINFO [0m ==> Upgrade to Tanzu Application Catalog for production environments to access custom-configured and pre-packaged software components. Gain enhanced features, including Software Bill of Materials (SBOM), CVE scan result reports, and VEX documents. To learn more, visit [1mhttps://bitnami.com/enterprise[0m
[2024-06-27T07:58:52.128+0000] {docker.py:436} INFO - [38;5;6mspark [38;5;5m07:58:52.12 [0m[38;5;2mINFO [0m ==>
[2024-06-27T07:58:52.136+0000] {docker.py:436} INFO - 
[2024-06-27T07:58:54.511+0000] {docker.py:436} INFO - :: loading settings :: url = jar:file:/opt/bitnami/spark/jars/ivy-2.5.1.jar!/org/apache/ivy/core/settings/ivysettings.xml
[2024-06-27T07:58:54.651+0000] {docker.py:436} INFO - Ivy Default Cache set to: /opt/bitnami/spark/.ivy2/cache
The jars for the packages stored in: /opt/bitnami/spark/.ivy2/jars
[2024-06-27T07:58:54.665+0000] {docker.py:436} INFO - org.apache.spark#spark-sql-kafka-0-10_2.12 added as a dependency
org.postgresql#postgresql added as a dependency
:: resolving dependencies :: org.apache.spark#spark-submit-parent-0f531da4-1ea0-49aa-8b77-309dd2a52d42;1.0
	confs: [default]
[2024-06-27T07:58:56.437+0000] {docker.py:436} INFO - found org.apache.spark#spark-sql-kafka-0-10_2.12;3.3.0 in central
[2024-06-27T07:58:56.941+0000] {docker.py:436} INFO - found org.apache.spark#spark-token-provider-kafka-0-10_2.12;3.3.0 in central
[2024-06-27T07:58:57.009+0000] {docker.py:436} INFO - found org.apache.kafka#kafka-clients;2.8.1 in central
[2024-06-27T07:58:57.080+0000] {docker.py:436} INFO - found org.lz4#lz4-java;1.8.0 in central
[2024-06-27T07:58:57.140+0000] {docker.py:436} INFO - found org.xerial.snappy#snappy-java;1.1.8.4 in central
[2024-06-27T07:58:57.368+0000] {docker.py:436} INFO - found org.slf4j#slf4j-api;1.7.32 in central
[2024-06-27T07:58:59.078+0000] {docker.py:436} INFO - found org.apache.hadoop#hadoop-client-runtime;3.3.2 in central
[2024-06-27T07:58:59.680+0000] {docker.py:436} INFO - found org.spark-project.spark#unused;1.0.0 in central
[2024-06-27T07:58:59.874+0000] {docker.py:436} INFO - found org.apache.hadoop#hadoop-client-api;3.3.2 in central
[2024-06-27T07:59:00.152+0000] {docker.py:436} INFO - found commons-logging#commons-logging;1.1.3 in central
[2024-06-27T07:59:00.214+0000] {docker.py:436} INFO - found com.google.code.findbugs#jsr305;3.0.0 in central
[2024-06-27T07:59:00.521+0000] {docker.py:436} INFO - found org.apache.commons#commons-pool2;2.11.1 in central
[2024-06-27T07:59:01.712+0000] {docker.py:436} INFO - found org.postgresql#postgresql;42.2.2 in central
[2024-06-27T07:59:01.738+0000] {docker.py:436} INFO - downloading https://repo1.maven.org/maven2/org/apache/spark/spark-sql-kafka-0-10_2.12/3.3.0/spark-sql-kafka-0-10_2.12-3.3.0.jar ...
[2024-06-27T07:59:01.827+0000] {docker.py:436} INFO - [SUCCESSFUL ] org.apache.spark#spark-sql-kafka-0-10_2.12;3.3.0!spark-sql-kafka-0-10_2.12.jar (100ms)
[2024-06-27T07:59:01.840+0000] {docker.py:436} INFO - downloading https://repo1.maven.org/maven2/org/postgresql/postgresql/42.2.2/postgresql-42.2.2.jar ...
[2024-06-27T07:59:01.965+0000] {docker.py:436} INFO - [SUCCESSFUL ] org.postgresql#postgresql;42.2.2!postgresql.jar(bundle) (137ms)
[2024-06-27T07:59:01.987+0000] {docker.py:436} INFO - downloading https://repo1.maven.org/maven2/org/apache/spark/spark-token-provider-kafka-0-10_2.12/3.3.0/spark-token-provider-kafka-0-10_2.12-3.3.0.jar ...
[2024-06-27T07:59:02.011+0000] {docker.py:436} INFO - [SUCCESSFUL ] org.apache.spark#spark-token-provider-kafka-0-10_2.12;3.3.0!spark-token-provider-kafka-0-10_2.12.jar (44ms)
[2024-06-27T07:59:02.028+0000] {docker.py:436} INFO - downloading https://repo1.maven.org/maven2/org/apache/kafka/kafka-clients/2.8.1/kafka-clients-2.8.1.jar ...
[2024-06-27T07:59:02.619+0000] {docker.py:436} INFO - [SUCCESSFUL ] org.apache.kafka#kafka-clients;2.8.1!kafka-clients.jar (607ms)
[2024-06-27T07:59:02.638+0000] {docker.py:436} INFO - downloading https://repo1.maven.org/maven2/com/google/code/findbugs/jsr305/3.0.0/jsr305-3.0.0.jar ...
[2024-06-27T07:59:02.659+0000] {docker.py:436} INFO - [SUCCESSFUL ] com.google.code.findbugs#jsr305;3.0.0!jsr305.jar (38ms)
[2024-06-27T07:59:02.669+0000] {docker.py:436} INFO - downloading https://repo1.maven.org/maven2/org/apache/commons/commons-pool2/2.11.1/commons-pool2-2.11.1.jar ...
[2024-06-27T07:59:02.700+0000] {docker.py:436} INFO - [SUCCESSFUL ] org.apache.commons#commons-pool2;2.11.1!commons-pool2.jar (41ms)
[2024-06-27T07:59:02.709+0000] {docker.py:436} INFO - downloading https://repo1.maven.org/maven2/org/spark-project/spark/unused/1.0.0/unused-1.0.0.jar ...
[2024-06-27T07:59:02.720+0000] {docker.py:436} INFO - [SUCCESSFUL ] org.spark-project.spark#unused;1.0.0!unused.jar (18ms)
[2024-06-27T07:59:02.733+0000] {docker.py:436} INFO - downloading https://repo1.maven.org/maven2/org/apache/hadoop/hadoop-client-runtime/3.3.2/hadoop-client-runtime-3.3.2.jar ...
[2024-06-27T07:59:06.380+0000] {docker.py:436} INFO - [SUCCESSFUL ] org.apache.hadoop#hadoop-client-runtime;3.3.2!hadoop-client-runtime.jar (3660ms)
[2024-06-27T07:59:06.392+0000] {docker.py:436} INFO - downloading https://repo1.maven.org/maven2/org/lz4/lz4-java/1.8.0/lz4-java-1.8.0.jar ...
[2024-06-27T07:59:06.480+0000] {docker.py:436} INFO - [SUCCESSFUL ] org.lz4#lz4-java;1.8.0!lz4-java.jar (99ms)
[2024-06-27T07:59:06.496+0000] {docker.py:436} INFO - downloading https://repo1.maven.org/maven2/org/xerial/snappy/snappy-java/1.1.8.4/snappy-java-1.1.8.4.jar ...
[2024-06-27T07:59:06.710+0000] {docker.py:436} INFO - [SUCCESSFUL ] org.xerial.snappy#snappy-java;1.1.8.4!snappy-java.jar(bundle) (229ms)
[2024-06-27T07:59:06.723+0000] {docker.py:436} INFO - downloading https://repo1.maven.org/maven2/org/slf4j/slf4j-api/1.7.32/slf4j-api-1.7.32.jar ...
[2024-06-27T07:59:06.749+0000] {docker.py:436} INFO - [SUCCESSFUL ] org.slf4j#slf4j-api;1.7.32!slf4j-api.jar (37ms)
[2024-06-27T07:59:06.759+0000] {docker.py:436} INFO - downloading https://repo1.maven.org/maven2/org/apache/hadoop/hadoop-client-api/3.3.2/hadoop-client-api-3.3.2.jar ...
[2024-06-27T07:59:09.064+0000] {docker.py:436} INFO - [SUCCESSFUL ] org.apache.hadoop#hadoop-client-api;3.3.2!hadoop-client-api.jar (2314ms)
[2024-06-27T07:59:09.074+0000] {docker.py:436} INFO - downloading https://repo1.maven.org/maven2/commons-logging/commons-logging/1.1.3/commons-logging-1.1.3.jar ...
[2024-06-27T07:59:09.093+0000] {docker.py:436} INFO - [SUCCESSFUL ] commons-logging#commons-logging;1.1.3!commons-logging.jar (28ms)
[2024-06-27T07:59:09.094+0000] {docker.py:436} INFO - :: resolution report :: resolve 7064ms :: artifacts dl 7367ms
[2024-06-27T07:59:09.094+0000] {docker.py:436} INFO - :: modules in use:
[2024-06-27T07:59:09.095+0000] {docker.py:436} INFO - com.google.code.findbugs#jsr305;3.0.0 from central in [default]
[2024-06-27T07:59:09.095+0000] {docker.py:436} INFO - commons-logging#commons-logging;1.1.3 from central in [default]
[2024-06-27T07:59:09.096+0000] {docker.py:436} INFO - org.apache.commons#commons-pool2;2.11.1 from central in [default]
	org.apache.hadoop#hadoop-client-api;3.3.2 from central in [default]
	org.apache.hadoop#hadoop-client-runtime;3.3.2 from central in [default]
[2024-06-27T07:59:09.096+0000] {docker.py:436} INFO - org.apache.kafka#kafka-clients;2.8.1 from central in [default]
[2024-06-27T07:59:09.097+0000] {docker.py:436} INFO - org.apache.spark#spark-sql-kafka-0-10_2.12;3.3.0 from central in [default]
	org.apache.spark#spark-token-provider-kafka-0-10_2.12;3.3.0 from central in [default]
[2024-06-27T07:59:09.097+0000] {docker.py:436} INFO - org.lz4#lz4-java;1.8.0 from central in [default]
[2024-06-27T07:59:09.098+0000] {docker.py:436} INFO - org.postgresql#postgresql;42.2.2 from central in [default]
[2024-06-27T07:59:09.098+0000] {docker.py:436} INFO - org.slf4j#slf4j-api;1.7.32 from central in [default]
[2024-06-27T07:59:09.098+0000] {docker.py:436} INFO - org.spark-project.spark#unused;1.0.0 from central in [default]
[2024-06-27T07:59:09.099+0000] {docker.py:436} INFO - org.xerial.snappy#snappy-java;1.1.8.4 from central in [default]
[2024-06-27T07:59:09.099+0000] {docker.py:436} INFO - ---------------------------------------------------------------------
[2024-06-27T07:59:09.100+0000] {docker.py:436} INFO - |                  |            modules            ||   artifacts   |
[2024-06-27T07:59:09.100+0000] {docker.py:436} INFO - |       conf       | number| search|dwnlded|evicted|| number|dwnlded|
[2024-06-27T07:59:09.101+0000] {docker.py:436} INFO - ---------------------------------------------------------------------
[2024-06-27T07:59:09.102+0000] {docker.py:436} INFO - |      default     |   13  |   13  |   13  |   0   ||   13  |   13  |
[2024-06-27T07:59:09.102+0000] {docker.py:436} INFO - ---------------------------------------------------------------------
[2024-06-27T07:59:09.104+0000] {docker.py:436} INFO - :: retrieving :: org.apache.spark#spark-submit-parent-0f531da4-1ea0-49aa-8b77-309dd2a52d42
[2024-06-27T07:59:09.105+0000] {docker.py:436} INFO - confs: [default]
[2024-06-27T07:59:09.192+0000] {docker.py:436} INFO - 13 artifacts copied, 0 already retrieved (57403kB/88ms)
[2024-06-27T07:59:09.527+0000] {docker.py:436} INFO - 24/06/27 07:59:09 WARN NativeCodeLoader: Unable to load native-hadoop library for your platform... using builtin-java classes where applicable
[2024-06-27T07:59:10.228+0000] {docker.py:436} INFO - File "/opt/bitnami/spark/scripts/spark_bronze_layer.py", line 124
    final_df=final_df.select(F.substring(col("value"),11,length(col("value")) - 10)))
                                                                                    ^
SyntaxError: unmatched ')'
[2024-06-27T07:59:10.261+0000] {docker.py:436} INFO - 24/06/27 07:59:10 INFO ShutdownHookManager: Shutdown hook called
[2024-06-27T07:59:10.262+0000] {docker.py:436} INFO - 24/06/27 07:59:10 INFO ShutdownHookManager: Deleting directory /tmp/spark-55996bbe-bbd7-411c-bb13-887e784cb3ac
[2024-06-27T07:59:10.834+0000] {taskinstance.py:441} INFO - ::group::Post task execution logs
[2024-06-27T07:59:10.846+0000] {taskinstance.py:2905} ERROR - Task failed with exception
Traceback (most recent call last):
  File "/home/airflow/.local/lib/python3.12/site-packages/docker/api/client.py", line 265, in _raise_for_status
    response.raise_for_status()
  File "/home/airflow/.local/lib/python3.12/site-packages/requests/models.py", line 1021, in raise_for_status
    raise HTTPError(http_error_msg, response=self)
requests.exceptions.HTTPError: 400 Client Error: Bad Request for url: http://docker-proxy:2375/v1.45/containers/create

The above exception was the direct cause of the following exception:

Traceback (most recent call last):
  File "/home/airflow/.local/lib/python3.12/site-packages/airflow/providers/docker/operators/docker.py", line 371, in _run_image
    return self._run_image_with_mounts([*self.mounts, tmp_mount], add_tmp_variable=True)
           ^^^^^^^^^^^^^^^^^^^^^^^^^^^^^^^^^^^^^^^^^^^^^^^^^^^^^^^^^^^^^^^^^^^^^^^^^^^^^
  File "/home/airflow/.local/lib/python3.12/site-packages/airflow/providers/docker/operators/docker.py", line 398, in _run_image_with_mounts
    self.container = self.cli.create_container(
                     ^^^^^^^^^^^^^^^^^^^^^^^^^^
  File "/home/airflow/.local/lib/python3.12/site-packages/docker/api/container.py", line 439, in create_container
    return self.create_container_from_config(config, name, platform)
           ^^^^^^^^^^^^^^^^^^^^^^^^^^^^^^^^^^^^^^^^^^^^^^^^^^^^^^^^^
  File "/home/airflow/.local/lib/python3.12/site-packages/docker/api/container.py", line 456, in create_container_from_config
    return self._result(res, True)
           ^^^^^^^^^^^^^^^^^^^^^^^
  File "/home/airflow/.local/lib/python3.12/site-packages/docker/api/client.py", line 271, in _result
    self._raise_for_status(response)
  File "/home/airflow/.local/lib/python3.12/site-packages/docker/api/client.py", line 267, in _raise_for_status
    raise create_api_error_from_http_exception(e) from e
          ^^^^^^^^^^^^^^^^^^^^^^^^^^^^^^^^^^^^^^^
  File "/home/airflow/.local/lib/python3.12/site-packages/docker/errors.py", line 39, in create_api_error_from_http_exception
    raise cls(e, response=response, explanation=explanation) from e
docker.errors.APIError: 400 Client Error for http://docker-proxy:2375/v1.45/containers/create: Bad Request ("invalid mount config for type "bind": bind source path does not exist: /tmp/airflowtmpm1rgjhvm")

During handling of the above exception, another exception occurred:

Traceback (most recent call last):
  File "/home/airflow/.local/lib/python3.12/site-packages/airflow/models/taskinstance.py", line 465, in _execute_task
    result = _execute_callable(context=context, **execute_callable_kwargs)
             ^^^^^^^^^^^^^^^^^^^^^^^^^^^^^^^^^^^^^^^^^^^^^^^^^^^^^^^^^^^^^
  File "/home/airflow/.local/lib/python3.12/site-packages/airflow/models/taskinstance.py", line 432, in _execute_callable
    return execute_callable(context=context, **execute_callable_kwargs)
           ^^^^^^^^^^^^^^^^^^^^^^^^^^^^^^^^^^^^^^^^^^^^^^^^^^^^^^^^^^^^
  File "/home/airflow/.local/lib/python3.12/site-packages/airflow/models/baseoperator.py", line 400, in wrapper
    return func(self, *args, **kwargs)
           ^^^^^^^^^^^^^^^^^^^^^^^^^^^
  File "/home/airflow/.local/lib/python3.12/site-packages/airflow/providers/docker/operators/docker.py", line 509, in execute
    return self._run_image()
           ^^^^^^^^^^^^^^^^^
  File "/home/airflow/.local/lib/python3.12/site-packages/airflow/providers/docker/operators/docker.py", line 380, in _run_image
    return self._run_image_with_mounts(self.mounts, add_tmp_variable=False)
           ^^^^^^^^^^^^^^^^^^^^^^^^^^^^^^^^^^^^^^^^^^^^^^^^^^^^^^^^^^^^^^^^
  File "/home/airflow/.local/lib/python3.12/site-packages/airflow/providers/docker/operators/docker.py", line 444, in _run_image_with_mounts
    raise DockerContainerFailedException(f"Docker container failed: {result!r}", logs=log_lines)
airflow.providers.docker.exceptions.DockerContainerFailedException: Docker container failed: {'StatusCode': 1}
[2024-06-27T07:59:10.854+0000] {taskinstance.py:1206} INFO - Marking task as FAILED. dag_id=Stage_1, task_id=run_bronze_job, run_id=manual__2024-06-27T07:58:44.437352+00:00, execution_date=20240627T075844, start_date=20240627T075851, end_date=20240627T075910
[2024-06-27T07:59:10.868+0000] {standard_task_runner.py:110} ERROR - Failed to execute job 211 for task run_bronze_job (Docker container failed: {'StatusCode': 1}; 1001)
[2024-06-27T07:59:10.882+0000] {local_task_job_runner.py:240} INFO - Task exited with return code 1
[2024-06-27T07:59:10.898+0000] {taskinstance.py:3498} INFO - 0 downstream tasks scheduled from follow-on schedule check
[2024-06-27T07:59:10.900+0000] {local_task_job_runner.py:222} INFO - ::endgroup::
