[2024-06-25T19:26:32.420+0000] {local_task_job_runner.py:120} INFO - ::group::Pre task execution logs
[2024-06-25T19:26:32.459+0000] {taskinstance.py:2076} INFO - Dependencies all met for dep_context=non-requeueable deps ti=<TaskInstance: Stage_1.bronze_table_creation manual__2024-06-25T19:26:27.965322+00:00 [queued]>
[2024-06-25T19:26:32.471+0000] {taskinstance.py:2076} INFO - Dependencies all met for dep_context=requeueable deps ti=<TaskInstance: Stage_1.bronze_table_creation manual__2024-06-25T19:26:27.965322+00:00 [queued]>
[2024-06-25T19:26:32.471+0000] {taskinstance.py:2306} INFO - Starting attempt 1 of 1
[2024-06-25T19:26:32.486+0000] {taskinstance.py:2330} INFO - Executing <Task(PythonOperator): bronze_table_creation> on 2024-06-25 19:26:27.965322+00:00
[2024-06-25T19:26:32.493+0000] {logging_mixin.py:188} WARNING - /home/***/.local/lib/python3.12/site-packages/***/task/task_runner/standard_task_runner.py:61 DeprecationWarning: This process (pid=623) is multi-threaded, use of fork() may lead to deadlocks in the child.
[2024-06-25T19:26:32.494+0000] {standard_task_runner.py:63} INFO - Started process 624 to run task
[2024-06-25T19:26:32.493+0000] {standard_task_runner.py:90} INFO - Running: ['***', 'tasks', 'run', 'Stage_1', 'bronze_table_creation', 'manual__2024-06-25T19:26:27.965322+00:00', '--job-id', '35', '--raw', '--subdir', 'DAGS_FOLDER/kafka_dag.py', '--cfg-path', '/tmp/tmp1lwmwxxl']
[2024-06-25T19:26:32.495+0000] {standard_task_runner.py:91} INFO - Job 35: Subtask bronze_table_creation
[2024-06-25T19:26:32.509+0000] {logging_mixin.py:188} WARNING - /home/***/.local/lib/python3.12/site-packages/***/settings.py:195 DeprecationWarning: The sql_alchemy_conn option in [core] has been moved to the sql_alchemy_conn option in [database] - the old setting has been used, but please update your config.
[2024-06-25T19:26:32.543+0000] {task_command.py:426} INFO - Running <TaskInstance: Stage_1.bronze_table_creation manual__2024-06-25T19:26:27.965322+00:00 [running]> on host 52f7dad43485
[2024-06-25T19:26:32.645+0000] {taskinstance.py:2648} INFO - Exporting env vars: AIRFLOW_CTX_DAG_OWNER='***' AIRFLOW_CTX_DAG_ID='Stage_1' AIRFLOW_CTX_TASK_ID='bronze_table_creation' AIRFLOW_CTX_EXECUTION_DATE='2024-06-25T19:26:27.965322+00:00' AIRFLOW_CTX_TRY_NUMBER='1' AIRFLOW_CTX_DAG_RUN_ID='manual__2024-06-25T19:26:27.965322+00:00'
[2024-06-25T19:26:32.646+0000] {taskinstance.py:430} INFO - ::endgroup::
[2024-06-25T19:26:32.666+0000] {logging_mixin.py:188} INFO - Table 'purchases' created successfully.
[2024-06-25T19:26:32.666+0000] {python.py:237} INFO - Done. Returned value was: None
[2024-06-25T19:26:32.667+0000] {taskinstance.py:441} INFO - ::group::Post task execution logs
[2024-06-25T19:26:32.677+0000] {taskinstance.py:1206} INFO - Marking task as SUCCESS. dag_id=Stage_1, task_id=bronze_table_creation, run_id=manual__2024-06-25T19:26:27.965322+00:00, execution_date=20240625T192627, start_date=20240625T192632, end_date=20240625T192632
[2024-06-25T19:26:32.707+0000] {local_task_job_runner.py:240} INFO - Task exited with return code 0
[2024-06-25T19:26:32.729+0000] {taskinstance.py:3498} INFO - 1 downstream tasks scheduled from follow-on schedule check
[2024-06-25T19:26:32.731+0000] {local_task_job_runner.py:222} INFO - ::endgroup::
