[2024-06-27T07:21:13.554+0000] {local_task_job_runner.py:120} INFO - ::group::Pre task execution logs
[2024-06-27T07:21:13.593+0000] {taskinstance.py:2076} INFO - Dependencies all met for dep_context=non-requeueable deps ti=<TaskInstance: Stage_1.run_bronze_job manual__2024-06-27T07:21:05.088042+00:00 [queued]>
[2024-06-27T07:21:13.605+0000] {taskinstance.py:2076} INFO - Dependencies all met for dep_context=requeueable deps ti=<TaskInstance: Stage_1.run_bronze_job manual__2024-06-27T07:21:05.088042+00:00 [queued]>
[2024-06-27T07:21:13.605+0000] {taskinstance.py:2306} INFO - Starting attempt 1 of 1
[2024-06-27T07:21:13.623+0000] {taskinstance.py:2330} INFO - Executing <Task(DockerOperator): run_bronze_job> on 2024-06-27 07:21:05.088042+00:00
[2024-06-27T07:21:13.631+0000] {logging_mixin.py:188} WARNING - /home/***/.local/lib/python3.12/site-packages/***/task/task_runner/standard_task_runner.py:61 DeprecationWarning: This process (pid=493) is multi-threaded, use of fork() may lead to deadlocks in the child.
[2024-06-27T07:21:13.633+0000] {standard_task_runner.py:63} INFO - Started process 494 to run task
[2024-06-27T07:21:13.631+0000] {standard_task_runner.py:90} INFO - Running: ['***', 'tasks', 'run', 'Stage_1', 'run_bronze_job', 'manual__2024-06-27T07:21:05.088042+00:00', '--job-id', '151', '--raw', '--subdir', 'DAGS_FOLDER/kafka_dag.py', '--cfg-path', '/tmp/tmpwdcaf3g6']
[2024-06-27T07:21:13.634+0000] {standard_task_runner.py:91} INFO - Job 151: Subtask run_bronze_job
[2024-06-27T07:21:13.650+0000] {logging_mixin.py:188} WARNING - /home/***/.local/lib/python3.12/site-packages/***/settings.py:195 DeprecationWarning: The sql_alchemy_conn option in [core] has been moved to the sql_alchemy_conn option in [database] - the old setting has been used, but please update your config.
[2024-06-27T07:21:13.687+0000] {task_command.py:426} INFO - Running <TaskInstance: Stage_1.run_bronze_job manual__2024-06-27T07:21:05.088042+00:00 [running]> on host 08bfa8b73cac
[2024-06-27T07:21:13.787+0000] {taskinstance.py:2648} INFO - Exporting env vars: AIRFLOW_CTX_DAG_OWNER='***' AIRFLOW_CTX_DAG_ID='Stage_1' AIRFLOW_CTX_TASK_ID='run_bronze_job' AIRFLOW_CTX_EXECUTION_DATE='2024-06-27T07:21:05.088042+00:00' AIRFLOW_CTX_TRY_NUMBER='1' AIRFLOW_CTX_DAG_RUN_ID='manual__2024-06-27T07:21:05.088042+00:00'
[2024-06-27T07:21:13.788+0000] {taskinstance.py:430} INFO - ::endgroup::
[2024-06-27T07:21:13.821+0000] {docker.py:366} INFO - Starting docker container from image bitnami/spark:latest
[2024-06-27T07:21:13.825+0000] {docker.py:374} WARNING - Using remote engine or docker-in-docker and mounting temporary volume from host is not supported. Falling back to `mount_tmp_dir=False` mode. You can set `mount_tmp_dir` parameter to False to disable mounting and remove the warning
[2024-06-27T07:21:14.270+0000] {docker.py:436} INFO - [38;5;6mspark [38;5;5m07:21:14.26 [0m[38;5;2mINFO [0m ==>
[2024-06-27T07:21:14.272+0000] {docker.py:436} INFO - [38;5;6mspark [38;5;5m07:21:14.27 [0m[38;5;2mINFO [0m ==> [1mWelcome to the Bitnami spark container[0m
[2024-06-27T07:21:14.274+0000] {docker.py:436} INFO - [38;5;6mspark [38;5;5m07:21:14.27 [0m[38;5;2mINFO [0m ==> Subscribe to project updates by watching [1mhttps://github.com/bitnami/containers[0m
[2024-06-27T07:21:14.276+0000] {docker.py:436} INFO - [38;5;6mspark [38;5;5m07:21:14.27 [0m[38;5;2mINFO [0m ==> Submit issues and feature requests at [1mhttps://github.com/bitnami/containers/issues[0m
[2024-06-27T07:21:14.279+0000] {docker.py:436} INFO - [38;5;6mspark [38;5;5m07:21:14.27 [0m[38;5;2mINFO [0m ==> Upgrade to Tanzu Application Catalog for production environments to access custom-configured and pre-packaged software components. Gain enhanced features, including Software Bill of Materials (SBOM), CVE scan result reports, and VEX documents. To learn more, visit [1mhttps://bitnami.com/enterprise[0m
[2024-06-27T07:21:14.281+0000] {docker.py:436} INFO - [38;5;6mspark [38;5;5m07:21:14.28 [0m[38;5;2mINFO [0m ==>
[2024-06-27T07:21:14.296+0000] {docker.py:436} INFO - 
[2024-06-27T07:21:16.929+0000] {docker.py:436} INFO - :: loading settings :: url = jar:file:/opt/bitnami/spark/jars/ivy-2.5.1.jar!/org/apache/ivy/core/settings/ivysettings.xml
[2024-06-27T07:21:17.022+0000] {docker.py:436} INFO - Ivy Default Cache set to: /opt/bitnami/spark/.ivy2/cache
[2024-06-27T07:21:17.022+0000] {docker.py:436} INFO - The jars for the packages stored in: /opt/bitnami/spark/.ivy2/jars
[2024-06-27T07:21:17.030+0000] {docker.py:436} INFO - org.apache.spark#spark-sql-kafka-0-10_2.12 added as a dependency
org.postgresql#postgresql added as a dependency
[2024-06-27T07:21:17.033+0000] {docker.py:436} INFO - :: resolving dependencies :: org.apache.spark#spark-submit-parent-dba7bef8-b273-439d-833d-c605be539887;1.0
	confs: [default]
[2024-06-27T07:21:18.933+0000] {docker.py:436} INFO - found org.apache.spark#spark-sql-kafka-0-10_2.12;3.3.0 in central
[2024-06-27T07:21:19.316+0000] {docker.py:436} INFO - found org.apache.spark#spark-token-provider-kafka-0-10_2.12;3.3.0 in central
[2024-06-27T07:21:19.391+0000] {docker.py:436} INFO - found org.apache.kafka#kafka-clients;2.8.1 in central
[2024-06-27T07:21:19.479+0000] {docker.py:436} INFO - found org.lz4#lz4-java;1.8.0 in central
[2024-06-27T07:21:19.544+0000] {docker.py:436} INFO - found org.xerial.snappy#snappy-java;1.1.8.4 in central
[2024-06-27T07:21:19.716+0000] {docker.py:436} INFO - found org.slf4j#slf4j-api;1.7.32 in central
[2024-06-27T07:21:20.005+0000] {docker.py:436} INFO - found org.apache.hadoop#hadoop-client-runtime;3.3.2 in central
[2024-06-27T07:21:20.114+0000] {docker.py:436} INFO - found org.spark-project.spark#unused;1.0.0 in central
[2024-06-27T07:21:20.230+0000] {docker.py:436} INFO - found org.apache.hadoop#hadoop-client-api;3.3.2 in central
[2024-06-27T07:21:20.743+0000] {docker.py:436} INFO - found commons-logging#commons-logging;1.1.3 in central
[2024-06-27T07:21:20.796+0000] {docker.py:436} INFO - found com.google.code.findbugs#jsr305;3.0.0 in central
[2024-06-27T07:21:21.116+0000] {docker.py:436} INFO - found org.apache.commons#commons-pool2;2.11.1 in central
[2024-06-27T07:21:22.215+0000] {docker.py:436} INFO - found org.postgresql#postgresql;42.2.2 in central
[2024-06-27T07:21:22.240+0000] {docker.py:436} INFO - downloading https://repo1.maven.org/maven2/org/apache/spark/spark-sql-kafka-0-10_2.12/3.3.0/spark-sql-kafka-0-10_2.12-3.3.0.jar ...
[2024-06-27T07:21:22.300+0000] {docker.py:436} INFO - [SUCCESSFUL ] org.apache.spark#spark-sql-kafka-0-10_2.12;3.3.0!spark-sql-kafka-0-10_2.12.jar (69ms)
[2024-06-27T07:21:22.311+0000] {docker.py:436} INFO - downloading https://repo1.maven.org/maven2/org/postgresql/postgresql/42.2.2/postgresql-42.2.2.jar ...
[2024-06-27T07:21:22.399+0000] {docker.py:436} INFO - [SUCCESSFUL ] org.postgresql#postgresql;42.2.2!postgresql.jar(bundle) (98ms)
[2024-06-27T07:21:22.408+0000] {docker.py:436} INFO - downloading https://repo1.maven.org/maven2/org/apache/spark/spark-token-provider-kafka-0-10_2.12/3.3.0/spark-token-provider-kafka-0-10_2.12-3.3.0.jar ...
[2024-06-27T07:21:22.424+0000] {docker.py:436} INFO - [SUCCESSFUL ] org.apache.spark#spark-token-provider-kafka-0-10_2.12;3.3.0!spark-token-provider-kafka-0-10_2.12.jar (23ms)
[2024-06-27T07:21:22.434+0000] {docker.py:436} INFO - downloading https://repo1.maven.org/maven2/org/apache/kafka/kafka-clients/2.8.1/kafka-clients-2.8.1.jar ...
[2024-06-27T07:21:22.912+0000] {docker.py:436} INFO - [SUCCESSFUL ] org.apache.kafka#kafka-clients;2.8.1!kafka-clients.jar (487ms)
[2024-06-27T07:21:23.030+0000] {docker.py:436} INFO - downloading https://repo1.maven.org/maven2/com/google/code/findbugs/jsr305/3.0.0/jsr305-3.0.0.jar ...
[2024-06-27T07:21:23.046+0000] {docker.py:436} INFO - [SUCCESSFUL ] com.google.code.findbugs#jsr305;3.0.0!jsr305.jar (132ms)
[2024-06-27T07:21:23.055+0000] {docker.py:436} INFO - downloading https://repo1.maven.org/maven2/org/apache/commons/commons-pool2/2.11.1/commons-pool2-2.11.1.jar ...
[2024-06-27T07:21:23.080+0000] {docker.py:436} INFO - [SUCCESSFUL ] org.apache.commons#commons-pool2;2.11.1!commons-pool2.jar (33ms)
[2024-06-27T07:21:23.090+0000] {docker.py:436} INFO - downloading https://repo1.maven.org/maven2/org/spark-project/spark/unused/1.0.0/unused-1.0.0.jar ...
[2024-06-27T07:21:23.102+0000] {docker.py:436} INFO - [SUCCESSFUL ] org.spark-project.spark#unused;1.0.0!unused.jar (21ms)
[2024-06-27T07:21:23.114+0000] {docker.py:436} INFO - downloading https://repo1.maven.org/maven2/org/apache/hadoop/hadoop-client-runtime/3.3.2/hadoop-client-runtime-3.3.2.jar ...
[2024-06-27T07:21:26.125+0000] {docker.py:436} INFO - [SUCCESSFUL ] org.apache.hadoop#hadoop-client-runtime;3.3.2!hadoop-client-runtime.jar (3022ms)
[2024-06-27T07:21:26.137+0000] {docker.py:436} INFO - downloading https://repo1.maven.org/maven2/org/lz4/lz4-java/1.8.0/lz4-java-1.8.0.jar ...
[2024-06-27T07:21:26.215+0000] {docker.py:436} INFO - [SUCCESSFUL ] org.lz4#lz4-java;1.8.0!lz4-java.jar (88ms)
[2024-06-27T07:21:26.224+0000] {docker.py:436} INFO - downloading https://repo1.maven.org/maven2/org/xerial/snappy/snappy-java/1.1.8.4/snappy-java-1.1.8.4.jar ...
[2024-06-27T07:21:26.434+0000] {docker.py:436} INFO - [SUCCESSFUL ] org.xerial.snappy#snappy-java;1.1.8.4!snappy-java.jar(bundle) (218ms)
[2024-06-27T07:21:26.443+0000] {docker.py:436} INFO - downloading https://repo1.maven.org/maven2/org/slf4j/slf4j-api/1.7.32/slf4j-api-1.7.32.jar ...
[2024-06-27T07:21:26.457+0000] {docker.py:436} INFO - [SUCCESSFUL ] org.slf4j#slf4j-api;1.7.32!slf4j-api.jar (22ms)
[2024-06-27T07:21:26.467+0000] {docker.py:436} INFO - downloading https://repo1.maven.org/maven2/org/apache/hadoop/hadoop-client-api/3.3.2/hadoop-client-api-3.3.2.jar ...
[2024-06-27T07:21:28.405+0000] {docker.py:436} INFO - [SUCCESSFUL ] org.apache.hadoop#hadoop-client-api;3.3.2!hadoop-client-api.jar (1947ms)
[2024-06-27T07:21:28.418+0000] {docker.py:436} INFO - downloading https://repo1.maven.org/maven2/commons-logging/commons-logging/1.1.3/commons-logging-1.1.3.jar ...
[2024-06-27T07:21:28.437+0000] {docker.py:436} INFO - [SUCCESSFUL ] commons-logging#commons-logging;1.1.3!commons-logging.jar (31ms)
[2024-06-27T07:21:28.437+0000] {docker.py:436} INFO - :: resolution report :: resolve 5197ms :: artifacts dl 6207ms
[2024-06-27T07:21:28.438+0000] {docker.py:436} INFO - :: modules in use:
[2024-06-27T07:21:28.438+0000] {docker.py:436} INFO - com.google.code.findbugs#jsr305;3.0.0 from central in [default]
	commons-logging#commons-logging;1.1.3 from central in [default]
	org.apache.commons#commons-pool2;2.11.1 from central in [default]
	org.apache.hadoop#hadoop-client-api;3.3.2 from central in [default]
[2024-06-27T07:21:28.439+0000] {docker.py:436} INFO - org.apache.hadoop#hadoop-client-runtime;3.3.2 from central in [default]
	org.apache.kafka#kafka-clients;2.8.1 from central in [default]
	org.apache.spark#spark-sql-kafka-0-10_2.12;3.3.0 from central in [default]
	org.apache.spark#spark-token-provider-kafka-0-10_2.12;3.3.0 from central in [default]
	org.lz4#lz4-java;1.8.0 from central in [default]
	org.postgresql#postgresql;42.2.2 from central in [default]
	org.slf4j#slf4j-api;1.7.32 from central in [default]
	org.spark-project.spark#unused;1.0.0 from central in [default]
[2024-06-27T07:21:28.439+0000] {docker.py:436} INFO - org.xerial.snappy#snappy-java;1.1.8.4 from central in [default]
	---------------------------------------------------------------------
	|                  |            modules            ||   artifacts   |
	|       conf       | number| search|dwnlded|evicted|| number|dwnlded|
	---------------------------------------------------------------------
[2024-06-27T07:21:28.439+0000] {docker.py:436} INFO - |      default     |   13  |   13  |   13  |   0   ||   13  |   13  |
	---------------------------------------------------------------------
[2024-06-27T07:21:28.449+0000] {docker.py:436} INFO - :: retrieving :: org.apache.spark#spark-submit-parent-dba7bef8-b273-439d-833d-c605be539887
[2024-06-27T07:21:28.449+0000] {docker.py:436} INFO - confs: [default]
[2024-06-27T07:21:28.555+0000] {docker.py:436} INFO - 13 artifacts copied, 0 already retrieved (57403kB/107ms)
[2024-06-27T07:21:28.904+0000] {docker.py:436} INFO - 24/06/27 07:21:28 WARN NativeCodeLoader: Unable to load native-hadoop library for your platform... using builtin-java classes where applicable
[2024-06-27T07:21:30.738+0000] {docker.py:436} INFO - 24/06/27 07:21:30 INFO SparkContext: Running Spark version 3.5.1
[2024-06-27T07:21:30.745+0000] {docker.py:436} INFO - 24/06/27 07:21:30 INFO SparkContext: OS info Linux, 6.5.0-41-generic, amd64
24/06/27 07:21:30 INFO SparkContext: Java version 17.0.11
[2024-06-27T07:21:30.778+0000] {docker.py:436} INFO - 24/06/27 07:21:30 INFO ResourceUtils: ==============================================================
[2024-06-27T07:21:30.779+0000] {docker.py:436} INFO - 24/06/27 07:21:30 INFO ResourceUtils: No custom resources configured for spark.driver.
[2024-06-27T07:21:30.780+0000] {docker.py:436} INFO - 24/06/27 07:21:30 INFO ResourceUtils: ==============================================================
[2024-06-27T07:21:30.780+0000] {docker.py:436} INFO - 24/06/27 07:21:30 INFO SparkContext: Submitted application: PostgreSQL Connection with PySpark
[2024-06-27T07:21:30.819+0000] {docker.py:436} INFO - 24/06/27 07:21:30 INFO ResourceProfile: Default ResourceProfile created, executor resources: Map(cores -> name: cores, amount: 1, script: , vendor: , memory -> name: memory, amount: 1024, script: , vendor: , offHeap -> name: offHeap, amount: 0, script: , vendor: ), task resources: Map(cpus -> name: cpus, amount: 1.0)
[2024-06-27T07:21:30.833+0000] {docker.py:436} INFO - 24/06/27 07:21:30 INFO ResourceProfile: Limiting resource is cpu
[2024-06-27T07:21:30.835+0000] {docker.py:436} INFO - 24/06/27 07:21:30 INFO ResourceProfileManager: Added ResourceProfile id: 0
[2024-06-27T07:21:30.916+0000] {docker.py:436} INFO - 24/06/27 07:21:30 INFO SecurityManager: Changing view acls to: spark
[2024-06-27T07:21:30.917+0000] {docker.py:436} INFO - 24/06/27 07:21:30 INFO SecurityManager: Changing modify acls to: spark
[2024-06-27T07:21:30.918+0000] {docker.py:436} INFO - 24/06/27 07:21:30 INFO SecurityManager: Changing view acls groups to:
[2024-06-27T07:21:30.922+0000] {docker.py:436} INFO - 24/06/27 07:21:30 INFO SecurityManager: Changing modify acls groups to: 
24/06/27 07:21:30 INFO SecurityManager: SecurityManager: authentication disabled; ui acls disabled; users with view permissions: spark; groups with view permissions: EMPTY; users with modify permissions: spark; groups with modify permissions: EMPTY
[2024-06-27T07:21:31.248+0000] {docker.py:436} INFO - 24/06/27 07:21:31 INFO Utils: Successfully started service 'sparkDriver' on port 42735.
[2024-06-27T07:21:31.288+0000] {docker.py:436} INFO - 24/06/27 07:21:31 INFO SparkEnv: Registering MapOutputTracker
[2024-06-27T07:21:31.347+0000] {docker.py:436} INFO - 24/06/27 07:21:31 INFO SparkEnv: Registering BlockManagerMaster
[2024-06-27T07:21:31.371+0000] {docker.py:436} INFO - 24/06/27 07:21:31 INFO BlockManagerMasterEndpoint: Using org.apache.spark.storage.DefaultTopologyMapper for getting topology information
[2024-06-27T07:21:31.373+0000] {docker.py:436} INFO - 24/06/27 07:21:31 INFO BlockManagerMasterEndpoint: BlockManagerMasterEndpoint up
[2024-06-27T07:21:31.379+0000] {docker.py:436} INFO - 24/06/27 07:21:31 INFO SparkEnv: Registering BlockManagerMasterHeartbeat
[2024-06-27T07:21:31.410+0000] {docker.py:436} INFO - 24/06/27 07:21:31 INFO DiskBlockManager: Created local directory at /tmp/blockmgr-a73fcfe7-5f05-496f-a0b4-1b7fbb6f9d29
[2024-06-27T07:21:31.431+0000] {docker.py:436} INFO - 24/06/27 07:21:31 INFO MemoryStore: MemoryStore started with capacity 434.4 MiB
[2024-06-27T07:21:31.464+0000] {docker.py:436} INFO - 24/06/27 07:21:31 INFO SparkEnv: Registering OutputCommitCoordinator
[2024-06-27T07:21:31.649+0000] {docker.py:436} INFO - 24/06/27 07:21:31 INFO JettyUtils: Start Jetty 0.0.0.0:4040 for SparkUI
[2024-06-27T07:21:31.729+0000] {docker.py:436} INFO - 24/06/27 07:21:31 INFO Utils: Successfully started service 'SparkUI' on port 4040.
[2024-06-27T07:21:31.809+0000] {docker.py:436} INFO - 24/06/27 07:21:31 INFO SparkContext: Added JAR file:///opt/bitnami/spark/.ivy2/jars/org.apache.spark_spark-sql-kafka-0-10_2.12-3.3.0.jar at spark://localhost:42735/jars/org.apache.spark_spark-sql-kafka-0-10_2.12-3.3.0.jar with timestamp 1719472890725
24/06/27 07:21:31 INFO SparkContext: Added JAR file:///opt/bitnami/spark/.ivy2/jars/org.postgresql_postgresql-42.2.2.jar at spark://localhost:42735/jars/org.postgresql_postgresql-42.2.2.jar with timestamp 1719472890725
[2024-06-27T07:21:31.809+0000] {docker.py:436} INFO - 24/06/27 07:21:31 INFO SparkContext: Added JAR file:///opt/bitnami/spark/.ivy2/jars/org.apache.spark_spark-token-provider-kafka-0-10_2.12-3.3.0.jar at spark://localhost:42735/jars/org.apache.spark_spark-token-provider-kafka-0-10_2.12-3.3.0.jar with timestamp 1719472890725
[2024-06-27T07:21:31.813+0000] {docker.py:436} INFO - 24/06/27 07:21:31 INFO SparkContext: Added JAR file:///opt/bitnami/spark/.ivy2/jars/org.apache.kafka_kafka-clients-2.8.1.jar at spark://localhost:42735/jars/org.apache.kafka_kafka-clients-2.8.1.jar with timestamp 1719472890725
[2024-06-27T07:21:31.814+0000] {docker.py:436} INFO - 24/06/27 07:21:31 INFO SparkContext: Added JAR file:///opt/bitnami/spark/.ivy2/jars/com.google.code.findbugs_jsr305-3.0.0.jar at spark://localhost:42735/jars/com.google.code.findbugs_jsr305-3.0.0.jar with timestamp 1719472890725
[2024-06-27T07:21:31.814+0000] {docker.py:436} INFO - 24/06/27 07:21:31 INFO SparkContext: Added JAR file:///opt/bitnami/spark/.ivy2/jars/org.apache.commons_commons-pool2-2.11.1.jar at spark://localhost:42735/jars/org.apache.commons_commons-pool2-2.11.1.jar with timestamp 1719472890725
[2024-06-27T07:21:31.815+0000] {docker.py:436} INFO - 24/06/27 07:21:31 INFO SparkContext: Added JAR file:///opt/bitnami/spark/.ivy2/jars/org.spark-project.spark_unused-1.0.0.jar at spark://localhost:42735/jars/org.spark-project.spark_unused-1.0.0.jar with timestamp 1719472890725
[2024-06-27T07:21:31.825+0000] {docker.py:436} INFO - 24/06/27 07:21:31 INFO SparkContext: Added JAR file:///opt/bitnami/spark/.ivy2/jars/org.apache.hadoop_hadoop-client-runtime-3.3.2.jar at spark://localhost:42735/jars/org.apache.hadoop_hadoop-client-runtime-3.3.2.jar with timestamp 1719472890725
24/06/27 07:21:31 INFO SparkContext: Added JAR file:///opt/bitnami/spark/.ivy2/jars/org.lz4_lz4-java-1.8.0.jar at spark://localhost:42735/jars/org.lz4_lz4-java-1.8.0.jar with timestamp 1719472890725
24/06/27 07:21:31 INFO SparkContext: Added JAR file:///opt/bitnami/spark/.ivy2/jars/org.xerial.snappy_snappy-java-1.1.8.4.jar at spark://localhost:42735/jars/org.xerial.snappy_snappy-java-1.1.8.4.jar with timestamp 1719472890725
24/06/27 07:21:31 INFO SparkContext: Added JAR file:///opt/bitnami/spark/.ivy2/jars/org.slf4j_slf4j-api-1.7.32.jar at spark://localhost:42735/jars/org.slf4j_slf4j-api-1.7.32.jar with timestamp 1719472890725
24/06/27 07:21:31 INFO SparkContext: Added JAR file:///opt/bitnami/spark/.ivy2/jars/org.apache.hadoop_hadoop-client-api-3.3.2.jar at spark://localhost:42735/jars/org.apache.hadoop_hadoop-client-api-3.3.2.jar with timestamp 1719472890725
[2024-06-27T07:21:31.825+0000] {docker.py:436} INFO - 24/06/27 07:21:31 INFO SparkContext: Added JAR file:///opt/bitnami/spark/.ivy2/jars/commons-logging_commons-logging-1.1.3.jar at spark://localhost:42735/jars/commons-logging_commons-logging-1.1.3.jar with timestamp 1719472890725
[2024-06-27T07:21:31.833+0000] {docker.py:436} INFO - 24/06/27 07:21:31 INFO SparkContext: Added file file:///opt/bitnami/spark/.ivy2/jars/org.apache.spark_spark-sql-kafka-0-10_2.12-3.3.0.jar at file:///opt/bitnami/spark/.ivy2/jars/org.apache.spark_spark-sql-kafka-0-10_2.12-3.3.0.jar with timestamp 1719472890725
[2024-06-27T07:21:31.837+0000] {docker.py:436} INFO - 24/06/27 07:21:31 INFO Utils: Copying /opt/bitnami/spark/.ivy2/jars/org.apache.spark_spark-sql-kafka-0-10_2.12-3.3.0.jar to /tmp/spark-077e2925-a492-4e34-aa11-eab46a81f1bd/userFiles-223d5728-8c97-42bd-90fd-0ffaa7f18e22/org.apache.spark_spark-sql-kafka-0-10_2.12-3.3.0.jar
[2024-06-27T07:21:31.861+0000] {docker.py:436} INFO - 24/06/27 07:21:31 INFO SparkContext: Added file file:///opt/bitnami/spark/.ivy2/jars/org.postgresql_postgresql-42.2.2.jar at file:///opt/bitnami/spark/.ivy2/jars/org.postgresql_postgresql-42.2.2.jar with timestamp 1719472890725
[2024-06-27T07:21:31.861+0000] {docker.py:436} INFO - 24/06/27 07:21:31 INFO Utils: Copying /opt/bitnami/spark/.ivy2/jars/org.postgresql_postgresql-42.2.2.jar to /tmp/spark-077e2925-a492-4e34-aa11-eab46a81f1bd/userFiles-223d5728-8c97-42bd-90fd-0ffaa7f18e22/org.postgresql_postgresql-42.2.2.jar
[2024-06-27T07:21:31.869+0000] {docker.py:436} INFO - 24/06/27 07:21:31 INFO SparkContext: Added file file:///opt/bitnami/spark/.ivy2/jars/org.apache.spark_spark-token-provider-kafka-0-10_2.12-3.3.0.jar at file:///opt/bitnami/spark/.ivy2/jars/org.apache.spark_spark-token-provider-kafka-0-10_2.12-3.3.0.jar with timestamp 1719472890725
24/06/27 07:21:31 INFO Utils: Copying /opt/bitnami/spark/.ivy2/jars/org.apache.spark_spark-token-provider-kafka-0-10_2.12-3.3.0.jar to /tmp/spark-077e2925-a492-4e34-aa11-eab46a81f1bd/userFiles-223d5728-8c97-42bd-90fd-0ffaa7f18e22/org.apache.spark_spark-token-provider-kafka-0-10_2.12-3.3.0.jar
[2024-06-27T07:21:31.876+0000] {docker.py:436} INFO - 24/06/27 07:21:31 INFO SparkContext: Added file file:///opt/bitnami/spark/.ivy2/jars/org.apache.kafka_kafka-clients-2.8.1.jar at file:///opt/bitnami/spark/.ivy2/jars/org.apache.kafka_kafka-clients-2.8.1.jar with timestamp 1719472890725
[2024-06-27T07:21:31.877+0000] {docker.py:436} INFO - 24/06/27 07:21:31 INFO Utils: Copying /opt/bitnami/spark/.ivy2/jars/org.apache.kafka_kafka-clients-2.8.1.jar to /tmp/spark-077e2925-a492-4e34-aa11-eab46a81f1bd/userFiles-223d5728-8c97-42bd-90fd-0ffaa7f18e22/org.apache.kafka_kafka-clients-2.8.1.jar
[2024-06-27T07:21:31.898+0000] {docker.py:436} INFO - 24/06/27 07:21:31 INFO SparkContext: Added file file:///opt/bitnami/spark/.ivy2/jars/com.google.code.findbugs_jsr305-3.0.0.jar at file:///opt/bitnami/spark/.ivy2/jars/com.google.code.findbugs_jsr305-3.0.0.jar with timestamp 1719472890725
24/06/27 07:21:31 INFO Utils: Copying /opt/bitnami/spark/.ivy2/jars/com.google.code.findbugs_jsr305-3.0.0.jar to /tmp/spark-077e2925-a492-4e34-aa11-eab46a81f1bd/userFiles-223d5728-8c97-42bd-90fd-0ffaa7f18e22/com.google.code.findbugs_jsr305-3.0.0.jar
[2024-06-27T07:21:31.908+0000] {docker.py:436} INFO - 24/06/27 07:21:31 INFO SparkContext: Added file file:///opt/bitnami/spark/.ivy2/jars/org.apache.commons_commons-pool2-2.11.1.jar at file:///opt/bitnami/spark/.ivy2/jars/org.apache.commons_commons-pool2-2.11.1.jar with timestamp 1719472890725
[2024-06-27T07:21:31.908+0000] {docker.py:436} INFO - 24/06/27 07:21:31 INFO Utils: Copying /opt/bitnami/spark/.ivy2/jars/org.apache.commons_commons-pool2-2.11.1.jar to /tmp/spark-077e2925-a492-4e34-aa11-eab46a81f1bd/userFiles-223d5728-8c97-42bd-90fd-0ffaa7f18e22/org.apache.commons_commons-pool2-2.11.1.jar
[2024-06-27T07:21:31.919+0000] {docker.py:436} INFO - 24/06/27 07:21:31 INFO SparkContext: Added file file:///opt/bitnami/spark/.ivy2/jars/org.spark-project.spark_unused-1.0.0.jar at file:///opt/bitnami/spark/.ivy2/jars/org.spark-project.spark_unused-1.0.0.jar with timestamp 1719472890725
[2024-06-27T07:21:31.920+0000] {docker.py:436} INFO - 24/06/27 07:21:31 INFO Utils: Copying /opt/bitnami/spark/.ivy2/jars/org.spark-project.spark_unused-1.0.0.jar to /tmp/spark-077e2925-a492-4e34-aa11-eab46a81f1bd/userFiles-223d5728-8c97-42bd-90fd-0ffaa7f18e22/org.spark-project.spark_unused-1.0.0.jar
[2024-06-27T07:21:31.928+0000] {docker.py:436} INFO - 24/06/27 07:21:31 INFO SparkContext: Added file file:///opt/bitnami/spark/.ivy2/jars/org.apache.hadoop_hadoop-client-runtime-3.3.2.jar at file:///opt/bitnami/spark/.ivy2/jars/org.apache.hadoop_hadoop-client-runtime-3.3.2.jar with timestamp 1719472890725
[2024-06-27T07:21:31.934+0000] {docker.py:436} INFO - 24/06/27 07:21:31 INFO Utils: Copying /opt/bitnami/spark/.ivy2/jars/org.apache.hadoop_hadoop-client-runtime-3.3.2.jar to /tmp/spark-077e2925-a492-4e34-aa11-eab46a81f1bd/userFiles-223d5728-8c97-42bd-90fd-0ffaa7f18e22/org.apache.hadoop_hadoop-client-runtime-3.3.2.jar
[2024-06-27T07:21:31.985+0000] {docker.py:436} INFO - 24/06/27 07:21:31 INFO SparkContext: Added file file:///opt/bitnami/spark/.ivy2/jars/org.lz4_lz4-java-1.8.0.jar at file:///opt/bitnami/spark/.ivy2/jars/org.lz4_lz4-java-1.8.0.jar with timestamp 1719472890725
[2024-06-27T07:21:31.986+0000] {docker.py:436} INFO - 24/06/27 07:21:31 INFO Utils: Copying /opt/bitnami/spark/.ivy2/jars/org.lz4_lz4-java-1.8.0.jar to /tmp/spark-077e2925-a492-4e34-aa11-eab46a81f1bd/userFiles-223d5728-8c97-42bd-90fd-0ffaa7f18e22/org.lz4_lz4-java-1.8.0.jar
[2024-06-27T07:21:31.993+0000] {docker.py:436} INFO - 24/06/27 07:21:31 INFO SparkContext: Added file file:///opt/bitnami/spark/.ivy2/jars/org.xerial.snappy_snappy-java-1.1.8.4.jar at file:///opt/bitnami/spark/.ivy2/jars/org.xerial.snappy_snappy-java-1.1.8.4.jar with timestamp 1719472890725
[2024-06-27T07:21:31.993+0000] {docker.py:436} INFO - 24/06/27 07:21:31 INFO Utils: Copying /opt/bitnami/spark/.ivy2/jars/org.xerial.snappy_snappy-java-1.1.8.4.jar to /tmp/spark-077e2925-a492-4e34-aa11-eab46a81f1bd/userFiles-223d5728-8c97-42bd-90fd-0ffaa7f18e22/org.xerial.snappy_snappy-java-1.1.8.4.jar
[2024-06-27T07:21:32.000+0000] {docker.py:436} INFO - 24/06/27 07:21:31 INFO SparkContext: Added file file:///opt/bitnami/spark/.ivy2/jars/org.slf4j_slf4j-api-1.7.32.jar at file:///opt/bitnami/spark/.ivy2/jars/org.slf4j_slf4j-api-1.7.32.jar with timestamp 1719472890725
[2024-06-27T07:21:32.001+0000] {docker.py:436} INFO - 24/06/27 07:21:32 INFO Utils: Copying /opt/bitnami/spark/.ivy2/jars/org.slf4j_slf4j-api-1.7.32.jar to /tmp/spark-077e2925-a492-4e34-aa11-eab46a81f1bd/userFiles-223d5728-8c97-42bd-90fd-0ffaa7f18e22/org.slf4j_slf4j-api-1.7.32.jar
[2024-06-27T07:21:32.007+0000] {docker.py:436} INFO - 24/06/27 07:21:32 INFO SparkContext: Added file file:///opt/bitnami/spark/.ivy2/jars/org.apache.hadoop_hadoop-client-api-3.3.2.jar at file:///opt/bitnami/spark/.ivy2/jars/org.apache.hadoop_hadoop-client-api-3.3.2.jar with timestamp 1719472890725
[2024-06-27T07:21:32.009+0000] {docker.py:436} INFO - 24/06/27 07:21:32 INFO Utils: Copying /opt/bitnami/spark/.ivy2/jars/org.apache.hadoop_hadoop-client-api-3.3.2.jar to /tmp/spark-077e2925-a492-4e34-aa11-eab46a81f1bd/userFiles-223d5728-8c97-42bd-90fd-0ffaa7f18e22/org.apache.hadoop_hadoop-client-api-3.3.2.jar
[2024-06-27T07:21:32.035+0000] {docker.py:436} INFO - 24/06/27 07:21:32 INFO SparkContext: Added file file:///opt/bitnami/spark/.ivy2/jars/commons-logging_commons-logging-1.1.3.jar at file:///opt/bitnami/spark/.ivy2/jars/commons-logging_commons-logging-1.1.3.jar with timestamp 1719472890725
[2024-06-27T07:21:32.036+0000] {docker.py:436} INFO - 24/06/27 07:21:32 INFO Utils: Copying /opt/bitnami/spark/.ivy2/jars/commons-logging_commons-logging-1.1.3.jar to /tmp/spark-077e2925-a492-4e34-aa11-eab46a81f1bd/userFiles-223d5728-8c97-42bd-90fd-0ffaa7f18e22/commons-logging_commons-logging-1.1.3.jar
[2024-06-27T07:21:32.175+0000] {docker.py:436} INFO - 24/06/27 07:21:32 INFO Executor: Starting executor ID driver on host localhost
[2024-06-27T07:21:32.177+0000] {docker.py:436} INFO - 24/06/27 07:21:32 INFO Executor: OS info Linux, 6.5.0-41-generic, amd64
[2024-06-27T07:21:32.179+0000] {docker.py:436} INFO - 24/06/27 07:21:32 INFO Executor: Java version 17.0.11
[2024-06-27T07:21:32.226+0000] {docker.py:436} INFO - 24/06/27 07:21:32 INFO Executor: Starting executor with user classpath (userClassPathFirst = false): ''
24/06/27 07:21:32 INFO Executor: Created or updated repl class loader org.apache.spark.util.MutableURLClassLoader@5dfc6c9 for default.
[2024-06-27T07:21:32.247+0000] {docker.py:436} INFO - 24/06/27 07:21:32 INFO Executor: Fetching file:///opt/bitnami/spark/.ivy2/jars/org.postgresql_postgresql-42.2.2.jar with timestamp 1719472890725
[2024-06-27T07:21:32.281+0000] {docker.py:436} INFO - 24/06/27 07:21:32 INFO Utils: /opt/bitnami/spark/.ivy2/jars/org.postgresql_postgresql-42.2.2.jar has been previously copied to /tmp/spark-077e2925-a492-4e34-aa11-eab46a81f1bd/userFiles-223d5728-8c97-42bd-90fd-0ffaa7f18e22/org.postgresql_postgresql-42.2.2.jar
[2024-06-27T07:21:32.300+0000] {docker.py:436} INFO - 24/06/27 07:21:32 INFO Executor: Fetching file:///opt/bitnami/spark/.ivy2/jars/org.apache.hadoop_hadoop-client-api-3.3.2.jar with timestamp 1719472890725
[2024-06-27T07:21:32.326+0000] {docker.py:436} INFO - 24/06/27 07:21:32 INFO Utils: /opt/bitnami/spark/.ivy2/jars/org.apache.hadoop_hadoop-client-api-3.3.2.jar has been previously copied to /tmp/spark-077e2925-a492-4e34-aa11-eab46a81f1bd/userFiles-223d5728-8c97-42bd-90fd-0ffaa7f18e22/org.apache.hadoop_hadoop-client-api-3.3.2.jar
[2024-06-27T07:21:32.330+0000] {docker.py:436} INFO - 24/06/27 07:21:32 INFO Executor: Fetching file:///opt/bitnami/spark/.ivy2/jars/org.xerial.snappy_snappy-java-1.1.8.4.jar with timestamp 1719472890725
[2024-06-27T07:21:32.333+0000] {docker.py:436} INFO - 24/06/27 07:21:32 INFO Utils: /opt/bitnami/spark/.ivy2/jars/org.xerial.snappy_snappy-java-1.1.8.4.jar has been previously copied to /tmp/spark-077e2925-a492-4e34-aa11-eab46a81f1bd/userFiles-223d5728-8c97-42bd-90fd-0ffaa7f18e22/org.xerial.snappy_snappy-java-1.1.8.4.jar
[2024-06-27T07:21:32.342+0000] {docker.py:436} INFO - 24/06/27 07:21:32 INFO Executor: Fetching file:///opt/bitnami/spark/.ivy2/jars/org.apache.hadoop_hadoop-client-runtime-3.3.2.jar with timestamp 1719472890725
[2024-06-27T07:21:32.385+0000] {docker.py:436} INFO - 24/06/27 07:21:32 INFO Utils: /opt/bitnami/spark/.ivy2/jars/org.apache.hadoop_hadoop-client-runtime-3.3.2.jar has been previously copied to /tmp/spark-077e2925-a492-4e34-aa11-eab46a81f1bd/userFiles-223d5728-8c97-42bd-90fd-0ffaa7f18e22/org.apache.hadoop_hadoop-client-runtime-3.3.2.jar
[2024-06-27T07:21:32.389+0000] {docker.py:436} INFO - 24/06/27 07:21:32 INFO Executor: Fetching file:///opt/bitnami/spark/.ivy2/jars/org.apache.commons_commons-pool2-2.11.1.jar with timestamp 1719472890725
[2024-06-27T07:21:32.390+0000] {docker.py:436} INFO - 24/06/27 07:21:32 INFO Utils: /opt/bitnami/spark/.ivy2/jars/org.apache.commons_commons-pool2-2.11.1.jar has been previously copied to /tmp/spark-077e2925-a492-4e34-aa11-eab46a81f1bd/userFiles-223d5728-8c97-42bd-90fd-0ffaa7f18e22/org.apache.commons_commons-pool2-2.11.1.jar
[2024-06-27T07:21:32.395+0000] {docker.py:436} INFO - 24/06/27 07:21:32 INFO Executor: Fetching file:///opt/bitnami/spark/.ivy2/jars/org.apache.spark_spark-token-provider-kafka-0-10_2.12-3.3.0.jar with timestamp 1719472890725
[2024-06-27T07:21:32.396+0000] {docker.py:436} INFO - 24/06/27 07:21:32 INFO Utils: /opt/bitnami/spark/.ivy2/jars/org.apache.spark_spark-token-provider-kafka-0-10_2.12-3.3.0.jar has been previously copied to /tmp/spark-077e2925-a492-4e34-aa11-eab46a81f1bd/userFiles-223d5728-8c97-42bd-90fd-0ffaa7f18e22/org.apache.spark_spark-token-provider-kafka-0-10_2.12-3.3.0.jar
[2024-06-27T07:21:32.399+0000] {docker.py:436} INFO - 24/06/27 07:21:32 INFO Executor: Fetching file:///opt/bitnami/spark/.ivy2/jars/org.slf4j_slf4j-api-1.7.32.jar with timestamp 1719472890725
[2024-06-27T07:21:32.400+0000] {docker.py:436} INFO - 24/06/27 07:21:32 INFO Utils: /opt/bitnami/spark/.ivy2/jars/org.slf4j_slf4j-api-1.7.32.jar has been previously copied to /tmp/spark-077e2925-a492-4e34-aa11-eab46a81f1bd/userFiles-223d5728-8c97-42bd-90fd-0ffaa7f18e22/org.slf4j_slf4j-api-1.7.32.jar
[2024-06-27T07:21:32.408+0000] {docker.py:436} INFO - 24/06/27 07:21:32 INFO Executor: Fetching file:///opt/bitnami/spark/.ivy2/jars/org.apache.spark_spark-sql-kafka-0-10_2.12-3.3.0.jar with timestamp 1719472890725
[2024-06-27T07:21:32.409+0000] {docker.py:436} INFO - 24/06/27 07:21:32 INFO Utils: /opt/bitnami/spark/.ivy2/jars/org.apache.spark_spark-sql-kafka-0-10_2.12-3.3.0.jar has been previously copied to /tmp/spark-077e2925-a492-4e34-aa11-eab46a81f1bd/userFiles-223d5728-8c97-42bd-90fd-0ffaa7f18e22/org.apache.spark_spark-sql-kafka-0-10_2.12-3.3.0.jar
[2024-06-27T07:21:32.413+0000] {docker.py:436} INFO - 24/06/27 07:21:32 INFO Executor: Fetching file:///opt/bitnami/spark/.ivy2/jars/com.google.code.findbugs_jsr305-3.0.0.jar with timestamp 1719472890725
[2024-06-27T07:21:32.413+0000] {docker.py:436} INFO - 24/06/27 07:21:32 INFO Utils: /opt/bitnami/spark/.ivy2/jars/com.google.code.findbugs_jsr305-3.0.0.jar has been previously copied to /tmp/spark-077e2925-a492-4e34-aa11-eab46a81f1bd/userFiles-223d5728-8c97-42bd-90fd-0ffaa7f18e22/com.google.code.findbugs_jsr305-3.0.0.jar
[2024-06-27T07:21:32.418+0000] {docker.py:436} INFO - 24/06/27 07:21:32 INFO Executor: Fetching file:///opt/bitnami/spark/.ivy2/jars/org.lz4_lz4-java-1.8.0.jar with timestamp 1719472890725
[2024-06-27T07:21:32.420+0000] {docker.py:436} INFO - 24/06/27 07:21:32 INFO Utils: /opt/bitnami/spark/.ivy2/jars/org.lz4_lz4-java-1.8.0.jar has been previously copied to /tmp/spark-077e2925-a492-4e34-aa11-eab46a81f1bd/userFiles-223d5728-8c97-42bd-90fd-0ffaa7f18e22/org.lz4_lz4-java-1.8.0.jar
[2024-06-27T07:21:32.425+0000] {docker.py:436} INFO - 24/06/27 07:21:32 INFO Executor: Fetching file:///opt/bitnami/spark/.ivy2/jars/commons-logging_commons-logging-1.1.3.jar with timestamp 1719472890725
[2024-06-27T07:21:32.426+0000] {docker.py:436} INFO - 24/06/27 07:21:32 INFO Utils: /opt/bitnami/spark/.ivy2/jars/commons-logging_commons-logging-1.1.3.jar has been previously copied to /tmp/spark-077e2925-a492-4e34-aa11-eab46a81f1bd/userFiles-223d5728-8c97-42bd-90fd-0ffaa7f18e22/commons-logging_commons-logging-1.1.3.jar
[2024-06-27T07:21:32.431+0000] {docker.py:436} INFO - 24/06/27 07:21:32 INFO Executor: Fetching file:///opt/bitnami/spark/.ivy2/jars/org.spark-project.spark_unused-1.0.0.jar with timestamp 1719472890725
[2024-06-27T07:21:32.432+0000] {docker.py:436} INFO - 24/06/27 07:21:32 INFO Utils: /opt/bitnami/spark/.ivy2/jars/org.spark-project.spark_unused-1.0.0.jar has been previously copied to /tmp/spark-077e2925-a492-4e34-aa11-eab46a81f1bd/userFiles-223d5728-8c97-42bd-90fd-0ffaa7f18e22/org.spark-project.spark_unused-1.0.0.jar
[2024-06-27T07:21:32.436+0000] {docker.py:436} INFO - 24/06/27 07:21:32 INFO Executor: Fetching file:///opt/bitnami/spark/.ivy2/jars/org.apache.kafka_kafka-clients-2.8.1.jar with timestamp 1719472890725
[2024-06-27T07:21:32.445+0000] {docker.py:436} INFO - 24/06/27 07:21:32 INFO Utils: /opt/bitnami/spark/.ivy2/jars/org.apache.kafka_kafka-clients-2.8.1.jar has been previously copied to /tmp/spark-077e2925-a492-4e34-aa11-eab46a81f1bd/userFiles-223d5728-8c97-42bd-90fd-0ffaa7f18e22/org.apache.kafka_kafka-clients-2.8.1.jar
[2024-06-27T07:21:32.454+0000] {docker.py:436} INFO - 24/06/27 07:21:32 INFO Executor: Fetching spark://localhost:42735/jars/commons-logging_commons-logging-1.1.3.jar with timestamp 1719472890725
[2024-06-27T07:21:32.524+0000] {docker.py:436} INFO - 24/06/27 07:21:32 INFO TransportClientFactory: Successfully created connection to localhost/127.0.0.1:42735 after 44 ms (0 ms spent in bootstraps)
[2024-06-27T07:21:32.535+0000] {docker.py:436} INFO - 24/06/27 07:21:32 INFO Utils: Fetching spark://localhost:42735/jars/commons-logging_commons-logging-1.1.3.jar to /tmp/spark-077e2925-a492-4e34-aa11-eab46a81f1bd/userFiles-223d5728-8c97-42bd-90fd-0ffaa7f18e22/fetchFileTemp14374225400739802912.tmp
[2024-06-27T07:21:32.565+0000] {docker.py:436} INFO - 24/06/27 07:21:32 INFO Utils: /tmp/spark-077e2925-a492-4e34-aa11-eab46a81f1bd/userFiles-223d5728-8c97-42bd-90fd-0ffaa7f18e22/fetchFileTemp14374225400739802912.tmp has been previously copied to /tmp/spark-077e2925-a492-4e34-aa11-eab46a81f1bd/userFiles-223d5728-8c97-42bd-90fd-0ffaa7f18e22/commons-logging_commons-logging-1.1.3.jar
[2024-06-27T07:21:32.571+0000] {docker.py:436} INFO - 24/06/27 07:21:32 INFO Executor: Adding file:/tmp/spark-077e2925-a492-4e34-aa11-eab46a81f1bd/userFiles-223d5728-8c97-42bd-90fd-0ffaa7f18e22/commons-logging_commons-logging-1.1.3.jar to class loader default
[2024-06-27T07:21:32.572+0000] {docker.py:436} INFO - 24/06/27 07:21:32 INFO Executor: Fetching spark://localhost:42735/jars/org.slf4j_slf4j-api-1.7.32.jar with timestamp 1719472890725
[2024-06-27T07:21:32.573+0000] {docker.py:436} INFO - 24/06/27 07:21:32 INFO Utils: Fetching spark://localhost:42735/jars/org.slf4j_slf4j-api-1.7.32.jar to /tmp/spark-077e2925-a492-4e34-aa11-eab46a81f1bd/userFiles-223d5728-8c97-42bd-90fd-0ffaa7f18e22/fetchFileTemp14324138284631442862.tmp
[2024-06-27T07:21:32.576+0000] {docker.py:436} INFO - 24/06/27 07:21:32 INFO Utils: /tmp/spark-077e2925-a492-4e34-aa11-eab46a81f1bd/userFiles-223d5728-8c97-42bd-90fd-0ffaa7f18e22/fetchFileTemp14324138284631442862.tmp has been previously copied to /tmp/spark-077e2925-a492-4e34-aa11-eab46a81f1bd/userFiles-223d5728-8c97-42bd-90fd-0ffaa7f18e22/org.slf4j_slf4j-api-1.7.32.jar
[2024-06-27T07:21:32.581+0000] {docker.py:436} INFO - 24/06/27 07:21:32 INFO Executor: Adding file:/tmp/spark-077e2925-a492-4e34-aa11-eab46a81f1bd/userFiles-223d5728-8c97-42bd-90fd-0ffaa7f18e22/org.slf4j_slf4j-api-1.7.32.jar to class loader default
[2024-06-27T07:21:32.582+0000] {docker.py:436} INFO - 24/06/27 07:21:32 INFO Executor: Fetching spark://localhost:42735/jars/org.xerial.snappy_snappy-java-1.1.8.4.jar with timestamp 1719472890725
[2024-06-27T07:21:32.583+0000] {docker.py:436} INFO - 24/06/27 07:21:32 INFO Utils: Fetching spark://localhost:42735/jars/org.xerial.snappy_snappy-java-1.1.8.4.jar to /tmp/spark-077e2925-a492-4e34-aa11-eab46a81f1bd/userFiles-223d5728-8c97-42bd-90fd-0ffaa7f18e22/fetchFileTemp17875474354154848556.tmp
[2024-06-27T07:21:32.598+0000] {docker.py:436} INFO - 24/06/27 07:21:32 INFO Utils: /tmp/spark-077e2925-a492-4e34-aa11-eab46a81f1bd/userFiles-223d5728-8c97-42bd-90fd-0ffaa7f18e22/fetchFileTemp17875474354154848556.tmp has been previously copied to /tmp/spark-077e2925-a492-4e34-aa11-eab46a81f1bd/userFiles-223d5728-8c97-42bd-90fd-0ffaa7f18e22/org.xerial.snappy_snappy-java-1.1.8.4.jar
[2024-06-27T07:21:32.605+0000] {docker.py:436} INFO - 24/06/27 07:21:32 INFO Executor: Adding file:/tmp/spark-077e2925-a492-4e34-aa11-eab46a81f1bd/userFiles-223d5728-8c97-42bd-90fd-0ffaa7f18e22/org.xerial.snappy_snappy-java-1.1.8.4.jar to class loader default
[2024-06-27T07:21:32.606+0000] {docker.py:436} INFO - 24/06/27 07:21:32 INFO Executor: Fetching spark://localhost:42735/jars/org.postgresql_postgresql-42.2.2.jar with timestamp 1719472890725
[2024-06-27T07:21:32.606+0000] {docker.py:436} INFO - 24/06/27 07:21:32 INFO Utils: Fetching spark://localhost:42735/jars/org.postgresql_postgresql-42.2.2.jar to /tmp/spark-077e2925-a492-4e34-aa11-eab46a81f1bd/userFiles-223d5728-8c97-42bd-90fd-0ffaa7f18e22/fetchFileTemp8196291497610613616.tmp
[2024-06-27T07:21:32.614+0000] {docker.py:436} INFO - 24/06/27 07:21:32 INFO Utils: /tmp/spark-077e2925-a492-4e34-aa11-eab46a81f1bd/userFiles-223d5728-8c97-42bd-90fd-0ffaa7f18e22/fetchFileTemp8196291497610613616.tmp has been previously copied to /tmp/spark-077e2925-a492-4e34-aa11-eab46a81f1bd/userFiles-223d5728-8c97-42bd-90fd-0ffaa7f18e22/org.postgresql_postgresql-42.2.2.jar
[2024-06-27T07:21:32.618+0000] {docker.py:436} INFO - 24/06/27 07:21:32 INFO Executor: Adding file:/tmp/spark-077e2925-a492-4e34-aa11-eab46a81f1bd/userFiles-223d5728-8c97-42bd-90fd-0ffaa7f18e22/org.postgresql_postgresql-42.2.2.jar to class loader default
[2024-06-27T07:21:32.619+0000] {docker.py:436} INFO - 24/06/27 07:21:32 INFO Executor: Fetching spark://localhost:42735/jars/org.apache.commons_commons-pool2-2.11.1.jar with timestamp 1719472890725
[2024-06-27T07:21:32.619+0000] {docker.py:436} INFO - 24/06/27 07:21:32 INFO Utils: Fetching spark://localhost:42735/jars/org.apache.commons_commons-pool2-2.11.1.jar to /tmp/spark-077e2925-a492-4e34-aa11-eab46a81f1bd/userFiles-223d5728-8c97-42bd-90fd-0ffaa7f18e22/fetchFileTemp1135512122176844793.tmp
[2024-06-27T07:21:32.623+0000] {docker.py:436} INFO - 24/06/27 07:21:32 INFO Utils: /tmp/spark-077e2925-a492-4e34-aa11-eab46a81f1bd/userFiles-223d5728-8c97-42bd-90fd-0ffaa7f18e22/fetchFileTemp1135512122176844793.tmp has been previously copied to /tmp/spark-077e2925-a492-4e34-aa11-eab46a81f1bd/userFiles-223d5728-8c97-42bd-90fd-0ffaa7f18e22/org.apache.commons_commons-pool2-2.11.1.jar
[2024-06-27T07:21:32.627+0000] {docker.py:436} INFO - 24/06/27 07:21:32 INFO Executor: Adding file:/tmp/spark-077e2925-a492-4e34-aa11-eab46a81f1bd/userFiles-223d5728-8c97-42bd-90fd-0ffaa7f18e22/org.apache.commons_commons-pool2-2.11.1.jar to class loader default
[2024-06-27T07:21:32.628+0000] {docker.py:436} INFO - 24/06/27 07:21:32 INFO Executor: Fetching spark://localhost:42735/jars/org.apache.hadoop_hadoop-client-api-3.3.2.jar with timestamp 1719472890725
[2024-06-27T07:21:32.628+0000] {docker.py:436} INFO - 24/06/27 07:21:32 INFO Utils: Fetching spark://localhost:42735/jars/org.apache.hadoop_hadoop-client-api-3.3.2.jar to /tmp/spark-077e2925-a492-4e34-aa11-eab46a81f1bd/userFiles-223d5728-8c97-42bd-90fd-0ffaa7f18e22/fetchFileTemp18040692201848091768.tmp
[2024-06-27T07:21:32.757+0000] {docker.py:436} INFO - 24/06/27 07:21:32 INFO Utils: /tmp/spark-077e2925-a492-4e34-aa11-eab46a81f1bd/userFiles-223d5728-8c97-42bd-90fd-0ffaa7f18e22/fetchFileTemp18040692201848091768.tmp has been previously copied to /tmp/spark-077e2925-a492-4e34-aa11-eab46a81f1bd/userFiles-223d5728-8c97-42bd-90fd-0ffaa7f18e22/org.apache.hadoop_hadoop-client-api-3.3.2.jar
[2024-06-27T07:21:32.764+0000] {docker.py:436} INFO - 24/06/27 07:21:32 INFO Executor: Adding file:/tmp/spark-077e2925-a492-4e34-aa11-eab46a81f1bd/userFiles-223d5728-8c97-42bd-90fd-0ffaa7f18e22/org.apache.hadoop_hadoop-client-api-3.3.2.jar to class loader default
[2024-06-27T07:21:32.764+0000] {docker.py:436} INFO - 24/06/27 07:21:32 INFO Executor: Fetching spark://localhost:42735/jars/org.apache.spark_spark-token-provider-kafka-0-10_2.12-3.3.0.jar with timestamp 1719472890725
[2024-06-27T07:21:32.765+0000] {docker.py:436} INFO - 24/06/27 07:21:32 INFO Utils: Fetching spark://localhost:42735/jars/org.apache.spark_spark-token-provider-kafka-0-10_2.12-3.3.0.jar to /tmp/spark-077e2925-a492-4e34-aa11-eab46a81f1bd/userFiles-223d5728-8c97-42bd-90fd-0ffaa7f18e22/fetchFileTemp12146920672215504122.tmp
[2024-06-27T07:21:32.768+0000] {docker.py:436} INFO - 24/06/27 07:21:32 INFO Utils: /tmp/spark-077e2925-a492-4e34-aa11-eab46a81f1bd/userFiles-223d5728-8c97-42bd-90fd-0ffaa7f18e22/fetchFileTemp12146920672215504122.tmp has been previously copied to /tmp/spark-077e2925-a492-4e34-aa11-eab46a81f1bd/userFiles-223d5728-8c97-42bd-90fd-0ffaa7f18e22/org.apache.spark_spark-token-provider-kafka-0-10_2.12-3.3.0.jar
[2024-06-27T07:21:32.772+0000] {docker.py:436} INFO - 24/06/27 07:21:32 INFO Executor: Adding file:/tmp/spark-077e2925-a492-4e34-aa11-eab46a81f1bd/userFiles-223d5728-8c97-42bd-90fd-0ffaa7f18e22/org.apache.spark_spark-token-provider-kafka-0-10_2.12-3.3.0.jar to class loader default
[2024-06-27T07:21:32.773+0000] {docker.py:436} INFO - 24/06/27 07:21:32 INFO Executor: Fetching spark://localhost:42735/jars/org.spark-project.spark_unused-1.0.0.jar with timestamp 1719472890725
[2024-06-27T07:21:32.775+0000] {docker.py:436} INFO - 24/06/27 07:21:32 INFO Utils: Fetching spark://localhost:42735/jars/org.spark-project.spark_unused-1.0.0.jar to /tmp/spark-077e2925-a492-4e34-aa11-eab46a81f1bd/userFiles-223d5728-8c97-42bd-90fd-0ffaa7f18e22/fetchFileTemp7440243900310061159.tmp
[2024-06-27T07:21:32.775+0000] {docker.py:436} INFO - 24/06/27 07:21:32 INFO Utils: /tmp/spark-077e2925-a492-4e34-aa11-eab46a81f1bd/userFiles-223d5728-8c97-42bd-90fd-0ffaa7f18e22/fetchFileTemp7440243900310061159.tmp has been previously copied to /tmp/spark-077e2925-a492-4e34-aa11-eab46a81f1bd/userFiles-223d5728-8c97-42bd-90fd-0ffaa7f18e22/org.spark-project.spark_unused-1.0.0.jar
[2024-06-27T07:21:32.780+0000] {docker.py:436} INFO - 24/06/27 07:21:32 INFO Executor: Adding file:/tmp/spark-077e2925-a492-4e34-aa11-eab46a81f1bd/userFiles-223d5728-8c97-42bd-90fd-0ffaa7f18e22/org.spark-project.spark_unused-1.0.0.jar to class loader default
[2024-06-27T07:21:32.781+0000] {docker.py:436} INFO - 24/06/27 07:21:32 INFO Executor: Fetching spark://localhost:42735/jars/org.apache.kafka_kafka-clients-2.8.1.jar with timestamp 1719472890725
[2024-06-27T07:21:32.782+0000] {docker.py:436} INFO - 24/06/27 07:21:32 INFO Utils: Fetching spark://localhost:42735/jars/org.apache.kafka_kafka-clients-2.8.1.jar to /tmp/spark-077e2925-a492-4e34-aa11-eab46a81f1bd/userFiles-223d5728-8c97-42bd-90fd-0ffaa7f18e22/fetchFileTemp7164629594367313692.tmp
[2024-06-27T07:21:32.803+0000] {docker.py:436} INFO - 24/06/27 07:21:32 INFO Utils: /tmp/spark-077e2925-a492-4e34-aa11-eab46a81f1bd/userFiles-223d5728-8c97-42bd-90fd-0ffaa7f18e22/fetchFileTemp7164629594367313692.tmp has been previously copied to /tmp/spark-077e2925-a492-4e34-aa11-eab46a81f1bd/userFiles-223d5728-8c97-42bd-90fd-0ffaa7f18e22/org.apache.kafka_kafka-clients-2.8.1.jar
[2024-06-27T07:21:32.810+0000] {docker.py:436} INFO - 24/06/27 07:21:32 INFO Executor: Adding file:/tmp/spark-077e2925-a492-4e34-aa11-eab46a81f1bd/userFiles-223d5728-8c97-42bd-90fd-0ffaa7f18e22/org.apache.kafka_kafka-clients-2.8.1.jar to class loader default
[2024-06-27T07:21:32.811+0000] {docker.py:436} INFO - 24/06/27 07:21:32 INFO Executor: Fetching spark://localhost:42735/jars/org.lz4_lz4-java-1.8.0.jar with timestamp 1719472890725
[2024-06-27T07:21:32.815+0000] {docker.py:436} INFO - 24/06/27 07:21:32 INFO Utils: Fetching spark://localhost:42735/jars/org.lz4_lz4-java-1.8.0.jar to /tmp/spark-077e2925-a492-4e34-aa11-eab46a81f1bd/userFiles-223d5728-8c97-42bd-90fd-0ffaa7f18e22/fetchFileTemp17638647521594590533.tmp
[2024-06-27T07:21:32.820+0000] {docker.py:436} INFO - 24/06/27 07:21:32 INFO Utils: /tmp/spark-077e2925-a492-4e34-aa11-eab46a81f1bd/userFiles-223d5728-8c97-42bd-90fd-0ffaa7f18e22/fetchFileTemp17638647521594590533.tmp has been previously copied to /tmp/spark-077e2925-a492-4e34-aa11-eab46a81f1bd/userFiles-223d5728-8c97-42bd-90fd-0ffaa7f18e22/org.lz4_lz4-java-1.8.0.jar
[2024-06-27T07:21:32.828+0000] {docker.py:436} INFO - 24/06/27 07:21:32 INFO Executor: Adding file:/tmp/spark-077e2925-a492-4e34-aa11-eab46a81f1bd/userFiles-223d5728-8c97-42bd-90fd-0ffaa7f18e22/org.lz4_lz4-java-1.8.0.jar to class loader default
[2024-06-27T07:21:32.829+0000] {docker.py:436} INFO - 24/06/27 07:21:32 INFO Executor: Fetching spark://localhost:42735/jars/org.apache.spark_spark-sql-kafka-0-10_2.12-3.3.0.jar with timestamp 1719472890725
[2024-06-27T07:21:32.831+0000] {docker.py:436} INFO - 24/06/27 07:21:32 INFO Utils: Fetching spark://localhost:42735/jars/org.apache.spark_spark-sql-kafka-0-10_2.12-3.3.0.jar to /tmp/spark-077e2925-a492-4e34-aa11-eab46a81f1bd/userFiles-223d5728-8c97-42bd-90fd-0ffaa7f18e22/fetchFileTemp17068535543875111141.tmp
[2024-06-27T07:21:32.834+0000] {docker.py:436} INFO - 24/06/27 07:21:32 INFO Utils: /tmp/spark-077e2925-a492-4e34-aa11-eab46a81f1bd/userFiles-223d5728-8c97-42bd-90fd-0ffaa7f18e22/fetchFileTemp17068535543875111141.tmp has been previously copied to /tmp/spark-077e2925-a492-4e34-aa11-eab46a81f1bd/userFiles-223d5728-8c97-42bd-90fd-0ffaa7f18e22/org.apache.spark_spark-sql-kafka-0-10_2.12-3.3.0.jar
[2024-06-27T07:21:32.841+0000] {docker.py:436} INFO - 24/06/27 07:21:32 INFO Executor: Adding file:/tmp/spark-077e2925-a492-4e34-aa11-eab46a81f1bd/userFiles-223d5728-8c97-42bd-90fd-0ffaa7f18e22/org.apache.spark_spark-sql-kafka-0-10_2.12-3.3.0.jar to class loader default
[2024-06-27T07:21:32.842+0000] {docker.py:436} INFO - 24/06/27 07:21:32 INFO Executor: Fetching spark://localhost:42735/jars/com.google.code.findbugs_jsr305-3.0.0.jar with timestamp 1719472890725
[2024-06-27T07:21:32.843+0000] {docker.py:436} INFO - 24/06/27 07:21:32 INFO Utils: Fetching spark://localhost:42735/jars/com.google.code.findbugs_jsr305-3.0.0.jar to /tmp/spark-077e2925-a492-4e34-aa11-eab46a81f1bd/userFiles-223d5728-8c97-42bd-90fd-0ffaa7f18e22/fetchFileTemp3704278863466711238.tmp
[2024-06-27T07:21:32.845+0000] {docker.py:436} INFO - 24/06/27 07:21:32 INFO Utils: /tmp/spark-077e2925-a492-4e34-aa11-eab46a81f1bd/userFiles-223d5728-8c97-42bd-90fd-0ffaa7f18e22/fetchFileTemp3704278863466711238.tmp has been previously copied to /tmp/spark-077e2925-a492-4e34-aa11-eab46a81f1bd/userFiles-223d5728-8c97-42bd-90fd-0ffaa7f18e22/com.google.code.findbugs_jsr305-3.0.0.jar
[2024-06-27T07:21:32.850+0000] {docker.py:436} INFO - 24/06/27 07:21:32 INFO Executor: Adding file:/tmp/spark-077e2925-a492-4e34-aa11-eab46a81f1bd/userFiles-223d5728-8c97-42bd-90fd-0ffaa7f18e22/com.google.code.findbugs_jsr305-3.0.0.jar to class loader default
[2024-06-27T07:21:32.851+0000] {docker.py:436} INFO - 24/06/27 07:21:32 INFO Executor: Fetching spark://localhost:42735/jars/org.apache.hadoop_hadoop-client-runtime-3.3.2.jar with timestamp 1719472890725
[2024-06-27T07:21:32.853+0000] {docker.py:436} INFO - 24/06/27 07:21:32 INFO Utils: Fetching spark://localhost:42735/jars/org.apache.hadoop_hadoop-client-runtime-3.3.2.jar to /tmp/spark-077e2925-a492-4e34-aa11-eab46a81f1bd/userFiles-223d5728-8c97-42bd-90fd-0ffaa7f18e22/fetchFileTemp16486617800958324691.tmp
[2024-06-27T07:21:33.084+0000] {docker.py:436} INFO - 24/06/27 07:21:33 INFO Utils: /tmp/spark-077e2925-a492-4e34-aa11-eab46a81f1bd/userFiles-223d5728-8c97-42bd-90fd-0ffaa7f18e22/fetchFileTemp16486617800958324691.tmp has been previously copied to /tmp/spark-077e2925-a492-4e34-aa11-eab46a81f1bd/userFiles-223d5728-8c97-42bd-90fd-0ffaa7f18e22/org.apache.hadoop_hadoop-client-runtime-3.3.2.jar
[2024-06-27T07:21:33.092+0000] {docker.py:436} INFO - 24/06/27 07:21:33 INFO Executor: Adding file:/tmp/spark-077e2925-a492-4e34-aa11-eab46a81f1bd/userFiles-223d5728-8c97-42bd-90fd-0ffaa7f18e22/org.apache.hadoop_hadoop-client-runtime-3.3.2.jar to class loader default
[2024-06-27T07:21:33.103+0000] {docker.py:436} INFO - 24/06/27 07:21:33 INFO Utils: Successfully started service 'org.apache.spark.network.netty.NettyBlockTransferService' on port 45061.
[2024-06-27T07:21:33.104+0000] {docker.py:436} INFO - 24/06/27 07:21:33 INFO NettyBlockTransferService: Server created on localhost:45061
[2024-06-27T07:21:33.107+0000] {docker.py:436} INFO - 24/06/27 07:21:33 INFO BlockManager: Using org.apache.spark.storage.RandomBlockReplicationPolicy for block replication policy
[2024-06-27T07:21:33.115+0000] {docker.py:436} INFO - 24/06/27 07:21:33 INFO BlockManagerMaster: Registering BlockManager BlockManagerId(driver, localhost, 45061, None)
[2024-06-27T07:21:33.120+0000] {docker.py:436} INFO - 24/06/27 07:21:33 INFO BlockManagerMasterEndpoint: Registering block manager localhost:45061 with 434.4 MiB RAM, BlockManagerId(driver, localhost, 45061, None)
[2024-06-27T07:21:33.125+0000] {docker.py:436} INFO - 24/06/27 07:21:33 INFO BlockManagerMaster: Registered BlockManager BlockManagerId(driver, localhost, 45061, None)
[2024-06-27T07:21:33.126+0000] {docker.py:436} INFO - 24/06/27 07:21:33 INFO BlockManager: Initialized BlockManager: BlockManagerId(driver, localhost, 45061, None)
[2024-06-27T07:21:33.762+0000] {docker.py:436} INFO - 2024-06-27 07:21:33,761:create_spark_session:INFO:Spark session created successfully
[2024-06-27T07:21:33.781+0000] {docker.py:436} INFO - 24/06/27 07:21:33 INFO SharedState: Setting hive.metastore.warehouse.dir ('null') to the value of spark.sql.warehouse.dir.
[2024-06-27T07:21:33.788+0000] {docker.py:436} INFO - 24/06/27 07:21:33 INFO SharedState: Warehouse path is 'file:/opt/bitnami/spark/spark-warehouse'.
[2024-06-27T07:21:35.973+0000] {docker.py:436} INFO - 2024-06-27 07:21:35,971:create_initial_dataframe:INFO:Initial dataframe created successfully:
[2024-06-27T07:21:37.080+0000] {docker.py:436} INFO - Traceback (most recent call last):
  File "/opt/bitnami/spark/scripts/spark_bronze_layer.py", line 163, in <module>
    write_to_postgres()
  File "/opt/bitnami/spark/scripts/spark_bronze_layer.py", line 154, in write_to_postgres
[2024-06-27T07:21:37.082+0000] {docker.py:436} INFO - .outputMode("append")
     ^^^^^^^^^^
AttributeError: 'DataFrameWriter' object has no attribute 'outputMode'
[2024-06-27T07:21:37.082+0000] {docker.py:436} INFO - 2024-06-27 07:21:37,081:close:INFO:Closing down clientserver connection
[2024-06-27T07:21:37.143+0000] {docker.py:436} INFO - 24/06/27 07:21:37 INFO SparkContext: Invoking stop() from shutdown hook
[2024-06-27T07:21:37.144+0000] {docker.py:436} INFO - 24/06/27 07:21:37 INFO SparkContext: SparkContext is stopping with exitCode 0.
[2024-06-27T07:21:37.161+0000] {docker.py:436} INFO - 24/06/27 07:21:37 INFO SparkUI: Stopped Spark web UI at http://localhost:4040
[2024-06-27T07:21:37.206+0000] {docker.py:436} INFO - 24/06/27 07:21:37 INFO MapOutputTrackerMasterEndpoint: MapOutputTrackerMasterEndpoint stopped!
[2024-06-27T07:21:37.229+0000] {docker.py:436} INFO - 24/06/27 07:21:37 INFO MemoryStore: MemoryStore cleared
[2024-06-27T07:21:37.229+0000] {docker.py:436} INFO - 24/06/27 07:21:37 INFO BlockManager: BlockManager stopped
[2024-06-27T07:21:37.242+0000] {docker.py:436} INFO - 24/06/27 07:21:37 INFO BlockManagerMaster: BlockManagerMaster stopped
[2024-06-27T07:21:37.246+0000] {docker.py:436} INFO - 24/06/27 07:21:37 INFO OutputCommitCoordinator$OutputCommitCoordinatorEndpoint: OutputCommitCoordinator stopped!
[2024-06-27T07:21:37.271+0000] {docker.py:436} INFO - 24/06/27 07:21:37 INFO SparkContext: Successfully stopped SparkContext
[2024-06-27T07:21:37.271+0000] {docker.py:436} INFO - 24/06/27 07:21:37 INFO ShutdownHookManager: Shutdown hook called
[2024-06-27T07:21:37.274+0000] {docker.py:436} INFO - 24/06/27 07:21:37 INFO ShutdownHookManager: Deleting directory /tmp/spark-077e2925-a492-4e34-aa11-eab46a81f1bd
[2024-06-27T07:21:37.278+0000] {docker.py:436} INFO - 24/06/27 07:21:37 INFO ShutdownHookManager: Deleting directory /tmp/spark-fe40c1b2-0a08-4ecf-91c1-a5655fc7dbe1
[2024-06-27T07:21:37.282+0000] {docker.py:436} INFO - 24/06/27 07:21:37 INFO ShutdownHookManager: Deleting directory /tmp/spark-077e2925-a492-4e34-aa11-eab46a81f1bd/pyspark-697ded0e-2f09-4c04-a37a-69da0dc64c8f
[2024-06-27T07:21:37.823+0000] {taskinstance.py:441} INFO - ::group::Post task execution logs
[2024-06-27T07:21:37.833+0000] {taskinstance.py:2905} ERROR - Task failed with exception
Traceback (most recent call last):
  File "/home/airflow/.local/lib/python3.12/site-packages/docker/api/client.py", line 265, in _raise_for_status
    response.raise_for_status()
  File "/home/airflow/.local/lib/python3.12/site-packages/requests/models.py", line 1021, in raise_for_status
    raise HTTPError(http_error_msg, response=self)
requests.exceptions.HTTPError: 400 Client Error: Bad Request for url: http://docker-proxy:2375/v1.45/containers/create

The above exception was the direct cause of the following exception:

Traceback (most recent call last):
  File "/home/airflow/.local/lib/python3.12/site-packages/airflow/providers/docker/operators/docker.py", line 371, in _run_image
    return self._run_image_with_mounts([*self.mounts, tmp_mount], add_tmp_variable=True)
           ^^^^^^^^^^^^^^^^^^^^^^^^^^^^^^^^^^^^^^^^^^^^^^^^^^^^^^^^^^^^^^^^^^^^^^^^^^^^^
  File "/home/airflow/.local/lib/python3.12/site-packages/airflow/providers/docker/operators/docker.py", line 398, in _run_image_with_mounts
    self.container = self.cli.create_container(
                     ^^^^^^^^^^^^^^^^^^^^^^^^^^
  File "/home/airflow/.local/lib/python3.12/site-packages/docker/api/container.py", line 439, in create_container
    return self.create_container_from_config(config, name, platform)
           ^^^^^^^^^^^^^^^^^^^^^^^^^^^^^^^^^^^^^^^^^^^^^^^^^^^^^^^^^
  File "/home/airflow/.local/lib/python3.12/site-packages/docker/api/container.py", line 456, in create_container_from_config
    return self._result(res, True)
           ^^^^^^^^^^^^^^^^^^^^^^^
  File "/home/airflow/.local/lib/python3.12/site-packages/docker/api/client.py", line 271, in _result
    self._raise_for_status(response)
  File "/home/airflow/.local/lib/python3.12/site-packages/docker/api/client.py", line 267, in _raise_for_status
    raise create_api_error_from_http_exception(e) from e
          ^^^^^^^^^^^^^^^^^^^^^^^^^^^^^^^^^^^^^^^
  File "/home/airflow/.local/lib/python3.12/site-packages/docker/errors.py", line 39, in create_api_error_from_http_exception
    raise cls(e, response=response, explanation=explanation) from e
docker.errors.APIError: 400 Client Error for http://docker-proxy:2375/v1.45/containers/create: Bad Request ("invalid mount config for type "bind": bind source path does not exist: /tmp/airflowtmpw27hpttf")

During handling of the above exception, another exception occurred:

Traceback (most recent call last):
  File "/home/airflow/.local/lib/python3.12/site-packages/airflow/models/taskinstance.py", line 465, in _execute_task
    result = _execute_callable(context=context, **execute_callable_kwargs)
             ^^^^^^^^^^^^^^^^^^^^^^^^^^^^^^^^^^^^^^^^^^^^^^^^^^^^^^^^^^^^^
  File "/home/airflow/.local/lib/python3.12/site-packages/airflow/models/taskinstance.py", line 432, in _execute_callable
    return execute_callable(context=context, **execute_callable_kwargs)
           ^^^^^^^^^^^^^^^^^^^^^^^^^^^^^^^^^^^^^^^^^^^^^^^^^^^^^^^^^^^^
  File "/home/airflow/.local/lib/python3.12/site-packages/airflow/models/baseoperator.py", line 400, in wrapper
    return func(self, *args, **kwargs)
           ^^^^^^^^^^^^^^^^^^^^^^^^^^^
  File "/home/airflow/.local/lib/python3.12/site-packages/airflow/providers/docker/operators/docker.py", line 509, in execute
    return self._run_image()
           ^^^^^^^^^^^^^^^^^
  File "/home/airflow/.local/lib/python3.12/site-packages/airflow/providers/docker/operators/docker.py", line 380, in _run_image
    return self._run_image_with_mounts(self.mounts, add_tmp_variable=False)
           ^^^^^^^^^^^^^^^^^^^^^^^^^^^^^^^^^^^^^^^^^^^^^^^^^^^^^^^^^^^^^^^^
  File "/home/airflow/.local/lib/python3.12/site-packages/airflow/providers/docker/operators/docker.py", line 444, in _run_image_with_mounts
    raise DockerContainerFailedException(f"Docker container failed: {result!r}", logs=log_lines)
airflow.providers.docker.exceptions.DockerContainerFailedException: Docker container failed: {'StatusCode': 1}
[2024-06-27T07:21:37.840+0000] {taskinstance.py:1206} INFO - Marking task as FAILED. dag_id=Stage_1, task_id=run_bronze_job, run_id=manual__2024-06-27T07:21:05.088042+00:00, execution_date=20240627T072105, start_date=20240627T072113, end_date=20240627T072137
[2024-06-27T07:21:37.855+0000] {standard_task_runner.py:110} ERROR - Failed to execute job 151 for task run_bronze_job (Docker container failed: {'StatusCode': 1}; 494)
[2024-06-27T07:21:37.877+0000] {local_task_job_runner.py:240} INFO - Task exited with return code 1
[2024-06-27T07:21:37.894+0000] {taskinstance.py:3498} INFO - 0 downstream tasks scheduled from follow-on schedule check
[2024-06-27T07:21:37.896+0000] {local_task_job_runner.py:222} INFO - ::endgroup::
