[2024-06-27T07:32:38.673+0000] {local_task_job_runner.py:120} INFO - ::group::Pre task execution logs
[2024-06-27T07:32:38.720+0000] {taskinstance.py:2076} INFO - Dependencies all met for dep_context=non-requeueable deps ti=<TaskInstance: Stage_1.run_bronze_job manual__2024-06-27T07:32:31.425158+00:00 [queued]>
[2024-06-27T07:32:38.732+0000] {taskinstance.py:2076} INFO - Dependencies all met for dep_context=requeueable deps ti=<TaskInstance: Stage_1.run_bronze_job manual__2024-06-27T07:32:31.425158+00:00 [queued]>
[2024-06-27T07:32:38.733+0000] {taskinstance.py:2306} INFO - Starting attempt 1 of 1
[2024-06-27T07:32:38.750+0000] {taskinstance.py:2330} INFO - Executing <Task(DockerOperator): run_bronze_job> on 2024-06-27 07:32:31.425158+00:00
[2024-06-27T07:32:38.757+0000] {logging_mixin.py:188} WARNING - /home/***/.local/lib/python3.12/site-packages/***/task/task_runner/standard_task_runner.py:61 DeprecationWarning: This process (pid=674) is multi-threaded, use of fork() may lead to deadlocks in the child.
[2024-06-27T07:32:38.758+0000] {standard_task_runner.py:63} INFO - Started process 675 to run task
[2024-06-27T07:32:38.757+0000] {standard_task_runner.py:90} INFO - Running: ['***', 'tasks', 'run', 'Stage_1', 'run_bronze_job', 'manual__2024-06-27T07:32:31.425158+00:00', '--job-id', '181', '--raw', '--subdir', 'DAGS_FOLDER/kafka_dag.py', '--cfg-path', '/tmp/tmpecke5bdx']
[2024-06-27T07:32:38.759+0000] {standard_task_runner.py:91} INFO - Job 181: Subtask run_bronze_job
[2024-06-27T07:32:38.775+0000] {logging_mixin.py:188} WARNING - /home/***/.local/lib/python3.12/site-packages/***/settings.py:195 DeprecationWarning: The sql_alchemy_conn option in [core] has been moved to the sql_alchemy_conn option in [database] - the old setting has been used, but please update your config.
[2024-06-27T07:32:38.810+0000] {task_command.py:426} INFO - Running <TaskInstance: Stage_1.run_bronze_job manual__2024-06-27T07:32:31.425158+00:00 [running]> on host 08bfa8b73cac
[2024-06-27T07:32:38.922+0000] {taskinstance.py:2648} INFO - Exporting env vars: AIRFLOW_CTX_DAG_OWNER='***' AIRFLOW_CTX_DAG_ID='Stage_1' AIRFLOW_CTX_TASK_ID='run_bronze_job' AIRFLOW_CTX_EXECUTION_DATE='2024-06-27T07:32:31.425158+00:00' AIRFLOW_CTX_TRY_NUMBER='1' AIRFLOW_CTX_DAG_RUN_ID='manual__2024-06-27T07:32:31.425158+00:00'
[2024-06-27T07:32:38.922+0000] {taskinstance.py:430} INFO - ::endgroup::
[2024-06-27T07:32:38.971+0000] {docker.py:366} INFO - Starting docker container from image bitnami/spark:latest
[2024-06-27T07:32:38.978+0000] {docker.py:374} WARNING - Using remote engine or docker-in-docker and mounting temporary volume from host is not supported. Falling back to `mount_tmp_dir=False` mode. You can set `mount_tmp_dir` parameter to False to disable mounting and remove the warning
[2024-06-27T07:32:39.468+0000] {docker.py:436} INFO - [38;5;6mspark [38;5;5m07:32:39.46 [0m[38;5;2mINFO [0m ==>
[2024-06-27T07:32:39.469+0000] {docker.py:436} INFO - [38;5;6mspark [38;5;5m07:32:39.46 [0m[38;5;2mINFO [0m ==> [1mWelcome to the Bitnami spark container[0m
[2024-06-27T07:32:39.471+0000] {docker.py:436} INFO - [38;5;6mspark [38;5;5m07:32:39.47 [0m[38;5;2mINFO [0m ==> Subscribe to project updates by watching [1mhttps://github.com/bitnami/containers[0m
[2024-06-27T07:32:39.473+0000] {docker.py:436} INFO - [38;5;6mspark [38;5;5m07:32:39.47 [0m[38;5;2mINFO [0m ==> Submit issues and feature requests at [1mhttps://github.com/bitnami/containers/issues[0m
[2024-06-27T07:32:39.475+0000] {docker.py:436} INFO - [38;5;6mspark [38;5;5m07:32:39.47 [0m[38;5;2mINFO [0m ==> Upgrade to Tanzu Application Catalog for production environments to access custom-configured and pre-packaged software components. Gain enhanced features, including Software Bill of Materials (SBOM), CVE scan result reports, and VEX documents. To learn more, visit [1mhttps://bitnami.com/enterprise[0m
[2024-06-27T07:32:39.478+0000] {docker.py:436} INFO - [38;5;6mspark [38;5;5m07:32:39.47 [0m[38;5;2mINFO [0m ==>
[2024-06-27T07:32:39.489+0000] {docker.py:436} INFO - 
[2024-06-27T07:32:42.053+0000] {docker.py:436} INFO - :: loading settings :: url = jar:file:/opt/bitnami/spark/jars/ivy-2.5.1.jar!/org/apache/ivy/core/settings/ivysettings.xml
[2024-06-27T07:32:42.135+0000] {docker.py:436} INFO - Ivy Default Cache set to: /opt/bitnami/spark/.ivy2/cache
The jars for the packages stored in: /opt/bitnami/spark/.ivy2/jars
[2024-06-27T07:32:42.143+0000] {docker.py:436} INFO - org.apache.spark#spark-sql-kafka-0-10_2.12 added as a dependency
org.postgresql#postgresql added as a dependency
[2024-06-27T07:32:42.145+0000] {docker.py:436} INFO - :: resolving dependencies :: org.apache.spark#spark-submit-parent-1fa13ff8-f9d2-4515-9611-fd013419aad2;1.0
	confs: [default]
[2024-06-27T07:32:43.865+0000] {docker.py:436} INFO - found org.apache.spark#spark-sql-kafka-0-10_2.12;3.3.0 in central
[2024-06-27T07:32:44.307+0000] {docker.py:436} INFO - found org.apache.spark#spark-token-provider-kafka-0-10_2.12;3.3.0 in central
[2024-06-27T07:32:44.392+0000] {docker.py:436} INFO - found org.apache.kafka#kafka-clients;2.8.1 in central
[2024-06-27T07:32:44.472+0000] {docker.py:436} INFO - found org.lz4#lz4-java;1.8.0 in central
[2024-06-27T07:32:44.553+0000] {docker.py:436} INFO - found org.xerial.snappy#snappy-java;1.1.8.4 in central
[2024-06-27T07:32:45.552+0000] {docker.py:436} INFO - found org.slf4j#slf4j-api;1.7.32 in central
[2024-06-27T07:32:46.895+0000] {docker.py:436} INFO - found org.apache.hadoop#hadoop-client-runtime;3.3.2 in central
[2024-06-27T07:32:47.056+0000] {docker.py:436} INFO - found org.spark-project.spark#unused;1.0.0 in central
[2024-06-27T07:32:47.268+0000] {docker.py:436} INFO - found org.apache.hadoop#hadoop-client-api;3.3.2 in central
[2024-06-27T07:32:47.515+0000] {docker.py:436} INFO - found commons-logging#commons-logging;1.1.3 in central
[2024-06-27T07:32:47.565+0000] {docker.py:436} INFO - found com.google.code.findbugs#jsr305;3.0.0 in central
[2024-06-27T07:32:48.921+0000] {docker.py:436} INFO - found org.apache.commons#commons-pool2;2.11.1 in central
[2024-06-27T07:32:50.663+0000] {docker.py:436} INFO - found org.postgresql#postgresql;42.2.2 in central
[2024-06-27T07:32:50.689+0000] {docker.py:436} INFO - downloading https://repo1.maven.org/maven2/org/apache/spark/spark-sql-kafka-0-10_2.12/3.3.0/spark-sql-kafka-0-10_2.12-3.3.0.jar ...
[2024-06-27T07:32:50.758+0000] {docker.py:436} INFO - [SUCCESSFUL ] org.apache.spark#spark-sql-kafka-0-10_2.12;3.3.0!spark-sql-kafka-0-10_2.12.jar (81ms)
[2024-06-27T07:32:50.781+0000] {docker.py:436} INFO - downloading https://repo1.maven.org/maven2/org/postgresql/postgresql/42.2.2/postgresql-42.2.2.jar ...
[2024-06-27T07:32:50.874+0000] {docker.py:436} INFO - [SUCCESSFUL ] org.postgresql#postgresql;42.2.2!postgresql.jar(bundle) (114ms)
[2024-06-27T07:32:50.885+0000] {docker.py:436} INFO - downloading https://repo1.maven.org/maven2/org/apache/spark/spark-token-provider-kafka-0-10_2.12/3.3.0/spark-token-provider-kafka-0-10_2.12-3.3.0.jar ...
[2024-06-27T07:32:50.908+0000] {docker.py:436} INFO - [SUCCESSFUL ] org.apache.spark#spark-token-provider-kafka-0-10_2.12;3.3.0!spark-token-provider-kafka-0-10_2.12.jar (32ms)
[2024-06-27T07:32:50.919+0000] {docker.py:436} INFO - downloading https://repo1.maven.org/maven2/org/apache/kafka/kafka-clients/2.8.1/kafka-clients-2.8.1.jar ...
[2024-06-27T07:32:51.433+0000] {docker.py:436} INFO - [SUCCESSFUL ] org.apache.kafka#kafka-clients;2.8.1!kafka-clients.jar (523ms)
[2024-06-27T07:32:51.444+0000] {docker.py:436} INFO - downloading https://repo1.maven.org/maven2/com/google/code/findbugs/jsr305/3.0.0/jsr305-3.0.0.jar ...
[2024-06-27T07:32:51.462+0000] {docker.py:436} INFO - [SUCCESSFUL ] com.google.code.findbugs#jsr305;3.0.0!jsr305.jar (29ms)
[2024-06-27T07:32:51.477+0000] {docker.py:436} INFO - downloading https://repo1.maven.org/maven2/org/apache/commons/commons-pool2/2.11.1/commons-pool2-2.11.1.jar ...
[2024-06-27T07:32:51.504+0000] {docker.py:436} INFO - [SUCCESSFUL ] org.apache.commons#commons-pool2;2.11.1!commons-pool2.jar (40ms)
[2024-06-27T07:32:51.528+0000] {docker.py:436} INFO - downloading https://repo1.maven.org/maven2/org/spark-project/spark/unused/1.0.0/unused-1.0.0.jar ...
[2024-06-27T07:32:51.543+0000] {docker.py:436} INFO - [SUCCESSFUL ] org.spark-project.spark#unused;1.0.0!unused.jar (39ms)
[2024-06-27T07:32:51.556+0000] {docker.py:436} INFO - downloading https://repo1.maven.org/maven2/org/apache/hadoop/hadoop-client-runtime/3.3.2/hadoop-client-runtime-3.3.2.jar ...
[2024-06-27T07:32:55.226+0000] {docker.py:436} INFO - [SUCCESSFUL ] org.apache.hadoop#hadoop-client-runtime;3.3.2!hadoop-client-runtime.jar (3681ms)
[2024-06-27T07:32:55.237+0000] {docker.py:436} INFO - downloading https://repo1.maven.org/maven2/org/lz4/lz4-java/1.8.0/lz4-java-1.8.0.jar ...
[2024-06-27T07:32:55.314+0000] {docker.py:436} INFO - [SUCCESSFUL ] org.lz4#lz4-java;1.8.0!lz4-java.jar (88ms)
[2024-06-27T07:32:55.324+0000] {docker.py:436} INFO - downloading https://repo1.maven.org/maven2/org/xerial/snappy/snappy-java/1.1.8.4/snappy-java-1.1.8.4.jar ...
[2024-06-27T07:32:55.527+0000] {docker.py:436} INFO - [SUCCESSFUL ] org.xerial.snappy#snappy-java;1.1.8.4!snappy-java.jar(bundle) (212ms)
[2024-06-27T07:32:55.537+0000] {docker.py:436} INFO - downloading https://repo1.maven.org/maven2/org/slf4j/slf4j-api/1.7.32/slf4j-api-1.7.32.jar ...
[2024-06-27T07:32:55.553+0000] {docker.py:436} INFO - [SUCCESSFUL ] org.slf4j#slf4j-api;1.7.32!slf4j-api.jar (25ms)
[2024-06-27T07:32:55.566+0000] {docker.py:436} INFO - downloading https://repo1.maven.org/maven2/org/apache/hadoop/hadoop-client-api/3.3.2/hadoop-client-api-3.3.2.jar ...
[2024-06-27T07:32:57.553+0000] {docker.py:436} INFO - [SUCCESSFUL ] org.apache.hadoop#hadoop-client-api;3.3.2!hadoop-client-api.jar (1997ms)
[2024-06-27T07:32:57.563+0000] {docker.py:436} INFO - downloading https://repo1.maven.org/maven2/commons-logging/commons-logging/1.1.3/commons-logging-1.1.3.jar ...
[2024-06-27T07:32:57.580+0000] {docker.py:436} INFO - [SUCCESSFUL ] commons-logging#commons-logging;1.1.3!commons-logging.jar (26ms)
[2024-06-27T07:32:57.581+0000] {docker.py:436} INFO - :: resolution report :: resolve 8532ms :: artifacts dl 6904ms
[2024-06-27T07:32:57.581+0000] {docker.py:436} INFO - :: modules in use:
[2024-06-27T07:32:57.581+0000] {docker.py:436} INFO - com.google.code.findbugs#jsr305;3.0.0 from central in [default]
[2024-06-27T07:32:57.582+0000] {docker.py:436} INFO - commons-logging#commons-logging;1.1.3 from central in [default]
	org.apache.commons#commons-pool2;2.11.1 from central in [default]
	org.apache.hadoop#hadoop-client-api;3.3.2 from central in [default]
[2024-06-27T07:32:57.582+0000] {docker.py:436} INFO - org.apache.hadoop#hadoop-client-runtime;3.3.2 from central in [default]
[2024-06-27T07:32:57.583+0000] {docker.py:436} INFO - org.apache.kafka#kafka-clients;2.8.1 from central in [default]
[2024-06-27T07:32:57.583+0000] {docker.py:436} INFO - org.apache.spark#spark-sql-kafka-0-10_2.12;3.3.0 from central in [default]
	org.apache.spark#spark-token-provider-kafka-0-10_2.12;3.3.0 from central in [default]
[2024-06-27T07:32:57.584+0000] {docker.py:436} INFO - org.lz4#lz4-java;1.8.0 from central in [default]
[2024-06-27T07:32:57.584+0000] {docker.py:436} INFO - org.postgresql#postgresql;42.2.2 from central in [default]
[2024-06-27T07:32:57.585+0000] {docker.py:436} INFO - org.slf4j#slf4j-api;1.7.32 from central in [default]
[2024-06-27T07:32:57.586+0000] {docker.py:436} INFO - org.spark-project.spark#unused;1.0.0 from central in [default]
[2024-06-27T07:32:57.586+0000] {docker.py:436} INFO - org.xerial.snappy#snappy-java;1.1.8.4 from central in [default]
[2024-06-27T07:32:57.587+0000] {docker.py:436} INFO - ---------------------------------------------------------------------
[2024-06-27T07:32:57.587+0000] {docker.py:436} INFO - |                  |            modules            ||   artifacts   |
[2024-06-27T07:32:57.588+0000] {docker.py:436} INFO - |       conf       | number| search|dwnlded|evicted|| number|dwnlded|
[2024-06-27T07:32:57.588+0000] {docker.py:436} INFO - ---------------------------------------------------------------------
[2024-06-27T07:32:57.589+0000] {docker.py:436} INFO - |      default     |   13  |   13  |   13  |   0   ||   13  |   13  |
[2024-06-27T07:32:57.590+0000] {docker.py:436} INFO - ---------------------------------------------------------------------
[2024-06-27T07:32:57.592+0000] {docker.py:436} INFO - :: retrieving :: org.apache.spark#spark-submit-parent-1fa13ff8-f9d2-4515-9611-fd013419aad2
[2024-06-27T07:32:57.592+0000] {docker.py:436} INFO - confs: [default]
[2024-06-27T07:32:57.683+0000] {docker.py:436} INFO - 13 artifacts copied, 0 already retrieved (57403kB/91ms)
[2024-06-27T07:32:58.019+0000] {docker.py:436} INFO - 24/06/27 07:32:58 WARN NativeCodeLoader: Unable to load native-hadoop library for your platform... using builtin-java classes where applicable
[2024-06-27T07:32:59.590+0000] {docker.py:436} INFO - 24/06/27 07:32:59 INFO SparkContext: Running Spark version 3.5.1
[2024-06-27T07:32:59.591+0000] {docker.py:436} INFO - 24/06/27 07:32:59 INFO SparkContext: OS info Linux, 6.5.0-41-generic, amd64
[2024-06-27T07:32:59.591+0000] {docker.py:436} INFO - 24/06/27 07:32:59 INFO SparkContext: Java version 17.0.11
[2024-06-27T07:32:59.621+0000] {docker.py:436} INFO - 24/06/27 07:32:59 INFO ResourceUtils: ==============================================================
[2024-06-27T07:32:59.622+0000] {docker.py:436} INFO - 24/06/27 07:32:59 INFO ResourceUtils: No custom resources configured for spark.driver.
[2024-06-27T07:32:59.623+0000] {docker.py:436} INFO - 24/06/27 07:32:59 INFO ResourceUtils: ==============================================================
[2024-06-27T07:32:59.624+0000] {docker.py:436} INFO - 24/06/27 07:32:59 INFO SparkContext: Submitted application: PostgreSQL Connection with PySpark
[2024-06-27T07:32:59.651+0000] {docker.py:436} INFO - 24/06/27 07:32:59 INFO ResourceProfile: Default ResourceProfile created, executor resources: Map(cores -> name: cores, amount: 1, script: , vendor: , memory -> name: memory, amount: 1024, script: , vendor: , offHeap -> name: offHeap, amount: 0, script: , vendor: ), task resources: Map(cpus -> name: cpus, amount: 1.0)
[2024-06-27T07:32:59.660+0000] {docker.py:436} INFO - 24/06/27 07:32:59 INFO ResourceProfile: Limiting resource is cpu
[2024-06-27T07:32:59.661+0000] {docker.py:436} INFO - 24/06/27 07:32:59 INFO ResourceProfileManager: Added ResourceProfile id: 0
[2024-06-27T07:32:59.725+0000] {docker.py:436} INFO - 24/06/27 07:32:59 INFO SecurityManager: Changing view acls to: spark
[2024-06-27T07:32:59.726+0000] {docker.py:436} INFO - 24/06/27 07:32:59 INFO SecurityManager: Changing modify acls to: spark
[2024-06-27T07:32:59.727+0000] {docker.py:436} INFO - 24/06/27 07:32:59 INFO SecurityManager: Changing view acls groups to:
[2024-06-27T07:32:59.727+0000] {docker.py:436} INFO - 24/06/27 07:32:59 INFO SecurityManager: Changing modify acls groups to:
[2024-06-27T07:32:59.728+0000] {docker.py:436} INFO - 24/06/27 07:32:59 INFO SecurityManager: SecurityManager: authentication disabled; ui acls disabled; users with view permissions: spark; groups with view permissions: EMPTY; users with modify permissions: spark; groups with modify permissions: EMPTY
[2024-06-27T07:33:00.087+0000] {docker.py:436} INFO - 24/06/27 07:33:00 INFO Utils: Successfully started service 'sparkDriver' on port 42113.
[2024-06-27T07:33:00.135+0000] {docker.py:436} INFO - 24/06/27 07:33:00 INFO SparkEnv: Registering MapOutputTracker
[2024-06-27T07:33:00.217+0000] {docker.py:436} INFO - 24/06/27 07:33:00 INFO SparkEnv: Registering BlockManagerMaster
[2024-06-27T07:33:00.261+0000] {docker.py:436} INFO - 24/06/27 07:33:00 INFO BlockManagerMasterEndpoint: Using org.apache.spark.storage.DefaultTopologyMapper for getting topology information
24/06/27 07:33:00 INFO BlockManagerMasterEndpoint: BlockManagerMasterEndpoint up
[2024-06-27T07:33:00.268+0000] {docker.py:436} INFO - 24/06/27 07:33:00 INFO SparkEnv: Registering BlockManagerMasterHeartbeat
[2024-06-27T07:33:00.332+0000] {docker.py:436} INFO - 24/06/27 07:33:00 INFO DiskBlockManager: Created local directory at /tmp/blockmgr-9781d62b-8f14-47b1-9659-4cf189382eed
[2024-06-27T07:33:00.363+0000] {docker.py:436} INFO - 24/06/27 07:33:00 INFO MemoryStore: MemoryStore started with capacity 434.4 MiB
[2024-06-27T07:33:00.417+0000] {docker.py:436} INFO - 24/06/27 07:33:00 INFO SparkEnv: Registering OutputCommitCoordinator
[2024-06-27T07:33:00.593+0000] {docker.py:436} INFO - 24/06/27 07:33:00 INFO JettyUtils: Start Jetty 0.0.0.0:4040 for SparkUI
[2024-06-27T07:33:00.719+0000] {docker.py:436} INFO - 24/06/27 07:33:00 INFO Utils: Successfully started service 'SparkUI' on port 4040.
[2024-06-27T07:33:00.777+0000] {docker.py:436} INFO - 24/06/27 07:33:00 INFO SparkContext: Added JAR file:///opt/bitnami/spark/.ivy2/jars/org.apache.spark_spark-sql-kafka-0-10_2.12-3.3.0.jar at spark://localhost:42113/jars/org.apache.spark_spark-sql-kafka-0-10_2.12-3.3.0.jar with timestamp 1719473579575
[2024-06-27T07:33:00.777+0000] {docker.py:436} INFO - 24/06/27 07:33:00 INFO SparkContext: Added JAR file:///opt/bitnami/spark/.ivy2/jars/org.postgresql_postgresql-42.2.2.jar at spark://localhost:42113/jars/org.postgresql_postgresql-42.2.2.jar with timestamp 1719473579575
[2024-06-27T07:33:00.778+0000] {docker.py:436} INFO - 24/06/27 07:33:00 INFO SparkContext: Added JAR file:///opt/bitnami/spark/.ivy2/jars/org.apache.spark_spark-token-provider-kafka-0-10_2.12-3.3.0.jar at spark://localhost:42113/jars/org.apache.spark_spark-token-provider-kafka-0-10_2.12-3.3.0.jar with timestamp 1719473579575
[2024-06-27T07:33:00.778+0000] {docker.py:436} INFO - 24/06/27 07:33:00 INFO SparkContext: Added JAR file:///opt/bitnami/spark/.ivy2/jars/org.apache.kafka_kafka-clients-2.8.1.jar at spark://localhost:42113/jars/org.apache.kafka_kafka-clients-2.8.1.jar with timestamp 1719473579575
[2024-06-27T07:33:00.778+0000] {docker.py:436} INFO - 24/06/27 07:33:00 INFO SparkContext: Added JAR file:///opt/bitnami/spark/.ivy2/jars/com.google.code.findbugs_jsr305-3.0.0.jar at spark://localhost:42113/jars/com.google.code.findbugs_jsr305-3.0.0.jar with timestamp 1719473579575
[2024-06-27T07:33:00.779+0000] {docker.py:436} INFO - 24/06/27 07:33:00 INFO SparkContext: Added JAR file:///opt/bitnami/spark/.ivy2/jars/org.apache.commons_commons-pool2-2.11.1.jar at spark://localhost:42113/jars/org.apache.commons_commons-pool2-2.11.1.jar with timestamp 1719473579575
[2024-06-27T07:33:00.780+0000] {docker.py:436} INFO - 24/06/27 07:33:00 INFO SparkContext: Added JAR file:///opt/bitnami/spark/.ivy2/jars/org.spark-project.spark_unused-1.0.0.jar at spark://localhost:42113/jars/org.spark-project.spark_unused-1.0.0.jar with timestamp 1719473579575
[2024-06-27T07:33:00.780+0000] {docker.py:436} INFO - 24/06/27 07:33:00 INFO SparkContext: Added JAR file:///opt/bitnami/spark/.ivy2/jars/org.apache.hadoop_hadoop-client-runtime-3.3.2.jar at spark://localhost:42113/jars/org.apache.hadoop_hadoop-client-runtime-3.3.2.jar with timestamp 1719473579575
[2024-06-27T07:33:00.782+0000] {docker.py:436} INFO - 24/06/27 07:33:00 INFO SparkContext: Added JAR file:///opt/bitnami/spark/.ivy2/jars/org.lz4_lz4-java-1.8.0.jar at spark://localhost:42113/jars/org.lz4_lz4-java-1.8.0.jar with timestamp 1719473579575
[2024-06-27T07:33:00.783+0000] {docker.py:436} INFO - 24/06/27 07:33:00 INFO SparkContext: Added JAR file:///opt/bitnami/spark/.ivy2/jars/org.xerial.snappy_snappy-java-1.1.8.4.jar at spark://localhost:42113/jars/org.xerial.snappy_snappy-java-1.1.8.4.jar with timestamp 1719473579575
[2024-06-27T07:33:00.783+0000] {docker.py:436} INFO - 24/06/27 07:33:00 INFO SparkContext: Added JAR file:///opt/bitnami/spark/.ivy2/jars/org.slf4j_slf4j-api-1.7.32.jar at spark://localhost:42113/jars/org.slf4j_slf4j-api-1.7.32.jar with timestamp 1719473579575
[2024-06-27T07:33:00.784+0000] {docker.py:436} INFO - 24/06/27 07:33:00 INFO SparkContext: Added JAR file:///opt/bitnami/spark/.ivy2/jars/org.apache.hadoop_hadoop-client-api-3.3.2.jar at spark://localhost:42113/jars/org.apache.hadoop_hadoop-client-api-3.3.2.jar with timestamp 1719473579575
[2024-06-27T07:33:00.784+0000] {docker.py:436} INFO - 24/06/27 07:33:00 INFO SparkContext: Added JAR file:///opt/bitnami/spark/.ivy2/jars/commons-logging_commons-logging-1.1.3.jar at spark://localhost:42113/jars/commons-logging_commons-logging-1.1.3.jar with timestamp 1719473579575
[2024-06-27T07:33:00.787+0000] {docker.py:436} INFO - 24/06/27 07:33:00 INFO SparkContext: Added file file:///opt/bitnami/spark/.ivy2/jars/org.apache.spark_spark-sql-kafka-0-10_2.12-3.3.0.jar at file:///opt/bitnami/spark/.ivy2/jars/org.apache.spark_spark-sql-kafka-0-10_2.12-3.3.0.jar with timestamp 1719473579575
[2024-06-27T07:33:00.789+0000] {docker.py:436} INFO - 24/06/27 07:33:00 INFO Utils: Copying /opt/bitnami/spark/.ivy2/jars/org.apache.spark_spark-sql-kafka-0-10_2.12-3.3.0.jar to /tmp/spark-eef92cb0-b040-4d55-a718-deea4d40ae15/userFiles-e4fc2d7f-0464-493f-bf9d-669c714c2bdb/org.apache.spark_spark-sql-kafka-0-10_2.12-3.3.0.jar
[2024-06-27T07:33:00.802+0000] {docker.py:436} INFO - 24/06/27 07:33:00 INFO SparkContext: Added file file:///opt/bitnami/spark/.ivy2/jars/org.postgresql_postgresql-42.2.2.jar at file:///opt/bitnami/spark/.ivy2/jars/org.postgresql_postgresql-42.2.2.jar with timestamp 1719473579575
[2024-06-27T07:33:00.803+0000] {docker.py:436} INFO - 24/06/27 07:33:00 INFO Utils: Copying /opt/bitnami/spark/.ivy2/jars/org.postgresql_postgresql-42.2.2.jar to /tmp/spark-eef92cb0-b040-4d55-a718-deea4d40ae15/userFiles-e4fc2d7f-0464-493f-bf9d-669c714c2bdb/org.postgresql_postgresql-42.2.2.jar
[2024-06-27T07:33:00.810+0000] {docker.py:436} INFO - 24/06/27 07:33:00 INFO SparkContext: Added file file:///opt/bitnami/spark/.ivy2/jars/org.apache.spark_spark-token-provider-kafka-0-10_2.12-3.3.0.jar at file:///opt/bitnami/spark/.ivy2/jars/org.apache.spark_spark-token-provider-kafka-0-10_2.12-3.3.0.jar with timestamp 1719473579575
[2024-06-27T07:33:00.810+0000] {docker.py:436} INFO - 24/06/27 07:33:00 INFO Utils: Copying /opt/bitnami/spark/.ivy2/jars/org.apache.spark_spark-token-provider-kafka-0-10_2.12-3.3.0.jar to /tmp/spark-eef92cb0-b040-4d55-a718-deea4d40ae15/userFiles-e4fc2d7f-0464-493f-bf9d-669c714c2bdb/org.apache.spark_spark-token-provider-kafka-0-10_2.12-3.3.0.jar
[2024-06-27T07:33:00.818+0000] {docker.py:436} INFO - 24/06/27 07:33:00 INFO SparkContext: Added file file:///opt/bitnami/spark/.ivy2/jars/org.apache.kafka_kafka-clients-2.8.1.jar at file:///opt/bitnami/spark/.ivy2/jars/org.apache.kafka_kafka-clients-2.8.1.jar with timestamp 1719473579575
[2024-06-27T07:33:00.818+0000] {docker.py:436} INFO - 24/06/27 07:33:00 INFO Utils: Copying /opt/bitnami/spark/.ivy2/jars/org.apache.kafka_kafka-clients-2.8.1.jar to /tmp/spark-eef92cb0-b040-4d55-a718-deea4d40ae15/userFiles-e4fc2d7f-0464-493f-bf9d-669c714c2bdb/org.apache.kafka_kafka-clients-2.8.1.jar
[2024-06-27T07:33:00.831+0000] {docker.py:436} INFO - 24/06/27 07:33:00 INFO SparkContext: Added file file:///opt/bitnami/spark/.ivy2/jars/com.google.code.findbugs_jsr305-3.0.0.jar at file:///opt/bitnami/spark/.ivy2/jars/com.google.code.findbugs_jsr305-3.0.0.jar with timestamp 1719473579575
[2024-06-27T07:33:00.832+0000] {docker.py:436} INFO - 24/06/27 07:33:00 INFO Utils: Copying /opt/bitnami/spark/.ivy2/jars/com.google.code.findbugs_jsr305-3.0.0.jar to /tmp/spark-eef92cb0-b040-4d55-a718-deea4d40ae15/userFiles-e4fc2d7f-0464-493f-bf9d-669c714c2bdb/com.google.code.findbugs_jsr305-3.0.0.jar
[2024-06-27T07:33:00.836+0000] {docker.py:436} INFO - 24/06/27 07:33:00 INFO SparkContext: Added file file:///opt/bitnami/spark/.ivy2/jars/org.apache.commons_commons-pool2-2.11.1.jar at file:///opt/bitnami/spark/.ivy2/jars/org.apache.commons_commons-pool2-2.11.1.jar with timestamp 1719473579575
[2024-06-27T07:33:00.837+0000] {docker.py:436} INFO - 24/06/27 07:33:00 INFO Utils: Copying /opt/bitnami/spark/.ivy2/jars/org.apache.commons_commons-pool2-2.11.1.jar to /tmp/spark-eef92cb0-b040-4d55-a718-deea4d40ae15/userFiles-e4fc2d7f-0464-493f-bf9d-669c714c2bdb/org.apache.commons_commons-pool2-2.11.1.jar
[2024-06-27T07:33:00.842+0000] {docker.py:436} INFO - 24/06/27 07:33:00 INFO SparkContext: Added file file:///opt/bitnami/spark/.ivy2/jars/org.spark-project.spark_unused-1.0.0.jar at file:///opt/bitnami/spark/.ivy2/jars/org.spark-project.spark_unused-1.0.0.jar with timestamp 1719473579575
[2024-06-27T07:33:00.843+0000] {docker.py:436} INFO - 24/06/27 07:33:00 INFO Utils: Copying /opt/bitnami/spark/.ivy2/jars/org.spark-project.spark_unused-1.0.0.jar to /tmp/spark-eef92cb0-b040-4d55-a718-deea4d40ae15/userFiles-e4fc2d7f-0464-493f-bf9d-669c714c2bdb/org.spark-project.spark_unused-1.0.0.jar
[2024-06-27T07:33:00.850+0000] {docker.py:436} INFO - 24/06/27 07:33:00 INFO SparkContext: Added file file:///opt/bitnami/spark/.ivy2/jars/org.apache.hadoop_hadoop-client-runtime-3.3.2.jar at file:///opt/bitnami/spark/.ivy2/jars/org.apache.hadoop_hadoop-client-runtime-3.3.2.jar with timestamp 1719473579575
[2024-06-27T07:33:00.850+0000] {docker.py:436} INFO - 24/06/27 07:33:00 INFO Utils: Copying /opt/bitnami/spark/.ivy2/jars/org.apache.hadoop_hadoop-client-runtime-3.3.2.jar to /tmp/spark-eef92cb0-b040-4d55-a718-deea4d40ae15/userFiles-e4fc2d7f-0464-493f-bf9d-669c714c2bdb/org.apache.hadoop_hadoop-client-runtime-3.3.2.jar
[2024-06-27T07:33:00.895+0000] {docker.py:436} INFO - 24/06/27 07:33:00 INFO SparkContext: Added file file:///opt/bitnami/spark/.ivy2/jars/org.lz4_lz4-java-1.8.0.jar at file:///opt/bitnami/spark/.ivy2/jars/org.lz4_lz4-java-1.8.0.jar with timestamp 1719473579575
[2024-06-27T07:33:00.895+0000] {docker.py:436} INFO - 24/06/27 07:33:00 INFO Utils: Copying /opt/bitnami/spark/.ivy2/jars/org.lz4_lz4-java-1.8.0.jar to /tmp/spark-eef92cb0-b040-4d55-a718-deea4d40ae15/userFiles-e4fc2d7f-0464-493f-bf9d-669c714c2bdb/org.lz4_lz4-java-1.8.0.jar
[2024-06-27T07:33:00.903+0000] {docker.py:436} INFO - 24/06/27 07:33:00 INFO SparkContext: Added file file:///opt/bitnami/spark/.ivy2/jars/org.xerial.snappy_snappy-java-1.1.8.4.jar at file:///opt/bitnami/spark/.ivy2/jars/org.xerial.snappy_snappy-java-1.1.8.4.jar with timestamp 1719473579575
[2024-06-27T07:33:00.904+0000] {docker.py:436} INFO - 24/06/27 07:33:00 INFO Utils: Copying /opt/bitnami/spark/.ivy2/jars/org.xerial.snappy_snappy-java-1.1.8.4.jar to /tmp/spark-eef92cb0-b040-4d55-a718-deea4d40ae15/userFiles-e4fc2d7f-0464-493f-bf9d-669c714c2bdb/org.xerial.snappy_snappy-java-1.1.8.4.jar
[2024-06-27T07:33:00.913+0000] {docker.py:436} INFO - 24/06/27 07:33:00 INFO SparkContext: Added file file:///opt/bitnami/spark/.ivy2/jars/org.slf4j_slf4j-api-1.7.32.jar at file:///opt/bitnami/spark/.ivy2/jars/org.slf4j_slf4j-api-1.7.32.jar with timestamp 1719473579575
[2024-06-27T07:33:00.914+0000] {docker.py:436} INFO - 24/06/27 07:33:00 INFO Utils: Copying /opt/bitnami/spark/.ivy2/jars/org.slf4j_slf4j-api-1.7.32.jar to /tmp/spark-eef92cb0-b040-4d55-a718-deea4d40ae15/userFiles-e4fc2d7f-0464-493f-bf9d-669c714c2bdb/org.slf4j_slf4j-api-1.7.32.jar
[2024-06-27T07:33:00.919+0000] {docker.py:436} INFO - 24/06/27 07:33:00 INFO SparkContext: Added file file:///opt/bitnami/spark/.ivy2/jars/org.apache.hadoop_hadoop-client-api-3.3.2.jar at file:///opt/bitnami/spark/.ivy2/jars/org.apache.hadoop_hadoop-client-api-3.3.2.jar with timestamp 1719473579575
[2024-06-27T07:33:00.920+0000] {docker.py:436} INFO - 24/06/27 07:33:00 INFO Utils: Copying /opt/bitnami/spark/.ivy2/jars/org.apache.hadoop_hadoop-client-api-3.3.2.jar to /tmp/spark-eef92cb0-b040-4d55-a718-deea4d40ae15/userFiles-e4fc2d7f-0464-493f-bf9d-669c714c2bdb/org.apache.hadoop_hadoop-client-api-3.3.2.jar
[2024-06-27T07:33:00.941+0000] {docker.py:436} INFO - 24/06/27 07:33:00 INFO SparkContext: Added file file:///opt/bitnami/spark/.ivy2/jars/commons-logging_commons-logging-1.1.3.jar at file:///opt/bitnami/spark/.ivy2/jars/commons-logging_commons-logging-1.1.3.jar with timestamp 1719473579575
24/06/27 07:33:00 INFO Utils: Copying /opt/bitnami/spark/.ivy2/jars/commons-logging_commons-logging-1.1.3.jar to /tmp/spark-eef92cb0-b040-4d55-a718-deea4d40ae15/userFiles-e4fc2d7f-0464-493f-bf9d-669c714c2bdb/commons-logging_commons-logging-1.1.3.jar
[2024-06-27T07:33:01.025+0000] {docker.py:436} INFO - 24/06/27 07:33:01 INFO Executor: Starting executor ID driver on host localhost
[2024-06-27T07:33:01.025+0000] {docker.py:436} INFO - 24/06/27 07:33:01 INFO Executor: OS info Linux, 6.5.0-41-generic, amd64
[2024-06-27T07:33:01.026+0000] {docker.py:436} INFO - 24/06/27 07:33:01 INFO Executor: Java version 17.0.11
[2024-06-27T07:33:01.035+0000] {docker.py:436} INFO - 24/06/27 07:33:01 INFO Executor: Starting executor with user classpath (userClassPathFirst = false): ''
[2024-06-27T07:33:01.036+0000] {docker.py:436} INFO - 24/06/27 07:33:01 INFO Executor: Created or updated repl class loader org.apache.spark.util.MutableURLClassLoader@49c79e23 for default.
[2024-06-27T07:33:01.050+0000] {docker.py:436} INFO - 24/06/27 07:33:01 INFO Executor: Fetching file:///opt/bitnami/spark/.ivy2/jars/org.postgresql_postgresql-42.2.2.jar with timestamp 1719473579575
[2024-06-27T07:33:01.074+0000] {docker.py:436} INFO - 24/06/27 07:33:01 INFO Utils: /opt/bitnami/spark/.ivy2/jars/org.postgresql_postgresql-42.2.2.jar has been previously copied to /tmp/spark-eef92cb0-b040-4d55-a718-deea4d40ae15/userFiles-e4fc2d7f-0464-493f-bf9d-669c714c2bdb/org.postgresql_postgresql-42.2.2.jar
[2024-06-27T07:33:01.078+0000] {docker.py:436} INFO - 24/06/27 07:33:01 INFO Executor: Fetching file:///opt/bitnami/spark/.ivy2/jars/org.apache.hadoop_hadoop-client-api-3.3.2.jar with timestamp 1719473579575
[2024-06-27T07:33:01.099+0000] {docker.py:436} INFO - 24/06/27 07:33:01 INFO Utils: /opt/bitnami/spark/.ivy2/jars/org.apache.hadoop_hadoop-client-api-3.3.2.jar has been previously copied to /tmp/spark-eef92cb0-b040-4d55-a718-deea4d40ae15/userFiles-e4fc2d7f-0464-493f-bf9d-669c714c2bdb/org.apache.hadoop_hadoop-client-api-3.3.2.jar
[2024-06-27T07:33:01.103+0000] {docker.py:436} INFO - 24/06/27 07:33:01 INFO Executor: Fetching file:///opt/bitnami/spark/.ivy2/jars/org.xerial.snappy_snappy-java-1.1.8.4.jar with timestamp 1719473579575
[2024-06-27T07:33:01.106+0000] {docker.py:436} INFO - 24/06/27 07:33:01 INFO Utils: /opt/bitnami/spark/.ivy2/jars/org.xerial.snappy_snappy-java-1.1.8.4.jar has been previously copied to /tmp/spark-eef92cb0-b040-4d55-a718-deea4d40ae15/userFiles-e4fc2d7f-0464-493f-bf9d-669c714c2bdb/org.xerial.snappy_snappy-java-1.1.8.4.jar
[2024-06-27T07:33:01.109+0000] {docker.py:436} INFO - 24/06/27 07:33:01 INFO Executor: Fetching file:///opt/bitnami/spark/.ivy2/jars/org.apache.hadoop_hadoop-client-runtime-3.3.2.jar with timestamp 1719473579575
[2024-06-27T07:33:01.137+0000] {docker.py:436} INFO - 24/06/27 07:33:01 INFO Utils: /opt/bitnami/spark/.ivy2/jars/org.apache.hadoop_hadoop-client-runtime-3.3.2.jar has been previously copied to /tmp/spark-eef92cb0-b040-4d55-a718-deea4d40ae15/userFiles-e4fc2d7f-0464-493f-bf9d-669c714c2bdb/org.apache.hadoop_hadoop-client-runtime-3.3.2.jar
[2024-06-27T07:33:01.141+0000] {docker.py:436} INFO - 24/06/27 07:33:01 INFO Executor: Fetching file:///opt/bitnami/spark/.ivy2/jars/org.apache.commons_commons-pool2-2.11.1.jar with timestamp 1719473579575
[2024-06-27T07:33:01.141+0000] {docker.py:436} INFO - 24/06/27 07:33:01 INFO Utils: /opt/bitnami/spark/.ivy2/jars/org.apache.commons_commons-pool2-2.11.1.jar has been previously copied to /tmp/spark-eef92cb0-b040-4d55-a718-deea4d40ae15/userFiles-e4fc2d7f-0464-493f-bf9d-669c714c2bdb/org.apache.commons_commons-pool2-2.11.1.jar
[2024-06-27T07:33:01.153+0000] {docker.py:436} INFO - 24/06/27 07:33:01 INFO Executor: Fetching file:///opt/bitnami/spark/.ivy2/jars/org.apache.spark_spark-token-provider-kafka-0-10_2.12-3.3.0.jar with timestamp 1719473579575
[2024-06-27T07:33:01.154+0000] {docker.py:436} INFO - 24/06/27 07:33:01 INFO Utils: /opt/bitnami/spark/.ivy2/jars/org.apache.spark_spark-token-provider-kafka-0-10_2.12-3.3.0.jar has been previously copied to /tmp/spark-eef92cb0-b040-4d55-a718-deea4d40ae15/userFiles-e4fc2d7f-0464-493f-bf9d-669c714c2bdb/org.apache.spark_spark-token-provider-kafka-0-10_2.12-3.3.0.jar
[2024-06-27T07:33:01.158+0000] {docker.py:436} INFO - 24/06/27 07:33:01 INFO Executor: Fetching file:///opt/bitnami/spark/.ivy2/jars/org.slf4j_slf4j-api-1.7.32.jar with timestamp 1719473579575
[2024-06-27T07:33:01.159+0000] {docker.py:436} INFO - 24/06/27 07:33:01 INFO Utils: /opt/bitnami/spark/.ivy2/jars/org.slf4j_slf4j-api-1.7.32.jar has been previously copied to /tmp/spark-eef92cb0-b040-4d55-a718-deea4d40ae15/userFiles-e4fc2d7f-0464-493f-bf9d-669c714c2bdb/org.slf4j_slf4j-api-1.7.32.jar
[2024-06-27T07:33:01.162+0000] {docker.py:436} INFO - 24/06/27 07:33:01 INFO Executor: Fetching file:///opt/bitnami/spark/.ivy2/jars/org.apache.spark_spark-sql-kafka-0-10_2.12-3.3.0.jar with timestamp 1719473579575
[2024-06-27T07:33:01.163+0000] {docker.py:436} INFO - 24/06/27 07:33:01 INFO Utils: /opt/bitnami/spark/.ivy2/jars/org.apache.spark_spark-sql-kafka-0-10_2.12-3.3.0.jar has been previously copied to /tmp/spark-eef92cb0-b040-4d55-a718-deea4d40ae15/userFiles-e4fc2d7f-0464-493f-bf9d-669c714c2bdb/org.apache.spark_spark-sql-kafka-0-10_2.12-3.3.0.jar
[2024-06-27T07:33:01.166+0000] {docker.py:436} INFO - 24/06/27 07:33:01 INFO Executor: Fetching file:///opt/bitnami/spark/.ivy2/jars/com.google.code.findbugs_jsr305-3.0.0.jar with timestamp 1719473579575
[2024-06-27T07:33:01.167+0000] {docker.py:436} INFO - 24/06/27 07:33:01 INFO Utils: /opt/bitnami/spark/.ivy2/jars/com.google.code.findbugs_jsr305-3.0.0.jar has been previously copied to /tmp/spark-eef92cb0-b040-4d55-a718-deea4d40ae15/userFiles-e4fc2d7f-0464-493f-bf9d-669c714c2bdb/com.google.code.findbugs_jsr305-3.0.0.jar
[2024-06-27T07:33:01.171+0000] {docker.py:436} INFO - 24/06/27 07:33:01 INFO Executor: Fetching file:///opt/bitnami/spark/.ivy2/jars/org.lz4_lz4-java-1.8.0.jar with timestamp 1719473579575
[2024-06-27T07:33:01.172+0000] {docker.py:436} INFO - 24/06/27 07:33:01 INFO Utils: /opt/bitnami/spark/.ivy2/jars/org.lz4_lz4-java-1.8.0.jar has been previously copied to /tmp/spark-eef92cb0-b040-4d55-a718-deea4d40ae15/userFiles-e4fc2d7f-0464-493f-bf9d-669c714c2bdb/org.lz4_lz4-java-1.8.0.jar
[2024-06-27T07:33:01.175+0000] {docker.py:436} INFO - 24/06/27 07:33:01 INFO Executor: Fetching file:///opt/bitnami/spark/.ivy2/jars/commons-logging_commons-logging-1.1.3.jar with timestamp 1719473579575
[2024-06-27T07:33:01.176+0000] {docker.py:436} INFO - 24/06/27 07:33:01 INFO Utils: /opt/bitnami/spark/.ivy2/jars/commons-logging_commons-logging-1.1.3.jar has been previously copied to /tmp/spark-eef92cb0-b040-4d55-a718-deea4d40ae15/userFiles-e4fc2d7f-0464-493f-bf9d-669c714c2bdb/commons-logging_commons-logging-1.1.3.jar
[2024-06-27T07:33:01.179+0000] {docker.py:436} INFO - 24/06/27 07:33:01 INFO Executor: Fetching file:///opt/bitnami/spark/.ivy2/jars/org.spark-project.spark_unused-1.0.0.jar with timestamp 1719473579575
[2024-06-27T07:33:01.180+0000] {docker.py:436} INFO - 24/06/27 07:33:01 INFO Utils: /opt/bitnami/spark/.ivy2/jars/org.spark-project.spark_unused-1.0.0.jar has been previously copied to /tmp/spark-eef92cb0-b040-4d55-a718-deea4d40ae15/userFiles-e4fc2d7f-0464-493f-bf9d-669c714c2bdb/org.spark-project.spark_unused-1.0.0.jar
[2024-06-27T07:33:01.184+0000] {docker.py:436} INFO - 24/06/27 07:33:01 INFO Executor: Fetching file:///opt/bitnami/spark/.ivy2/jars/org.apache.kafka_kafka-clients-2.8.1.jar with timestamp 1719473579575
[2024-06-27T07:33:01.188+0000] {docker.py:436} INFO - 24/06/27 07:33:01 INFO Utils: /opt/bitnami/spark/.ivy2/jars/org.apache.kafka_kafka-clients-2.8.1.jar has been previously copied to /tmp/spark-eef92cb0-b040-4d55-a718-deea4d40ae15/userFiles-e4fc2d7f-0464-493f-bf9d-669c714c2bdb/org.apache.kafka_kafka-clients-2.8.1.jar
[2024-06-27T07:33:01.195+0000] {docker.py:436} INFO - 24/06/27 07:33:01 INFO Executor: Fetching spark://localhost:42113/jars/org.apache.spark_spark-token-provider-kafka-0-10_2.12-3.3.0.jar with timestamp 1719473579575
[2024-06-27T07:33:01.238+0000] {docker.py:436} INFO - 24/06/27 07:33:01 INFO TransportClientFactory: Successfully created connection to localhost/127.0.0.1:42113 after 31 ms (0 ms spent in bootstraps)
[2024-06-27T07:33:01.245+0000] {docker.py:436} INFO - 24/06/27 07:33:01 INFO Utils: Fetching spark://localhost:42113/jars/org.apache.spark_spark-token-provider-kafka-0-10_2.12-3.3.0.jar to /tmp/spark-eef92cb0-b040-4d55-a718-deea4d40ae15/userFiles-e4fc2d7f-0464-493f-bf9d-669c714c2bdb/fetchFileTemp5849041530172072617.tmp
[2024-06-27T07:33:01.271+0000] {docker.py:436} INFO - 24/06/27 07:33:01 INFO Utils: /tmp/spark-eef92cb0-b040-4d55-a718-deea4d40ae15/userFiles-e4fc2d7f-0464-493f-bf9d-669c714c2bdb/fetchFileTemp5849041530172072617.tmp has been previously copied to /tmp/spark-eef92cb0-b040-4d55-a718-deea4d40ae15/userFiles-e4fc2d7f-0464-493f-bf9d-669c714c2bdb/org.apache.spark_spark-token-provider-kafka-0-10_2.12-3.3.0.jar
[2024-06-27T07:33:01.287+0000] {docker.py:436} INFO - 24/06/27 07:33:01 INFO Executor: Adding file:/tmp/spark-eef92cb0-b040-4d55-a718-deea4d40ae15/userFiles-e4fc2d7f-0464-493f-bf9d-669c714c2bdb/org.apache.spark_spark-token-provider-kafka-0-10_2.12-3.3.0.jar to class loader default
[2024-06-27T07:33:01.289+0000] {docker.py:436} INFO - 24/06/27 07:33:01 INFO Executor: Fetching spark://localhost:42113/jars/commons-logging_commons-logging-1.1.3.jar with timestamp 1719473579575
[2024-06-27T07:33:01.292+0000] {docker.py:436} INFO - 24/06/27 07:33:01 INFO Utils: Fetching spark://localhost:42113/jars/commons-logging_commons-logging-1.1.3.jar to /tmp/spark-eef92cb0-b040-4d55-a718-deea4d40ae15/userFiles-e4fc2d7f-0464-493f-bf9d-669c714c2bdb/fetchFileTemp15250384500409069637.tmp
[2024-06-27T07:33:01.302+0000] {docker.py:436} INFO - 24/06/27 07:33:01 INFO Utils: /tmp/spark-eef92cb0-b040-4d55-a718-deea4d40ae15/userFiles-e4fc2d7f-0464-493f-bf9d-669c714c2bdb/fetchFileTemp15250384500409069637.tmp has been previously copied to /tmp/spark-eef92cb0-b040-4d55-a718-deea4d40ae15/userFiles-e4fc2d7f-0464-493f-bf9d-669c714c2bdb/commons-logging_commons-logging-1.1.3.jar
[2024-06-27T07:33:01.319+0000] {docker.py:436} INFO - 24/06/27 07:33:01 INFO Executor: Adding file:/tmp/spark-eef92cb0-b040-4d55-a718-deea4d40ae15/userFiles-e4fc2d7f-0464-493f-bf9d-669c714c2bdb/commons-logging_commons-logging-1.1.3.jar to class loader default
[2024-06-27T07:33:01.320+0000] {docker.py:436} INFO - 24/06/27 07:33:01 INFO Executor: Fetching spark://localhost:42113/jars/org.slf4j_slf4j-api-1.7.32.jar with timestamp 1719473579575
[2024-06-27T07:33:01.321+0000] {docker.py:436} INFO - 24/06/27 07:33:01 INFO Utils: Fetching spark://localhost:42113/jars/org.slf4j_slf4j-api-1.7.32.jar to /tmp/spark-eef92cb0-b040-4d55-a718-deea4d40ae15/userFiles-e4fc2d7f-0464-493f-bf9d-669c714c2bdb/fetchFileTemp13619923072942933881.tmp
[2024-06-27T07:33:01.326+0000] {docker.py:436} INFO - 24/06/27 07:33:01 INFO Utils: /tmp/spark-eef92cb0-b040-4d55-a718-deea4d40ae15/userFiles-e4fc2d7f-0464-493f-bf9d-669c714c2bdb/fetchFileTemp13619923072942933881.tmp has been previously copied to /tmp/spark-eef92cb0-b040-4d55-a718-deea4d40ae15/userFiles-e4fc2d7f-0464-493f-bf9d-669c714c2bdb/org.slf4j_slf4j-api-1.7.32.jar
[2024-06-27T07:33:01.345+0000] {docker.py:436} INFO - 24/06/27 07:33:01 INFO Executor: Adding file:/tmp/spark-eef92cb0-b040-4d55-a718-deea4d40ae15/userFiles-e4fc2d7f-0464-493f-bf9d-669c714c2bdb/org.slf4j_slf4j-api-1.7.32.jar to class loader default
[2024-06-27T07:33:01.346+0000] {docker.py:436} INFO - 24/06/27 07:33:01 INFO Executor: Fetching spark://localhost:42113/jars/org.lz4_lz4-java-1.8.0.jar with timestamp 1719473579575
[2024-06-27T07:33:01.346+0000] {docker.py:436} INFO - 24/06/27 07:33:01 INFO Utils: Fetching spark://localhost:42113/jars/org.lz4_lz4-java-1.8.0.jar to /tmp/spark-eef92cb0-b040-4d55-a718-deea4d40ae15/userFiles-e4fc2d7f-0464-493f-bf9d-669c714c2bdb/fetchFileTemp8434826544280683060.tmp
[2024-06-27T07:33:01.357+0000] {docker.py:436} INFO - 24/06/27 07:33:01 INFO Utils: /tmp/spark-eef92cb0-b040-4d55-a718-deea4d40ae15/userFiles-e4fc2d7f-0464-493f-bf9d-669c714c2bdb/fetchFileTemp8434826544280683060.tmp has been previously copied to /tmp/spark-eef92cb0-b040-4d55-a718-deea4d40ae15/userFiles-e4fc2d7f-0464-493f-bf9d-669c714c2bdb/org.lz4_lz4-java-1.8.0.jar
[2024-06-27T07:33:01.362+0000] {docker.py:436} INFO - 24/06/27 07:33:01 INFO Executor: Adding file:/tmp/spark-eef92cb0-b040-4d55-a718-deea4d40ae15/userFiles-e4fc2d7f-0464-493f-bf9d-669c714c2bdb/org.lz4_lz4-java-1.8.0.jar to class loader default
[2024-06-27T07:33:01.363+0000] {docker.py:436} INFO - 24/06/27 07:33:01 INFO Executor: Fetching spark://localhost:42113/jars/org.spark-project.spark_unused-1.0.0.jar with timestamp 1719473579575
[2024-06-27T07:33:01.364+0000] {docker.py:436} INFO - 24/06/27 07:33:01 INFO Utils: Fetching spark://localhost:42113/jars/org.spark-project.spark_unused-1.0.0.jar to /tmp/spark-eef92cb0-b040-4d55-a718-deea4d40ae15/userFiles-e4fc2d7f-0464-493f-bf9d-669c714c2bdb/fetchFileTemp5598285926498889290.tmp
[2024-06-27T07:33:01.373+0000] {docker.py:436} INFO - 24/06/27 07:33:01 INFO Utils: /tmp/spark-eef92cb0-b040-4d55-a718-deea4d40ae15/userFiles-e4fc2d7f-0464-493f-bf9d-669c714c2bdb/fetchFileTemp5598285926498889290.tmp has been previously copied to /tmp/spark-eef92cb0-b040-4d55-a718-deea4d40ae15/userFiles-e4fc2d7f-0464-493f-bf9d-669c714c2bdb/org.spark-project.spark_unused-1.0.0.jar
[2024-06-27T07:33:01.374+0000] {docker.py:436} INFO - 24/06/27 07:33:01 INFO Executor: Adding file:/tmp/spark-eef92cb0-b040-4d55-a718-deea4d40ae15/userFiles-e4fc2d7f-0464-493f-bf9d-669c714c2bdb/org.spark-project.spark_unused-1.0.0.jar to class loader default
[2024-06-27T07:33:01.375+0000] {docker.py:436} INFO - 24/06/27 07:33:01 INFO Executor: Fetching spark://localhost:42113/jars/org.apache.kafka_kafka-clients-2.8.1.jar with timestamp 1719473579575
[2024-06-27T07:33:01.376+0000] {docker.py:436} INFO - 24/06/27 07:33:01 INFO Utils: Fetching spark://localhost:42113/jars/org.apache.kafka_kafka-clients-2.8.1.jar to /tmp/spark-eef92cb0-b040-4d55-a718-deea4d40ae15/userFiles-e4fc2d7f-0464-493f-bf9d-669c714c2bdb/fetchFileTemp2129668612269425170.tmp
[2024-06-27T07:33:01.413+0000] {docker.py:436} INFO - 24/06/27 07:33:01 INFO Utils: /tmp/spark-eef92cb0-b040-4d55-a718-deea4d40ae15/userFiles-e4fc2d7f-0464-493f-bf9d-669c714c2bdb/fetchFileTemp2129668612269425170.tmp has been previously copied to /tmp/spark-eef92cb0-b040-4d55-a718-deea4d40ae15/userFiles-e4fc2d7f-0464-493f-bf9d-669c714c2bdb/org.apache.kafka_kafka-clients-2.8.1.jar
[2024-06-27T07:33:01.419+0000] {docker.py:436} INFO - 24/06/27 07:33:01 INFO Executor: Adding file:/tmp/spark-eef92cb0-b040-4d55-a718-deea4d40ae15/userFiles-e4fc2d7f-0464-493f-bf9d-669c714c2bdb/org.apache.kafka_kafka-clients-2.8.1.jar to class loader default
[2024-06-27T07:33:01.420+0000] {docker.py:436} INFO - 24/06/27 07:33:01 INFO Executor: Fetching spark://localhost:42113/jars/org.apache.hadoop_hadoop-client-api-3.3.2.jar with timestamp 1719473579575
[2024-06-27T07:33:01.420+0000] {docker.py:436} INFO - 24/06/27 07:33:01 INFO Utils: Fetching spark://localhost:42113/jars/org.apache.hadoop_hadoop-client-api-3.3.2.jar to /tmp/spark-eef92cb0-b040-4d55-a718-deea4d40ae15/userFiles-e4fc2d7f-0464-493f-bf9d-669c714c2bdb/fetchFileTemp7707248770719822030.tmp
[2024-06-27T07:33:01.546+0000] {docker.py:436} INFO - 24/06/27 07:33:01 INFO Utils: /tmp/spark-eef92cb0-b040-4d55-a718-deea4d40ae15/userFiles-e4fc2d7f-0464-493f-bf9d-669c714c2bdb/fetchFileTemp7707248770719822030.tmp has been previously copied to /tmp/spark-eef92cb0-b040-4d55-a718-deea4d40ae15/userFiles-e4fc2d7f-0464-493f-bf9d-669c714c2bdb/org.apache.hadoop_hadoop-client-api-3.3.2.jar
[2024-06-27T07:33:01.554+0000] {docker.py:436} INFO - 24/06/27 07:33:01 INFO Executor: Adding file:/tmp/spark-eef92cb0-b040-4d55-a718-deea4d40ae15/userFiles-e4fc2d7f-0464-493f-bf9d-669c714c2bdb/org.apache.hadoop_hadoop-client-api-3.3.2.jar to class loader default
[2024-06-27T07:33:01.555+0000] {docker.py:436} INFO - 24/06/27 07:33:01 INFO Executor: Fetching spark://localhost:42113/jars/org.apache.commons_commons-pool2-2.11.1.jar with timestamp 1719473579575
[2024-06-27T07:33:01.556+0000] {docker.py:436} INFO - 24/06/27 07:33:01 INFO Utils: Fetching spark://localhost:42113/jars/org.apache.commons_commons-pool2-2.11.1.jar to /tmp/spark-eef92cb0-b040-4d55-a718-deea4d40ae15/userFiles-e4fc2d7f-0464-493f-bf9d-669c714c2bdb/fetchFileTemp1984915985942595349.tmp
[2024-06-27T07:33:01.558+0000] {docker.py:436} INFO - 24/06/27 07:33:01 INFO Utils: /tmp/spark-eef92cb0-b040-4d55-a718-deea4d40ae15/userFiles-e4fc2d7f-0464-493f-bf9d-669c714c2bdb/fetchFileTemp1984915985942595349.tmp has been previously copied to /tmp/spark-eef92cb0-b040-4d55-a718-deea4d40ae15/userFiles-e4fc2d7f-0464-493f-bf9d-669c714c2bdb/org.apache.commons_commons-pool2-2.11.1.jar
[2024-06-27T07:33:01.561+0000] {docker.py:436} INFO - 24/06/27 07:33:01 INFO Executor: Adding file:/tmp/spark-eef92cb0-b040-4d55-a718-deea4d40ae15/userFiles-e4fc2d7f-0464-493f-bf9d-669c714c2bdb/org.apache.commons_commons-pool2-2.11.1.jar to class loader default
[2024-06-27T07:33:01.562+0000] {docker.py:436} INFO - 24/06/27 07:33:01 INFO Executor: Fetching spark://localhost:42113/jars/org.apache.spark_spark-sql-kafka-0-10_2.12-3.3.0.jar with timestamp 1719473579575
[2024-06-27T07:33:01.563+0000] {docker.py:436} INFO - 24/06/27 07:33:01 INFO Utils: Fetching spark://localhost:42113/jars/org.apache.spark_spark-sql-kafka-0-10_2.12-3.3.0.jar to /tmp/spark-eef92cb0-b040-4d55-a718-deea4d40ae15/userFiles-e4fc2d7f-0464-493f-bf9d-669c714c2bdb/fetchFileTemp14959921033148090301.tmp
[2024-06-27T07:33:01.566+0000] {docker.py:436} INFO - 24/06/27 07:33:01 INFO Utils: /tmp/spark-eef92cb0-b040-4d55-a718-deea4d40ae15/userFiles-e4fc2d7f-0464-493f-bf9d-669c714c2bdb/fetchFileTemp14959921033148090301.tmp has been previously copied to /tmp/spark-eef92cb0-b040-4d55-a718-deea4d40ae15/userFiles-e4fc2d7f-0464-493f-bf9d-669c714c2bdb/org.apache.spark_spark-sql-kafka-0-10_2.12-3.3.0.jar
[2024-06-27T07:33:01.569+0000] {docker.py:436} INFO - 24/06/27 07:33:01 INFO Executor: Adding file:/tmp/spark-eef92cb0-b040-4d55-a718-deea4d40ae15/userFiles-e4fc2d7f-0464-493f-bf9d-669c714c2bdb/org.apache.spark_spark-sql-kafka-0-10_2.12-3.3.0.jar to class loader default
[2024-06-27T07:33:01.570+0000] {docker.py:436} INFO - 24/06/27 07:33:01 INFO Executor: Fetching spark://localhost:42113/jars/org.apache.hadoop_hadoop-client-runtime-3.3.2.jar with timestamp 1719473579575
[2024-06-27T07:33:01.570+0000] {docker.py:436} INFO - 24/06/27 07:33:01 INFO Utils: Fetching spark://localhost:42113/jars/org.apache.hadoop_hadoop-client-runtime-3.3.2.jar to /tmp/spark-eef92cb0-b040-4d55-a718-deea4d40ae15/userFiles-e4fc2d7f-0464-493f-bf9d-669c714c2bdb/fetchFileTemp2393961570149817770.tmp
[2024-06-27T07:33:01.756+0000] {docker.py:436} INFO - 24/06/27 07:33:01 INFO Utils: /tmp/spark-eef92cb0-b040-4d55-a718-deea4d40ae15/userFiles-e4fc2d7f-0464-493f-bf9d-669c714c2bdb/fetchFileTemp2393961570149817770.tmp has been previously copied to /tmp/spark-eef92cb0-b040-4d55-a718-deea4d40ae15/userFiles-e4fc2d7f-0464-493f-bf9d-669c714c2bdb/org.apache.hadoop_hadoop-client-runtime-3.3.2.jar
[2024-06-27T07:33:01.765+0000] {docker.py:436} INFO - 24/06/27 07:33:01 INFO Executor: Adding file:/tmp/spark-eef92cb0-b040-4d55-a718-deea4d40ae15/userFiles-e4fc2d7f-0464-493f-bf9d-669c714c2bdb/org.apache.hadoop_hadoop-client-runtime-3.3.2.jar to class loader default
[2024-06-27T07:33:01.766+0000] {docker.py:436} INFO - 24/06/27 07:33:01 INFO Executor: Fetching spark://localhost:42113/jars/org.postgresql_postgresql-42.2.2.jar with timestamp 1719473579575
[2024-06-27T07:33:01.767+0000] {docker.py:436} INFO - 24/06/27 07:33:01 INFO Utils: Fetching spark://localhost:42113/jars/org.postgresql_postgresql-42.2.2.jar to /tmp/spark-eef92cb0-b040-4d55-a718-deea4d40ae15/userFiles-e4fc2d7f-0464-493f-bf9d-669c714c2bdb/fetchFileTemp13683629279256564468.tmp
[2024-06-27T07:33:01.772+0000] {docker.py:436} INFO - 24/06/27 07:33:01 INFO Utils: /tmp/spark-eef92cb0-b040-4d55-a718-deea4d40ae15/userFiles-e4fc2d7f-0464-493f-bf9d-669c714c2bdb/fetchFileTemp13683629279256564468.tmp has been previously copied to /tmp/spark-eef92cb0-b040-4d55-a718-deea4d40ae15/userFiles-e4fc2d7f-0464-493f-bf9d-669c714c2bdb/org.postgresql_postgresql-42.2.2.jar
[2024-06-27T07:33:01.776+0000] {docker.py:436} INFO - 24/06/27 07:33:01 INFO Executor: Adding file:/tmp/spark-eef92cb0-b040-4d55-a718-deea4d40ae15/userFiles-e4fc2d7f-0464-493f-bf9d-669c714c2bdb/org.postgresql_postgresql-42.2.2.jar to class loader default
[2024-06-27T07:33:01.777+0000] {docker.py:436} INFO - 24/06/27 07:33:01 INFO Executor: Fetching spark://localhost:42113/jars/org.xerial.snappy_snappy-java-1.1.8.4.jar with timestamp 1719473579575
[2024-06-27T07:33:01.777+0000] {docker.py:436} INFO - 24/06/27 07:33:01 INFO Utils: Fetching spark://localhost:42113/jars/org.xerial.snappy_snappy-java-1.1.8.4.jar to /tmp/spark-eef92cb0-b040-4d55-a718-deea4d40ae15/userFiles-e4fc2d7f-0464-493f-bf9d-669c714c2bdb/fetchFileTemp10351633629494586386.tmp
[2024-06-27T07:33:01.788+0000] {docker.py:436} INFO - 24/06/27 07:33:01 INFO Utils: /tmp/spark-eef92cb0-b040-4d55-a718-deea4d40ae15/userFiles-e4fc2d7f-0464-493f-bf9d-669c714c2bdb/fetchFileTemp10351633629494586386.tmp has been previously copied to /tmp/spark-eef92cb0-b040-4d55-a718-deea4d40ae15/userFiles-e4fc2d7f-0464-493f-bf9d-669c714c2bdb/org.xerial.snappy_snappy-java-1.1.8.4.jar
[2024-06-27T07:33:01.793+0000] {docker.py:436} INFO - 24/06/27 07:33:01 INFO Executor: Adding file:/tmp/spark-eef92cb0-b040-4d55-a718-deea4d40ae15/userFiles-e4fc2d7f-0464-493f-bf9d-669c714c2bdb/org.xerial.snappy_snappy-java-1.1.8.4.jar to class loader default
[2024-06-27T07:33:01.795+0000] {docker.py:436} INFO - 24/06/27 07:33:01 INFO Executor: Fetching spark://localhost:42113/jars/com.google.code.findbugs_jsr305-3.0.0.jar with timestamp 1719473579575
[2024-06-27T07:33:01.797+0000] {docker.py:436} INFO - 24/06/27 07:33:01 INFO Utils: Fetching spark://localhost:42113/jars/com.google.code.findbugs_jsr305-3.0.0.jar to /tmp/spark-eef92cb0-b040-4d55-a718-deea4d40ae15/userFiles-e4fc2d7f-0464-493f-bf9d-669c714c2bdb/fetchFileTemp17958313614996030580.tmp
[2024-06-27T07:33:01.798+0000] {docker.py:436} INFO - 24/06/27 07:33:01 INFO Utils: /tmp/spark-eef92cb0-b040-4d55-a718-deea4d40ae15/userFiles-e4fc2d7f-0464-493f-bf9d-669c714c2bdb/fetchFileTemp17958313614996030580.tmp has been previously copied to /tmp/spark-eef92cb0-b040-4d55-a718-deea4d40ae15/userFiles-e4fc2d7f-0464-493f-bf9d-669c714c2bdb/com.google.code.findbugs_jsr305-3.0.0.jar
[2024-06-27T07:33:01.805+0000] {docker.py:436} INFO - 24/06/27 07:33:01 INFO Executor: Adding file:/tmp/spark-eef92cb0-b040-4d55-a718-deea4d40ae15/userFiles-e4fc2d7f-0464-493f-bf9d-669c714c2bdb/com.google.code.findbugs_jsr305-3.0.0.jar to class loader default
[2024-06-27T07:33:01.821+0000] {docker.py:436} INFO - 24/06/27 07:33:01 INFO Utils: Successfully started service 'org.apache.spark.network.netty.NettyBlockTransferService' on port 42021.
[2024-06-27T07:33:01.822+0000] {docker.py:436} INFO - 24/06/27 07:33:01 INFO NettyBlockTransferService: Server created on localhost:42021
[2024-06-27T07:33:01.827+0000] {docker.py:436} INFO - 24/06/27 07:33:01 INFO BlockManager: Using org.apache.spark.storage.RandomBlockReplicationPolicy for block replication policy
[2024-06-27T07:33:01.834+0000] {docker.py:436} INFO - 24/06/27 07:33:01 INFO BlockManagerMaster: Registering BlockManager BlockManagerId(driver, localhost, 42021, None)
[2024-06-27T07:33:01.842+0000] {docker.py:436} INFO - 24/06/27 07:33:01 INFO BlockManagerMasterEndpoint: Registering block manager localhost:42021 with 434.4 MiB RAM, BlockManagerId(driver, localhost, 42021, None)
[2024-06-27T07:33:01.846+0000] {docker.py:436} INFO - 24/06/27 07:33:01 INFO BlockManagerMaster: Registered BlockManager BlockManagerId(driver, localhost, 42021, None)
[2024-06-27T07:33:01.848+0000] {docker.py:436} INFO - 24/06/27 07:33:01 INFO BlockManager: Initialized BlockManager: BlockManagerId(driver, localhost, 42021, None)
[2024-06-27T07:33:02.322+0000] {docker.py:436} INFO - 2024-06-27 07:33:02,322:create_spark_session:INFO:Spark session created successfully
[2024-06-27T07:33:02.330+0000] {docker.py:436} INFO - 24/06/27 07:33:02 INFO SharedState: Setting hive.metastore.warehouse.dir ('null') to the value of spark.sql.warehouse.dir.
[2024-06-27T07:33:02.333+0000] {docker.py:436} INFO - 24/06/27 07:33:02 INFO SharedState: Warehouse path is 'file:/opt/bitnami/spark/spark-warehouse'.
[2024-06-27T07:33:04.176+0000] {docker.py:436} INFO - 2024-06-27 07:33:04,175:create_initial_dataframe:INFO:Initial dataframe created successfully:
[2024-06-27T07:33:06.092+0000] {docker.py:436} INFO - 24/06/27 07:33:06 INFO CodeGenerator: Code generated in 223.793752 ms
[2024-06-27T07:33:06.136+0000] {docker.py:436} INFO - 24/06/27 07:33:06 INFO CodeGenerator: Code generated in 32.625091 ms
[2024-06-27T07:33:06.236+0000] {docker.py:436} INFO - 24/06/27 07:33:06 INFO SparkContext: Starting job: showString at NativeMethodAccessorImpl.java:0
[2024-06-27T07:33:06.257+0000] {docker.py:436} INFO - 24/06/27 07:33:06 INFO DAGScheduler: Got job 0 (showString at NativeMethodAccessorImpl.java:0) with 1 output partitions
[2024-06-27T07:33:06.258+0000] {docker.py:436} INFO - 24/06/27 07:33:06 INFO DAGScheduler: Final stage: ResultStage 0 (showString at NativeMethodAccessorImpl.java:0)
[2024-06-27T07:33:06.259+0000] {docker.py:436} INFO - 24/06/27 07:33:06 INFO DAGScheduler: Parents of final stage: List()
[2024-06-27T07:33:06.261+0000] {docker.py:436} INFO - 24/06/27 07:33:06 INFO DAGScheduler: Missing parents: List()
[2024-06-27T07:33:06.265+0000] {docker.py:436} INFO - 24/06/27 07:33:06 INFO DAGScheduler: Submitting ResultStage 0 (MapPartitionsRDD[8] at showString at NativeMethodAccessorImpl.java:0), which has no missing parents
[2024-06-27T07:33:06.420+0000] {docker.py:436} INFO - 24/06/27 07:33:06 INFO MemoryStore: Block broadcast_0 stored as values in memory (estimated size 27.3 KiB, free 434.4 MiB)
[2024-06-27T07:33:06.505+0000] {docker.py:436} INFO - 24/06/27 07:33:06 INFO MemoryStore: Block broadcast_0_piece0 stored as bytes in memory (estimated size 12.5 KiB, free 434.4 MiB)
[2024-06-27T07:33:06.509+0000] {docker.py:436} INFO - 24/06/27 07:33:06 INFO BlockManagerInfo: Added broadcast_0_piece0 in memory on localhost:42021 (size: 12.5 KiB, free: 434.4 MiB)
[2024-06-27T07:33:06.516+0000] {docker.py:436} INFO - 24/06/27 07:33:06 INFO SparkContext: Created broadcast 0 from broadcast at DAGScheduler.scala:1585
[2024-06-27T07:33:06.550+0000] {docker.py:436} INFO - 24/06/27 07:33:06 INFO DAGScheduler: Submitting 1 missing tasks from ResultStage 0 (MapPartitionsRDD[8] at showString at NativeMethodAccessorImpl.java:0) (first 15 tasks are for partitions Vector(0))
[2024-06-27T07:33:06.551+0000] {docker.py:436} INFO - 24/06/27 07:33:06 INFO TaskSchedulerImpl: Adding task set 0.0 with 1 tasks resource profile 0
[2024-06-27T07:33:06.638+0000] {docker.py:436} INFO - 24/06/27 07:33:06 INFO TaskSetManager: Starting task 0.0 in stage 0.0 (TID 0) (localhost, executor driver, partition 0, PROCESS_LOCAL, 10106 bytes)
[2024-06-27T07:33:06.660+0000] {docker.py:436} INFO - 24/06/27 07:33:06 INFO Executor: Running task 0.0 in stage 0.0 (TID 0)
[2024-06-27T07:33:07.673+0000] {docker.py:436} INFO - 24/06/27 07:33:07 INFO CodeGenerator: Code generated in 57.742429 ms
[2024-06-27T07:33:07.775+0000] {docker.py:436} INFO - 24/06/27 07:33:07 INFO CodeGenerator: Code generated in 66.038177 ms
[2024-06-27T07:33:07.809+0000] {docker.py:436} INFO - 24/06/27 07:33:07 INFO CodeGenerator: Code generated in 28.003047 ms
[2024-06-27T07:33:08.102+0000] {docker.py:436} INFO - 24/06/27 07:33:08 INFO PythonRunner: Times: total = 1292, boot = 797, init = 495, finish = 0
[2024-06-27T07:33:08.127+0000] {docker.py:436} INFO - 24/06/27 07:33:08 INFO Executor: Finished task 0.0 in stage 0.0 (TID 0). 1985 bytes result sent to driver
[2024-06-27T07:33:08.138+0000] {docker.py:436} INFO - 24/06/27 07:33:08 INFO TaskSetManager: Finished task 0.0 in stage 0.0 (TID 0) in 1528 ms on localhost (executor driver) (1/1)
[2024-06-27T07:33:08.141+0000] {docker.py:436} INFO - 24/06/27 07:33:08 INFO TaskSchedulerImpl: Removed TaskSet 0.0, whose tasks have all completed, from pool
[2024-06-27T07:33:08.147+0000] {docker.py:436} INFO - 24/06/27 07:33:08 INFO PythonAccumulatorV2: Connected to AccumulatorServer at host: 127.0.0.1 port: 59403
[2024-06-27T07:33:08.152+0000] {docker.py:436} INFO - 24/06/27 07:33:08 INFO DAGScheduler: ResultStage 0 (showString at NativeMethodAccessorImpl.java:0) finished in 1.873 s
[2024-06-27T07:33:08.158+0000] {docker.py:436} INFO - 24/06/27 07:33:08 INFO DAGScheduler: Job 0 is finished. Cancelling potential speculative or zombie tasks for this job
[2024-06-27T07:33:08.158+0000] {docker.py:436} INFO - 24/06/27 07:33:08 INFO TaskSchedulerImpl: Killing all running tasks in stage 0: Stage finished
[2024-06-27T07:33:08.161+0000] {docker.py:436} INFO - 24/06/27 07:33:08 INFO DAGScheduler: Job 0 finished: showString at NativeMethodAccessorImpl.java:0, took 1.924405 s
[2024-06-27T07:33:08.182+0000] {docker.py:436} INFO - 24/06/27 07:33:08 INFO SparkContext: Starting job: showString at NativeMethodAccessorImpl.java:0
[2024-06-27T07:33:08.184+0000] {docker.py:436} INFO - 24/06/27 07:33:08 INFO DAGScheduler: Got job 1 (showString at NativeMethodAccessorImpl.java:0) with 3 output partitions
[2024-06-27T07:33:08.185+0000] {docker.py:436} INFO - 24/06/27 07:33:08 INFO DAGScheduler: Final stage: ResultStage 1 (showString at NativeMethodAccessorImpl.java:0)
24/06/27 07:33:08 INFO DAGScheduler: Parents of final stage: List()
[2024-06-27T07:33:08.186+0000] {docker.py:436} INFO - 24/06/27 07:33:08 INFO DAGScheduler: Missing parents: List()
[2024-06-27T07:33:08.187+0000] {docker.py:436} INFO - 24/06/27 07:33:08 INFO DAGScheduler: Submitting ResultStage 1 (MapPartitionsRDD[8] at showString at NativeMethodAccessorImpl.java:0), which has no missing parents
[2024-06-27T07:33:08.200+0000] {docker.py:436} INFO - 24/06/27 07:33:08 INFO MemoryStore: Block broadcast_1 stored as values in memory (estimated size 27.3 KiB, free 434.3 MiB)
[2024-06-27T07:33:08.203+0000] {docker.py:436} INFO - 24/06/27 07:33:08 INFO MemoryStore: Block broadcast_1_piece0 stored as bytes in memory (estimated size 12.5 KiB, free 434.3 MiB)
[2024-06-27T07:33:08.204+0000] {docker.py:436} INFO - 24/06/27 07:33:08 INFO BlockManagerInfo: Added broadcast_1_piece0 in memory on localhost:42021 (size: 12.5 KiB, free: 434.4 MiB)
[2024-06-27T07:33:08.205+0000] {docker.py:436} INFO - 24/06/27 07:33:08 INFO SparkContext: Created broadcast 1 from broadcast at DAGScheduler.scala:1585
[2024-06-27T07:33:08.208+0000] {docker.py:436} INFO - 24/06/27 07:33:08 INFO DAGScheduler: Submitting 3 missing tasks from ResultStage 1 (MapPartitionsRDD[8] at showString at NativeMethodAccessorImpl.java:0) (first 15 tasks are for partitions Vector(1, 2, 3))
[2024-06-27T07:33:08.209+0000] {docker.py:436} INFO - 24/06/27 07:33:08 INFO TaskSchedulerImpl: Adding task set 1.0 with 3 tasks resource profile 0
[2024-06-27T07:33:08.211+0000] {docker.py:436} INFO - 24/06/27 07:33:08 INFO TaskSetManager: Starting task 0.0 in stage 1.0 (TID 1) (localhost, executor driver, partition 1, PROCESS_LOCAL, 10106 bytes)
[2024-06-27T07:33:08.212+0000] {docker.py:436} INFO - 24/06/27 07:33:08 INFO TaskSetManager: Starting task 1.0 in stage 1.0 (TID 2) (localhost, executor driver, partition 2, PROCESS_LOCAL, 10106 bytes)
[2024-06-27T07:33:08.214+0000] {docker.py:436} INFO - 24/06/27 07:33:08 INFO TaskSetManager: Starting task 2.0 in stage 1.0 (TID 3) (localhost, executor driver, partition 3, PROCESS_LOCAL, 10145 bytes)
[2024-06-27T07:33:08.215+0000] {docker.py:436} INFO - 24/06/27 07:33:08 INFO Executor: Running task 0.0 in stage 1.0 (TID 1)
[2024-06-27T07:33:08.217+0000] {docker.py:436} INFO - 24/06/27 07:33:08 INFO Executor: Running task 1.0 in stage 1.0 (TID 2)
[2024-06-27T07:33:08.218+0000] {docker.py:436} INFO - 24/06/27 07:33:08 INFO Executor: Running task 2.0 in stage 1.0 (TID 3)
[2024-06-27T07:33:08.985+0000] {docker.py:436} INFO - 24/06/27 07:33:08 INFO PythonRunner: Times: total = 742, boot = 8, init = 733, finish = 1
[2024-06-27T07:33:08.993+0000] {docker.py:436} INFO - 24/06/27 07:33:08 INFO Executor: Finished task 0.0 in stage 1.0 (TID 1). 1899 bytes result sent to driver
[2024-06-27T07:33:09.008+0000] {docker.py:436} INFO - 24/06/27 07:33:09 INFO TaskSetManager: Finished task 0.0 in stage 1.0 (TID 1) in 798 ms on localhost (executor driver) (1/3)
[2024-06-27T07:33:09.048+0000] {docker.py:436} INFO - 24/06/27 07:33:09 INFO PythonRunner: Times: total = 721, boot = -122, init = 843, finish = 0
[2024-06-27T07:33:09.052+0000] {docker.py:436} INFO - 24/06/27 07:33:09 INFO Executor: Finished task 2.0 in stage 1.0 (TID 3). 1948 bytes result sent to driver
[2024-06-27T07:33:09.056+0000] {docker.py:436} INFO - 24/06/27 07:33:09 INFO TaskSetManager: Finished task 2.0 in stage 1.0 (TID 3) in 844 ms on localhost (executor driver) (2/3)
[2024-06-27T07:33:09.084+0000] {docker.py:436} INFO - 24/06/27 07:33:09 INFO PythonRunner: Times: total = 845, boot = 9, init = 836, finish = 0
[2024-06-27T07:33:09.088+0000] {docker.py:436} INFO - 24/06/27 07:33:09 INFO Executor: Finished task 1.0 in stage 1.0 (TID 2). 1899 bytes result sent to driver
[2024-06-27T07:33:09.092+0000] {docker.py:436} INFO - 24/06/27 07:33:09 INFO TaskSetManager: Finished task 1.0 in stage 1.0 (TID 2) in 882 ms on localhost (executor driver) (3/3)
[2024-06-27T07:33:09.094+0000] {docker.py:436} INFO - 24/06/27 07:33:09 INFO DAGScheduler: ResultStage 1 (showString at NativeMethodAccessorImpl.java:0) finished in 0.901 s
[2024-06-27T07:33:09.096+0000] {docker.py:436} INFO - 24/06/27 07:33:09 INFO DAGScheduler: Job 1 is finished. Cancelling potential speculative or zombie tasks for this job
[2024-06-27T07:33:09.097+0000] {docker.py:436} INFO - 24/06/27 07:33:09 INFO TaskSchedulerImpl: Removed TaskSet 1.0, whose tasks have all completed, from pool 
24/06/27 07:33:09 INFO TaskSchedulerImpl: Killing all running tasks in stage 1: Stage finished
[2024-06-27T07:33:09.097+0000] {docker.py:436} INFO - 24/06/27 07:33:09 INFO DAGScheduler: Job 1 finished: showString at NativeMethodAccessorImpl.java:0, took 0.914937 s
[2024-06-27T07:33:10.129+0000] {docker.py:436} INFO - 24/06/27 07:33:10 INFO BlockManagerInfo: Removed broadcast_1_piece0 on localhost:42021 in memory (size: 12.5 KiB, free: 434.4 MiB)
[2024-06-27T07:33:10.487+0000] {docker.py:436} INFO - 24/06/27 07:33:10 INFO CodeGenerator: Code generated in 24.716915 ms
[2024-06-27T07:33:10.500+0000] {docker.py:436} INFO - +--------------+----------------+----+--------+------------+--------------+
|item_purchased|date_of_purchase|cost|quantity|purchased_by|payment_method|
+--------------+----------------+----+--------+------------+--------------+
|          NULL|            NULL|NULL|    NULL|        NULL|          NULL|
+--------------+----------------+----+--------+------------+--------------+
[2024-06-27T07:33:10.502+0000] {docker.py:436} INFO - 2024-06-27 07:33:10,500:close:INFO:Closing down clientserver connection
[2024-06-27T07:33:10.571+0000] {docker.py:436} INFO - 24/06/27 07:33:10 INFO SparkContext: Invoking stop() from shutdown hook
[2024-06-27T07:33:10.572+0000] {docker.py:436} INFO - 24/06/27 07:33:10 INFO SparkContext: SparkContext is stopping with exitCode 0.
[2024-06-27T07:33:10.583+0000] {docker.py:436} INFO - 24/06/27 07:33:10 INFO SparkUI: Stopped Spark web UI at http://localhost:4040
[2024-06-27T07:33:10.606+0000] {docker.py:436} INFO - 24/06/27 07:33:10 INFO MapOutputTrackerMasterEndpoint: MapOutputTrackerMasterEndpoint stopped!
[2024-06-27T07:33:10.627+0000] {docker.py:436} INFO - 24/06/27 07:33:10 INFO MemoryStore: MemoryStore cleared
[2024-06-27T07:33:10.629+0000] {docker.py:436} INFO - 24/06/27 07:33:10 INFO BlockManager: BlockManager stopped
[2024-06-27T07:33:10.635+0000] {docker.py:436} INFO - 24/06/27 07:33:10 INFO BlockManagerMaster: BlockManagerMaster stopped
[2024-06-27T07:33:10.639+0000] {docker.py:436} INFO - 24/06/27 07:33:10 INFO OutputCommitCoordinator$OutputCommitCoordinatorEndpoint: OutputCommitCoordinator stopped!
[2024-06-27T07:33:10.649+0000] {docker.py:436} INFO - 24/06/27 07:33:10 INFO SparkContext: Successfully stopped SparkContext
[2024-06-27T07:33:10.650+0000] {docker.py:436} INFO - 24/06/27 07:33:10 INFO ShutdownHookManager: Shutdown hook called
[2024-06-27T07:33:10.652+0000] {docker.py:436} INFO - 24/06/27 07:33:10 INFO ShutdownHookManager: Deleting directory /tmp/spark-aaa45ac0-76de-4f0a-979c-a0988c56a5c7
[2024-06-27T07:33:10.658+0000] {docker.py:436} INFO - 24/06/27 07:33:10 INFO ShutdownHookManager: Deleting directory /tmp/spark-eef92cb0-b040-4d55-a718-deea4d40ae15
[2024-06-27T07:33:10.664+0000] {docker.py:436} INFO - 24/06/27 07:33:10 INFO ShutdownHookManager: Deleting directory /tmp/spark-eef92cb0-b040-4d55-a718-deea4d40ae15/pyspark-319366cd-a4a8-4d6c-a51b-bdde2cb0ee62
[2024-06-27T07:33:13.037+0000] {taskinstance.py:441} INFO - ::group::Post task execution logs
[2024-06-27T07:33:13.062+0000] {taskinstance.py:1206} INFO - Marking task as SUCCESS. dag_id=Stage_1, task_id=run_bronze_job, run_id=manual__2024-06-27T07:32:31.425158+00:00, execution_date=20240627T073231, start_date=20240627T073238, end_date=20240627T073313
[2024-06-27T07:33:13.082+0000] {local_task_job_runner.py:240} INFO - Task exited with return code 0
[2024-06-27T07:33:13.098+0000] {taskinstance.py:3498} INFO - 0 downstream tasks scheduled from follow-on schedule check
[2024-06-27T07:33:13.101+0000] {local_task_job_runner.py:222} INFO - ::endgroup::
