[2024-06-27T19:05:35.241+0000] {local_task_job_runner.py:120} INFO - ::group::Pre task execution logs
[2024-06-27T19:05:35.281+0000] {taskinstance.py:2076} INFO - Dependencies all met for dep_context=non-requeueable deps ti=<TaskInstance: Stage_1.table_creations manual__2024-06-27T19:05:30.664044+00:00 [queued]>
[2024-06-27T19:05:35.292+0000] {taskinstance.py:2076} INFO - Dependencies all met for dep_context=requeueable deps ti=<TaskInstance: Stage_1.table_creations manual__2024-06-27T19:05:30.664044+00:00 [queued]>
[2024-06-27T19:05:35.292+0000] {taskinstance.py:2306} INFO - Starting attempt 1 of 1
[2024-06-27T19:05:35.308+0000] {taskinstance.py:2330} INFO - Executing <Task(PythonOperator): table_creations> on 2024-06-27 19:05:30.664044+00:00
[2024-06-27T19:05:35.317+0000] {logging_mixin.py:188} WARNING - /home/***/.local/lib/python3.12/site-packages/***/task/task_runner/standard_task_runner.py:61 DeprecationWarning: This process (pid=799) is multi-threaded, use of fork() may lead to deadlocks in the child.
[2024-06-27T19:05:35.318+0000] {standard_task_runner.py:63} INFO - Started process 800 to run task
[2024-06-27T19:05:35.317+0000] {standard_task_runner.py:90} INFO - Running: ['***', 'tasks', 'run', 'Stage_1', 'table_creations', 'manual__2024-06-27T19:05:30.664044+00:00', '--job-id', '420', '--raw', '--subdir', 'DAGS_FOLDER/kafka_dag.py', '--cfg-path', '/tmp/tmpj3q69i_g']
[2024-06-27T19:05:35.319+0000] {standard_task_runner.py:91} INFO - Job 420: Subtask table_creations
[2024-06-27T19:05:35.334+0000] {logging_mixin.py:188} WARNING - /home/***/.local/lib/python3.12/site-packages/***/settings.py:195 DeprecationWarning: The sql_alchemy_conn option in [core] has been moved to the sql_alchemy_conn option in [database] - the old setting has been used, but please update your config.
[2024-06-27T19:05:35.369+0000] {task_command.py:426} INFO - Running <TaskInstance: Stage_1.table_creations manual__2024-06-27T19:05:30.664044+00:00 [running]> on host bafdbafde709
[2024-06-27T19:05:35.473+0000] {taskinstance.py:2648} INFO - Exporting env vars: AIRFLOW_CTX_DAG_OWNER='***' AIRFLOW_CTX_DAG_ID='Stage_1' AIRFLOW_CTX_TASK_ID='table_creations' AIRFLOW_CTX_EXECUTION_DATE='2024-06-27T19:05:30.664044+00:00' AIRFLOW_CTX_TRY_NUMBER='1' AIRFLOW_CTX_DAG_RUN_ID='manual__2024-06-27T19:05:30.664044+00:00'
[2024-06-27T19:05:35.474+0000] {taskinstance.py:430} INFO - ::endgroup::
[2024-06-27T19:05:35.504+0000] {logging_mixin.py:188} INFO - Table 'bronze_grocery_purchase' created successfully.
[2024-06-27T19:05:35.515+0000] {logging_mixin.py:188} INFO - Table 'silver_grocery_purchase' created successfully.
[2024-06-27T19:05:35.515+0000] {python.py:237} INFO - Done. Returned value was: None
[2024-06-27T19:05:35.516+0000] {taskinstance.py:441} INFO - ::group::Post task execution logs
[2024-06-27T19:05:35.526+0000] {taskinstance.py:1206} INFO - Marking task as SUCCESS. dag_id=Stage_1, task_id=table_creations, run_id=manual__2024-06-27T19:05:30.664044+00:00, execution_date=20240627T190530, start_date=20240627T190535, end_date=20240627T190535
[2024-06-27T19:05:35.572+0000] {local_task_job_runner.py:240} INFO - Task exited with return code 0
[2024-06-27T19:05:35.601+0000] {taskinstance.py:3498} INFO - 1 downstream tasks scheduled from follow-on schedule check
[2024-06-27T19:05:35.604+0000] {local_task_job_runner.py:222} INFO - ::endgroup::
