[2024-06-25T18:59:23.737+0000] {local_task_job_runner.py:120} INFO - ::group::Pre task execution logs
[2024-06-25T18:59:23.773+0000] {taskinstance.py:2076} INFO - Dependencies all met for dep_context=non-requeueable deps ti=<TaskInstance: Stage_1.run_bronze_job manual__2024-06-25T18:59:17.830489+00:00 [queued]>
[2024-06-25T18:59:23.785+0000] {taskinstance.py:2076} INFO - Dependencies all met for dep_context=requeueable deps ti=<TaskInstance: Stage_1.run_bronze_job manual__2024-06-25T18:59:17.830489+00:00 [queued]>
[2024-06-25T18:59:23.785+0000] {taskinstance.py:2306} INFO - Starting attempt 1 of 1
[2024-06-25T18:59:23.814+0000] {taskinstance.py:2330} INFO - Executing <Task(DockerOperator): run_bronze_job> on 2024-06-25 18:59:17.830489+00:00
[2024-06-25T18:59:23.821+0000] {logging_mixin.py:188} WARNING - /home/***/.local/lib/python3.12/site-packages/***/task/task_runner/standard_task_runner.py:61 DeprecationWarning: This process (pid=300) is multi-threaded, use of fork() may lead to deadlocks in the child.
[2024-06-25T18:59:23.822+0000] {standard_task_runner.py:63} INFO - Started process 301 to run task
[2024-06-25T18:59:23.821+0000] {standard_task_runner.py:90} INFO - Running: ['***', 'tasks', 'run', 'Stage_1', 'run_bronze_job', 'manual__2024-06-25T18:59:17.830489+00:00', '--job-id', '11', '--raw', '--subdir', 'DAGS_FOLDER/kafka_dag.py', '--cfg-path', '/tmp/tmpumq2_sje']
[2024-06-25T18:59:23.823+0000] {standard_task_runner.py:91} INFO - Job 11: Subtask run_bronze_job
[2024-06-25T18:59:23.850+0000] {logging_mixin.py:188} WARNING - /home/***/.local/lib/python3.12/site-packages/***/settings.py:195 DeprecationWarning: The sql_alchemy_conn option in [core] has been moved to the sql_alchemy_conn option in [database] - the old setting has been used, but please update your config.
[2024-06-25T18:59:23.884+0000] {task_command.py:426} INFO - Running <TaskInstance: Stage_1.run_bronze_job manual__2024-06-25T18:59:17.830489+00:00 [running]> on host 52f7dad43485
[2024-06-25T18:59:24.004+0000] {taskinstance.py:2648} INFO - Exporting env vars: AIRFLOW_CTX_DAG_OWNER='***' AIRFLOW_CTX_DAG_ID='Stage_1' AIRFLOW_CTX_TASK_ID='run_bronze_job' AIRFLOW_CTX_EXECUTION_DATE='2024-06-25T18:59:17.830489+00:00' AIRFLOW_CTX_TRY_NUMBER='1' AIRFLOW_CTX_DAG_RUN_ID='manual__2024-06-25T18:59:17.830489+00:00'
[2024-06-25T18:59:24.004+0000] {taskinstance.py:430} INFO - ::endgroup::
[2024-06-25T18:59:24.035+0000] {docker.py:366} INFO - Starting docker container from image bitnami/spark:latest
[2024-06-25T18:59:24.038+0000] {docker.py:374} WARNING - Using remote engine or docker-in-docker and mounting temporary volume from host is not supported. Falling back to `mount_tmp_dir=False` mode. You can set `mount_tmp_dir` parameter to False to disable mounting and remove the warning
[2024-06-25T18:59:25.497+0000] {docker.py:436} INFO - [38;5;6mspark [38;5;5m18:59:25.49 [0m[38;5;2mINFO [0m ==>
[2024-06-25T18:59:25.498+0000] {docker.py:436} INFO - [38;5;6mspark [38;5;5m18:59:25.49 [0m[38;5;2mINFO [0m ==> [1mWelcome to the Bitnami spark container[0m
[2024-06-25T18:59:25.500+0000] {docker.py:436} INFO - [38;5;6mspark [38;5;5m18:59:25.50 [0m[38;5;2mINFO [0m ==> Subscribe to project updates by watching [1mhttps://github.com/bitnami/containers[0m
[2024-06-25T18:59:25.502+0000] {docker.py:436} INFO - [38;5;6mspark [38;5;5m18:59:25.50 [0m[38;5;2mINFO [0m ==> Submit issues and feature requests at [1mhttps://github.com/bitnami/containers/issues[0m
[2024-06-25T18:59:25.503+0000] {docker.py:436} INFO - [38;5;6mspark [38;5;5m18:59:25.50 [0m[38;5;2mINFO [0m ==> Upgrade to Tanzu Application Catalog for production environments to access custom-configured and pre-packaged software components. Gain enhanced features, including Software Bill of Materials (SBOM), CVE scan result reports, and VEX documents. To learn more, visit [1mhttps://bitnami.com/enterprise[0m
[2024-06-25T18:59:25.505+0000] {docker.py:436} INFO - [38;5;6mspark [38;5;5m18:59:25.50 [0m[38;5;2mINFO [0m ==>
[2024-06-25T18:59:25.514+0000] {docker.py:436} INFO - 
[2024-06-25T18:59:27.568+0000] {docker.py:436} INFO - :: loading settings :: url = jar:file:/opt/bitnami/spark/jars/ivy-2.5.1.jar!/org/apache/ivy/core/settings/ivysettings.xml
[2024-06-25T18:59:27.664+0000] {docker.py:436} INFO - Ivy Default Cache set to: /opt/bitnami/spark/.ivy2/cache
The jars for the packages stored in: /opt/bitnami/spark/.ivy2/jars
[2024-06-25T18:59:27.670+0000] {docker.py:436} INFO - org.apache.spark#spark-sql-kafka-0-10_2.12 added as a dependency
org.postgresql#postgresql added as a dependency
[2024-06-25T18:59:27.671+0000] {docker.py:436} INFO - :: resolving dependencies :: org.apache.spark#spark-submit-parent-95e45730-603b-4238-bec6-df0e1a501f1c;1.0
	confs: [default]
[2024-06-25T18:59:29.712+0000] {docker.py:436} INFO - found org.apache.spark#spark-sql-kafka-0-10_2.12;3.3.0 in central
[2024-06-25T18:59:30.077+0000] {docker.py:436} INFO - found org.apache.spark#spark-token-provider-kafka-0-10_2.12;3.3.0 in central
[2024-06-25T18:59:30.161+0000] {docker.py:436} INFO - found org.apache.kafka#kafka-clients;2.8.1 in central
[2024-06-25T18:59:30.258+0000] {docker.py:436} INFO - found org.lz4#lz4-java;1.8.0 in central
[2024-06-25T18:59:30.317+0000] {docker.py:436} INFO - found org.xerial.snappy#snappy-java;1.1.8.4 in central
[2024-06-25T18:59:31.127+0000] {docker.py:436} INFO - found org.slf4j#slf4j-api;1.7.32 in central
[2024-06-25T18:59:32.875+0000] {docker.py:436} INFO - found org.apache.hadoop#hadoop-client-runtime;3.3.2 in central
[2024-06-25T18:59:32.999+0000] {docker.py:436} INFO - found org.spark-project.spark#unused;1.0.0 in central
[2024-06-25T18:59:33.126+0000] {docker.py:436} INFO - found org.apache.hadoop#hadoop-client-api;3.3.2 in central
[2024-06-25T18:59:33.688+0000] {docker.py:436} INFO - found commons-logging#commons-logging;1.1.3 in central
[2024-06-25T18:59:33.726+0000] {docker.py:436} INFO - found com.google.code.findbugs#jsr305;3.0.0 in central
[2024-06-25T18:59:35.217+0000] {docker.py:436} INFO - found org.apache.commons#commons-pool2;2.11.1 in central
[2024-06-25T18:59:37.062+0000] {docker.py:436} INFO - found org.postgresql#postgresql;42.2.2 in central
[2024-06-25T18:59:37.083+0000] {docker.py:436} INFO - downloading https://repo1.maven.org/maven2/org/apache/spark/spark-sql-kafka-0-10_2.12/3.3.0/spark-sql-kafka-0-10_2.12-3.3.0.jar ...
[2024-06-25T18:59:37.192+0000] {docker.py:436} INFO - [SUCCESSFUL ] org.apache.spark#spark-sql-kafka-0-10_2.12;3.3.0!spark-sql-kafka-0-10_2.12.jar (119ms)
[2024-06-25T18:59:37.205+0000] {docker.py:436} INFO - downloading https://repo1.maven.org/maven2/org/postgresql/postgresql/42.2.2/postgresql-42.2.2.jar ...
[2024-06-25T18:59:37.356+0000] {docker.py:436} INFO - [SUCCESSFUL ] org.postgresql#postgresql;42.2.2!postgresql.jar(bundle) (162ms)
[2024-06-25T18:59:37.370+0000] {docker.py:436} INFO - downloading https://repo1.maven.org/maven2/org/apache/spark/spark-token-provider-kafka-0-10_2.12/3.3.0/spark-token-provider-kafka-0-10_2.12-3.3.0.jar ...
[2024-06-25T18:59:37.392+0000] {docker.py:436} INFO - [SUCCESSFUL ] org.apache.spark#spark-token-provider-kafka-0-10_2.12;3.3.0!spark-token-provider-kafka-0-10_2.12.jar (33ms)
[2024-06-25T18:59:37.401+0000] {docker.py:436} INFO - downloading https://repo1.maven.org/maven2/org/apache/kafka/kafka-clients/2.8.1/kafka-clients-2.8.1.jar ...
[2024-06-25T18:59:38.177+0000] {docker.py:436} INFO - [SUCCESSFUL ] org.apache.kafka#kafka-clients;2.8.1!kafka-clients.jar (785ms)
[2024-06-25T18:59:38.186+0000] {docker.py:436} INFO - downloading https://repo1.maven.org/maven2/com/google/code/findbugs/jsr305/3.0.0/jsr305-3.0.0.jar ...
[2024-06-25T18:59:38.213+0000] {docker.py:436} INFO - [SUCCESSFUL ] com.google.code.findbugs#jsr305;3.0.0!jsr305.jar (35ms)
[2024-06-25T18:59:38.227+0000] {docker.py:436} INFO - downloading https://repo1.maven.org/maven2/org/apache/commons/commons-pool2/2.11.1/commons-pool2-2.11.1.jar ...
[2024-06-25T18:59:38.257+0000] {docker.py:436} INFO - [SUCCESSFUL ] org.apache.commons#commons-pool2;2.11.1!commons-pool2.jar (43ms)
[2024-06-25T18:59:38.267+0000] {docker.py:436} INFO - downloading https://repo1.maven.org/maven2/org/spark-project/spark/unused/1.0.0/unused-1.0.0.jar ...
[2024-06-25T18:59:38.279+0000] {docker.py:436} INFO - [SUCCESSFUL ] org.spark-project.spark#unused;1.0.0!unused.jar (20ms)
[2024-06-25T18:59:38.290+0000] {docker.py:436} INFO - downloading https://repo1.maven.org/maven2/org/apache/hadoop/hadoop-client-runtime/3.3.2/hadoop-client-runtime-3.3.2.jar ...
[2024-06-25T18:59:44.572+0000] {docker.py:436} INFO - [SUCCESSFUL ] org.apache.hadoop#hadoop-client-runtime;3.3.2!hadoop-client-runtime.jar (6292ms)
[2024-06-25T18:59:44.643+0000] {docker.py:436} INFO - downloading https://repo1.maven.org/maven2/org/lz4/lz4-java/1.8.0/lz4-java-1.8.0.jar ...
[2024-06-25T18:59:44.753+0000] {docker.py:436} INFO - [SUCCESSFUL ] org.lz4#lz4-java;1.8.0!lz4-java.jar (180ms)
[2024-06-25T18:59:44.770+0000] {docker.py:436} INFO - downloading https://repo1.maven.org/maven2/org/xerial/snappy/snappy-java/1.1.8.4/snappy-java-1.1.8.4.jar ...
[2024-06-25T18:59:45.089+0000] {docker.py:436} INFO - [SUCCESSFUL ] org.xerial.snappy#snappy-java;1.1.8.4!snappy-java.jar(bundle) (335ms)
[2024-06-25T18:59:45.103+0000] {docker.py:436} INFO - downloading https://repo1.maven.org/maven2/org/slf4j/slf4j-api/1.7.32/slf4j-api-1.7.32.jar ...
[2024-06-25T18:59:45.119+0000] {docker.py:436} INFO - [SUCCESSFUL ] org.slf4j#slf4j-api;1.7.32!slf4j-api.jar (30ms)
[2024-06-25T18:59:45.133+0000] {docker.py:436} INFO - downloading https://repo1.maven.org/maven2/org/apache/hadoop/hadoop-client-api/3.3.2/hadoop-client-api-3.3.2.jar ...
[2024-06-25T18:59:48.612+0000] {docker.py:436} INFO - [SUCCESSFUL ] org.apache.hadoop#hadoop-client-api;3.3.2!hadoop-client-api.jar (3492ms)
[2024-06-25T18:59:48.621+0000] {docker.py:436} INFO - downloading https://repo1.maven.org/maven2/commons-logging/commons-logging/1.1.3/commons-logging-1.1.3.jar ...
[2024-06-25T18:59:48.647+0000] {docker.py:436} INFO - [SUCCESSFUL ] commons-logging#commons-logging;1.1.3!commons-logging.jar (33ms)
[2024-06-25T18:59:48.647+0000] {docker.py:436} INFO - :: resolution report :: resolve 9400ms :: artifacts dl 11576ms
[2024-06-25T18:59:48.648+0000] {docker.py:436} INFO - :: modules in use:
[2024-06-25T18:59:48.648+0000] {docker.py:436} INFO - com.google.code.findbugs#jsr305;3.0.0 from central in [default]
[2024-06-25T18:59:48.649+0000] {docker.py:436} INFO - commons-logging#commons-logging;1.1.3 from central in [default]
	org.apache.commons#commons-pool2;2.11.1 from central in [default]
[2024-06-25T18:59:48.649+0000] {docker.py:436} INFO - org.apache.hadoop#hadoop-client-api;3.3.2 from central in [default]
	org.apache.hadoop#hadoop-client-runtime;3.3.2 from central in [default]
	org.apache.kafka#kafka-clients;2.8.1 from central in [default]
[2024-06-25T18:59:48.649+0000] {docker.py:436} INFO - org.apache.spark#spark-sql-kafka-0-10_2.12;3.3.0 from central in [default]
	org.apache.spark#spark-token-provider-kafka-0-10_2.12;3.3.0 from central in [default]
	org.lz4#lz4-java;1.8.0 from central in [default]
	org.postgresql#postgresql;42.2.2 from central in [default]
	org.slf4j#slf4j-api;1.7.32 from central in [default]
[2024-06-25T18:59:48.649+0000] {docker.py:436} INFO - org.spark-project.spark#unused;1.0.0 from central in [default]
	org.xerial.snappy#snappy-java;1.1.8.4 from central in [default]
	---------------------------------------------------------------------
[2024-06-25T18:59:48.650+0000] {docker.py:436} INFO - |                  |            modules            ||   artifacts   |
	|       conf       | number| search|dwnlded|evicted|| number|dwnlded|
	---------------------------------------------------------------------
[2024-06-25T18:59:48.650+0000] {docker.py:436} INFO - |      default     |   13  |   13  |   13  |   0   ||   13  |   13  |
	---------------------------------------------------------------------
[2024-06-25T18:59:48.655+0000] {docker.py:436} INFO - :: retrieving :: org.apache.spark#spark-submit-parent-95e45730-603b-4238-bec6-df0e1a501f1c
[2024-06-25T18:59:48.655+0000] {docker.py:436} INFO - confs: [default]
[2024-06-25T18:59:48.748+0000] {docker.py:436} INFO - 13 artifacts copied, 0 already retrieved (57403kB/92ms)
[2024-06-25T18:59:49.016+0000] {docker.py:436} INFO - 24/06/25 18:59:49 WARN NativeCodeLoader: Unable to load native-hadoop library for your platform... using builtin-java classes where applicable
[2024-06-25T18:59:50.320+0000] {docker.py:436} INFO - 24/06/25 18:59:50 INFO SparkContext: Running Spark version 3.5.1
[2024-06-25T18:59:50.329+0000] {docker.py:436} INFO - 24/06/25 18:59:50 INFO SparkContext: OS info Linux, 6.5.0-41-generic, amd64
24/06/25 18:59:50 INFO SparkContext: Java version 17.0.11
[2024-06-25T18:59:50.362+0000] {docker.py:436} INFO - 24/06/25 18:59:50 INFO ResourceUtils: ==============================================================
[2024-06-25T18:59:50.363+0000] {docker.py:436} INFO - 24/06/25 18:59:50 INFO ResourceUtils: No custom resources configured for spark.driver.
[2024-06-25T18:59:50.363+0000] {docker.py:436} INFO - 24/06/25 18:59:50 INFO ResourceUtils: ==============================================================
[2024-06-25T18:59:50.364+0000] {docker.py:436} INFO - 24/06/25 18:59:50 INFO SparkContext: Submitted application: PostgreSQL Connection with PySpark
[2024-06-25T18:59:50.390+0000] {docker.py:436} INFO - 24/06/25 18:59:50 INFO ResourceProfile: Default ResourceProfile created, executor resources: Map(cores -> name: cores, amount: 1, script: , vendor: , memory -> name: memory, amount: 1024, script: , vendor: , offHeap -> name: offHeap, amount: 0, script: , vendor: ), task resources: Map(cpus -> name: cpus, amount: 1.0)
[2024-06-25T18:59:50.399+0000] {docker.py:436} INFO - 24/06/25 18:59:50 INFO ResourceProfile: Limiting resource is cpu
[2024-06-25T18:59:50.400+0000] {docker.py:436} INFO - 24/06/25 18:59:50 INFO ResourceProfileManager: Added ResourceProfile id: 0
[2024-06-25T18:59:50.476+0000] {docker.py:436} INFO - 24/06/25 18:59:50 INFO SecurityManager: Changing view acls to: spark
[2024-06-25T18:59:50.477+0000] {docker.py:436} INFO - 24/06/25 18:59:50 INFO SecurityManager: Changing modify acls to: spark
[2024-06-25T18:59:50.478+0000] {docker.py:436} INFO - 24/06/25 18:59:50 INFO SecurityManager: Changing view acls groups to:
[2024-06-25T18:59:50.480+0000] {docker.py:436} INFO - 24/06/25 18:59:50 INFO SecurityManager: Changing modify acls groups to:
[2024-06-25T18:59:50.481+0000] {docker.py:436} INFO - 24/06/25 18:59:50 INFO SecurityManager: SecurityManager: authentication disabled; ui acls disabled; users with view permissions: spark; groups with view permissions: EMPTY; users with modify permissions: spark; groups with modify permissions: EMPTY
[2024-06-25T18:59:50.759+0000] {docker.py:436} INFO - 24/06/25 18:59:50 INFO Utils: Successfully started service 'sparkDriver' on port 37633.
[2024-06-25T18:59:50.788+0000] {docker.py:436} INFO - 24/06/25 18:59:50 INFO SparkEnv: Registering MapOutputTracker
[2024-06-25T18:59:50.826+0000] {docker.py:436} INFO - 24/06/25 18:59:50 INFO SparkEnv: Registering BlockManagerMaster
[2024-06-25T18:59:50.846+0000] {docker.py:436} INFO - 24/06/25 18:59:50 INFO BlockManagerMasterEndpoint: Using org.apache.spark.storage.DefaultTopologyMapper for getting topology information
[2024-06-25T18:59:50.847+0000] {docker.py:436} INFO - 24/06/25 18:59:50 INFO BlockManagerMasterEndpoint: BlockManagerMasterEndpoint up
[2024-06-25T18:59:50.851+0000] {docker.py:436} INFO - 24/06/25 18:59:50 INFO SparkEnv: Registering BlockManagerMasterHeartbeat
[2024-06-25T18:59:50.877+0000] {docker.py:436} INFO - 24/06/25 18:59:50 INFO DiskBlockManager: Created local directory at /tmp/blockmgr-30f01e95-da51-4139-9444-6f4f0d476380
[2024-06-25T18:59:50.895+0000] {docker.py:436} INFO - 24/06/25 18:59:50 INFO MemoryStore: MemoryStore started with capacity 434.4 MiB
[2024-06-25T18:59:50.914+0000] {docker.py:436} INFO - 24/06/25 18:59:50 INFO SparkEnv: Registering OutputCommitCoordinator
[2024-06-25T18:59:51.082+0000] {docker.py:436} INFO - 24/06/25 18:59:51 INFO JettyUtils: Start Jetty 0.0.0.0:4040 for SparkUI
[2024-06-25T18:59:51.160+0000] {docker.py:436} INFO - 24/06/25 18:59:51 INFO Utils: Successfully started service 'SparkUI' on port 4040.
[2024-06-25T18:59:51.205+0000] {docker.py:436} INFO - 24/06/25 18:59:51 INFO SparkContext: Added JAR file:///opt/bitnami/spark/.ivy2/jars/org.apache.spark_spark-sql-kafka-0-10_2.12-3.3.0.jar at spark://localhost:37633/jars/org.apache.spark_spark-sql-kafka-0-10_2.12-3.3.0.jar with timestamp 1719341990307
[2024-06-25T18:59:51.206+0000] {docker.py:436} INFO - 24/06/25 18:59:51 INFO SparkContext: Added JAR file:///opt/bitnami/spark/.ivy2/jars/org.postgresql_postgresql-42.2.2.jar at spark://localhost:37633/jars/org.postgresql_postgresql-42.2.2.jar with timestamp 1719341990307
[2024-06-25T18:59:51.207+0000] {docker.py:436} INFO - 24/06/25 18:59:51 INFO SparkContext: Added JAR file:///opt/bitnami/spark/.ivy2/jars/org.apache.spark_spark-token-provider-kafka-0-10_2.12-3.3.0.jar at spark://localhost:37633/jars/org.apache.spark_spark-token-provider-kafka-0-10_2.12-3.3.0.jar with timestamp 1719341990307
[2024-06-25T18:59:51.207+0000] {docker.py:436} INFO - 24/06/25 18:59:51 INFO SparkContext: Added JAR file:///opt/bitnami/spark/.ivy2/jars/org.apache.kafka_kafka-clients-2.8.1.jar at spark://localhost:37633/jars/org.apache.kafka_kafka-clients-2.8.1.jar with timestamp 1719341990307
[2024-06-25T18:59:51.208+0000] {docker.py:436} INFO - 24/06/25 18:59:51 INFO SparkContext: Added JAR file:///opt/bitnami/spark/.ivy2/jars/com.google.code.findbugs_jsr305-3.0.0.jar at spark://localhost:37633/jars/com.google.code.findbugs_jsr305-3.0.0.jar with timestamp 1719341990307
[2024-06-25T18:59:51.209+0000] {docker.py:436} INFO - 24/06/25 18:59:51 INFO SparkContext: Added JAR file:///opt/bitnami/spark/.ivy2/jars/org.apache.commons_commons-pool2-2.11.1.jar at spark://localhost:37633/jars/org.apache.commons_commons-pool2-2.11.1.jar with timestamp 1719341990307
[2024-06-25T18:59:51.209+0000] {docker.py:436} INFO - 24/06/25 18:59:51 INFO SparkContext: Added JAR file:///opt/bitnami/spark/.ivy2/jars/org.spark-project.spark_unused-1.0.0.jar at spark://localhost:37633/jars/org.spark-project.spark_unused-1.0.0.jar with timestamp 1719341990307
[2024-06-25T18:59:51.210+0000] {docker.py:436} INFO - 24/06/25 18:59:51 INFO SparkContext: Added JAR file:///opt/bitnami/spark/.ivy2/jars/org.apache.hadoop_hadoop-client-runtime-3.3.2.jar at spark://localhost:37633/jars/org.apache.hadoop_hadoop-client-runtime-3.3.2.jar with timestamp 1719341990307
[2024-06-25T18:59:51.210+0000] {docker.py:436} INFO - 24/06/25 18:59:51 INFO SparkContext: Added JAR file:///opt/bitnami/spark/.ivy2/jars/org.lz4_lz4-java-1.8.0.jar at spark://localhost:37633/jars/org.lz4_lz4-java-1.8.0.jar with timestamp 1719341990307
[2024-06-25T18:59:51.211+0000] {docker.py:436} INFO - 24/06/25 18:59:51 INFO SparkContext: Added JAR file:///opt/bitnami/spark/.ivy2/jars/org.xerial.snappy_snappy-java-1.1.8.4.jar at spark://localhost:37633/jars/org.xerial.snappy_snappy-java-1.1.8.4.jar with timestamp 1719341990307
[2024-06-25T18:59:51.212+0000] {docker.py:436} INFO - 24/06/25 18:59:51 INFO SparkContext: Added JAR file:///opt/bitnami/spark/.ivy2/jars/org.slf4j_slf4j-api-1.7.32.jar at spark://localhost:37633/jars/org.slf4j_slf4j-api-1.7.32.jar with timestamp 1719341990307
[2024-06-25T18:59:51.212+0000] {docker.py:436} INFO - 24/06/25 18:59:51 INFO SparkContext: Added JAR file:///opt/bitnami/spark/.ivy2/jars/org.apache.hadoop_hadoop-client-api-3.3.2.jar at spark://localhost:37633/jars/org.apache.hadoop_hadoop-client-api-3.3.2.jar with timestamp 1719341990307
[2024-06-25T18:59:51.213+0000] {docker.py:436} INFO - 24/06/25 18:59:51 INFO SparkContext: Added JAR file:///opt/bitnami/spark/.ivy2/jars/commons-logging_commons-logging-1.1.3.jar at spark://localhost:37633/jars/commons-logging_commons-logging-1.1.3.jar with timestamp 1719341990307
[2024-06-25T18:59:51.217+0000] {docker.py:436} INFO - 24/06/25 18:59:51 INFO SparkContext: Added file file:///opt/bitnami/spark/.ivy2/jars/org.apache.spark_spark-sql-kafka-0-10_2.12-3.3.0.jar at file:///opt/bitnami/spark/.ivy2/jars/org.apache.spark_spark-sql-kafka-0-10_2.12-3.3.0.jar with timestamp 1719341990307
[2024-06-25T18:59:51.220+0000] {docker.py:436} INFO - 24/06/25 18:59:51 INFO Utils: Copying /opt/bitnami/spark/.ivy2/jars/org.apache.spark_spark-sql-kafka-0-10_2.12-3.3.0.jar to /tmp/spark-52ef89d4-1258-4922-9467-eeb044b693f7/userFiles-fb9be93f-549c-4799-b9a9-33ab9f9f5207/org.apache.spark_spark-sql-kafka-0-10_2.12-3.3.0.jar
[2024-06-25T18:59:51.232+0000] {docker.py:436} INFO - 24/06/25 18:59:51 INFO SparkContext: Added file file:///opt/bitnami/spark/.ivy2/jars/org.postgresql_postgresql-42.2.2.jar at file:///opt/bitnami/spark/.ivy2/jars/org.postgresql_postgresql-42.2.2.jar with timestamp 1719341990307
[2024-06-25T18:59:51.232+0000] {docker.py:436} INFO - 24/06/25 18:59:51 INFO Utils: Copying /opt/bitnami/spark/.ivy2/jars/org.postgresql_postgresql-42.2.2.jar to /tmp/spark-52ef89d4-1258-4922-9467-eeb044b693f7/userFiles-fb9be93f-549c-4799-b9a9-33ab9f9f5207/org.postgresql_postgresql-42.2.2.jar
[2024-06-25T18:59:51.238+0000] {docker.py:436} INFO - 24/06/25 18:59:51 INFO SparkContext: Added file file:///opt/bitnami/spark/.ivy2/jars/org.apache.spark_spark-token-provider-kafka-0-10_2.12-3.3.0.jar at file:///opt/bitnami/spark/.ivy2/jars/org.apache.spark_spark-token-provider-kafka-0-10_2.12-3.3.0.jar with timestamp 1719341990307
[2024-06-25T18:59:51.239+0000] {docker.py:436} INFO - 24/06/25 18:59:51 INFO Utils: Copying /opt/bitnami/spark/.ivy2/jars/org.apache.spark_spark-token-provider-kafka-0-10_2.12-3.3.0.jar to /tmp/spark-52ef89d4-1258-4922-9467-eeb044b693f7/userFiles-fb9be93f-549c-4799-b9a9-33ab9f9f5207/org.apache.spark_spark-token-provider-kafka-0-10_2.12-3.3.0.jar
[2024-06-25T18:59:51.245+0000] {docker.py:436} INFO - 24/06/25 18:59:51 INFO SparkContext: Added file file:///opt/bitnami/spark/.ivy2/jars/org.apache.kafka_kafka-clients-2.8.1.jar at file:///opt/bitnami/spark/.ivy2/jars/org.apache.kafka_kafka-clients-2.8.1.jar with timestamp 1719341990307
[2024-06-25T18:59:51.246+0000] {docker.py:436} INFO - 24/06/25 18:59:51 INFO Utils: Copying /opt/bitnami/spark/.ivy2/jars/org.apache.kafka_kafka-clients-2.8.1.jar to /tmp/spark-52ef89d4-1258-4922-9467-eeb044b693f7/userFiles-fb9be93f-549c-4799-b9a9-33ab9f9f5207/org.apache.kafka_kafka-clients-2.8.1.jar
[2024-06-25T18:59:51.260+0000] {docker.py:436} INFO - 24/06/25 18:59:51 INFO SparkContext: Added file file:///opt/bitnami/spark/.ivy2/jars/com.google.code.findbugs_jsr305-3.0.0.jar at file:///opt/bitnami/spark/.ivy2/jars/com.google.code.findbugs_jsr305-3.0.0.jar with timestamp 1719341990307
24/06/25 18:59:51 INFO Utils: Copying /opt/bitnami/spark/.ivy2/jars/com.google.code.findbugs_jsr305-3.0.0.jar to /tmp/spark-52ef89d4-1258-4922-9467-eeb044b693f7/userFiles-fb9be93f-549c-4799-b9a9-33ab9f9f5207/com.google.code.findbugs_jsr305-3.0.0.jar
[2024-06-25T18:59:51.266+0000] {docker.py:436} INFO - 24/06/25 18:59:51 INFO SparkContext: Added file file:///opt/bitnami/spark/.ivy2/jars/org.apache.commons_commons-pool2-2.11.1.jar at file:///opt/bitnami/spark/.ivy2/jars/org.apache.commons_commons-pool2-2.11.1.jar with timestamp 1719341990307
[2024-06-25T18:59:51.267+0000] {docker.py:436} INFO - 24/06/25 18:59:51 INFO Utils: Copying /opt/bitnami/spark/.ivy2/jars/org.apache.commons_commons-pool2-2.11.1.jar to /tmp/spark-52ef89d4-1258-4922-9467-eeb044b693f7/userFiles-fb9be93f-549c-4799-b9a9-33ab9f9f5207/org.apache.commons_commons-pool2-2.11.1.jar
[2024-06-25T18:59:51.274+0000] {docker.py:436} INFO - 24/06/25 18:59:51 INFO SparkContext: Added file file:///opt/bitnami/spark/.ivy2/jars/org.spark-project.spark_unused-1.0.0.jar at file:///opt/bitnami/spark/.ivy2/jars/org.spark-project.spark_unused-1.0.0.jar with timestamp 1719341990307
[2024-06-25T18:59:51.275+0000] {docker.py:436} INFO - 24/06/25 18:59:51 INFO Utils: Copying /opt/bitnami/spark/.ivy2/jars/org.spark-project.spark_unused-1.0.0.jar to /tmp/spark-52ef89d4-1258-4922-9467-eeb044b693f7/userFiles-fb9be93f-549c-4799-b9a9-33ab9f9f5207/org.spark-project.spark_unused-1.0.0.jar
[2024-06-25T18:59:51.281+0000] {docker.py:436} INFO - 24/06/25 18:59:51 INFO SparkContext: Added file file:///opt/bitnami/spark/.ivy2/jars/org.apache.hadoop_hadoop-client-runtime-3.3.2.jar at file:///opt/bitnami/spark/.ivy2/jars/org.apache.hadoop_hadoop-client-runtime-3.3.2.jar with timestamp 1719341990307
[2024-06-25T18:59:51.282+0000] {docker.py:436} INFO - 24/06/25 18:59:51 INFO Utils: Copying /opt/bitnami/spark/.ivy2/jars/org.apache.hadoop_hadoop-client-runtime-3.3.2.jar to /tmp/spark-52ef89d4-1258-4922-9467-eeb044b693f7/userFiles-fb9be93f-549c-4799-b9a9-33ab9f9f5207/org.apache.hadoop_hadoop-client-runtime-3.3.2.jar
[2024-06-25T18:59:51.328+0000] {docker.py:436} INFO - 24/06/25 18:59:51 INFO SparkContext: Added file file:///opt/bitnami/spark/.ivy2/jars/org.lz4_lz4-java-1.8.0.jar at file:///opt/bitnami/spark/.ivy2/jars/org.lz4_lz4-java-1.8.0.jar with timestamp 1719341990307
[2024-06-25T18:59:51.328+0000] {docker.py:436} INFO - 24/06/25 18:59:51 INFO Utils: Copying /opt/bitnami/spark/.ivy2/jars/org.lz4_lz4-java-1.8.0.jar to /tmp/spark-52ef89d4-1258-4922-9467-eeb044b693f7/userFiles-fb9be93f-549c-4799-b9a9-33ab9f9f5207/org.lz4_lz4-java-1.8.0.jar
[2024-06-25T18:59:51.336+0000] {docker.py:436} INFO - 24/06/25 18:59:51 INFO SparkContext: Added file file:///opt/bitnami/spark/.ivy2/jars/org.xerial.snappy_snappy-java-1.1.8.4.jar at file:///opt/bitnami/spark/.ivy2/jars/org.xerial.snappy_snappy-java-1.1.8.4.jar with timestamp 1719341990307
[2024-06-25T18:59:51.337+0000] {docker.py:436} INFO - 24/06/25 18:59:51 INFO Utils: Copying /opt/bitnami/spark/.ivy2/jars/org.xerial.snappy_snappy-java-1.1.8.4.jar to /tmp/spark-52ef89d4-1258-4922-9467-eeb044b693f7/userFiles-fb9be93f-549c-4799-b9a9-33ab9f9f5207/org.xerial.snappy_snappy-java-1.1.8.4.jar
[2024-06-25T18:59:51.346+0000] {docker.py:436} INFO - 24/06/25 18:59:51 INFO SparkContext: Added file file:///opt/bitnami/spark/.ivy2/jars/org.slf4j_slf4j-api-1.7.32.jar at file:///opt/bitnami/spark/.ivy2/jars/org.slf4j_slf4j-api-1.7.32.jar with timestamp 1719341990307
[2024-06-25T18:59:51.347+0000] {docker.py:436} INFO - 24/06/25 18:59:51 INFO Utils: Copying /opt/bitnami/spark/.ivy2/jars/org.slf4j_slf4j-api-1.7.32.jar to /tmp/spark-52ef89d4-1258-4922-9467-eeb044b693f7/userFiles-fb9be93f-549c-4799-b9a9-33ab9f9f5207/org.slf4j_slf4j-api-1.7.32.jar
[2024-06-25T18:59:51.354+0000] {docker.py:436} INFO - 24/06/25 18:59:51 INFO SparkContext: Added file file:///opt/bitnami/spark/.ivy2/jars/org.apache.hadoop_hadoop-client-api-3.3.2.jar at file:///opt/bitnami/spark/.ivy2/jars/org.apache.hadoop_hadoop-client-api-3.3.2.jar with timestamp 1719341990307
[2024-06-25T18:59:51.355+0000] {docker.py:436} INFO - 24/06/25 18:59:51 INFO Utils: Copying /opt/bitnami/spark/.ivy2/jars/org.apache.hadoop_hadoop-client-api-3.3.2.jar to /tmp/spark-52ef89d4-1258-4922-9467-eeb044b693f7/userFiles-fb9be93f-549c-4799-b9a9-33ab9f9f5207/org.apache.hadoop_hadoop-client-api-3.3.2.jar
[2024-06-25T18:59:51.381+0000] {docker.py:436} INFO - 24/06/25 18:59:51 INFO SparkContext: Added file file:///opt/bitnami/spark/.ivy2/jars/commons-logging_commons-logging-1.1.3.jar at file:///opt/bitnami/spark/.ivy2/jars/commons-logging_commons-logging-1.1.3.jar with timestamp 1719341990307
24/06/25 18:59:51 INFO Utils: Copying /opt/bitnami/spark/.ivy2/jars/commons-logging_commons-logging-1.1.3.jar to /tmp/spark-52ef89d4-1258-4922-9467-eeb044b693f7/userFiles-fb9be93f-549c-4799-b9a9-33ab9f9f5207/commons-logging_commons-logging-1.1.3.jar
[2024-06-25T18:59:51.511+0000] {docker.py:436} INFO - 24/06/25 18:59:51 INFO Executor: Starting executor ID driver on host localhost
[2024-06-25T18:59:51.512+0000] {docker.py:436} INFO - 24/06/25 18:59:51 INFO Executor: OS info Linux, 6.5.0-41-generic, amd64
[2024-06-25T18:59:51.513+0000] {docker.py:436} INFO - 24/06/25 18:59:51 INFO Executor: Java version 17.0.11
[2024-06-25T18:59:51.523+0000] {docker.py:436} INFO - 24/06/25 18:59:51 INFO Executor: Starting executor with user classpath (userClassPathFirst = false): ''
[2024-06-25T18:59:51.524+0000] {docker.py:436} INFO - 24/06/25 18:59:51 INFO Executor: Created or updated repl class loader org.apache.spark.util.MutableURLClassLoader@6e6c648d for default.
[2024-06-25T18:59:51.541+0000] {docker.py:436} INFO - 24/06/25 18:59:51 INFO Executor: Fetching file:///opt/bitnami/spark/.ivy2/jars/org.postgresql_postgresql-42.2.2.jar with timestamp 1719341990307
[2024-06-25T18:59:51.566+0000] {docker.py:436} INFO - 24/06/25 18:59:51 INFO Utils: /opt/bitnami/spark/.ivy2/jars/org.postgresql_postgresql-42.2.2.jar has been previously copied to /tmp/spark-52ef89d4-1258-4922-9467-eeb044b693f7/userFiles-fb9be93f-549c-4799-b9a9-33ab9f9f5207/org.postgresql_postgresql-42.2.2.jar
[2024-06-25T18:59:51.569+0000] {docker.py:436} INFO - 24/06/25 18:59:51 INFO Executor: Fetching file:///opt/bitnami/spark/.ivy2/jars/org.apache.hadoop_hadoop-client-api-3.3.2.jar with timestamp 1719341990307
[2024-06-25T18:59:51.588+0000] {docker.py:436} INFO - 24/06/25 18:59:51 INFO Utils: /opt/bitnami/spark/.ivy2/jars/org.apache.hadoop_hadoop-client-api-3.3.2.jar has been previously copied to /tmp/spark-52ef89d4-1258-4922-9467-eeb044b693f7/userFiles-fb9be93f-549c-4799-b9a9-33ab9f9f5207/org.apache.hadoop_hadoop-client-api-3.3.2.jar
[2024-06-25T18:59:51.592+0000] {docker.py:436} INFO - 24/06/25 18:59:51 INFO Executor: Fetching file:///opt/bitnami/spark/.ivy2/jars/org.xerial.snappy_snappy-java-1.1.8.4.jar with timestamp 1719341990307
[2024-06-25T18:59:51.594+0000] {docker.py:436} INFO - 24/06/25 18:59:51 INFO Utils: /opt/bitnami/spark/.ivy2/jars/org.xerial.snappy_snappy-java-1.1.8.4.jar has been previously copied to /tmp/spark-52ef89d4-1258-4922-9467-eeb044b693f7/userFiles-fb9be93f-549c-4799-b9a9-33ab9f9f5207/org.xerial.snappy_snappy-java-1.1.8.4.jar
[2024-06-25T18:59:51.598+0000] {docker.py:436} INFO - 24/06/25 18:59:51 INFO Executor: Fetching file:///opt/bitnami/spark/.ivy2/jars/org.apache.hadoop_hadoop-client-runtime-3.3.2.jar with timestamp 1719341990307
[2024-06-25T18:59:51.628+0000] {docker.py:436} INFO - 24/06/25 18:59:51 INFO Utils: /opt/bitnami/spark/.ivy2/jars/org.apache.hadoop_hadoop-client-runtime-3.3.2.jar has been previously copied to /tmp/spark-52ef89d4-1258-4922-9467-eeb044b693f7/userFiles-fb9be93f-549c-4799-b9a9-33ab9f9f5207/org.apache.hadoop_hadoop-client-runtime-3.3.2.jar
[2024-06-25T18:59:51.631+0000] {docker.py:436} INFO - 24/06/25 18:59:51 INFO Executor: Fetching file:///opt/bitnami/spark/.ivy2/jars/org.apache.commons_commons-pool2-2.11.1.jar with timestamp 1719341990307
[2024-06-25T18:59:51.632+0000] {docker.py:436} INFO - 24/06/25 18:59:51 INFO Utils: /opt/bitnami/spark/.ivy2/jars/org.apache.commons_commons-pool2-2.11.1.jar has been previously copied to /tmp/spark-52ef89d4-1258-4922-9467-eeb044b693f7/userFiles-fb9be93f-549c-4799-b9a9-33ab9f9f5207/org.apache.commons_commons-pool2-2.11.1.jar
[2024-06-25T18:59:51.636+0000] {docker.py:436} INFO - 24/06/25 18:59:51 INFO Executor: Fetching file:///opt/bitnami/spark/.ivy2/jars/org.apache.spark_spark-token-provider-kafka-0-10_2.12-3.3.0.jar with timestamp 1719341990307
[2024-06-25T18:59:51.637+0000] {docker.py:436} INFO - 24/06/25 18:59:51 INFO Utils: /opt/bitnami/spark/.ivy2/jars/org.apache.spark_spark-token-provider-kafka-0-10_2.12-3.3.0.jar has been previously copied to /tmp/spark-52ef89d4-1258-4922-9467-eeb044b693f7/userFiles-fb9be93f-549c-4799-b9a9-33ab9f9f5207/org.apache.spark_spark-token-provider-kafka-0-10_2.12-3.3.0.jar
[2024-06-25T18:59:51.641+0000] {docker.py:436} INFO - 24/06/25 18:59:51 INFO Executor: Fetching file:///opt/bitnami/spark/.ivy2/jars/org.slf4j_slf4j-api-1.7.32.jar with timestamp 1719341990307
[2024-06-25T18:59:51.642+0000] {docker.py:436} INFO - 24/06/25 18:59:51 INFO Utils: /opt/bitnami/spark/.ivy2/jars/org.slf4j_slf4j-api-1.7.32.jar has been previously copied to /tmp/spark-52ef89d4-1258-4922-9467-eeb044b693f7/userFiles-fb9be93f-549c-4799-b9a9-33ab9f9f5207/org.slf4j_slf4j-api-1.7.32.jar
[2024-06-25T18:59:51.646+0000] {docker.py:436} INFO - 24/06/25 18:59:51 INFO Executor: Fetching file:///opt/bitnami/spark/.ivy2/jars/org.apache.spark_spark-sql-kafka-0-10_2.12-3.3.0.jar with timestamp 1719341990307
[2024-06-25T18:59:51.649+0000] {docker.py:436} INFO - 24/06/25 18:59:51 INFO Utils: /opt/bitnami/spark/.ivy2/jars/org.apache.spark_spark-sql-kafka-0-10_2.12-3.3.0.jar has been previously copied to /tmp/spark-52ef89d4-1258-4922-9467-eeb044b693f7/userFiles-fb9be93f-549c-4799-b9a9-33ab9f9f5207/org.apache.spark_spark-sql-kafka-0-10_2.12-3.3.0.jar
[2024-06-25T18:59:51.653+0000] {docker.py:436} INFO - 24/06/25 18:59:51 INFO Executor: Fetching file:///opt/bitnami/spark/.ivy2/jars/com.google.code.findbugs_jsr305-3.0.0.jar with timestamp 1719341990307
[2024-06-25T18:59:51.654+0000] {docker.py:436} INFO - 24/06/25 18:59:51 INFO Utils: /opt/bitnami/spark/.ivy2/jars/com.google.code.findbugs_jsr305-3.0.0.jar has been previously copied to /tmp/spark-52ef89d4-1258-4922-9467-eeb044b693f7/userFiles-fb9be93f-549c-4799-b9a9-33ab9f9f5207/com.google.code.findbugs_jsr305-3.0.0.jar
[2024-06-25T18:59:51.661+0000] {docker.py:436} INFO - 24/06/25 18:59:51 INFO Executor: Fetching file:///opt/bitnami/spark/.ivy2/jars/org.lz4_lz4-java-1.8.0.jar with timestamp 1719341990307
[2024-06-25T18:59:51.663+0000] {docker.py:436} INFO - 24/06/25 18:59:51 INFO Utils: /opt/bitnami/spark/.ivy2/jars/org.lz4_lz4-java-1.8.0.jar has been previously copied to /tmp/spark-52ef89d4-1258-4922-9467-eeb044b693f7/userFiles-fb9be93f-549c-4799-b9a9-33ab9f9f5207/org.lz4_lz4-java-1.8.0.jar
[2024-06-25T18:59:51.667+0000] {docker.py:436} INFO - 24/06/25 18:59:51 INFO Executor: Fetching file:///opt/bitnami/spark/.ivy2/jars/commons-logging_commons-logging-1.1.3.jar with timestamp 1719341990307
[2024-06-25T18:59:51.668+0000] {docker.py:436} INFO - 24/06/25 18:59:51 INFO Utils: /opt/bitnami/spark/.ivy2/jars/commons-logging_commons-logging-1.1.3.jar has been previously copied to /tmp/spark-52ef89d4-1258-4922-9467-eeb044b693f7/userFiles-fb9be93f-549c-4799-b9a9-33ab9f9f5207/commons-logging_commons-logging-1.1.3.jar
[2024-06-25T18:59:51.672+0000] {docker.py:436} INFO - 24/06/25 18:59:51 INFO Executor: Fetching file:///opt/bitnami/spark/.ivy2/jars/org.spark-project.spark_unused-1.0.0.jar with timestamp 1719341990307
[2024-06-25T18:59:51.673+0000] {docker.py:436} INFO - 24/06/25 18:59:51 INFO Utils: /opt/bitnami/spark/.ivy2/jars/org.spark-project.spark_unused-1.0.0.jar has been previously copied to /tmp/spark-52ef89d4-1258-4922-9467-eeb044b693f7/userFiles-fb9be93f-549c-4799-b9a9-33ab9f9f5207/org.spark-project.spark_unused-1.0.0.jar
[2024-06-25T18:59:51.676+0000] {docker.py:436} INFO - 24/06/25 18:59:51 INFO Executor: Fetching file:///opt/bitnami/spark/.ivy2/jars/org.apache.kafka_kafka-clients-2.8.1.jar with timestamp 1719341990307
[2024-06-25T18:59:51.682+0000] {docker.py:436} INFO - 24/06/25 18:59:51 INFO Utils: /opt/bitnami/spark/.ivy2/jars/org.apache.kafka_kafka-clients-2.8.1.jar has been previously copied to /tmp/spark-52ef89d4-1258-4922-9467-eeb044b693f7/userFiles-fb9be93f-549c-4799-b9a9-33ab9f9f5207/org.apache.kafka_kafka-clients-2.8.1.jar
[2024-06-25T18:59:51.687+0000] {docker.py:436} INFO - 24/06/25 18:59:51 INFO Executor: Fetching spark://localhost:37633/jars/org.apache.commons_commons-pool2-2.11.1.jar with timestamp 1719341990307
[2024-06-25T18:59:51.737+0000] {docker.py:436} INFO - 24/06/25 18:59:51 INFO TransportClientFactory: Successfully created connection to localhost/127.0.0.1:37633 after 34 ms (0 ms spent in bootstraps)
[2024-06-25T18:59:51.745+0000] {docker.py:436} INFO - 24/06/25 18:59:51 INFO Utils: Fetching spark://localhost:37633/jars/org.apache.commons_commons-pool2-2.11.1.jar to /tmp/spark-52ef89d4-1258-4922-9467-eeb044b693f7/userFiles-fb9be93f-549c-4799-b9a9-33ab9f9f5207/fetchFileTemp12865817393551696907.tmp
[2024-06-25T18:59:51.780+0000] {docker.py:436} INFO - 24/06/25 18:59:51 INFO Utils: /tmp/spark-52ef89d4-1258-4922-9467-eeb044b693f7/userFiles-fb9be93f-549c-4799-b9a9-33ab9f9f5207/fetchFileTemp12865817393551696907.tmp has been previously copied to /tmp/spark-52ef89d4-1258-4922-9467-eeb044b693f7/userFiles-fb9be93f-549c-4799-b9a9-33ab9f9f5207/org.apache.commons_commons-pool2-2.11.1.jar
[2024-06-25T18:59:51.786+0000] {docker.py:436} INFO - 24/06/25 18:59:51 INFO Executor: Adding file:/tmp/spark-52ef89d4-1258-4922-9467-eeb044b693f7/userFiles-fb9be93f-549c-4799-b9a9-33ab9f9f5207/org.apache.commons_commons-pool2-2.11.1.jar to class loader default
[2024-06-25T18:59:51.787+0000] {docker.py:436} INFO - 24/06/25 18:59:51 INFO Executor: Fetching spark://localhost:37633/jars/org.slf4j_slf4j-api-1.7.32.jar with timestamp 1719341990307
[2024-06-25T18:59:51.790+0000] {docker.py:436} INFO - 24/06/25 18:59:51 INFO Utils: Fetching spark://localhost:37633/jars/org.slf4j_slf4j-api-1.7.32.jar to /tmp/spark-52ef89d4-1258-4922-9467-eeb044b693f7/userFiles-fb9be93f-549c-4799-b9a9-33ab9f9f5207/fetchFileTemp4478205049594464657.tmp
[2024-06-25T18:59:51.793+0000] {docker.py:436} INFO - 24/06/25 18:59:51 INFO Utils: /tmp/spark-52ef89d4-1258-4922-9467-eeb044b693f7/userFiles-fb9be93f-549c-4799-b9a9-33ab9f9f5207/fetchFileTemp4478205049594464657.tmp has been previously copied to /tmp/spark-52ef89d4-1258-4922-9467-eeb044b693f7/userFiles-fb9be93f-549c-4799-b9a9-33ab9f9f5207/org.slf4j_slf4j-api-1.7.32.jar
[2024-06-25T18:59:51.797+0000] {docker.py:436} INFO - 24/06/25 18:59:51 INFO Executor: Adding file:/tmp/spark-52ef89d4-1258-4922-9467-eeb044b693f7/userFiles-fb9be93f-549c-4799-b9a9-33ab9f9f5207/org.slf4j_slf4j-api-1.7.32.jar to class loader default
[2024-06-25T18:59:51.798+0000] {docker.py:436} INFO - 24/06/25 18:59:51 INFO Executor: Fetching spark://localhost:37633/jars/commons-logging_commons-logging-1.1.3.jar with timestamp 1719341990307
24/06/25 18:59:51 INFO Utils: Fetching spark://localhost:37633/jars/commons-logging_commons-logging-1.1.3.jar to /tmp/spark-52ef89d4-1258-4922-9467-eeb044b693f7/userFiles-fb9be93f-549c-4799-b9a9-33ab9f9f5207/fetchFileTemp8214645773538822011.tmp
[2024-06-25T18:59:51.801+0000] {docker.py:436} INFO - 24/06/25 18:59:51 INFO Utils: /tmp/spark-52ef89d4-1258-4922-9467-eeb044b693f7/userFiles-fb9be93f-549c-4799-b9a9-33ab9f9f5207/fetchFileTemp8214645773538822011.tmp has been previously copied to /tmp/spark-52ef89d4-1258-4922-9467-eeb044b693f7/userFiles-fb9be93f-549c-4799-b9a9-33ab9f9f5207/commons-logging_commons-logging-1.1.3.jar
[2024-06-25T18:59:51.806+0000] {docker.py:436} INFO - 24/06/25 18:59:51 INFO Executor: Adding file:/tmp/spark-52ef89d4-1258-4922-9467-eeb044b693f7/userFiles-fb9be93f-549c-4799-b9a9-33ab9f9f5207/commons-logging_commons-logging-1.1.3.jar to class loader default
[2024-06-25T18:59:51.807+0000] {docker.py:436} INFO - 24/06/25 18:59:51 INFO Executor: Fetching spark://localhost:37633/jars/org.apache.kafka_kafka-clients-2.8.1.jar with timestamp 1719341990307
[2024-06-25T18:59:51.808+0000] {docker.py:436} INFO - 24/06/25 18:59:51 INFO Utils: Fetching spark://localhost:37633/jars/org.apache.kafka_kafka-clients-2.8.1.jar to /tmp/spark-52ef89d4-1258-4922-9467-eeb044b693f7/userFiles-fb9be93f-549c-4799-b9a9-33ab9f9f5207/fetchFileTemp8273399910406365856.tmp
[2024-06-25T18:59:51.840+0000] {docker.py:436} INFO - 24/06/25 18:59:51 INFO Utils: /tmp/spark-52ef89d4-1258-4922-9467-eeb044b693f7/userFiles-fb9be93f-549c-4799-b9a9-33ab9f9f5207/fetchFileTemp8273399910406365856.tmp has been previously copied to /tmp/spark-52ef89d4-1258-4922-9467-eeb044b693f7/userFiles-fb9be93f-549c-4799-b9a9-33ab9f9f5207/org.apache.kafka_kafka-clients-2.8.1.jar
[2024-06-25T18:59:51.848+0000] {docker.py:436} INFO - 24/06/25 18:59:51 INFO Executor: Adding file:/tmp/spark-52ef89d4-1258-4922-9467-eeb044b693f7/userFiles-fb9be93f-549c-4799-b9a9-33ab9f9f5207/org.apache.kafka_kafka-clients-2.8.1.jar to class loader default
[2024-06-25T18:59:51.849+0000] {docker.py:436} INFO - 24/06/25 18:59:51 INFO Executor: Fetching spark://localhost:37633/jars/org.apache.hadoop_hadoop-client-runtime-3.3.2.jar with timestamp 1719341990307
[2024-06-25T18:59:51.850+0000] {docker.py:436} INFO - 24/06/25 18:59:51 INFO Utils: Fetching spark://localhost:37633/jars/org.apache.hadoop_hadoop-client-runtime-3.3.2.jar to /tmp/spark-52ef89d4-1258-4922-9467-eeb044b693f7/userFiles-fb9be93f-549c-4799-b9a9-33ab9f9f5207/fetchFileTemp12429763273801707113.tmp
[2024-06-25T18:59:52.049+0000] {docker.py:436} INFO - 24/06/25 18:59:52 INFO Utils: /tmp/spark-52ef89d4-1258-4922-9467-eeb044b693f7/userFiles-fb9be93f-549c-4799-b9a9-33ab9f9f5207/fetchFileTemp12429763273801707113.tmp has been previously copied to /tmp/spark-52ef89d4-1258-4922-9467-eeb044b693f7/userFiles-fb9be93f-549c-4799-b9a9-33ab9f9f5207/org.apache.hadoop_hadoop-client-runtime-3.3.2.jar
[2024-06-25T18:59:52.060+0000] {docker.py:436} INFO - 24/06/25 18:59:52 INFO Executor: Adding file:/tmp/spark-52ef89d4-1258-4922-9467-eeb044b693f7/userFiles-fb9be93f-549c-4799-b9a9-33ab9f9f5207/org.apache.hadoop_hadoop-client-runtime-3.3.2.jar to class loader default
[2024-06-25T18:59:52.061+0000] {docker.py:436} INFO - 24/06/25 18:59:52 INFO Executor: Fetching spark://localhost:37633/jars/com.google.code.findbugs_jsr305-3.0.0.jar with timestamp 1719341990307
[2024-06-25T18:59:52.061+0000] {docker.py:436} INFO - 24/06/25 18:59:52 INFO Utils: Fetching spark://localhost:37633/jars/com.google.code.findbugs_jsr305-3.0.0.jar to /tmp/spark-52ef89d4-1258-4922-9467-eeb044b693f7/userFiles-fb9be93f-549c-4799-b9a9-33ab9f9f5207/fetchFileTemp16919666505384772312.tmp
[2024-06-25T18:59:52.063+0000] {docker.py:436} INFO - 24/06/25 18:59:52 INFO Utils: /tmp/spark-52ef89d4-1258-4922-9467-eeb044b693f7/userFiles-fb9be93f-549c-4799-b9a9-33ab9f9f5207/fetchFileTemp16919666505384772312.tmp has been previously copied to /tmp/spark-52ef89d4-1258-4922-9467-eeb044b693f7/userFiles-fb9be93f-549c-4799-b9a9-33ab9f9f5207/com.google.code.findbugs_jsr305-3.0.0.jar
[2024-06-25T18:59:52.067+0000] {docker.py:436} INFO - 24/06/25 18:59:52 INFO Executor: Adding file:/tmp/spark-52ef89d4-1258-4922-9467-eeb044b693f7/userFiles-fb9be93f-549c-4799-b9a9-33ab9f9f5207/com.google.code.findbugs_jsr305-3.0.0.jar to class loader default
[2024-06-25T18:59:52.068+0000] {docker.py:436} INFO - 24/06/25 18:59:52 INFO Executor: Fetching spark://localhost:37633/jars/org.postgresql_postgresql-42.2.2.jar with timestamp 1719341990307
[2024-06-25T18:59:52.068+0000] {docker.py:436} INFO - 24/06/25 18:59:52 INFO Utils: Fetching spark://localhost:37633/jars/org.postgresql_postgresql-42.2.2.jar to /tmp/spark-52ef89d4-1258-4922-9467-eeb044b693f7/userFiles-fb9be93f-549c-4799-b9a9-33ab9f9f5207/fetchFileTemp13465979966591728169.tmp
[2024-06-25T18:59:52.072+0000] {docker.py:436} INFO - 24/06/25 18:59:52 INFO Utils: /tmp/spark-52ef89d4-1258-4922-9467-eeb044b693f7/userFiles-fb9be93f-549c-4799-b9a9-33ab9f9f5207/fetchFileTemp13465979966591728169.tmp has been previously copied to /tmp/spark-52ef89d4-1258-4922-9467-eeb044b693f7/userFiles-fb9be93f-549c-4799-b9a9-33ab9f9f5207/org.postgresql_postgresql-42.2.2.jar
[2024-06-25T18:59:52.076+0000] {docker.py:436} INFO - 24/06/25 18:59:52 INFO Executor: Adding file:/tmp/spark-52ef89d4-1258-4922-9467-eeb044b693f7/userFiles-fb9be93f-549c-4799-b9a9-33ab9f9f5207/org.postgresql_postgresql-42.2.2.jar to class loader default
[2024-06-25T18:59:52.077+0000] {docker.py:436} INFO - 24/06/25 18:59:52 INFO Executor: Fetching spark://localhost:37633/jars/org.apache.spark_spark-sql-kafka-0-10_2.12-3.3.0.jar with timestamp 1719341990307
[2024-06-25T18:59:52.077+0000] {docker.py:436} INFO - 24/06/25 18:59:52 INFO Utils: Fetching spark://localhost:37633/jars/org.apache.spark_spark-sql-kafka-0-10_2.12-3.3.0.jar to /tmp/spark-52ef89d4-1258-4922-9467-eeb044b693f7/userFiles-fb9be93f-549c-4799-b9a9-33ab9f9f5207/fetchFileTemp2833892234090833403.tmp
[2024-06-25T18:59:52.083+0000] {docker.py:436} INFO - 24/06/25 18:59:52 INFO Utils: /tmp/spark-52ef89d4-1258-4922-9467-eeb044b693f7/userFiles-fb9be93f-549c-4799-b9a9-33ab9f9f5207/fetchFileTemp2833892234090833403.tmp has been previously copied to /tmp/spark-52ef89d4-1258-4922-9467-eeb044b693f7/userFiles-fb9be93f-549c-4799-b9a9-33ab9f9f5207/org.apache.spark_spark-sql-kafka-0-10_2.12-3.3.0.jar
[2024-06-25T18:59:52.086+0000] {docker.py:436} INFO - 24/06/25 18:59:52 INFO Executor: Adding file:/tmp/spark-52ef89d4-1258-4922-9467-eeb044b693f7/userFiles-fb9be93f-549c-4799-b9a9-33ab9f9f5207/org.apache.spark_spark-sql-kafka-0-10_2.12-3.3.0.jar to class loader default
[2024-06-25T18:59:52.087+0000] {docker.py:436} INFO - 24/06/25 18:59:52 INFO Executor: Fetching spark://localhost:37633/jars/org.lz4_lz4-java-1.8.0.jar with timestamp 1719341990307
[2024-06-25T18:59:52.087+0000] {docker.py:436} INFO - 24/06/25 18:59:52 INFO Utils: Fetching spark://localhost:37633/jars/org.lz4_lz4-java-1.8.0.jar to /tmp/spark-52ef89d4-1258-4922-9467-eeb044b693f7/userFiles-fb9be93f-549c-4799-b9a9-33ab9f9f5207/fetchFileTemp444296079100142467.tmp
[2024-06-25T18:59:52.091+0000] {docker.py:436} INFO - 24/06/25 18:59:52 INFO Utils: /tmp/spark-52ef89d4-1258-4922-9467-eeb044b693f7/userFiles-fb9be93f-549c-4799-b9a9-33ab9f9f5207/fetchFileTemp444296079100142467.tmp has been previously copied to /tmp/spark-52ef89d4-1258-4922-9467-eeb044b693f7/userFiles-fb9be93f-549c-4799-b9a9-33ab9f9f5207/org.lz4_lz4-java-1.8.0.jar
[2024-06-25T18:59:52.095+0000] {docker.py:436} INFO - 24/06/25 18:59:52 INFO Executor: Adding file:/tmp/spark-52ef89d4-1258-4922-9467-eeb044b693f7/userFiles-fb9be93f-549c-4799-b9a9-33ab9f9f5207/org.lz4_lz4-java-1.8.0.jar to class loader default
[2024-06-25T18:59:52.096+0000] {docker.py:436} INFO - 24/06/25 18:59:52 INFO Executor: Fetching spark://localhost:37633/jars/org.apache.hadoop_hadoop-client-api-3.3.2.jar with timestamp 1719341990307
[2024-06-25T18:59:52.096+0000] {docker.py:436} INFO - 24/06/25 18:59:52 INFO Utils: Fetching spark://localhost:37633/jars/org.apache.hadoop_hadoop-client-api-3.3.2.jar to /tmp/spark-52ef89d4-1258-4922-9467-eeb044b693f7/userFiles-fb9be93f-549c-4799-b9a9-33ab9f9f5207/fetchFileTemp9012219446092419701.tmp
[2024-06-25T18:59:52.207+0000] {docker.py:436} INFO - 24/06/25 18:59:52 INFO Utils: /tmp/spark-52ef89d4-1258-4922-9467-eeb044b693f7/userFiles-fb9be93f-549c-4799-b9a9-33ab9f9f5207/fetchFileTemp9012219446092419701.tmp has been previously copied to /tmp/spark-52ef89d4-1258-4922-9467-eeb044b693f7/userFiles-fb9be93f-549c-4799-b9a9-33ab9f9f5207/org.apache.hadoop_hadoop-client-api-3.3.2.jar
[2024-06-25T18:59:52.214+0000] {docker.py:436} INFO - 24/06/25 18:59:52 INFO Executor: Adding file:/tmp/spark-52ef89d4-1258-4922-9467-eeb044b693f7/userFiles-fb9be93f-549c-4799-b9a9-33ab9f9f5207/org.apache.hadoop_hadoop-client-api-3.3.2.jar to class loader default
[2024-06-25T18:59:52.215+0000] {docker.py:436} INFO - 24/06/25 18:59:52 INFO Executor: Fetching spark://localhost:37633/jars/org.apache.spark_spark-token-provider-kafka-0-10_2.12-3.3.0.jar with timestamp 1719341990307
[2024-06-25T18:59:52.216+0000] {docker.py:436} INFO - 24/06/25 18:59:52 INFO Utils: Fetching spark://localhost:37633/jars/org.apache.spark_spark-token-provider-kafka-0-10_2.12-3.3.0.jar to /tmp/spark-52ef89d4-1258-4922-9467-eeb044b693f7/userFiles-fb9be93f-549c-4799-b9a9-33ab9f9f5207/fetchFileTemp15542185502069674803.tmp
[2024-06-25T18:59:52.217+0000] {docker.py:436} INFO - 24/06/25 18:59:52 INFO Utils: /tmp/spark-52ef89d4-1258-4922-9467-eeb044b693f7/userFiles-fb9be93f-549c-4799-b9a9-33ab9f9f5207/fetchFileTemp15542185502069674803.tmp has been previously copied to /tmp/spark-52ef89d4-1258-4922-9467-eeb044b693f7/userFiles-fb9be93f-549c-4799-b9a9-33ab9f9f5207/org.apache.spark_spark-token-provider-kafka-0-10_2.12-3.3.0.jar
[2024-06-25T18:59:52.221+0000] {docker.py:436} INFO - 24/06/25 18:59:52 INFO Executor: Adding file:/tmp/spark-52ef89d4-1258-4922-9467-eeb044b693f7/userFiles-fb9be93f-549c-4799-b9a9-33ab9f9f5207/org.apache.spark_spark-token-provider-kafka-0-10_2.12-3.3.0.jar to class loader default
[2024-06-25T18:59:52.221+0000] {docker.py:436} INFO - 24/06/25 18:59:52 INFO Executor: Fetching spark://localhost:37633/jars/org.spark-project.spark_unused-1.0.0.jar with timestamp 1719341990307
[2024-06-25T18:59:52.222+0000] {docker.py:436} INFO - 24/06/25 18:59:52 INFO Utils: Fetching spark://localhost:37633/jars/org.spark-project.spark_unused-1.0.0.jar to /tmp/spark-52ef89d4-1258-4922-9467-eeb044b693f7/userFiles-fb9be93f-549c-4799-b9a9-33ab9f9f5207/fetchFileTemp6446252144948363082.tmp
[2024-06-25T18:59:52.223+0000] {docker.py:436} INFO - 24/06/25 18:59:52 INFO Utils: /tmp/spark-52ef89d4-1258-4922-9467-eeb044b693f7/userFiles-fb9be93f-549c-4799-b9a9-33ab9f9f5207/fetchFileTemp6446252144948363082.tmp has been previously copied to /tmp/spark-52ef89d4-1258-4922-9467-eeb044b693f7/userFiles-fb9be93f-549c-4799-b9a9-33ab9f9f5207/org.spark-project.spark_unused-1.0.0.jar
[2024-06-25T18:59:52.228+0000] {docker.py:436} INFO - 24/06/25 18:59:52 INFO Executor: Adding file:/tmp/spark-52ef89d4-1258-4922-9467-eeb044b693f7/userFiles-fb9be93f-549c-4799-b9a9-33ab9f9f5207/org.spark-project.spark_unused-1.0.0.jar to class loader default
[2024-06-25T18:59:52.229+0000] {docker.py:436} INFO - 24/06/25 18:59:52 INFO Executor: Fetching spark://localhost:37633/jars/org.xerial.snappy_snappy-java-1.1.8.4.jar with timestamp 1719341990307
[2024-06-25T18:59:52.231+0000] {docker.py:436} INFO - 24/06/25 18:59:52 INFO Utils: Fetching spark://localhost:37633/jars/org.xerial.snappy_snappy-java-1.1.8.4.jar to /tmp/spark-52ef89d4-1258-4922-9467-eeb044b693f7/userFiles-fb9be93f-549c-4799-b9a9-33ab9f9f5207/fetchFileTemp16949119802882992817.tmp
[2024-06-25T18:59:52.237+0000] {docker.py:436} INFO - 24/06/25 18:59:52 INFO Utils: /tmp/spark-52ef89d4-1258-4922-9467-eeb044b693f7/userFiles-fb9be93f-549c-4799-b9a9-33ab9f9f5207/fetchFileTemp16949119802882992817.tmp has been previously copied to /tmp/spark-52ef89d4-1258-4922-9467-eeb044b693f7/userFiles-fb9be93f-549c-4799-b9a9-33ab9f9f5207/org.xerial.snappy_snappy-java-1.1.8.4.jar
[2024-06-25T18:59:52.243+0000] {docker.py:436} INFO - 24/06/25 18:59:52 INFO Executor: Adding file:/tmp/spark-52ef89d4-1258-4922-9467-eeb044b693f7/userFiles-fb9be93f-549c-4799-b9a9-33ab9f9f5207/org.xerial.snappy_snappy-java-1.1.8.4.jar to class loader default
[2024-06-25T18:59:52.256+0000] {docker.py:436} INFO - 24/06/25 18:59:52 INFO Utils: Successfully started service 'org.apache.spark.network.netty.NettyBlockTransferService' on port 35265.
[2024-06-25T18:59:52.257+0000] {docker.py:436} INFO - 24/06/25 18:59:52 INFO NettyBlockTransferService: Server created on localhost:35265
[2024-06-25T18:59:52.260+0000] {docker.py:436} INFO - 24/06/25 18:59:52 INFO BlockManager: Using org.apache.spark.storage.RandomBlockReplicationPolicy for block replication policy
[2024-06-25T18:59:52.270+0000] {docker.py:436} INFO - 24/06/25 18:59:52 INFO BlockManagerMaster: Registering BlockManager BlockManagerId(driver, localhost, 35265, None)
[2024-06-25T18:59:52.276+0000] {docker.py:436} INFO - 24/06/25 18:59:52 INFO BlockManagerMasterEndpoint: Registering block manager localhost:35265 with 434.4 MiB RAM, BlockManagerId(driver, localhost, 35265, None)
[2024-06-25T18:59:52.281+0000] {docker.py:436} INFO - 24/06/25 18:59:52 INFO BlockManagerMaster: Registered BlockManager BlockManagerId(driver, localhost, 35265, None)
[2024-06-25T18:59:52.283+0000] {docker.py:436} INFO - 24/06/25 18:59:52 INFO BlockManager: Initialized BlockManager: BlockManagerId(driver, localhost, 35265, None)
[2024-06-25T18:59:52.841+0000] {docker.py:436} INFO - 2024-06-25 18:59:52,840:create_spark_session:INFO:Spark session created successfully
[2024-06-25T18:59:52.852+0000] {docker.py:436} INFO - 24/06/25 18:59:52 INFO SharedState: Setting hive.metastore.warehouse.dir ('null') to the value of spark.sql.warehouse.dir.
[2024-06-25T18:59:52.856+0000] {docker.py:436} INFO - 24/06/25 18:59:52 INFO SharedState: Warehouse path is 'file:/opt/bitnami/spark/spark-warehouse'.
[2024-06-25T18:59:54.870+0000] {docker.py:436} INFO - 2024-06-25 18:59:54,869:create_initial_dataframe:INFO:Initial dataframe created successfully: {df.show()}
StructType([StructField('item_purchased', StringType(), True), StructField('date_of_purchase', DateType(), True), StructField('cost', FloatType(), True), StructField('quantity', IntegerType(), True), StructField('purchased_by', StringType(), True), StructField('payment_method', StringType(), True)])
[2024-06-25T18:59:56.817+0000] {docker.py:436} INFO - 24/06/25 18:59:56 INFO CodeGenerator: Code generated in 200.03039 ms
[2024-06-25T18:59:56.951+0000] {docker.py:436} INFO - 24/06/25 18:59:56 INFO SparkContext: Starting job: jdbc at NativeMethodAccessorImpl.java:0
[2024-06-25T18:59:56.969+0000] {docker.py:436} INFO - 24/06/25 18:59:56 INFO DAGScheduler: Got job 0 (jdbc at NativeMethodAccessorImpl.java:0) with 4 output partitions
[2024-06-25T18:59:56.970+0000] {docker.py:436} INFO - 24/06/25 18:59:56 INFO DAGScheduler: Final stage: ResultStage 0 (jdbc at NativeMethodAccessorImpl.java:0)
24/06/25 18:59:56 INFO DAGScheduler: Parents of final stage: List()
[2024-06-25T18:59:56.971+0000] {docker.py:436} INFO - 24/06/25 18:59:56 INFO DAGScheduler: Missing parents: List()
[2024-06-25T18:59:56.975+0000] {docker.py:436} INFO - 24/06/25 18:59:56 INFO DAGScheduler: Submitting ResultStage 0 (MapPartitionsRDD[8] at jdbc at NativeMethodAccessorImpl.java:0), which has no missing parents
[2024-06-25T18:59:57.139+0000] {docker.py:436} INFO - 24/06/25 18:59:57 INFO MemoryStore: Block broadcast_0 stored as values in memory (estimated size 35.5 KiB, free 434.4 MiB)
[2024-06-25T18:59:57.192+0000] {docker.py:436} INFO - 24/06/25 18:59:57 INFO MemoryStore: Block broadcast_0_piece0 stored as bytes in memory (estimated size 15.4 KiB, free 434.4 MiB)
[2024-06-25T18:59:57.197+0000] {docker.py:436} INFO - 24/06/25 18:59:57 INFO BlockManagerInfo: Added broadcast_0_piece0 in memory on localhost:35265 (size: 15.4 KiB, free: 434.4 MiB)
[2024-06-25T18:59:57.204+0000] {docker.py:436} INFO - 24/06/25 18:59:57 INFO SparkContext: Created broadcast 0 from broadcast at DAGScheduler.scala:1585
[2024-06-25T18:59:57.247+0000] {docker.py:436} INFO - 24/06/25 18:59:57 INFO DAGScheduler: Submitting 4 missing tasks from ResultStage 0 (MapPartitionsRDD[8] at jdbc at NativeMethodAccessorImpl.java:0) (first 15 tasks are for partitions Vector(0, 1, 2, 3))
[2024-06-25T18:59:57.263+0000] {docker.py:436} INFO - 24/06/25 18:59:57 INFO TaskSchedulerImpl: Adding task set 0.0 with 4 tasks resource profile 0
[2024-06-25T18:59:57.337+0000] {docker.py:436} INFO - 24/06/25 18:59:57 INFO TaskSetManager: Starting task 0.0 in stage 0.0 (TID 0) (localhost, executor driver, partition 0, PROCESS_LOCAL, 10106 bytes)
[2024-06-25T18:59:57.343+0000] {docker.py:436} INFO - 24/06/25 18:59:57 INFO TaskSetManager: Starting task 1.0 in stage 0.0 (TID 1) (localhost, executor driver, partition 1, PROCESS_LOCAL, 10143 bytes)
[2024-06-25T18:59:57.345+0000] {docker.py:436} INFO - 24/06/25 18:59:57 INFO TaskSetManager: Starting task 2.0 in stage 0.0 (TID 2) (localhost, executor driver, partition 2, PROCESS_LOCAL, 10141 bytes)
[2024-06-25T18:59:57.347+0000] {docker.py:436} INFO - 24/06/25 18:59:57 INFO TaskSetManager: Starting task 3.0 in stage 0.0 (TID 3) (localhost, executor driver, partition 3, PROCESS_LOCAL, 10145 bytes)
[2024-06-25T18:59:57.364+0000] {docker.py:436} INFO - 24/06/25 18:59:57 INFO Executor: Running task 1.0 in stage 0.0 (TID 1)
24/06/25 18:59:57 INFO Executor: Running task 0.0 in stage 0.0 (TID 0)
24/06/25 18:59:57 INFO Executor: Running task 3.0 in stage 0.0 (TID 3)
[2024-06-25T18:59:57.365+0000] {docker.py:436} INFO - 24/06/25 18:59:57 INFO Executor: Running task 2.0 in stage 0.0 (TID 2)
[2024-06-25T18:59:58.602+0000] {docker.py:436} INFO - 24/06/25 18:59:58 INFO CodeGenerator: Code generated in 166.514605 ms
[2024-06-25T19:00:00.251+0000] {docker.py:436} INFO - 24/06/25 19:00:00 INFO CodeGenerator: Code generated in 19.477347 ms
[2024-06-25T19:00:00.259+0000] {docker.py:436} INFO - 24/06/25 19:00:00 INFO PythonRunner: Times: total = 1712, boot = 832, init = 880, finish = 0
[2024-06-25T19:00:00.285+0000] {docker.py:436} INFO - 24/06/25 19:00:00 INFO PythonRunner: Times: total = 1778, boot = 843, init = 935, finish = 0
24/06/25 19:00:00 INFO PythonRunner: Times: total = 1900, boot = 839, init = 1061, finish = 0
[2024-06-25T19:00:00.287+0000] {docker.py:436} INFO - 24/06/25 19:00:00 INFO PythonRunner: Times: total = 1819, boot = 854, init = 965, finish = 0
[2024-06-25T19:00:00.301+0000] {docker.py:436} INFO - 24/06/25 19:00:00 INFO Executor: Finished task 0.0 in stage 0.0 (TID 0). 1664 bytes result sent to driver
[2024-06-25T19:00:00.304+0000] {docker.py:436} INFO - 24/06/25 19:00:00 INFO Executor: Finished task 1.0 in stage 0.0 (TID 1). 1707 bytes result sent to driver
[2024-06-25T19:00:00.306+0000] {docker.py:436} INFO - 24/06/25 19:00:00 INFO Executor: Finished task 3.0 in stage 0.0 (TID 3). 1664 bytes result sent to driver
[2024-06-25T19:00:00.307+0000] {docker.py:436} INFO - 24/06/25 19:00:00 INFO Executor: Finished task 2.0 in stage 0.0 (TID 2). 1664 bytes result sent to driver
[2024-06-25T19:00:00.318+0000] {docker.py:436} INFO - 24/06/25 19:00:00 INFO TaskSetManager: Finished task 1.0 in stage 0.0 (TID 1) in 2974 ms on localhost (executor driver) (1/4)
[2024-06-25T19:00:00.322+0000] {docker.py:436} INFO - 24/06/25 19:00:00 INFO TaskSetManager: Finished task 3.0 in stage 0.0 (TID 3) in 2976 ms on localhost (executor driver) (2/4)
[2024-06-25T19:00:00.323+0000] {docker.py:436} INFO - 24/06/25 19:00:00 INFO TaskSetManager: Finished task 2.0 in stage 0.0 (TID 2) in 2978 ms on localhost (executor driver) (3/4)
[2024-06-25T19:00:00.324+0000] {docker.py:436} INFO - 24/06/25 19:00:00 INFO TaskSetManager: Finished task 0.0 in stage 0.0 (TID 0) in 3006 ms on localhost (executor driver) (4/4)
[2024-06-25T19:00:00.325+0000] {docker.py:436} INFO - 24/06/25 19:00:00 INFO TaskSchedulerImpl: Removed TaskSet 0.0, whose tasks have all completed, from pool
[2024-06-25T19:00:00.327+0000] {docker.py:436} INFO - 24/06/25 19:00:00 INFO PythonAccumulatorV2: Connected to AccumulatorServer at host: 127.0.0.1 port: 54037
[2024-06-25T19:00:00.335+0000] {docker.py:436} INFO - 24/06/25 19:00:00 INFO DAGScheduler: ResultStage 0 (jdbc at NativeMethodAccessorImpl.java:0) finished in 3.344 s
[2024-06-25T19:00:00.338+0000] {docker.py:436} INFO - 24/06/25 19:00:00 INFO DAGScheduler: Job 0 is finished. Cancelling potential speculative or zombie tasks for this job
[2024-06-25T19:00:00.339+0000] {docker.py:436} INFO - 24/06/25 19:00:00 INFO TaskSchedulerImpl: Killing all running tasks in stage 0: Stage finished
[2024-06-25T19:00:00.359+0000] {docker.py:436} INFO - 24/06/25 19:00:00 INFO DAGScheduler: Job 0 finished: jdbc at NativeMethodAccessorImpl.java:0, took 3.390416 s
[2024-06-25T19:00:00.651+0000] {docker.py:436} INFO - 24/06/25 19:00:00 INFO CodeGenerator: Code generated in 9.806596 ms
[2024-06-25T19:00:00.669+0000] {docker.py:436} INFO - 24/06/25 19:00:00 INFO SparkContext: Starting job: showString at NativeMethodAccessorImpl.java:0
[2024-06-25T19:00:00.670+0000] {docker.py:436} INFO - 24/06/25 19:00:00 INFO DAGScheduler: Got job 1 (showString at NativeMethodAccessorImpl.java:0) with 1 output partitions
[2024-06-25T19:00:00.671+0000] {docker.py:436} INFO - 24/06/25 19:00:00 INFO DAGScheduler: Final stage: ResultStage 1 (showString at NativeMethodAccessorImpl.java:0)
[2024-06-25T19:00:00.671+0000] {docker.py:436} INFO - 24/06/25 19:00:00 INFO DAGScheduler: Parents of final stage: List()
[2024-06-25T19:00:00.672+0000] {docker.py:436} INFO - 24/06/25 19:00:00 INFO DAGScheduler: Missing parents: List()
[2024-06-25T19:00:00.673+0000] {docker.py:436} INFO - 24/06/25 19:00:00 INFO DAGScheduler: Submitting ResultStage 1 (MapPartitionsRDD[11] at showString at NativeMethodAccessorImpl.java:0), which has no missing parents
[2024-06-25T19:00:00.684+0000] {docker.py:436} INFO - 24/06/25 19:00:00 INFO MemoryStore: Block broadcast_1 stored as values in memory (estimated size 10.9 KiB, free 434.3 MiB)
[2024-06-25T19:00:00.694+0000] {docker.py:436} INFO - 24/06/25 19:00:00 INFO MemoryStore: Block broadcast_1_piece0 stored as bytes in memory (estimated size 5.8 KiB, free 434.3 MiB)
[2024-06-25T19:00:00.695+0000] {docker.py:436} INFO - 24/06/25 19:00:00 INFO BlockManagerInfo: Added broadcast_1_piece0 in memory on localhost:35265 (size: 5.8 KiB, free: 434.4 MiB)
[2024-06-25T19:00:00.696+0000] {docker.py:436} INFO - 24/06/25 19:00:00 INFO SparkContext: Created broadcast 1 from broadcast at DAGScheduler.scala:1585
[2024-06-25T19:00:00.698+0000] {docker.py:436} INFO - 24/06/25 19:00:00 INFO DAGScheduler: Submitting 1 missing tasks from ResultStage 1 (MapPartitionsRDD[11] at showString at NativeMethodAccessorImpl.java:0) (first 15 tasks are for partitions Vector(0))
[2024-06-25T19:00:00.698+0000] {docker.py:436} INFO - 24/06/25 19:00:00 INFO TaskSchedulerImpl: Adding task set 1.0 with 1 tasks resource profile 0
[2024-06-25T19:00:00.701+0000] {docker.py:436} INFO - 24/06/25 19:00:00 INFO TaskSetManager: Starting task 0.0 in stage 1.0 (TID 4) (localhost, executor driver, partition 0, PROCESS_LOCAL, 9972 bytes)
[2024-06-25T19:00:00.702+0000] {docker.py:436} INFO - 24/06/25 19:00:00 INFO Executor: Running task 0.0 in stage 1.0 (TID 4)
[2024-06-25T19:00:00.750+0000] {docker.py:436} INFO - 24/06/25 19:00:00 INFO CodeGenerator: Code generated in 13.72937 ms
[2024-06-25T19:00:00.758+0000] {docker.py:436} INFO - 24/06/25 19:00:00 INFO JDBCRDD: closed connection
[2024-06-25T19:00:00.764+0000] {docker.py:436} INFO - 24/06/25 19:00:00 INFO Executor: Finished task 0.0 in stage 1.0 (TID 4). 1529 bytes result sent to driver
[2024-06-25T19:00:00.766+0000] {docker.py:436} INFO - 24/06/25 19:00:00 INFO TaskSetManager: Finished task 0.0 in stage 1.0 (TID 4) in 66 ms on localhost (executor driver) (1/1)
[2024-06-25T19:00:00.767+0000] {docker.py:436} INFO - 24/06/25 19:00:00 INFO TaskSchedulerImpl: Removed TaskSet 1.0, whose tasks have all completed, from pool
[2024-06-25T19:00:00.769+0000] {docker.py:436} INFO - 24/06/25 19:00:00 INFO DAGScheduler: ResultStage 1 (showString at NativeMethodAccessorImpl.java:0) finished in 0.094 s
[2024-06-25T19:00:00.769+0000] {docker.py:436} INFO - 24/06/25 19:00:00 INFO DAGScheduler: Job 1 is finished. Cancelling potential speculative or zombie tasks for this job
[2024-06-25T19:00:00.770+0000] {docker.py:436} INFO - 24/06/25 19:00:00 INFO TaskSchedulerImpl: Killing all running tasks in stage 1: Stage finished
[2024-06-25T19:00:00.770+0000] {docker.py:436} INFO - 24/06/25 19:00:00 INFO DAGScheduler: Job 1 finished: showString at NativeMethodAccessorImpl.java:0, took 0.101368 s
[2024-06-25T19:00:00.827+0000] {docker.py:436} INFO - 24/06/25 19:00:00 INFO CodeGenerator: Code generated in 50.177979 ms
[2024-06-25T19:00:00.839+0000] {docker.py:436} INFO - +--------------+
|    table_name|
+--------------+
|your_new_table|
+--------------+
[2024-06-25T19:00:00.840+0000] {docker.py:436} INFO - 24/06/25 19:00:00 INFO SparkContext: SparkContext is stopping with exitCode 0.
[2024-06-25T19:00:00.842+0000] {docker.py:436} INFO - 24/06/25 19:00:00 INFO BlockManagerInfo: Removed broadcast_0_piece0 on localhost:35265 in memory (size: 15.4 KiB, free: 434.4 MiB)
[2024-06-25T19:00:00.865+0000] {docker.py:436} INFO - 24/06/25 19:00:00 INFO SparkUI: Stopped Spark web UI at http://localhost:4040
[2024-06-25T19:00:00.912+0000] {docker.py:436} INFO - 24/06/25 19:00:00 INFO MapOutputTrackerMasterEndpoint: MapOutputTrackerMasterEndpoint stopped!
[2024-06-25T19:00:00.930+0000] {docker.py:436} INFO - 24/06/25 19:00:00 INFO MemoryStore: MemoryStore cleared
[2024-06-25T19:00:00.932+0000] {docker.py:436} INFO - 24/06/25 19:00:00 INFO BlockManager: BlockManager stopped
[2024-06-25T19:00:00.937+0000] {docker.py:436} INFO - 24/06/25 19:00:00 INFO BlockManagerMaster: BlockManagerMaster stopped
[2024-06-25T19:00:00.941+0000] {docker.py:436} INFO - 24/06/25 19:00:00 INFO OutputCommitCoordinator$OutputCommitCoordinatorEndpoint: OutputCommitCoordinator stopped!
[2024-06-25T19:00:00.950+0000] {docker.py:436} INFO - 24/06/25 19:00:00 INFO SparkContext: Successfully stopped SparkContext
[2024-06-25T19:00:01.339+0000] {docker.py:436} INFO - 2024-06-25 19:00:01,339:close:INFO:Closing down clientserver connection
[2024-06-25T19:00:01.401+0000] {docker.py:436} INFO - 24/06/25 19:00:01 INFO ShutdownHookManager: Shutdown hook called
[2024-06-25T19:00:01.402+0000] {docker.py:436} INFO - 24/06/25 19:00:01 INFO ShutdownHookManager: Deleting directory /tmp/spark-52ef89d4-1258-4922-9467-eeb044b693f7
[2024-06-25T19:00:01.405+0000] {docker.py:436} INFO - 24/06/25 19:00:01 INFO ShutdownHookManager: Deleting directory /tmp/spark-52ef89d4-1258-4922-9467-eeb044b693f7/pyspark-4aeb9c21-5cb8-48d0-b852-cc2fe1c9d94f
[2024-06-25T19:00:01.408+0000] {docker.py:436} INFO - 24/06/25 19:00:01 INFO ShutdownHookManager: Deleting directory /tmp/spark-61575896-6a6f-4dc9-b566-6dd4f4f155ea
[2024-06-25T19:00:03.527+0000] {taskinstance.py:441} INFO - ::group::Post task execution logs
[2024-06-25T19:00:03.565+0000] {taskinstance.py:1206} INFO - Marking task as SUCCESS. dag_id=Stage_1, task_id=run_bronze_job, run_id=manual__2024-06-25T18:59:17.830489+00:00, execution_date=20240625T185917, start_date=20240625T185923, end_date=20240625T190003
[2024-06-25T19:00:03.614+0000] {local_task_job_runner.py:240} INFO - Task exited with return code 0
[2024-06-25T19:00:03.631+0000] {taskinstance.py:3498} INFO - 0 downstream tasks scheduled from follow-on schedule check
[2024-06-25T19:00:03.646+0000] {local_task_job_runner.py:222} INFO - ::endgroup::
