[2024-06-27T07:50:03.170+0000] {local_task_job_runner.py:120} INFO - ::group::Pre task execution logs
[2024-06-27T07:50:03.216+0000] {taskinstance.py:2076} INFO - Dependencies all met for dep_context=non-requeueable deps ti=<TaskInstance: Stage_1.run_bronze_job manual__2024-06-27T07:49:55.833705+00:00 [queued]>
[2024-06-27T07:50:03.227+0000] {taskinstance.py:2076} INFO - Dependencies all met for dep_context=requeueable deps ti=<TaskInstance: Stage_1.run_bronze_job manual__2024-06-27T07:49:55.833705+00:00 [queued]>
[2024-06-27T07:50:03.228+0000] {taskinstance.py:2306} INFO - Starting attempt 1 of 1
[2024-06-27T07:50:03.244+0000] {taskinstance.py:2330} INFO - Executing <Task(DockerOperator): run_bronze_job> on 2024-06-27 07:49:55.833705+00:00
[2024-06-27T07:50:03.252+0000] {logging_mixin.py:188} WARNING - /home/***/.local/lib/python3.12/site-packages/***/task/task_runner/standard_task_runner.py:61 DeprecationWarning: This process (pid=871) is multi-threaded, use of fork() may lead to deadlocks in the child.
[2024-06-27T07:50:03.253+0000] {standard_task_runner.py:63} INFO - Started process 872 to run task
[2024-06-27T07:50:03.252+0000] {standard_task_runner.py:90} INFO - Running: ['***', 'tasks', 'run', 'Stage_1', 'run_bronze_job', 'manual__2024-06-27T07:49:55.833705+00:00', '--job-id', '191', '--raw', '--subdir', 'DAGS_FOLDER/kafka_dag.py', '--cfg-path', '/tmp/tmpqy445fiz']
[2024-06-27T07:50:03.254+0000] {standard_task_runner.py:91} INFO - Job 191: Subtask run_bronze_job
[2024-06-27T07:50:03.270+0000] {logging_mixin.py:188} WARNING - /home/***/.local/lib/python3.12/site-packages/***/settings.py:195 DeprecationWarning: The sql_alchemy_conn option in [core] has been moved to the sql_alchemy_conn option in [database] - the old setting has been used, but please update your config.
[2024-06-27T07:50:03.307+0000] {task_command.py:426} INFO - Running <TaskInstance: Stage_1.run_bronze_job manual__2024-06-27T07:49:55.833705+00:00 [running]> on host 08bfa8b73cac
[2024-06-27T07:50:03.406+0000] {taskinstance.py:2648} INFO - Exporting env vars: AIRFLOW_CTX_DAG_OWNER='***' AIRFLOW_CTX_DAG_ID='Stage_1' AIRFLOW_CTX_TASK_ID='run_bronze_job' AIRFLOW_CTX_EXECUTION_DATE='2024-06-27T07:49:55.833705+00:00' AIRFLOW_CTX_TRY_NUMBER='1' AIRFLOW_CTX_DAG_RUN_ID='manual__2024-06-27T07:49:55.833705+00:00'
[2024-06-27T07:50:03.407+0000] {taskinstance.py:430} INFO - ::endgroup::
[2024-06-27T07:50:03.443+0000] {docker.py:366} INFO - Starting docker container from image bitnami/spark:latest
[2024-06-27T07:50:03.447+0000] {docker.py:374} WARNING - Using remote engine or docker-in-docker and mounting temporary volume from host is not supported. Falling back to `mount_tmp_dir=False` mode. You can set `mount_tmp_dir` parameter to False to disable mounting and remove the warning
[2024-06-27T07:50:03.889+0000] {docker.py:436} INFO - [38;5;6mspark [38;5;5m07:50:03.88 [0m[38;5;2mINFO [0m ==>
[2024-06-27T07:50:03.891+0000] {docker.py:436} INFO - [38;5;6mspark [38;5;5m07:50:03.89 [0m[38;5;2mINFO [0m ==> [1mWelcome to the Bitnami spark container[0m
[2024-06-27T07:50:03.893+0000] {docker.py:436} INFO - [38;5;6mspark [38;5;5m07:50:03.89 [0m[38;5;2mINFO [0m ==> Subscribe to project updates by watching [1mhttps://github.com/bitnami/containers[0m
[2024-06-27T07:50:03.894+0000] {docker.py:436} INFO - [38;5;6mspark [38;5;5m07:50:03.89 [0m[38;5;2mINFO [0m ==> Submit issues and feature requests at [1mhttps://github.com/bitnami/containers/issues[0m
[2024-06-27T07:50:03.896+0000] {docker.py:436} INFO - [38;5;6mspark [38;5;5m07:50:03.89 [0m[38;5;2mINFO [0m ==> Upgrade to Tanzu Application Catalog for production environments to access custom-configured and pre-packaged software components. Gain enhanced features, including Software Bill of Materials (SBOM), CVE scan result reports, and VEX documents. To learn more, visit [1mhttps://bitnami.com/enterprise[0m
[2024-06-27T07:50:03.897+0000] {docker.py:436} INFO - [38;5;6mspark [38;5;5m07:50:03.89 [0m[38;5;2mINFO [0m ==>
[2024-06-27T07:50:03.905+0000] {docker.py:436} INFO - 
[2024-06-27T07:50:06.492+0000] {docker.py:436} INFO - :: loading settings :: url = jar:file:/opt/bitnami/spark/jars/ivy-2.5.1.jar!/org/apache/ivy/core/settings/ivysettings.xml
[2024-06-27T07:50:06.624+0000] {docker.py:436} INFO - Ivy Default Cache set to: /opt/bitnami/spark/.ivy2/cache
The jars for the packages stored in: /opt/bitnami/spark/.ivy2/jars
[2024-06-27T07:50:06.650+0000] {docker.py:436} INFO - org.apache.spark#spark-sql-kafka-0-10_2.12 added as a dependency
[2024-06-27T07:50:06.651+0000] {docker.py:436} INFO - org.postgresql#postgresql added as a dependency
[2024-06-27T07:50:06.654+0000] {docker.py:436} INFO - :: resolving dependencies :: org.apache.spark#spark-submit-parent-4b08d03a-d60f-4252-a1ce-5da4fda4a1ca;1.0
	confs: [default]
[2024-06-27T07:50:09.630+0000] {docker.py:436} INFO - found org.apache.spark#spark-sql-kafka-0-10_2.12;3.3.0 in central
[2024-06-27T07:50:10.367+0000] {docker.py:436} INFO - found org.apache.spark#spark-token-provider-kafka-0-10_2.12;3.3.0 in central
[2024-06-27T07:50:10.459+0000] {docker.py:436} INFO - found org.apache.kafka#kafka-clients;2.8.1 in central
[2024-06-27T07:50:10.615+0000] {docker.py:436} INFO - found org.lz4#lz4-java;1.8.0 in central
[2024-06-27T07:50:10.749+0000] {docker.py:436} INFO - found org.xerial.snappy#snappy-java;1.1.8.4 in central
[2024-06-27T07:50:11.098+0000] {docker.py:436} INFO - found org.slf4j#slf4j-api;1.7.32 in central
[2024-06-27T07:50:12.800+0000] {docker.py:436} INFO - found org.apache.hadoop#hadoop-client-runtime;3.3.2 in central
[2024-06-27T07:50:12.989+0000] {docker.py:436} INFO - found org.spark-project.spark#unused;1.0.0 in central
[2024-06-27T07:50:13.287+0000] {docker.py:436} INFO - found org.apache.hadoop#hadoop-client-api;3.3.2 in central
[2024-06-27T07:50:13.716+0000] {docker.py:436} INFO - found commons-logging#commons-logging;1.1.3 in central
[2024-06-27T07:50:13.766+0000] {docker.py:436} INFO - found com.google.code.findbugs#jsr305;3.0.0 in central
[2024-06-27T07:50:14.760+0000] {docker.py:436} INFO - found org.apache.commons#commons-pool2;2.11.1 in central
[2024-06-27T07:50:16.646+0000] {docker.py:436} INFO - found org.postgresql#postgresql;42.2.2 in central
[2024-06-27T07:50:16.681+0000] {docker.py:436} INFO - downloading https://repo1.maven.org/maven2/org/apache/spark/spark-sql-kafka-0-10_2.12/3.3.0/spark-sql-kafka-0-10_2.12-3.3.0.jar ...
[2024-06-27T07:50:16.745+0000] {docker.py:436} INFO - [SUCCESSFUL ] org.apache.spark#spark-sql-kafka-0-10_2.12;3.3.0!spark-sql-kafka-0-10_2.12.jar (74ms)
[2024-06-27T07:50:16.761+0000] {docker.py:436} INFO - downloading https://repo1.maven.org/maven2/org/postgresql/postgresql/42.2.2/postgresql-42.2.2.jar ...
[2024-06-27T07:50:16.861+0000] {docker.py:436} INFO - [SUCCESSFUL ] org.postgresql#postgresql;42.2.2!postgresql.jar(bundle) (116ms)
[2024-06-27T07:50:16.879+0000] {docker.py:436} INFO - downloading https://repo1.maven.org/maven2/org/apache/spark/spark-token-provider-kafka-0-10_2.12/3.3.0/spark-token-provider-kafka-0-10_2.12-3.3.0.jar ...
[2024-06-27T07:50:16.898+0000] {docker.py:436} INFO - [SUCCESSFUL ] org.apache.spark#spark-token-provider-kafka-0-10_2.12;3.3.0!spark-token-provider-kafka-0-10_2.12.jar (34ms)
[2024-06-27T07:50:16.909+0000] {docker.py:436} INFO - downloading https://repo1.maven.org/maven2/org/apache/kafka/kafka-clients/2.8.1/kafka-clients-2.8.1.jar ...
[2024-06-27T07:50:17.491+0000] {docker.py:436} INFO - [SUCCESSFUL ] org.apache.kafka#kafka-clients;2.8.1!kafka-clients.jar (592ms)
[2024-06-27T07:50:17.502+0000] {docker.py:436} INFO - downloading https://repo1.maven.org/maven2/com/google/code/findbugs/jsr305/3.0.0/jsr305-3.0.0.jar ...
[2024-06-27T07:50:17.519+0000] {docker.py:436} INFO - [SUCCESSFUL ] com.google.code.findbugs#jsr305;3.0.0!jsr305.jar (25ms)
[2024-06-27T07:50:17.530+0000] {docker.py:436} INFO - downloading https://repo1.maven.org/maven2/org/apache/commons/commons-pool2/2.11.1/commons-pool2-2.11.1.jar ...
[2024-06-27T07:50:17.557+0000] {docker.py:436} INFO - [SUCCESSFUL ] org.apache.commons#commons-pool2;2.11.1!commons-pool2.jar (38ms)
[2024-06-27T07:50:17.570+0000] {docker.py:436} INFO - downloading https://repo1.maven.org/maven2/org/spark-project/spark/unused/1.0.0/unused-1.0.0.jar ...
[2024-06-27T07:50:17.585+0000] {docker.py:436} INFO - [SUCCESSFUL ] org.spark-project.spark#unused;1.0.0!unused.jar (24ms)
[2024-06-27T07:50:17.597+0000] {docker.py:436} INFO - downloading https://repo1.maven.org/maven2/org/apache/hadoop/hadoop-client-runtime/3.3.2/hadoop-client-runtime-3.3.2.jar ...
[2024-06-27T07:50:20.941+0000] {docker.py:436} INFO - [SUCCESSFUL ] org.apache.hadoop#hadoop-client-runtime;3.3.2!hadoop-client-runtime.jar (3355ms)
[2024-06-27T07:50:20.959+0000] {docker.py:436} INFO - downloading https://repo1.maven.org/maven2/org/lz4/lz4-java/1.8.0/lz4-java-1.8.0.jar ...
[2024-06-27T07:50:21.070+0000] {docker.py:436} INFO - [SUCCESSFUL ] org.lz4#lz4-java;1.8.0!lz4-java.jar (126ms)
[2024-06-27T07:50:21.083+0000] {docker.py:436} INFO - downloading https://repo1.maven.org/maven2/org/xerial/snappy/snappy-java/1.1.8.4/snappy-java-1.1.8.4.jar ...
[2024-06-27T07:50:21.369+0000] {docker.py:436} INFO - [SUCCESSFUL ] org.xerial.snappy#snappy-java;1.1.8.4!snappy-java.jar(bundle) (300ms)
[2024-06-27T07:50:21.393+0000] {docker.py:436} INFO - downloading https://repo1.maven.org/maven2/org/slf4j/slf4j-api/1.7.32/slf4j-api-1.7.32.jar ...
[2024-06-27T07:50:21.408+0000] {docker.py:436} INFO - [SUCCESSFUL ] org.slf4j#slf4j-api;1.7.32!slf4j-api.jar (37ms)
[2024-06-27T07:50:21.421+0000] {docker.py:436} INFO - downloading https://repo1.maven.org/maven2/org/apache/hadoop/hadoop-client-api/3.3.2/hadoop-client-api-3.3.2.jar ...
[2024-06-27T07:50:23.664+0000] {docker.py:436} INFO - [SUCCESSFUL ] org.apache.hadoop#hadoop-client-api;3.3.2!hadoop-client-api.jar (2256ms)
[2024-06-27T07:50:23.675+0000] {docker.py:436} INFO - downloading https://repo1.maven.org/maven2/commons-logging/commons-logging/1.1.3/commons-logging-1.1.3.jar ...
[2024-06-27T07:50:23.696+0000] {docker.py:436} INFO - [SUCCESSFUL ] commons-logging#commons-logging;1.1.3!commons-logging.jar (30ms)
[2024-06-27T07:50:23.697+0000] {docker.py:436} INFO - :: resolution report :: resolve 10013ms :: artifacts dl 7029ms
[2024-06-27T07:50:23.697+0000] {docker.py:436} INFO - :: modules in use:
[2024-06-27T07:50:23.698+0000] {docker.py:436} INFO - com.google.code.findbugs#jsr305;3.0.0 from central in [default]
[2024-06-27T07:50:23.698+0000] {docker.py:436} INFO - commons-logging#commons-logging;1.1.3 from central in [default]
	org.apache.commons#commons-pool2;2.11.1 from central in [default]
	org.apache.hadoop#hadoop-client-api;3.3.2 from central in [default]
	org.apache.hadoop#hadoop-client-runtime;3.3.2 from central in [default]
	org.apache.kafka#kafka-clients;2.8.1 from central in [default]
	org.apache.spark#spark-sql-kafka-0-10_2.12;3.3.0 from central in [default]
[2024-06-27T07:50:23.699+0000] {docker.py:436} INFO - org.apache.spark#spark-token-provider-kafka-0-10_2.12;3.3.0 from central in [default]
	org.lz4#lz4-java;1.8.0 from central in [default]
	org.postgresql#postgresql;42.2.2 from central in [default]
	org.slf4j#slf4j-api;1.7.32 from central in [default]
	org.spark-project.spark#unused;1.0.0 from central in [default]
	org.xerial.snappy#snappy-java;1.1.8.4 from central in [default]
[2024-06-27T07:50:23.699+0000] {docker.py:436} INFO - ---------------------------------------------------------------------
[2024-06-27T07:50:23.699+0000] {docker.py:436} INFO - |                  |            modules            ||   artifacts   |
	|       conf       | number| search|dwnlded|evicted|| number|dwnlded|
	---------------------------------------------------------------------
[2024-06-27T07:50:23.700+0000] {docker.py:436} INFO - |      default     |   13  |   13  |   13  |   0   ||   13  |   13  |
	---------------------------------------------------------------------
[2024-06-27T07:50:23.708+0000] {docker.py:436} INFO - :: retrieving :: org.apache.spark#spark-submit-parent-4b08d03a-d60f-4252-a1ce-5da4fda4a1ca
[2024-06-27T07:50:23.709+0000] {docker.py:436} INFO - confs: [default]
[2024-06-27T07:50:23.797+0000] {docker.py:436} INFO - 13 artifacts copied, 0 already retrieved (57403kB/89ms)
[2024-06-27T07:50:24.083+0000] {docker.py:436} INFO - 24/06/27 07:50:24 WARN NativeCodeLoader: Unable to load native-hadoop library for your platform... using builtin-java classes where applicable
[2024-06-27T07:50:25.580+0000] {docker.py:436} INFO - 24/06/27 07:50:25 INFO SparkContext: Running Spark version 3.5.1
[2024-06-27T07:50:25.581+0000] {docker.py:436} INFO - 24/06/27 07:50:25 INFO SparkContext: OS info Linux, 6.5.0-41-generic, amd64
[2024-06-27T07:50:25.582+0000] {docker.py:436} INFO - 24/06/27 07:50:25 INFO SparkContext: Java version 17.0.11
[2024-06-27T07:50:25.623+0000] {docker.py:436} INFO - 24/06/27 07:50:25 INFO ResourceUtils: ==============================================================
[2024-06-27T07:50:25.624+0000] {docker.py:436} INFO - 24/06/27 07:50:25 INFO ResourceUtils: No custom resources configured for spark.driver.
[2024-06-27T07:50:25.627+0000] {docker.py:436} INFO - 24/06/27 07:50:25 INFO ResourceUtils: ==============================================================
[2024-06-27T07:50:25.627+0000] {docker.py:436} INFO - 24/06/27 07:50:25 INFO SparkContext: Submitted application: PostgreSQL Connection with PySpark
[2024-06-27T07:50:25.658+0000] {docker.py:436} INFO - 24/06/27 07:50:25 INFO ResourceProfile: Default ResourceProfile created, executor resources: Map(cores -> name: cores, amount: 1, script: , vendor: , memory -> name: memory, amount: 1024, script: , vendor: , offHeap -> name: offHeap, amount: 0, script: , vendor: ), task resources: Map(cpus -> name: cpus, amount: 1.0)
[2024-06-27T07:50:25.670+0000] {docker.py:436} INFO - 24/06/27 07:50:25 INFO ResourceProfile: Limiting resource is cpu
[2024-06-27T07:50:25.671+0000] {docker.py:436} INFO - 24/06/27 07:50:25 INFO ResourceProfileManager: Added ResourceProfile id: 0
[2024-06-27T07:50:25.761+0000] {docker.py:436} INFO - 24/06/27 07:50:25 INFO SecurityManager: Changing view acls to: spark
[2024-06-27T07:50:25.762+0000] {docker.py:436} INFO - 24/06/27 07:50:25 INFO SecurityManager: Changing modify acls to: spark
[2024-06-27T07:50:25.763+0000] {docker.py:436} INFO - 24/06/27 07:50:25 INFO SecurityManager: Changing view acls groups to:
[2024-06-27T07:50:25.766+0000] {docker.py:436} INFO - 24/06/27 07:50:25 INFO SecurityManager: Changing modify acls groups to:
[2024-06-27T07:50:25.767+0000] {docker.py:436} INFO - 24/06/27 07:50:25 INFO SecurityManager: SecurityManager: authentication disabled; ui acls disabled; users with view permissions: spark; groups with view permissions: EMPTY; users with modify permissions: spark; groups with modify permissions: EMPTY
[2024-06-27T07:50:26.101+0000] {docker.py:436} INFO - 24/06/27 07:50:26 INFO Utils: Successfully started service 'sparkDriver' on port 36565.
[2024-06-27T07:50:26.130+0000] {docker.py:436} INFO - 24/06/27 07:50:26 INFO SparkEnv: Registering MapOutputTracker
[2024-06-27T07:50:26.175+0000] {docker.py:436} INFO - 24/06/27 07:50:26 INFO SparkEnv: Registering BlockManagerMaster
[2024-06-27T07:50:26.202+0000] {docker.py:436} INFO - 24/06/27 07:50:26 INFO BlockManagerMasterEndpoint: Using org.apache.spark.storage.DefaultTopologyMapper for getting topology information
[2024-06-27T07:50:26.202+0000] {docker.py:436} INFO - 24/06/27 07:50:26 INFO BlockManagerMasterEndpoint: BlockManagerMasterEndpoint up
[2024-06-27T07:50:26.207+0000] {docker.py:436} INFO - 24/06/27 07:50:26 INFO SparkEnv: Registering BlockManagerMasterHeartbeat
[2024-06-27T07:50:26.231+0000] {docker.py:436} INFO - 24/06/27 07:50:26 INFO DiskBlockManager: Created local directory at /tmp/blockmgr-103157b0-dc2b-49d0-b3eb-05a519ed9f27
[2024-06-27T07:50:26.249+0000] {docker.py:436} INFO - 24/06/27 07:50:26 INFO MemoryStore: MemoryStore started with capacity 434.4 MiB
[2024-06-27T07:50:26.275+0000] {docker.py:436} INFO - 24/06/27 07:50:26 INFO SparkEnv: Registering OutputCommitCoordinator
[2024-06-27T07:50:26.467+0000] {docker.py:436} INFO - 24/06/27 07:50:26 INFO JettyUtils: Start Jetty 0.0.0.0:4040 for SparkUI
[2024-06-27T07:50:26.604+0000] {docker.py:436} INFO - 24/06/27 07:50:26 INFO Utils: Successfully started service 'SparkUI' on port 4040.
[2024-06-27T07:50:26.665+0000] {docker.py:436} INFO - 24/06/27 07:50:26 INFO SparkContext: Added JAR file:///opt/bitnami/spark/.ivy2/jars/org.apache.spark_spark-sql-kafka-0-10_2.12-3.3.0.jar at spark://localhost:36565/jars/org.apache.spark_spark-sql-kafka-0-10_2.12-3.3.0.jar with timestamp 1719474625567
[2024-06-27T07:50:26.666+0000] {docker.py:436} INFO - 24/06/27 07:50:26 INFO SparkContext: Added JAR file:///opt/bitnami/spark/.ivy2/jars/org.postgresql_postgresql-42.2.2.jar at spark://localhost:36565/jars/org.postgresql_postgresql-42.2.2.jar with timestamp 1719474625567
[2024-06-27T07:50:26.667+0000] {docker.py:436} INFO - 24/06/27 07:50:26 INFO SparkContext: Added JAR file:///opt/bitnami/spark/.ivy2/jars/org.apache.spark_spark-token-provider-kafka-0-10_2.12-3.3.0.jar at spark://localhost:36565/jars/org.apache.spark_spark-token-provider-kafka-0-10_2.12-3.3.0.jar with timestamp 1719474625567
[2024-06-27T07:50:26.667+0000] {docker.py:436} INFO - 24/06/27 07:50:26 INFO SparkContext: Added JAR file:///opt/bitnami/spark/.ivy2/jars/org.apache.kafka_kafka-clients-2.8.1.jar at spark://localhost:36565/jars/org.apache.kafka_kafka-clients-2.8.1.jar with timestamp 1719474625567
[2024-06-27T07:50:26.668+0000] {docker.py:436} INFO - 24/06/27 07:50:26 INFO SparkContext: Added JAR file:///opt/bitnami/spark/.ivy2/jars/com.google.code.findbugs_jsr305-3.0.0.jar at spark://localhost:36565/jars/com.google.code.findbugs_jsr305-3.0.0.jar with timestamp 1719474625567
24/06/27 07:50:26 INFO SparkContext: Added JAR file:///opt/bitnami/spark/.ivy2/jars/org.apache.commons_commons-pool2-2.11.1.jar at spark://localhost:36565/jars/org.apache.commons_commons-pool2-2.11.1.jar with timestamp 1719474625567
[2024-06-27T07:50:26.668+0000] {docker.py:436} INFO - 24/06/27 07:50:26 INFO SparkContext: Added JAR file:///opt/bitnami/spark/.ivy2/jars/org.spark-project.spark_unused-1.0.0.jar at spark://localhost:36565/jars/org.spark-project.spark_unused-1.0.0.jar with timestamp 1719474625567
[2024-06-27T07:50:26.669+0000] {docker.py:436} INFO - 24/06/27 07:50:26 INFO SparkContext: Added JAR file:///opt/bitnami/spark/.ivy2/jars/org.apache.hadoop_hadoop-client-runtime-3.3.2.jar at spark://localhost:36565/jars/org.apache.hadoop_hadoop-client-runtime-3.3.2.jar with timestamp 1719474625567
[2024-06-27T07:50:26.669+0000] {docker.py:436} INFO - 24/06/27 07:50:26 INFO SparkContext: Added JAR file:///opt/bitnami/spark/.ivy2/jars/org.lz4_lz4-java-1.8.0.jar at spark://localhost:36565/jars/org.lz4_lz4-java-1.8.0.jar with timestamp 1719474625567
[2024-06-27T07:50:26.670+0000] {docker.py:436} INFO - 24/06/27 07:50:26 INFO SparkContext: Added JAR file:///opt/bitnami/spark/.ivy2/jars/org.xerial.snappy_snappy-java-1.1.8.4.jar at spark://localhost:36565/jars/org.xerial.snappy_snappy-java-1.1.8.4.jar with timestamp 1719474625567
[2024-06-27T07:50:26.670+0000] {docker.py:436} INFO - 24/06/27 07:50:26 INFO SparkContext: Added JAR file:///opt/bitnami/spark/.ivy2/jars/org.slf4j_slf4j-api-1.7.32.jar at spark://localhost:36565/jars/org.slf4j_slf4j-api-1.7.32.jar with timestamp 1719474625567
[2024-06-27T07:50:26.671+0000] {docker.py:436} INFO - 24/06/27 07:50:26 INFO SparkContext: Added JAR file:///opt/bitnami/spark/.ivy2/jars/org.apache.hadoop_hadoop-client-api-3.3.2.jar at spark://localhost:36565/jars/org.apache.hadoop_hadoop-client-api-3.3.2.jar with timestamp 1719474625567
[2024-06-27T07:50:26.672+0000] {docker.py:436} INFO - 24/06/27 07:50:26 INFO SparkContext: Added JAR file:///opt/bitnami/spark/.ivy2/jars/commons-logging_commons-logging-1.1.3.jar at spark://localhost:36565/jars/commons-logging_commons-logging-1.1.3.jar with timestamp 1719474625567
[2024-06-27T07:50:26.678+0000] {docker.py:436} INFO - 24/06/27 07:50:26 INFO SparkContext: Added file file:///opt/bitnami/spark/.ivy2/jars/org.apache.spark_spark-sql-kafka-0-10_2.12-3.3.0.jar at file:///opt/bitnami/spark/.ivy2/jars/org.apache.spark_spark-sql-kafka-0-10_2.12-3.3.0.jar with timestamp 1719474625567
[2024-06-27T07:50:26.679+0000] {docker.py:436} INFO - 24/06/27 07:50:26 INFO Utils: Copying /opt/bitnami/spark/.ivy2/jars/org.apache.spark_spark-sql-kafka-0-10_2.12-3.3.0.jar to /tmp/spark-a59cae5f-b7ce-45aa-b08e-f86c533fb24c/userFiles-fda184b4-5a3c-4aac-a36e-79a5e8012aac/org.apache.spark_spark-sql-kafka-0-10_2.12-3.3.0.jar
[2024-06-27T07:50:26.691+0000] {docker.py:436} INFO - 24/06/27 07:50:26 INFO SparkContext: Added file file:///opt/bitnami/spark/.ivy2/jars/org.postgresql_postgresql-42.2.2.jar at file:///opt/bitnami/spark/.ivy2/jars/org.postgresql_postgresql-42.2.2.jar with timestamp 1719474625567
[2024-06-27T07:50:26.692+0000] {docker.py:436} INFO - 24/06/27 07:50:26 INFO Utils: Copying /opt/bitnami/spark/.ivy2/jars/org.postgresql_postgresql-42.2.2.jar to /tmp/spark-a59cae5f-b7ce-45aa-b08e-f86c533fb24c/userFiles-fda184b4-5a3c-4aac-a36e-79a5e8012aac/org.postgresql_postgresql-42.2.2.jar
[2024-06-27T07:50:26.699+0000] {docker.py:436} INFO - 24/06/27 07:50:26 INFO SparkContext: Added file file:///opt/bitnami/spark/.ivy2/jars/org.apache.spark_spark-token-provider-kafka-0-10_2.12-3.3.0.jar at file:///opt/bitnami/spark/.ivy2/jars/org.apache.spark_spark-token-provider-kafka-0-10_2.12-3.3.0.jar with timestamp 1719474625567
[2024-06-27T07:50:26.701+0000] {docker.py:436} INFO - 24/06/27 07:50:26 INFO Utils: Copying /opt/bitnami/spark/.ivy2/jars/org.apache.spark_spark-token-provider-kafka-0-10_2.12-3.3.0.jar to /tmp/spark-a59cae5f-b7ce-45aa-b08e-f86c533fb24c/userFiles-fda184b4-5a3c-4aac-a36e-79a5e8012aac/org.apache.spark_spark-token-provider-kafka-0-10_2.12-3.3.0.jar
[2024-06-27T07:50:26.707+0000] {docker.py:436} INFO - 24/06/27 07:50:26 INFO SparkContext: Added file file:///opt/bitnami/spark/.ivy2/jars/org.apache.kafka_kafka-clients-2.8.1.jar at file:///opt/bitnami/spark/.ivy2/jars/org.apache.kafka_kafka-clients-2.8.1.jar with timestamp 1719474625567
[2024-06-27T07:50:26.708+0000] {docker.py:436} INFO - 24/06/27 07:50:26 INFO Utils: Copying /opt/bitnami/spark/.ivy2/jars/org.apache.kafka_kafka-clients-2.8.1.jar to /tmp/spark-a59cae5f-b7ce-45aa-b08e-f86c533fb24c/userFiles-fda184b4-5a3c-4aac-a36e-79a5e8012aac/org.apache.kafka_kafka-clients-2.8.1.jar
[2024-06-27T07:50:26.717+0000] {docker.py:436} INFO - 24/06/27 07:50:26 INFO SparkContext: Added file file:///opt/bitnami/spark/.ivy2/jars/com.google.code.findbugs_jsr305-3.0.0.jar at file:///opt/bitnami/spark/.ivy2/jars/com.google.code.findbugs_jsr305-3.0.0.jar with timestamp 1719474625567
[2024-06-27T07:50:26.717+0000] {docker.py:436} INFO - 24/06/27 07:50:26 INFO Utils: Copying /opt/bitnami/spark/.ivy2/jars/com.google.code.findbugs_jsr305-3.0.0.jar to /tmp/spark-a59cae5f-b7ce-45aa-b08e-f86c533fb24c/userFiles-fda184b4-5a3c-4aac-a36e-79a5e8012aac/com.google.code.findbugs_jsr305-3.0.0.jar
[2024-06-27T07:50:26.722+0000] {docker.py:436} INFO - 24/06/27 07:50:26 INFO SparkContext: Added file file:///opt/bitnami/spark/.ivy2/jars/org.apache.commons_commons-pool2-2.11.1.jar at file:///opt/bitnami/spark/.ivy2/jars/org.apache.commons_commons-pool2-2.11.1.jar with timestamp 1719474625567
[2024-06-27T07:50:26.723+0000] {docker.py:436} INFO - 24/06/27 07:50:26 INFO Utils: Copying /opt/bitnami/spark/.ivy2/jars/org.apache.commons_commons-pool2-2.11.1.jar to /tmp/spark-a59cae5f-b7ce-45aa-b08e-f86c533fb24c/userFiles-fda184b4-5a3c-4aac-a36e-79a5e8012aac/org.apache.commons_commons-pool2-2.11.1.jar
[2024-06-27T07:50:26.729+0000] {docker.py:436} INFO - 24/06/27 07:50:26 INFO SparkContext: Added file file:///opt/bitnami/spark/.ivy2/jars/org.spark-project.spark_unused-1.0.0.jar at file:///opt/bitnami/spark/.ivy2/jars/org.spark-project.spark_unused-1.0.0.jar with timestamp 1719474625567
[2024-06-27T07:50:26.729+0000] {docker.py:436} INFO - 24/06/27 07:50:26 INFO Utils: Copying /opt/bitnami/spark/.ivy2/jars/org.spark-project.spark_unused-1.0.0.jar to /tmp/spark-a59cae5f-b7ce-45aa-b08e-f86c533fb24c/userFiles-fda184b4-5a3c-4aac-a36e-79a5e8012aac/org.spark-project.spark_unused-1.0.0.jar
[2024-06-27T07:50:26.736+0000] {docker.py:436} INFO - 24/06/27 07:50:26 INFO SparkContext: Added file file:///opt/bitnami/spark/.ivy2/jars/org.apache.hadoop_hadoop-client-runtime-3.3.2.jar at file:///opt/bitnami/spark/.ivy2/jars/org.apache.hadoop_hadoop-client-runtime-3.3.2.jar with timestamp 1719474625567
[2024-06-27T07:50:26.738+0000] {docker.py:436} INFO - 24/06/27 07:50:26 INFO Utils: Copying /opt/bitnami/spark/.ivy2/jars/org.apache.hadoop_hadoop-client-runtime-3.3.2.jar to /tmp/spark-a59cae5f-b7ce-45aa-b08e-f86c533fb24c/userFiles-fda184b4-5a3c-4aac-a36e-79a5e8012aac/org.apache.hadoop_hadoop-client-runtime-3.3.2.jar
[2024-06-27T07:50:26.770+0000] {docker.py:436} INFO - 24/06/27 07:50:26 INFO SparkContext: Added file file:///opt/bitnami/spark/.ivy2/jars/org.lz4_lz4-java-1.8.0.jar at file:///opt/bitnami/spark/.ivy2/jars/org.lz4_lz4-java-1.8.0.jar with timestamp 1719474625567
[2024-06-27T07:50:26.771+0000] {docker.py:436} INFO - 24/06/27 07:50:26 INFO Utils: Copying /opt/bitnami/spark/.ivy2/jars/org.lz4_lz4-java-1.8.0.jar to /tmp/spark-a59cae5f-b7ce-45aa-b08e-f86c533fb24c/userFiles-fda184b4-5a3c-4aac-a36e-79a5e8012aac/org.lz4_lz4-java-1.8.0.jar
[2024-06-27T07:50:26.776+0000] {docker.py:436} INFO - 24/06/27 07:50:26 INFO SparkContext: Added file file:///opt/bitnami/spark/.ivy2/jars/org.xerial.snappy_snappy-java-1.1.8.4.jar at file:///opt/bitnami/spark/.ivy2/jars/org.xerial.snappy_snappy-java-1.1.8.4.jar with timestamp 1719474625567
[2024-06-27T07:50:26.776+0000] {docker.py:436} INFO - 24/06/27 07:50:26 INFO Utils: Copying /opt/bitnami/spark/.ivy2/jars/org.xerial.snappy_snappy-java-1.1.8.4.jar to /tmp/spark-a59cae5f-b7ce-45aa-b08e-f86c533fb24c/userFiles-fda184b4-5a3c-4aac-a36e-79a5e8012aac/org.xerial.snappy_snappy-java-1.1.8.4.jar
[2024-06-27T07:50:26.786+0000] {docker.py:436} INFO - 24/06/27 07:50:26 INFO SparkContext: Added file file:///opt/bitnami/spark/.ivy2/jars/org.slf4j_slf4j-api-1.7.32.jar at file:///opt/bitnami/spark/.ivy2/jars/org.slf4j_slf4j-api-1.7.32.jar with timestamp 1719474625567
24/06/27 07:50:26 INFO Utils: Copying /opt/bitnami/spark/.ivy2/jars/org.slf4j_slf4j-api-1.7.32.jar to /tmp/spark-a59cae5f-b7ce-45aa-b08e-f86c533fb24c/userFiles-fda184b4-5a3c-4aac-a36e-79a5e8012aac/org.slf4j_slf4j-api-1.7.32.jar
[2024-06-27T07:50:26.792+0000] {docker.py:436} INFO - 24/06/27 07:50:26 INFO SparkContext: Added file file:///opt/bitnami/spark/.ivy2/jars/org.apache.hadoop_hadoop-client-api-3.3.2.jar at file:///opt/bitnami/spark/.ivy2/jars/org.apache.hadoop_hadoop-client-api-3.3.2.jar with timestamp 1719474625567
[2024-06-27T07:50:26.793+0000] {docker.py:436} INFO - 24/06/27 07:50:26 INFO Utils: Copying /opt/bitnami/spark/.ivy2/jars/org.apache.hadoop_hadoop-client-api-3.3.2.jar to /tmp/spark-a59cae5f-b7ce-45aa-b08e-f86c533fb24c/userFiles-fda184b4-5a3c-4aac-a36e-79a5e8012aac/org.apache.hadoop_hadoop-client-api-3.3.2.jar
[2024-06-27T07:50:26.817+0000] {docker.py:436} INFO - 24/06/27 07:50:26 INFO SparkContext: Added file file:///opt/bitnami/spark/.ivy2/jars/commons-logging_commons-logging-1.1.3.jar at file:///opt/bitnami/spark/.ivy2/jars/commons-logging_commons-logging-1.1.3.jar with timestamp 1719474625567
[2024-06-27T07:50:26.817+0000] {docker.py:436} INFO - 24/06/27 07:50:26 INFO Utils: Copying /opt/bitnami/spark/.ivy2/jars/commons-logging_commons-logging-1.1.3.jar to /tmp/spark-a59cae5f-b7ce-45aa-b08e-f86c533fb24c/userFiles-fda184b4-5a3c-4aac-a36e-79a5e8012aac/commons-logging_commons-logging-1.1.3.jar
[2024-06-27T07:50:26.944+0000] {docker.py:436} INFO - 24/06/27 07:50:26 INFO Executor: Starting executor ID driver on host localhost
[2024-06-27T07:50:26.945+0000] {docker.py:436} INFO - 24/06/27 07:50:26 INFO Executor: OS info Linux, 6.5.0-41-generic, amd64
[2024-06-27T07:50:26.946+0000] {docker.py:436} INFO - 24/06/27 07:50:26 INFO Executor: Java version 17.0.11
[2024-06-27T07:50:26.958+0000] {docker.py:436} INFO - 24/06/27 07:50:26 INFO Executor: Starting executor with user classpath (userClassPathFirst = false): ''
[2024-06-27T07:50:26.958+0000] {docker.py:436} INFO - 24/06/27 07:50:26 INFO Executor: Created or updated repl class loader org.apache.spark.util.MutableURLClassLoader@54aa7c25 for default.
[2024-06-27T07:50:26.981+0000] {docker.py:436} INFO - 24/06/27 07:50:26 INFO Executor: Fetching file:///opt/bitnami/spark/.ivy2/jars/org.postgresql_postgresql-42.2.2.jar with timestamp 1719474625567
[2024-06-27T07:50:27.015+0000] {docker.py:436} INFO - 24/06/27 07:50:27 INFO Utils: /opt/bitnami/spark/.ivy2/jars/org.postgresql_postgresql-42.2.2.jar has been previously copied to /tmp/spark-a59cae5f-b7ce-45aa-b08e-f86c533fb24c/userFiles-fda184b4-5a3c-4aac-a36e-79a5e8012aac/org.postgresql_postgresql-42.2.2.jar
[2024-06-27T07:50:27.024+0000] {docker.py:436} INFO - 24/06/27 07:50:27 INFO Executor: Fetching file:///opt/bitnami/spark/.ivy2/jars/org.apache.hadoop_hadoop-client-api-3.3.2.jar with timestamp 1719474625567
[2024-06-27T07:50:27.046+0000] {docker.py:436} INFO - 24/06/27 07:50:27 INFO Utils: /opt/bitnami/spark/.ivy2/jars/org.apache.hadoop_hadoop-client-api-3.3.2.jar has been previously copied to /tmp/spark-a59cae5f-b7ce-45aa-b08e-f86c533fb24c/userFiles-fda184b4-5a3c-4aac-a36e-79a5e8012aac/org.apache.hadoop_hadoop-client-api-3.3.2.jar
[2024-06-27T07:50:27.050+0000] {docker.py:436} INFO - 24/06/27 07:50:27 INFO Executor: Fetching file:///opt/bitnami/spark/.ivy2/jars/org.xerial.snappy_snappy-java-1.1.8.4.jar with timestamp 1719474625567
[2024-06-27T07:50:27.054+0000] {docker.py:436} INFO - 24/06/27 07:50:27 INFO Utils: /opt/bitnami/spark/.ivy2/jars/org.xerial.snappy_snappy-java-1.1.8.4.jar has been previously copied to /tmp/spark-a59cae5f-b7ce-45aa-b08e-f86c533fb24c/userFiles-fda184b4-5a3c-4aac-a36e-79a5e8012aac/org.xerial.snappy_snappy-java-1.1.8.4.jar
[2024-06-27T07:50:27.058+0000] {docker.py:436} INFO - 24/06/27 07:50:27 INFO Executor: Fetching file:///opt/bitnami/spark/.ivy2/jars/org.apache.hadoop_hadoop-client-runtime-3.3.2.jar with timestamp 1719474625567
[2024-06-27T07:50:27.099+0000] {docker.py:436} INFO - 24/06/27 07:50:27 INFO Utils: /opt/bitnami/spark/.ivy2/jars/org.apache.hadoop_hadoop-client-runtime-3.3.2.jar has been previously copied to /tmp/spark-a59cae5f-b7ce-45aa-b08e-f86c533fb24c/userFiles-fda184b4-5a3c-4aac-a36e-79a5e8012aac/org.apache.hadoop_hadoop-client-runtime-3.3.2.jar
[2024-06-27T07:50:27.103+0000] {docker.py:436} INFO - 24/06/27 07:50:27 INFO Executor: Fetching file:///opt/bitnami/spark/.ivy2/jars/org.apache.commons_commons-pool2-2.11.1.jar with timestamp 1719474625567
[2024-06-27T07:50:27.104+0000] {docker.py:436} INFO - 24/06/27 07:50:27 INFO Utils: /opt/bitnami/spark/.ivy2/jars/org.apache.commons_commons-pool2-2.11.1.jar has been previously copied to /tmp/spark-a59cae5f-b7ce-45aa-b08e-f86c533fb24c/userFiles-fda184b4-5a3c-4aac-a36e-79a5e8012aac/org.apache.commons_commons-pool2-2.11.1.jar
[2024-06-27T07:50:27.109+0000] {docker.py:436} INFO - 24/06/27 07:50:27 INFO Executor: Fetching file:///opt/bitnami/spark/.ivy2/jars/org.apache.spark_spark-token-provider-kafka-0-10_2.12-3.3.0.jar with timestamp 1719474625567
[2024-06-27T07:50:27.126+0000] {docker.py:436} INFO - 24/06/27 07:50:27 INFO Utils: /opt/bitnami/spark/.ivy2/jars/org.apache.spark_spark-token-provider-kafka-0-10_2.12-3.3.0.jar has been previously copied to /tmp/spark-a59cae5f-b7ce-45aa-b08e-f86c533fb24c/userFiles-fda184b4-5a3c-4aac-a36e-79a5e8012aac/org.apache.spark_spark-token-provider-kafka-0-10_2.12-3.3.0.jar
[2024-06-27T07:50:27.130+0000] {docker.py:436} INFO - 24/06/27 07:50:27 INFO Executor: Fetching file:///opt/bitnami/spark/.ivy2/jars/org.slf4j_slf4j-api-1.7.32.jar with timestamp 1719474625567
[2024-06-27T07:50:27.131+0000] {docker.py:436} INFO - 24/06/27 07:50:27 INFO Utils: /opt/bitnami/spark/.ivy2/jars/org.slf4j_slf4j-api-1.7.32.jar has been previously copied to /tmp/spark-a59cae5f-b7ce-45aa-b08e-f86c533fb24c/userFiles-fda184b4-5a3c-4aac-a36e-79a5e8012aac/org.slf4j_slf4j-api-1.7.32.jar
[2024-06-27T07:50:27.135+0000] {docker.py:436} INFO - 24/06/27 07:50:27 INFO Executor: Fetching file:///opt/bitnami/spark/.ivy2/jars/org.apache.spark_spark-sql-kafka-0-10_2.12-3.3.0.jar with timestamp 1719474625567
[2024-06-27T07:50:27.136+0000] {docker.py:436} INFO - 24/06/27 07:50:27 INFO Utils: /opt/bitnami/spark/.ivy2/jars/org.apache.spark_spark-sql-kafka-0-10_2.12-3.3.0.jar has been previously copied to /tmp/spark-a59cae5f-b7ce-45aa-b08e-f86c533fb24c/userFiles-fda184b4-5a3c-4aac-a36e-79a5e8012aac/org.apache.spark_spark-sql-kafka-0-10_2.12-3.3.0.jar
[2024-06-27T07:50:27.142+0000] {docker.py:436} INFO - 24/06/27 07:50:27 INFO Executor: Fetching file:///opt/bitnami/spark/.ivy2/jars/com.google.code.findbugs_jsr305-3.0.0.jar with timestamp 1719474625567
[2024-06-27T07:50:27.142+0000] {docker.py:436} INFO - 24/06/27 07:50:27 INFO Utils: /opt/bitnami/spark/.ivy2/jars/com.google.code.findbugs_jsr305-3.0.0.jar has been previously copied to /tmp/spark-a59cae5f-b7ce-45aa-b08e-f86c533fb24c/userFiles-fda184b4-5a3c-4aac-a36e-79a5e8012aac/com.google.code.findbugs_jsr305-3.0.0.jar
[2024-06-27T07:50:27.147+0000] {docker.py:436} INFO - 24/06/27 07:50:27 INFO Executor: Fetching file:///opt/bitnami/spark/.ivy2/jars/org.lz4_lz4-java-1.8.0.jar with timestamp 1719474625567
[2024-06-27T07:50:27.149+0000] {docker.py:436} INFO - 24/06/27 07:50:27 INFO Utils: /opt/bitnami/spark/.ivy2/jars/org.lz4_lz4-java-1.8.0.jar has been previously copied to /tmp/spark-a59cae5f-b7ce-45aa-b08e-f86c533fb24c/userFiles-fda184b4-5a3c-4aac-a36e-79a5e8012aac/org.lz4_lz4-java-1.8.0.jar
[2024-06-27T07:50:27.154+0000] {docker.py:436} INFO - 24/06/27 07:50:27 INFO Executor: Fetching file:///opt/bitnami/spark/.ivy2/jars/commons-logging_commons-logging-1.1.3.jar with timestamp 1719474625567
[2024-06-27T07:50:27.154+0000] {docker.py:436} INFO - 24/06/27 07:50:27 INFO Utils: /opt/bitnami/spark/.ivy2/jars/commons-logging_commons-logging-1.1.3.jar has been previously copied to /tmp/spark-a59cae5f-b7ce-45aa-b08e-f86c533fb24c/userFiles-fda184b4-5a3c-4aac-a36e-79a5e8012aac/commons-logging_commons-logging-1.1.3.jar
[2024-06-27T07:50:27.161+0000] {docker.py:436} INFO - 24/06/27 07:50:27 INFO Executor: Fetching file:///opt/bitnami/spark/.ivy2/jars/org.spark-project.spark_unused-1.0.0.jar with timestamp 1719474625567
[2024-06-27T07:50:27.161+0000] {docker.py:436} INFO - 24/06/27 07:50:27 INFO Utils: /opt/bitnami/spark/.ivy2/jars/org.spark-project.spark_unused-1.0.0.jar has been previously copied to /tmp/spark-a59cae5f-b7ce-45aa-b08e-f86c533fb24c/userFiles-fda184b4-5a3c-4aac-a36e-79a5e8012aac/org.spark-project.spark_unused-1.0.0.jar
[2024-06-27T07:50:27.167+0000] {docker.py:436} INFO - 24/06/27 07:50:27 INFO Executor: Fetching file:///opt/bitnami/spark/.ivy2/jars/org.apache.kafka_kafka-clients-2.8.1.jar with timestamp 1719474625567
[2024-06-27T07:50:27.174+0000] {docker.py:436} INFO - 24/06/27 07:50:27 INFO Utils: /opt/bitnami/spark/.ivy2/jars/org.apache.kafka_kafka-clients-2.8.1.jar has been previously copied to /tmp/spark-a59cae5f-b7ce-45aa-b08e-f86c533fb24c/userFiles-fda184b4-5a3c-4aac-a36e-79a5e8012aac/org.apache.kafka_kafka-clients-2.8.1.jar
[2024-06-27T07:50:27.182+0000] {docker.py:436} INFO - 24/06/27 07:50:27 INFO Executor: Fetching spark://localhost:36565/jars/org.xerial.snappy_snappy-java-1.1.8.4.jar with timestamp 1719474625567
[2024-06-27T07:50:27.247+0000] {docker.py:436} INFO - 24/06/27 07:50:27 INFO TransportClientFactory: Successfully created connection to localhost/127.0.0.1:36565 after 47 ms (0 ms spent in bootstraps)
[2024-06-27T07:50:27.260+0000] {docker.py:436} INFO - 24/06/27 07:50:27 INFO Utils: Fetching spark://localhost:36565/jars/org.xerial.snappy_snappy-java-1.1.8.4.jar to /tmp/spark-a59cae5f-b7ce-45aa-b08e-f86c533fb24c/userFiles-fda184b4-5a3c-4aac-a36e-79a5e8012aac/fetchFileTemp9107587243780848641.tmp
[2024-06-27T07:50:27.312+0000] {docker.py:436} INFO - 24/06/27 07:50:27 INFO Utils: /tmp/spark-a59cae5f-b7ce-45aa-b08e-f86c533fb24c/userFiles-fda184b4-5a3c-4aac-a36e-79a5e8012aac/fetchFileTemp9107587243780848641.tmp has been previously copied to /tmp/spark-a59cae5f-b7ce-45aa-b08e-f86c533fb24c/userFiles-fda184b4-5a3c-4aac-a36e-79a5e8012aac/org.xerial.snappy_snappy-java-1.1.8.4.jar
[2024-06-27T07:50:27.319+0000] {docker.py:436} INFO - 24/06/27 07:50:27 INFO Executor: Adding file:/tmp/spark-a59cae5f-b7ce-45aa-b08e-f86c533fb24c/userFiles-fda184b4-5a3c-4aac-a36e-79a5e8012aac/org.xerial.snappy_snappy-java-1.1.8.4.jar to class loader default
[2024-06-27T07:50:27.320+0000] {docker.py:436} INFO - 24/06/27 07:50:27 INFO Executor: Fetching spark://localhost:36565/jars/org.apache.hadoop_hadoop-client-api-3.3.2.jar with timestamp 1719474625567
[2024-06-27T07:50:27.321+0000] {docker.py:436} INFO - 24/06/27 07:50:27 INFO Utils: Fetching spark://localhost:36565/jars/org.apache.hadoop_hadoop-client-api-3.3.2.jar to /tmp/spark-a59cae5f-b7ce-45aa-b08e-f86c533fb24c/userFiles-fda184b4-5a3c-4aac-a36e-79a5e8012aac/fetchFileTemp16263207066202696858.tmp
[2024-06-27T07:50:27.462+0000] {docker.py:436} INFO - 24/06/27 07:50:27 INFO Utils: /tmp/spark-a59cae5f-b7ce-45aa-b08e-f86c533fb24c/userFiles-fda184b4-5a3c-4aac-a36e-79a5e8012aac/fetchFileTemp16263207066202696858.tmp has been previously copied to /tmp/spark-a59cae5f-b7ce-45aa-b08e-f86c533fb24c/userFiles-fda184b4-5a3c-4aac-a36e-79a5e8012aac/org.apache.hadoop_hadoop-client-api-3.3.2.jar
[2024-06-27T07:50:27.470+0000] {docker.py:436} INFO - 24/06/27 07:50:27 INFO Executor: Adding file:/tmp/spark-a59cae5f-b7ce-45aa-b08e-f86c533fb24c/userFiles-fda184b4-5a3c-4aac-a36e-79a5e8012aac/org.apache.hadoop_hadoop-client-api-3.3.2.jar to class loader default
[2024-06-27T07:50:27.471+0000] {docker.py:436} INFO - 24/06/27 07:50:27 INFO Executor: Fetching spark://localhost:36565/jars/org.apache.spark_spark-token-provider-kafka-0-10_2.12-3.3.0.jar with timestamp 1719474625567
[2024-06-27T07:50:27.471+0000] {docker.py:436} INFO - 24/06/27 07:50:27 INFO Utils: Fetching spark://localhost:36565/jars/org.apache.spark_spark-token-provider-kafka-0-10_2.12-3.3.0.jar to /tmp/spark-a59cae5f-b7ce-45aa-b08e-f86c533fb24c/userFiles-fda184b4-5a3c-4aac-a36e-79a5e8012aac/fetchFileTemp1640288329719831114.tmp
[2024-06-27T07:50:27.475+0000] {docker.py:436} INFO - 24/06/27 07:50:27 INFO Utils: /tmp/spark-a59cae5f-b7ce-45aa-b08e-f86c533fb24c/userFiles-fda184b4-5a3c-4aac-a36e-79a5e8012aac/fetchFileTemp1640288329719831114.tmp has been previously copied to /tmp/spark-a59cae5f-b7ce-45aa-b08e-f86c533fb24c/userFiles-fda184b4-5a3c-4aac-a36e-79a5e8012aac/org.apache.spark_spark-token-provider-kafka-0-10_2.12-3.3.0.jar
[2024-06-27T07:50:27.480+0000] {docker.py:436} INFO - 24/06/27 07:50:27 INFO Executor: Adding file:/tmp/spark-a59cae5f-b7ce-45aa-b08e-f86c533fb24c/userFiles-fda184b4-5a3c-4aac-a36e-79a5e8012aac/org.apache.spark_spark-token-provider-kafka-0-10_2.12-3.3.0.jar to class loader default
[2024-06-27T07:50:27.481+0000] {docker.py:436} INFO - 24/06/27 07:50:27 INFO Executor: Fetching spark://localhost:36565/jars/org.slf4j_slf4j-api-1.7.32.jar with timestamp 1719474625567
[2024-06-27T07:50:27.482+0000] {docker.py:436} INFO - 24/06/27 07:50:27 INFO Utils: Fetching spark://localhost:36565/jars/org.slf4j_slf4j-api-1.7.32.jar to /tmp/spark-a59cae5f-b7ce-45aa-b08e-f86c533fb24c/userFiles-fda184b4-5a3c-4aac-a36e-79a5e8012aac/fetchFileTemp11090641879569309649.tmp
[2024-06-27T07:50:27.484+0000] {docker.py:436} INFO - 24/06/27 07:50:27 INFO Utils: /tmp/spark-a59cae5f-b7ce-45aa-b08e-f86c533fb24c/userFiles-fda184b4-5a3c-4aac-a36e-79a5e8012aac/fetchFileTemp11090641879569309649.tmp has been previously copied to /tmp/spark-a59cae5f-b7ce-45aa-b08e-f86c533fb24c/userFiles-fda184b4-5a3c-4aac-a36e-79a5e8012aac/org.slf4j_slf4j-api-1.7.32.jar
[2024-06-27T07:50:27.488+0000] {docker.py:436} INFO - 24/06/27 07:50:27 INFO Executor: Adding file:/tmp/spark-a59cae5f-b7ce-45aa-b08e-f86c533fb24c/userFiles-fda184b4-5a3c-4aac-a36e-79a5e8012aac/org.slf4j_slf4j-api-1.7.32.jar to class loader default
[2024-06-27T07:50:27.489+0000] {docker.py:436} INFO - 24/06/27 07:50:27 INFO Executor: Fetching spark://localhost:36565/jars/org.apache.spark_spark-sql-kafka-0-10_2.12-3.3.0.jar with timestamp 1719474625567
[2024-06-27T07:50:27.490+0000] {docker.py:436} INFO - 24/06/27 07:50:27 INFO Utils: Fetching spark://localhost:36565/jars/org.apache.spark_spark-sql-kafka-0-10_2.12-3.3.0.jar to /tmp/spark-a59cae5f-b7ce-45aa-b08e-f86c533fb24c/userFiles-fda184b4-5a3c-4aac-a36e-79a5e8012aac/fetchFileTemp18315675028851410057.tmp
[2024-06-27T07:50:27.495+0000] {docker.py:436} INFO - 24/06/27 07:50:27 INFO Utils: /tmp/spark-a59cae5f-b7ce-45aa-b08e-f86c533fb24c/userFiles-fda184b4-5a3c-4aac-a36e-79a5e8012aac/fetchFileTemp18315675028851410057.tmp has been previously copied to /tmp/spark-a59cae5f-b7ce-45aa-b08e-f86c533fb24c/userFiles-fda184b4-5a3c-4aac-a36e-79a5e8012aac/org.apache.spark_spark-sql-kafka-0-10_2.12-3.3.0.jar
[2024-06-27T07:50:27.500+0000] {docker.py:436} INFO - 24/06/27 07:50:27 INFO Executor: Adding file:/tmp/spark-a59cae5f-b7ce-45aa-b08e-f86c533fb24c/userFiles-fda184b4-5a3c-4aac-a36e-79a5e8012aac/org.apache.spark_spark-sql-kafka-0-10_2.12-3.3.0.jar to class loader default
[2024-06-27T07:50:27.501+0000] {docker.py:436} INFO - 24/06/27 07:50:27 INFO Executor: Fetching spark://localhost:36565/jars/org.apache.kafka_kafka-clients-2.8.1.jar with timestamp 1719474625567
[2024-06-27T07:50:27.502+0000] {docker.py:436} INFO - 24/06/27 07:50:27 INFO Utils: Fetching spark://localhost:36565/jars/org.apache.kafka_kafka-clients-2.8.1.jar to /tmp/spark-a59cae5f-b7ce-45aa-b08e-f86c533fb24c/userFiles-fda184b4-5a3c-4aac-a36e-79a5e8012aac/fetchFileTemp14017456561739969165.tmp
[2024-06-27T07:50:27.527+0000] {docker.py:436} INFO - 24/06/27 07:50:27 INFO Utils: /tmp/spark-a59cae5f-b7ce-45aa-b08e-f86c533fb24c/userFiles-fda184b4-5a3c-4aac-a36e-79a5e8012aac/fetchFileTemp14017456561739969165.tmp has been previously copied to /tmp/spark-a59cae5f-b7ce-45aa-b08e-f86c533fb24c/userFiles-fda184b4-5a3c-4aac-a36e-79a5e8012aac/org.apache.kafka_kafka-clients-2.8.1.jar
[2024-06-27T07:50:27.537+0000] {docker.py:436} INFO - 24/06/27 07:50:27 INFO Executor: Adding file:/tmp/spark-a59cae5f-b7ce-45aa-b08e-f86c533fb24c/userFiles-fda184b4-5a3c-4aac-a36e-79a5e8012aac/org.apache.kafka_kafka-clients-2.8.1.jar to class loader default
[2024-06-27T07:50:27.538+0000] {docker.py:436} INFO - 24/06/27 07:50:27 INFO Executor: Fetching spark://localhost:36565/jars/org.spark-project.spark_unused-1.0.0.jar with timestamp 1719474625567
[2024-06-27T07:50:27.540+0000] {docker.py:436} INFO - 24/06/27 07:50:27 INFO Utils: Fetching spark://localhost:36565/jars/org.spark-project.spark_unused-1.0.0.jar to /tmp/spark-a59cae5f-b7ce-45aa-b08e-f86c533fb24c/userFiles-fda184b4-5a3c-4aac-a36e-79a5e8012aac/fetchFileTemp2100819388686488942.tmp
[2024-06-27T07:50:27.542+0000] {docker.py:436} INFO - 24/06/27 07:50:27 INFO Utils: /tmp/spark-a59cae5f-b7ce-45aa-b08e-f86c533fb24c/userFiles-fda184b4-5a3c-4aac-a36e-79a5e8012aac/fetchFileTemp2100819388686488942.tmp has been previously copied to /tmp/spark-a59cae5f-b7ce-45aa-b08e-f86c533fb24c/userFiles-fda184b4-5a3c-4aac-a36e-79a5e8012aac/org.spark-project.spark_unused-1.0.0.jar
[2024-06-27T07:50:27.546+0000] {docker.py:436} INFO - 24/06/27 07:50:27 INFO Executor: Adding file:/tmp/spark-a59cae5f-b7ce-45aa-b08e-f86c533fb24c/userFiles-fda184b4-5a3c-4aac-a36e-79a5e8012aac/org.spark-project.spark_unused-1.0.0.jar to class loader default
[2024-06-27T07:50:27.547+0000] {docker.py:436} INFO - 24/06/27 07:50:27 INFO Executor: Fetching spark://localhost:36565/jars/org.postgresql_postgresql-42.2.2.jar with timestamp 1719474625567
[2024-06-27T07:50:27.548+0000] {docker.py:436} INFO - 24/06/27 07:50:27 INFO Utils: Fetching spark://localhost:36565/jars/org.postgresql_postgresql-42.2.2.jar to /tmp/spark-a59cae5f-b7ce-45aa-b08e-f86c533fb24c/userFiles-fda184b4-5a3c-4aac-a36e-79a5e8012aac/fetchFileTemp9976634142157495939.tmp
[2024-06-27T07:50:27.552+0000] {docker.py:436} INFO - 24/06/27 07:50:27 INFO Utils: /tmp/spark-a59cae5f-b7ce-45aa-b08e-f86c533fb24c/userFiles-fda184b4-5a3c-4aac-a36e-79a5e8012aac/fetchFileTemp9976634142157495939.tmp has been previously copied to /tmp/spark-a59cae5f-b7ce-45aa-b08e-f86c533fb24c/userFiles-fda184b4-5a3c-4aac-a36e-79a5e8012aac/org.postgresql_postgresql-42.2.2.jar
[2024-06-27T07:50:27.556+0000] {docker.py:436} INFO - 24/06/27 07:50:27 INFO Executor: Adding file:/tmp/spark-a59cae5f-b7ce-45aa-b08e-f86c533fb24c/userFiles-fda184b4-5a3c-4aac-a36e-79a5e8012aac/org.postgresql_postgresql-42.2.2.jar to class loader default
[2024-06-27T07:50:27.557+0000] {docker.py:436} INFO - 24/06/27 07:50:27 INFO Executor: Fetching spark://localhost:36565/jars/org.lz4_lz4-java-1.8.0.jar with timestamp 1719474625567
[2024-06-27T07:50:27.557+0000] {docker.py:436} INFO - 24/06/27 07:50:27 INFO Utils: Fetching spark://localhost:36565/jars/org.lz4_lz4-java-1.8.0.jar to /tmp/spark-a59cae5f-b7ce-45aa-b08e-f86c533fb24c/userFiles-fda184b4-5a3c-4aac-a36e-79a5e8012aac/fetchFileTemp13151004268737754738.tmp
[2024-06-27T07:50:27.564+0000] {docker.py:436} INFO - 24/06/27 07:50:27 INFO Utils: /tmp/spark-a59cae5f-b7ce-45aa-b08e-f86c533fb24c/userFiles-fda184b4-5a3c-4aac-a36e-79a5e8012aac/fetchFileTemp13151004268737754738.tmp has been previously copied to /tmp/spark-a59cae5f-b7ce-45aa-b08e-f86c533fb24c/userFiles-fda184b4-5a3c-4aac-a36e-79a5e8012aac/org.lz4_lz4-java-1.8.0.jar
[2024-06-27T07:50:27.569+0000] {docker.py:436} INFO - 24/06/27 07:50:27 INFO Executor: Adding file:/tmp/spark-a59cae5f-b7ce-45aa-b08e-f86c533fb24c/userFiles-fda184b4-5a3c-4aac-a36e-79a5e8012aac/org.lz4_lz4-java-1.8.0.jar to class loader default
[2024-06-27T07:50:27.570+0000] {docker.py:436} INFO - 24/06/27 07:50:27 INFO Executor: Fetching spark://localhost:36565/jars/com.google.code.findbugs_jsr305-3.0.0.jar with timestamp 1719474625567
[2024-06-27T07:50:27.570+0000] {docker.py:436} INFO - 24/06/27 07:50:27 INFO Utils: Fetching spark://localhost:36565/jars/com.google.code.findbugs_jsr305-3.0.0.jar to /tmp/spark-a59cae5f-b7ce-45aa-b08e-f86c533fb24c/userFiles-fda184b4-5a3c-4aac-a36e-79a5e8012aac/fetchFileTemp8828986724745474750.tmp
[2024-06-27T07:50:27.573+0000] {docker.py:436} INFO - 24/06/27 07:50:27 INFO Utils: /tmp/spark-a59cae5f-b7ce-45aa-b08e-f86c533fb24c/userFiles-fda184b4-5a3c-4aac-a36e-79a5e8012aac/fetchFileTemp8828986724745474750.tmp has been previously copied to /tmp/spark-a59cae5f-b7ce-45aa-b08e-f86c533fb24c/userFiles-fda184b4-5a3c-4aac-a36e-79a5e8012aac/com.google.code.findbugs_jsr305-3.0.0.jar
[2024-06-27T07:50:27.581+0000] {docker.py:436} INFO - 24/06/27 07:50:27 INFO Executor: Adding file:/tmp/spark-a59cae5f-b7ce-45aa-b08e-f86c533fb24c/userFiles-fda184b4-5a3c-4aac-a36e-79a5e8012aac/com.google.code.findbugs_jsr305-3.0.0.jar to class loader default
[2024-06-27T07:50:27.581+0000] {docker.py:436} INFO - 24/06/27 07:50:27 INFO Executor: Fetching spark://localhost:36565/jars/commons-logging_commons-logging-1.1.3.jar with timestamp 1719474625567
[2024-06-27T07:50:27.582+0000] {docker.py:436} INFO - 24/06/27 07:50:27 INFO Utils: Fetching spark://localhost:36565/jars/commons-logging_commons-logging-1.1.3.jar to /tmp/spark-a59cae5f-b7ce-45aa-b08e-f86c533fb24c/userFiles-fda184b4-5a3c-4aac-a36e-79a5e8012aac/fetchFileTemp17606565237549521999.tmp
[2024-06-27T07:50:27.585+0000] {docker.py:436} INFO - 24/06/27 07:50:27 INFO Utils: /tmp/spark-a59cae5f-b7ce-45aa-b08e-f86c533fb24c/userFiles-fda184b4-5a3c-4aac-a36e-79a5e8012aac/fetchFileTemp17606565237549521999.tmp has been previously copied to /tmp/spark-a59cae5f-b7ce-45aa-b08e-f86c533fb24c/userFiles-fda184b4-5a3c-4aac-a36e-79a5e8012aac/commons-logging_commons-logging-1.1.3.jar
[2024-06-27T07:50:27.590+0000] {docker.py:436} INFO - 24/06/27 07:50:27 INFO Executor: Adding file:/tmp/spark-a59cae5f-b7ce-45aa-b08e-f86c533fb24c/userFiles-fda184b4-5a3c-4aac-a36e-79a5e8012aac/commons-logging_commons-logging-1.1.3.jar to class loader default
[2024-06-27T07:50:27.591+0000] {docker.py:436} INFO - 24/06/27 07:50:27 INFO Executor: Fetching spark://localhost:36565/jars/org.apache.commons_commons-pool2-2.11.1.jar with timestamp 1719474625567
[2024-06-27T07:50:27.592+0000] {docker.py:436} INFO - 24/06/27 07:50:27 INFO Utils: Fetching spark://localhost:36565/jars/org.apache.commons_commons-pool2-2.11.1.jar to /tmp/spark-a59cae5f-b7ce-45aa-b08e-f86c533fb24c/userFiles-fda184b4-5a3c-4aac-a36e-79a5e8012aac/fetchFileTemp1298209857167710564.tmp
[2024-06-27T07:50:27.594+0000] {docker.py:436} INFO - 24/06/27 07:50:27 INFO Utils: /tmp/spark-a59cae5f-b7ce-45aa-b08e-f86c533fb24c/userFiles-fda184b4-5a3c-4aac-a36e-79a5e8012aac/fetchFileTemp1298209857167710564.tmp has been previously copied to /tmp/spark-a59cae5f-b7ce-45aa-b08e-f86c533fb24c/userFiles-fda184b4-5a3c-4aac-a36e-79a5e8012aac/org.apache.commons_commons-pool2-2.11.1.jar
[2024-06-27T07:50:27.599+0000] {docker.py:436} INFO - 24/06/27 07:50:27 INFO Executor: Adding file:/tmp/spark-a59cae5f-b7ce-45aa-b08e-f86c533fb24c/userFiles-fda184b4-5a3c-4aac-a36e-79a5e8012aac/org.apache.commons_commons-pool2-2.11.1.jar to class loader default
[2024-06-27T07:50:27.600+0000] {docker.py:436} INFO - 24/06/27 07:50:27 INFO Executor: Fetching spark://localhost:36565/jars/org.apache.hadoop_hadoop-client-runtime-3.3.2.jar with timestamp 1719474625567
[2024-06-27T07:50:27.601+0000] {docker.py:436} INFO - 24/06/27 07:50:27 INFO Utils: Fetching spark://localhost:36565/jars/org.apache.hadoop_hadoop-client-runtime-3.3.2.jar to /tmp/spark-a59cae5f-b7ce-45aa-b08e-f86c533fb24c/userFiles-fda184b4-5a3c-4aac-a36e-79a5e8012aac/fetchFileTemp977191497977830190.tmp
[2024-06-27T07:50:28.742+0000] {docker.py:436} INFO - 24/06/27 07:50:28 INFO Utils: /tmp/spark-a59cae5f-b7ce-45aa-b08e-f86c533fb24c/userFiles-fda184b4-5a3c-4aac-a36e-79a5e8012aac/fetchFileTemp977191497977830190.tmp has been previously copied to /tmp/spark-a59cae5f-b7ce-45aa-b08e-f86c533fb24c/userFiles-fda184b4-5a3c-4aac-a36e-79a5e8012aac/org.apache.hadoop_hadoop-client-runtime-3.3.2.jar
[2024-06-27T07:50:28.761+0000] {docker.py:436} INFO - 24/06/27 07:50:28 INFO Executor: Adding file:/tmp/spark-a59cae5f-b7ce-45aa-b08e-f86c533fb24c/userFiles-fda184b4-5a3c-4aac-a36e-79a5e8012aac/org.apache.hadoop_hadoop-client-runtime-3.3.2.jar to class loader default
[2024-06-27T07:50:28.778+0000] {docker.py:436} INFO - 24/06/27 07:50:28 INFO Utils: Successfully started service 'org.apache.spark.network.netty.NettyBlockTransferService' on port 43589.
[2024-06-27T07:50:28.778+0000] {docker.py:436} INFO - 24/06/27 07:50:28 INFO NettyBlockTransferService: Server created on localhost:43589
[2024-06-27T07:50:28.782+0000] {docker.py:436} INFO - 24/06/27 07:50:28 INFO BlockManager: Using org.apache.spark.storage.RandomBlockReplicationPolicy for block replication policy
[2024-06-27T07:50:28.795+0000] {docker.py:436} INFO - 24/06/27 07:50:28 INFO BlockManagerMaster: Registering BlockManager BlockManagerId(driver, localhost, 43589, None)
[2024-06-27T07:50:28.800+0000] {docker.py:436} INFO - 24/06/27 07:50:28 INFO BlockManagerMasterEndpoint: Registering block manager localhost:43589 with 434.4 MiB RAM, BlockManagerId(driver, localhost, 43589, None)
[2024-06-27T07:50:28.807+0000] {docker.py:436} INFO - 24/06/27 07:50:28 INFO BlockManagerMaster: Registered BlockManager BlockManagerId(driver, localhost, 43589, None)
[2024-06-27T07:50:28.810+0000] {docker.py:436} INFO - 24/06/27 07:50:28 INFO BlockManager: Initialized BlockManager: BlockManagerId(driver, localhost, 43589, None)
[2024-06-27T07:50:29.495+0000] {docker.py:436} INFO - 2024-06-27 07:50:29,495:create_spark_session:INFO:Spark session created successfully
[2024-06-27T07:50:29.505+0000] {docker.py:436} INFO - 24/06/27 07:50:29 INFO SharedState: Setting hive.metastore.warehouse.dir ('null') to the value of spark.sql.warehouse.dir.
[2024-06-27T07:50:29.509+0000] {docker.py:436} INFO - 24/06/27 07:50:29 INFO SharedState: Warehouse path is 'file:/opt/bitnami/spark/spark-warehouse'.
[2024-06-27T07:50:31.711+0000] {docker.py:436} INFO - 2024-06-27 07:50:31,708:create_initial_dataframe:INFO:Initial dataframe created successfully:
[2024-06-27T07:50:33.218+0000] {docker.py:436} INFO - Traceback (most recent call last):
  File "/opt/bitnami/spark/scripts/spark_bronze_layer.py", line 160, in <module>
    write_to_postgres()
  File "/opt/bitnami/spark/scripts/spark_bronze_layer.py", line 131, in write_to_postgres
[2024-06-27T07:50:33.219+0000] {docker.py:436} INFO - df_exploded = df.withColumn("purchase", F.explode(col("purchases")))
[2024-06-27T07:50:33.220+0000] {docker.py:436} INFO - ^^^^^^^^^^^^^^^^^^^^^^^^^^^^^^^^^^^^^^^^^^^^^^^^^^^^^^
  File "/opt/bitnami/spark/python/lib/pyspark.zip/pyspark/sql/dataframe.py", line 5174, in withColumn
[2024-06-27T07:50:33.221+0000] {docker.py:436} INFO - File "/opt/bitnami/spark/python/lib/py4j-0.10.9.7-src.zip/py4j/java_gateway.py", line 1322, in __call__
  File "/opt/bitnami/spark/python/lib/pyspark.zip/pyspark/errors/exceptions/captured.py", line 185, in deco
pyspark.errors.exceptions.captured.AnalysisException
[2024-06-27T07:50:33.234+0000] {docker.py:436} INFO - : [UNRESOLVED_COLUMN.WITH_SUGGESTION] A column or function parameter with name `purchases` cannot be resolved. Did you mean one of the following? [`value`].;
'Project [value#25, explode('purchases) AS purchase#27]
+- Project [value#23 AS value#25]
   +- LogicalRDD [value#23], false
[2024-06-27T07:50:33.235+0000] {docker.py:436} INFO - 2024-06-27 07:50:33,233:close:INFO:Closing down clientserver connection
[2024-06-27T07:50:33.318+0000] {docker.py:436} INFO - 24/06/27 07:50:33 INFO SparkContext: Invoking stop() from shutdown hook
[2024-06-27T07:50:33.325+0000] {docker.py:436} INFO - 24/06/27 07:50:33 INFO SparkContext: SparkContext is stopping with exitCode 0.
[2024-06-27T07:50:33.354+0000] {docker.py:436} INFO - 24/06/27 07:50:33 INFO SparkUI: Stopped Spark web UI at http://localhost:4040
[2024-06-27T07:50:33.456+0000] {docker.py:436} INFO - 24/06/27 07:50:33 INFO MapOutputTrackerMasterEndpoint: MapOutputTrackerMasterEndpoint stopped!
[2024-06-27T07:50:33.492+0000] {docker.py:436} INFO - 24/06/27 07:50:33 INFO MemoryStore: MemoryStore cleared
[2024-06-27T07:50:33.496+0000] {docker.py:436} INFO - 24/06/27 07:50:33 INFO BlockManager: BlockManager stopped
[2024-06-27T07:50:33.556+0000] {docker.py:436} INFO - 24/06/27 07:50:33 INFO BlockManagerMaster: BlockManagerMaster stopped
[2024-06-27T07:50:33.628+0000] {docker.py:436} INFO - 24/06/27 07:50:33 INFO OutputCommitCoordinator$OutputCommitCoordinatorEndpoint: OutputCommitCoordinator stopped!
[2024-06-27T07:50:33.669+0000] {docker.py:436} INFO - 24/06/27 07:50:33 INFO SparkContext: Successfully stopped SparkContext
24/06/27 07:50:33 INFO ShutdownHookManager: Shutdown hook called
24/06/27 07:50:33 INFO ShutdownHookManager: Deleting directory /tmp/spark-a59cae5f-b7ce-45aa-b08e-f86c533fb24c
[2024-06-27T07:50:33.671+0000] {docker.py:436} INFO - 24/06/27 07:50:33 INFO ShutdownHookManager: Deleting directory /tmp/spark-a59cae5f-b7ce-45aa-b08e-f86c533fb24c/pyspark-9dc6ba8f-37e8-4b7d-8143-e1dd7cca1de9
[2024-06-27T07:50:33.675+0000] {docker.py:436} INFO - 24/06/27 07:50:33 INFO ShutdownHookManager: Deleting directory /tmp/spark-8e8ed1c3-20ae-42bb-a669-459fbc264ede
[2024-06-27T07:50:34.159+0000] {taskinstance.py:441} INFO - ::group::Post task execution logs
[2024-06-27T07:50:34.173+0000] {taskinstance.py:2905} ERROR - Task failed with exception
Traceback (most recent call last):
  File "/home/airflow/.local/lib/python3.12/site-packages/docker/api/client.py", line 265, in _raise_for_status
    response.raise_for_status()
  File "/home/airflow/.local/lib/python3.12/site-packages/requests/models.py", line 1021, in raise_for_status
    raise HTTPError(http_error_msg, response=self)
requests.exceptions.HTTPError: 400 Client Error: Bad Request for url: http://docker-proxy:2375/v1.45/containers/create

The above exception was the direct cause of the following exception:

Traceback (most recent call last):
  File "/home/airflow/.local/lib/python3.12/site-packages/airflow/providers/docker/operators/docker.py", line 371, in _run_image
    return self._run_image_with_mounts([*self.mounts, tmp_mount], add_tmp_variable=True)
           ^^^^^^^^^^^^^^^^^^^^^^^^^^^^^^^^^^^^^^^^^^^^^^^^^^^^^^^^^^^^^^^^^^^^^^^^^^^^^
  File "/home/airflow/.local/lib/python3.12/site-packages/airflow/providers/docker/operators/docker.py", line 398, in _run_image_with_mounts
    self.container = self.cli.create_container(
                     ^^^^^^^^^^^^^^^^^^^^^^^^^^
  File "/home/airflow/.local/lib/python3.12/site-packages/docker/api/container.py", line 439, in create_container
    return self.create_container_from_config(config, name, platform)
           ^^^^^^^^^^^^^^^^^^^^^^^^^^^^^^^^^^^^^^^^^^^^^^^^^^^^^^^^^
  File "/home/airflow/.local/lib/python3.12/site-packages/docker/api/container.py", line 456, in create_container_from_config
    return self._result(res, True)
           ^^^^^^^^^^^^^^^^^^^^^^^
  File "/home/airflow/.local/lib/python3.12/site-packages/docker/api/client.py", line 271, in _result
    self._raise_for_status(response)
  File "/home/airflow/.local/lib/python3.12/site-packages/docker/api/client.py", line 267, in _raise_for_status
    raise create_api_error_from_http_exception(e) from e
          ^^^^^^^^^^^^^^^^^^^^^^^^^^^^^^^^^^^^^^^
  File "/home/airflow/.local/lib/python3.12/site-packages/docker/errors.py", line 39, in create_api_error_from_http_exception
    raise cls(e, response=response, explanation=explanation) from e
docker.errors.APIError: 400 Client Error for http://docker-proxy:2375/v1.45/containers/create: Bad Request ("invalid mount config for type "bind": bind source path does not exist: /tmp/airflowtmpfrie2kyq")

During handling of the above exception, another exception occurred:

Traceback (most recent call last):
  File "/home/airflow/.local/lib/python3.12/site-packages/airflow/models/taskinstance.py", line 465, in _execute_task
    result = _execute_callable(context=context, **execute_callable_kwargs)
             ^^^^^^^^^^^^^^^^^^^^^^^^^^^^^^^^^^^^^^^^^^^^^^^^^^^^^^^^^^^^^
  File "/home/airflow/.local/lib/python3.12/site-packages/airflow/models/taskinstance.py", line 432, in _execute_callable
    return execute_callable(context=context, **execute_callable_kwargs)
           ^^^^^^^^^^^^^^^^^^^^^^^^^^^^^^^^^^^^^^^^^^^^^^^^^^^^^^^^^^^^
  File "/home/airflow/.local/lib/python3.12/site-packages/airflow/models/baseoperator.py", line 400, in wrapper
    return func(self, *args, **kwargs)
           ^^^^^^^^^^^^^^^^^^^^^^^^^^^
  File "/home/airflow/.local/lib/python3.12/site-packages/airflow/providers/docker/operators/docker.py", line 509, in execute
    return self._run_image()
           ^^^^^^^^^^^^^^^^^
  File "/home/airflow/.local/lib/python3.12/site-packages/airflow/providers/docker/operators/docker.py", line 380, in _run_image
    return self._run_image_with_mounts(self.mounts, add_tmp_variable=False)
           ^^^^^^^^^^^^^^^^^^^^^^^^^^^^^^^^^^^^^^^^^^^^^^^^^^^^^^^^^^^^^^^^
  File "/home/airflow/.local/lib/python3.12/site-packages/airflow/providers/docker/operators/docker.py", line 444, in _run_image_with_mounts
    raise DockerContainerFailedException(f"Docker container failed: {result!r}", logs=log_lines)
airflow.providers.docker.exceptions.DockerContainerFailedException: Docker container failed: {'StatusCode': 1}
[2024-06-27T07:50:34.184+0000] {taskinstance.py:1206} INFO - Marking task as FAILED. dag_id=Stage_1, task_id=run_bronze_job, run_id=manual__2024-06-27T07:49:55.833705+00:00, execution_date=20240627T074955, start_date=20240627T075003, end_date=20240627T075034
[2024-06-27T07:50:34.204+0000] {standard_task_runner.py:110} ERROR - Failed to execute job 191 for task run_bronze_job (Docker container failed: {'StatusCode': 1}; 872)
[2024-06-27T07:50:34.251+0000] {local_task_job_runner.py:240} INFO - Task exited with return code 1
[2024-06-27T07:50:34.270+0000] {taskinstance.py:3498} INFO - 0 downstream tasks scheduled from follow-on schedule check
[2024-06-27T07:50:34.272+0000] {local_task_job_runner.py:222} INFO - ::endgroup::
