[2024-07-02T11:25:22.585+0000] {local_task_job_runner.py:120} INFO - ::group::Pre task execution logs
[2024-07-02T11:25:22.618+0000] {taskinstance.py:2076} INFO - Dependencies all met for dep_context=non-requeueable deps ti=<TaskInstance: purchase_dag.run_pyspark_job manual__2024-07-02T11:25:16.518941+00:00 [queued]>
[2024-07-02T11:25:22.627+0000] {taskinstance.py:2076} INFO - Dependencies all met for dep_context=requeueable deps ti=<TaskInstance: purchase_dag.run_pyspark_job manual__2024-07-02T11:25:16.518941+00:00 [queued]>
[2024-07-02T11:25:22.627+0000] {taskinstance.py:2306} INFO - Starting attempt 1 of 1
[2024-07-02T11:25:22.641+0000] {taskinstance.py:2330} INFO - Executing <Task(DockerOperator): run_pyspark_job> on 2024-07-02 11:25:16.518941+00:00
[2024-07-02T11:25:22.649+0000] {logging_mixin.py:188} WARNING - /home/***/.local/lib/python3.12/site-packages/***/task/task_runner/standard_task_runner.py:61 DeprecationWarning: This process (pid=605) is multi-threaded, use of fork() may lead to deadlocks in the child.
[2024-07-02T11:25:22.650+0000] {standard_task_runner.py:63} INFO - Started process 606 to run task
[2024-07-02T11:25:22.649+0000] {standard_task_runner.py:90} INFO - Running: ['***', 'tasks', 'run', 'purchase_dag', 'run_pyspark_job', 'manual__2024-07-02T11:25:16.518941+00:00', '--job-id', '42', '--raw', '--subdir', 'DAGS_FOLDER/purchase_dag.py', '--cfg-path', '/tmp/tmp5h39z0so']
[2024-07-02T11:25:22.651+0000] {standard_task_runner.py:91} INFO - Job 42: Subtask run_pyspark_job
[2024-07-02T11:25:22.664+0000] {logging_mixin.py:188} WARNING - /home/***/.local/lib/python3.12/site-packages/***/settings.py:195 DeprecationWarning: The sql_alchemy_conn option in [core] has been moved to the sql_alchemy_conn option in [database] - the old setting has been used, but please update your config.
[2024-07-02T11:25:22.695+0000] {task_command.py:426} INFO - Running <TaskInstance: purchase_dag.run_pyspark_job manual__2024-07-02T11:25:16.518941+00:00 [running]> on host 1bb3b4acd47e
[2024-07-02T11:25:22.787+0000] {taskinstance.py:2648} INFO - Exporting env vars: AIRFLOW_CTX_DAG_OWNER='***' AIRFLOW_CTX_DAG_ID='purchase_dag' AIRFLOW_CTX_TASK_ID='run_pyspark_job' AIRFLOW_CTX_EXECUTION_DATE='2024-07-02T11:25:16.518941+00:00' AIRFLOW_CTX_TRY_NUMBER='1' AIRFLOW_CTX_DAG_RUN_ID='manual__2024-07-02T11:25:16.518941+00:00'
[2024-07-02T11:25:22.788+0000] {taskinstance.py:430} INFO - ::endgroup::
[2024-07-02T11:25:22.821+0000] {docker.py:366} INFO - Starting docker container from image bitnami/spark:latest
[2024-07-02T11:25:22.825+0000] {docker.py:374} WARNING - Using remote engine or docker-in-docker and mounting temporary volume from host is not supported. Falling back to `mount_tmp_dir=False` mode. You can set `mount_tmp_dir` parameter to False to disable mounting and remove the warning
[2024-07-02T11:25:23.232+0000] {docker.py:436} INFO - [38;5;6mspark [38;5;5m11:25:23.23 [0m[38;5;2mINFO [0m ==>
[2024-07-02T11:25:23.233+0000] {docker.py:436} INFO - [38;5;6mspark [38;5;5m11:25:23.23 [0m[38;5;2mINFO [0m ==> [1mWelcome to the Bitnami spark container[0m
[2024-07-02T11:25:23.235+0000] {docker.py:436} INFO - [38;5;6mspark [38;5;5m11:25:23.23 [0m[38;5;2mINFO [0m ==> Subscribe to project updates by watching [1mhttps://github.com/bitnami/containers[0m
[2024-07-02T11:25:23.237+0000] {docker.py:436} INFO - [38;5;6mspark [38;5;5m11:25:23.23 [0m[38;5;2mINFO [0m ==> Submit issues and feature requests at [1mhttps://github.com/bitnami/containers/issues[0m
[2024-07-02T11:25:23.238+0000] {docker.py:436} INFO - [38;5;6mspark [38;5;5m11:25:23.23 [0m[38;5;2mINFO [0m ==> Upgrade to Tanzu Application Catalog for production environments to access custom-configured and pre-packaged software components. Gain enhanced features, including Software Bill of Materials (SBOM), CVE scan result reports, and VEX documents. To learn more, visit [1mhttps://bitnami.com/enterprise[0m
[2024-07-02T11:25:23.240+0000] {docker.py:436} INFO - [38;5;6mspark [38;5;5m11:25:23.23 [0m[38;5;2mINFO [0m ==>
[2024-07-02T11:25:23.249+0000] {docker.py:436} INFO - 
[2024-07-02T11:25:25.649+0000] {docker.py:436} INFO - :: loading settings :: url = jar:file:/opt/bitnami/spark/jars/ivy-2.5.1.jar!/org/apache/ivy/core/settings/ivysettings.xml
[2024-07-02T11:25:25.759+0000] {docker.py:436} INFO - Ivy Default Cache set to: /opt/bitnami/spark/.ivy2/cache
The jars for the packages stored in: /opt/bitnami/spark/.ivy2/jars
[2024-07-02T11:25:25.766+0000] {docker.py:436} INFO - org.postgresql#postgresql added as a dependency
[2024-07-02T11:25:25.767+0000] {docker.py:436} INFO - org.apache.spark#spark-sql-kafka-0-10_2.12 added as a dependency
[2024-07-02T11:25:25.768+0000] {docker.py:436} INFO - :: resolving dependencies :: org.apache.spark#spark-submit-parent-bd9367e1-e91c-42c9-a381-d44bc86541e6;1.0
[2024-07-02T11:25:25.769+0000] {docker.py:436} INFO - confs: [default]
[2024-07-02T11:25:26.425+0000] {docker.py:436} INFO - found org.postgresql#postgresql;42.5.4 in central
[2024-07-02T11:25:26.487+0000] {docker.py:436} INFO - found org.checkerframework#checker-qual;3.5.0 in central
[2024-07-02T11:25:27.712+0000] {docker.py:436} INFO - found org.apache.spark#spark-sql-kafka-0-10_2.12;3.5.0 in central
[2024-07-02T11:25:28.082+0000] {docker.py:436} INFO - found org.apache.spark#spark-token-provider-kafka-0-10_2.12;3.5.0 in central
[2024-07-02T11:25:28.154+0000] {docker.py:436} INFO - found org.apache.kafka#kafka-clients;3.4.1 in central
[2024-07-02T11:25:28.213+0000] {docker.py:436} INFO - found org.lz4#lz4-java;1.8.0 in central
[2024-07-02T11:25:28.268+0000] {docker.py:436} INFO - found org.xerial.snappy#snappy-java;1.1.10.3 in central
[2024-07-02T11:25:29.078+0000] {docker.py:436} INFO - found org.slf4j#slf4j-api;2.0.7 in central
[2024-07-02T11:25:29.345+0000] {docker.py:436} INFO - found org.apache.hadoop#hadoop-client-runtime;3.3.4 in central
[2024-07-02T11:25:29.480+0000] {docker.py:436} INFO - found org.apache.hadoop#hadoop-client-api;3.3.4 in central
[2024-07-02T11:25:30.452+0000] {docker.py:436} INFO - found commons-logging#commons-logging;1.1.3 in central
[2024-07-02T11:25:30.495+0000] {docker.py:436} INFO - found com.google.code.findbugs#jsr305;3.0.0 in central
[2024-07-02T11:25:31.620+0000] {docker.py:436} INFO - found org.apache.commons#commons-pool2;2.11.1 in central
[2024-07-02T11:25:31.645+0000] {docker.py:436} INFO - downloading https://repo1.maven.org/maven2/org/postgresql/postgresql/42.5.4/postgresql-42.5.4.jar ...
[2024-07-02T11:25:31.771+0000] {docker.py:436} INFO - [SUCCESSFUL ] org.postgresql#postgresql;42.5.4!postgresql.jar (137ms)
[2024-07-02T11:25:31.792+0000] {docker.py:436} INFO - downloading https://repo1.maven.org/maven2/org/apache/spark/spark-sql-kafka-0-10_2.12/3.5.0/spark-sql-kafka-0-10_2.12-3.5.0.jar ...
[2024-07-02T11:25:31.852+0000] {docker.py:436} INFO - [SUCCESSFUL ] org.apache.spark#spark-sql-kafka-0-10_2.12;3.5.0!spark-sql-kafka-0-10_2.12.jar (79ms)
[2024-07-02T11:25:31.863+0000] {docker.py:436} INFO - downloading https://repo1.maven.org/maven2/org/checkerframework/checker-qual/3.5.0/checker-qual-3.5.0.jar ...
[2024-07-02T11:25:31.892+0000] {docker.py:436} INFO - [SUCCESSFUL ] org.checkerframework#checker-qual;3.5.0!checker-qual.jar (39ms)
[2024-07-02T11:25:31.902+0000] {docker.py:436} INFO - downloading https://repo1.maven.org/maven2/org/apache/spark/spark-token-provider-kafka-0-10_2.12/3.5.0/spark-token-provider-kafka-0-10_2.12-3.5.0.jar ...
[2024-07-02T11:25:31.918+0000] {docker.py:436} INFO - [SUCCESSFUL ] org.apache.spark#spark-token-provider-kafka-0-10_2.12;3.5.0!spark-token-provider-kafka-0-10_2.12.jar (24ms)
[2024-07-02T11:25:31.941+0000] {docker.py:436} INFO - downloading https://repo1.maven.org/maven2/org/apache/kafka/kafka-clients/3.4.1/kafka-clients-3.4.1.jar ...
[2024-07-02T11:25:32.608+0000] {docker.py:436} INFO - [SUCCESSFUL ] org.apache.kafka#kafka-clients;3.4.1!kafka-clients.jar (688ms)
[2024-07-02T11:25:32.619+0000] {docker.py:436} INFO - downloading https://repo1.maven.org/maven2/com/google/code/findbugs/jsr305/3.0.0/jsr305-3.0.0.jar ...
[2024-07-02T11:25:32.632+0000] {docker.py:436} INFO - [SUCCESSFUL ] com.google.code.findbugs#jsr305;3.0.0!jsr305.jar (23ms)
[2024-07-02T11:25:32.642+0000] {docker.py:436} INFO - downloading https://repo1.maven.org/maven2/org/apache/commons/commons-pool2/2.11.1/commons-pool2-2.11.1.jar ...
[2024-07-02T11:25:32.666+0000] {docker.py:436} INFO - [SUCCESSFUL ] org.apache.commons#commons-pool2;2.11.1!commons-pool2.jar (34ms)
[2024-07-02T11:25:32.677+0000] {docker.py:436} INFO - downloading https://repo1.maven.org/maven2/org/apache/hadoop/hadoop-client-runtime/3.3.4/hadoop-client-runtime-3.3.4.jar ...
[2024-07-02T11:25:35.886+0000] {docker.py:436} INFO - [SUCCESSFUL ] org.apache.hadoop#hadoop-client-runtime;3.3.4!hadoop-client-runtime.jar (3218ms)
[2024-07-02T11:25:35.899+0000] {docker.py:436} INFO - downloading https://repo1.maven.org/maven2/org/lz4/lz4-java/1.8.0/lz4-java-1.8.0.jar ...
[2024-07-02T11:25:35.976+0000] {docker.py:436} INFO - [SUCCESSFUL ] org.lz4#lz4-java;1.8.0!lz4-java.jar (88ms)
[2024-07-02T11:25:35.997+0000] {docker.py:436} INFO - downloading https://repo1.maven.org/maven2/org/xerial/snappy/snappy-java/1.1.10.3/snappy-java-1.1.10.3.jar ...
[2024-07-02T11:25:36.216+0000] {docker.py:436} INFO - [SUCCESSFUL ] org.xerial.snappy#snappy-java;1.1.10.3!snappy-java.jar(bundle) (240ms)
[2024-07-02T11:25:36.226+0000] {docker.py:436} INFO - downloading https://repo1.maven.org/maven2/org/slf4j/slf4j-api/2.0.7/slf4j-api-2.0.7.jar ...
[2024-07-02T11:25:36.244+0000] {docker.py:436} INFO - [SUCCESSFUL ] org.slf4j#slf4j-api;2.0.7!slf4j-api.jar (27ms)
[2024-07-02T11:25:36.257+0000] {docker.py:436} INFO - downloading https://repo1.maven.org/maven2/org/apache/hadoop/hadoop-client-api/3.3.4/hadoop-client-api-3.3.4.jar ...
[2024-07-02T11:25:38.287+0000] {docker.py:436} INFO - [SUCCESSFUL ] org.apache.hadoop#hadoop-client-api;3.3.4!hadoop-client-api.jar (2042ms)
[2024-07-02T11:25:38.297+0000] {docker.py:436} INFO - downloading https://repo1.maven.org/maven2/commons-logging/commons-logging/1.1.3/commons-logging-1.1.3.jar ...
[2024-07-02T11:25:38.326+0000] {docker.py:436} INFO - [SUCCESSFUL ] commons-logging#commons-logging;1.1.3!commons-logging.jar (38ms)
[2024-07-02T11:25:38.327+0000] {docker.py:436} INFO - :: resolution report :: resolve 5865ms :: artifacts dl 6694ms
[2024-07-02T11:25:38.328+0000] {docker.py:436} INFO - :: modules in use:
[2024-07-02T11:25:38.329+0000] {docker.py:436} INFO - com.google.code.findbugs#jsr305;3.0.0 from central in [default]
[2024-07-02T11:25:38.330+0000] {docker.py:436} INFO - commons-logging#commons-logging;1.1.3 from central in [default]
	org.apache.commons#commons-pool2;2.11.1 from central in [default]
	org.apache.hadoop#hadoop-client-api;3.3.4 from central in [default]
	org.apache.hadoop#hadoop-client-runtime;3.3.4 from central in [default]
[2024-07-02T11:25:38.330+0000] {docker.py:436} INFO - org.apache.kafka#kafka-clients;3.4.1 from central in [default]
	org.apache.spark#spark-sql-kafka-0-10_2.12;3.5.0 from central in [default]
	org.apache.spark#spark-token-provider-kafka-0-10_2.12;3.5.0 from central in [default]
	org.checkerframework#checker-qual;3.5.0 from central in [default]
[2024-07-02T11:25:38.331+0000] {docker.py:436} INFO - org.lz4#lz4-java;1.8.0 from central in [default]
	org.postgresql#postgresql;42.5.4 from central in [default]
	org.slf4j#slf4j-api;2.0.7 from central in [default]
[2024-07-02T11:25:38.332+0000] {docker.py:436} INFO - org.xerial.snappy#snappy-java;1.1.10.3 from central in [default]
	---------------------------------------------------------------------
[2024-07-02T11:25:38.333+0000] {docker.py:436} INFO - |                  |            modules            ||   artifacts   |
	|       conf       | number| search|dwnlded|evicted|| number|dwnlded|
	---------------------------------------------------------------------
[2024-07-02T11:25:38.333+0000] {docker.py:436} INFO - |      default     |   13  |   13  |   13  |   0   ||   13  |   13  |
	---------------------------------------------------------------------
[2024-07-02T11:25:38.336+0000] {docker.py:436} INFO - :: retrieving :: org.apache.spark#spark-submit-parent-bd9367e1-e91c-42c9-a381-d44bc86541e6
[2024-07-02T11:25:38.336+0000] {docker.py:436} INFO - confs: [default]
[2024-07-02T11:25:38.432+0000] {docker.py:436} INFO - 13 artifacts copied, 0 already retrieved (58001kB/96ms)
[2024-07-02T11:25:38.693+0000] {docker.py:436} INFO - 24/07/02 11:25:38 WARN NativeCodeLoader: Unable to load native-hadoop library for your platform... using builtin-java classes where applicable
[2024-07-02T11:25:40.203+0000] {docker.py:436} INFO - 24/07/02 11:25:40 INFO SparkContext: Running Spark version 3.5.1
[2024-07-02T11:25:40.204+0000] {docker.py:436} INFO - 24/07/02 11:25:40 INFO SparkContext: OS info Linux, 6.5.0-41-generic, amd64
[2024-07-02T11:25:40.206+0000] {docker.py:436} INFO - 24/07/02 11:25:40 INFO SparkContext: Java version 17.0.11
[2024-07-02T11:25:40.235+0000] {docker.py:436} INFO - 24/07/02 11:25:40 INFO ResourceUtils: ==============================================================
[2024-07-02T11:25:40.236+0000] {docker.py:436} INFO - 24/07/02 11:25:40 INFO ResourceUtils: No custom resources configured for spark.driver.
[2024-07-02T11:25:40.236+0000] {docker.py:436} INFO - 24/07/02 11:25:40 INFO ResourceUtils: ==============================================================
[2024-07-02T11:25:40.237+0000] {docker.py:436} INFO - 24/07/02 11:25:40 INFO SparkContext: Submitted application: PostgreSQL Connection with PySpark
[2024-07-02T11:25:40.267+0000] {docker.py:436} INFO - 24/07/02 11:25:40 INFO ResourceProfile: Default ResourceProfile created, executor resources: Map(cores -> name: cores, amount: 1, script: , vendor: , memory -> name: memory, amount: 1024, script: , vendor: , offHeap -> name: offHeap, amount: 0, script: , vendor: ), task resources: Map(cpus -> name: cpus, amount: 1.0)
[2024-07-02T11:25:40.276+0000] {docker.py:436} INFO - 24/07/02 11:25:40 INFO ResourceProfile: Limiting resource is cpu
[2024-07-02T11:25:40.276+0000] {docker.py:436} INFO - 24/07/02 11:25:40 INFO ResourceProfileManager: Added ResourceProfile id: 0
[2024-07-02T11:25:40.334+0000] {docker.py:436} INFO - 24/07/02 11:25:40 INFO SecurityManager: Changing view acls to: spark
[2024-07-02T11:25:40.334+0000] {docker.py:436} INFO - 24/07/02 11:25:40 INFO SecurityManager: Changing modify acls to: spark
[2024-07-02T11:25:40.335+0000] {docker.py:436} INFO - 24/07/02 11:25:40 INFO SecurityManager: Changing view acls groups to:
[2024-07-02T11:25:40.335+0000] {docker.py:436} INFO - 24/07/02 11:25:40 INFO SecurityManager: Changing modify acls groups to:
[2024-07-02T11:25:40.336+0000] {docker.py:436} INFO - 24/07/02 11:25:40 INFO SecurityManager: SecurityManager: authentication disabled; ui acls disabled; users with view permissions: spark; groups with view permissions: EMPTY; users with modify permissions: spark; groups with modify permissions: EMPTY
[2024-07-02T11:25:40.590+0000] {docker.py:436} INFO - 24/07/02 11:25:40 INFO Utils: Successfully started service 'sparkDriver' on port 41415.
[2024-07-02T11:25:40.623+0000] {docker.py:436} INFO - 24/07/02 11:25:40 INFO SparkEnv: Registering MapOutputTracker
[2024-07-02T11:25:40.668+0000] {docker.py:436} INFO - 24/07/02 11:25:40 INFO SparkEnv: Registering BlockManagerMaster
[2024-07-02T11:25:40.692+0000] {docker.py:436} INFO - 24/07/02 11:25:40 INFO BlockManagerMasterEndpoint: Using org.apache.spark.storage.DefaultTopologyMapper for getting topology information
[2024-07-02T11:25:40.693+0000] {docker.py:436} INFO - 24/07/02 11:25:40 INFO BlockManagerMasterEndpoint: BlockManagerMasterEndpoint up
[2024-07-02T11:25:40.697+0000] {docker.py:436} INFO - 24/07/02 11:25:40 INFO SparkEnv: Registering BlockManagerMasterHeartbeat
[2024-07-02T11:25:40.724+0000] {docker.py:436} INFO - 24/07/02 11:25:40 INFO DiskBlockManager: Created local directory at /tmp/blockmgr-f7523fb0-e598-461b-9a98-5cd0b15a1468
[2024-07-02T11:25:40.743+0000] {docker.py:436} INFO - 24/07/02 11:25:40 INFO MemoryStore: MemoryStore started with capacity 434.4 MiB
[2024-07-02T11:25:40.764+0000] {docker.py:436} INFO - 24/07/02 11:25:40 INFO SparkEnv: Registering OutputCommitCoordinator
[2024-07-02T11:25:40.965+0000] {docker.py:436} INFO - 24/07/02 11:25:40 INFO JettyUtils: Start Jetty 0.0.0.0:4040 for SparkUI
[2024-07-02T11:25:41.128+0000] {docker.py:436} INFO - 24/07/02 11:25:41 INFO Utils: Successfully started service 'SparkUI' on port 4040.
[2024-07-02T11:25:41.197+0000] {docker.py:436} INFO - 24/07/02 11:25:41 INFO SparkContext: Added JAR file:///opt/bitnami/spark/.ivy2/jars/org.postgresql_postgresql-42.5.4.jar at spark://localhost:41415/jars/org.postgresql_postgresql-42.5.4.jar with timestamp 1719919540194
[2024-07-02T11:25:41.199+0000] {docker.py:436} INFO - 24/07/02 11:25:41 INFO SparkContext: Added JAR file:///opt/bitnami/spark/.ivy2/jars/org.apache.spark_spark-sql-kafka-0-10_2.12-3.5.0.jar at spark://localhost:41415/jars/org.apache.spark_spark-sql-kafka-0-10_2.12-3.5.0.jar with timestamp 1719919540194
24/07/02 11:25:41 INFO SparkContext: Added JAR file:///opt/bitnami/spark/.ivy2/jars/org.checkerframework_checker-qual-3.5.0.jar at spark://localhost:41415/jars/org.checkerframework_checker-qual-3.5.0.jar with timestamp 1719919540194
24/07/02 11:25:41 INFO SparkContext: Added JAR file:///opt/bitnami/spark/.ivy2/jars/org.apache.spark_spark-token-provider-kafka-0-10_2.12-3.5.0.jar at spark://localhost:41415/jars/org.apache.spark_spark-token-provider-kafka-0-10_2.12-3.5.0.jar with timestamp 1719919540194
24/07/02 11:25:41 INFO SparkContext: Added JAR file:///opt/bitnami/spark/.ivy2/jars/org.apache.kafka_kafka-clients-3.4.1.jar at spark://localhost:41415/jars/org.apache.kafka_kafka-clients-3.4.1.jar with timestamp 1719919540194
24/07/02 11:25:41 INFO SparkContext: Added JAR file:///opt/bitnami/spark/.ivy2/jars/com.google.code.findbugs_jsr305-3.0.0.jar at spark://localhost:41415/jars/com.google.code.findbugs_jsr305-3.0.0.jar with timestamp 1719919540194
[2024-07-02T11:25:41.201+0000] {docker.py:436} INFO - 24/07/02 11:25:41 INFO SparkContext: Added JAR file:///opt/bitnami/spark/.ivy2/jars/org.apache.commons_commons-pool2-2.11.1.jar at spark://localhost:41415/jars/org.apache.commons_commons-pool2-2.11.1.jar with timestamp 1719919540194
[2024-07-02T11:25:41.202+0000] {docker.py:436} INFO - 24/07/02 11:25:41 INFO SparkContext: Added JAR file:///opt/bitnami/spark/.ivy2/jars/org.apache.hadoop_hadoop-client-runtime-3.3.4.jar at spark://localhost:41415/jars/org.apache.hadoop_hadoop-client-runtime-3.3.4.jar with timestamp 1719919540194
24/07/02 11:25:41 INFO SparkContext: Added JAR file:///opt/bitnami/spark/.ivy2/jars/org.lz4_lz4-java-1.8.0.jar at spark://localhost:41415/jars/org.lz4_lz4-java-1.8.0.jar with timestamp 1719919540194
24/07/02 11:25:41 INFO SparkContext: Added JAR file:///opt/bitnami/spark/.ivy2/jars/org.xerial.snappy_snappy-java-1.1.10.3.jar at spark://localhost:41415/jars/org.xerial.snappy_snappy-java-1.1.10.3.jar with timestamp 1719919540194
24/07/02 11:25:41 INFO SparkContext: Added JAR file:///opt/bitnami/spark/.ivy2/jars/org.slf4j_slf4j-api-2.0.7.jar at spark://localhost:41415/jars/org.slf4j_slf4j-api-2.0.7.jar with timestamp 1719919540194
[2024-07-02T11:25:41.203+0000] {docker.py:436} INFO - 24/07/02 11:25:41 INFO SparkContext: Added JAR file:///opt/bitnami/spark/.ivy2/jars/org.apache.hadoop_hadoop-client-api-3.3.4.jar at spark://localhost:41415/jars/org.apache.hadoop_hadoop-client-api-3.3.4.jar with timestamp 1719919540194
[2024-07-02T11:25:41.204+0000] {docker.py:436} INFO - 24/07/02 11:25:41 INFO SparkContext: Added JAR file:///opt/bitnami/spark/.ivy2/jars/commons-logging_commons-logging-1.1.3.jar at spark://localhost:41415/jars/commons-logging_commons-logging-1.1.3.jar with timestamp 1719919540194
[2024-07-02T11:25:41.206+0000] {docker.py:436} INFO - 24/07/02 11:25:41 INFO SparkContext: Added file file:///opt/bitnami/spark/.ivy2/jars/org.postgresql_postgresql-42.5.4.jar at file:///opt/bitnami/spark/.ivy2/jars/org.postgresql_postgresql-42.5.4.jar with timestamp 1719919540194
[2024-07-02T11:25:41.208+0000] {docker.py:436} INFO - 24/07/02 11:25:41 INFO Utils: Copying /opt/bitnami/spark/.ivy2/jars/org.postgresql_postgresql-42.5.4.jar to /tmp/spark-ef4baadb-1eab-4b06-b05d-6408f918afd8/userFiles-f07dd637-fb2e-4d08-bff1-960fbffb347c/org.postgresql_postgresql-42.5.4.jar
[2024-07-02T11:25:41.223+0000] {docker.py:436} INFO - 24/07/02 11:25:41 INFO SparkContext: Added file file:///opt/bitnami/spark/.ivy2/jars/org.apache.spark_spark-sql-kafka-0-10_2.12-3.5.0.jar at file:///opt/bitnami/spark/.ivy2/jars/org.apache.spark_spark-sql-kafka-0-10_2.12-3.5.0.jar with timestamp 1719919540194
[2024-07-02T11:25:41.224+0000] {docker.py:436} INFO - 24/07/02 11:25:41 INFO Utils: Copying /opt/bitnami/spark/.ivy2/jars/org.apache.spark_spark-sql-kafka-0-10_2.12-3.5.0.jar to /tmp/spark-ef4baadb-1eab-4b06-b05d-6408f918afd8/userFiles-f07dd637-fb2e-4d08-bff1-960fbffb347c/org.apache.spark_spark-sql-kafka-0-10_2.12-3.5.0.jar
[2024-07-02T11:25:41.231+0000] {docker.py:436} INFO - 24/07/02 11:25:41 INFO SparkContext: Added file file:///opt/bitnami/spark/.ivy2/jars/org.checkerframework_checker-qual-3.5.0.jar at file:///opt/bitnami/spark/.ivy2/jars/org.checkerframework_checker-qual-3.5.0.jar with timestamp 1719919540194
[2024-07-02T11:25:41.233+0000] {docker.py:436} INFO - 24/07/02 11:25:41 INFO Utils: Copying /opt/bitnami/spark/.ivy2/jars/org.checkerframework_checker-qual-3.5.0.jar to /tmp/spark-ef4baadb-1eab-4b06-b05d-6408f918afd8/userFiles-f07dd637-fb2e-4d08-bff1-960fbffb347c/org.checkerframework_checker-qual-3.5.0.jar
[2024-07-02T11:25:41.238+0000] {docker.py:436} INFO - 24/07/02 11:25:41 INFO SparkContext: Added file file:///opt/bitnami/spark/.ivy2/jars/org.apache.spark_spark-token-provider-kafka-0-10_2.12-3.5.0.jar at file:///opt/bitnami/spark/.ivy2/jars/org.apache.spark_spark-token-provider-kafka-0-10_2.12-3.5.0.jar with timestamp 1719919540194
[2024-07-02T11:25:41.240+0000] {docker.py:436} INFO - 24/07/02 11:25:41 INFO Utils: Copying /opt/bitnami/spark/.ivy2/jars/org.apache.spark_spark-token-provider-kafka-0-10_2.12-3.5.0.jar to /tmp/spark-ef4baadb-1eab-4b06-b05d-6408f918afd8/userFiles-f07dd637-fb2e-4d08-bff1-960fbffb347c/org.apache.spark_spark-token-provider-kafka-0-10_2.12-3.5.0.jar
[2024-07-02T11:25:41.245+0000] {docker.py:436} INFO - 24/07/02 11:25:41 INFO SparkContext: Added file file:///opt/bitnami/spark/.ivy2/jars/org.apache.kafka_kafka-clients-3.4.1.jar at file:///opt/bitnami/spark/.ivy2/jars/org.apache.kafka_kafka-clients-3.4.1.jar with timestamp 1719919540194
[2024-07-02T11:25:41.247+0000] {docker.py:436} INFO - 24/07/02 11:25:41 INFO Utils: Copying /opt/bitnami/spark/.ivy2/jars/org.apache.kafka_kafka-clients-3.4.1.jar to /tmp/spark-ef4baadb-1eab-4b06-b05d-6408f918afd8/userFiles-f07dd637-fb2e-4d08-bff1-960fbffb347c/org.apache.kafka_kafka-clients-3.4.1.jar
[2024-07-02T11:25:41.259+0000] {docker.py:436} INFO - 24/07/02 11:25:41 INFO SparkContext: Added file file:///opt/bitnami/spark/.ivy2/jars/com.google.code.findbugs_jsr305-3.0.0.jar at file:///opt/bitnami/spark/.ivy2/jars/com.google.code.findbugs_jsr305-3.0.0.jar with timestamp 1719919540194
[2024-07-02T11:25:41.260+0000] {docker.py:436} INFO - 24/07/02 11:25:41 INFO Utils: Copying /opt/bitnami/spark/.ivy2/jars/com.google.code.findbugs_jsr305-3.0.0.jar to /tmp/spark-ef4baadb-1eab-4b06-b05d-6408f918afd8/userFiles-f07dd637-fb2e-4d08-bff1-960fbffb347c/com.google.code.findbugs_jsr305-3.0.0.jar
[2024-07-02T11:25:41.267+0000] {docker.py:436} INFO - 24/07/02 11:25:41 INFO SparkContext: Added file file:///opt/bitnami/spark/.ivy2/jars/org.apache.commons_commons-pool2-2.11.1.jar at file:///opt/bitnami/spark/.ivy2/jars/org.apache.commons_commons-pool2-2.11.1.jar with timestamp 1719919540194
[2024-07-02T11:25:41.269+0000] {docker.py:436} INFO - 24/07/02 11:25:41 INFO Utils: Copying /opt/bitnami/spark/.ivy2/jars/org.apache.commons_commons-pool2-2.11.1.jar to /tmp/spark-ef4baadb-1eab-4b06-b05d-6408f918afd8/userFiles-f07dd637-fb2e-4d08-bff1-960fbffb347c/org.apache.commons_commons-pool2-2.11.1.jar
[2024-07-02T11:25:41.275+0000] {docker.py:436} INFO - 24/07/02 11:25:41 INFO SparkContext: Added file file:///opt/bitnami/spark/.ivy2/jars/org.apache.hadoop_hadoop-client-runtime-3.3.4.jar at file:///opt/bitnami/spark/.ivy2/jars/org.apache.hadoop_hadoop-client-runtime-3.3.4.jar with timestamp 1719919540194
[2024-07-02T11:25:41.276+0000] {docker.py:436} INFO - 24/07/02 11:25:41 INFO Utils: Copying /opt/bitnami/spark/.ivy2/jars/org.apache.hadoop_hadoop-client-runtime-3.3.4.jar to /tmp/spark-ef4baadb-1eab-4b06-b05d-6408f918afd8/userFiles-f07dd637-fb2e-4d08-bff1-960fbffb347c/org.apache.hadoop_hadoop-client-runtime-3.3.4.jar
[2024-07-02T11:25:41.304+0000] {docker.py:436} INFO - 24/07/02 11:25:41 INFO SparkContext: Added file file:///opt/bitnami/spark/.ivy2/jars/org.lz4_lz4-java-1.8.0.jar at file:///opt/bitnami/spark/.ivy2/jars/org.lz4_lz4-java-1.8.0.jar with timestamp 1719919540194
[2024-07-02T11:25:41.305+0000] {docker.py:436} INFO - 24/07/02 11:25:41 INFO Utils: Copying /opt/bitnami/spark/.ivy2/jars/org.lz4_lz4-java-1.8.0.jar to /tmp/spark-ef4baadb-1eab-4b06-b05d-6408f918afd8/userFiles-f07dd637-fb2e-4d08-bff1-960fbffb347c/org.lz4_lz4-java-1.8.0.jar
[2024-07-02T11:25:41.311+0000] {docker.py:436} INFO - 24/07/02 11:25:41 INFO SparkContext: Added file file:///opt/bitnami/spark/.ivy2/jars/org.xerial.snappy_snappy-java-1.1.10.3.jar at file:///opt/bitnami/spark/.ivy2/jars/org.xerial.snappy_snappy-java-1.1.10.3.jar with timestamp 1719919540194
[2024-07-02T11:25:41.312+0000] {docker.py:436} INFO - 24/07/02 11:25:41 INFO Utils: Copying /opt/bitnami/spark/.ivy2/jars/org.xerial.snappy_snappy-java-1.1.10.3.jar to /tmp/spark-ef4baadb-1eab-4b06-b05d-6408f918afd8/userFiles-f07dd637-fb2e-4d08-bff1-960fbffb347c/org.xerial.snappy_snappy-java-1.1.10.3.jar
[2024-07-02T11:25:41.320+0000] {docker.py:436} INFO - 24/07/02 11:25:41 INFO SparkContext: Added file file:///opt/bitnami/spark/.ivy2/jars/org.slf4j_slf4j-api-2.0.7.jar at file:///opt/bitnami/spark/.ivy2/jars/org.slf4j_slf4j-api-2.0.7.jar with timestamp 1719919540194
[2024-07-02T11:25:41.321+0000] {docker.py:436} INFO - 24/07/02 11:25:41 INFO Utils: Copying /opt/bitnami/spark/.ivy2/jars/org.slf4j_slf4j-api-2.0.7.jar to /tmp/spark-ef4baadb-1eab-4b06-b05d-6408f918afd8/userFiles-f07dd637-fb2e-4d08-bff1-960fbffb347c/org.slf4j_slf4j-api-2.0.7.jar
[2024-07-02T11:25:41.325+0000] {docker.py:436} INFO - 24/07/02 11:25:41 INFO SparkContext: Added file file:///opt/bitnami/spark/.ivy2/jars/org.apache.hadoop_hadoop-client-api-3.3.4.jar at file:///opt/bitnami/spark/.ivy2/jars/org.apache.hadoop_hadoop-client-api-3.3.4.jar with timestamp 1719919540194
[2024-07-02T11:25:41.326+0000] {docker.py:436} INFO - 24/07/02 11:25:41 INFO Utils: Copying /opt/bitnami/spark/.ivy2/jars/org.apache.hadoop_hadoop-client-api-3.3.4.jar to /tmp/spark-ef4baadb-1eab-4b06-b05d-6408f918afd8/userFiles-f07dd637-fb2e-4d08-bff1-960fbffb347c/org.apache.hadoop_hadoop-client-api-3.3.4.jar
[2024-07-02T11:25:41.343+0000] {docker.py:436} INFO - 24/07/02 11:25:41 INFO SparkContext: Added file file:///opt/bitnami/spark/.ivy2/jars/commons-logging_commons-logging-1.1.3.jar at file:///opt/bitnami/spark/.ivy2/jars/commons-logging_commons-logging-1.1.3.jar with timestamp 1719919540194
[2024-07-02T11:25:41.344+0000] {docker.py:436} INFO - 24/07/02 11:25:41 INFO Utils: Copying /opt/bitnami/spark/.ivy2/jars/commons-logging_commons-logging-1.1.3.jar to /tmp/spark-ef4baadb-1eab-4b06-b05d-6408f918afd8/userFiles-f07dd637-fb2e-4d08-bff1-960fbffb347c/commons-logging_commons-logging-1.1.3.jar
[2024-07-02T11:25:41.424+0000] {docker.py:436} INFO - 24/07/02 11:25:41 INFO Executor: Starting executor ID driver on host localhost
[2024-07-02T11:25:41.425+0000] {docker.py:436} INFO - 24/07/02 11:25:41 INFO Executor: OS info Linux, 6.5.0-41-generic, amd64
[2024-07-02T11:25:41.426+0000] {docker.py:436} INFO - 24/07/02 11:25:41 INFO Executor: Java version 17.0.11
[2024-07-02T11:25:41.437+0000] {docker.py:436} INFO - 24/07/02 11:25:41 INFO Executor: Starting executor with user classpath (userClassPathFirst = false): ''
[2024-07-02T11:25:41.438+0000] {docker.py:436} INFO - 24/07/02 11:25:41 INFO Executor: Created or updated repl class loader org.apache.spark.util.MutableURLClassLoader@c41dec8 for default.
[2024-07-02T11:25:41.453+0000] {docker.py:436} INFO - 24/07/02 11:25:41 INFO Executor: Fetching file:///opt/bitnami/spark/.ivy2/jars/org.apache.spark_spark-token-provider-kafka-0-10_2.12-3.5.0.jar with timestamp 1719919540194
[2024-07-02T11:25:41.482+0000] {docker.py:436} INFO - 24/07/02 11:25:41 INFO Utils: /opt/bitnami/spark/.ivy2/jars/org.apache.spark_spark-token-provider-kafka-0-10_2.12-3.5.0.jar has been previously copied to /tmp/spark-ef4baadb-1eab-4b06-b05d-6408f918afd8/userFiles-f07dd637-fb2e-4d08-bff1-960fbffb347c/org.apache.spark_spark-token-provider-kafka-0-10_2.12-3.5.0.jar
[2024-07-02T11:25:41.486+0000] {docker.py:436} INFO - 24/07/02 11:25:41 INFO Executor: Fetching file:///opt/bitnami/spark/.ivy2/jars/org.apache.hadoop_hadoop-client-runtime-3.3.4.jar with timestamp 1719919540194
[2024-07-02T11:25:41.515+0000] {docker.py:436} INFO - 24/07/02 11:25:41 INFO Utils: /opt/bitnami/spark/.ivy2/jars/org.apache.hadoop_hadoop-client-runtime-3.3.4.jar has been previously copied to /tmp/spark-ef4baadb-1eab-4b06-b05d-6408f918afd8/userFiles-f07dd637-fb2e-4d08-bff1-960fbffb347c/org.apache.hadoop_hadoop-client-runtime-3.3.4.jar
[2024-07-02T11:25:41.519+0000] {docker.py:436} INFO - 24/07/02 11:25:41 INFO Executor: Fetching file:///opt/bitnami/spark/.ivy2/jars/org.apache.commons_commons-pool2-2.11.1.jar with timestamp 1719919540194
[2024-07-02T11:25:41.520+0000] {docker.py:436} INFO - 24/07/02 11:25:41 INFO Utils: /opt/bitnami/spark/.ivy2/jars/org.apache.commons_commons-pool2-2.11.1.jar has been previously copied to /tmp/spark-ef4baadb-1eab-4b06-b05d-6408f918afd8/userFiles-f07dd637-fb2e-4d08-bff1-960fbffb347c/org.apache.commons_commons-pool2-2.11.1.jar
[2024-07-02T11:25:41.529+0000] {docker.py:436} INFO - 24/07/02 11:25:41 INFO Executor: Fetching file:///opt/bitnami/spark/.ivy2/jars/org.postgresql_postgresql-42.5.4.jar with timestamp 1719919540194
[2024-07-02T11:25:41.531+0000] {docker.py:436} INFO - 24/07/02 11:25:41 INFO Utils: /opt/bitnami/spark/.ivy2/jars/org.postgresql_postgresql-42.5.4.jar has been previously copied to /tmp/spark-ef4baadb-1eab-4b06-b05d-6408f918afd8/userFiles-f07dd637-fb2e-4d08-bff1-960fbffb347c/org.postgresql_postgresql-42.5.4.jar
[2024-07-02T11:25:41.535+0000] {docker.py:436} INFO - 24/07/02 11:25:41 INFO Executor: Fetching file:///opt/bitnami/spark/.ivy2/jars/org.slf4j_slf4j-api-2.0.7.jar with timestamp 1719919540194
[2024-07-02T11:25:41.536+0000] {docker.py:436} INFO - 24/07/02 11:25:41 INFO Utils: /opt/bitnami/spark/.ivy2/jars/org.slf4j_slf4j-api-2.0.7.jar has been previously copied to /tmp/spark-ef4baadb-1eab-4b06-b05d-6408f918afd8/userFiles-f07dd637-fb2e-4d08-bff1-960fbffb347c/org.slf4j_slf4j-api-2.0.7.jar
[2024-07-02T11:25:41.540+0000] {docker.py:436} INFO - 24/07/02 11:25:41 INFO Executor: Fetching file:///opt/bitnami/spark/.ivy2/jars/org.apache.kafka_kafka-clients-3.4.1.jar with timestamp 1719919540194
[2024-07-02T11:25:41.547+0000] {docker.py:436} INFO - 24/07/02 11:25:41 INFO Utils: /opt/bitnami/spark/.ivy2/jars/org.apache.kafka_kafka-clients-3.4.1.jar has been previously copied to /tmp/spark-ef4baadb-1eab-4b06-b05d-6408f918afd8/userFiles-f07dd637-fb2e-4d08-bff1-960fbffb347c/org.apache.kafka_kafka-clients-3.4.1.jar
[2024-07-02T11:25:41.551+0000] {docker.py:436} INFO - 24/07/02 11:25:41 INFO Executor: Fetching file:///opt/bitnami/spark/.ivy2/jars/com.google.code.findbugs_jsr305-3.0.0.jar with timestamp 1719919540194
[2024-07-02T11:25:41.552+0000] {docker.py:436} INFO - 24/07/02 11:25:41 INFO Utils: /opt/bitnami/spark/.ivy2/jars/com.google.code.findbugs_jsr305-3.0.0.jar has been previously copied to /tmp/spark-ef4baadb-1eab-4b06-b05d-6408f918afd8/userFiles-f07dd637-fb2e-4d08-bff1-960fbffb347c/com.google.code.findbugs_jsr305-3.0.0.jar
[2024-07-02T11:25:41.557+0000] {docker.py:436} INFO - 24/07/02 11:25:41 INFO Executor: Fetching file:///opt/bitnami/spark/.ivy2/jars/org.lz4_lz4-java-1.8.0.jar with timestamp 1719919540194
[2024-07-02T11:25:41.559+0000] {docker.py:436} INFO - 24/07/02 11:25:41 INFO Utils: /opt/bitnami/spark/.ivy2/jars/org.lz4_lz4-java-1.8.0.jar has been previously copied to /tmp/spark-ef4baadb-1eab-4b06-b05d-6408f918afd8/userFiles-f07dd637-fb2e-4d08-bff1-960fbffb347c/org.lz4_lz4-java-1.8.0.jar
[2024-07-02T11:25:41.563+0000] {docker.py:436} INFO - 24/07/02 11:25:41 INFO Executor: Fetching file:///opt/bitnami/spark/.ivy2/jars/org.apache.spark_spark-sql-kafka-0-10_2.12-3.5.0.jar with timestamp 1719919540194
[2024-07-02T11:25:41.565+0000] {docker.py:436} INFO - 24/07/02 11:25:41 INFO Utils: /opt/bitnami/spark/.ivy2/jars/org.apache.spark_spark-sql-kafka-0-10_2.12-3.5.0.jar has been previously copied to /tmp/spark-ef4baadb-1eab-4b06-b05d-6408f918afd8/userFiles-f07dd637-fb2e-4d08-bff1-960fbffb347c/org.apache.spark_spark-sql-kafka-0-10_2.12-3.5.0.jar
[2024-07-02T11:25:41.568+0000] {docker.py:436} INFO - 24/07/02 11:25:41 INFO Executor: Fetching file:///opt/bitnami/spark/.ivy2/jars/org.apache.hadoop_hadoop-client-api-3.3.4.jar with timestamp 1719919540194
[2024-07-02T11:25:41.587+0000] {docker.py:436} INFO - 24/07/02 11:25:41 INFO Utils: /opt/bitnami/spark/.ivy2/jars/org.apache.hadoop_hadoop-client-api-3.3.4.jar has been previously copied to /tmp/spark-ef4baadb-1eab-4b06-b05d-6408f918afd8/userFiles-f07dd637-fb2e-4d08-bff1-960fbffb347c/org.apache.hadoop_hadoop-client-api-3.3.4.jar
[2024-07-02T11:25:41.591+0000] {docker.py:436} INFO - 24/07/02 11:25:41 INFO Executor: Fetching file:///opt/bitnami/spark/.ivy2/jars/commons-logging_commons-logging-1.1.3.jar with timestamp 1719919540194
[2024-07-02T11:25:41.592+0000] {docker.py:436} INFO - 24/07/02 11:25:41 INFO Utils: /opt/bitnami/spark/.ivy2/jars/commons-logging_commons-logging-1.1.3.jar has been previously copied to /tmp/spark-ef4baadb-1eab-4b06-b05d-6408f918afd8/userFiles-f07dd637-fb2e-4d08-bff1-960fbffb347c/commons-logging_commons-logging-1.1.3.jar
[2024-07-02T11:25:41.596+0000] {docker.py:436} INFO - 24/07/02 11:25:41 INFO Executor: Fetching file:///opt/bitnami/spark/.ivy2/jars/org.checkerframework_checker-qual-3.5.0.jar with timestamp 1719919540194
[2024-07-02T11:25:41.597+0000] {docker.py:436} INFO - 24/07/02 11:25:41 INFO Utils: /opt/bitnami/spark/.ivy2/jars/org.checkerframework_checker-qual-3.5.0.jar has been previously copied to /tmp/spark-ef4baadb-1eab-4b06-b05d-6408f918afd8/userFiles-f07dd637-fb2e-4d08-bff1-960fbffb347c/org.checkerframework_checker-qual-3.5.0.jar
[2024-07-02T11:25:41.600+0000] {docker.py:436} INFO - 24/07/02 11:25:41 INFO Executor: Fetching file:///opt/bitnami/spark/.ivy2/jars/org.xerial.snappy_snappy-java-1.1.10.3.jar with timestamp 1719919540194
[2024-07-02T11:25:41.603+0000] {docker.py:436} INFO - 24/07/02 11:25:41 INFO Utils: /opt/bitnami/spark/.ivy2/jars/org.xerial.snappy_snappy-java-1.1.10.3.jar has been previously copied to /tmp/spark-ef4baadb-1eab-4b06-b05d-6408f918afd8/userFiles-f07dd637-fb2e-4d08-bff1-960fbffb347c/org.xerial.snappy_snappy-java-1.1.10.3.jar
[2024-07-02T11:25:41.609+0000] {docker.py:436} INFO - 24/07/02 11:25:41 INFO Executor: Fetching spark://localhost:41415/jars/org.apache.spark_spark-token-provider-kafka-0-10_2.12-3.5.0.jar with timestamp 1719919540194
[2024-07-02T11:25:41.650+0000] {docker.py:436} INFO - 24/07/02 11:25:41 INFO TransportClientFactory: Successfully created connection to localhost/127.0.0.1:41415 after 30 ms (0 ms spent in bootstraps)
[2024-07-02T11:25:41.657+0000] {docker.py:436} INFO - 24/07/02 11:25:41 INFO Utils: Fetching spark://localhost:41415/jars/org.apache.spark_spark-token-provider-kafka-0-10_2.12-3.5.0.jar to /tmp/spark-ef4baadb-1eab-4b06-b05d-6408f918afd8/userFiles-f07dd637-fb2e-4d08-bff1-960fbffb347c/fetchFileTemp13269385737847504313.tmp
[2024-07-02T11:25:41.682+0000] {docker.py:436} INFO - 24/07/02 11:25:41 INFO Utils: /tmp/spark-ef4baadb-1eab-4b06-b05d-6408f918afd8/userFiles-f07dd637-fb2e-4d08-bff1-960fbffb347c/fetchFileTemp13269385737847504313.tmp has been previously copied to /tmp/spark-ef4baadb-1eab-4b06-b05d-6408f918afd8/userFiles-f07dd637-fb2e-4d08-bff1-960fbffb347c/org.apache.spark_spark-token-provider-kafka-0-10_2.12-3.5.0.jar
[2024-07-02T11:25:41.713+0000] {docker.py:436} INFO - 24/07/02 11:25:41 INFO Executor: Adding file:/tmp/spark-ef4baadb-1eab-4b06-b05d-6408f918afd8/userFiles-f07dd637-fb2e-4d08-bff1-960fbffb347c/org.apache.spark_spark-token-provider-kafka-0-10_2.12-3.5.0.jar to class loader default
[2024-07-02T11:25:41.714+0000] {docker.py:436} INFO - 24/07/02 11:25:41 INFO Executor: Fetching spark://localhost:41415/jars/org.apache.spark_spark-sql-kafka-0-10_2.12-3.5.0.jar with timestamp 1719919540194
[2024-07-02T11:25:41.716+0000] {docker.py:436} INFO - 24/07/02 11:25:41 INFO Utils: Fetching spark://localhost:41415/jars/org.apache.spark_spark-sql-kafka-0-10_2.12-3.5.0.jar to /tmp/spark-ef4baadb-1eab-4b06-b05d-6408f918afd8/userFiles-f07dd637-fb2e-4d08-bff1-960fbffb347c/fetchFileTemp6024831988750986864.tmp
[2024-07-02T11:25:41.720+0000] {docker.py:436} INFO - 24/07/02 11:25:41 INFO Utils: /tmp/spark-ef4baadb-1eab-4b06-b05d-6408f918afd8/userFiles-f07dd637-fb2e-4d08-bff1-960fbffb347c/fetchFileTemp6024831988750986864.tmp has been previously copied to /tmp/spark-ef4baadb-1eab-4b06-b05d-6408f918afd8/userFiles-f07dd637-fb2e-4d08-bff1-960fbffb347c/org.apache.spark_spark-sql-kafka-0-10_2.12-3.5.0.jar
[2024-07-02T11:25:41.733+0000] {docker.py:436} INFO - 24/07/02 11:25:41 INFO Executor: Adding file:/tmp/spark-ef4baadb-1eab-4b06-b05d-6408f918afd8/userFiles-f07dd637-fb2e-4d08-bff1-960fbffb347c/org.apache.spark_spark-sql-kafka-0-10_2.12-3.5.0.jar to class loader default
[2024-07-02T11:25:41.734+0000] {docker.py:436} INFO - 24/07/02 11:25:41 INFO Executor: Fetching spark://localhost:41415/jars/org.slf4j_slf4j-api-2.0.7.jar with timestamp 1719919540194
[2024-07-02T11:25:41.734+0000] {docker.py:436} INFO - 24/07/02 11:25:41 INFO Utils: Fetching spark://localhost:41415/jars/org.slf4j_slf4j-api-2.0.7.jar to /tmp/spark-ef4baadb-1eab-4b06-b05d-6408f918afd8/userFiles-f07dd637-fb2e-4d08-bff1-960fbffb347c/fetchFileTemp4858139283346946637.tmp
[2024-07-02T11:25:41.736+0000] {docker.py:436} INFO - 24/07/02 11:25:41 INFO Utils: /tmp/spark-ef4baadb-1eab-4b06-b05d-6408f918afd8/userFiles-f07dd637-fb2e-4d08-bff1-960fbffb347c/fetchFileTemp4858139283346946637.tmp has been previously copied to /tmp/spark-ef4baadb-1eab-4b06-b05d-6408f918afd8/userFiles-f07dd637-fb2e-4d08-bff1-960fbffb347c/org.slf4j_slf4j-api-2.0.7.jar
[2024-07-02T11:25:41.743+0000] {docker.py:436} INFO - 24/07/02 11:25:41 INFO Executor: Adding file:/tmp/spark-ef4baadb-1eab-4b06-b05d-6408f918afd8/userFiles-f07dd637-fb2e-4d08-bff1-960fbffb347c/org.slf4j_slf4j-api-2.0.7.jar to class loader default
[2024-07-02T11:25:41.744+0000] {docker.py:436} INFO - 24/07/02 11:25:41 INFO Executor: Fetching spark://localhost:41415/jars/org.apache.commons_commons-pool2-2.11.1.jar with timestamp 1719919540194
[2024-07-02T11:25:41.745+0000] {docker.py:436} INFO - 24/07/02 11:25:41 INFO Utils: Fetching spark://localhost:41415/jars/org.apache.commons_commons-pool2-2.11.1.jar to /tmp/spark-ef4baadb-1eab-4b06-b05d-6408f918afd8/userFiles-f07dd637-fb2e-4d08-bff1-960fbffb347c/fetchFileTemp12732682972352636697.tmp
[2024-07-02T11:25:41.747+0000] {docker.py:436} INFO - 24/07/02 11:25:41 INFO Utils: /tmp/spark-ef4baadb-1eab-4b06-b05d-6408f918afd8/userFiles-f07dd637-fb2e-4d08-bff1-960fbffb347c/fetchFileTemp12732682972352636697.tmp has been previously copied to /tmp/spark-ef4baadb-1eab-4b06-b05d-6408f918afd8/userFiles-f07dd637-fb2e-4d08-bff1-960fbffb347c/org.apache.commons_commons-pool2-2.11.1.jar
[2024-07-02T11:25:41.750+0000] {docker.py:436} INFO - 24/07/02 11:25:41 INFO Executor: Adding file:/tmp/spark-ef4baadb-1eab-4b06-b05d-6408f918afd8/userFiles-f07dd637-fb2e-4d08-bff1-960fbffb347c/org.apache.commons_commons-pool2-2.11.1.jar to class loader default
[2024-07-02T11:25:41.751+0000] {docker.py:436} INFO - 24/07/02 11:25:41 INFO Executor: Fetching spark://localhost:41415/jars/org.apache.hadoop_hadoop-client-runtime-3.3.4.jar with timestamp 1719919540194
[2024-07-02T11:25:41.752+0000] {docker.py:436} INFO - 24/07/02 11:25:41 INFO Utils: Fetching spark://localhost:41415/jars/org.apache.hadoop_hadoop-client-runtime-3.3.4.jar to /tmp/spark-ef4baadb-1eab-4b06-b05d-6408f918afd8/userFiles-f07dd637-fb2e-4d08-bff1-960fbffb347c/fetchFileTemp12146498245706363738.tmp
[2024-07-02T11:25:42.778+0000] {docker.py:436} INFO - 24/07/02 11:25:42 INFO Utils: /tmp/spark-ef4baadb-1eab-4b06-b05d-6408f918afd8/userFiles-f07dd637-fb2e-4d08-bff1-960fbffb347c/fetchFileTemp12146498245706363738.tmp has been previously copied to /tmp/spark-ef4baadb-1eab-4b06-b05d-6408f918afd8/userFiles-f07dd637-fb2e-4d08-bff1-960fbffb347c/org.apache.hadoop_hadoop-client-runtime-3.3.4.jar
[2024-07-02T11:25:43.017+0000] {docker.py:436} INFO - 24/07/02 11:25:43 INFO Executor: Adding file:/tmp/spark-ef4baadb-1eab-4b06-b05d-6408f918afd8/userFiles-f07dd637-fb2e-4d08-bff1-960fbffb347c/org.apache.hadoop_hadoop-client-runtime-3.3.4.jar to class loader default
[2024-07-02T11:25:43.018+0000] {docker.py:436} INFO - 24/07/02 11:25:43 INFO Executor: Fetching spark://localhost:41415/jars/org.lz4_lz4-java-1.8.0.jar with timestamp 1719919540194
[2024-07-02T11:25:43.019+0000] {docker.py:436} INFO - 24/07/02 11:25:43 INFO Utils: Fetching spark://localhost:41415/jars/org.lz4_lz4-java-1.8.0.jar to /tmp/spark-ef4baadb-1eab-4b06-b05d-6408f918afd8/userFiles-f07dd637-fb2e-4d08-bff1-960fbffb347c/fetchFileTemp8906896652192575657.tmp
[2024-07-02T11:25:43.023+0000] {docker.py:436} INFO - 24/07/02 11:25:43 INFO Utils: /tmp/spark-ef4baadb-1eab-4b06-b05d-6408f918afd8/userFiles-f07dd637-fb2e-4d08-bff1-960fbffb347c/fetchFileTemp8906896652192575657.tmp has been previously copied to /tmp/spark-ef4baadb-1eab-4b06-b05d-6408f918afd8/userFiles-f07dd637-fb2e-4d08-bff1-960fbffb347c/org.lz4_lz4-java-1.8.0.jar
[2024-07-02T11:25:43.155+0000] {docker.py:436} INFO - 24/07/02 11:25:43 INFO Executor: Adding file:/tmp/spark-ef4baadb-1eab-4b06-b05d-6408f918afd8/userFiles-f07dd637-fb2e-4d08-bff1-960fbffb347c/org.lz4_lz4-java-1.8.0.jar to class loader default
[2024-07-02T11:25:43.155+0000] {docker.py:436} INFO - 24/07/02 11:25:43 INFO Executor: Fetching spark://localhost:41415/jars/org.xerial.snappy_snappy-java-1.1.10.3.jar with timestamp 1719919540194
[2024-07-02T11:25:43.156+0000] {docker.py:436} INFO - 24/07/02 11:25:43 INFO Utils: Fetching spark://localhost:41415/jars/org.xerial.snappy_snappy-java-1.1.10.3.jar to /tmp/spark-ef4baadb-1eab-4b06-b05d-6408f918afd8/userFiles-f07dd637-fb2e-4d08-bff1-960fbffb347c/fetchFileTemp9895084469428609617.tmp
[2024-07-02T11:25:43.169+0000] {docker.py:436} INFO - 24/07/02 11:25:43 INFO Utils: /tmp/spark-ef4baadb-1eab-4b06-b05d-6408f918afd8/userFiles-f07dd637-fb2e-4d08-bff1-960fbffb347c/fetchFileTemp9895084469428609617.tmp has been previously copied to /tmp/spark-ef4baadb-1eab-4b06-b05d-6408f918afd8/userFiles-f07dd637-fb2e-4d08-bff1-960fbffb347c/org.xerial.snappy_snappy-java-1.1.10.3.jar
[2024-07-02T11:25:43.201+0000] {docker.py:436} INFO - 24/07/02 11:25:43 INFO Executor: Adding file:/tmp/spark-ef4baadb-1eab-4b06-b05d-6408f918afd8/userFiles-f07dd637-fb2e-4d08-bff1-960fbffb347c/org.xerial.snappy_snappy-java-1.1.10.3.jar to class loader default
[2024-07-02T11:25:43.202+0000] {docker.py:436} INFO - 24/07/02 11:25:43 INFO Executor: Fetching spark://localhost:41415/jars/org.apache.kafka_kafka-clients-3.4.1.jar with timestamp 1719919540194
[2024-07-02T11:25:43.204+0000] {docker.py:436} INFO - 24/07/02 11:25:43 INFO Utils: Fetching spark://localhost:41415/jars/org.apache.kafka_kafka-clients-3.4.1.jar to /tmp/spark-ef4baadb-1eab-4b06-b05d-6408f918afd8/userFiles-f07dd637-fb2e-4d08-bff1-960fbffb347c/fetchFileTemp3630716178361526065.tmp
[2024-07-02T11:25:43.222+0000] {docker.py:436} INFO - 24/07/02 11:25:43 INFO Utils: /tmp/spark-ef4baadb-1eab-4b06-b05d-6408f918afd8/userFiles-f07dd637-fb2e-4d08-bff1-960fbffb347c/fetchFileTemp3630716178361526065.tmp has been previously copied to /tmp/spark-ef4baadb-1eab-4b06-b05d-6408f918afd8/userFiles-f07dd637-fb2e-4d08-bff1-960fbffb347c/org.apache.kafka_kafka-clients-3.4.1.jar
[2024-07-02T11:25:43.405+0000] {docker.py:436} INFO - 24/07/02 11:25:43 INFO Executor: Adding file:/tmp/spark-ef4baadb-1eab-4b06-b05d-6408f918afd8/userFiles-f07dd637-fb2e-4d08-bff1-960fbffb347c/org.apache.kafka_kafka-clients-3.4.1.jar to class loader default
[2024-07-02T11:25:43.406+0000] {docker.py:436} INFO - 24/07/02 11:25:43 INFO Executor: Fetching spark://localhost:41415/jars/org.apache.hadoop_hadoop-client-api-3.3.4.jar with timestamp 1719919540194
[2024-07-02T11:25:43.408+0000] {docker.py:436} INFO - 24/07/02 11:25:43 INFO Utils: Fetching spark://localhost:41415/jars/org.apache.hadoop_hadoop-client-api-3.3.4.jar to /tmp/spark-ef4baadb-1eab-4b06-b05d-6408f918afd8/userFiles-f07dd637-fb2e-4d08-bff1-960fbffb347c/fetchFileTemp6439547744177306720.tmp
[2024-07-02T11:25:44.378+0000] {docker.py:436} INFO - 24/07/02 11:25:44 INFO Utils: /tmp/spark-ef4baadb-1eab-4b06-b05d-6408f918afd8/userFiles-f07dd637-fb2e-4d08-bff1-960fbffb347c/fetchFileTemp6439547744177306720.tmp has been previously copied to /tmp/spark-ef4baadb-1eab-4b06-b05d-6408f918afd8/userFiles-f07dd637-fb2e-4d08-bff1-960fbffb347c/org.apache.hadoop_hadoop-client-api-3.3.4.jar
[2024-07-02T11:25:44.385+0000] {docker.py:436} INFO - 24/07/02 11:25:44 INFO Executor: Adding file:/tmp/spark-ef4baadb-1eab-4b06-b05d-6408f918afd8/userFiles-f07dd637-fb2e-4d08-bff1-960fbffb347c/org.apache.hadoop_hadoop-client-api-3.3.4.jar to class loader default
[2024-07-02T11:25:44.387+0000] {docker.py:436} INFO - 24/07/02 11:25:44 INFO Executor: Fetching spark://localhost:41415/jars/commons-logging_commons-logging-1.1.3.jar with timestamp 1719919540194
24/07/02 11:25:44 INFO Utils: Fetching spark://localhost:41415/jars/commons-logging_commons-logging-1.1.3.jar to /tmp/spark-ef4baadb-1eab-4b06-b05d-6408f918afd8/userFiles-f07dd637-fb2e-4d08-bff1-960fbffb347c/fetchFileTemp15320249050145918080.tmp
[2024-07-02T11:25:44.390+0000] {docker.py:436} INFO - 24/07/02 11:25:44 INFO Utils: /tmp/spark-ef4baadb-1eab-4b06-b05d-6408f918afd8/userFiles-f07dd637-fb2e-4d08-bff1-960fbffb347c/fetchFileTemp15320249050145918080.tmp has been previously copied to /tmp/spark-ef4baadb-1eab-4b06-b05d-6408f918afd8/userFiles-f07dd637-fb2e-4d08-bff1-960fbffb347c/commons-logging_commons-logging-1.1.3.jar
[2024-07-02T11:25:44.397+0000] {docker.py:436} INFO - 24/07/02 11:25:44 INFO Executor: Adding file:/tmp/spark-ef4baadb-1eab-4b06-b05d-6408f918afd8/userFiles-f07dd637-fb2e-4d08-bff1-960fbffb347c/commons-logging_commons-logging-1.1.3.jar to class loader default
[2024-07-02T11:25:44.398+0000] {docker.py:436} INFO - 24/07/02 11:25:44 INFO Executor: Fetching spark://localhost:41415/jars/org.checkerframework_checker-qual-3.5.0.jar with timestamp 1719919540194
[2024-07-02T11:25:44.399+0000] {docker.py:436} INFO - 24/07/02 11:25:44 INFO Utils: Fetching spark://localhost:41415/jars/org.checkerframework_checker-qual-3.5.0.jar to /tmp/spark-ef4baadb-1eab-4b06-b05d-6408f918afd8/userFiles-f07dd637-fb2e-4d08-bff1-960fbffb347c/fetchFileTemp11292269566418013515.tmp
[2024-07-02T11:25:44.401+0000] {docker.py:436} INFO - 24/07/02 11:25:44 INFO Utils: /tmp/spark-ef4baadb-1eab-4b06-b05d-6408f918afd8/userFiles-f07dd637-fb2e-4d08-bff1-960fbffb347c/fetchFileTemp11292269566418013515.tmp has been previously copied to /tmp/spark-ef4baadb-1eab-4b06-b05d-6408f918afd8/userFiles-f07dd637-fb2e-4d08-bff1-960fbffb347c/org.checkerframework_checker-qual-3.5.0.jar
[2024-07-02T11:25:44.406+0000] {docker.py:436} INFO - 24/07/02 11:25:44 INFO Executor: Adding file:/tmp/spark-ef4baadb-1eab-4b06-b05d-6408f918afd8/userFiles-f07dd637-fb2e-4d08-bff1-960fbffb347c/org.checkerframework_checker-qual-3.5.0.jar to class loader default
[2024-07-02T11:25:44.407+0000] {docker.py:436} INFO - 24/07/02 11:25:44 INFO Executor: Fetching spark://localhost:41415/jars/com.google.code.findbugs_jsr305-3.0.0.jar with timestamp 1719919540194
[2024-07-02T11:25:44.408+0000] {docker.py:436} INFO - 24/07/02 11:25:44 INFO Utils: Fetching spark://localhost:41415/jars/com.google.code.findbugs_jsr305-3.0.0.jar to /tmp/spark-ef4baadb-1eab-4b06-b05d-6408f918afd8/userFiles-f07dd637-fb2e-4d08-bff1-960fbffb347c/fetchFileTemp15698276479205156225.tmp
[2024-07-02T11:25:44.410+0000] {docker.py:436} INFO - 24/07/02 11:25:44 INFO Utils: /tmp/spark-ef4baadb-1eab-4b06-b05d-6408f918afd8/userFiles-f07dd637-fb2e-4d08-bff1-960fbffb347c/fetchFileTemp15698276479205156225.tmp has been previously copied to /tmp/spark-ef4baadb-1eab-4b06-b05d-6408f918afd8/userFiles-f07dd637-fb2e-4d08-bff1-960fbffb347c/com.google.code.findbugs_jsr305-3.0.0.jar
[2024-07-02T11:25:44.414+0000] {docker.py:436} INFO - 24/07/02 11:25:44 INFO Executor: Adding file:/tmp/spark-ef4baadb-1eab-4b06-b05d-6408f918afd8/userFiles-f07dd637-fb2e-4d08-bff1-960fbffb347c/com.google.code.findbugs_jsr305-3.0.0.jar to class loader default
[2024-07-02T11:25:44.416+0000] {docker.py:436} INFO - 24/07/02 11:25:44 INFO Executor: Fetching spark://localhost:41415/jars/org.postgresql_postgresql-42.5.4.jar with timestamp 1719919540194
[2024-07-02T11:25:44.416+0000] {docker.py:436} INFO - 24/07/02 11:25:44 INFO Utils: Fetching spark://localhost:41415/jars/org.postgresql_postgresql-42.5.4.jar to /tmp/spark-ef4baadb-1eab-4b06-b05d-6408f918afd8/userFiles-f07dd637-fb2e-4d08-bff1-960fbffb347c/fetchFileTemp9629463515480695484.tmp
[2024-07-02T11:25:44.422+0000] {docker.py:436} INFO - 24/07/02 11:25:44 INFO Utils: /tmp/spark-ef4baadb-1eab-4b06-b05d-6408f918afd8/userFiles-f07dd637-fb2e-4d08-bff1-960fbffb347c/fetchFileTemp9629463515480695484.tmp has been previously copied to /tmp/spark-ef4baadb-1eab-4b06-b05d-6408f918afd8/userFiles-f07dd637-fb2e-4d08-bff1-960fbffb347c/org.postgresql_postgresql-42.5.4.jar
[2024-07-02T11:25:44.429+0000] {docker.py:436} INFO - 24/07/02 11:25:44 INFO Executor: Adding file:/tmp/spark-ef4baadb-1eab-4b06-b05d-6408f918afd8/userFiles-f07dd637-fb2e-4d08-bff1-960fbffb347c/org.postgresql_postgresql-42.5.4.jar to class loader default
[2024-07-02T11:25:44.450+0000] {docker.py:436} INFO - 24/07/02 11:25:44 INFO Utils: Successfully started service 'org.apache.spark.network.netty.NettyBlockTransferService' on port 40793.
[2024-07-02T11:25:44.451+0000] {docker.py:436} INFO - 24/07/02 11:25:44 INFO NettyBlockTransferService: Server created on localhost:40793
[2024-07-02T11:25:44.454+0000] {docker.py:436} INFO - 24/07/02 11:25:44 INFO BlockManager: Using org.apache.spark.storage.RandomBlockReplicationPolicy for block replication policy
[2024-07-02T11:25:44.462+0000] {docker.py:436} INFO - 24/07/02 11:25:44 INFO BlockManagerMaster: Registering BlockManager BlockManagerId(driver, localhost, 40793, None)
[2024-07-02T11:25:44.466+0000] {docker.py:436} INFO - 24/07/02 11:25:44 INFO BlockManagerMasterEndpoint: Registering block manager localhost:40793 with 434.4 MiB RAM, BlockManagerId(driver, localhost, 40793, None)
[2024-07-02T11:25:44.469+0000] {docker.py:436} INFO - 24/07/02 11:25:44 INFO BlockManagerMaster: Registered BlockManager BlockManagerId(driver, localhost, 40793, None)
[2024-07-02T11:25:44.471+0000] {docker.py:436} INFO - 24/07/02 11:25:44 INFO BlockManager: Initialized BlockManager: BlockManagerId(driver, localhost, 40793, None)
[2024-07-02T11:25:44.941+0000] {docker.py:436} INFO - 2024-07-02 11:25:44,940:create_spark_session:INFO:Spark session created successfully
[2024-07-02T11:25:44.950+0000] {docker.py:436} INFO - 24/07/02 11:25:44 INFO SharedState: Setting hive.metastore.warehouse.dir ('null') to the value of spark.sql.warehouse.dir.
[2024-07-02T11:25:44.953+0000] {docker.py:436} INFO - 24/07/02 11:25:44 INFO SharedState: Warehouse path is 'file:/opt/bitnami/spark/spark-warehouse'.
[2024-07-02T11:25:46.689+0000] {docker.py:436} INFO - 2024-07-02 11:25:46,688:create_initial_dataframe:INFO:Initial dataframe created successfully
[2024-07-02T11:25:46.690+0000] {docker.py:436} INFO - 2024-07-02 11:25:46,689:close:INFO:Closing down clientserver connection
[2024-07-02T11:25:46.742+0000] {docker.py:436} INFO - 24/07/02 11:25:46 INFO SparkContext: Invoking stop() from shutdown hook
[2024-07-02T11:25:46.743+0000] {docker.py:436} INFO - 24/07/02 11:25:46 INFO SparkContext: SparkContext is stopping with exitCode 0.
[2024-07-02T11:25:46.756+0000] {docker.py:436} INFO - 24/07/02 11:25:46 INFO SparkUI: Stopped Spark web UI at http://localhost:4040
[2024-07-02T11:25:46.769+0000] {docker.py:436} INFO - 24/07/02 11:25:46 INFO MapOutputTrackerMasterEndpoint: MapOutputTrackerMasterEndpoint stopped!
[2024-07-02T11:25:46.779+0000] {docker.py:436} INFO - 24/07/02 11:25:46 INFO MemoryStore: MemoryStore cleared
[2024-07-02T11:25:46.780+0000] {docker.py:436} INFO - 24/07/02 11:25:46 INFO BlockManager: BlockManager stopped
[2024-07-02T11:25:46.788+0000] {docker.py:436} INFO - 24/07/02 11:25:46 INFO BlockManagerMaster: BlockManagerMaster stopped
[2024-07-02T11:25:46.792+0000] {docker.py:436} INFO - 24/07/02 11:25:46 INFO OutputCommitCoordinator$OutputCommitCoordinatorEndpoint: OutputCommitCoordinator stopped!
[2024-07-02T11:25:46.810+0000] {docker.py:436} INFO - 24/07/02 11:25:46 INFO SparkContext: Successfully stopped SparkContext
[2024-07-02T11:25:46.811+0000] {docker.py:436} INFO - 24/07/02 11:25:46 INFO ShutdownHookManager: Shutdown hook called
[2024-07-02T11:25:46.812+0000] {docker.py:436} INFO - 24/07/02 11:25:46 INFO ShutdownHookManager: Deleting directory /tmp/spark-ef4baadb-1eab-4b06-b05d-6408f918afd8/pyspark-2298eaed-14bc-41e0-83d7-7474ba6deabc
[2024-07-02T11:25:46.817+0000] {docker.py:436} INFO - 24/07/02 11:25:46 INFO ShutdownHookManager: Deleting directory /tmp/spark-ef4baadb-1eab-4b06-b05d-6408f918afd8
[2024-07-02T11:25:46.821+0000] {docker.py:436} INFO - 24/07/02 11:25:46 INFO ShutdownHookManager: Deleting directory /tmp/spark-ff67ce70-e3db-4fb6-b2cf-1cfd404d6b2e
[2024-07-02T11:25:47.258+0000] {taskinstance.py:441} INFO - ::group::Post task execution logs
[2024-07-02T11:25:47.283+0000] {taskinstance.py:1206} INFO - Marking task as SUCCESS. dag_id=purchase_dag, task_id=run_pyspark_job, run_id=manual__2024-07-02T11:25:16.518941+00:00, execution_date=20240702T112516, start_date=20240702T112522, end_date=20240702T112547
[2024-07-02T11:25:47.315+0000] {local_task_job_runner.py:240} INFO - Task exited with return code 0
[2024-07-02T11:25:47.335+0000] {taskinstance.py:3498} INFO - 0 downstream tasks scheduled from follow-on schedule check
[2024-07-02T11:25:47.337+0000] {local_task_job_runner.py:222} INFO - ::endgroup::
