[2024-07-02T10:55:03.273+0000] {local_task_job_runner.py:120} INFO - ::group::Pre task execution logs
[2024-07-02T10:55:03.323+0000] {taskinstance.py:2076} INFO - Dependencies all met for dep_context=non-requeueable deps ti=<TaskInstance: purchase_dag.run_pyspark_job manual__2024-07-02T10:54:56.987455+00:00 [queued]>
[2024-07-02T10:55:03.337+0000] {taskinstance.py:2076} INFO - Dependencies all met for dep_context=requeueable deps ti=<TaskInstance: purchase_dag.run_pyspark_job manual__2024-07-02T10:54:56.987455+00:00 [queued]>
[2024-07-02T10:55:03.338+0000] {taskinstance.py:2306} INFO - Starting attempt 1 of 1
[2024-07-02T10:55:03.362+0000] {taskinstance.py:2330} INFO - Executing <Task(DockerOperator): run_pyspark_job> on 2024-07-02 10:54:56.987455+00:00
[2024-07-02T10:55:03.373+0000] {logging_mixin.py:188} WARNING - /home/***/.local/lib/python3.12/site-packages/***/task/task_runner/standard_task_runner.py:61 DeprecationWarning: This process (pid=272) is multi-threaded, use of fork() may lead to deadlocks in the child.
[2024-07-02T10:55:03.372+0000] {standard_task_runner.py:90} INFO - Running: ['***', 'tasks', 'run', 'purchase_dag', 'run_pyspark_job', 'manual__2024-07-02T10:54:56.987455+00:00', '--job-id', '27', '--raw', '--subdir', 'DAGS_FOLDER/purchase_dag.py', '--cfg-path', '/tmp/tmplr08m9nf']
[2024-07-02T10:55:03.374+0000] {standard_task_runner.py:91} INFO - Job 27: Subtask run_pyspark_job
[2024-07-02T10:55:03.374+0000] {standard_task_runner.py:63} INFO - Started process 273 to run task
[2024-07-02T10:55:03.397+0000] {logging_mixin.py:188} WARNING - /home/***/.local/lib/python3.12/site-packages/***/settings.py:195 DeprecationWarning: The sql_alchemy_conn option in [core] has been moved to the sql_alchemy_conn option in [database] - the old setting has been used, but please update your config.
[2024-07-02T10:55:03.445+0000] {task_command.py:426} INFO - Running <TaskInstance: purchase_dag.run_pyspark_job manual__2024-07-02T10:54:56.987455+00:00 [running]> on host 1bb3b4acd47e
[2024-07-02T10:55:03.574+0000] {taskinstance.py:2648} INFO - Exporting env vars: AIRFLOW_CTX_DAG_OWNER='***' AIRFLOW_CTX_DAG_ID='purchase_dag' AIRFLOW_CTX_TASK_ID='run_pyspark_job' AIRFLOW_CTX_EXECUTION_DATE='2024-07-02T10:54:56.987455+00:00' AIRFLOW_CTX_TRY_NUMBER='1' AIRFLOW_CTX_DAG_RUN_ID='manual__2024-07-02T10:54:56.987455+00:00'
[2024-07-02T10:55:03.575+0000] {taskinstance.py:430} INFO - ::endgroup::
[2024-07-02T10:55:03.616+0000] {docker.py:366} INFO - Starting docker container from image bitnami/spark:latest
[2024-07-02T10:55:03.621+0000] {docker.py:374} WARNING - Using remote engine or docker-in-docker and mounting temporary volume from host is not supported. Falling back to `mount_tmp_dir=False` mode. You can set `mount_tmp_dir` parameter to False to disable mounting and remove the warning
[2024-07-02T10:55:04.079+0000] {docker.py:436} INFO - [38;5;6mspark [38;5;5m10:55:04.07 [0m[38;5;2mINFO [0m ==>
[2024-07-02T10:55:04.081+0000] {docker.py:436} INFO - [38;5;6mspark [38;5;5m10:55:04.08 [0m[38;5;2mINFO [0m ==> [1mWelcome to the Bitnami spark container[0m
[2024-07-02T10:55:04.083+0000] {docker.py:436} INFO - [38;5;6mspark [38;5;5m10:55:04.08 [0m[38;5;2mINFO [0m ==> Subscribe to project updates by watching [1mhttps://github.com/bitnami/containers[0m
[2024-07-02T10:55:04.085+0000] {docker.py:436} INFO - [38;5;6mspark [38;5;5m10:55:04.08 [0m[38;5;2mINFO [0m ==> Submit issues and feature requests at [1mhttps://github.com/bitnami/containers/issues[0m
[2024-07-02T10:55:04.087+0000] {docker.py:436} INFO - [38;5;6mspark [38;5;5m10:55:04.08 [0m[38;5;2mINFO [0m ==> Upgrade to Tanzu Application Catalog for production environments to access custom-configured and pre-packaged software components. Gain enhanced features, including Software Bill of Materials (SBOM), CVE scan result reports, and VEX documents. To learn more, visit [1mhttps://bitnami.com/enterprise[0m
[2024-07-02T10:55:04.090+0000] {docker.py:436} INFO - [38;5;6mspark [38;5;5m10:55:04.08 [0m[38;5;2mINFO [0m ==>
[2024-07-02T10:55:04.101+0000] {docker.py:436} INFO - 
[2024-07-02T10:55:06.774+0000] {docker.py:436} INFO - :: loading settings :: url = jar:file:/opt/bitnami/spark/jars/ivy-2.5.1.jar!/org/apache/ivy/core/settings/ivysettings.xml
[2024-07-02T10:55:06.883+0000] {docker.py:436} INFO - Ivy Default Cache set to: /opt/bitnami/spark/.ivy2/cache
The jars for the packages stored in: /opt/bitnami/spark/.ivy2/jars
[2024-07-02T10:55:06.890+0000] {docker.py:436} INFO - org.postgresql#postgresql added as a dependency
[2024-07-02T10:55:06.891+0000] {docker.py:436} INFO - org.apache.spark#spark-sql-kafka-0-10_2.12 added as a dependency
[2024-07-02T10:55:06.892+0000] {docker.py:436} INFO - :: resolving dependencies :: org.apache.spark#spark-submit-parent-c09ccdb0-e06d-4a49-aa4f-1f49a043d902;1.0
[2024-07-02T10:55:06.892+0000] {docker.py:436} INFO - confs: [default]
[2024-07-02T10:55:07.637+0000] {docker.py:436} INFO - found org.postgresql#postgresql;42.5.4 in central
[2024-07-02T10:55:07.695+0000] {docker.py:436} INFO - found org.checkerframework#checker-qual;3.5.0 in central
[2024-07-02T10:55:09.076+0000] {docker.py:436} INFO - found org.apache.spark#spark-sql-kafka-0-10_2.12;3.5.0 in central
[2024-07-02T10:55:09.428+0000] {docker.py:436} INFO - found org.apache.spark#spark-token-provider-kafka-0-10_2.12;3.5.0 in central
[2024-07-02T10:55:09.490+0000] {docker.py:436} INFO - found org.apache.kafka#kafka-clients;3.4.1 in central
[2024-07-02T10:55:09.547+0000] {docker.py:436} INFO - found org.lz4#lz4-java;1.8.0 in central
[2024-07-02T10:55:09.596+0000] {docker.py:436} INFO - found org.xerial.snappy#snappy-java;1.1.10.3 in central
[2024-07-02T10:55:10.531+0000] {docker.py:436} INFO - found org.slf4j#slf4j-api;2.0.7 in central
[2024-07-02T10:55:10.848+0000] {docker.py:436} INFO - found org.apache.hadoop#hadoop-client-runtime;3.3.4 in central
[2024-07-02T10:55:11.004+0000] {docker.py:436} INFO - found org.apache.hadoop#hadoop-client-api;3.3.4 in central
[2024-07-02T10:55:12.122+0000] {docker.py:436} INFO - found commons-logging#commons-logging;1.1.3 in central
[2024-07-02T10:55:12.174+0000] {docker.py:436} INFO - found com.google.code.findbugs#jsr305;3.0.0 in central
[2024-07-02T10:55:12.521+0000] {docker.py:436} INFO - found org.apache.commons#commons-pool2;2.11.1 in central
[2024-07-02T10:55:12.546+0000] {docker.py:436} INFO - downloading https://repo1.maven.org/maven2/org/postgresql/postgresql/42.5.4/postgresql-42.5.4.jar ...
[2024-07-02T10:55:12.696+0000] {docker.py:436} INFO - [SUCCESSFUL ] org.postgresql#postgresql;42.5.4!postgresql.jar (160ms)
[2024-07-02T10:55:12.708+0000] {docker.py:436} INFO - downloading https://repo1.maven.org/maven2/org/apache/spark/spark-sql-kafka-0-10_2.12/3.5.0/spark-sql-kafka-0-10_2.12-3.5.0.jar ...
[2024-07-02T10:55:12.776+0000] {docker.py:436} INFO - [SUCCESSFUL ] org.apache.spark#spark-sql-kafka-0-10_2.12;3.5.0!spark-sql-kafka-0-10_2.12.jar (78ms)
[2024-07-02T10:55:12.787+0000] {docker.py:436} INFO - downloading https://repo1.maven.org/maven2/org/checkerframework/checker-qual/3.5.0/checker-qual-3.5.0.jar ...
[2024-07-02T10:55:12.834+0000] {docker.py:436} INFO - [SUCCESSFUL ] org.checkerframework#checker-qual;3.5.0!checker-qual.jar (57ms)
[2024-07-02T10:55:12.845+0000] {docker.py:436} INFO - downloading https://repo1.maven.org/maven2/org/apache/spark/spark-token-provider-kafka-0-10_2.12/3.5.0/spark-token-provider-kafka-0-10_2.12-3.5.0.jar ...
[2024-07-02T10:55:12.866+0000] {docker.py:436} INFO - [SUCCESSFUL ] org.apache.spark#spark-token-provider-kafka-0-10_2.12;3.5.0!spark-token-provider-kafka-0-10_2.12.jar (30ms)
[2024-07-02T10:55:12.875+0000] {docker.py:436} INFO - downloading https://repo1.maven.org/maven2/org/apache/kafka/kafka-clients/3.4.1/kafka-clients-3.4.1.jar ...
[2024-07-02T10:55:13.454+0000] {docker.py:436} INFO - [SUCCESSFUL ] org.apache.kafka#kafka-clients;3.4.1!kafka-clients.jar (588ms)
[2024-07-02T10:55:13.467+0000] {docker.py:436} INFO - downloading https://repo1.maven.org/maven2/com/google/code/findbugs/jsr305/3.0.0/jsr305-3.0.0.jar ...
[2024-07-02T10:55:13.481+0000] {docker.py:436} INFO - [SUCCESSFUL ] com.google.code.findbugs#jsr305;3.0.0!jsr305.jar (22ms)
[2024-07-02T10:55:13.498+0000] {docker.py:436} INFO - downloading https://repo1.maven.org/maven2/org/apache/commons/commons-pool2/2.11.1/commons-pool2-2.11.1.jar ...
[2024-07-02T10:55:13.533+0000] {docker.py:436} INFO - [SUCCESSFUL ] org.apache.commons#commons-pool2;2.11.1!commons-pool2.jar (50ms)
[2024-07-02T10:55:13.543+0000] {docker.py:436} INFO - downloading https://repo1.maven.org/maven2/org/apache/hadoop/hadoop-client-runtime/3.3.4/hadoop-client-runtime-3.3.4.jar ...
[2024-07-02T10:55:16.555+0000] {docker.py:436} INFO - [SUCCESSFUL ] org.apache.hadoop#hadoop-client-runtime;3.3.4!hadoop-client-runtime.jar (3021ms)
[2024-07-02T10:55:16.572+0000] {docker.py:436} INFO - downloading https://repo1.maven.org/maven2/org/lz4/lz4-java/1.8.0/lz4-java-1.8.0.jar ...
[2024-07-02T10:55:16.641+0000] {docker.py:436} INFO - [SUCCESSFUL ] org.lz4#lz4-java;1.8.0!lz4-java.jar (85ms)
[2024-07-02T10:55:16.651+0000] {docker.py:436} INFO - downloading https://repo1.maven.org/maven2/org/xerial/snappy/snappy-java/1.1.10.3/snappy-java-1.1.10.3.jar ...
[2024-07-02T10:55:16.860+0000] {docker.py:436} INFO - [SUCCESSFUL ] org.xerial.snappy#snappy-java;1.1.10.3!snappy-java.jar(bundle) (217ms)
[2024-07-02T10:55:16.869+0000] {docker.py:436} INFO - downloading https://repo1.maven.org/maven2/org/slf4j/slf4j-api/2.0.7/slf4j-api-2.0.7.jar ...
[2024-07-02T10:55:16.884+0000] {docker.py:436} INFO - [SUCCESSFUL ] org.slf4j#slf4j-api;2.0.7!slf4j-api.jar (24ms)
[2024-07-02T10:55:16.894+0000] {docker.py:436} INFO - downloading https://repo1.maven.org/maven2/org/apache/hadoop/hadoop-client-api/3.3.4/hadoop-client-api-3.3.4.jar ...
[2024-07-02T10:55:18.858+0000] {docker.py:436} INFO - [SUCCESSFUL ] org.apache.hadoop#hadoop-client-api;3.3.4!hadoop-client-api.jar (1972ms)
[2024-07-02T10:55:18.867+0000] {docker.py:436} INFO - downloading https://repo1.maven.org/maven2/commons-logging/commons-logging/1.1.3/commons-logging-1.1.3.jar ...
[2024-07-02T10:55:18.884+0000] {docker.py:436} INFO - [SUCCESSFUL ] commons-logging#commons-logging;1.1.3!commons-logging.jar (26ms)
[2024-07-02T10:55:18.886+0000] {docker.py:436} INFO - :: resolution report :: resolve 5642ms :: artifacts dl 6351ms
[2024-07-02T10:55:18.887+0000] {docker.py:436} INFO - :: modules in use:
[2024-07-02T10:55:18.887+0000] {docker.py:436} INFO - com.google.code.findbugs#jsr305;3.0.0 from central in [default]
[2024-07-02T10:55:18.888+0000] {docker.py:436} INFO - commons-logging#commons-logging;1.1.3 from central in [default]
	org.apache.commons#commons-pool2;2.11.1 from central in [default]
	org.apache.hadoop#hadoop-client-api;3.3.4 from central in [default]
[2024-07-02T10:55:18.888+0000] {docker.py:436} INFO - org.apache.hadoop#hadoop-client-runtime;3.3.4 from central in [default]
	org.apache.kafka#kafka-clients;3.4.1 from central in [default]
	org.apache.spark#spark-sql-kafka-0-10_2.12;3.5.0 from central in [default]
	org.apache.spark#spark-token-provider-kafka-0-10_2.12;3.5.0 from central in [default]
[2024-07-02T10:55:18.888+0000] {docker.py:436} INFO - org.checkerframework#checker-qual;3.5.0 from central in [default]
	org.lz4#lz4-java;1.8.0 from central in [default]
	org.postgresql#postgresql;42.5.4 from central in [default]
	org.slf4j#slf4j-api;2.0.7 from central in [default]
[2024-07-02T10:55:18.889+0000] {docker.py:436} INFO - org.xerial.snappy#snappy-java;1.1.10.3 from central in [default]
	---------------------------------------------------------------------
[2024-07-02T10:55:18.889+0000] {docker.py:436} INFO - |                  |            modules            ||   artifacts   |
	|       conf       | number| search|dwnlded|evicted|| number|dwnlded|
	---------------------------------------------------------------------
[2024-07-02T10:55:18.890+0000] {docker.py:436} INFO - |      default     |   13  |   13  |   13  |   0   ||   13  |   13  |
	---------------------------------------------------------------------
[2024-07-02T10:55:18.894+0000] {docker.py:436} INFO - :: retrieving :: org.apache.spark#spark-submit-parent-c09ccdb0-e06d-4a49-aa4f-1f49a043d902
[2024-07-02T10:55:18.895+0000] {docker.py:436} INFO - confs: [default]
[2024-07-02T10:55:18.970+0000] {docker.py:436} INFO - 13 artifacts copied, 0 already retrieved (58001kB/76ms)
[2024-07-02T10:55:19.413+0000] {docker.py:436} INFO - 24/07/02 10:55:19 WARN NativeCodeLoader: Unable to load native-hadoop library for your platform... using builtin-java classes where applicable
[2024-07-02T10:55:21.090+0000] {docker.py:436} INFO - 24/07/02 10:55:21 INFO SparkContext: Running Spark version 3.5.1
[2024-07-02T10:55:21.091+0000] {docker.py:436} INFO - 24/07/02 10:55:21 INFO SparkContext: OS info Linux, 6.5.0-41-generic, amd64
[2024-07-02T10:55:21.092+0000] {docker.py:436} INFO - 24/07/02 10:55:21 INFO SparkContext: Java version 17.0.11
[2024-07-02T10:55:21.129+0000] {docker.py:436} INFO - 24/07/02 10:55:21 INFO ResourceUtils: ==============================================================
[2024-07-02T10:55:21.129+0000] {docker.py:436} INFO - 24/07/02 10:55:21 INFO ResourceUtils: No custom resources configured for spark.driver.
[2024-07-02T10:55:21.130+0000] {docker.py:436} INFO - 24/07/02 10:55:21 INFO ResourceUtils: ==============================================================
[2024-07-02T10:55:21.131+0000] {docker.py:436} INFO - 24/07/02 10:55:21 INFO SparkContext: Submitted application: PostgreSQL Connection with PySpark
[2024-07-02T10:55:21.167+0000] {docker.py:436} INFO - 24/07/02 10:55:21 INFO ResourceProfile: Default ResourceProfile created, executor resources: Map(cores -> name: cores, amount: 1, script: , vendor: , memory -> name: memory, amount: 1024, script: , vendor: , offHeap -> name: offHeap, amount: 0, script: , vendor: ), task resources: Map(cpus -> name: cpus, amount: 1.0)
[2024-07-02T10:55:21.180+0000] {docker.py:436} INFO - 24/07/02 10:55:21 INFO ResourceProfile: Limiting resource is cpu
[2024-07-02T10:55:21.181+0000] {docker.py:436} INFO - 24/07/02 10:55:21 INFO ResourceProfileManager: Added ResourceProfile id: 0
[2024-07-02T10:55:21.252+0000] {docker.py:436} INFO - 24/07/02 10:55:21 INFO SecurityManager: Changing view acls to: spark
[2024-07-02T10:55:21.253+0000] {docker.py:436} INFO - 24/07/02 10:55:21 INFO SecurityManager: Changing modify acls to: spark
[2024-07-02T10:55:21.253+0000] {docker.py:436} INFO - 24/07/02 10:55:21 INFO SecurityManager: Changing view acls groups to:
[2024-07-02T10:55:21.254+0000] {docker.py:436} INFO - 24/07/02 10:55:21 INFO SecurityManager: Changing modify acls groups to:
[2024-07-02T10:55:21.255+0000] {docker.py:436} INFO - 24/07/02 10:55:21 INFO SecurityManager: SecurityManager: authentication disabled; ui acls disabled; users with view permissions: spark; groups with view permissions: EMPTY; users with modify permissions: spark; groups with modify permissions: EMPTY
[2024-07-02T10:55:21.601+0000] {docker.py:436} INFO - 24/07/02 10:55:21 INFO Utils: Successfully started service 'sparkDriver' on port 46781.
[2024-07-02T10:55:21.647+0000] {docker.py:436} INFO - 24/07/02 10:55:21 INFO SparkEnv: Registering MapOutputTracker
[2024-07-02T10:55:21.686+0000] {docker.py:436} INFO - 24/07/02 10:55:21 INFO SparkEnv: Registering BlockManagerMaster
[2024-07-02T10:55:21.708+0000] {docker.py:436} INFO - 24/07/02 10:55:21 INFO BlockManagerMasterEndpoint: Using org.apache.spark.storage.DefaultTopologyMapper for getting topology information
[2024-07-02T10:55:21.709+0000] {docker.py:436} INFO - 24/07/02 10:55:21 INFO BlockManagerMasterEndpoint: BlockManagerMasterEndpoint up
[2024-07-02T10:55:21.714+0000] {docker.py:436} INFO - 24/07/02 10:55:21 INFO SparkEnv: Registering BlockManagerMasterHeartbeat
[2024-07-02T10:55:21.743+0000] {docker.py:436} INFO - 24/07/02 10:55:21 INFO DiskBlockManager: Created local directory at /tmp/blockmgr-437beeaf-cb51-4b20-afc9-c56e16ea13e9
[2024-07-02T10:55:21.761+0000] {docker.py:436} INFO - 24/07/02 10:55:21 INFO MemoryStore: MemoryStore started with capacity 434.4 MiB
[2024-07-02T10:55:21.780+0000] {docker.py:436} INFO - 24/07/02 10:55:21 INFO SparkEnv: Registering OutputCommitCoordinator
[2024-07-02T10:55:21.961+0000] {docker.py:436} INFO - 24/07/02 10:55:21 INFO JettyUtils: Start Jetty 0.0.0.0:4040 for SparkUI
[2024-07-02T10:55:22.055+0000] {docker.py:436} INFO - 24/07/02 10:55:22 INFO Utils: Successfully started service 'SparkUI' on port 4040.
[2024-07-02T10:55:22.110+0000] {docker.py:436} INFO - 24/07/02 10:55:22 INFO SparkContext: Added JAR file:///opt/bitnami/spark/.ivy2/jars/org.postgresql_postgresql-42.5.4.jar at spark://localhost:46781/jars/org.postgresql_postgresql-42.5.4.jar with timestamp 1719917721080
[2024-07-02T10:55:22.112+0000] {docker.py:436} INFO - 24/07/02 10:55:22 INFO SparkContext: Added JAR file:///opt/bitnami/spark/.ivy2/jars/org.apache.spark_spark-sql-kafka-0-10_2.12-3.5.0.jar at spark://localhost:46781/jars/org.apache.spark_spark-sql-kafka-0-10_2.12-3.5.0.jar with timestamp 1719917721080
24/07/02 10:55:22 INFO SparkContext: Added JAR file:///opt/bitnami/spark/.ivy2/jars/org.checkerframework_checker-qual-3.5.0.jar at spark://localhost:46781/jars/org.checkerframework_checker-qual-3.5.0.jar with timestamp 1719917721080
[2024-07-02T10:55:22.113+0000] {docker.py:436} INFO - 24/07/02 10:55:22 INFO SparkContext: Added JAR file:///opt/bitnami/spark/.ivy2/jars/org.apache.spark_spark-token-provider-kafka-0-10_2.12-3.5.0.jar at spark://localhost:46781/jars/org.apache.spark_spark-token-provider-kafka-0-10_2.12-3.5.0.jar with timestamp 1719917721080
[2024-07-02T10:55:22.114+0000] {docker.py:436} INFO - 24/07/02 10:55:22 INFO SparkContext: Added JAR file:///opt/bitnami/spark/.ivy2/jars/org.apache.kafka_kafka-clients-3.4.1.jar at spark://localhost:46781/jars/org.apache.kafka_kafka-clients-3.4.1.jar with timestamp 1719917721080
[2024-07-02T10:55:22.116+0000] {docker.py:436} INFO - 24/07/02 10:55:22 INFO SparkContext: Added JAR file:///opt/bitnami/spark/.ivy2/jars/com.google.code.findbugs_jsr305-3.0.0.jar at spark://localhost:46781/jars/com.google.code.findbugs_jsr305-3.0.0.jar with timestamp 1719917721080
24/07/02 10:55:22 INFO SparkContext: Added JAR file:///opt/bitnami/spark/.ivy2/jars/org.apache.commons_commons-pool2-2.11.1.jar at spark://localhost:46781/jars/org.apache.commons_commons-pool2-2.11.1.jar with timestamp 1719917721080
[2024-07-02T10:55:22.117+0000] {docker.py:436} INFO - 24/07/02 10:55:22 INFO SparkContext: Added JAR file:///opt/bitnami/spark/.ivy2/jars/org.apache.hadoop_hadoop-client-runtime-3.3.4.jar at spark://localhost:46781/jars/org.apache.hadoop_hadoop-client-runtime-3.3.4.jar with timestamp 1719917721080
[2024-07-02T10:55:22.118+0000] {docker.py:436} INFO - 24/07/02 10:55:22 INFO SparkContext: Added JAR file:///opt/bitnami/spark/.ivy2/jars/org.lz4_lz4-java-1.8.0.jar at spark://localhost:46781/jars/org.lz4_lz4-java-1.8.0.jar with timestamp 1719917721080
24/07/02 10:55:22 INFO SparkContext: Added JAR file:///opt/bitnami/spark/.ivy2/jars/org.xerial.snappy_snappy-java-1.1.10.3.jar at spark://localhost:46781/jars/org.xerial.snappy_snappy-java-1.1.10.3.jar with timestamp 1719917721080
[2024-07-02T10:55:22.119+0000] {docker.py:436} INFO - 24/07/02 10:55:22 INFO SparkContext: Added JAR file:///opt/bitnami/spark/.ivy2/jars/org.slf4j_slf4j-api-2.0.7.jar at spark://localhost:46781/jars/org.slf4j_slf4j-api-2.0.7.jar with timestamp 1719917721080
[2024-07-02T10:55:22.120+0000] {docker.py:436} INFO - 24/07/02 10:55:22 INFO SparkContext: Added JAR file:///opt/bitnami/spark/.ivy2/jars/org.apache.hadoop_hadoop-client-api-3.3.4.jar at spark://localhost:46781/jars/org.apache.hadoop_hadoop-client-api-3.3.4.jar with timestamp 1719917721080
24/07/02 10:55:22 INFO SparkContext: Added JAR file:///opt/bitnami/spark/.ivy2/jars/commons-logging_commons-logging-1.1.3.jar at spark://localhost:46781/jars/commons-logging_commons-logging-1.1.3.jar with timestamp 1719917721080
[2024-07-02T10:55:22.121+0000] {docker.py:436} INFO - 24/07/02 10:55:22 INFO SparkContext: Added file file:///opt/bitnami/spark/.ivy2/jars/org.postgresql_postgresql-42.5.4.jar at file:///opt/bitnami/spark/.ivy2/jars/org.postgresql_postgresql-42.5.4.jar with timestamp 1719917721080
[2024-07-02T10:55:22.123+0000] {docker.py:436} INFO - 24/07/02 10:55:22 INFO Utils: Copying /opt/bitnami/spark/.ivy2/jars/org.postgresql_postgresql-42.5.4.jar to /tmp/spark-5aaf076a-2a68-4046-a522-003f04017b9e/userFiles-b57692ab-96ba-44bf-b536-e7b505a4fb54/org.postgresql_postgresql-42.5.4.jar
[2024-07-02T10:55:22.140+0000] {docker.py:436} INFO - 24/07/02 10:55:22 INFO SparkContext: Added file file:///opt/bitnami/spark/.ivy2/jars/org.apache.spark_spark-sql-kafka-0-10_2.12-3.5.0.jar at file:///opt/bitnami/spark/.ivy2/jars/org.apache.spark_spark-sql-kafka-0-10_2.12-3.5.0.jar with timestamp 1719917721080
[2024-07-02T10:55:22.141+0000] {docker.py:436} INFO - 24/07/02 10:55:22 INFO Utils: Copying /opt/bitnami/spark/.ivy2/jars/org.apache.spark_spark-sql-kafka-0-10_2.12-3.5.0.jar to /tmp/spark-5aaf076a-2a68-4046-a522-003f04017b9e/userFiles-b57692ab-96ba-44bf-b536-e7b505a4fb54/org.apache.spark_spark-sql-kafka-0-10_2.12-3.5.0.jar
[2024-07-02T10:55:22.145+0000] {docker.py:436} INFO - 24/07/02 10:55:22 INFO SparkContext: Added file file:///opt/bitnami/spark/.ivy2/jars/org.checkerframework_checker-qual-3.5.0.jar at file:///opt/bitnami/spark/.ivy2/jars/org.checkerframework_checker-qual-3.5.0.jar with timestamp 1719917721080
[2024-07-02T10:55:22.146+0000] {docker.py:436} INFO - 24/07/02 10:55:22 INFO Utils: Copying /opt/bitnami/spark/.ivy2/jars/org.checkerframework_checker-qual-3.5.0.jar to /tmp/spark-5aaf076a-2a68-4046-a522-003f04017b9e/userFiles-b57692ab-96ba-44bf-b536-e7b505a4fb54/org.checkerframework_checker-qual-3.5.0.jar
[2024-07-02T10:55:22.152+0000] {docker.py:436} INFO - 24/07/02 10:55:22 INFO SparkContext: Added file file:///opt/bitnami/spark/.ivy2/jars/org.apache.spark_spark-token-provider-kafka-0-10_2.12-3.5.0.jar at file:///opt/bitnami/spark/.ivy2/jars/org.apache.spark_spark-token-provider-kafka-0-10_2.12-3.5.0.jar with timestamp 1719917721080
[2024-07-02T10:55:22.153+0000] {docker.py:436} INFO - 24/07/02 10:55:22 INFO Utils: Copying /opt/bitnami/spark/.ivy2/jars/org.apache.spark_spark-token-provider-kafka-0-10_2.12-3.5.0.jar to /tmp/spark-5aaf076a-2a68-4046-a522-003f04017b9e/userFiles-b57692ab-96ba-44bf-b536-e7b505a4fb54/org.apache.spark_spark-token-provider-kafka-0-10_2.12-3.5.0.jar
[2024-07-02T10:55:22.158+0000] {docker.py:436} INFO - 24/07/02 10:55:22 INFO SparkContext: Added file file:///opt/bitnami/spark/.ivy2/jars/org.apache.kafka_kafka-clients-3.4.1.jar at file:///opt/bitnami/spark/.ivy2/jars/org.apache.kafka_kafka-clients-3.4.1.jar with timestamp 1719917721080
[2024-07-02T10:55:22.158+0000] {docker.py:436} INFO - 24/07/02 10:55:22 INFO Utils: Copying /opt/bitnami/spark/.ivy2/jars/org.apache.kafka_kafka-clients-3.4.1.jar to /tmp/spark-5aaf076a-2a68-4046-a522-003f04017b9e/userFiles-b57692ab-96ba-44bf-b536-e7b505a4fb54/org.apache.kafka_kafka-clients-3.4.1.jar
[2024-07-02T10:55:22.165+0000] {docker.py:436} INFO - 24/07/02 10:55:22 INFO SparkContext: Added file file:///opt/bitnami/spark/.ivy2/jars/com.google.code.findbugs_jsr305-3.0.0.jar at file:///opt/bitnami/spark/.ivy2/jars/com.google.code.findbugs_jsr305-3.0.0.jar with timestamp 1719917721080
[2024-07-02T10:55:22.166+0000] {docker.py:436} INFO - 24/07/02 10:55:22 INFO Utils: Copying /opt/bitnami/spark/.ivy2/jars/com.google.code.findbugs_jsr305-3.0.0.jar to /tmp/spark-5aaf076a-2a68-4046-a522-003f04017b9e/userFiles-b57692ab-96ba-44bf-b536-e7b505a4fb54/com.google.code.findbugs_jsr305-3.0.0.jar
[2024-07-02T10:55:22.169+0000] {docker.py:436} INFO - 24/07/02 10:55:22 INFO SparkContext: Added file file:///opt/bitnami/spark/.ivy2/jars/org.apache.commons_commons-pool2-2.11.1.jar at file:///opt/bitnami/spark/.ivy2/jars/org.apache.commons_commons-pool2-2.11.1.jar with timestamp 1719917721080
[2024-07-02T10:55:22.170+0000] {docker.py:436} INFO - 24/07/02 10:55:22 INFO Utils: Copying /opt/bitnami/spark/.ivy2/jars/org.apache.commons_commons-pool2-2.11.1.jar to /tmp/spark-5aaf076a-2a68-4046-a522-003f04017b9e/userFiles-b57692ab-96ba-44bf-b536-e7b505a4fb54/org.apache.commons_commons-pool2-2.11.1.jar
[2024-07-02T10:55:22.173+0000] {docker.py:436} INFO - 24/07/02 10:55:22 INFO SparkContext: Added file file:///opt/bitnami/spark/.ivy2/jars/org.apache.hadoop_hadoop-client-runtime-3.3.4.jar at file:///opt/bitnami/spark/.ivy2/jars/org.apache.hadoop_hadoop-client-runtime-3.3.4.jar with timestamp 1719917721080
[2024-07-02T10:55:22.174+0000] {docker.py:436} INFO - 24/07/02 10:55:22 INFO Utils: Copying /opt/bitnami/spark/.ivy2/jars/org.apache.hadoop_hadoop-client-runtime-3.3.4.jar to /tmp/spark-5aaf076a-2a68-4046-a522-003f04017b9e/userFiles-b57692ab-96ba-44bf-b536-e7b505a4fb54/org.apache.hadoop_hadoop-client-runtime-3.3.4.jar
[2024-07-02T10:55:22.198+0000] {docker.py:436} INFO - 24/07/02 10:55:22 INFO SparkContext: Added file file:///opt/bitnami/spark/.ivy2/jars/org.lz4_lz4-java-1.8.0.jar at file:///opt/bitnami/spark/.ivy2/jars/org.lz4_lz4-java-1.8.0.jar with timestamp 1719917721080
[2024-07-02T10:55:22.199+0000] {docker.py:436} INFO - 24/07/02 10:55:22 INFO Utils: Copying /opt/bitnami/spark/.ivy2/jars/org.lz4_lz4-java-1.8.0.jar to /tmp/spark-5aaf076a-2a68-4046-a522-003f04017b9e/userFiles-b57692ab-96ba-44bf-b536-e7b505a4fb54/org.lz4_lz4-java-1.8.0.jar
[2024-07-02T10:55:22.203+0000] {docker.py:436} INFO - 24/07/02 10:55:22 INFO SparkContext: Added file file:///opt/bitnami/spark/.ivy2/jars/org.xerial.snappy_snappy-java-1.1.10.3.jar at file:///opt/bitnami/spark/.ivy2/jars/org.xerial.snappy_snappy-java-1.1.10.3.jar with timestamp 1719917721080
[2024-07-02T10:55:22.204+0000] {docker.py:436} INFO - 24/07/02 10:55:22 INFO Utils: Copying /opt/bitnami/spark/.ivy2/jars/org.xerial.snappy_snappy-java-1.1.10.3.jar to /tmp/spark-5aaf076a-2a68-4046-a522-003f04017b9e/userFiles-b57692ab-96ba-44bf-b536-e7b505a4fb54/org.xerial.snappy_snappy-java-1.1.10.3.jar
[2024-07-02T10:55:22.210+0000] {docker.py:436} INFO - 24/07/02 10:55:22 INFO SparkContext: Added file file:///opt/bitnami/spark/.ivy2/jars/org.slf4j_slf4j-api-2.0.7.jar at file:///opt/bitnami/spark/.ivy2/jars/org.slf4j_slf4j-api-2.0.7.jar with timestamp 1719917721080
[2024-07-02T10:55:22.210+0000] {docker.py:436} INFO - 24/07/02 10:55:22 INFO Utils: Copying /opt/bitnami/spark/.ivy2/jars/org.slf4j_slf4j-api-2.0.7.jar to /tmp/spark-5aaf076a-2a68-4046-a522-003f04017b9e/userFiles-b57692ab-96ba-44bf-b536-e7b505a4fb54/org.slf4j_slf4j-api-2.0.7.jar
[2024-07-02T10:55:22.215+0000] {docker.py:436} INFO - 24/07/02 10:55:22 INFO SparkContext: Added file file:///opt/bitnami/spark/.ivy2/jars/org.apache.hadoop_hadoop-client-api-3.3.4.jar at file:///opt/bitnami/spark/.ivy2/jars/org.apache.hadoop_hadoop-client-api-3.3.4.jar with timestamp 1719917721080
[2024-07-02T10:55:22.215+0000] {docker.py:436} INFO - 24/07/02 10:55:22 INFO Utils: Copying /opt/bitnami/spark/.ivy2/jars/org.apache.hadoop_hadoop-client-api-3.3.4.jar to /tmp/spark-5aaf076a-2a68-4046-a522-003f04017b9e/userFiles-b57692ab-96ba-44bf-b536-e7b505a4fb54/org.apache.hadoop_hadoop-client-api-3.3.4.jar
[2024-07-02T10:55:22.233+0000] {docker.py:436} INFO - 24/07/02 10:55:22 INFO SparkContext: Added file file:///opt/bitnami/spark/.ivy2/jars/commons-logging_commons-logging-1.1.3.jar at file:///opt/bitnami/spark/.ivy2/jars/commons-logging_commons-logging-1.1.3.jar with timestamp 1719917721080
[2024-07-02T10:55:22.234+0000] {docker.py:436} INFO - 24/07/02 10:55:22 INFO Utils: Copying /opt/bitnami/spark/.ivy2/jars/commons-logging_commons-logging-1.1.3.jar to /tmp/spark-5aaf076a-2a68-4046-a522-003f04017b9e/userFiles-b57692ab-96ba-44bf-b536-e7b505a4fb54/commons-logging_commons-logging-1.1.3.jar
[2024-07-02T10:55:22.330+0000] {docker.py:436} INFO - 24/07/02 10:55:22 INFO Executor: Starting executor ID driver on host localhost
[2024-07-02T10:55:22.332+0000] {docker.py:436} INFO - 24/07/02 10:55:22 INFO Executor: OS info Linux, 6.5.0-41-generic, amd64
[2024-07-02T10:55:22.342+0000] {docker.py:436} INFO - 24/07/02 10:55:22 INFO Executor: Java version 17.0.11
[2024-07-02T10:55:22.359+0000] {docker.py:436} INFO - 24/07/02 10:55:22 INFO Executor: Starting executor with user classpath (userClassPathFirst = false): ''
[2024-07-02T10:55:22.361+0000] {docker.py:436} INFO - 24/07/02 10:55:22 INFO Executor: Created or updated repl class loader org.apache.spark.util.MutableURLClassLoader@3f46ce9f for default.
[2024-07-02T10:55:22.391+0000] {docker.py:436} INFO - 24/07/02 10:55:22 INFO Executor: Fetching file:///opt/bitnami/spark/.ivy2/jars/org.apache.spark_spark-token-provider-kafka-0-10_2.12-3.5.0.jar with timestamp 1719917721080
[2024-07-02T10:55:22.417+0000] {docker.py:436} INFO - 24/07/02 10:55:22 INFO Utils: /opt/bitnami/spark/.ivy2/jars/org.apache.spark_spark-token-provider-kafka-0-10_2.12-3.5.0.jar has been previously copied to /tmp/spark-5aaf076a-2a68-4046-a522-003f04017b9e/userFiles-b57692ab-96ba-44bf-b536-e7b505a4fb54/org.apache.spark_spark-token-provider-kafka-0-10_2.12-3.5.0.jar
[2024-07-02T10:55:22.423+0000] {docker.py:436} INFO - 24/07/02 10:55:22 INFO Executor: Fetching file:///opt/bitnami/spark/.ivy2/jars/org.apache.hadoop_hadoop-client-runtime-3.3.4.jar with timestamp 1719917721080
[2024-07-02T10:55:22.456+0000] {docker.py:436} INFO - 24/07/02 10:55:22 INFO Utils: /opt/bitnami/spark/.ivy2/jars/org.apache.hadoop_hadoop-client-runtime-3.3.4.jar has been previously copied to /tmp/spark-5aaf076a-2a68-4046-a522-003f04017b9e/userFiles-b57692ab-96ba-44bf-b536-e7b505a4fb54/org.apache.hadoop_hadoop-client-runtime-3.3.4.jar
[2024-07-02T10:55:22.460+0000] {docker.py:436} INFO - 24/07/02 10:55:22 INFO Executor: Fetching file:///opt/bitnami/spark/.ivy2/jars/org.apache.commons_commons-pool2-2.11.1.jar with timestamp 1719917721080
[2024-07-02T10:55:22.461+0000] {docker.py:436} INFO - 24/07/02 10:55:22 INFO Utils: /opt/bitnami/spark/.ivy2/jars/org.apache.commons_commons-pool2-2.11.1.jar has been previously copied to /tmp/spark-5aaf076a-2a68-4046-a522-003f04017b9e/userFiles-b57692ab-96ba-44bf-b536-e7b505a4fb54/org.apache.commons_commons-pool2-2.11.1.jar
[2024-07-02T10:55:22.465+0000] {docker.py:436} INFO - 24/07/02 10:55:22 INFO Executor: Fetching file:///opt/bitnami/spark/.ivy2/jars/org.postgresql_postgresql-42.5.4.jar with timestamp 1719917721080
[2024-07-02T10:55:22.466+0000] {docker.py:436} INFO - 24/07/02 10:55:22 INFO Utils: /opt/bitnami/spark/.ivy2/jars/org.postgresql_postgresql-42.5.4.jar has been previously copied to /tmp/spark-5aaf076a-2a68-4046-a522-003f04017b9e/userFiles-b57692ab-96ba-44bf-b536-e7b505a4fb54/org.postgresql_postgresql-42.5.4.jar
[2024-07-02T10:55:22.471+0000] {docker.py:436} INFO - 24/07/02 10:55:22 INFO Executor: Fetching file:///opt/bitnami/spark/.ivy2/jars/org.slf4j_slf4j-api-2.0.7.jar with timestamp 1719917721080
[2024-07-02T10:55:22.472+0000] {docker.py:436} INFO - 24/07/02 10:55:22 INFO Utils: /opt/bitnami/spark/.ivy2/jars/org.slf4j_slf4j-api-2.0.7.jar has been previously copied to /tmp/spark-5aaf076a-2a68-4046-a522-003f04017b9e/userFiles-b57692ab-96ba-44bf-b536-e7b505a4fb54/org.slf4j_slf4j-api-2.0.7.jar
[2024-07-02T10:55:22.475+0000] {docker.py:436} INFO - 24/07/02 10:55:22 INFO Executor: Fetching file:///opt/bitnami/spark/.ivy2/jars/org.apache.kafka_kafka-clients-3.4.1.jar with timestamp 1719917721080
[2024-07-02T10:55:22.480+0000] {docker.py:436} INFO - 24/07/02 10:55:22 INFO Utils: /opt/bitnami/spark/.ivy2/jars/org.apache.kafka_kafka-clients-3.4.1.jar has been previously copied to /tmp/spark-5aaf076a-2a68-4046-a522-003f04017b9e/userFiles-b57692ab-96ba-44bf-b536-e7b505a4fb54/org.apache.kafka_kafka-clients-3.4.1.jar
[2024-07-02T10:55:22.483+0000] {docker.py:436} INFO - 24/07/02 10:55:22 INFO Executor: Fetching file:///opt/bitnami/spark/.ivy2/jars/com.google.code.findbugs_jsr305-3.0.0.jar with timestamp 1719917721080
[2024-07-02T10:55:22.484+0000] {docker.py:436} INFO - 24/07/02 10:55:22 INFO Utils: /opt/bitnami/spark/.ivy2/jars/com.google.code.findbugs_jsr305-3.0.0.jar has been previously copied to /tmp/spark-5aaf076a-2a68-4046-a522-003f04017b9e/userFiles-b57692ab-96ba-44bf-b536-e7b505a4fb54/com.google.code.findbugs_jsr305-3.0.0.jar
[2024-07-02T10:55:22.487+0000] {docker.py:436} INFO - 24/07/02 10:55:22 INFO Executor: Fetching file:///opt/bitnami/spark/.ivy2/jars/org.lz4_lz4-java-1.8.0.jar with timestamp 1719917721080
[2024-07-02T10:55:22.488+0000] {docker.py:436} INFO - 24/07/02 10:55:22 INFO Utils: /opt/bitnami/spark/.ivy2/jars/org.lz4_lz4-java-1.8.0.jar has been previously copied to /tmp/spark-5aaf076a-2a68-4046-a522-003f04017b9e/userFiles-b57692ab-96ba-44bf-b536-e7b505a4fb54/org.lz4_lz4-java-1.8.0.jar
[2024-07-02T10:55:22.492+0000] {docker.py:436} INFO - 24/07/02 10:55:22 INFO Executor: Fetching file:///opt/bitnami/spark/.ivy2/jars/org.apache.spark_spark-sql-kafka-0-10_2.12-3.5.0.jar with timestamp 1719917721080
[2024-07-02T10:55:22.493+0000] {docker.py:436} INFO - 24/07/02 10:55:22 INFO Utils: /opt/bitnami/spark/.ivy2/jars/org.apache.spark_spark-sql-kafka-0-10_2.12-3.5.0.jar has been previously copied to /tmp/spark-5aaf076a-2a68-4046-a522-003f04017b9e/userFiles-b57692ab-96ba-44bf-b536-e7b505a4fb54/org.apache.spark_spark-sql-kafka-0-10_2.12-3.5.0.jar
[2024-07-02T10:55:22.496+0000] {docker.py:436} INFO - 24/07/02 10:55:22 INFO Executor: Fetching file:///opt/bitnami/spark/.ivy2/jars/org.apache.hadoop_hadoop-client-api-3.3.4.jar with timestamp 1719917721080
[2024-07-02T10:55:22.515+0000] {docker.py:436} INFO - 24/07/02 10:55:22 INFO Utils: /opt/bitnami/spark/.ivy2/jars/org.apache.hadoop_hadoop-client-api-3.3.4.jar has been previously copied to /tmp/spark-5aaf076a-2a68-4046-a522-003f04017b9e/userFiles-b57692ab-96ba-44bf-b536-e7b505a4fb54/org.apache.hadoop_hadoop-client-api-3.3.4.jar
[2024-07-02T10:55:22.518+0000] {docker.py:436} INFO - 24/07/02 10:55:22 INFO Executor: Fetching file:///opt/bitnami/spark/.ivy2/jars/commons-logging_commons-logging-1.1.3.jar with timestamp 1719917721080
[2024-07-02T10:55:22.518+0000] {docker.py:436} INFO - 24/07/02 10:55:22 INFO Utils: /opt/bitnami/spark/.ivy2/jars/commons-logging_commons-logging-1.1.3.jar has been previously copied to /tmp/spark-5aaf076a-2a68-4046-a522-003f04017b9e/userFiles-b57692ab-96ba-44bf-b536-e7b505a4fb54/commons-logging_commons-logging-1.1.3.jar
[2024-07-02T10:55:22.522+0000] {docker.py:436} INFO - 24/07/02 10:55:22 INFO Executor: Fetching file:///opt/bitnami/spark/.ivy2/jars/org.checkerframework_checker-qual-3.5.0.jar with timestamp 1719917721080
[2024-07-02T10:55:22.523+0000] {docker.py:436} INFO - 24/07/02 10:55:22 INFO Utils: /opt/bitnami/spark/.ivy2/jars/org.checkerframework_checker-qual-3.5.0.jar has been previously copied to /tmp/spark-5aaf076a-2a68-4046-a522-003f04017b9e/userFiles-b57692ab-96ba-44bf-b536-e7b505a4fb54/org.checkerframework_checker-qual-3.5.0.jar
[2024-07-02T10:55:22.527+0000] {docker.py:436} INFO - 24/07/02 10:55:22 INFO Executor: Fetching file:///opt/bitnami/spark/.ivy2/jars/org.xerial.snappy_snappy-java-1.1.10.3.jar with timestamp 1719917721080
[2024-07-02T10:55:22.529+0000] {docker.py:436} INFO - 24/07/02 10:55:22 INFO Utils: /opt/bitnami/spark/.ivy2/jars/org.xerial.snappy_snappy-java-1.1.10.3.jar has been previously copied to /tmp/spark-5aaf076a-2a68-4046-a522-003f04017b9e/userFiles-b57692ab-96ba-44bf-b536-e7b505a4fb54/org.xerial.snappy_snappy-java-1.1.10.3.jar
[2024-07-02T10:55:22.534+0000] {docker.py:436} INFO - 24/07/02 10:55:22 INFO Executor: Fetching spark://localhost:46781/jars/org.apache.hadoop_hadoop-client-api-3.3.4.jar with timestamp 1719917721080
[2024-07-02T10:55:22.581+0000] {docker.py:436} INFO - 24/07/02 10:55:22 INFO TransportClientFactory: Successfully created connection to localhost/127.0.0.1:46781 after 32 ms (0 ms spent in bootstraps)
[2024-07-02T10:55:22.589+0000] {docker.py:436} INFO - 24/07/02 10:55:22 INFO Utils: Fetching spark://localhost:46781/jars/org.apache.hadoop_hadoop-client-api-3.3.4.jar to /tmp/spark-5aaf076a-2a68-4046-a522-003f04017b9e/userFiles-b57692ab-96ba-44bf-b536-e7b505a4fb54/fetchFileTemp9990723334255688181.tmp
[2024-07-02T10:55:22.803+0000] {docker.py:436} INFO - 24/07/02 10:55:22 INFO Utils: /tmp/spark-5aaf076a-2a68-4046-a522-003f04017b9e/userFiles-b57692ab-96ba-44bf-b536-e7b505a4fb54/fetchFileTemp9990723334255688181.tmp has been previously copied to /tmp/spark-5aaf076a-2a68-4046-a522-003f04017b9e/userFiles-b57692ab-96ba-44bf-b536-e7b505a4fb54/org.apache.hadoop_hadoop-client-api-3.3.4.jar
[2024-07-02T10:55:22.810+0000] {docker.py:436} INFO - 24/07/02 10:55:22 INFO Executor: Adding file:/tmp/spark-5aaf076a-2a68-4046-a522-003f04017b9e/userFiles-b57692ab-96ba-44bf-b536-e7b505a4fb54/org.apache.hadoop_hadoop-client-api-3.3.4.jar to class loader default
[2024-07-02T10:55:22.810+0000] {docker.py:436} INFO - 24/07/02 10:55:22 INFO Executor: Fetching spark://localhost:46781/jars/org.postgresql_postgresql-42.5.4.jar with timestamp 1719917721080
[2024-07-02T10:55:22.811+0000] {docker.py:436} INFO - 24/07/02 10:55:22 INFO Utils: Fetching spark://localhost:46781/jars/org.postgresql_postgresql-42.5.4.jar to /tmp/spark-5aaf076a-2a68-4046-a522-003f04017b9e/userFiles-b57692ab-96ba-44bf-b536-e7b505a4fb54/fetchFileTemp11520890769396472060.tmp
[2024-07-02T10:55:22.816+0000] {docker.py:436} INFO - 24/07/02 10:55:22 INFO Utils: /tmp/spark-5aaf076a-2a68-4046-a522-003f04017b9e/userFiles-b57692ab-96ba-44bf-b536-e7b505a4fb54/fetchFileTemp11520890769396472060.tmp has been previously copied to /tmp/spark-5aaf076a-2a68-4046-a522-003f04017b9e/userFiles-b57692ab-96ba-44bf-b536-e7b505a4fb54/org.postgresql_postgresql-42.5.4.jar
[2024-07-02T10:55:22.821+0000] {docker.py:436} INFO - 24/07/02 10:55:22 INFO Executor: Adding file:/tmp/spark-5aaf076a-2a68-4046-a522-003f04017b9e/userFiles-b57692ab-96ba-44bf-b536-e7b505a4fb54/org.postgresql_postgresql-42.5.4.jar to class loader default
[2024-07-02T10:55:22.821+0000] {docker.py:436} INFO - 24/07/02 10:55:22 INFO Executor: Fetching spark://localhost:46781/jars/org.apache.spark_spark-sql-kafka-0-10_2.12-3.5.0.jar with timestamp 1719917721080
[2024-07-02T10:55:22.822+0000] {docker.py:436} INFO - 24/07/02 10:55:22 INFO Utils: Fetching spark://localhost:46781/jars/org.apache.spark_spark-sql-kafka-0-10_2.12-3.5.0.jar to /tmp/spark-5aaf076a-2a68-4046-a522-003f04017b9e/userFiles-b57692ab-96ba-44bf-b536-e7b505a4fb54/fetchFileTemp1781375367428192870.tmp
[2024-07-02T10:55:22.825+0000] {docker.py:436} INFO - 24/07/02 10:55:22 INFO Utils: /tmp/spark-5aaf076a-2a68-4046-a522-003f04017b9e/userFiles-b57692ab-96ba-44bf-b536-e7b505a4fb54/fetchFileTemp1781375367428192870.tmp has been previously copied to /tmp/spark-5aaf076a-2a68-4046-a522-003f04017b9e/userFiles-b57692ab-96ba-44bf-b536-e7b505a4fb54/org.apache.spark_spark-sql-kafka-0-10_2.12-3.5.0.jar
[2024-07-02T10:55:22.829+0000] {docker.py:436} INFO - 24/07/02 10:55:22 INFO Executor: Adding file:/tmp/spark-5aaf076a-2a68-4046-a522-003f04017b9e/userFiles-b57692ab-96ba-44bf-b536-e7b505a4fb54/org.apache.spark_spark-sql-kafka-0-10_2.12-3.5.0.jar to class loader default
[2024-07-02T10:55:22.829+0000] {docker.py:436} INFO - 24/07/02 10:55:22 INFO Executor: Fetching spark://localhost:46781/jars/commons-logging_commons-logging-1.1.3.jar with timestamp 1719917721080
[2024-07-02T10:55:22.830+0000] {docker.py:436} INFO - 24/07/02 10:55:22 INFO Utils: Fetching spark://localhost:46781/jars/commons-logging_commons-logging-1.1.3.jar to /tmp/spark-5aaf076a-2a68-4046-a522-003f04017b9e/userFiles-b57692ab-96ba-44bf-b536-e7b505a4fb54/fetchFileTemp17556860818548533424.tmp
[2024-07-02T10:55:22.831+0000] {docker.py:436} INFO - 24/07/02 10:55:22 INFO Utils: /tmp/spark-5aaf076a-2a68-4046-a522-003f04017b9e/userFiles-b57692ab-96ba-44bf-b536-e7b505a4fb54/fetchFileTemp17556860818548533424.tmp has been previously copied to /tmp/spark-5aaf076a-2a68-4046-a522-003f04017b9e/userFiles-b57692ab-96ba-44bf-b536-e7b505a4fb54/commons-logging_commons-logging-1.1.3.jar
[2024-07-02T10:55:22.835+0000] {docker.py:436} INFO - 24/07/02 10:55:22 INFO Executor: Adding file:/tmp/spark-5aaf076a-2a68-4046-a522-003f04017b9e/userFiles-b57692ab-96ba-44bf-b536-e7b505a4fb54/commons-logging_commons-logging-1.1.3.jar to class loader default
[2024-07-02T10:55:22.836+0000] {docker.py:436} INFO - 24/07/02 10:55:22 INFO Executor: Fetching spark://localhost:46781/jars/org.apache.spark_spark-token-provider-kafka-0-10_2.12-3.5.0.jar with timestamp 1719917721080
[2024-07-02T10:55:22.836+0000] {docker.py:436} INFO - 24/07/02 10:55:22 INFO Utils: Fetching spark://localhost:46781/jars/org.apache.spark_spark-token-provider-kafka-0-10_2.12-3.5.0.jar to /tmp/spark-5aaf076a-2a68-4046-a522-003f04017b9e/userFiles-b57692ab-96ba-44bf-b536-e7b505a4fb54/fetchFileTemp3844964744590249748.tmp
[2024-07-02T10:55:22.837+0000] {docker.py:436} INFO - 24/07/02 10:55:22 INFO Utils: /tmp/spark-5aaf076a-2a68-4046-a522-003f04017b9e/userFiles-b57692ab-96ba-44bf-b536-e7b505a4fb54/fetchFileTemp3844964744590249748.tmp has been previously copied to /tmp/spark-5aaf076a-2a68-4046-a522-003f04017b9e/userFiles-b57692ab-96ba-44bf-b536-e7b505a4fb54/org.apache.spark_spark-token-provider-kafka-0-10_2.12-3.5.0.jar
[2024-07-02T10:55:22.841+0000] {docker.py:436} INFO - 24/07/02 10:55:22 INFO Executor: Adding file:/tmp/spark-5aaf076a-2a68-4046-a522-003f04017b9e/userFiles-b57692ab-96ba-44bf-b536-e7b505a4fb54/org.apache.spark_spark-token-provider-kafka-0-10_2.12-3.5.0.jar to class loader default
[2024-07-02T10:55:22.842+0000] {docker.py:436} INFO - 24/07/02 10:55:22 INFO Executor: Fetching spark://localhost:46781/jars/org.xerial.snappy_snappy-java-1.1.10.3.jar with timestamp 1719917721080
[2024-07-02T10:55:22.843+0000] {docker.py:436} INFO - 24/07/02 10:55:22 INFO Utils: Fetching spark://localhost:46781/jars/org.xerial.snappy_snappy-java-1.1.10.3.jar to /tmp/spark-5aaf076a-2a68-4046-a522-003f04017b9e/userFiles-b57692ab-96ba-44bf-b536-e7b505a4fb54/fetchFileTemp5328841529711866905.tmp
[2024-07-02T10:55:22.851+0000] {docker.py:436} INFO - 24/07/02 10:55:22 INFO Utils: /tmp/spark-5aaf076a-2a68-4046-a522-003f04017b9e/userFiles-b57692ab-96ba-44bf-b536-e7b505a4fb54/fetchFileTemp5328841529711866905.tmp has been previously copied to /tmp/spark-5aaf076a-2a68-4046-a522-003f04017b9e/userFiles-b57692ab-96ba-44bf-b536-e7b505a4fb54/org.xerial.snappy_snappy-java-1.1.10.3.jar
[2024-07-02T10:55:22.857+0000] {docker.py:436} INFO - 24/07/02 10:55:22 INFO Executor: Adding file:/tmp/spark-5aaf076a-2a68-4046-a522-003f04017b9e/userFiles-b57692ab-96ba-44bf-b536-e7b505a4fb54/org.xerial.snappy_snappy-java-1.1.10.3.jar to class loader default
[2024-07-02T10:55:22.857+0000] {docker.py:436} INFO - 24/07/02 10:55:22 INFO Executor: Fetching spark://localhost:46781/jars/org.apache.hadoop_hadoop-client-runtime-3.3.4.jar with timestamp 1719917721080
[2024-07-02T10:55:22.858+0000] {docker.py:436} INFO - 24/07/02 10:55:22 INFO Utils: Fetching spark://localhost:46781/jars/org.apache.hadoop_hadoop-client-runtime-3.3.4.jar to /tmp/spark-5aaf076a-2a68-4046-a522-003f04017b9e/userFiles-b57692ab-96ba-44bf-b536-e7b505a4fb54/fetchFileTemp12342358253737650361.tmp
[2024-07-02T10:55:23.049+0000] {docker.py:436} INFO - 24/07/02 10:55:23 INFO Utils: /tmp/spark-5aaf076a-2a68-4046-a522-003f04017b9e/userFiles-b57692ab-96ba-44bf-b536-e7b505a4fb54/fetchFileTemp12342358253737650361.tmp has been previously copied to /tmp/spark-5aaf076a-2a68-4046-a522-003f04017b9e/userFiles-b57692ab-96ba-44bf-b536-e7b505a4fb54/org.apache.hadoop_hadoop-client-runtime-3.3.4.jar
[2024-07-02T10:55:23.059+0000] {docker.py:436} INFO - 24/07/02 10:55:23 INFO Executor: Adding file:/tmp/spark-5aaf076a-2a68-4046-a522-003f04017b9e/userFiles-b57692ab-96ba-44bf-b536-e7b505a4fb54/org.apache.hadoop_hadoop-client-runtime-3.3.4.jar to class loader default
[2024-07-02T10:55:23.061+0000] {docker.py:436} INFO - 24/07/02 10:55:23 INFO Executor: Fetching spark://localhost:46781/jars/com.google.code.findbugs_jsr305-3.0.0.jar with timestamp 1719917721080
24/07/02 10:55:23 INFO Utils: Fetching spark://localhost:46781/jars/com.google.code.findbugs_jsr305-3.0.0.jar to /tmp/spark-5aaf076a-2a68-4046-a522-003f04017b9e/userFiles-b57692ab-96ba-44bf-b536-e7b505a4fb54/fetchFileTemp14123160092265838142.tmp
[2024-07-02T10:55:23.063+0000] {docker.py:436} INFO - 24/07/02 10:55:23 INFO Utils: /tmp/spark-5aaf076a-2a68-4046-a522-003f04017b9e/userFiles-b57692ab-96ba-44bf-b536-e7b505a4fb54/fetchFileTemp14123160092265838142.tmp has been previously copied to /tmp/spark-5aaf076a-2a68-4046-a522-003f04017b9e/userFiles-b57692ab-96ba-44bf-b536-e7b505a4fb54/com.google.code.findbugs_jsr305-3.0.0.jar
[2024-07-02T10:55:23.067+0000] {docker.py:436} INFO - 24/07/02 10:55:23 INFO Executor: Adding file:/tmp/spark-5aaf076a-2a68-4046-a522-003f04017b9e/userFiles-b57692ab-96ba-44bf-b536-e7b505a4fb54/com.google.code.findbugs_jsr305-3.0.0.jar to class loader default
[2024-07-02T10:55:23.068+0000] {docker.py:436} INFO - 24/07/02 10:55:23 INFO Executor: Fetching spark://localhost:46781/jars/org.apache.commons_commons-pool2-2.11.1.jar with timestamp 1719917721080
[2024-07-02T10:55:23.070+0000] {docker.py:436} INFO - 24/07/02 10:55:23 INFO Utils: Fetching spark://localhost:46781/jars/org.apache.commons_commons-pool2-2.11.1.jar to /tmp/spark-5aaf076a-2a68-4046-a522-003f04017b9e/userFiles-b57692ab-96ba-44bf-b536-e7b505a4fb54/fetchFileTemp5271012353460620747.tmp
[2024-07-02T10:55:23.071+0000] {docker.py:436} INFO - 24/07/02 10:55:23 INFO Utils: /tmp/spark-5aaf076a-2a68-4046-a522-003f04017b9e/userFiles-b57692ab-96ba-44bf-b536-e7b505a4fb54/fetchFileTemp5271012353460620747.tmp has been previously copied to /tmp/spark-5aaf076a-2a68-4046-a522-003f04017b9e/userFiles-b57692ab-96ba-44bf-b536-e7b505a4fb54/org.apache.commons_commons-pool2-2.11.1.jar
[2024-07-02T10:55:23.077+0000] {docker.py:436} INFO - 24/07/02 10:55:23 INFO Executor: Adding file:/tmp/spark-5aaf076a-2a68-4046-a522-003f04017b9e/userFiles-b57692ab-96ba-44bf-b536-e7b505a4fb54/org.apache.commons_commons-pool2-2.11.1.jar to class loader default
[2024-07-02T10:55:23.078+0000] {docker.py:436} INFO - 24/07/02 10:55:23 INFO Executor: Fetching spark://localhost:46781/jars/org.lz4_lz4-java-1.8.0.jar with timestamp 1719917721080
[2024-07-02T10:55:23.078+0000] {docker.py:436} INFO - 24/07/02 10:55:23 INFO Utils: Fetching spark://localhost:46781/jars/org.lz4_lz4-java-1.8.0.jar to /tmp/spark-5aaf076a-2a68-4046-a522-003f04017b9e/userFiles-b57692ab-96ba-44bf-b536-e7b505a4fb54/fetchFileTemp6088536622690197183.tmp
[2024-07-02T10:55:23.082+0000] {docker.py:436} INFO - 24/07/02 10:55:23 INFO Utils: /tmp/spark-5aaf076a-2a68-4046-a522-003f04017b9e/userFiles-b57692ab-96ba-44bf-b536-e7b505a4fb54/fetchFileTemp6088536622690197183.tmp has been previously copied to /tmp/spark-5aaf076a-2a68-4046-a522-003f04017b9e/userFiles-b57692ab-96ba-44bf-b536-e7b505a4fb54/org.lz4_lz4-java-1.8.0.jar
[2024-07-02T10:55:23.086+0000] {docker.py:436} INFO - 24/07/02 10:55:23 INFO Executor: Adding file:/tmp/spark-5aaf076a-2a68-4046-a522-003f04017b9e/userFiles-b57692ab-96ba-44bf-b536-e7b505a4fb54/org.lz4_lz4-java-1.8.0.jar to class loader default
[2024-07-02T10:55:23.087+0000] {docker.py:436} INFO - 24/07/02 10:55:23 INFO Executor: Fetching spark://localhost:46781/jars/org.checkerframework_checker-qual-3.5.0.jar with timestamp 1719917721080
[2024-07-02T10:55:23.088+0000] {docker.py:436} INFO - 24/07/02 10:55:23 INFO Utils: Fetching spark://localhost:46781/jars/org.checkerframework_checker-qual-3.5.0.jar to /tmp/spark-5aaf076a-2a68-4046-a522-003f04017b9e/userFiles-b57692ab-96ba-44bf-b536-e7b505a4fb54/fetchFileTemp14024405483624932198.tmp
[2024-07-02T10:55:23.089+0000] {docker.py:436} INFO - 24/07/02 10:55:23 INFO Utils: /tmp/spark-5aaf076a-2a68-4046-a522-003f04017b9e/userFiles-b57692ab-96ba-44bf-b536-e7b505a4fb54/fetchFileTemp14024405483624932198.tmp has been previously copied to /tmp/spark-5aaf076a-2a68-4046-a522-003f04017b9e/userFiles-b57692ab-96ba-44bf-b536-e7b505a4fb54/org.checkerframework_checker-qual-3.5.0.jar
[2024-07-02T10:55:23.093+0000] {docker.py:436} INFO - 24/07/02 10:55:23 INFO Executor: Adding file:/tmp/spark-5aaf076a-2a68-4046-a522-003f04017b9e/userFiles-b57692ab-96ba-44bf-b536-e7b505a4fb54/org.checkerframework_checker-qual-3.5.0.jar to class loader default
[2024-07-02T10:55:23.094+0000] {docker.py:436} INFO - 24/07/02 10:55:23 INFO Executor: Fetching spark://localhost:46781/jars/org.apache.kafka_kafka-clients-3.4.1.jar with timestamp 1719917721080
[2024-07-02T10:55:23.095+0000] {docker.py:436} INFO - 24/07/02 10:55:23 INFO Utils: Fetching spark://localhost:46781/jars/org.apache.kafka_kafka-clients-3.4.1.jar to /tmp/spark-5aaf076a-2a68-4046-a522-003f04017b9e/userFiles-b57692ab-96ba-44bf-b536-e7b505a4fb54/fetchFileTemp8485268998721189235.tmp
[2024-07-02T10:55:23.114+0000] {docker.py:436} INFO - 24/07/02 10:55:23 INFO Utils: /tmp/spark-5aaf076a-2a68-4046-a522-003f04017b9e/userFiles-b57692ab-96ba-44bf-b536-e7b505a4fb54/fetchFileTemp8485268998721189235.tmp has been previously copied to /tmp/spark-5aaf076a-2a68-4046-a522-003f04017b9e/userFiles-b57692ab-96ba-44bf-b536-e7b505a4fb54/org.apache.kafka_kafka-clients-3.4.1.jar
[2024-07-02T10:55:23.120+0000] {docker.py:436} INFO - 24/07/02 10:55:23 INFO Executor: Adding file:/tmp/spark-5aaf076a-2a68-4046-a522-003f04017b9e/userFiles-b57692ab-96ba-44bf-b536-e7b505a4fb54/org.apache.kafka_kafka-clients-3.4.1.jar to class loader default
[2024-07-02T10:55:23.121+0000] {docker.py:436} INFO - 24/07/02 10:55:23 INFO Executor: Fetching spark://localhost:46781/jars/org.slf4j_slf4j-api-2.0.7.jar with timestamp 1719917721080
[2024-07-02T10:55:23.121+0000] {docker.py:436} INFO - 24/07/02 10:55:23 INFO Utils: Fetching spark://localhost:46781/jars/org.slf4j_slf4j-api-2.0.7.jar to /tmp/spark-5aaf076a-2a68-4046-a522-003f04017b9e/userFiles-b57692ab-96ba-44bf-b536-e7b505a4fb54/fetchFileTemp16519163603602634750.tmp
[2024-07-02T10:55:23.124+0000] {docker.py:436} INFO - 24/07/02 10:55:23 INFO Utils: /tmp/spark-5aaf076a-2a68-4046-a522-003f04017b9e/userFiles-b57692ab-96ba-44bf-b536-e7b505a4fb54/fetchFileTemp16519163603602634750.tmp has been previously copied to /tmp/spark-5aaf076a-2a68-4046-a522-003f04017b9e/userFiles-b57692ab-96ba-44bf-b536-e7b505a4fb54/org.slf4j_slf4j-api-2.0.7.jar
[2024-07-02T10:55:23.128+0000] {docker.py:436} INFO - 24/07/02 10:55:23 INFO Executor: Adding file:/tmp/spark-5aaf076a-2a68-4046-a522-003f04017b9e/userFiles-b57692ab-96ba-44bf-b536-e7b505a4fb54/org.slf4j_slf4j-api-2.0.7.jar to class loader default
[2024-07-02T10:55:23.143+0000] {docker.py:436} INFO - 24/07/02 10:55:23 INFO Utils: Successfully started service 'org.apache.spark.network.netty.NettyBlockTransferService' on port 39785.
24/07/02 10:55:23 INFO NettyBlockTransferService: Server created on localhost:39785
[2024-07-02T10:55:23.145+0000] {docker.py:436} INFO - 24/07/02 10:55:23 INFO BlockManager: Using org.apache.spark.storage.RandomBlockReplicationPolicy for block replication policy
[2024-07-02T10:55:23.156+0000] {docker.py:436} INFO - 24/07/02 10:55:23 INFO BlockManagerMaster: Registering BlockManager BlockManagerId(driver, localhost, 39785, None)
[2024-07-02T10:55:23.161+0000] {docker.py:436} INFO - 24/07/02 10:55:23 INFO BlockManagerMasterEndpoint: Registering block manager localhost:39785 with 434.4 MiB RAM, BlockManagerId(driver, localhost, 39785, None)
[2024-07-02T10:55:23.165+0000] {docker.py:436} INFO - 24/07/02 10:55:23 INFO BlockManagerMaster: Registered BlockManager BlockManagerId(driver, localhost, 39785, None)
[2024-07-02T10:55:23.166+0000] {docker.py:436} INFO - 24/07/02 10:55:23 INFO BlockManager: Initialized BlockManager: BlockManagerId(driver, localhost, 39785, None)
[2024-07-02T10:55:23.642+0000] {docker.py:436} INFO - 2024-07-02 10:55:23,642:create_spark_session:INFO:Spark session created successfully
[2024-07-02T10:55:23.643+0000] {docker.py:436} INFO - 2024-07-02 10:55:23,642:close:INFO:Closing down clientserver connection
[2024-07-02T10:55:23.692+0000] {docker.py:436} INFO - 24/07/02 10:55:23 INFO SparkContext: Invoking stop() from shutdown hook
[2024-07-02T10:55:23.693+0000] {docker.py:436} INFO - 24/07/02 10:55:23 INFO SparkContext: SparkContext is stopping with exitCode 0.
[2024-07-02T10:55:23.705+0000] {docker.py:436} INFO - 24/07/02 10:55:23 INFO SparkUI: Stopped Spark web UI at http://localhost:4040
[2024-07-02T10:55:23.718+0000] {docker.py:436} INFO - 24/07/02 10:55:23 INFO MapOutputTrackerMasterEndpoint: MapOutputTrackerMasterEndpoint stopped!
[2024-07-02T10:55:23.730+0000] {docker.py:436} INFO - 24/07/02 10:55:23 INFO MemoryStore: MemoryStore cleared
[2024-07-02T10:55:23.731+0000] {docker.py:436} INFO - 24/07/02 10:55:23 INFO BlockManager: BlockManager stopped
[2024-07-02T10:55:23.739+0000] {docker.py:436} INFO - 24/07/02 10:55:23 INFO BlockManagerMaster: BlockManagerMaster stopped
[2024-07-02T10:55:23.743+0000] {docker.py:436} INFO - 24/07/02 10:55:23 INFO OutputCommitCoordinator$OutputCommitCoordinatorEndpoint: OutputCommitCoordinator stopped!
[2024-07-02T10:55:23.760+0000] {docker.py:436} INFO - 24/07/02 10:55:23 INFO SparkContext: Successfully stopped SparkContext
[2024-07-02T10:55:23.761+0000] {docker.py:436} INFO - 24/07/02 10:55:23 INFO ShutdownHookManager: Shutdown hook called
[2024-07-02T10:55:23.762+0000] {docker.py:436} INFO - 24/07/02 10:55:23 INFO ShutdownHookManager: Deleting directory /tmp/spark-5aaf076a-2a68-4046-a522-003f04017b9e
[2024-07-02T10:55:23.767+0000] {docker.py:436} INFO - 24/07/02 10:55:23 INFO ShutdownHookManager: Deleting directory /tmp/spark-6ec8e3eb-f051-45f1-a5f8-de3ddbf0d27e
[2024-07-02T10:55:23.771+0000] {docker.py:436} INFO - 24/07/02 10:55:23 INFO ShutdownHookManager: Deleting directory /tmp/spark-5aaf076a-2a68-4046-a522-003f04017b9e/pyspark-996fac25-d661-43d4-9cd7-36212efbc3ae
[2024-07-02T10:55:24.227+0000] {taskinstance.py:441} INFO - ::group::Post task execution logs
[2024-07-02T10:55:24.251+0000] {taskinstance.py:1206} INFO - Marking task as SUCCESS. dag_id=purchase_dag, task_id=run_pyspark_job, run_id=manual__2024-07-02T10:54:56.987455+00:00, execution_date=20240702T105456, start_date=20240702T105503, end_date=20240702T105524
[2024-07-02T10:55:24.305+0000] {local_task_job_runner.py:240} INFO - Task exited with return code 0
[2024-07-02T10:55:24.320+0000] {taskinstance.py:3498} INFO - 0 downstream tasks scheduled from follow-on schedule check
[2024-07-02T10:55:24.322+0000] {local_task_job_runner.py:222} INFO - ::endgroup::
