[2024-06-25T12:52:59.437+0000] {local_task_job_runner.py:120} INFO - ::group::Pre task execution logs
[2024-06-25T12:52:59.480+0000] {taskinstance.py:2076} INFO - Dependencies all met for dep_context=non-requeueable deps ti=<TaskInstance: Stage_1.run_bronze_job manual__2024-06-25T12:52:52.748141+00:00 [queued]>
[2024-06-25T12:52:59.494+0000] {taskinstance.py:2076} INFO - Dependencies all met for dep_context=requeueable deps ti=<TaskInstance: Stage_1.run_bronze_job manual__2024-06-25T12:52:52.748141+00:00 [queued]>
[2024-06-25T12:52:59.495+0000] {taskinstance.py:2306} INFO - Starting attempt 1 of 1
[2024-06-25T12:52:59.515+0000] {taskinstance.py:2330} INFO - Executing <Task(DockerOperator): run_bronze_job> on 2024-06-25 12:52:52.748141+00:00
[2024-06-25T12:52:59.523+0000] {logging_mixin.py:188} WARNING - /home/***/.local/lib/python3.12/site-packages/***/task/task_runner/standard_task_runner.py:61 DeprecationWarning: This process (pid=1941) is multi-threaded, use of fork() may lead to deadlocks in the child.
[2024-06-25T12:52:59.524+0000] {standard_task_runner.py:63} INFO - Started process 1942 to run task
[2024-06-25T12:52:59.522+0000] {standard_task_runner.py:90} INFO - Running: ['***', 'tasks', 'run', 'Stage_1', 'run_bronze_job', 'manual__2024-06-25T12:52:52.748141+00:00', '--job-id', '164', '--raw', '--subdir', 'DAGS_FOLDER/kafka_dag.py', '--cfg-path', '/tmp/tmpbjkm_vmr']
[2024-06-25T12:52:59.525+0000] {standard_task_runner.py:91} INFO - Job 164: Subtask run_bronze_job
[2024-06-25T12:52:59.540+0000] {logging_mixin.py:188} WARNING - /home/***/.local/lib/python3.12/site-packages/***/settings.py:195 DeprecationWarning: The sql_alchemy_conn option in [core] has been moved to the sql_alchemy_conn option in [database] - the old setting has been used, but please update your config.
[2024-06-25T12:52:59.585+0000] {task_command.py:426} INFO - Running <TaskInstance: Stage_1.run_bronze_job manual__2024-06-25T12:52:52.748141+00:00 [running]> on host 0b2aef5f9e3a
[2024-06-25T12:52:59.690+0000] {taskinstance.py:2648} INFO - Exporting env vars: AIRFLOW_CTX_DAG_OWNER='***' AIRFLOW_CTX_DAG_ID='Stage_1' AIRFLOW_CTX_TASK_ID='run_bronze_job' AIRFLOW_CTX_EXECUTION_DATE='2024-06-25T12:52:52.748141+00:00' AIRFLOW_CTX_TRY_NUMBER='1' AIRFLOW_CTX_DAG_RUN_ID='manual__2024-06-25T12:52:52.748141+00:00'
[2024-06-25T12:52:59.692+0000] {taskinstance.py:430} INFO - ::endgroup::
[2024-06-25T12:52:59.723+0000] {docker.py:366} INFO - Starting docker container from image bitnami/spark:latest
[2024-06-25T12:52:59.726+0000] {docker.py:374} WARNING - Using remote engine or docker-in-docker and mounting temporary volume from host is not supported. Falling back to `mount_tmp_dir=False` mode. You can set `mount_tmp_dir` parameter to False to disable mounting and remove the warning
[2024-06-25T12:53:00.152+0000] {docker.py:436} INFO - [38;5;6mspark [38;5;5m12:53:00.15 [0m[38;5;2mINFO [0m ==>
[2024-06-25T12:53:00.154+0000] {docker.py:436} INFO - [38;5;6mspark [38;5;5m12:53:00.15 [0m[38;5;2mINFO [0m ==> [1mWelcome to the Bitnami spark container[0m
[2024-06-25T12:53:00.156+0000] {docker.py:436} INFO - [38;5;6mspark [38;5;5m12:53:00.15 [0m[38;5;2mINFO [0m ==> Subscribe to project updates by watching [1mhttps://github.com/bitnami/containers[0m
[2024-06-25T12:53:00.158+0000] {docker.py:436} INFO - [38;5;6mspark [38;5;5m12:53:00.15 [0m[38;5;2mINFO [0m ==> Submit issues and feature requests at [1mhttps://github.com/bitnami/containers/issues[0m
[2024-06-25T12:53:00.160+0000] {docker.py:436} INFO - [38;5;6mspark [38;5;5m12:53:00.15 [0m[38;5;2mINFO [0m ==> Upgrade to Tanzu Application Catalog for production environments to access custom-configured and pre-packaged software components. Gain enhanced features, including Software Bill of Materials (SBOM), CVE scan result reports, and VEX documents. To learn more, visit [1mhttps://bitnami.com/enterprise[0m
[2024-06-25T12:53:00.163+0000] {docker.py:436} INFO - [38;5;6mspark [38;5;5m12:53:00.16 [0m[38;5;2mINFO [0m ==>
[2024-06-25T12:53:00.171+0000] {docker.py:436} INFO - 
[2024-06-25T12:53:02.217+0000] {docker.py:436} INFO - :: loading settings :: url = jar:file:/opt/bitnami/spark/jars/ivy-2.5.1.jar!/org/apache/ivy/core/settings/ivysettings.xml
[2024-06-25T12:53:02.305+0000] {docker.py:436} INFO - Ivy Default Cache set to: /opt/bitnami/spark/.ivy2/cache
The jars for the packages stored in: /opt/bitnami/spark/.ivy2/jars
[2024-06-25T12:53:02.312+0000] {docker.py:436} INFO - org.apache.spark#spark-sql-kafka-0-10_2.12 added as a dependency
org.postgresql#postgresql added as a dependency
[2024-06-25T12:53:02.314+0000] {docker.py:436} INFO - :: resolving dependencies :: org.apache.spark#spark-submit-parent-ba458024-ea43-4e2e-852b-2fb9a73bb551;1.0
	confs: [default]
[2024-06-25T12:53:04.096+0000] {docker.py:436} INFO - found org.apache.spark#spark-sql-kafka-0-10_2.12;3.3.0 in central
[2024-06-25T12:53:04.451+0000] {docker.py:436} INFO - found org.apache.spark#spark-token-provider-kafka-0-10_2.12;3.3.0 in central
[2024-06-25T12:53:04.517+0000] {docker.py:436} INFO - found org.apache.kafka#kafka-clients;2.8.1 in central
[2024-06-25T12:53:04.595+0000] {docker.py:436} INFO - found org.lz4#lz4-java;1.8.0 in central
[2024-06-25T12:53:04.663+0000] {docker.py:436} INFO - found org.xerial.snappy#snappy-java;1.1.8.4 in central
[2024-06-25T12:53:05.571+0000] {docker.py:436} INFO - found org.slf4j#slf4j-api;1.7.32 in central
[2024-06-25T12:53:05.973+0000] {docker.py:436} INFO - found org.apache.hadoop#hadoop-client-runtime;3.3.2 in central
[2024-06-25T12:53:06.075+0000] {docker.py:436} INFO - found org.spark-project.spark#unused;1.0.0 in central
[2024-06-25T12:53:06.185+0000] {docker.py:436} INFO - found org.apache.hadoop#hadoop-client-api;3.3.2 in central
[2024-06-25T12:53:06.988+0000] {docker.py:436} INFO - found commons-logging#commons-logging;1.1.3 in central
[2024-06-25T12:53:07.027+0000] {docker.py:436} INFO - found com.google.code.findbugs#jsr305;3.0.0 in central
[2024-06-25T12:53:07.424+0000] {docker.py:436} INFO - found org.apache.commons#commons-pool2;2.11.1 in central
[2024-06-25T12:53:09.260+0000] {docker.py:436} INFO - found org.postgresql#postgresql;42.2.2 in central
[2024-06-25T12:53:09.282+0000] {docker.py:436} INFO - downloading https://repo1.maven.org/maven2/org/apache/spark/spark-sql-kafka-0-10_2.12/3.3.0/spark-sql-kafka-0-10_2.12-3.3.0.jar ...
[2024-06-25T12:53:09.337+0000] {docker.py:436} INFO - [SUCCESSFUL ] org.apache.spark#spark-sql-kafka-0-10_2.12;3.3.0!spark-sql-kafka-0-10_2.12.jar (65ms)
[2024-06-25T12:53:09.355+0000] {docker.py:436} INFO - downloading https://repo1.maven.org/maven2/org/postgresql/postgresql/42.2.2/postgresql-42.2.2.jar ...
[2024-06-25T12:53:09.451+0000] {docker.py:436} INFO - [SUCCESSFUL ] org.postgresql#postgresql;42.2.2!postgresql.jar(bundle) (113ms)
[2024-06-25T12:53:09.462+0000] {docker.py:436} INFO - downloading https://repo1.maven.org/maven2/org/apache/spark/spark-token-provider-kafka-0-10_2.12/3.3.0/spark-token-provider-kafka-0-10_2.12-3.3.0.jar ...
[2024-06-25T12:53:09.481+0000] {docker.py:436} INFO - [SUCCESSFUL ] org.apache.spark#spark-token-provider-kafka-0-10_2.12;3.3.0!spark-token-provider-kafka-0-10_2.12.jar (28ms)
[2024-06-25T12:53:09.490+0000] {docker.py:436} INFO - downloading https://repo1.maven.org/maven2/org/apache/kafka/kafka-clients/2.8.1/kafka-clients-2.8.1.jar ...
[2024-06-25T12:53:09.969+0000] {docker.py:436} INFO - [SUCCESSFUL ] org.apache.kafka#kafka-clients;2.8.1!kafka-clients.jar (487ms)
[2024-06-25T12:53:09.982+0000] {docker.py:436} INFO - downloading https://repo1.maven.org/maven2/com/google/code/findbugs/jsr305/3.0.0/jsr305-3.0.0.jar ...
[2024-06-25T12:53:09.996+0000] {docker.py:436} INFO - [SUCCESSFUL ] com.google.code.findbugs#jsr305;3.0.0!jsr305.jar (27ms)
[2024-06-25T12:53:10.008+0000] {docker.py:436} INFO - downloading https://repo1.maven.org/maven2/org/apache/commons/commons-pool2/2.11.1/commons-pool2-2.11.1.jar ...
[2024-06-25T12:53:10.033+0000] {docker.py:436} INFO - [SUCCESSFUL ] org.apache.commons#commons-pool2;2.11.1!commons-pool2.jar (35ms)
[2024-06-25T12:53:10.044+0000] {docker.py:436} INFO - downloading https://repo1.maven.org/maven2/org/spark-project/spark/unused/1.0.0/unused-1.0.0.jar ...
[2024-06-25T12:53:10.055+0000] {docker.py:436} INFO - [SUCCESSFUL ] org.spark-project.spark#unused;1.0.0!unused.jar (20ms)
[2024-06-25T12:53:10.067+0000] {docker.py:436} INFO - downloading https://repo1.maven.org/maven2/org/apache/hadoop/hadoop-client-runtime/3.3.2/hadoop-client-runtime-3.3.2.jar ...
[2024-06-25T12:53:12.916+0000] {docker.py:436} INFO - [SUCCESSFUL ] org.apache.hadoop#hadoop-client-runtime;3.3.2!hadoop-client-runtime.jar (2860ms)
[2024-06-25T12:53:12.927+0000] {docker.py:436} INFO - downloading https://repo1.maven.org/maven2/org/lz4/lz4-java/1.8.0/lz4-java-1.8.0.jar ...
[2024-06-25T12:53:13.027+0000] {docker.py:436} INFO - [SUCCESSFUL ] org.lz4#lz4-java;1.8.0!lz4-java.jar (109ms)
[2024-06-25T12:53:13.042+0000] {docker.py:436} INFO - downloading https://repo1.maven.org/maven2/org/xerial/snappy/snappy-java/1.1.8.4/snappy-java-1.1.8.4.jar ...
[2024-06-25T12:53:13.228+0000] {docker.py:436} INFO - [SUCCESSFUL ] org.xerial.snappy#snappy-java;1.1.8.4!snappy-java.jar(bundle) (200ms)
[2024-06-25T12:53:13.243+0000] {docker.py:436} INFO - downloading https://repo1.maven.org/maven2/org/slf4j/slf4j-api/1.7.32/slf4j-api-1.7.32.jar ...
[2024-06-25T12:53:13.257+0000] {docker.py:436} INFO - [SUCCESSFUL ] org.slf4j#slf4j-api;1.7.32!slf4j-api.jar (27ms)
[2024-06-25T12:53:13.273+0000] {docker.py:436} INFO - downloading https://repo1.maven.org/maven2/org/apache/hadoop/hadoop-client-api/3.3.2/hadoop-client-api-3.3.2.jar ...
[2024-06-25T12:53:15.113+0000] {docker.py:436} INFO - [SUCCESSFUL ] org.apache.hadoop#hadoop-client-api;3.3.2!hadoop-client-api.jar (1856ms)
[2024-06-25T12:53:15.127+0000] {docker.py:436} INFO - downloading https://repo1.maven.org/maven2/commons-logging/commons-logging/1.1.3/commons-logging-1.1.3.jar ...
[2024-06-25T12:53:15.145+0000] {docker.py:436} INFO - [SUCCESSFUL ] commons-logging#commons-logging;1.1.3!commons-logging.jar (31ms)
[2024-06-25T12:53:15.146+0000] {docker.py:436} INFO - :: resolution report :: resolve 6958ms :: artifacts dl 5874ms
[2024-06-25T12:53:15.146+0000] {docker.py:436} INFO - :: modules in use:
[2024-06-25T12:53:15.147+0000] {docker.py:436} INFO - com.google.code.findbugs#jsr305;3.0.0 from central in [default]
	commons-logging#commons-logging;1.1.3 from central in [default]
	org.apache.commons#commons-pool2;2.11.1 from central in [default]
	org.apache.hadoop#hadoop-client-api;3.3.2 from central in [default]
	org.apache.hadoop#hadoop-client-runtime;3.3.2 from central in [default]
	org.apache.kafka#kafka-clients;2.8.1 from central in [default]
	org.apache.spark#spark-sql-kafka-0-10_2.12;3.3.0 from central in [default]
	org.apache.spark#spark-token-provider-kafka-0-10_2.12;3.3.0 from central in [default]
[2024-06-25T12:53:15.147+0000] {docker.py:436} INFO - org.lz4#lz4-java;1.8.0 from central in [default]
[2024-06-25T12:53:15.148+0000] {docker.py:436} INFO - org.postgresql#postgresql;42.2.2 from central in [default]
[2024-06-25T12:53:15.148+0000] {docker.py:436} INFO - org.slf4j#slf4j-api;1.7.32 from central in [default]
	org.spark-project.spark#unused;1.0.0 from central in [default]
	org.xerial.snappy#snappy-java;1.1.8.4 from central in [default]
[2024-06-25T12:53:15.148+0000] {docker.py:436} INFO - ---------------------------------------------------------------------
[2024-06-25T12:53:15.148+0000] {docker.py:436} INFO - |                  |            modules            ||   artifacts   |
	|       conf       | number| search|dwnlded|evicted|| number|dwnlded|
[2024-06-25T12:53:15.149+0000] {docker.py:436} INFO - ---------------------------------------------------------------------
[2024-06-25T12:53:15.149+0000] {docker.py:436} INFO - |      default     |   13  |   13  |   13  |   0   ||   13  |   13  |
	---------------------------------------------------------------------
[2024-06-25T12:53:15.158+0000] {docker.py:436} INFO - :: retrieving :: org.apache.spark#spark-submit-parent-ba458024-ea43-4e2e-852b-2fb9a73bb551
[2024-06-25T12:53:15.159+0000] {docker.py:436} INFO - confs: [default]
[2024-06-25T12:53:15.240+0000] {docker.py:436} INFO - 13 artifacts copied, 0 already retrieved (57403kB/83ms)
[2024-06-25T12:53:15.513+0000] {docker.py:436} INFO - 24/06/25 12:53:15 WARN NativeCodeLoader: Unable to load native-hadoop library for your platform... using builtin-java classes where applicable
[2024-06-25T12:53:17.276+0000] {docker.py:436} INFO - 24/06/25 12:53:17 INFO SparkContext: Running Spark version 3.5.1
[2024-06-25T12:53:17.277+0000] {docker.py:436} INFO - 24/06/25 12:53:17 INFO SparkContext: OS info Linux, 6.5.0-41-generic, amd64
[2024-06-25T12:53:17.278+0000] {docker.py:436} INFO - 24/06/25 12:53:17 INFO SparkContext: Java version 17.0.11
[2024-06-25T12:53:17.321+0000] {docker.py:436} INFO - 24/06/25 12:53:17 INFO ResourceUtils: ==============================================================
[2024-06-25T12:53:17.325+0000] {docker.py:436} INFO - 24/06/25 12:53:17 INFO ResourceUtils: No custom resources configured for spark.driver.
[2024-06-25T12:53:17.325+0000] {docker.py:436} INFO - 24/06/25 12:53:17 INFO ResourceUtils: ==============================================================
[2024-06-25T12:53:17.326+0000] {docker.py:436} INFO - 24/06/25 12:53:17 INFO SparkContext: Submitted application: PostgreSQL Connection with PySpark
[2024-06-25T12:53:17.368+0000] {docker.py:436} INFO - 24/06/25 12:53:17 INFO ResourceProfile: Default ResourceProfile created, executor resources: Map(cores -> name: cores, amount: 1, script: , vendor: , memory -> name: memory, amount: 1024, script: , vendor: , offHeap -> name: offHeap, amount: 0, script: , vendor: ), task resources: Map(cpus -> name: cpus, amount: 1.0)
[2024-06-25T12:53:17.390+0000] {docker.py:436} INFO - 24/06/25 12:53:17 INFO ResourceProfile: Limiting resource is cpu
[2024-06-25T12:53:17.392+0000] {docker.py:436} INFO - 24/06/25 12:53:17 INFO ResourceProfileManager: Added ResourceProfile id: 0
[2024-06-25T12:53:17.480+0000] {docker.py:436} INFO - 24/06/25 12:53:17 INFO SecurityManager: Changing view acls to: spark
[2024-06-25T12:53:17.481+0000] {docker.py:436} INFO - 24/06/25 12:53:17 INFO SecurityManager: Changing modify acls to: spark
[2024-06-25T12:53:17.482+0000] {docker.py:436} INFO - 24/06/25 12:53:17 INFO SecurityManager: Changing view acls groups to:
[2024-06-25T12:53:17.483+0000] {docker.py:436} INFO - 24/06/25 12:53:17 INFO SecurityManager: Changing modify acls groups to:
[2024-06-25T12:53:17.484+0000] {docker.py:436} INFO - 24/06/25 12:53:17 INFO SecurityManager: SecurityManager: authentication disabled; ui acls disabled; users with view permissions: spark; groups with view permissions: EMPTY; users with modify permissions: spark; groups with modify permissions: EMPTY
[2024-06-25T12:53:17.832+0000] {docker.py:436} INFO - 24/06/25 12:53:17 INFO Utils: Successfully started service 'sparkDriver' on port 40681.
[2024-06-25T12:53:17.872+0000] {docker.py:436} INFO - 24/06/25 12:53:17 INFO SparkEnv: Registering MapOutputTracker
[2024-06-25T12:53:17.910+0000] {docker.py:436} INFO - 24/06/25 12:53:17 INFO SparkEnv: Registering BlockManagerMaster
[2024-06-25T12:53:17.929+0000] {docker.py:436} INFO - 24/06/25 12:53:17 INFO BlockManagerMasterEndpoint: Using org.apache.spark.storage.DefaultTopologyMapper for getting topology information
[2024-06-25T12:53:17.930+0000] {docker.py:436} INFO - 24/06/25 12:53:17 INFO BlockManagerMasterEndpoint: BlockManagerMasterEndpoint up
[2024-06-25T12:53:17.938+0000] {docker.py:436} INFO - 24/06/25 12:53:17 INFO SparkEnv: Registering BlockManagerMasterHeartbeat
[2024-06-25T12:53:17.957+0000] {docker.py:436} INFO - 24/06/25 12:53:17 INFO DiskBlockManager: Created local directory at /tmp/blockmgr-0892c324-8527-4e7d-b679-287f5bfc4c3a
[2024-06-25T12:53:17.972+0000] {docker.py:436} INFO - 24/06/25 12:53:17 INFO MemoryStore: MemoryStore started with capacity 434.4 MiB
[2024-06-25T12:53:17.989+0000] {docker.py:436} INFO - 24/06/25 12:53:17 INFO SparkEnv: Registering OutputCommitCoordinator
[2024-06-25T12:53:18.172+0000] {docker.py:436} INFO - 24/06/25 12:53:18 INFO JettyUtils: Start Jetty 0.0.0.0:4040 for SparkUI
[2024-06-25T12:53:18.261+0000] {docker.py:436} INFO - 24/06/25 12:53:18 INFO Utils: Successfully started service 'SparkUI' on port 4040.
[2024-06-25T12:53:18.339+0000] {docker.py:436} INFO - 24/06/25 12:53:18 INFO SparkContext: Added JAR file:///opt/bitnami/spark/.ivy2/jars/org.apache.spark_spark-sql-kafka-0-10_2.12-3.3.0.jar at spark://localhost:40681/jars/org.apache.spark_spark-sql-kafka-0-10_2.12-3.3.0.jar with timestamp 1719319997265
[2024-06-25T12:53:18.340+0000] {docker.py:436} INFO - 24/06/25 12:53:18 INFO SparkContext: Added JAR file:///opt/bitnami/spark/.ivy2/jars/org.postgresql_postgresql-42.2.2.jar at spark://localhost:40681/jars/org.postgresql_postgresql-42.2.2.jar with timestamp 1719319997265
[2024-06-25T12:53:18.341+0000] {docker.py:436} INFO - 24/06/25 12:53:18 INFO SparkContext: Added JAR file:///opt/bitnami/spark/.ivy2/jars/org.apache.spark_spark-token-provider-kafka-0-10_2.12-3.3.0.jar at spark://localhost:40681/jars/org.apache.spark_spark-token-provider-kafka-0-10_2.12-3.3.0.jar with timestamp 1719319997265
[2024-06-25T12:53:18.341+0000] {docker.py:436} INFO - 24/06/25 12:53:18 INFO SparkContext: Added JAR file:///opt/bitnami/spark/.ivy2/jars/org.apache.kafka_kafka-clients-2.8.1.jar at spark://localhost:40681/jars/org.apache.kafka_kafka-clients-2.8.1.jar with timestamp 1719319997265
[2024-06-25T12:53:18.342+0000] {docker.py:436} INFO - 24/06/25 12:53:18 INFO SparkContext: Added JAR file:///opt/bitnami/spark/.ivy2/jars/com.google.code.findbugs_jsr305-3.0.0.jar at spark://localhost:40681/jars/com.google.code.findbugs_jsr305-3.0.0.jar with timestamp 1719319997265
[2024-06-25T12:53:18.342+0000] {docker.py:436} INFO - 24/06/25 12:53:18 INFO SparkContext: Added JAR file:///opt/bitnami/spark/.ivy2/jars/org.apache.commons_commons-pool2-2.11.1.jar at spark://localhost:40681/jars/org.apache.commons_commons-pool2-2.11.1.jar with timestamp 1719319997265
[2024-06-25T12:53:18.343+0000] {docker.py:436} INFO - 24/06/25 12:53:18 INFO SparkContext: Added JAR file:///opt/bitnami/spark/.ivy2/jars/org.spark-project.spark_unused-1.0.0.jar at spark://localhost:40681/jars/org.spark-project.spark_unused-1.0.0.jar with timestamp 1719319997265
[2024-06-25T12:53:18.344+0000] {docker.py:436} INFO - 24/06/25 12:53:18 INFO SparkContext: Added JAR file:///opt/bitnami/spark/.ivy2/jars/org.apache.hadoop_hadoop-client-runtime-3.3.2.jar at spark://localhost:40681/jars/org.apache.hadoop_hadoop-client-runtime-3.3.2.jar with timestamp 1719319997265
[2024-06-25T12:53:18.345+0000] {docker.py:436} INFO - 24/06/25 12:53:18 INFO SparkContext: Added JAR file:///opt/bitnami/spark/.ivy2/jars/org.lz4_lz4-java-1.8.0.jar at spark://localhost:40681/jars/org.lz4_lz4-java-1.8.0.jar with timestamp 1719319997265
[2024-06-25T12:53:18.346+0000] {docker.py:436} INFO - 24/06/25 12:53:18 INFO SparkContext: Added JAR file:///opt/bitnami/spark/.ivy2/jars/org.xerial.snappy_snappy-java-1.1.8.4.jar at spark://localhost:40681/jars/org.xerial.snappy_snappy-java-1.1.8.4.jar with timestamp 1719319997265
[2024-06-25T12:53:18.347+0000] {docker.py:436} INFO - 24/06/25 12:53:18 INFO SparkContext: Added JAR file:///opt/bitnami/spark/.ivy2/jars/org.slf4j_slf4j-api-1.7.32.jar at spark://localhost:40681/jars/org.slf4j_slf4j-api-1.7.32.jar with timestamp 1719319997265
[2024-06-25T12:53:18.347+0000] {docker.py:436} INFO - 24/06/25 12:53:18 INFO SparkContext: Added JAR file:///opt/bitnami/spark/.ivy2/jars/org.apache.hadoop_hadoop-client-api-3.3.2.jar at spark://localhost:40681/jars/org.apache.hadoop_hadoop-client-api-3.3.2.jar with timestamp 1719319997265
[2024-06-25T12:53:18.348+0000] {docker.py:436} INFO - 24/06/25 12:53:18 INFO SparkContext: Added JAR file:///opt/bitnami/spark/.ivy2/jars/commons-logging_commons-logging-1.1.3.jar at spark://localhost:40681/jars/commons-logging_commons-logging-1.1.3.jar with timestamp 1719319997265
[2024-06-25T12:53:18.351+0000] {docker.py:436} INFO - 24/06/25 12:53:18 INFO SparkContext: Added file file:///opt/bitnami/spark/.ivy2/jars/org.apache.spark_spark-sql-kafka-0-10_2.12-3.3.0.jar at file:///opt/bitnami/spark/.ivy2/jars/org.apache.spark_spark-sql-kafka-0-10_2.12-3.3.0.jar with timestamp 1719319997265
[2024-06-25T12:53:18.353+0000] {docker.py:436} INFO - 24/06/25 12:53:18 INFO Utils: Copying /opt/bitnami/spark/.ivy2/jars/org.apache.spark_spark-sql-kafka-0-10_2.12-3.3.0.jar to /tmp/spark-1c769d2e-eb74-41d4-a656-88a53052ddbc/userFiles-b1596b23-6ce6-405d-87b2-46f71acbeae2/org.apache.spark_spark-sql-kafka-0-10_2.12-3.3.0.jar
[2024-06-25T12:53:18.365+0000] {docker.py:436} INFO - 24/06/25 12:53:18 INFO SparkContext: Added file file:///opt/bitnami/spark/.ivy2/jars/org.postgresql_postgresql-42.2.2.jar at file:///opt/bitnami/spark/.ivy2/jars/org.postgresql_postgresql-42.2.2.jar with timestamp 1719319997265
[2024-06-25T12:53:18.366+0000] {docker.py:436} INFO - 24/06/25 12:53:18 INFO Utils: Copying /opt/bitnami/spark/.ivy2/jars/org.postgresql_postgresql-42.2.2.jar to /tmp/spark-1c769d2e-eb74-41d4-a656-88a53052ddbc/userFiles-b1596b23-6ce6-405d-87b2-46f71acbeae2/org.postgresql_postgresql-42.2.2.jar
[2024-06-25T12:53:18.372+0000] {docker.py:436} INFO - 24/06/25 12:53:18 INFO SparkContext: Added file file:///opt/bitnami/spark/.ivy2/jars/org.apache.spark_spark-token-provider-kafka-0-10_2.12-3.3.0.jar at file:///opt/bitnami/spark/.ivy2/jars/org.apache.spark_spark-token-provider-kafka-0-10_2.12-3.3.0.jar with timestamp 1719319997265
[2024-06-25T12:53:18.374+0000] {docker.py:436} INFO - 24/06/25 12:53:18 INFO Utils: Copying /opt/bitnami/spark/.ivy2/jars/org.apache.spark_spark-token-provider-kafka-0-10_2.12-3.3.0.jar to /tmp/spark-1c769d2e-eb74-41d4-a656-88a53052ddbc/userFiles-b1596b23-6ce6-405d-87b2-46f71acbeae2/org.apache.spark_spark-token-provider-kafka-0-10_2.12-3.3.0.jar
[2024-06-25T12:53:18.381+0000] {docker.py:436} INFO - 24/06/25 12:53:18 INFO SparkContext: Added file file:///opt/bitnami/spark/.ivy2/jars/org.apache.kafka_kafka-clients-2.8.1.jar at file:///opt/bitnami/spark/.ivy2/jars/org.apache.kafka_kafka-clients-2.8.1.jar with timestamp 1719319997265
[2024-06-25T12:53:18.382+0000] {docker.py:436} INFO - 24/06/25 12:53:18 INFO Utils: Copying /opt/bitnami/spark/.ivy2/jars/org.apache.kafka_kafka-clients-2.8.1.jar to /tmp/spark-1c769d2e-eb74-41d4-a656-88a53052ddbc/userFiles-b1596b23-6ce6-405d-87b2-46f71acbeae2/org.apache.kafka_kafka-clients-2.8.1.jar
[2024-06-25T12:53:18.395+0000] {docker.py:436} INFO - 24/06/25 12:53:18 INFO SparkContext: Added file file:///opt/bitnami/spark/.ivy2/jars/com.google.code.findbugs_jsr305-3.0.0.jar at file:///opt/bitnami/spark/.ivy2/jars/com.google.code.findbugs_jsr305-3.0.0.jar with timestamp 1719319997265
[2024-06-25T12:53:18.395+0000] {docker.py:436} INFO - 24/06/25 12:53:18 INFO Utils: Copying /opt/bitnami/spark/.ivy2/jars/com.google.code.findbugs_jsr305-3.0.0.jar to /tmp/spark-1c769d2e-eb74-41d4-a656-88a53052ddbc/userFiles-b1596b23-6ce6-405d-87b2-46f71acbeae2/com.google.code.findbugs_jsr305-3.0.0.jar
[2024-06-25T12:53:18.401+0000] {docker.py:436} INFO - 24/06/25 12:53:18 INFO SparkContext: Added file file:///opt/bitnami/spark/.ivy2/jars/org.apache.commons_commons-pool2-2.11.1.jar at file:///opt/bitnami/spark/.ivy2/jars/org.apache.commons_commons-pool2-2.11.1.jar with timestamp 1719319997265
[2024-06-25T12:53:18.402+0000] {docker.py:436} INFO - 24/06/25 12:53:18 INFO Utils: Copying /opt/bitnami/spark/.ivy2/jars/org.apache.commons_commons-pool2-2.11.1.jar to /tmp/spark-1c769d2e-eb74-41d4-a656-88a53052ddbc/userFiles-b1596b23-6ce6-405d-87b2-46f71acbeae2/org.apache.commons_commons-pool2-2.11.1.jar
[2024-06-25T12:53:18.408+0000] {docker.py:436} INFO - 24/06/25 12:53:18 INFO SparkContext: Added file file:///opt/bitnami/spark/.ivy2/jars/org.spark-project.spark_unused-1.0.0.jar at file:///opt/bitnami/spark/.ivy2/jars/org.spark-project.spark_unused-1.0.0.jar with timestamp 1719319997265
[2024-06-25T12:53:18.408+0000] {docker.py:436} INFO - 24/06/25 12:53:18 INFO Utils: Copying /opt/bitnami/spark/.ivy2/jars/org.spark-project.spark_unused-1.0.0.jar to /tmp/spark-1c769d2e-eb74-41d4-a656-88a53052ddbc/userFiles-b1596b23-6ce6-405d-87b2-46f71acbeae2/org.spark-project.spark_unused-1.0.0.jar
[2024-06-25T12:53:18.414+0000] {docker.py:436} INFO - 24/06/25 12:53:18 INFO SparkContext: Added file file:///opt/bitnami/spark/.ivy2/jars/org.apache.hadoop_hadoop-client-runtime-3.3.2.jar at file:///opt/bitnami/spark/.ivy2/jars/org.apache.hadoop_hadoop-client-runtime-3.3.2.jar with timestamp 1719319997265
[2024-06-25T12:53:18.414+0000] {docker.py:436} INFO - 24/06/25 12:53:18 INFO Utils: Copying /opt/bitnami/spark/.ivy2/jars/org.apache.hadoop_hadoop-client-runtime-3.3.2.jar to /tmp/spark-1c769d2e-eb74-41d4-a656-88a53052ddbc/userFiles-b1596b23-6ce6-405d-87b2-46f71acbeae2/org.apache.hadoop_hadoop-client-runtime-3.3.2.jar
[2024-06-25T12:53:18.442+0000] {docker.py:436} INFO - 24/06/25 12:53:18 INFO SparkContext: Added file file:///opt/bitnami/spark/.ivy2/jars/org.lz4_lz4-java-1.8.0.jar at file:///opt/bitnami/spark/.ivy2/jars/org.lz4_lz4-java-1.8.0.jar with timestamp 1719319997265
[2024-06-25T12:53:18.443+0000] {docker.py:436} INFO - 24/06/25 12:53:18 INFO Utils: Copying /opt/bitnami/spark/.ivy2/jars/org.lz4_lz4-java-1.8.0.jar to /tmp/spark-1c769d2e-eb74-41d4-a656-88a53052ddbc/userFiles-b1596b23-6ce6-405d-87b2-46f71acbeae2/org.lz4_lz4-java-1.8.0.jar
[2024-06-25T12:53:18.447+0000] {docker.py:436} INFO - 24/06/25 12:53:18 INFO SparkContext: Added file file:///opt/bitnami/spark/.ivy2/jars/org.xerial.snappy_snappy-java-1.1.8.4.jar at file:///opt/bitnami/spark/.ivy2/jars/org.xerial.snappy_snappy-java-1.1.8.4.jar with timestamp 1719319997265
[2024-06-25T12:53:18.448+0000] {docker.py:436} INFO - 24/06/25 12:53:18 INFO Utils: Copying /opt/bitnami/spark/.ivy2/jars/org.xerial.snappy_snappy-java-1.1.8.4.jar to /tmp/spark-1c769d2e-eb74-41d4-a656-88a53052ddbc/userFiles-b1596b23-6ce6-405d-87b2-46f71acbeae2/org.xerial.snappy_snappy-java-1.1.8.4.jar
[2024-06-25T12:53:18.453+0000] {docker.py:436} INFO - 24/06/25 12:53:18 INFO SparkContext: Added file file:///opt/bitnami/spark/.ivy2/jars/org.slf4j_slf4j-api-1.7.32.jar at file:///opt/bitnami/spark/.ivy2/jars/org.slf4j_slf4j-api-1.7.32.jar with timestamp 1719319997265
[2024-06-25T12:53:18.454+0000] {docker.py:436} INFO - 24/06/25 12:53:18 INFO Utils: Copying /opt/bitnami/spark/.ivy2/jars/org.slf4j_slf4j-api-1.7.32.jar to /tmp/spark-1c769d2e-eb74-41d4-a656-88a53052ddbc/userFiles-b1596b23-6ce6-405d-87b2-46f71acbeae2/org.slf4j_slf4j-api-1.7.32.jar
[2024-06-25T12:53:18.458+0000] {docker.py:436} INFO - 24/06/25 12:53:18 INFO SparkContext: Added file file:///opt/bitnami/spark/.ivy2/jars/org.apache.hadoop_hadoop-client-api-3.3.2.jar at file:///opt/bitnami/spark/.ivy2/jars/org.apache.hadoop_hadoop-client-api-3.3.2.jar with timestamp 1719319997265
[2024-06-25T12:53:18.459+0000] {docker.py:436} INFO - 24/06/25 12:53:18 INFO Utils: Copying /opt/bitnami/spark/.ivy2/jars/org.apache.hadoop_hadoop-client-api-3.3.2.jar to /tmp/spark-1c769d2e-eb74-41d4-a656-88a53052ddbc/userFiles-b1596b23-6ce6-405d-87b2-46f71acbeae2/org.apache.hadoop_hadoop-client-api-3.3.2.jar
[2024-06-25T12:53:18.478+0000] {docker.py:436} INFO - 24/06/25 12:53:18 INFO SparkContext: Added file file:///opt/bitnami/spark/.ivy2/jars/commons-logging_commons-logging-1.1.3.jar at file:///opt/bitnami/spark/.ivy2/jars/commons-logging_commons-logging-1.1.3.jar with timestamp 1719319997265
[2024-06-25T12:53:18.479+0000] {docker.py:436} INFO - 24/06/25 12:53:18 INFO Utils: Copying /opt/bitnami/spark/.ivy2/jars/commons-logging_commons-logging-1.1.3.jar to /tmp/spark-1c769d2e-eb74-41d4-a656-88a53052ddbc/userFiles-b1596b23-6ce6-405d-87b2-46f71acbeae2/commons-logging_commons-logging-1.1.3.jar
[2024-06-25T12:53:18.554+0000] {docker.py:436} INFO - 24/06/25 12:53:18 INFO Executor: Starting executor ID driver on host localhost
[2024-06-25T12:53:18.555+0000] {docker.py:436} INFO - 24/06/25 12:53:18 INFO Executor: OS info Linux, 6.5.0-41-generic, amd64
[2024-06-25T12:53:18.555+0000] {docker.py:436} INFO - 24/06/25 12:53:18 INFO Executor: Java version 17.0.11
[2024-06-25T12:53:18.564+0000] {docker.py:436} INFO - 24/06/25 12:53:18 INFO Executor: Starting executor with user classpath (userClassPathFirst = false): ''
[2024-06-25T12:53:18.565+0000] {docker.py:436} INFO - 24/06/25 12:53:18 INFO Executor: Created or updated repl class loader org.apache.spark.util.MutableURLClassLoader@965771a for default.
[2024-06-25T12:53:18.577+0000] {docker.py:436} INFO - 24/06/25 12:53:18 INFO Executor: Fetching file:///opt/bitnami/spark/.ivy2/jars/org.postgresql_postgresql-42.2.2.jar with timestamp 1719319997265
[2024-06-25T12:53:18.612+0000] {docker.py:436} INFO - 24/06/25 12:53:18 INFO Utils: /opt/bitnami/spark/.ivy2/jars/org.postgresql_postgresql-42.2.2.jar has been previously copied to /tmp/spark-1c769d2e-eb74-41d4-a656-88a53052ddbc/userFiles-b1596b23-6ce6-405d-87b2-46f71acbeae2/org.postgresql_postgresql-42.2.2.jar
[2024-06-25T12:53:18.619+0000] {docker.py:436} INFO - 24/06/25 12:53:18 INFO Executor: Fetching file:///opt/bitnami/spark/.ivy2/jars/org.apache.hadoop_hadoop-client-api-3.3.2.jar with timestamp 1719319997265
[2024-06-25T12:53:18.643+0000] {docker.py:436} INFO - 24/06/25 12:53:18 INFO Utils: /opt/bitnami/spark/.ivy2/jars/org.apache.hadoop_hadoop-client-api-3.3.2.jar has been previously copied to /tmp/spark-1c769d2e-eb74-41d4-a656-88a53052ddbc/userFiles-b1596b23-6ce6-405d-87b2-46f71acbeae2/org.apache.hadoop_hadoop-client-api-3.3.2.jar
[2024-06-25T12:53:18.647+0000] {docker.py:436} INFO - 24/06/25 12:53:18 INFO Executor: Fetching file:///opt/bitnami/spark/.ivy2/jars/org.xerial.snappy_snappy-java-1.1.8.4.jar with timestamp 1719319997265
[2024-06-25T12:53:18.649+0000] {docker.py:436} INFO - 24/06/25 12:53:18 INFO Utils: /opt/bitnami/spark/.ivy2/jars/org.xerial.snappy_snappy-java-1.1.8.4.jar has been previously copied to /tmp/spark-1c769d2e-eb74-41d4-a656-88a53052ddbc/userFiles-b1596b23-6ce6-405d-87b2-46f71acbeae2/org.xerial.snappy_snappy-java-1.1.8.4.jar
[2024-06-25T12:53:18.653+0000] {docker.py:436} INFO - 24/06/25 12:53:18 INFO Executor: Fetching file:///opt/bitnami/spark/.ivy2/jars/org.apache.hadoop_hadoop-client-runtime-3.3.2.jar with timestamp 1719319997265
[2024-06-25T12:53:18.685+0000] {docker.py:436} INFO - 24/06/25 12:53:18 INFO Utils: /opt/bitnami/spark/.ivy2/jars/org.apache.hadoop_hadoop-client-runtime-3.3.2.jar has been previously copied to /tmp/spark-1c769d2e-eb74-41d4-a656-88a53052ddbc/userFiles-b1596b23-6ce6-405d-87b2-46f71acbeae2/org.apache.hadoop_hadoop-client-runtime-3.3.2.jar
[2024-06-25T12:53:18.688+0000] {docker.py:436} INFO - 24/06/25 12:53:18 INFO Executor: Fetching file:///opt/bitnami/spark/.ivy2/jars/org.apache.commons_commons-pool2-2.11.1.jar with timestamp 1719319997265
[2024-06-25T12:53:18.689+0000] {docker.py:436} INFO - 24/06/25 12:53:18 INFO Utils: /opt/bitnami/spark/.ivy2/jars/org.apache.commons_commons-pool2-2.11.1.jar has been previously copied to /tmp/spark-1c769d2e-eb74-41d4-a656-88a53052ddbc/userFiles-b1596b23-6ce6-405d-87b2-46f71acbeae2/org.apache.commons_commons-pool2-2.11.1.jar
[2024-06-25T12:53:18.692+0000] {docker.py:436} INFO - 24/06/25 12:53:18 INFO Executor: Fetching file:///opt/bitnami/spark/.ivy2/jars/org.apache.spark_spark-token-provider-kafka-0-10_2.12-3.3.0.jar with timestamp 1719319997265
[2024-06-25T12:53:18.693+0000] {docker.py:436} INFO - 24/06/25 12:53:18 INFO Utils: /opt/bitnami/spark/.ivy2/jars/org.apache.spark_spark-token-provider-kafka-0-10_2.12-3.3.0.jar has been previously copied to /tmp/spark-1c769d2e-eb74-41d4-a656-88a53052ddbc/userFiles-b1596b23-6ce6-405d-87b2-46f71acbeae2/org.apache.spark_spark-token-provider-kafka-0-10_2.12-3.3.0.jar
[2024-06-25T12:53:18.696+0000] {docker.py:436} INFO - 24/06/25 12:53:18 INFO Executor: Fetching file:///opt/bitnami/spark/.ivy2/jars/org.slf4j_slf4j-api-1.7.32.jar with timestamp 1719319997265
[2024-06-25T12:53:18.697+0000] {docker.py:436} INFO - 24/06/25 12:53:18 INFO Utils: /opt/bitnami/spark/.ivy2/jars/org.slf4j_slf4j-api-1.7.32.jar has been previously copied to /tmp/spark-1c769d2e-eb74-41d4-a656-88a53052ddbc/userFiles-b1596b23-6ce6-405d-87b2-46f71acbeae2/org.slf4j_slf4j-api-1.7.32.jar
[2024-06-25T12:53:18.700+0000] {docker.py:436} INFO - 24/06/25 12:53:18 INFO Executor: Fetching file:///opt/bitnami/spark/.ivy2/jars/org.apache.spark_spark-sql-kafka-0-10_2.12-3.3.0.jar with timestamp 1719319997265
[2024-06-25T12:53:18.701+0000] {docker.py:436} INFO - 24/06/25 12:53:18 INFO Utils: /opt/bitnami/spark/.ivy2/jars/org.apache.spark_spark-sql-kafka-0-10_2.12-3.3.0.jar has been previously copied to /tmp/spark-1c769d2e-eb74-41d4-a656-88a53052ddbc/userFiles-b1596b23-6ce6-405d-87b2-46f71acbeae2/org.apache.spark_spark-sql-kafka-0-10_2.12-3.3.0.jar
[2024-06-25T12:53:18.704+0000] {docker.py:436} INFO - 24/06/25 12:53:18 INFO Executor: Fetching file:///opt/bitnami/spark/.ivy2/jars/com.google.code.findbugs_jsr305-3.0.0.jar with timestamp 1719319997265
[2024-06-25T12:53:18.704+0000] {docker.py:436} INFO - 24/06/25 12:53:18 INFO Utils: /opt/bitnami/spark/.ivy2/jars/com.google.code.findbugs_jsr305-3.0.0.jar has been previously copied to /tmp/spark-1c769d2e-eb74-41d4-a656-88a53052ddbc/userFiles-b1596b23-6ce6-405d-87b2-46f71acbeae2/com.google.code.findbugs_jsr305-3.0.0.jar
[2024-06-25T12:53:18.708+0000] {docker.py:436} INFO - 24/06/25 12:53:18 INFO Executor: Fetching file:///opt/bitnami/spark/.ivy2/jars/org.lz4_lz4-java-1.8.0.jar with timestamp 1719319997265
[2024-06-25T12:53:18.709+0000] {docker.py:436} INFO - 24/06/25 12:53:18 INFO Utils: /opt/bitnami/spark/.ivy2/jars/org.lz4_lz4-java-1.8.0.jar has been previously copied to /tmp/spark-1c769d2e-eb74-41d4-a656-88a53052ddbc/userFiles-b1596b23-6ce6-405d-87b2-46f71acbeae2/org.lz4_lz4-java-1.8.0.jar
[2024-06-25T12:53:18.712+0000] {docker.py:436} INFO - 24/06/25 12:53:18 INFO Executor: Fetching file:///opt/bitnami/spark/.ivy2/jars/commons-logging_commons-logging-1.1.3.jar with timestamp 1719319997265
[2024-06-25T12:53:18.713+0000] {docker.py:436} INFO - 24/06/25 12:53:18 INFO Utils: /opt/bitnami/spark/.ivy2/jars/commons-logging_commons-logging-1.1.3.jar has been previously copied to /tmp/spark-1c769d2e-eb74-41d4-a656-88a53052ddbc/userFiles-b1596b23-6ce6-405d-87b2-46f71acbeae2/commons-logging_commons-logging-1.1.3.jar
[2024-06-25T12:53:18.716+0000] {docker.py:436} INFO - 24/06/25 12:53:18 INFO Executor: Fetching file:///opt/bitnami/spark/.ivy2/jars/org.spark-project.spark_unused-1.0.0.jar with timestamp 1719319997265
24/06/25 12:53:18 INFO Utils: /opt/bitnami/spark/.ivy2/jars/org.spark-project.spark_unused-1.0.0.jar has been previously copied to /tmp/spark-1c769d2e-eb74-41d4-a656-88a53052ddbc/userFiles-b1596b23-6ce6-405d-87b2-46f71acbeae2/org.spark-project.spark_unused-1.0.0.jar
[2024-06-25T12:53:18.719+0000] {docker.py:436} INFO - 24/06/25 12:53:18 INFO Executor: Fetching file:///opt/bitnami/spark/.ivy2/jars/org.apache.kafka_kafka-clients-2.8.1.jar with timestamp 1719319997265
[2024-06-25T12:53:18.724+0000] {docker.py:436} INFO - 24/06/25 12:53:18 INFO Utils: /opt/bitnami/spark/.ivy2/jars/org.apache.kafka_kafka-clients-2.8.1.jar has been previously copied to /tmp/spark-1c769d2e-eb74-41d4-a656-88a53052ddbc/userFiles-b1596b23-6ce6-405d-87b2-46f71acbeae2/org.apache.kafka_kafka-clients-2.8.1.jar
[2024-06-25T12:53:18.730+0000] {docker.py:436} INFO - 24/06/25 12:53:18 INFO Executor: Fetching spark://localhost:40681/jars/org.lz4_lz4-java-1.8.0.jar with timestamp 1719319997265
[2024-06-25T12:53:18.772+0000] {docker.py:436} INFO - 24/06/25 12:53:18 INFO TransportClientFactory: Successfully created connection to localhost/127.0.0.1:40681 after 31 ms (0 ms spent in bootstraps)
[2024-06-25T12:53:18.780+0000] {docker.py:436} INFO - 24/06/25 12:53:18 INFO Utils: Fetching spark://localhost:40681/jars/org.lz4_lz4-java-1.8.0.jar to /tmp/spark-1c769d2e-eb74-41d4-a656-88a53052ddbc/userFiles-b1596b23-6ce6-405d-87b2-46f71acbeae2/fetchFileTemp5603573972500280366.tmp
[2024-06-25T12:53:18.814+0000] {docker.py:436} INFO - 24/06/25 12:53:18 INFO Utils: /tmp/spark-1c769d2e-eb74-41d4-a656-88a53052ddbc/userFiles-b1596b23-6ce6-405d-87b2-46f71acbeae2/fetchFileTemp5603573972500280366.tmp has been previously copied to /tmp/spark-1c769d2e-eb74-41d4-a656-88a53052ddbc/userFiles-b1596b23-6ce6-405d-87b2-46f71acbeae2/org.lz4_lz4-java-1.8.0.jar
[2024-06-25T12:53:18.820+0000] {docker.py:436} INFO - 24/06/25 12:53:18 INFO Executor: Adding file:/tmp/spark-1c769d2e-eb74-41d4-a656-88a53052ddbc/userFiles-b1596b23-6ce6-405d-87b2-46f71acbeae2/org.lz4_lz4-java-1.8.0.jar to class loader default
[2024-06-25T12:53:18.821+0000] {docker.py:436} INFO - 24/06/25 12:53:18 INFO Executor: Fetching spark://localhost:40681/jars/org.postgresql_postgresql-42.2.2.jar with timestamp 1719319997265
[2024-06-25T12:53:18.821+0000] {docker.py:436} INFO - 24/06/25 12:53:18 INFO Utils: Fetching spark://localhost:40681/jars/org.postgresql_postgresql-42.2.2.jar to /tmp/spark-1c769d2e-eb74-41d4-a656-88a53052ddbc/userFiles-b1596b23-6ce6-405d-87b2-46f71acbeae2/fetchFileTemp11751864813806183297.tmp
[2024-06-25T12:53:18.827+0000] {docker.py:436} INFO - 24/06/25 12:53:18 INFO Utils: /tmp/spark-1c769d2e-eb74-41d4-a656-88a53052ddbc/userFiles-b1596b23-6ce6-405d-87b2-46f71acbeae2/fetchFileTemp11751864813806183297.tmp has been previously copied to /tmp/spark-1c769d2e-eb74-41d4-a656-88a53052ddbc/userFiles-b1596b23-6ce6-405d-87b2-46f71acbeae2/org.postgresql_postgresql-42.2.2.jar
[2024-06-25T12:53:18.832+0000] {docker.py:436} INFO - 24/06/25 12:53:18 INFO Executor: Adding file:/tmp/spark-1c769d2e-eb74-41d4-a656-88a53052ddbc/userFiles-b1596b23-6ce6-405d-87b2-46f71acbeae2/org.postgresql_postgresql-42.2.2.jar to class loader default
[2024-06-25T12:53:18.833+0000] {docker.py:436} INFO - 24/06/25 12:53:18 INFO Executor: Fetching spark://localhost:40681/jars/org.xerial.snappy_snappy-java-1.1.8.4.jar with timestamp 1719319997265
[2024-06-25T12:53:18.833+0000] {docker.py:436} INFO - 24/06/25 12:53:18 INFO Utils: Fetching spark://localhost:40681/jars/org.xerial.snappy_snappy-java-1.1.8.4.jar to /tmp/spark-1c769d2e-eb74-41d4-a656-88a53052ddbc/userFiles-b1596b23-6ce6-405d-87b2-46f71acbeae2/fetchFileTemp9908768233722361607.tmp
[2024-06-25T12:53:18.845+0000] {docker.py:436} INFO - 24/06/25 12:53:18 INFO Utils: /tmp/spark-1c769d2e-eb74-41d4-a656-88a53052ddbc/userFiles-b1596b23-6ce6-405d-87b2-46f71acbeae2/fetchFileTemp9908768233722361607.tmp has been previously copied to /tmp/spark-1c769d2e-eb74-41d4-a656-88a53052ddbc/userFiles-b1596b23-6ce6-405d-87b2-46f71acbeae2/org.xerial.snappy_snappy-java-1.1.8.4.jar
[2024-06-25T12:53:18.851+0000] {docker.py:436} INFO - 24/06/25 12:53:18 INFO Executor: Adding file:/tmp/spark-1c769d2e-eb74-41d4-a656-88a53052ddbc/userFiles-b1596b23-6ce6-405d-87b2-46f71acbeae2/org.xerial.snappy_snappy-java-1.1.8.4.jar to class loader default
[2024-06-25T12:53:18.852+0000] {docker.py:436} INFO - 24/06/25 12:53:18 INFO Executor: Fetching spark://localhost:40681/jars/org.apache.hadoop_hadoop-client-api-3.3.2.jar with timestamp 1719319997265
[2024-06-25T12:53:18.852+0000] {docker.py:436} INFO - 24/06/25 12:53:18 INFO Utils: Fetching spark://localhost:40681/jars/org.apache.hadoop_hadoop-client-api-3.3.2.jar to /tmp/spark-1c769d2e-eb74-41d4-a656-88a53052ddbc/userFiles-b1596b23-6ce6-405d-87b2-46f71acbeae2/fetchFileTemp15887314492698901547.tmp
[2024-06-25T12:53:18.967+0000] {docker.py:436} INFO - 24/06/25 12:53:18 INFO Utils: /tmp/spark-1c769d2e-eb74-41d4-a656-88a53052ddbc/userFiles-b1596b23-6ce6-405d-87b2-46f71acbeae2/fetchFileTemp15887314492698901547.tmp has been previously copied to /tmp/spark-1c769d2e-eb74-41d4-a656-88a53052ddbc/userFiles-b1596b23-6ce6-405d-87b2-46f71acbeae2/org.apache.hadoop_hadoop-client-api-3.3.2.jar
[2024-06-25T12:53:18.976+0000] {docker.py:436} INFO - 24/06/25 12:53:18 INFO Executor: Adding file:/tmp/spark-1c769d2e-eb74-41d4-a656-88a53052ddbc/userFiles-b1596b23-6ce6-405d-87b2-46f71acbeae2/org.apache.hadoop_hadoop-client-api-3.3.2.jar to class loader default
[2024-06-25T12:53:18.977+0000] {docker.py:436} INFO - 24/06/25 12:53:18 INFO Executor: Fetching spark://localhost:40681/jars/org.apache.commons_commons-pool2-2.11.1.jar with timestamp 1719319997265
[2024-06-25T12:53:18.977+0000] {docker.py:436} INFO - 24/06/25 12:53:18 INFO Utils: Fetching spark://localhost:40681/jars/org.apache.commons_commons-pool2-2.11.1.jar to /tmp/spark-1c769d2e-eb74-41d4-a656-88a53052ddbc/userFiles-b1596b23-6ce6-405d-87b2-46f71acbeae2/fetchFileTemp7977293240360206418.tmp
[2024-06-25T12:53:18.980+0000] {docker.py:436} INFO - 24/06/25 12:53:18 INFO Utils: /tmp/spark-1c769d2e-eb74-41d4-a656-88a53052ddbc/userFiles-b1596b23-6ce6-405d-87b2-46f71acbeae2/fetchFileTemp7977293240360206418.tmp has been previously copied to /tmp/spark-1c769d2e-eb74-41d4-a656-88a53052ddbc/userFiles-b1596b23-6ce6-405d-87b2-46f71acbeae2/org.apache.commons_commons-pool2-2.11.1.jar
[2024-06-25T12:53:18.983+0000] {docker.py:436} INFO - 24/06/25 12:53:18 INFO Executor: Adding file:/tmp/spark-1c769d2e-eb74-41d4-a656-88a53052ddbc/userFiles-b1596b23-6ce6-405d-87b2-46f71acbeae2/org.apache.commons_commons-pool2-2.11.1.jar to class loader default
[2024-06-25T12:53:18.984+0000] {docker.py:436} INFO - 24/06/25 12:53:18 INFO Executor: Fetching spark://localhost:40681/jars/org.apache.hadoop_hadoop-client-runtime-3.3.2.jar with timestamp 1719319997265
[2024-06-25T12:53:18.984+0000] {docker.py:436} INFO - 24/06/25 12:53:18 INFO Utils: Fetching spark://localhost:40681/jars/org.apache.hadoop_hadoop-client-runtime-3.3.2.jar to /tmp/spark-1c769d2e-eb74-41d4-a656-88a53052ddbc/userFiles-b1596b23-6ce6-405d-87b2-46f71acbeae2/fetchFileTemp15744742311822546051.tmp
[2024-06-25T12:53:19.199+0000] {docker.py:436} INFO - 24/06/25 12:53:19 INFO Utils: /tmp/spark-1c769d2e-eb74-41d4-a656-88a53052ddbc/userFiles-b1596b23-6ce6-405d-87b2-46f71acbeae2/fetchFileTemp15744742311822546051.tmp has been previously copied to /tmp/spark-1c769d2e-eb74-41d4-a656-88a53052ddbc/userFiles-b1596b23-6ce6-405d-87b2-46f71acbeae2/org.apache.hadoop_hadoop-client-runtime-3.3.2.jar
[2024-06-25T12:53:19.209+0000] {docker.py:436} INFO - 24/06/25 12:53:19 INFO Executor: Adding file:/tmp/spark-1c769d2e-eb74-41d4-a656-88a53052ddbc/userFiles-b1596b23-6ce6-405d-87b2-46f71acbeae2/org.apache.hadoop_hadoop-client-runtime-3.3.2.jar to class loader default
[2024-06-25T12:53:19.209+0000] {docker.py:436} INFO - 24/06/25 12:53:19 INFO Executor: Fetching spark://localhost:40681/jars/org.apache.kafka_kafka-clients-2.8.1.jar with timestamp 1719319997265
[2024-06-25T12:53:19.210+0000] {docker.py:436} INFO - 24/06/25 12:53:19 INFO Utils: Fetching spark://localhost:40681/jars/org.apache.kafka_kafka-clients-2.8.1.jar to /tmp/spark-1c769d2e-eb74-41d4-a656-88a53052ddbc/userFiles-b1596b23-6ce6-405d-87b2-46f71acbeae2/fetchFileTemp1033670297128198965.tmp
[2024-06-25T12:53:19.227+0000] {docker.py:436} INFO - 24/06/25 12:53:19 INFO Utils: /tmp/spark-1c769d2e-eb74-41d4-a656-88a53052ddbc/userFiles-b1596b23-6ce6-405d-87b2-46f71acbeae2/fetchFileTemp1033670297128198965.tmp has been previously copied to /tmp/spark-1c769d2e-eb74-41d4-a656-88a53052ddbc/userFiles-b1596b23-6ce6-405d-87b2-46f71acbeae2/org.apache.kafka_kafka-clients-2.8.1.jar
[2024-06-25T12:53:19.235+0000] {docker.py:436} INFO - 24/06/25 12:53:19 INFO Executor: Adding file:/tmp/spark-1c769d2e-eb74-41d4-a656-88a53052ddbc/userFiles-b1596b23-6ce6-405d-87b2-46f71acbeae2/org.apache.kafka_kafka-clients-2.8.1.jar to class loader default
[2024-06-25T12:53:19.236+0000] {docker.py:436} INFO - 24/06/25 12:53:19 INFO Executor: Fetching spark://localhost:40681/jars/org.spark-project.spark_unused-1.0.0.jar with timestamp 1719319997265
[2024-06-25T12:53:19.237+0000] {docker.py:436} INFO - 24/06/25 12:53:19 INFO Utils: Fetching spark://localhost:40681/jars/org.spark-project.spark_unused-1.0.0.jar to /tmp/spark-1c769d2e-eb74-41d4-a656-88a53052ddbc/userFiles-b1596b23-6ce6-405d-87b2-46f71acbeae2/fetchFileTemp11877181830158339774.tmp
[2024-06-25T12:53:19.239+0000] {docker.py:436} INFO - 24/06/25 12:53:19 INFO Utils: /tmp/spark-1c769d2e-eb74-41d4-a656-88a53052ddbc/userFiles-b1596b23-6ce6-405d-87b2-46f71acbeae2/fetchFileTemp11877181830158339774.tmp has been previously copied to /tmp/spark-1c769d2e-eb74-41d4-a656-88a53052ddbc/userFiles-b1596b23-6ce6-405d-87b2-46f71acbeae2/org.spark-project.spark_unused-1.0.0.jar
[2024-06-25T12:53:19.243+0000] {docker.py:436} INFO - 24/06/25 12:53:19 INFO Executor: Adding file:/tmp/spark-1c769d2e-eb74-41d4-a656-88a53052ddbc/userFiles-b1596b23-6ce6-405d-87b2-46f71acbeae2/org.spark-project.spark_unused-1.0.0.jar to class loader default
[2024-06-25T12:53:19.243+0000] {docker.py:436} INFO - 24/06/25 12:53:19 INFO Executor: Fetching spark://localhost:40681/jars/org.apache.spark_spark-token-provider-kafka-0-10_2.12-3.3.0.jar with timestamp 1719319997265
[2024-06-25T12:53:19.244+0000] {docker.py:436} INFO - 24/06/25 12:53:19 INFO Utils: Fetching spark://localhost:40681/jars/org.apache.spark_spark-token-provider-kafka-0-10_2.12-3.3.0.jar to /tmp/spark-1c769d2e-eb74-41d4-a656-88a53052ddbc/userFiles-b1596b23-6ce6-405d-87b2-46f71acbeae2/fetchFileTemp593376852705702675.tmp
[2024-06-25T12:53:19.245+0000] {docker.py:436} INFO - 24/06/25 12:53:19 INFO Utils: /tmp/spark-1c769d2e-eb74-41d4-a656-88a53052ddbc/userFiles-b1596b23-6ce6-405d-87b2-46f71acbeae2/fetchFileTemp593376852705702675.tmp has been previously copied to /tmp/spark-1c769d2e-eb74-41d4-a656-88a53052ddbc/userFiles-b1596b23-6ce6-405d-87b2-46f71acbeae2/org.apache.spark_spark-token-provider-kafka-0-10_2.12-3.3.0.jar
[2024-06-25T12:53:19.250+0000] {docker.py:436} INFO - 24/06/25 12:53:19 INFO Executor: Adding file:/tmp/spark-1c769d2e-eb74-41d4-a656-88a53052ddbc/userFiles-b1596b23-6ce6-405d-87b2-46f71acbeae2/org.apache.spark_spark-token-provider-kafka-0-10_2.12-3.3.0.jar to class loader default
[2024-06-25T12:53:19.250+0000] {docker.py:436} INFO - 24/06/25 12:53:19 INFO Executor: Fetching spark://localhost:40681/jars/org.slf4j_slf4j-api-1.7.32.jar with timestamp 1719319997265
[2024-06-25T12:53:19.252+0000] {docker.py:436} INFO - 24/06/25 12:53:19 INFO Utils: Fetching spark://localhost:40681/jars/org.slf4j_slf4j-api-1.7.32.jar to /tmp/spark-1c769d2e-eb74-41d4-a656-88a53052ddbc/userFiles-b1596b23-6ce6-405d-87b2-46f71acbeae2/fetchFileTemp8219697622108244254.tmp
[2024-06-25T12:53:19.253+0000] {docker.py:436} INFO - 24/06/25 12:53:19 INFO Utils: /tmp/spark-1c769d2e-eb74-41d4-a656-88a53052ddbc/userFiles-b1596b23-6ce6-405d-87b2-46f71acbeae2/fetchFileTemp8219697622108244254.tmp has been previously copied to /tmp/spark-1c769d2e-eb74-41d4-a656-88a53052ddbc/userFiles-b1596b23-6ce6-405d-87b2-46f71acbeae2/org.slf4j_slf4j-api-1.7.32.jar
[2024-06-25T12:53:19.257+0000] {docker.py:436} INFO - 24/06/25 12:53:19 INFO Executor: Adding file:/tmp/spark-1c769d2e-eb74-41d4-a656-88a53052ddbc/userFiles-b1596b23-6ce6-405d-87b2-46f71acbeae2/org.slf4j_slf4j-api-1.7.32.jar to class loader default
[2024-06-25T12:53:19.258+0000] {docker.py:436} INFO - 24/06/25 12:53:19 INFO Executor: Fetching spark://localhost:40681/jars/com.google.code.findbugs_jsr305-3.0.0.jar with timestamp 1719319997265
[2024-06-25T12:53:19.258+0000] {docker.py:436} INFO - 24/06/25 12:53:19 INFO Utils: Fetching spark://localhost:40681/jars/com.google.code.findbugs_jsr305-3.0.0.jar to /tmp/spark-1c769d2e-eb74-41d4-a656-88a53052ddbc/userFiles-b1596b23-6ce6-405d-87b2-46f71acbeae2/fetchFileTemp10448072015123066404.tmp
[2024-06-25T12:53:19.260+0000] {docker.py:436} INFO - 24/06/25 12:53:19 INFO Utils: /tmp/spark-1c769d2e-eb74-41d4-a656-88a53052ddbc/userFiles-b1596b23-6ce6-405d-87b2-46f71acbeae2/fetchFileTemp10448072015123066404.tmp has been previously copied to /tmp/spark-1c769d2e-eb74-41d4-a656-88a53052ddbc/userFiles-b1596b23-6ce6-405d-87b2-46f71acbeae2/com.google.code.findbugs_jsr305-3.0.0.jar
[2024-06-25T12:53:19.264+0000] {docker.py:436} INFO - 24/06/25 12:53:19 INFO Executor: Adding file:/tmp/spark-1c769d2e-eb74-41d4-a656-88a53052ddbc/userFiles-b1596b23-6ce6-405d-87b2-46f71acbeae2/com.google.code.findbugs_jsr305-3.0.0.jar to class loader default
24/06/25 12:53:19 INFO Executor: Fetching spark://localhost:40681/jars/org.apache.spark_spark-sql-kafka-0-10_2.12-3.3.0.jar with timestamp 1719319997265
[2024-06-25T12:53:19.265+0000] {docker.py:436} INFO - 24/06/25 12:53:19 INFO Utils: Fetching spark://localhost:40681/jars/org.apache.spark_spark-sql-kafka-0-10_2.12-3.3.0.jar to /tmp/spark-1c769d2e-eb74-41d4-a656-88a53052ddbc/userFiles-b1596b23-6ce6-405d-87b2-46f71acbeae2/fetchFileTemp17670313397892453238.tmp
[2024-06-25T12:53:19.269+0000] {docker.py:436} INFO - 24/06/25 12:53:19 INFO Utils: /tmp/spark-1c769d2e-eb74-41d4-a656-88a53052ddbc/userFiles-b1596b23-6ce6-405d-87b2-46f71acbeae2/fetchFileTemp17670313397892453238.tmp has been previously copied to /tmp/spark-1c769d2e-eb74-41d4-a656-88a53052ddbc/userFiles-b1596b23-6ce6-405d-87b2-46f71acbeae2/org.apache.spark_spark-sql-kafka-0-10_2.12-3.3.0.jar
[2024-06-25T12:53:19.273+0000] {docker.py:436} INFO - 24/06/25 12:53:19 INFO Executor: Adding file:/tmp/spark-1c769d2e-eb74-41d4-a656-88a53052ddbc/userFiles-b1596b23-6ce6-405d-87b2-46f71acbeae2/org.apache.spark_spark-sql-kafka-0-10_2.12-3.3.0.jar to class loader default
[2024-06-25T12:53:19.274+0000] {docker.py:436} INFO - 24/06/25 12:53:19 INFO Executor: Fetching spark://localhost:40681/jars/commons-logging_commons-logging-1.1.3.jar with timestamp 1719319997265
[2024-06-25T12:53:19.274+0000] {docker.py:436} INFO - 24/06/25 12:53:19 INFO Utils: Fetching spark://localhost:40681/jars/commons-logging_commons-logging-1.1.3.jar to /tmp/spark-1c769d2e-eb74-41d4-a656-88a53052ddbc/userFiles-b1596b23-6ce6-405d-87b2-46f71acbeae2/fetchFileTemp9013989731546781731.tmp
[2024-06-25T12:53:19.276+0000] {docker.py:436} INFO - 24/06/25 12:53:19 INFO Utils: /tmp/spark-1c769d2e-eb74-41d4-a656-88a53052ddbc/userFiles-b1596b23-6ce6-405d-87b2-46f71acbeae2/fetchFileTemp9013989731546781731.tmp has been previously copied to /tmp/spark-1c769d2e-eb74-41d4-a656-88a53052ddbc/userFiles-b1596b23-6ce6-405d-87b2-46f71acbeae2/commons-logging_commons-logging-1.1.3.jar
[2024-06-25T12:53:19.280+0000] {docker.py:436} INFO - 24/06/25 12:53:19 INFO Executor: Adding file:/tmp/spark-1c769d2e-eb74-41d4-a656-88a53052ddbc/userFiles-b1596b23-6ce6-405d-87b2-46f71acbeae2/commons-logging_commons-logging-1.1.3.jar to class loader default
[2024-06-25T12:53:19.291+0000] {docker.py:436} INFO - 24/06/25 12:53:19 INFO Utils: Successfully started service 'org.apache.spark.network.netty.NettyBlockTransferService' on port 36713.
[2024-06-25T12:53:19.292+0000] {docker.py:436} INFO - 24/06/25 12:53:19 INFO NettyBlockTransferService: Server created on localhost:36713
[2024-06-25T12:53:19.294+0000] {docker.py:436} INFO - 24/06/25 12:53:19 INFO BlockManager: Using org.apache.spark.storage.RandomBlockReplicationPolicy for block replication policy
[2024-06-25T12:53:19.302+0000] {docker.py:436} INFO - 24/06/25 12:53:19 INFO BlockManagerMaster: Registering BlockManager BlockManagerId(driver, localhost, 36713, None)
[2024-06-25T12:53:19.308+0000] {docker.py:436} INFO - 24/06/25 12:53:19 INFO BlockManagerMasterEndpoint: Registering block manager localhost:36713 with 434.4 MiB RAM, BlockManagerId(driver, localhost, 36713, None)
[2024-06-25T12:53:19.311+0000] {docker.py:436} INFO - 24/06/25 12:53:19 INFO BlockManagerMaster: Registered BlockManager BlockManagerId(driver, localhost, 36713, None)
[2024-06-25T12:53:19.313+0000] {docker.py:436} INFO - 24/06/25 12:53:19 INFO BlockManager: Initialized BlockManager: BlockManagerId(driver, localhost, 36713, None)
[2024-06-25T12:53:19.827+0000] {docker.py:436} INFO - 2024-06-25 12:53:19,827:create_spark_session:INFO:Spark session created successfully
[2024-06-25T12:53:19.849+0000] {docker.py:436} INFO - 24/06/25 12:53:19 INFO SharedState: Setting hive.metastore.warehouse.dir ('null') to the value of spark.sql.warehouse.dir.
[2024-06-25T12:53:19.853+0000] {docker.py:436} INFO - 24/06/25 12:53:19 INFO SharedState: Warehouse path is 'file:/opt/bitnami/spark/spark-warehouse'.
[2024-06-25T12:53:21.766+0000] {docker.py:436} INFO - 2024-06-25 12:53:21,766:create_initial_dataframe:INFO:Initial dataframe created successfully: {df.show()}
StructType([StructField('item_purchased', StringType(), True), StructField('date_of_purchase', DateType(), True), StructField('cost', FloatType(), True), StructField('quantity', IntegerType(), True), StructField('purchased_by', StringType(), True), StructField('payment_method', StringType(), True)])
[2024-06-25T12:53:22.147+0000] {docker.py:436} INFO - Traceback (most recent call last):
  File "/opt/bitnami/spark/scripts/spark_bronze_layer.py", line 103, in <module>
[2024-06-25T12:53:22.147+0000] {docker.py:436} INFO - write_to_postgres()
  File "/opt/bitnami/spark/scripts/spark_bronze_layer.py", line 99, in write_to_postgres
    start_streaming()
  File "/opt/bitnami/spark/scripts/spark_bronze_layer.py", line 90, in start_streaming
    tables_df = spark.read.jdbc(url=POSTGRES_URL, table=query, properties=POSTGRES_PROPERTIES)
                ^^^^^
NameError: name 'spark' is not defined
2024-06-25 12:53:22,145:close:INFO:Closing down clientserver connection
[2024-06-25T12:53:22.225+0000] {docker.py:436} INFO - 24/06/25 12:53:22 INFO SparkContext: Invoking stop() from shutdown hook
[2024-06-25T12:53:22.225+0000] {docker.py:436} INFO - 24/06/25 12:53:22 INFO SparkContext: SparkContext is stopping with exitCode 0.
[2024-06-25T12:53:22.237+0000] {docker.py:436} INFO - 24/06/25 12:53:22 INFO SparkUI: Stopped Spark web UI at http://localhost:4040
[2024-06-25T12:53:22.259+0000] {docker.py:436} INFO - 24/06/25 12:53:22 INFO MapOutputTrackerMasterEndpoint: MapOutputTrackerMasterEndpoint stopped!
[2024-06-25T12:53:22.280+0000] {docker.py:436} INFO - 24/06/25 12:53:22 INFO MemoryStore: MemoryStore cleared
[2024-06-25T12:53:22.281+0000] {docker.py:436} INFO - 24/06/25 12:53:22 INFO BlockManager: BlockManager stopped
[2024-06-25T12:53:22.299+0000] {docker.py:436} INFO - 24/06/25 12:53:22 INFO BlockManagerMaster: BlockManagerMaster stopped
[2024-06-25T12:53:22.311+0000] {docker.py:436} INFO - 24/06/25 12:53:22 INFO OutputCommitCoordinator$OutputCommitCoordinatorEndpoint: OutputCommitCoordinator stopped!
[2024-06-25T12:53:22.343+0000] {docker.py:436} INFO - 24/06/25 12:53:22 INFO SparkContext: Successfully stopped SparkContext
[2024-06-25T12:53:22.344+0000] {docker.py:436} INFO - 24/06/25 12:53:22 INFO ShutdownHookManager: Shutdown hook called
[2024-06-25T12:53:22.345+0000] {docker.py:436} INFO - 24/06/25 12:53:22 INFO ShutdownHookManager: Deleting directory /tmp/spark-1c769d2e-eb74-41d4-a656-88a53052ddbc
[2024-06-25T12:53:22.351+0000] {docker.py:436} INFO - 24/06/25 12:53:22 INFO ShutdownHookManager: Deleting directory /tmp/spark-1c769d2e-eb74-41d4-a656-88a53052ddbc/pyspark-7cb8b6eb-fff7-4d3f-8b51-bbb8af50ad6d
[2024-06-25T12:53:22.357+0000] {docker.py:436} INFO - 24/06/25 12:53:22 INFO ShutdownHookManager: Deleting directory /tmp/spark-52eaf7dc-4eb1-4a09-af82-8c8ff502c054
[2024-06-25T12:53:22.704+0000] {taskinstance.py:441} INFO - ::group::Post task execution logs
[2024-06-25T12:53:22.718+0000] {taskinstance.py:2905} ERROR - Task failed with exception
Traceback (most recent call last):
  File "/home/airflow/.local/lib/python3.12/site-packages/docker/api/client.py", line 265, in _raise_for_status
    response.raise_for_status()
  File "/home/airflow/.local/lib/python3.12/site-packages/requests/models.py", line 1021, in raise_for_status
    raise HTTPError(http_error_msg, response=self)
requests.exceptions.HTTPError: 400 Client Error: Bad Request for url: http://docker-proxy:2375/v1.45/containers/create

The above exception was the direct cause of the following exception:

Traceback (most recent call last):
  File "/home/airflow/.local/lib/python3.12/site-packages/airflow/providers/docker/operators/docker.py", line 371, in _run_image
    return self._run_image_with_mounts([*self.mounts, tmp_mount], add_tmp_variable=True)
           ^^^^^^^^^^^^^^^^^^^^^^^^^^^^^^^^^^^^^^^^^^^^^^^^^^^^^^^^^^^^^^^^^^^^^^^^^^^^^
  File "/home/airflow/.local/lib/python3.12/site-packages/airflow/providers/docker/operators/docker.py", line 398, in _run_image_with_mounts
    self.container = self.cli.create_container(
                     ^^^^^^^^^^^^^^^^^^^^^^^^^^
  File "/home/airflow/.local/lib/python3.12/site-packages/docker/api/container.py", line 439, in create_container
    return self.create_container_from_config(config, name, platform)
           ^^^^^^^^^^^^^^^^^^^^^^^^^^^^^^^^^^^^^^^^^^^^^^^^^^^^^^^^^
  File "/home/airflow/.local/lib/python3.12/site-packages/docker/api/container.py", line 456, in create_container_from_config
    return self._result(res, True)
           ^^^^^^^^^^^^^^^^^^^^^^^
  File "/home/airflow/.local/lib/python3.12/site-packages/docker/api/client.py", line 271, in _result
    self._raise_for_status(response)
  File "/home/airflow/.local/lib/python3.12/site-packages/docker/api/client.py", line 267, in _raise_for_status
    raise create_api_error_from_http_exception(e) from e
          ^^^^^^^^^^^^^^^^^^^^^^^^^^^^^^^^^^^^^^^
  File "/home/airflow/.local/lib/python3.12/site-packages/docker/errors.py", line 39, in create_api_error_from_http_exception
    raise cls(e, response=response, explanation=explanation) from e
docker.errors.APIError: 400 Client Error for http://docker-proxy:2375/v1.45/containers/create: Bad Request ("invalid mount config for type "bind": bind source path does not exist: /tmp/airflowtmp9yak6z4w")

During handling of the above exception, another exception occurred:

Traceback (most recent call last):
  File "/home/airflow/.local/lib/python3.12/site-packages/airflow/models/taskinstance.py", line 465, in _execute_task
    result = _execute_callable(context=context, **execute_callable_kwargs)
             ^^^^^^^^^^^^^^^^^^^^^^^^^^^^^^^^^^^^^^^^^^^^^^^^^^^^^^^^^^^^^
  File "/home/airflow/.local/lib/python3.12/site-packages/airflow/models/taskinstance.py", line 432, in _execute_callable
    return execute_callable(context=context, **execute_callable_kwargs)
           ^^^^^^^^^^^^^^^^^^^^^^^^^^^^^^^^^^^^^^^^^^^^^^^^^^^^^^^^^^^^
  File "/home/airflow/.local/lib/python3.12/site-packages/airflow/models/baseoperator.py", line 400, in wrapper
    return func(self, *args, **kwargs)
           ^^^^^^^^^^^^^^^^^^^^^^^^^^^
  File "/home/airflow/.local/lib/python3.12/site-packages/airflow/providers/docker/operators/docker.py", line 509, in execute
    return self._run_image()
           ^^^^^^^^^^^^^^^^^
  File "/home/airflow/.local/lib/python3.12/site-packages/airflow/providers/docker/operators/docker.py", line 380, in _run_image
    return self._run_image_with_mounts(self.mounts, add_tmp_variable=False)
           ^^^^^^^^^^^^^^^^^^^^^^^^^^^^^^^^^^^^^^^^^^^^^^^^^^^^^^^^^^^^^^^^
  File "/home/airflow/.local/lib/python3.12/site-packages/airflow/providers/docker/operators/docker.py", line 444, in _run_image_with_mounts
    raise DockerContainerFailedException(f"Docker container failed: {result!r}", logs=log_lines)
airflow.providers.docker.exceptions.DockerContainerFailedException: Docker container failed: {'StatusCode': 1}
[2024-06-25T12:53:22.725+0000] {taskinstance.py:1206} INFO - Marking task as FAILED. dag_id=Stage_1, task_id=run_bronze_job, run_id=manual__2024-06-25T12:52:52.748141+00:00, execution_date=20240625T125252, start_date=20240625T125259, end_date=20240625T125322
[2024-06-25T12:53:22.743+0000] {standard_task_runner.py:110} ERROR - Failed to execute job 164 for task run_bronze_job (Docker container failed: {'StatusCode': 1}; 1942)
[2024-06-25T12:53:22.758+0000] {local_task_job_runner.py:240} INFO - Task exited with return code 1
[2024-06-25T12:53:22.778+0000] {taskinstance.py:3498} INFO - 0 downstream tasks scheduled from follow-on schedule check
[2024-06-25T12:53:22.781+0000] {local_task_job_runner.py:222} INFO - ::endgroup::
