[2024-06-27T07:48:04.670+0000] {local_task_job_runner.py:120} INFO - ::group::Pre task execution logs
[2024-06-27T07:48:04.738+0000] {taskinstance.py:2076} INFO - Dependencies all met for dep_context=non-requeueable deps ti=<TaskInstance: Stage_1.run_bronze_job manual__2024-06-27T07:47:56.634151+00:00 [queued]>
[2024-06-27T07:48:04.757+0000] {taskinstance.py:2076} INFO - Dependencies all met for dep_context=requeueable deps ti=<TaskInstance: Stage_1.run_bronze_job manual__2024-06-27T07:47:56.634151+00:00 [queued]>
[2024-06-27T07:48:04.758+0000] {taskinstance.py:2306} INFO - Starting attempt 1 of 1
[2024-06-27T07:48:04.786+0000] {taskinstance.py:2330} INFO - Executing <Task(DockerOperator): run_bronze_job> on 2024-06-27 07:47:56.634151+00:00
[2024-06-27T07:48:04.796+0000] {logging_mixin.py:188} WARNING - /home/***/.local/lib/python3.12/site-packages/***/task/task_runner/standard_task_runner.py:61 DeprecationWarning: This process (pid=840) is multi-threaded, use of fork() may lead to deadlocks in the child.
[2024-06-27T07:48:04.798+0000] {standard_task_runner.py:63} INFO - Started process 841 to run task
[2024-06-27T07:48:04.796+0000] {standard_task_runner.py:90} INFO - Running: ['***', 'tasks', 'run', 'Stage_1', 'run_bronze_job', 'manual__2024-06-27T07:47:56.634151+00:00', '--job-id', '186', '--raw', '--subdir', 'DAGS_FOLDER/kafka_dag.py', '--cfg-path', '/tmp/tmpk4un3ebr']
[2024-06-27T07:48:04.799+0000] {standard_task_runner.py:91} INFO - Job 186: Subtask run_bronze_job
[2024-06-27T07:48:04.821+0000] {logging_mixin.py:188} WARNING - /home/***/.local/lib/python3.12/site-packages/***/settings.py:195 DeprecationWarning: The sql_alchemy_conn option in [core] has been moved to the sql_alchemy_conn option in [database] - the old setting has been used, but please update your config.
[2024-06-27T07:48:04.873+0000] {task_command.py:426} INFO - Running <TaskInstance: Stage_1.run_bronze_job manual__2024-06-27T07:47:56.634151+00:00 [running]> on host 08bfa8b73cac
[2024-06-27T07:48:05.036+0000] {taskinstance.py:2648} INFO - Exporting env vars: AIRFLOW_CTX_DAG_OWNER='***' AIRFLOW_CTX_DAG_ID='Stage_1' AIRFLOW_CTX_TASK_ID='run_bronze_job' AIRFLOW_CTX_EXECUTION_DATE='2024-06-27T07:47:56.634151+00:00' AIRFLOW_CTX_TRY_NUMBER='1' AIRFLOW_CTX_DAG_RUN_ID='manual__2024-06-27T07:47:56.634151+00:00'
[2024-06-27T07:48:05.037+0000] {taskinstance.py:430} INFO - ::endgroup::
[2024-06-27T07:48:05.096+0000] {docker.py:366} INFO - Starting docker container from image bitnami/spark:latest
[2024-06-27T07:48:05.101+0000] {docker.py:374} WARNING - Using remote engine or docker-in-docker and mounting temporary volume from host is not supported. Falling back to `mount_tmp_dir=False` mode. You can set `mount_tmp_dir` parameter to False to disable mounting and remove the warning
[2024-06-27T07:48:05.884+0000] {docker.py:436} INFO - [38;5;6mspark [38;5;5m07:48:05.88 [0m[38;5;2mINFO [0m ==>
[2024-06-27T07:48:05.887+0000] {docker.py:436} INFO - [38;5;6mspark [38;5;5m07:48:05.88 [0m[38;5;2mINFO [0m ==> [1mWelcome to the Bitnami spark container[0m
[2024-06-27T07:48:05.889+0000] {docker.py:436} INFO - [38;5;6mspark [38;5;5m07:48:05.88 [0m[38;5;2mINFO [0m ==> Subscribe to project updates by watching [1mhttps://github.com/bitnami/containers[0m
[2024-06-27T07:48:05.891+0000] {docker.py:436} INFO - [38;5;6mspark [38;5;5m07:48:05.89 [0m[38;5;2mINFO [0m ==> Submit issues and feature requests at [1mhttps://github.com/bitnami/containers/issues[0m
[2024-06-27T07:48:05.896+0000] {docker.py:436} INFO - [38;5;6mspark [38;5;5m07:48:05.89 [0m[38;5;2mINFO [0m ==> Upgrade to Tanzu Application Catalog for production environments to access custom-configured and pre-packaged software components. Gain enhanced features, including Software Bill of Materials (SBOM), CVE scan result reports, and VEX documents. To learn more, visit [1mhttps://bitnami.com/enterprise[0m
[2024-06-27T07:48:05.901+0000] {docker.py:436} INFO - [38;5;6mspark [38;5;5m07:48:05.90 [0m[38;5;2mINFO [0m ==>
[2024-06-27T07:48:05.920+0000] {docker.py:436} INFO - 
[2024-06-27T07:48:11.460+0000] {docker.py:436} INFO - :: loading settings :: url = jar:file:/opt/bitnami/spark/jars/ivy-2.5.1.jar!/org/apache/ivy/core/settings/ivysettings.xml
[2024-06-27T07:48:11.596+0000] {docker.py:436} INFO - Ivy Default Cache set to: /opt/bitnami/spark/.ivy2/cache
The jars for the packages stored in: /opt/bitnami/spark/.ivy2/jars
[2024-06-27T07:48:11.607+0000] {docker.py:436} INFO - org.apache.spark#spark-sql-kafka-0-10_2.12 added as a dependency
[2024-06-27T07:48:11.608+0000] {docker.py:436} INFO - org.postgresql#postgresql added as a dependency
[2024-06-27T07:48:11.610+0000] {docker.py:436} INFO - :: resolving dependencies :: org.apache.spark#spark-submit-parent-953b786f-d582-4df3-8ff0-93874ef3e412;1.0
[2024-06-27T07:48:11.611+0000] {docker.py:436} INFO - confs: [default]
[2024-06-27T07:48:14.823+0000] {docker.py:436} INFO - found org.apache.spark#spark-sql-kafka-0-10_2.12;3.3.0 in central
[2024-06-27T07:48:15.636+0000] {docker.py:436} INFO - found org.apache.spark#spark-token-provider-kafka-0-10_2.12;3.3.0 in central
[2024-06-27T07:48:15.888+0000] {docker.py:436} INFO - found org.apache.kafka#kafka-clients;2.8.1 in central
[2024-06-27T07:48:16.007+0000] {docker.py:436} INFO - found org.lz4#lz4-java;1.8.0 in central
[2024-06-27T07:48:16.153+0000] {docker.py:436} INFO - found org.xerial.snappy#snappy-java;1.1.8.4 in central
[2024-06-27T07:48:16.422+0000] {docker.py:436} INFO - found org.slf4j#slf4j-api;1.7.32 in central
[2024-06-27T07:48:17.827+0000] {docker.py:436} INFO - found org.apache.hadoop#hadoop-client-runtime;3.3.2 in central
[2024-06-27T07:48:17.935+0000] {docker.py:436} INFO - found org.spark-project.spark#unused;1.0.0 in central
[2024-06-27T07:48:18.059+0000] {docker.py:436} INFO - found org.apache.hadoop#hadoop-client-api;3.3.2 in central
[2024-06-27T07:48:18.271+0000] {docker.py:436} INFO - found commons-logging#commons-logging;1.1.3 in central
[2024-06-27T07:48:18.308+0000] {docker.py:436} INFO - found com.google.code.findbugs#jsr305;3.0.0 in central
[2024-06-27T07:48:19.354+0000] {docker.py:436} INFO - found org.apache.commons#commons-pool2;2.11.1 in central
[2024-06-27T07:48:21.195+0000] {docker.py:436} INFO - found org.postgresql#postgresql;42.2.2 in central
[2024-06-27T07:48:21.219+0000] {docker.py:436} INFO - downloading https://repo1.maven.org/maven2/org/apache/spark/spark-sql-kafka-0-10_2.12/3.3.0/spark-sql-kafka-0-10_2.12-3.3.0.jar ...
[2024-06-27T07:48:21.308+0000] {docker.py:436} INFO - [SUCCESSFUL ] org.apache.spark#spark-sql-kafka-0-10_2.12;3.3.0!spark-sql-kafka-0-10_2.12.jar (98ms)
[2024-06-27T07:48:21.321+0000] {docker.py:436} INFO - downloading https://repo1.maven.org/maven2/org/postgresql/postgresql/42.2.2/postgresql-42.2.2.jar ...
[2024-06-27T07:48:21.449+0000] {docker.py:436} INFO - [SUCCESSFUL ] org.postgresql#postgresql;42.2.2!postgresql.jar(bundle) (138ms)
[2024-06-27T07:48:21.461+0000] {docker.py:436} INFO - downloading https://repo1.maven.org/maven2/org/apache/spark/spark-token-provider-kafka-0-10_2.12/3.3.0/spark-token-provider-kafka-0-10_2.12-3.3.0.jar ...
[2024-06-27T07:48:21.477+0000] {docker.py:436} INFO - [SUCCESSFUL ] org.apache.spark#spark-token-provider-kafka-0-10_2.12;3.3.0!spark-token-provider-kafka-0-10_2.12.jar (27ms)
[2024-06-27T07:48:21.494+0000] {docker.py:436} INFO - downloading https://repo1.maven.org/maven2/org/apache/kafka/kafka-clients/2.8.1/kafka-clients-2.8.1.jar ...
[2024-06-27T07:48:22.038+0000] {docker.py:436} INFO - [SUCCESSFUL ] org.apache.kafka#kafka-clients;2.8.1!kafka-clients.jar (559ms)
[2024-06-27T07:48:22.055+0000] {docker.py:436} INFO - downloading https://repo1.maven.org/maven2/com/google/code/findbugs/jsr305/3.0.0/jsr305-3.0.0.jar ...
[2024-06-27T07:48:22.076+0000] {docker.py:436} INFO - [SUCCESSFUL ] com.google.code.findbugs#jsr305;3.0.0!jsr305.jar (37ms)
[2024-06-27T07:48:22.085+0000] {docker.py:436} INFO - downloading https://repo1.maven.org/maven2/org/apache/commons/commons-pool2/2.11.1/commons-pool2-2.11.1.jar ...
[2024-06-27T07:48:22.120+0000] {docker.py:436} INFO - [SUCCESSFUL ] org.apache.commons#commons-pool2;2.11.1!commons-pool2.jar (43ms)
[2024-06-27T07:48:22.132+0000] {docker.py:436} INFO - downloading https://repo1.maven.org/maven2/org/spark-project/spark/unused/1.0.0/unused-1.0.0.jar ...
[2024-06-27T07:48:22.153+0000] {docker.py:436} INFO - [SUCCESSFUL ] org.spark-project.spark#unused;1.0.0!unused.jar (31ms)
[2024-06-27T07:48:22.164+0000] {docker.py:436} INFO - downloading https://repo1.maven.org/maven2/org/apache/hadoop/hadoop-client-runtime/3.3.2/hadoop-client-runtime-3.3.2.jar ...
[2024-06-27T07:48:25.358+0000] {docker.py:436} INFO - [SUCCESSFUL ] org.apache.hadoop#hadoop-client-runtime;3.3.2!hadoop-client-runtime.jar (3203ms)
[2024-06-27T07:48:25.371+0000] {docker.py:436} INFO - downloading https://repo1.maven.org/maven2/org/lz4/lz4-java/1.8.0/lz4-java-1.8.0.jar ...
[2024-06-27T07:48:25.443+0000] {docker.py:436} INFO - [SUCCESSFUL ] org.lz4#lz4-java;1.8.0!lz4-java.jar (84ms)
[2024-06-27T07:48:25.457+0000] {docker.py:436} INFO - downloading https://repo1.maven.org/maven2/org/xerial/snappy/snappy-java/1.1.8.4/snappy-java-1.1.8.4.jar ...
[2024-06-27T07:48:25.666+0000] {docker.py:436} INFO - [SUCCESSFUL ] org.xerial.snappy#snappy-java;1.1.8.4!snappy-java.jar(bundle) (219ms)
[2024-06-27T07:48:25.681+0000] {docker.py:436} INFO - downloading https://repo1.maven.org/maven2/org/slf4j/slf4j-api/1.7.32/slf4j-api-1.7.32.jar ...
[2024-06-27T07:48:25.704+0000] {docker.py:436} INFO - [SUCCESSFUL ] org.slf4j#slf4j-api;1.7.32!slf4j-api.jar (37ms)
[2024-06-27T07:48:25.715+0000] {docker.py:436} INFO - downloading https://repo1.maven.org/maven2/org/apache/hadoop/hadoop-client-api/3.3.2/hadoop-client-api-3.3.2.jar ...
[2024-06-27T07:48:28.425+0000] {docker.py:436} INFO - [SUCCESSFUL ] org.apache.hadoop#hadoop-client-api;3.3.2!hadoop-client-api.jar (2718ms)
[2024-06-27T07:48:28.437+0000] {docker.py:436} INFO - downloading https://repo1.maven.org/maven2/commons-logging/commons-logging/1.1.3/commons-logging-1.1.3.jar ...
[2024-06-27T07:48:28.457+0000] {docker.py:436} INFO - [SUCCESSFUL ] commons-logging#commons-logging;1.1.3!commons-logging.jar (29ms)
[2024-06-27T07:48:28.459+0000] {docker.py:436} INFO - :: resolution report :: resolve 9598ms :: artifacts dl 7250ms
[2024-06-27T07:48:28.459+0000] {docker.py:436} INFO - :: modules in use:
[2024-06-27T07:48:28.460+0000] {docker.py:436} INFO - com.google.code.findbugs#jsr305;3.0.0 from central in [default]
[2024-06-27T07:48:28.460+0000] {docker.py:436} INFO - commons-logging#commons-logging;1.1.3 from central in [default]
[2024-06-27T07:48:28.461+0000] {docker.py:436} INFO - org.apache.commons#commons-pool2;2.11.1 from central in [default]
	org.apache.hadoop#hadoop-client-api;3.3.2 from central in [default]
[2024-06-27T07:48:28.462+0000] {docker.py:436} INFO - org.apache.hadoop#hadoop-client-runtime;3.3.2 from central in [default]
	org.apache.kafka#kafka-clients;2.8.1 from central in [default]
[2024-06-27T07:48:28.462+0000] {docker.py:436} INFO - org.apache.spark#spark-sql-kafka-0-10_2.12;3.3.0 from central in [default]
[2024-06-27T07:48:28.463+0000] {docker.py:436} INFO - org.apache.spark#spark-token-provider-kafka-0-10_2.12;3.3.0 from central in [default]
	org.lz4#lz4-java;1.8.0 from central in [default]
[2024-06-27T07:48:28.463+0000] {docker.py:436} INFO - org.postgresql#postgresql;42.2.2 from central in [default]
	org.slf4j#slf4j-api;1.7.32 from central in [default]
[2024-06-27T07:48:28.464+0000] {docker.py:436} INFO - org.spark-project.spark#unused;1.0.0 from central in [default]
	org.xerial.snappy#snappy-java;1.1.8.4 from central in [default]
[2024-06-27T07:48:28.465+0000] {docker.py:436} INFO - ---------------------------------------------------------------------
[2024-06-27T07:48:28.465+0000] {docker.py:436} INFO - |                  |            modules            ||   artifacts   |
	|       conf       | number| search|dwnlded|evicted|| number|dwnlded|
	---------------------------------------------------------------------
[2024-06-27T07:48:28.466+0000] {docker.py:436} INFO - |      default     |   13  |   13  |   13  |   0   ||   13  |   13  |
	---------------------------------------------------------------------
[2024-06-27T07:48:28.472+0000] {docker.py:436} INFO - :: retrieving :: org.apache.spark#spark-submit-parent-953b786f-d582-4df3-8ff0-93874ef3e412
	confs: [default]
[2024-06-27T07:48:28.582+0000] {docker.py:436} INFO - 13 artifacts copied, 0 already retrieved (57403kB/111ms)
[2024-06-27T07:48:28.993+0000] {docker.py:436} INFO - 24/06/27 07:48:28 WARN NativeCodeLoader: Unable to load native-hadoop library for your platform... using builtin-java classes where applicable
[2024-06-27T07:48:30.833+0000] {docker.py:436} INFO - 24/06/27 07:48:30 INFO SparkContext: Running Spark version 3.5.1
[2024-06-27T07:48:30.835+0000] {docker.py:436} INFO - 24/06/27 07:48:30 INFO SparkContext: OS info Linux, 6.5.0-41-generic, amd64
24/06/27 07:48:30 INFO SparkContext: Java version 17.0.11
[2024-06-27T07:48:30.910+0000] {docker.py:436} INFO - 24/06/27 07:48:30 INFO ResourceUtils: ==============================================================
24/06/27 07:48:30 INFO ResourceUtils: No custom resources configured for spark.driver.
24/06/27 07:48:30 INFO ResourceUtils: ==============================================================
24/06/27 07:48:30 INFO SparkContext: Submitted application: PostgreSQL Connection with PySpark
[2024-06-27T07:48:30.975+0000] {docker.py:436} INFO - 24/06/27 07:48:30 INFO ResourceProfile: Default ResourceProfile created, executor resources: Map(cores -> name: cores, amount: 1, script: , vendor: , memory -> name: memory, amount: 1024, script: , vendor: , offHeap -> name: offHeap, amount: 0, script: , vendor: ), task resources: Map(cpus -> name: cpus, amount: 1.0)
[2024-06-27T07:48:30.995+0000] {docker.py:436} INFO - 24/06/27 07:48:30 INFO ResourceProfile: Limiting resource is cpu
[2024-06-27T07:48:30.997+0000] {docker.py:436} INFO - 24/06/27 07:48:30 INFO ResourceProfileManager: Added ResourceProfile id: 0
[2024-06-27T07:48:31.102+0000] {docker.py:436} INFO - 24/06/27 07:48:31 INFO SecurityManager: Changing view acls to: spark
[2024-06-27T07:48:31.103+0000] {docker.py:436} INFO - 24/06/27 07:48:31 INFO SecurityManager: Changing modify acls to: spark
[2024-06-27T07:48:31.104+0000] {docker.py:436} INFO - 24/06/27 07:48:31 INFO SecurityManager: Changing view acls groups to:
[2024-06-27T07:48:31.105+0000] {docker.py:436} INFO - 24/06/27 07:48:31 INFO SecurityManager: Changing modify acls groups to:
[2024-06-27T07:48:31.106+0000] {docker.py:436} INFO - 24/06/27 07:48:31 INFO SecurityManager: SecurityManager: authentication disabled; ui acls disabled; users with view permissions: spark; groups with view permissions: EMPTY; users with modify permissions: spark; groups with modify permissions: EMPTY
[2024-06-27T07:48:31.624+0000] {docker.py:436} INFO - 24/06/27 07:48:31 INFO Utils: Successfully started service 'sparkDriver' on port 39729.
[2024-06-27T07:48:31.697+0000] {docker.py:436} INFO - 24/06/27 07:48:31 INFO SparkEnv: Registering MapOutputTracker
[2024-06-27T07:48:31.792+0000] {docker.py:436} INFO - 24/06/27 07:48:31 INFO SparkEnv: Registering BlockManagerMaster
[2024-06-27T07:48:31.857+0000] {docker.py:436} INFO - 24/06/27 07:48:31 INFO BlockManagerMasterEndpoint: Using org.apache.spark.storage.DefaultTopologyMapper for getting topology information
[2024-06-27T07:48:31.859+0000] {docker.py:436} INFO - 24/06/27 07:48:31 INFO BlockManagerMasterEndpoint: BlockManagerMasterEndpoint up
[2024-06-27T07:48:31.882+0000] {docker.py:436} INFO - 24/06/27 07:48:31 INFO SparkEnv: Registering BlockManagerMasterHeartbeat
[2024-06-27T07:48:31.943+0000] {docker.py:436} INFO - 24/06/27 07:48:31 INFO DiskBlockManager: Created local directory at /tmp/blockmgr-f3c9c30e-36e7-49b6-9700-30155ad8114d
[2024-06-27T07:48:31.975+0000] {docker.py:436} INFO - 24/06/27 07:48:31 INFO MemoryStore: MemoryStore started with capacity 434.4 MiB
[2024-06-27T07:48:32.005+0000] {docker.py:436} INFO - 24/06/27 07:48:32 INFO SparkEnv: Registering OutputCommitCoordinator
[2024-06-27T07:48:32.243+0000] {docker.py:436} INFO - 24/06/27 07:48:32 INFO JettyUtils: Start Jetty 0.0.0.0:4040 for SparkUI
[2024-06-27T07:48:32.384+0000] {docker.py:436} INFO - 24/06/27 07:48:32 INFO Utils: Successfully started service 'SparkUI' on port 4040.
[2024-06-27T07:48:32.464+0000] {docker.py:436} INFO - 24/06/27 07:48:32 INFO SparkContext: Added JAR file:///opt/bitnami/spark/.ivy2/jars/org.apache.spark_spark-sql-kafka-0-10_2.12-3.3.0.jar at spark://localhost:39729/jars/org.apache.spark_spark-sql-kafka-0-10_2.12-3.3.0.jar with timestamp 1719474510817
[2024-06-27T07:48:32.468+0000] {docker.py:436} INFO - 24/06/27 07:48:32 INFO SparkContext: Added JAR file:///opt/bitnami/spark/.ivy2/jars/org.postgresql_postgresql-42.2.2.jar at spark://localhost:39729/jars/org.postgresql_postgresql-42.2.2.jar with timestamp 1719474510817
[2024-06-27T07:48:32.470+0000] {docker.py:436} INFO - 24/06/27 07:48:32 INFO SparkContext: Added JAR file:///opt/bitnami/spark/.ivy2/jars/org.apache.spark_spark-token-provider-kafka-0-10_2.12-3.3.0.jar at spark://localhost:39729/jars/org.apache.spark_spark-token-provider-kafka-0-10_2.12-3.3.0.jar with timestamp 1719474510817
[2024-06-27T07:48:32.471+0000] {docker.py:436} INFO - 24/06/27 07:48:32 INFO SparkContext: Added JAR file:///opt/bitnami/spark/.ivy2/jars/org.apache.kafka_kafka-clients-2.8.1.jar at spark://localhost:39729/jars/org.apache.kafka_kafka-clients-2.8.1.jar with timestamp 1719474510817
[2024-06-27T07:48:32.473+0000] {docker.py:436} INFO - 24/06/27 07:48:32 INFO SparkContext: Added JAR file:///opt/bitnami/spark/.ivy2/jars/com.google.code.findbugs_jsr305-3.0.0.jar at spark://localhost:39729/jars/com.google.code.findbugs_jsr305-3.0.0.jar with timestamp 1719474510817
[2024-06-27T07:48:32.474+0000] {docker.py:436} INFO - 24/06/27 07:48:32 INFO SparkContext: Added JAR file:///opt/bitnami/spark/.ivy2/jars/org.apache.commons_commons-pool2-2.11.1.jar at spark://localhost:39729/jars/org.apache.commons_commons-pool2-2.11.1.jar with timestamp 1719474510817
[2024-06-27T07:48:32.475+0000] {docker.py:436} INFO - 24/06/27 07:48:32 INFO SparkContext: Added JAR file:///opt/bitnami/spark/.ivy2/jars/org.spark-project.spark_unused-1.0.0.jar at spark://localhost:39729/jars/org.spark-project.spark_unused-1.0.0.jar with timestamp 1719474510817
[2024-06-27T07:48:32.477+0000] {docker.py:436} INFO - 24/06/27 07:48:32 INFO SparkContext: Added JAR file:///opt/bitnami/spark/.ivy2/jars/org.apache.hadoop_hadoop-client-runtime-3.3.2.jar at spark://localhost:39729/jars/org.apache.hadoop_hadoop-client-runtime-3.3.2.jar with timestamp 1719474510817
24/06/27 07:48:32 INFO SparkContext: Added JAR file:///opt/bitnami/spark/.ivy2/jars/org.lz4_lz4-java-1.8.0.jar at spark://localhost:39729/jars/org.lz4_lz4-java-1.8.0.jar with timestamp 1719474510817
[2024-06-27T07:48:32.483+0000] {docker.py:436} INFO - 24/06/27 07:48:32 INFO SparkContext: Added JAR file:///opt/bitnami/spark/.ivy2/jars/org.xerial.snappy_snappy-java-1.1.8.4.jar at spark://localhost:39729/jars/org.xerial.snappy_snappy-java-1.1.8.4.jar with timestamp 1719474510817
24/06/27 07:48:32 INFO SparkContext: Added JAR file:///opt/bitnami/spark/.ivy2/jars/org.slf4j_slf4j-api-1.7.32.jar at spark://localhost:39729/jars/org.slf4j_slf4j-api-1.7.32.jar with timestamp 1719474510817
[2024-06-27T07:48:32.484+0000] {docker.py:436} INFO - 24/06/27 07:48:32 INFO SparkContext: Added JAR file:///opt/bitnami/spark/.ivy2/jars/org.apache.hadoop_hadoop-client-api-3.3.2.jar at spark://localhost:39729/jars/org.apache.hadoop_hadoop-client-api-3.3.2.jar with timestamp 1719474510817
[2024-06-27T07:48:32.490+0000] {docker.py:436} INFO - 24/06/27 07:48:32 INFO SparkContext: Added JAR file:///opt/bitnami/spark/.ivy2/jars/commons-logging_commons-logging-1.1.3.jar at spark://localhost:39729/jars/commons-logging_commons-logging-1.1.3.jar with timestamp 1719474510817
[2024-06-27T07:48:32.501+0000] {docker.py:436} INFO - 24/06/27 07:48:32 INFO SparkContext: Added file file:///opt/bitnami/spark/.ivy2/jars/org.apache.spark_spark-sql-kafka-0-10_2.12-3.3.0.jar at file:///opt/bitnami/spark/.ivy2/jars/org.apache.spark_spark-sql-kafka-0-10_2.12-3.3.0.jar with timestamp 1719474510817
[2024-06-27T07:48:32.504+0000] {docker.py:436} INFO - 24/06/27 07:48:32 INFO Utils: Copying /opt/bitnami/spark/.ivy2/jars/org.apache.spark_spark-sql-kafka-0-10_2.12-3.3.0.jar to /tmp/spark-87aecefb-123b-4ece-afb2-162d4b0ec996/userFiles-f9c8a6f3-e838-4428-8f0a-bb02a229accb/org.apache.spark_spark-sql-kafka-0-10_2.12-3.3.0.jar
[2024-06-27T07:48:32.548+0000] {docker.py:436} INFO - 24/06/27 07:48:32 INFO SparkContext: Added file file:///opt/bitnami/spark/.ivy2/jars/org.postgresql_postgresql-42.2.2.jar at file:///opt/bitnami/spark/.ivy2/jars/org.postgresql_postgresql-42.2.2.jar with timestamp 1719474510817
[2024-06-27T07:48:32.551+0000] {docker.py:436} INFO - 24/06/27 07:48:32 INFO Utils: Copying /opt/bitnami/spark/.ivy2/jars/org.postgresql_postgresql-42.2.2.jar to /tmp/spark-87aecefb-123b-4ece-afb2-162d4b0ec996/userFiles-f9c8a6f3-e838-4428-8f0a-bb02a229accb/org.postgresql_postgresql-42.2.2.jar
[2024-06-27T07:48:32.564+0000] {docker.py:436} INFO - 24/06/27 07:48:32 INFO SparkContext: Added file file:///opt/bitnami/spark/.ivy2/jars/org.apache.spark_spark-token-provider-kafka-0-10_2.12-3.3.0.jar at file:///opt/bitnami/spark/.ivy2/jars/org.apache.spark_spark-token-provider-kafka-0-10_2.12-3.3.0.jar with timestamp 1719474510817
[2024-06-27T07:48:32.565+0000] {docker.py:436} INFO - 24/06/27 07:48:32 INFO Utils: Copying /opt/bitnami/spark/.ivy2/jars/org.apache.spark_spark-token-provider-kafka-0-10_2.12-3.3.0.jar to /tmp/spark-87aecefb-123b-4ece-afb2-162d4b0ec996/userFiles-f9c8a6f3-e838-4428-8f0a-bb02a229accb/org.apache.spark_spark-token-provider-kafka-0-10_2.12-3.3.0.jar
[2024-06-27T07:48:32.570+0000] {docker.py:436} INFO - 24/06/27 07:48:32 INFO SparkContext: Added file file:///opt/bitnami/spark/.ivy2/jars/org.apache.kafka_kafka-clients-2.8.1.jar at file:///opt/bitnami/spark/.ivy2/jars/org.apache.kafka_kafka-clients-2.8.1.jar with timestamp 1719474510817
24/06/27 07:48:32 INFO Utils: Copying /opt/bitnami/spark/.ivy2/jars/org.apache.kafka_kafka-clients-2.8.1.jar to /tmp/spark-87aecefb-123b-4ece-afb2-162d4b0ec996/userFiles-f9c8a6f3-e838-4428-8f0a-bb02a229accb/org.apache.kafka_kafka-clients-2.8.1.jar
[2024-06-27T07:48:32.581+0000] {docker.py:436} INFO - 24/06/27 07:48:32 INFO SparkContext: Added file file:///opt/bitnami/spark/.ivy2/jars/com.google.code.findbugs_jsr305-3.0.0.jar at file:///opt/bitnami/spark/.ivy2/jars/com.google.code.findbugs_jsr305-3.0.0.jar with timestamp 1719474510817
[2024-06-27T07:48:32.582+0000] {docker.py:436} INFO - 24/06/27 07:48:32 INFO Utils: Copying /opt/bitnami/spark/.ivy2/jars/com.google.code.findbugs_jsr305-3.0.0.jar to /tmp/spark-87aecefb-123b-4ece-afb2-162d4b0ec996/userFiles-f9c8a6f3-e838-4428-8f0a-bb02a229accb/com.google.code.findbugs_jsr305-3.0.0.jar
[2024-06-27T07:48:32.589+0000] {docker.py:436} INFO - 24/06/27 07:48:32 INFO SparkContext: Added file file:///opt/bitnami/spark/.ivy2/jars/org.apache.commons_commons-pool2-2.11.1.jar at file:///opt/bitnami/spark/.ivy2/jars/org.apache.commons_commons-pool2-2.11.1.jar with timestamp 1719474510817
[2024-06-27T07:48:32.589+0000] {docker.py:436} INFO - 24/06/27 07:48:32 INFO Utils: Copying /opt/bitnami/spark/.ivy2/jars/org.apache.commons_commons-pool2-2.11.1.jar to /tmp/spark-87aecefb-123b-4ece-afb2-162d4b0ec996/userFiles-f9c8a6f3-e838-4428-8f0a-bb02a229accb/org.apache.commons_commons-pool2-2.11.1.jar
[2024-06-27T07:48:32.594+0000] {docker.py:436} INFO - 24/06/27 07:48:32 INFO SparkContext: Added file file:///opt/bitnami/spark/.ivy2/jars/org.spark-project.spark_unused-1.0.0.jar at file:///opt/bitnami/spark/.ivy2/jars/org.spark-project.spark_unused-1.0.0.jar with timestamp 1719474510817
[2024-06-27T07:48:32.595+0000] {docker.py:436} INFO - 24/06/27 07:48:32 INFO Utils: Copying /opt/bitnami/spark/.ivy2/jars/org.spark-project.spark_unused-1.0.0.jar to /tmp/spark-87aecefb-123b-4ece-afb2-162d4b0ec996/userFiles-f9c8a6f3-e838-4428-8f0a-bb02a229accb/org.spark-project.spark_unused-1.0.0.jar
[2024-06-27T07:48:32.602+0000] {docker.py:436} INFO - 24/06/27 07:48:32 INFO SparkContext: Added file file:///opt/bitnami/spark/.ivy2/jars/org.apache.hadoop_hadoop-client-runtime-3.3.2.jar at file:///opt/bitnami/spark/.ivy2/jars/org.apache.hadoop_hadoop-client-runtime-3.3.2.jar with timestamp 1719474510817
[2024-06-27T07:48:32.603+0000] {docker.py:436} INFO - 24/06/27 07:48:32 INFO Utils: Copying /opt/bitnami/spark/.ivy2/jars/org.apache.hadoop_hadoop-client-runtime-3.3.2.jar to /tmp/spark-87aecefb-123b-4ece-afb2-162d4b0ec996/userFiles-f9c8a6f3-e838-4428-8f0a-bb02a229accb/org.apache.hadoop_hadoop-client-runtime-3.3.2.jar
[2024-06-27T07:48:32.649+0000] {docker.py:436} INFO - 24/06/27 07:48:32 INFO SparkContext: Added file file:///opt/bitnami/spark/.ivy2/jars/org.lz4_lz4-java-1.8.0.jar at file:///opt/bitnami/spark/.ivy2/jars/org.lz4_lz4-java-1.8.0.jar with timestamp 1719474510817
[2024-06-27T07:48:32.649+0000] {docker.py:436} INFO - 24/06/27 07:48:32 INFO Utils: Copying /opt/bitnami/spark/.ivy2/jars/org.lz4_lz4-java-1.8.0.jar to /tmp/spark-87aecefb-123b-4ece-afb2-162d4b0ec996/userFiles-f9c8a6f3-e838-4428-8f0a-bb02a229accb/org.lz4_lz4-java-1.8.0.jar
[2024-06-27T07:48:32.657+0000] {docker.py:436} INFO - 24/06/27 07:48:32 INFO SparkContext: Added file file:///opt/bitnami/spark/.ivy2/jars/org.xerial.snappy_snappy-java-1.1.8.4.jar at file:///opt/bitnami/spark/.ivy2/jars/org.xerial.snappy_snappy-java-1.1.8.4.jar with timestamp 1719474510817
24/06/27 07:48:32 INFO Utils: Copying /opt/bitnami/spark/.ivy2/jars/org.xerial.snappy_snappy-java-1.1.8.4.jar to /tmp/spark-87aecefb-123b-4ece-afb2-162d4b0ec996/userFiles-f9c8a6f3-e838-4428-8f0a-bb02a229accb/org.xerial.snappy_snappy-java-1.1.8.4.jar
[2024-06-27T07:48:32.672+0000] {docker.py:436} INFO - 24/06/27 07:48:32 INFO SparkContext: Added file file:///opt/bitnami/spark/.ivy2/jars/org.slf4j_slf4j-api-1.7.32.jar at file:///opt/bitnami/spark/.ivy2/jars/org.slf4j_slf4j-api-1.7.32.jar with timestamp 1719474510817
24/06/27 07:48:32 INFO Utils: Copying /opt/bitnami/spark/.ivy2/jars/org.slf4j_slf4j-api-1.7.32.jar to /tmp/spark-87aecefb-123b-4ece-afb2-162d4b0ec996/userFiles-f9c8a6f3-e838-4428-8f0a-bb02a229accb/org.slf4j_slf4j-api-1.7.32.jar
[2024-06-27T07:48:32.674+0000] {docker.py:436} INFO - 24/06/27 07:48:32 INFO SparkContext: Added file file:///opt/bitnami/spark/.ivy2/jars/org.apache.hadoop_hadoop-client-api-3.3.2.jar at file:///opt/bitnami/spark/.ivy2/jars/org.apache.hadoop_hadoop-client-api-3.3.2.jar with timestamp 1719474510817
24/06/27 07:48:32 INFO Utils: Copying /opt/bitnami/spark/.ivy2/jars/org.apache.hadoop_hadoop-client-api-3.3.2.jar to /tmp/spark-87aecefb-123b-4ece-afb2-162d4b0ec996/userFiles-f9c8a6f3-e838-4428-8f0a-bb02a229accb/org.apache.hadoop_hadoop-client-api-3.3.2.jar
[2024-06-27T07:48:32.701+0000] {docker.py:436} INFO - 24/06/27 07:48:32 INFO SparkContext: Added file file:///opt/bitnami/spark/.ivy2/jars/commons-logging_commons-logging-1.1.3.jar at file:///opt/bitnami/spark/.ivy2/jars/commons-logging_commons-logging-1.1.3.jar with timestamp 1719474510817
[2024-06-27T07:48:32.703+0000] {docker.py:436} INFO - 24/06/27 07:48:32 INFO Utils: Copying /opt/bitnami/spark/.ivy2/jars/commons-logging_commons-logging-1.1.3.jar to /tmp/spark-87aecefb-123b-4ece-afb2-162d4b0ec996/userFiles-f9c8a6f3-e838-4428-8f0a-bb02a229accb/commons-logging_commons-logging-1.1.3.jar
[2024-06-27T07:48:32.831+0000] {docker.py:436} INFO - 24/06/27 07:48:32 INFO Executor: Starting executor ID driver on host localhost
[2024-06-27T07:48:32.832+0000] {docker.py:436} INFO - 24/06/27 07:48:32 INFO Executor: OS info Linux, 6.5.0-41-generic, amd64
[2024-06-27T07:48:32.837+0000] {docker.py:436} INFO - 24/06/27 07:48:32 INFO Executor: Java version 17.0.11
[2024-06-27T07:48:32.849+0000] {docker.py:436} INFO - 24/06/27 07:48:32 INFO Executor: Starting executor with user classpath (userClassPathFirst = false): ''
[2024-06-27T07:48:32.851+0000] {docker.py:436} INFO - 24/06/27 07:48:32 INFO Executor: Created or updated repl class loader org.apache.spark.util.MutableURLClassLoader@6e6c648d for default.
[2024-06-27T07:48:32.880+0000] {docker.py:436} INFO - 24/06/27 07:48:32 INFO Executor: Fetching file:///opt/bitnami/spark/.ivy2/jars/org.postgresql_postgresql-42.2.2.jar with timestamp 1719474510817
[2024-06-27T07:48:32.913+0000] {docker.py:436} INFO - 24/06/27 07:48:32 INFO Utils: /opt/bitnami/spark/.ivy2/jars/org.postgresql_postgresql-42.2.2.jar has been previously copied to /tmp/spark-87aecefb-123b-4ece-afb2-162d4b0ec996/userFiles-f9c8a6f3-e838-4428-8f0a-bb02a229accb/org.postgresql_postgresql-42.2.2.jar
[2024-06-27T07:48:32.918+0000] {docker.py:436} INFO - 24/06/27 07:48:32 INFO Executor: Fetching file:///opt/bitnami/spark/.ivy2/jars/org.apache.hadoop_hadoop-client-api-3.3.2.jar with timestamp 1719474510817
[2024-06-27T07:48:32.946+0000] {docker.py:436} INFO - 24/06/27 07:48:32 INFO Utils: /opt/bitnami/spark/.ivy2/jars/org.apache.hadoop_hadoop-client-api-3.3.2.jar has been previously copied to /tmp/spark-87aecefb-123b-4ece-afb2-162d4b0ec996/userFiles-f9c8a6f3-e838-4428-8f0a-bb02a229accb/org.apache.hadoop_hadoop-client-api-3.3.2.jar
[2024-06-27T07:48:32.956+0000] {docker.py:436} INFO - 24/06/27 07:48:32 INFO Executor: Fetching file:///opt/bitnami/spark/.ivy2/jars/org.xerial.snappy_snappy-java-1.1.8.4.jar with timestamp 1719474510817
[2024-06-27T07:48:32.959+0000] {docker.py:436} INFO - 24/06/27 07:48:32 INFO Utils: /opt/bitnami/spark/.ivy2/jars/org.xerial.snappy_snappy-java-1.1.8.4.jar has been previously copied to /tmp/spark-87aecefb-123b-4ece-afb2-162d4b0ec996/userFiles-f9c8a6f3-e838-4428-8f0a-bb02a229accb/org.xerial.snappy_snappy-java-1.1.8.4.jar
[2024-06-27T07:48:32.989+0000] {docker.py:436} INFO - 24/06/27 07:48:32 INFO Executor: Fetching file:///opt/bitnami/spark/.ivy2/jars/org.apache.hadoop_hadoop-client-runtime-3.3.2.jar with timestamp 1719474510817
[2024-06-27T07:48:33.028+0000] {docker.py:436} INFO - 24/06/27 07:48:33 INFO Utils: /opt/bitnami/spark/.ivy2/jars/org.apache.hadoop_hadoop-client-runtime-3.3.2.jar has been previously copied to /tmp/spark-87aecefb-123b-4ece-afb2-162d4b0ec996/userFiles-f9c8a6f3-e838-4428-8f0a-bb02a229accb/org.apache.hadoop_hadoop-client-runtime-3.3.2.jar
[2024-06-27T07:48:33.036+0000] {docker.py:436} INFO - 24/06/27 07:48:33 INFO Executor: Fetching file:///opt/bitnami/spark/.ivy2/jars/org.apache.commons_commons-pool2-2.11.1.jar with timestamp 1719474510817
[2024-06-27T07:48:33.037+0000] {docker.py:436} INFO - 24/06/27 07:48:33 INFO Utils: /opt/bitnami/spark/.ivy2/jars/org.apache.commons_commons-pool2-2.11.1.jar has been previously copied to /tmp/spark-87aecefb-123b-4ece-afb2-162d4b0ec996/userFiles-f9c8a6f3-e838-4428-8f0a-bb02a229accb/org.apache.commons_commons-pool2-2.11.1.jar
[2024-06-27T07:48:33.042+0000] {docker.py:436} INFO - 24/06/27 07:48:33 INFO Executor: Fetching file:///opt/bitnami/spark/.ivy2/jars/org.apache.spark_spark-token-provider-kafka-0-10_2.12-3.3.0.jar with timestamp 1719474510817
[2024-06-27T07:48:33.043+0000] {docker.py:436} INFO - 24/06/27 07:48:33 INFO Utils: /opt/bitnami/spark/.ivy2/jars/org.apache.spark_spark-token-provider-kafka-0-10_2.12-3.3.0.jar has been previously copied to /tmp/spark-87aecefb-123b-4ece-afb2-162d4b0ec996/userFiles-f9c8a6f3-e838-4428-8f0a-bb02a229accb/org.apache.spark_spark-token-provider-kafka-0-10_2.12-3.3.0.jar
[2024-06-27T07:48:33.050+0000] {docker.py:436} INFO - 24/06/27 07:48:33 INFO Executor: Fetching file:///opt/bitnami/spark/.ivy2/jars/org.slf4j_slf4j-api-1.7.32.jar with timestamp 1719474510817
[2024-06-27T07:48:33.051+0000] {docker.py:436} INFO - 24/06/27 07:48:33 INFO Utils: /opt/bitnami/spark/.ivy2/jars/org.slf4j_slf4j-api-1.7.32.jar has been previously copied to /tmp/spark-87aecefb-123b-4ece-afb2-162d4b0ec996/userFiles-f9c8a6f3-e838-4428-8f0a-bb02a229accb/org.slf4j_slf4j-api-1.7.32.jar
[2024-06-27T07:48:33.056+0000] {docker.py:436} INFO - 24/06/27 07:48:33 INFO Executor: Fetching file:///opt/bitnami/spark/.ivy2/jars/org.apache.spark_spark-sql-kafka-0-10_2.12-3.3.0.jar with timestamp 1719474510817
[2024-06-27T07:48:33.057+0000] {docker.py:436} INFO - 24/06/27 07:48:33 INFO Utils: /opt/bitnami/spark/.ivy2/jars/org.apache.spark_spark-sql-kafka-0-10_2.12-3.3.0.jar has been previously copied to /tmp/spark-87aecefb-123b-4ece-afb2-162d4b0ec996/userFiles-f9c8a6f3-e838-4428-8f0a-bb02a229accb/org.apache.spark_spark-sql-kafka-0-10_2.12-3.3.0.jar
[2024-06-27T07:48:33.063+0000] {docker.py:436} INFO - 24/06/27 07:48:33 INFO Executor: Fetching file:///opt/bitnami/spark/.ivy2/jars/com.google.code.findbugs_jsr305-3.0.0.jar with timestamp 1719474510817
[2024-06-27T07:48:33.065+0000] {docker.py:436} INFO - 24/06/27 07:48:33 INFO Utils: /opt/bitnami/spark/.ivy2/jars/com.google.code.findbugs_jsr305-3.0.0.jar has been previously copied to /tmp/spark-87aecefb-123b-4ece-afb2-162d4b0ec996/userFiles-f9c8a6f3-e838-4428-8f0a-bb02a229accb/com.google.code.findbugs_jsr305-3.0.0.jar
[2024-06-27T07:48:33.070+0000] {docker.py:436} INFO - 24/06/27 07:48:33 INFO Executor: Fetching file:///opt/bitnami/spark/.ivy2/jars/org.lz4_lz4-java-1.8.0.jar with timestamp 1719474510817
[2024-06-27T07:48:33.071+0000] {docker.py:436} INFO - 24/06/27 07:48:33 INFO Utils: /opt/bitnami/spark/.ivy2/jars/org.lz4_lz4-java-1.8.0.jar has been previously copied to /tmp/spark-87aecefb-123b-4ece-afb2-162d4b0ec996/userFiles-f9c8a6f3-e838-4428-8f0a-bb02a229accb/org.lz4_lz4-java-1.8.0.jar
[2024-06-27T07:48:33.079+0000] {docker.py:436} INFO - 24/06/27 07:48:33 INFO Executor: Fetching file:///opt/bitnami/spark/.ivy2/jars/commons-logging_commons-logging-1.1.3.jar with timestamp 1719474510817
[2024-06-27T07:48:33.080+0000] {docker.py:436} INFO - 24/06/27 07:48:33 INFO Utils: /opt/bitnami/spark/.ivy2/jars/commons-logging_commons-logging-1.1.3.jar has been previously copied to /tmp/spark-87aecefb-123b-4ece-afb2-162d4b0ec996/userFiles-f9c8a6f3-e838-4428-8f0a-bb02a229accb/commons-logging_commons-logging-1.1.3.jar
[2024-06-27T07:48:33.088+0000] {docker.py:436} INFO - 24/06/27 07:48:33 INFO Executor: Fetching file:///opt/bitnami/spark/.ivy2/jars/org.spark-project.spark_unused-1.0.0.jar with timestamp 1719474510817
[2024-06-27T07:48:33.088+0000] {docker.py:436} INFO - 24/06/27 07:48:33 INFO Utils: /opt/bitnami/spark/.ivy2/jars/org.spark-project.spark_unused-1.0.0.jar has been previously copied to /tmp/spark-87aecefb-123b-4ece-afb2-162d4b0ec996/userFiles-f9c8a6f3-e838-4428-8f0a-bb02a229accb/org.spark-project.spark_unused-1.0.0.jar
[2024-06-27T07:48:33.095+0000] {docker.py:436} INFO - 24/06/27 07:48:33 INFO Executor: Fetching file:///opt/bitnami/spark/.ivy2/jars/org.apache.kafka_kafka-clients-2.8.1.jar with timestamp 1719474510817
[2024-06-27T07:48:33.100+0000] {docker.py:436} INFO - 24/06/27 07:48:33 INFO Utils: /opt/bitnami/spark/.ivy2/jars/org.apache.kafka_kafka-clients-2.8.1.jar has been previously copied to /tmp/spark-87aecefb-123b-4ece-afb2-162d4b0ec996/userFiles-f9c8a6f3-e838-4428-8f0a-bb02a229accb/org.apache.kafka_kafka-clients-2.8.1.jar
[2024-06-27T07:48:33.109+0000] {docker.py:436} INFO - 24/06/27 07:48:33 INFO Executor: Fetching spark://localhost:39729/jars/commons-logging_commons-logging-1.1.3.jar with timestamp 1719474510817
[2024-06-27T07:48:33.186+0000] {docker.py:436} INFO - 24/06/27 07:48:33 INFO TransportClientFactory: Successfully created connection to localhost/127.0.0.1:39729 after 56 ms (0 ms spent in bootstraps)
[2024-06-27T07:48:33.199+0000] {docker.py:436} INFO - 24/06/27 07:48:33 INFO Utils: Fetching spark://localhost:39729/jars/commons-logging_commons-logging-1.1.3.jar to /tmp/spark-87aecefb-123b-4ece-afb2-162d4b0ec996/userFiles-f9c8a6f3-e838-4428-8f0a-bb02a229accb/fetchFileTemp9866848601176438650.tmp
[2024-06-27T07:48:33.237+0000] {docker.py:436} INFO - 24/06/27 07:48:33 INFO Utils: /tmp/spark-87aecefb-123b-4ece-afb2-162d4b0ec996/userFiles-f9c8a6f3-e838-4428-8f0a-bb02a229accb/fetchFileTemp9866848601176438650.tmp has been previously copied to /tmp/spark-87aecefb-123b-4ece-afb2-162d4b0ec996/userFiles-f9c8a6f3-e838-4428-8f0a-bb02a229accb/commons-logging_commons-logging-1.1.3.jar
[2024-06-27T07:48:33.242+0000] {docker.py:436} INFO - 24/06/27 07:48:33 INFO Executor: Adding file:/tmp/spark-87aecefb-123b-4ece-afb2-162d4b0ec996/userFiles-f9c8a6f3-e838-4428-8f0a-bb02a229accb/commons-logging_commons-logging-1.1.3.jar to class loader default
[2024-06-27T07:48:33.243+0000] {docker.py:436} INFO - 24/06/27 07:48:33 INFO Executor: Fetching spark://localhost:39729/jars/org.apache.hadoop_hadoop-client-api-3.3.2.jar with timestamp 1719474510817
[2024-06-27T07:48:33.246+0000] {docker.py:436} INFO - 24/06/27 07:48:33 INFO Utils: Fetching spark://localhost:39729/jars/org.apache.hadoop_hadoop-client-api-3.3.2.jar to /tmp/spark-87aecefb-123b-4ece-afb2-162d4b0ec996/userFiles-f9c8a6f3-e838-4428-8f0a-bb02a229accb/fetchFileTemp16548751211325551353.tmp
[2024-06-27T07:48:33.485+0000] {docker.py:436} INFO - 24/06/27 07:48:33 INFO Utils: /tmp/spark-87aecefb-123b-4ece-afb2-162d4b0ec996/userFiles-f9c8a6f3-e838-4428-8f0a-bb02a229accb/fetchFileTemp16548751211325551353.tmp has been previously copied to /tmp/spark-87aecefb-123b-4ece-afb2-162d4b0ec996/userFiles-f9c8a6f3-e838-4428-8f0a-bb02a229accb/org.apache.hadoop_hadoop-client-api-3.3.2.jar
[2024-06-27T07:48:33.493+0000] {docker.py:436} INFO - 24/06/27 07:48:33 INFO Executor: Adding file:/tmp/spark-87aecefb-123b-4ece-afb2-162d4b0ec996/userFiles-f9c8a6f3-e838-4428-8f0a-bb02a229accb/org.apache.hadoop_hadoop-client-api-3.3.2.jar to class loader default
[2024-06-27T07:48:33.493+0000] {docker.py:436} INFO - 24/06/27 07:48:33 INFO Executor: Fetching spark://localhost:39729/jars/com.google.code.findbugs_jsr305-3.0.0.jar with timestamp 1719474510817
[2024-06-27T07:48:33.494+0000] {docker.py:436} INFO - 24/06/27 07:48:33 INFO Utils: Fetching spark://localhost:39729/jars/com.google.code.findbugs_jsr305-3.0.0.jar to /tmp/spark-87aecefb-123b-4ece-afb2-162d4b0ec996/userFiles-f9c8a6f3-e838-4428-8f0a-bb02a229accb/fetchFileTemp5034993791709755046.tmp
[2024-06-27T07:48:33.496+0000] {docker.py:436} INFO - 24/06/27 07:48:33 INFO Utils: /tmp/spark-87aecefb-123b-4ece-afb2-162d4b0ec996/userFiles-f9c8a6f3-e838-4428-8f0a-bb02a229accb/fetchFileTemp5034993791709755046.tmp has been previously copied to /tmp/spark-87aecefb-123b-4ece-afb2-162d4b0ec996/userFiles-f9c8a6f3-e838-4428-8f0a-bb02a229accb/com.google.code.findbugs_jsr305-3.0.0.jar
[2024-06-27T07:48:33.503+0000] {docker.py:436} INFO - 24/06/27 07:48:33 INFO Executor: Adding file:/tmp/spark-87aecefb-123b-4ece-afb2-162d4b0ec996/userFiles-f9c8a6f3-e838-4428-8f0a-bb02a229accb/com.google.code.findbugs_jsr305-3.0.0.jar to class loader default
[2024-06-27T07:48:33.503+0000] {docker.py:436} INFO - 24/06/27 07:48:33 INFO Executor: Fetching spark://localhost:39729/jars/org.apache.commons_commons-pool2-2.11.1.jar with timestamp 1719474510817
[2024-06-27T07:48:33.505+0000] {docker.py:436} INFO - 24/06/27 07:48:33 INFO Utils: Fetching spark://localhost:39729/jars/org.apache.commons_commons-pool2-2.11.1.jar to /tmp/spark-87aecefb-123b-4ece-afb2-162d4b0ec996/userFiles-f9c8a6f3-e838-4428-8f0a-bb02a229accb/fetchFileTemp9557024361195877670.tmp
[2024-06-27T07:48:33.509+0000] {docker.py:436} INFO - 24/06/27 07:48:33 INFO Utils: /tmp/spark-87aecefb-123b-4ece-afb2-162d4b0ec996/userFiles-f9c8a6f3-e838-4428-8f0a-bb02a229accb/fetchFileTemp9557024361195877670.tmp has been previously copied to /tmp/spark-87aecefb-123b-4ece-afb2-162d4b0ec996/userFiles-f9c8a6f3-e838-4428-8f0a-bb02a229accb/org.apache.commons_commons-pool2-2.11.1.jar
[2024-06-27T07:48:33.516+0000] {docker.py:436} INFO - 24/06/27 07:48:33 INFO Executor: Adding file:/tmp/spark-87aecefb-123b-4ece-afb2-162d4b0ec996/userFiles-f9c8a6f3-e838-4428-8f0a-bb02a229accb/org.apache.commons_commons-pool2-2.11.1.jar to class loader default
[2024-06-27T07:48:33.516+0000] {docker.py:436} INFO - 24/06/27 07:48:33 INFO Executor: Fetching spark://localhost:39729/jars/org.apache.spark_spark-token-provider-kafka-0-10_2.12-3.3.0.jar with timestamp 1719474510817
[2024-06-27T07:48:33.517+0000] {docker.py:436} INFO - 24/06/27 07:48:33 INFO Utils: Fetching spark://localhost:39729/jars/org.apache.spark_spark-token-provider-kafka-0-10_2.12-3.3.0.jar to /tmp/spark-87aecefb-123b-4ece-afb2-162d4b0ec996/userFiles-f9c8a6f3-e838-4428-8f0a-bb02a229accb/fetchFileTemp9027782435291951626.tmp
[2024-06-27T07:48:33.519+0000] {docker.py:436} INFO - 24/06/27 07:48:33 INFO Utils: /tmp/spark-87aecefb-123b-4ece-afb2-162d4b0ec996/userFiles-f9c8a6f3-e838-4428-8f0a-bb02a229accb/fetchFileTemp9027782435291951626.tmp has been previously copied to /tmp/spark-87aecefb-123b-4ece-afb2-162d4b0ec996/userFiles-f9c8a6f3-e838-4428-8f0a-bb02a229accb/org.apache.spark_spark-token-provider-kafka-0-10_2.12-3.3.0.jar
[2024-06-27T07:48:33.523+0000] {docker.py:436} INFO - 24/06/27 07:48:33 INFO Executor: Adding file:/tmp/spark-87aecefb-123b-4ece-afb2-162d4b0ec996/userFiles-f9c8a6f3-e838-4428-8f0a-bb02a229accb/org.apache.spark_spark-token-provider-kafka-0-10_2.12-3.3.0.jar to class loader default
[2024-06-27T07:48:33.524+0000] {docker.py:436} INFO - 24/06/27 07:48:33 INFO Executor: Fetching spark://localhost:39729/jars/org.apache.hadoop_hadoop-client-runtime-3.3.2.jar with timestamp 1719474510817
[2024-06-27T07:48:33.525+0000] {docker.py:436} INFO - 24/06/27 07:48:33 INFO Utils: Fetching spark://localhost:39729/jars/org.apache.hadoop_hadoop-client-runtime-3.3.2.jar to /tmp/spark-87aecefb-123b-4ece-afb2-162d4b0ec996/userFiles-f9c8a6f3-e838-4428-8f0a-bb02a229accb/fetchFileTemp8800633555449977956.tmp
[2024-06-27T07:48:33.944+0000] {docker.py:436} INFO - 24/06/27 07:48:33 INFO Utils: /tmp/spark-87aecefb-123b-4ece-afb2-162d4b0ec996/userFiles-f9c8a6f3-e838-4428-8f0a-bb02a229accb/fetchFileTemp8800633555449977956.tmp has been previously copied to /tmp/spark-87aecefb-123b-4ece-afb2-162d4b0ec996/userFiles-f9c8a6f3-e838-4428-8f0a-bb02a229accb/org.apache.hadoop_hadoop-client-runtime-3.3.2.jar
[2024-06-27T07:48:33.960+0000] {docker.py:436} INFO - 24/06/27 07:48:33 INFO Executor: Adding file:/tmp/spark-87aecefb-123b-4ece-afb2-162d4b0ec996/userFiles-f9c8a6f3-e838-4428-8f0a-bb02a229accb/org.apache.hadoop_hadoop-client-runtime-3.3.2.jar to class loader default
24/06/27 07:48:33 INFO Executor: Fetching spark://localhost:39729/jars/org.lz4_lz4-java-1.8.0.jar with timestamp 1719474510817
24/06/27 07:48:33 INFO Utils: Fetching spark://localhost:39729/jars/org.lz4_lz4-java-1.8.0.jar to /tmp/spark-87aecefb-123b-4ece-afb2-162d4b0ec996/userFiles-f9c8a6f3-e838-4428-8f0a-bb02a229accb/fetchFileTemp2014104248658973844.tmp
[2024-06-27T07:48:33.970+0000] {docker.py:436} INFO - 24/06/27 07:48:33 INFO Utils: /tmp/spark-87aecefb-123b-4ece-afb2-162d4b0ec996/userFiles-f9c8a6f3-e838-4428-8f0a-bb02a229accb/fetchFileTemp2014104248658973844.tmp has been previously copied to /tmp/spark-87aecefb-123b-4ece-afb2-162d4b0ec996/userFiles-f9c8a6f3-e838-4428-8f0a-bb02a229accb/org.lz4_lz4-java-1.8.0.jar
[2024-06-27T07:48:33.977+0000] {docker.py:436} INFO - 24/06/27 07:48:33 INFO Executor: Adding file:/tmp/spark-87aecefb-123b-4ece-afb2-162d4b0ec996/userFiles-f9c8a6f3-e838-4428-8f0a-bb02a229accb/org.lz4_lz4-java-1.8.0.jar to class loader default
[2024-06-27T07:48:33.977+0000] {docker.py:436} INFO - 24/06/27 07:48:33 INFO Executor: Fetching spark://localhost:39729/jars/org.xerial.snappy_snappy-java-1.1.8.4.jar with timestamp 1719474510817
[2024-06-27T07:48:33.978+0000] {docker.py:436} INFO - 24/06/27 07:48:33 INFO Utils: Fetching spark://localhost:39729/jars/org.xerial.snappy_snappy-java-1.1.8.4.jar to /tmp/spark-87aecefb-123b-4ece-afb2-162d4b0ec996/userFiles-f9c8a6f3-e838-4428-8f0a-bb02a229accb/fetchFileTemp5720714093687575121.tmp
[2024-06-27T07:48:33.996+0000] {docker.py:436} INFO - 24/06/27 07:48:33 INFO Utils: /tmp/spark-87aecefb-123b-4ece-afb2-162d4b0ec996/userFiles-f9c8a6f3-e838-4428-8f0a-bb02a229accb/fetchFileTemp5720714093687575121.tmp has been previously copied to /tmp/spark-87aecefb-123b-4ece-afb2-162d4b0ec996/userFiles-f9c8a6f3-e838-4428-8f0a-bb02a229accb/org.xerial.snappy_snappy-java-1.1.8.4.jar
[2024-06-27T07:48:34.010+0000] {docker.py:436} INFO - 24/06/27 07:48:34 INFO Executor: Adding file:/tmp/spark-87aecefb-123b-4ece-afb2-162d4b0ec996/userFiles-f9c8a6f3-e838-4428-8f0a-bb02a229accb/org.xerial.snappy_snappy-java-1.1.8.4.jar to class loader default
[2024-06-27T07:48:34.011+0000] {docker.py:436} INFO - 24/06/27 07:48:34 INFO Executor: Fetching spark://localhost:39729/jars/org.apache.kafka_kafka-clients-2.8.1.jar with timestamp 1719474510817
[2024-06-27T07:48:34.013+0000] {docker.py:436} INFO - 24/06/27 07:48:34 INFO Utils: Fetching spark://localhost:39729/jars/org.apache.kafka_kafka-clients-2.8.1.jar to /tmp/spark-87aecefb-123b-4ece-afb2-162d4b0ec996/userFiles-f9c8a6f3-e838-4428-8f0a-bb02a229accb/fetchFileTemp16495797505055433859.tmp
[2024-06-27T07:48:34.048+0000] {docker.py:436} INFO - 24/06/27 07:48:34 INFO Utils: /tmp/spark-87aecefb-123b-4ece-afb2-162d4b0ec996/userFiles-f9c8a6f3-e838-4428-8f0a-bb02a229accb/fetchFileTemp16495797505055433859.tmp has been previously copied to /tmp/spark-87aecefb-123b-4ece-afb2-162d4b0ec996/userFiles-f9c8a6f3-e838-4428-8f0a-bb02a229accb/org.apache.kafka_kafka-clients-2.8.1.jar
[2024-06-27T07:48:34.058+0000] {docker.py:436} INFO - 24/06/27 07:48:34 INFO Executor: Adding file:/tmp/spark-87aecefb-123b-4ece-afb2-162d4b0ec996/userFiles-f9c8a6f3-e838-4428-8f0a-bb02a229accb/org.apache.kafka_kafka-clients-2.8.1.jar to class loader default
[2024-06-27T07:48:34.059+0000] {docker.py:436} INFO - 24/06/27 07:48:34 INFO Executor: Fetching spark://localhost:39729/jars/org.slf4j_slf4j-api-1.7.32.jar with timestamp 1719474510817
[2024-06-27T07:48:34.064+0000] {docker.py:436} INFO - 24/06/27 07:48:34 INFO Utils: Fetching spark://localhost:39729/jars/org.slf4j_slf4j-api-1.7.32.jar to /tmp/spark-87aecefb-123b-4ece-afb2-162d4b0ec996/userFiles-f9c8a6f3-e838-4428-8f0a-bb02a229accb/fetchFileTemp4299465827129150907.tmp
[2024-06-27T07:48:34.068+0000] {docker.py:436} INFO - 24/06/27 07:48:34 INFO Utils: /tmp/spark-87aecefb-123b-4ece-afb2-162d4b0ec996/userFiles-f9c8a6f3-e838-4428-8f0a-bb02a229accb/fetchFileTemp4299465827129150907.tmp has been previously copied to /tmp/spark-87aecefb-123b-4ece-afb2-162d4b0ec996/userFiles-f9c8a6f3-e838-4428-8f0a-bb02a229accb/org.slf4j_slf4j-api-1.7.32.jar
[2024-06-27T07:48:34.078+0000] {docker.py:436} INFO - 24/06/27 07:48:34 INFO Executor: Adding file:/tmp/spark-87aecefb-123b-4ece-afb2-162d4b0ec996/userFiles-f9c8a6f3-e838-4428-8f0a-bb02a229accb/org.slf4j_slf4j-api-1.7.32.jar to class loader default
[2024-06-27T07:48:34.079+0000] {docker.py:436} INFO - 24/06/27 07:48:34 INFO Executor: Fetching spark://localhost:39729/jars/org.apache.spark_spark-sql-kafka-0-10_2.12-3.3.0.jar with timestamp 1719474510817
[2024-06-27T07:48:34.080+0000] {docker.py:436} INFO - 24/06/27 07:48:34 INFO Utils: Fetching spark://localhost:39729/jars/org.apache.spark_spark-sql-kafka-0-10_2.12-3.3.0.jar to /tmp/spark-87aecefb-123b-4ece-afb2-162d4b0ec996/userFiles-f9c8a6f3-e838-4428-8f0a-bb02a229accb/fetchFileTemp6144000412573935170.tmp
[2024-06-27T07:48:34.085+0000] {docker.py:436} INFO - 24/06/27 07:48:34 INFO Utils: /tmp/spark-87aecefb-123b-4ece-afb2-162d4b0ec996/userFiles-f9c8a6f3-e838-4428-8f0a-bb02a229accb/fetchFileTemp6144000412573935170.tmp has been previously copied to /tmp/spark-87aecefb-123b-4ece-afb2-162d4b0ec996/userFiles-f9c8a6f3-e838-4428-8f0a-bb02a229accb/org.apache.spark_spark-sql-kafka-0-10_2.12-3.3.0.jar
[2024-06-27T07:48:34.095+0000] {docker.py:436} INFO - 24/06/27 07:48:34 INFO Executor: Adding file:/tmp/spark-87aecefb-123b-4ece-afb2-162d4b0ec996/userFiles-f9c8a6f3-e838-4428-8f0a-bb02a229accb/org.apache.spark_spark-sql-kafka-0-10_2.12-3.3.0.jar to class loader default
[2024-06-27T07:48:34.097+0000] {docker.py:436} INFO - 24/06/27 07:48:34 INFO Executor: Fetching spark://localhost:39729/jars/org.postgresql_postgresql-42.2.2.jar with timestamp 1719474510817
[2024-06-27T07:48:34.103+0000] {docker.py:436} INFO - 24/06/27 07:48:34 INFO Utils: Fetching spark://localhost:39729/jars/org.postgresql_postgresql-42.2.2.jar to /tmp/spark-87aecefb-123b-4ece-afb2-162d4b0ec996/userFiles-f9c8a6f3-e838-4428-8f0a-bb02a229accb/fetchFileTemp14007810863103623895.tmp
[2024-06-27T07:48:34.110+0000] {docker.py:436} INFO - 24/06/27 07:48:34 INFO Utils: /tmp/spark-87aecefb-123b-4ece-afb2-162d4b0ec996/userFiles-f9c8a6f3-e838-4428-8f0a-bb02a229accb/fetchFileTemp14007810863103623895.tmp has been previously copied to /tmp/spark-87aecefb-123b-4ece-afb2-162d4b0ec996/userFiles-f9c8a6f3-e838-4428-8f0a-bb02a229accb/org.postgresql_postgresql-42.2.2.jar
[2024-06-27T07:48:34.120+0000] {docker.py:436} INFO - 24/06/27 07:48:34 INFO Executor: Adding file:/tmp/spark-87aecefb-123b-4ece-afb2-162d4b0ec996/userFiles-f9c8a6f3-e838-4428-8f0a-bb02a229accb/org.postgresql_postgresql-42.2.2.jar to class loader default
[2024-06-27T07:48:34.121+0000] {docker.py:436} INFO - 24/06/27 07:48:34 INFO Executor: Fetching spark://localhost:39729/jars/org.spark-project.spark_unused-1.0.0.jar with timestamp 1719474510817
[2024-06-27T07:48:34.123+0000] {docker.py:436} INFO - 24/06/27 07:48:34 INFO Utils: Fetching spark://localhost:39729/jars/org.spark-project.spark_unused-1.0.0.jar to /tmp/spark-87aecefb-123b-4ece-afb2-162d4b0ec996/userFiles-f9c8a6f3-e838-4428-8f0a-bb02a229accb/fetchFileTemp5358281591358761774.tmp
[2024-06-27T07:48:34.126+0000] {docker.py:436} INFO - 24/06/27 07:48:34 INFO Utils: /tmp/spark-87aecefb-123b-4ece-afb2-162d4b0ec996/userFiles-f9c8a6f3-e838-4428-8f0a-bb02a229accb/fetchFileTemp5358281591358761774.tmp has been previously copied to /tmp/spark-87aecefb-123b-4ece-afb2-162d4b0ec996/userFiles-f9c8a6f3-e838-4428-8f0a-bb02a229accb/org.spark-project.spark_unused-1.0.0.jar
[2024-06-27T07:48:34.138+0000] {docker.py:436} INFO - 24/06/27 07:48:34 INFO Executor: Adding file:/tmp/spark-87aecefb-123b-4ece-afb2-162d4b0ec996/userFiles-f9c8a6f3-e838-4428-8f0a-bb02a229accb/org.spark-project.spark_unused-1.0.0.jar to class loader default
[2024-06-27T07:48:34.162+0000] {docker.py:436} INFO - 24/06/27 07:48:34 INFO Utils: Successfully started service 'org.apache.spark.network.netty.NettyBlockTransferService' on port 43391.
[2024-06-27T07:48:34.163+0000] {docker.py:436} INFO - 24/06/27 07:48:34 INFO NettyBlockTransferService: Server created on localhost:43391
[2024-06-27T07:48:34.166+0000] {docker.py:436} INFO - 24/06/27 07:48:34 INFO BlockManager: Using org.apache.spark.storage.RandomBlockReplicationPolicy for block replication policy
[2024-06-27T07:48:34.177+0000] {docker.py:436} INFO - 24/06/27 07:48:34 INFO BlockManagerMaster: Registering BlockManager BlockManagerId(driver, localhost, 43391, None)
[2024-06-27T07:48:34.187+0000] {docker.py:436} INFO - 24/06/27 07:48:34 INFO BlockManagerMasterEndpoint: Registering block manager localhost:43391 with 434.4 MiB RAM, BlockManagerId(driver, localhost, 43391, None)
[2024-06-27T07:48:34.191+0000] {docker.py:436} INFO - 24/06/27 07:48:34 INFO BlockManagerMaster: Registered BlockManager BlockManagerId(driver, localhost, 43391, None)
[2024-06-27T07:48:34.197+0000] {docker.py:436} INFO - 24/06/27 07:48:34 INFO BlockManager: Initialized BlockManager: BlockManagerId(driver, localhost, 43391, None)
[2024-06-27T07:48:34.961+0000] {docker.py:436} INFO - 2024-06-27 07:48:34,960:create_spark_session:INFO:Spark session created successfully
[2024-06-27T07:48:34.974+0000] {docker.py:436} INFO - 24/06/27 07:48:34 INFO SharedState: Setting hive.metastore.warehouse.dir ('null') to the value of spark.sql.warehouse.dir.
[2024-06-27T07:48:34.978+0000] {docker.py:436} INFO - 24/06/27 07:48:34 INFO SharedState: Warehouse path is 'file:/opt/bitnami/spark/spark-warehouse'.
[2024-06-27T07:48:37.162+0000] {docker.py:436} INFO - 2024-06-27 07:48:37,161:create_initial_dataframe:INFO:Initial dataframe created successfully:
[2024-06-27T07:48:38.251+0000] {docker.py:436} INFO - Traceback (most recent call last):
  File "/opt/bitnami/spark/scripts/spark_bronze_layer.py", line 160, in <module>
[2024-06-27T07:48:38.251+0000] {docker.py:436} INFO - write_to_postgres()
[2024-06-27T07:48:38.252+0000] {docker.py:436} INFO - File "/opt/bitnami/spark/scripts/spark_bronze_layer.py", line 131, in write_to_postgres
    df_exploded = df.withColumn("purchase", explode(col("purchases")))
                                            ^^^^^^^
NameError: name 'explode' is not defined
2024-06-27 07:48:38,251:close:INFO:Closing down clientserver connection
[2024-06-27T07:48:38.304+0000] {docker.py:436} INFO - 24/06/27 07:48:38 INFO SparkContext: Invoking stop() from shutdown hook
[2024-06-27T07:48:38.305+0000] {docker.py:436} INFO - 24/06/27 07:48:38 INFO SparkContext: SparkContext is stopping with exitCode 0.
[2024-06-27T07:48:38.317+0000] {docker.py:436} INFO - 24/06/27 07:48:38 INFO SparkUI: Stopped Spark web UI at http://localhost:4040
[2024-06-27T07:48:38.334+0000] {docker.py:436} INFO - 24/06/27 07:48:38 INFO MapOutputTrackerMasterEndpoint: MapOutputTrackerMasterEndpoint stopped!
[2024-06-27T07:48:38.347+0000] {docker.py:436} INFO - 24/06/27 07:48:38 INFO MemoryStore: MemoryStore cleared
[2024-06-27T07:48:38.348+0000] {docker.py:436} INFO - 24/06/27 07:48:38 INFO BlockManager: BlockManager stopped
[2024-06-27T07:48:38.355+0000] {docker.py:436} INFO - 24/06/27 07:48:38 INFO BlockManagerMaster: BlockManagerMaster stopped
[2024-06-27T07:48:38.361+0000] {docker.py:436} INFO - 24/06/27 07:48:38 INFO OutputCommitCoordinator$OutputCommitCoordinatorEndpoint: OutputCommitCoordinator stopped!
[2024-06-27T07:48:38.382+0000] {docker.py:436} INFO - 24/06/27 07:48:38 INFO SparkContext: Successfully stopped SparkContext
[2024-06-27T07:48:38.383+0000] {docker.py:436} INFO - 24/06/27 07:48:38 INFO ShutdownHookManager: Shutdown hook called
[2024-06-27T07:48:38.384+0000] {docker.py:436} INFO - 24/06/27 07:48:38 INFO ShutdownHookManager: Deleting directory /tmp/spark-87aecefb-123b-4ece-afb2-162d4b0ec996/pyspark-4ca31f41-ab33-4086-af5c-2adb1ca68941
[2024-06-27T07:48:38.388+0000] {docker.py:436} INFO - 24/06/27 07:48:38 INFO ShutdownHookManager: Deleting directory /tmp/spark-87aecefb-123b-4ece-afb2-162d4b0ec996
[2024-06-27T07:48:38.394+0000] {docker.py:436} INFO - 24/06/27 07:48:38 INFO ShutdownHookManager: Deleting directory /tmp/spark-dd2dd5ac-b60a-4eb0-b0b6-b27cfd2a69c6
[2024-06-27T07:48:38.847+0000] {taskinstance.py:441} INFO - ::group::Post task execution logs
[2024-06-27T07:48:38.862+0000] {taskinstance.py:2905} ERROR - Task failed with exception
Traceback (most recent call last):
  File "/home/airflow/.local/lib/python3.12/site-packages/docker/api/client.py", line 265, in _raise_for_status
    response.raise_for_status()
  File "/home/airflow/.local/lib/python3.12/site-packages/requests/models.py", line 1021, in raise_for_status
    raise HTTPError(http_error_msg, response=self)
requests.exceptions.HTTPError: 400 Client Error: Bad Request for url: http://docker-proxy:2375/v1.45/containers/create

The above exception was the direct cause of the following exception:

Traceback (most recent call last):
  File "/home/airflow/.local/lib/python3.12/site-packages/airflow/providers/docker/operators/docker.py", line 371, in _run_image
    return self._run_image_with_mounts([*self.mounts, tmp_mount], add_tmp_variable=True)
           ^^^^^^^^^^^^^^^^^^^^^^^^^^^^^^^^^^^^^^^^^^^^^^^^^^^^^^^^^^^^^^^^^^^^^^^^^^^^^
  File "/home/airflow/.local/lib/python3.12/site-packages/airflow/providers/docker/operators/docker.py", line 398, in _run_image_with_mounts
    self.container = self.cli.create_container(
                     ^^^^^^^^^^^^^^^^^^^^^^^^^^
  File "/home/airflow/.local/lib/python3.12/site-packages/docker/api/container.py", line 439, in create_container
    return self.create_container_from_config(config, name, platform)
           ^^^^^^^^^^^^^^^^^^^^^^^^^^^^^^^^^^^^^^^^^^^^^^^^^^^^^^^^^
  File "/home/airflow/.local/lib/python3.12/site-packages/docker/api/container.py", line 456, in create_container_from_config
    return self._result(res, True)
           ^^^^^^^^^^^^^^^^^^^^^^^
  File "/home/airflow/.local/lib/python3.12/site-packages/docker/api/client.py", line 271, in _result
    self._raise_for_status(response)
  File "/home/airflow/.local/lib/python3.12/site-packages/docker/api/client.py", line 267, in _raise_for_status
    raise create_api_error_from_http_exception(e) from e
          ^^^^^^^^^^^^^^^^^^^^^^^^^^^^^^^^^^^^^^^
  File "/home/airflow/.local/lib/python3.12/site-packages/docker/errors.py", line 39, in create_api_error_from_http_exception
    raise cls(e, response=response, explanation=explanation) from e
docker.errors.APIError: 400 Client Error for http://docker-proxy:2375/v1.45/containers/create: Bad Request ("invalid mount config for type "bind": bind source path does not exist: /tmp/airflowtmpmv_55q5i")

During handling of the above exception, another exception occurred:

Traceback (most recent call last):
  File "/home/airflow/.local/lib/python3.12/site-packages/airflow/models/taskinstance.py", line 465, in _execute_task
    result = _execute_callable(context=context, **execute_callable_kwargs)
             ^^^^^^^^^^^^^^^^^^^^^^^^^^^^^^^^^^^^^^^^^^^^^^^^^^^^^^^^^^^^^
  File "/home/airflow/.local/lib/python3.12/site-packages/airflow/models/taskinstance.py", line 432, in _execute_callable
    return execute_callable(context=context, **execute_callable_kwargs)
           ^^^^^^^^^^^^^^^^^^^^^^^^^^^^^^^^^^^^^^^^^^^^^^^^^^^^^^^^^^^^
  File "/home/airflow/.local/lib/python3.12/site-packages/airflow/models/baseoperator.py", line 400, in wrapper
    return func(self, *args, **kwargs)
           ^^^^^^^^^^^^^^^^^^^^^^^^^^^
  File "/home/airflow/.local/lib/python3.12/site-packages/airflow/providers/docker/operators/docker.py", line 509, in execute
    return self._run_image()
           ^^^^^^^^^^^^^^^^^
  File "/home/airflow/.local/lib/python3.12/site-packages/airflow/providers/docker/operators/docker.py", line 380, in _run_image
    return self._run_image_with_mounts(self.mounts, add_tmp_variable=False)
           ^^^^^^^^^^^^^^^^^^^^^^^^^^^^^^^^^^^^^^^^^^^^^^^^^^^^^^^^^^^^^^^^
  File "/home/airflow/.local/lib/python3.12/site-packages/airflow/providers/docker/operators/docker.py", line 444, in _run_image_with_mounts
    raise DockerContainerFailedException(f"Docker container failed: {result!r}", logs=log_lines)
airflow.providers.docker.exceptions.DockerContainerFailedException: Docker container failed: {'StatusCode': 1}
[2024-06-27T07:48:38.871+0000] {taskinstance.py:1206} INFO - Marking task as FAILED. dag_id=Stage_1, task_id=run_bronze_job, run_id=manual__2024-06-27T07:47:56.634151+00:00, execution_date=20240627T074756, start_date=20240627T074804, end_date=20240627T074838
[2024-06-27T07:48:38.917+0000] {standard_task_runner.py:110} ERROR - Failed to execute job 186 for task run_bronze_job (Docker container failed: {'StatusCode': 1}; 841)
[2024-06-27T07:48:38.930+0000] {local_task_job_runner.py:240} INFO - Task exited with return code 1
[2024-06-27T07:48:38.961+0000] {taskinstance.py:3498} INFO - 0 downstream tasks scheduled from follow-on schedule check
[2024-06-27T07:48:38.977+0000] {local_task_job_runner.py:222} INFO - ::endgroup::
