[2024-06-25T11:54:50.057+0000] {local_task_job_runner.py:120} INFO - ::group::Pre task execution logs
[2024-06-25T11:54:50.093+0000] {taskinstance.py:2076} INFO - Dependencies all met for dep_context=non-requeueable deps ti=<TaskInstance: Stage_1.run_bronze_job manual__2024-06-25T11:54:44.476939+00:00 [queued]>
[2024-06-25T11:54:50.104+0000] {taskinstance.py:2076} INFO - Dependencies all met for dep_context=requeueable deps ti=<TaskInstance: Stage_1.run_bronze_job manual__2024-06-25T11:54:44.476939+00:00 [queued]>
[2024-06-25T11:54:50.104+0000] {taskinstance.py:2306} INFO - Starting attempt 1 of 1
[2024-06-25T11:54:50.142+0000] {taskinstance.py:2330} INFO - Executing <Task(DockerOperator): run_bronze_job> on 2024-06-25 11:54:44.476939+00:00
[2024-06-25T11:54:50.151+0000] {logging_mixin.py:188} WARNING - /home/***/.local/lib/python3.12/site-packages/***/task/task_runner/standard_task_runner.py:61 DeprecationWarning: This process (pid=1185) is multi-threaded, use of fork() may lead to deadlocks in the child.
[2024-06-25T11:54:50.152+0000] {standard_task_runner.py:63} INFO - Started process 1186 to run task
[2024-06-25T11:54:50.151+0000] {standard_task_runner.py:90} INFO - Running: ['***', 'tasks', 'run', 'Stage_1', 'run_bronze_job', 'manual__2024-06-25T11:54:44.476939+00:00', '--job-id', '84', '--raw', '--subdir', 'DAGS_FOLDER/kafka_dag.py', '--cfg-path', '/tmp/tmpbnh_nc2v']
[2024-06-25T11:54:50.154+0000] {standard_task_runner.py:91} INFO - Job 84: Subtask run_bronze_job
[2024-06-25T11:54:50.182+0000] {logging_mixin.py:188} WARNING - /home/***/.local/lib/python3.12/site-packages/***/settings.py:195 DeprecationWarning: The sql_alchemy_conn option in [core] has been moved to the sql_alchemy_conn option in [database] - the old setting has been used, but please update your config.
[2024-06-25T11:54:50.214+0000] {task_command.py:426} INFO - Running <TaskInstance: Stage_1.run_bronze_job manual__2024-06-25T11:54:44.476939+00:00 [running]> on host 0b2aef5f9e3a
[2024-06-25T11:54:50.339+0000] {taskinstance.py:2648} INFO - Exporting env vars: AIRFLOW_CTX_DAG_OWNER='***' AIRFLOW_CTX_DAG_ID='Stage_1' AIRFLOW_CTX_TASK_ID='run_bronze_job' AIRFLOW_CTX_EXECUTION_DATE='2024-06-25T11:54:44.476939+00:00' AIRFLOW_CTX_TRY_NUMBER='1' AIRFLOW_CTX_DAG_RUN_ID='manual__2024-06-25T11:54:44.476939+00:00'
[2024-06-25T11:54:50.340+0000] {taskinstance.py:430} INFO - ::endgroup::
[2024-06-25T11:54:50.372+0000] {docker.py:366} INFO - Starting docker container from image bitnami/spark:latest
[2024-06-25T11:54:50.375+0000] {docker.py:374} WARNING - Using remote engine or docker-in-docker and mounting temporary volume from host is not supported. Falling back to `mount_tmp_dir=False` mode. You can set `mount_tmp_dir` parameter to False to disable mounting and remove the warning
[2024-06-25T11:54:51.146+0000] {docker.py:436} INFO - [38;5;6mspark [38;5;5m11:54:51.14 [0m[38;5;2mINFO [0m ==>
[2024-06-25T11:54:51.148+0000] {docker.py:436} INFO - [38;5;6mspark [38;5;5m11:54:51.14 [0m[38;5;2mINFO [0m ==> [1mWelcome to the Bitnami spark container[0m
[2024-06-25T11:54:51.150+0000] {docker.py:436} INFO - [38;5;6mspark [38;5;5m11:54:51.14 [0m[38;5;2mINFO [0m ==> Subscribe to project updates by watching [1mhttps://github.com/bitnami/containers[0m
[2024-06-25T11:54:51.151+0000] {docker.py:436} INFO - [38;5;6mspark [38;5;5m11:54:51.15 [0m[38;5;2mINFO [0m ==> Submit issues and feature requests at [1mhttps://github.com/bitnami/containers/issues[0m
[2024-06-25T11:54:51.153+0000] {docker.py:436} INFO - [38;5;6mspark [38;5;5m11:54:51.15 [0m[38;5;2mINFO [0m ==> Upgrade to Tanzu Application Catalog for production environments to access custom-configured and pre-packaged software components. Gain enhanced features, including Software Bill of Materials (SBOM), CVE scan result reports, and VEX documents. To learn more, visit [1mhttps://bitnami.com/enterprise[0m
[2024-06-25T11:54:51.155+0000] {docker.py:436} INFO - [38;5;6mspark [38;5;5m11:54:51.15 [0m[38;5;2mINFO [0m ==>
[2024-06-25T11:54:51.162+0000] {docker.py:436} INFO - 
[2024-06-25T11:54:53.103+0000] {docker.py:436} INFO - :: loading settings :: url = jar:file:/opt/bitnami/spark/jars/ivy-2.5.1.jar!/org/apache/ivy/core/settings/ivysettings.xml
[2024-06-25T11:54:53.183+0000] {docker.py:436} INFO - Ivy Default Cache set to: /opt/bitnami/spark/.ivy2/cache
The jars for the packages stored in: /opt/bitnami/spark/.ivy2/jars
[2024-06-25T11:54:53.192+0000] {docker.py:436} INFO - org.apache.spark#spark-sql-kafka-0-10_2.12 added as a dependency
[2024-06-25T11:54:53.194+0000] {docker.py:436} INFO - :: resolving dependencies :: org.apache.spark#spark-submit-parent-c5e9f0d5-5a24-4930-b589-50f8f298f3e8;1.0
	confs: [default]
[2024-06-25T11:54:54.869+0000] {docker.py:436} INFO - found org.apache.spark#spark-sql-kafka-0-10_2.12;3.3.0 in central
[2024-06-25T11:54:55.155+0000] {docker.py:436} INFO - found org.apache.spark#spark-token-provider-kafka-0-10_2.12;3.3.0 in central
[2024-06-25T11:54:55.211+0000] {docker.py:436} INFO - found org.apache.kafka#kafka-clients;2.8.1 in central
[2024-06-25T11:54:55.268+0000] {docker.py:436} INFO - found org.lz4#lz4-java;1.8.0 in central
[2024-06-25T11:54:55.318+0000] {docker.py:436} INFO - found org.xerial.snappy#snappy-java;1.1.8.4 in central
[2024-06-25T11:54:55.458+0000] {docker.py:436} INFO - found org.slf4j#slf4j-api;1.7.32 in central
[2024-06-25T11:54:55.697+0000] {docker.py:436} INFO - found org.apache.hadoop#hadoop-client-runtime;3.3.2 in central
[2024-06-25T11:54:55.797+0000] {docker.py:436} INFO - found org.spark-project.spark#unused;1.0.0 in central
[2024-06-25T11:54:55.944+0000] {docker.py:436} INFO - found org.apache.hadoop#hadoop-client-api;3.3.2 in central
[2024-06-25T11:54:56.156+0000] {docker.py:436} INFO - found commons-logging#commons-logging;1.1.3 in central
[2024-06-25T11:54:56.194+0000] {docker.py:436} INFO - found com.google.code.findbugs#jsr305;3.0.0 in central
[2024-06-25T11:54:57.945+0000] {docker.py:436} INFO - found org.apache.commons#commons-pool2;2.11.1 in central
[2024-06-25T11:54:57.969+0000] {docker.py:436} INFO - downloading https://repo1.maven.org/maven2/org/apache/spark/spark-sql-kafka-0-10_2.12/3.3.0/spark-sql-kafka-0-10_2.12-3.3.0.jar ...
[2024-06-25T11:54:58.028+0000] {docker.py:436} INFO - [SUCCESSFUL ] org.apache.spark#spark-sql-kafka-0-10_2.12;3.3.0!spark-sql-kafka-0-10_2.12.jar (68ms)
[2024-06-25T11:54:58.039+0000] {docker.py:436} INFO - downloading https://repo1.maven.org/maven2/org/apache/spark/spark-token-provider-kafka-0-10_2.12/3.3.0/spark-token-provider-kafka-0-10_2.12-3.3.0.jar ...
[2024-06-25T11:54:58.056+0000] {docker.py:436} INFO - [SUCCESSFUL ] org.apache.spark#spark-token-provider-kafka-0-10_2.12;3.3.0!spark-token-provider-kafka-0-10_2.12.jar (26ms)
[2024-06-25T11:54:58.073+0000] {docker.py:436} INFO - downloading https://repo1.maven.org/maven2/org/apache/kafka/kafka-clients/2.8.1/kafka-clients-2.8.1.jar ...
[2024-06-25T11:54:58.561+0000] {docker.py:436} INFO - [SUCCESSFUL ] org.apache.kafka#kafka-clients;2.8.1!kafka-clients.jar (503ms)
[2024-06-25T11:54:58.571+0000] {docker.py:436} INFO - downloading https://repo1.maven.org/maven2/com/google/code/findbugs/jsr305/3.0.0/jsr305-3.0.0.jar ...
[2024-06-25T11:54:58.586+0000] {docker.py:436} INFO - [SUCCESSFUL ] com.google.code.findbugs#jsr305;3.0.0!jsr305.jar (23ms)
[2024-06-25T11:54:58.598+0000] {docker.py:436} INFO - downloading https://repo1.maven.org/maven2/org/apache/commons/commons-pool2/2.11.1/commons-pool2-2.11.1.jar ...
[2024-06-25T11:54:58.620+0000] {docker.py:436} INFO - [SUCCESSFUL ] org.apache.commons#commons-pool2;2.11.1!commons-pool2.jar (34ms)
[2024-06-25T11:54:58.634+0000] {docker.py:436} INFO - downloading https://repo1.maven.org/maven2/org/spark-project/spark/unused/1.0.0/unused-1.0.0.jar ...
[2024-06-25T11:54:58.643+0000] {docker.py:436} INFO - [SUCCESSFUL ] org.spark-project.spark#unused;1.0.0!unused.jar (22ms)
[2024-06-25T11:54:58.655+0000] {docker.py:436} INFO - downloading https://repo1.maven.org/maven2/org/apache/hadoop/hadoop-client-runtime/3.3.2/hadoop-client-runtime-3.3.2.jar ...
[2024-06-25T11:55:01.816+0000] {docker.py:436} INFO - [SUCCESSFUL ] org.apache.hadoop#hadoop-client-runtime;3.3.2!hadoop-client-runtime.jar (3172ms)
[2024-06-25T11:55:01.829+0000] {docker.py:436} INFO - downloading https://repo1.maven.org/maven2/org/lz4/lz4-java/1.8.0/lz4-java-1.8.0.jar ...
[2024-06-25T11:55:01.902+0000] {docker.py:436} INFO - [SUCCESSFUL ] org.lz4#lz4-java;1.8.0!lz4-java.jar (83ms)
[2024-06-25T11:55:01.917+0000] {docker.py:436} INFO - downloading https://repo1.maven.org/maven2/org/xerial/snappy/snappy-java/1.1.8.4/snappy-java-1.1.8.4.jar ...
[2024-06-25T11:55:02.118+0000] {docker.py:436} INFO - [SUCCESSFUL ] org.xerial.snappy#snappy-java;1.1.8.4!snappy-java.jar(bundle) (217ms)
[2024-06-25T11:55:02.129+0000] {docker.py:436} INFO - downloading https://repo1.maven.org/maven2/org/slf4j/slf4j-api/1.7.32/slf4j-api-1.7.32.jar ...
[2024-06-25T11:55:02.144+0000] {docker.py:436} INFO - [SUCCESSFUL ] org.slf4j#slf4j-api;1.7.32!slf4j-api.jar (25ms)
[2024-06-25T11:55:02.158+0000] {docker.py:436} INFO - downloading https://repo1.maven.org/maven2/org/apache/hadoop/hadoop-client-api/3.3.2/hadoop-client-api-3.3.2.jar ...
[2024-06-25T11:55:04.196+0000] {docker.py:436} INFO - [SUCCESSFUL ] org.apache.hadoop#hadoop-client-api;3.3.2!hadoop-client-api.jar (2051ms)
[2024-06-25T11:55:04.206+0000] {docker.py:436} INFO - downloading https://repo1.maven.org/maven2/commons-logging/commons-logging/1.1.3/commons-logging-1.1.3.jar ...
[2024-06-25T11:55:04.223+0000] {docker.py:436} INFO - [SUCCESSFUL ] commons-logging#commons-logging;1.1.3!commons-logging.jar (25ms)
[2024-06-25T11:55:04.223+0000] {docker.py:436} INFO - :: resolution report :: resolve 4765ms :: artifacts dl 6265ms
[2024-06-25T11:55:04.224+0000] {docker.py:436} INFO - :: modules in use:
[2024-06-25T11:55:04.224+0000] {docker.py:436} INFO - com.google.code.findbugs#jsr305;3.0.0 from central in [default]
	commons-logging#commons-logging;1.1.3 from central in [default]
	org.apache.commons#commons-pool2;2.11.1 from central in [default]
[2024-06-25T11:55:04.225+0000] {docker.py:436} INFO - org.apache.hadoop#hadoop-client-api;3.3.2 from central in [default]
[2024-06-25T11:55:04.225+0000] {docker.py:436} INFO - org.apache.hadoop#hadoop-client-runtime;3.3.2 from central in [default]
[2024-06-25T11:55:04.225+0000] {docker.py:436} INFO - org.apache.kafka#kafka-clients;2.8.1 from central in [default]
[2024-06-25T11:55:04.226+0000] {docker.py:436} INFO - org.apache.spark#spark-sql-kafka-0-10_2.12;3.3.0 from central in [default]
[2024-06-25T11:55:04.226+0000] {docker.py:436} INFO - org.apache.spark#spark-token-provider-kafka-0-10_2.12;3.3.0 from central in [default]
[2024-06-25T11:55:04.227+0000] {docker.py:436} INFO - org.lz4#lz4-java;1.8.0 from central in [default]
[2024-06-25T11:55:04.227+0000] {docker.py:436} INFO - org.slf4j#slf4j-api;1.7.32 from central in [default]
[2024-06-25T11:55:04.228+0000] {docker.py:436} INFO - org.spark-project.spark#unused;1.0.0 from central in [default]
[2024-06-25T11:55:04.228+0000] {docker.py:436} INFO - org.xerial.snappy#snappy-java;1.1.8.4 from central in [default]
[2024-06-25T11:55:04.228+0000] {docker.py:436} INFO - ---------------------------------------------------------------------
[2024-06-25T11:55:04.229+0000] {docker.py:436} INFO - |                  |            modules            ||   artifacts   |
[2024-06-25T11:55:04.229+0000] {docker.py:436} INFO - |       conf       | number| search|dwnlded|evicted|| number|dwnlded|
[2024-06-25T11:55:04.230+0000] {docker.py:436} INFO - ---------------------------------------------------------------------
[2024-06-25T11:55:04.231+0000] {docker.py:436} INFO - |      default     |   12  |   12  |   12  |   0   ||   12  |   12  |
[2024-06-25T11:55:04.234+0000] {docker.py:436} INFO - ---------------------------------------------------------------------
[2024-06-25T11:55:04.240+0000] {docker.py:436} INFO - :: retrieving :: org.apache.spark#spark-submit-parent-c5e9f0d5-5a24-4930-b589-50f8f298f3e8
[2024-06-25T11:55:04.241+0000] {docker.py:436} INFO - confs: [default]
[2024-06-25T11:55:04.345+0000] {docker.py:436} INFO - 12 artifacts copied, 0 already retrieved (56631kB/105ms)
[2024-06-25T11:55:04.595+0000] {docker.py:436} INFO - 24/06/25 11:55:04 WARN NativeCodeLoader: Unable to load native-hadoop library for your platform... using builtin-java classes where applicable
[2024-06-25T11:55:06.103+0000] {docker.py:436} INFO - 24/06/25 11:55:06 INFO SparkContext: Running Spark version 3.5.1
[2024-06-25T11:55:06.104+0000] {docker.py:436} INFO - 24/06/25 11:55:06 INFO SparkContext: OS info Linux, 6.5.0-41-generic, amd64
[2024-06-25T11:55:06.105+0000] {docker.py:436} INFO - 24/06/25 11:55:06 INFO SparkContext: Java version 17.0.11
[2024-06-25T11:55:06.138+0000] {docker.py:436} INFO - 24/06/25 11:55:06 INFO ResourceUtils: ==============================================================
[2024-06-25T11:55:06.139+0000] {docker.py:436} INFO - 24/06/25 11:55:06 INFO ResourceUtils: No custom resources configured for spark.driver.
[2024-06-25T11:55:06.139+0000] {docker.py:436} INFO - 24/06/25 11:55:06 INFO ResourceUtils: ==============================================================
[2024-06-25T11:55:06.140+0000] {docker.py:436} INFO - 24/06/25 11:55:06 INFO SparkContext: Submitted application: PostgreSQL Connection with PySpark
[2024-06-25T11:55:06.170+0000] {docker.py:436} INFO - 24/06/25 11:55:06 INFO ResourceProfile: Default ResourceProfile created, executor resources: Map(cores -> name: cores, amount: 1, script: , vendor: , memory -> name: memory, amount: 1024, script: , vendor: , offHeap -> name: offHeap, amount: 0, script: , vendor: ), task resources: Map(cpus -> name: cpus, amount: 1.0)
[2024-06-25T11:55:06.181+0000] {docker.py:436} INFO - 24/06/25 11:55:06 INFO ResourceProfile: Limiting resource is cpu
[2024-06-25T11:55:06.181+0000] {docker.py:436} INFO - 24/06/25 11:55:06 INFO ResourceProfileManager: Added ResourceProfile id: 0
[2024-06-25T11:55:06.283+0000] {docker.py:436} INFO - 24/06/25 11:55:06 INFO SecurityManager: Changing view acls to: spark
[2024-06-25T11:55:06.284+0000] {docker.py:436} INFO - 24/06/25 11:55:06 INFO SecurityManager: Changing modify acls to: spark
[2024-06-25T11:55:06.284+0000] {docker.py:436} INFO - 24/06/25 11:55:06 INFO SecurityManager: Changing view acls groups to:
[2024-06-25T11:55:06.285+0000] {docker.py:436} INFO - 24/06/25 11:55:06 INFO SecurityManager: Changing modify acls groups to:
[2024-06-25T11:55:06.286+0000] {docker.py:436} INFO - 24/06/25 11:55:06 INFO SecurityManager: SecurityManager: authentication disabled; ui acls disabled; users with view permissions: spark; groups with view permissions: EMPTY; users with modify permissions: spark; groups with modify permissions: EMPTY
[2024-06-25T11:55:06.538+0000] {docker.py:436} INFO - 24/06/25 11:55:06 INFO Utils: Successfully started service 'sparkDriver' on port 45691.
[2024-06-25T11:55:06.568+0000] {docker.py:436} INFO - 24/06/25 11:55:06 INFO SparkEnv: Registering MapOutputTracker
[2024-06-25T11:55:06.618+0000] {docker.py:436} INFO - 24/06/25 11:55:06 INFO SparkEnv: Registering BlockManagerMaster
[2024-06-25T11:55:06.639+0000] {docker.py:436} INFO - 24/06/25 11:55:06 INFO BlockManagerMasterEndpoint: Using org.apache.spark.storage.DefaultTopologyMapper for getting topology information
[2024-06-25T11:55:06.640+0000] {docker.py:436} INFO - 24/06/25 11:55:06 INFO BlockManagerMasterEndpoint: BlockManagerMasterEndpoint up
[2024-06-25T11:55:06.645+0000] {docker.py:436} INFO - 24/06/25 11:55:06 INFO SparkEnv: Registering BlockManagerMasterHeartbeat
[2024-06-25T11:55:06.668+0000] {docker.py:436} INFO - 24/06/25 11:55:06 INFO DiskBlockManager: Created local directory at /tmp/blockmgr-411eab34-e826-46c8-8b66-840154e6a451
[2024-06-25T11:55:06.685+0000] {docker.py:436} INFO - 24/06/25 11:55:06 INFO MemoryStore: MemoryStore started with capacity 434.4 MiB
[2024-06-25T11:55:06.701+0000] {docker.py:436} INFO - 24/06/25 11:55:06 INFO SparkEnv: Registering OutputCommitCoordinator
[2024-06-25T11:55:06.851+0000] {docker.py:436} INFO - 24/06/25 11:55:06 INFO JettyUtils: Start Jetty 0.0.0.0:4040 for SparkUI
[2024-06-25T11:55:06.916+0000] {docker.py:436} INFO - 24/06/25 11:55:06 INFO Utils: Successfully started service 'SparkUI' on port 4040.
[2024-06-25T11:55:06.964+0000] {docker.py:436} INFO - 24/06/25 11:55:06 INFO SparkContext: Added JAR file:///opt/bitnami/spark/.ivy2/jars/org.apache.spark_spark-sql-kafka-0-10_2.12-3.3.0.jar at spark://localhost:45691/jars/org.apache.spark_spark-sql-kafka-0-10_2.12-3.3.0.jar with timestamp 1719316506077
[2024-06-25T11:55:06.964+0000] {docker.py:436} INFO - 24/06/25 11:55:06 INFO SparkContext: Added JAR file:///opt/bitnami/spark/.ivy2/jars/org.apache.spark_spark-token-provider-kafka-0-10_2.12-3.3.0.jar at spark://localhost:45691/jars/org.apache.spark_spark-token-provider-kafka-0-10_2.12-3.3.0.jar with timestamp 1719316506077
24/06/25 11:55:06 INFO SparkContext: Added JAR file:///opt/bitnami/spark/.ivy2/jars/org.apache.kafka_kafka-clients-2.8.1.jar at spark://localhost:45691/jars/org.apache.kafka_kafka-clients-2.8.1.jar with timestamp 1719316506077
[2024-06-25T11:55:06.965+0000] {docker.py:436} INFO - 24/06/25 11:55:06 INFO SparkContext: Added JAR file:///opt/bitnami/spark/.ivy2/jars/com.google.code.findbugs_jsr305-3.0.0.jar at spark://localhost:45691/jars/com.google.code.findbugs_jsr305-3.0.0.jar with timestamp 1719316506077
[2024-06-25T11:55:06.966+0000] {docker.py:436} INFO - 24/06/25 11:55:06 INFO SparkContext: Added JAR file:///opt/bitnami/spark/.ivy2/jars/org.apache.commons_commons-pool2-2.11.1.jar at spark://localhost:45691/jars/org.apache.commons_commons-pool2-2.11.1.jar with timestamp 1719316506077
[2024-06-25T11:55:06.966+0000] {docker.py:436} INFO - 24/06/25 11:55:06 INFO SparkContext: Added JAR file:///opt/bitnami/spark/.ivy2/jars/org.spark-project.spark_unused-1.0.0.jar at spark://localhost:45691/jars/org.spark-project.spark_unused-1.0.0.jar with timestamp 1719316506077
[2024-06-25T11:55:06.967+0000] {docker.py:436} INFO - 24/06/25 11:55:06 INFO SparkContext: Added JAR file:///opt/bitnami/spark/.ivy2/jars/org.apache.hadoop_hadoop-client-runtime-3.3.2.jar at spark://localhost:45691/jars/org.apache.hadoop_hadoop-client-runtime-3.3.2.jar with timestamp 1719316506077
[2024-06-25T11:55:06.967+0000] {docker.py:436} INFO - 24/06/25 11:55:06 INFO SparkContext: Added JAR file:///opt/bitnami/spark/.ivy2/jars/org.lz4_lz4-java-1.8.0.jar at spark://localhost:45691/jars/org.lz4_lz4-java-1.8.0.jar with timestamp 1719316506077
[2024-06-25T11:55:06.968+0000] {docker.py:436} INFO - 24/06/25 11:55:06 INFO SparkContext: Added JAR file:///opt/bitnami/spark/.ivy2/jars/org.xerial.snappy_snappy-java-1.1.8.4.jar at spark://localhost:45691/jars/org.xerial.snappy_snappy-java-1.1.8.4.jar with timestamp 1719316506077
[2024-06-25T11:55:06.968+0000] {docker.py:436} INFO - 24/06/25 11:55:06 INFO SparkContext: Added JAR file:///opt/bitnami/spark/.ivy2/jars/org.slf4j_slf4j-api-1.7.32.jar at spark://localhost:45691/jars/org.slf4j_slf4j-api-1.7.32.jar with timestamp 1719316506077
[2024-06-25T11:55:06.969+0000] {docker.py:436} INFO - 24/06/25 11:55:06 INFO SparkContext: Added JAR file:///opt/bitnami/spark/.ivy2/jars/org.apache.hadoop_hadoop-client-api-3.3.2.jar at spark://localhost:45691/jars/org.apache.hadoop_hadoop-client-api-3.3.2.jar with timestamp 1719316506077
[2024-06-25T11:55:06.969+0000] {docker.py:436} INFO - 24/06/25 11:55:06 INFO SparkContext: Added JAR file:///opt/bitnami/spark/.ivy2/jars/commons-logging_commons-logging-1.1.3.jar at spark://localhost:45691/jars/commons-logging_commons-logging-1.1.3.jar with timestamp 1719316506077
[2024-06-25T11:55:06.972+0000] {docker.py:436} INFO - 24/06/25 11:55:06 INFO SparkContext: Added file file:///opt/bitnami/spark/.ivy2/jars/org.apache.spark_spark-sql-kafka-0-10_2.12-3.3.0.jar at file:///opt/bitnami/spark/.ivy2/jars/org.apache.spark_spark-sql-kafka-0-10_2.12-3.3.0.jar with timestamp 1719316506077
[2024-06-25T11:55:06.973+0000] {docker.py:436} INFO - 24/06/25 11:55:06 INFO Utils: Copying /opt/bitnami/spark/.ivy2/jars/org.apache.spark_spark-sql-kafka-0-10_2.12-3.3.0.jar to /tmp/spark-1637047b-fac5-40ba-bdb9-3374503c622c/userFiles-92811818-6d46-4ef1-bc74-03bd968020e3/org.apache.spark_spark-sql-kafka-0-10_2.12-3.3.0.jar
[2024-06-25T11:55:06.983+0000] {docker.py:436} INFO - 24/06/25 11:55:06 INFO SparkContext: Added file file:///opt/bitnami/spark/.ivy2/jars/org.apache.spark_spark-token-provider-kafka-0-10_2.12-3.3.0.jar at file:///opt/bitnami/spark/.ivy2/jars/org.apache.spark_spark-token-provider-kafka-0-10_2.12-3.3.0.jar with timestamp 1719316506077
[2024-06-25T11:55:06.984+0000] {docker.py:436} INFO - 24/06/25 11:55:06 INFO Utils: Copying /opt/bitnami/spark/.ivy2/jars/org.apache.spark_spark-token-provider-kafka-0-10_2.12-3.3.0.jar to /tmp/spark-1637047b-fac5-40ba-bdb9-3374503c622c/userFiles-92811818-6d46-4ef1-bc74-03bd968020e3/org.apache.spark_spark-token-provider-kafka-0-10_2.12-3.3.0.jar
[2024-06-25T11:55:06.988+0000] {docker.py:436} INFO - 24/06/25 11:55:06 INFO SparkContext: Added file file:///opt/bitnami/spark/.ivy2/jars/org.apache.kafka_kafka-clients-2.8.1.jar at file:///opt/bitnami/spark/.ivy2/jars/org.apache.kafka_kafka-clients-2.8.1.jar with timestamp 1719316506077
[2024-06-25T11:55:06.989+0000] {docker.py:436} INFO - 24/06/25 11:55:06 INFO Utils: Copying /opt/bitnami/spark/.ivy2/jars/org.apache.kafka_kafka-clients-2.8.1.jar to /tmp/spark-1637047b-fac5-40ba-bdb9-3374503c622c/userFiles-92811818-6d46-4ef1-bc74-03bd968020e3/org.apache.kafka_kafka-clients-2.8.1.jar
[2024-06-25T11:55:06.998+0000] {docker.py:436} INFO - 24/06/25 11:55:06 INFO SparkContext: Added file file:///opt/bitnami/spark/.ivy2/jars/com.google.code.findbugs_jsr305-3.0.0.jar at file:///opt/bitnami/spark/.ivy2/jars/com.google.code.findbugs_jsr305-3.0.0.jar with timestamp 1719316506077
[2024-06-25T11:55:06.999+0000] {docker.py:436} INFO - 24/06/25 11:55:06 INFO Utils: Copying /opt/bitnami/spark/.ivy2/jars/com.google.code.findbugs_jsr305-3.0.0.jar to /tmp/spark-1637047b-fac5-40ba-bdb9-3374503c622c/userFiles-92811818-6d46-4ef1-bc74-03bd968020e3/com.google.code.findbugs_jsr305-3.0.0.jar
[2024-06-25T11:55:07.004+0000] {docker.py:436} INFO - 24/06/25 11:55:07 INFO SparkContext: Added file file:///opt/bitnami/spark/.ivy2/jars/org.apache.commons_commons-pool2-2.11.1.jar at file:///opt/bitnami/spark/.ivy2/jars/org.apache.commons_commons-pool2-2.11.1.jar with timestamp 1719316506077
[2024-06-25T11:55:07.005+0000] {docker.py:436} INFO - 24/06/25 11:55:07 INFO Utils: Copying /opt/bitnami/spark/.ivy2/jars/org.apache.commons_commons-pool2-2.11.1.jar to /tmp/spark-1637047b-fac5-40ba-bdb9-3374503c622c/userFiles-92811818-6d46-4ef1-bc74-03bd968020e3/org.apache.commons_commons-pool2-2.11.1.jar
[2024-06-25T11:55:07.010+0000] {docker.py:436} INFO - 24/06/25 11:55:07 INFO SparkContext: Added file file:///opt/bitnami/spark/.ivy2/jars/org.spark-project.spark_unused-1.0.0.jar at file:///opt/bitnami/spark/.ivy2/jars/org.spark-project.spark_unused-1.0.0.jar with timestamp 1719316506077
[2024-06-25T11:55:07.010+0000] {docker.py:436} INFO - 24/06/25 11:55:07 INFO Utils: Copying /opt/bitnami/spark/.ivy2/jars/org.spark-project.spark_unused-1.0.0.jar to /tmp/spark-1637047b-fac5-40ba-bdb9-3374503c622c/userFiles-92811818-6d46-4ef1-bc74-03bd968020e3/org.spark-project.spark_unused-1.0.0.jar
[2024-06-25T11:55:07.015+0000] {docker.py:436} INFO - 24/06/25 11:55:07 INFO SparkContext: Added file file:///opt/bitnami/spark/.ivy2/jars/org.apache.hadoop_hadoop-client-runtime-3.3.2.jar at file:///opt/bitnami/spark/.ivy2/jars/org.apache.hadoop_hadoop-client-runtime-3.3.2.jar with timestamp 1719316506077
[2024-06-25T11:55:07.016+0000] {docker.py:436} INFO - 24/06/25 11:55:07 INFO Utils: Copying /opt/bitnami/spark/.ivy2/jars/org.apache.hadoop_hadoop-client-runtime-3.3.2.jar to /tmp/spark-1637047b-fac5-40ba-bdb9-3374503c622c/userFiles-92811818-6d46-4ef1-bc74-03bd968020e3/org.apache.hadoop_hadoop-client-runtime-3.3.2.jar
[2024-06-25T11:55:07.048+0000] {docker.py:436} INFO - 24/06/25 11:55:07 INFO SparkContext: Added file file:///opt/bitnami/spark/.ivy2/jars/org.lz4_lz4-java-1.8.0.jar at file:///opt/bitnami/spark/.ivy2/jars/org.lz4_lz4-java-1.8.0.jar with timestamp 1719316506077
[2024-06-25T11:55:07.049+0000] {docker.py:436} INFO - 24/06/25 11:55:07 INFO Utils: Copying /opt/bitnami/spark/.ivy2/jars/org.lz4_lz4-java-1.8.0.jar to /tmp/spark-1637047b-fac5-40ba-bdb9-3374503c622c/userFiles-92811818-6d46-4ef1-bc74-03bd968020e3/org.lz4_lz4-java-1.8.0.jar
[2024-06-25T11:55:07.055+0000] {docker.py:436} INFO - 24/06/25 11:55:07 INFO SparkContext: Added file file:///opt/bitnami/spark/.ivy2/jars/org.xerial.snappy_snappy-java-1.1.8.4.jar at file:///opt/bitnami/spark/.ivy2/jars/org.xerial.snappy_snappy-java-1.1.8.4.jar with timestamp 1719316506077
[2024-06-25T11:55:07.056+0000] {docker.py:436} INFO - 24/06/25 11:55:07 INFO Utils: Copying /opt/bitnami/spark/.ivy2/jars/org.xerial.snappy_snappy-java-1.1.8.4.jar to /tmp/spark-1637047b-fac5-40ba-bdb9-3374503c622c/userFiles-92811818-6d46-4ef1-bc74-03bd968020e3/org.xerial.snappy_snappy-java-1.1.8.4.jar
[2024-06-25T11:55:07.063+0000] {docker.py:436} INFO - 24/06/25 11:55:07 INFO SparkContext: Added file file:///opt/bitnami/spark/.ivy2/jars/org.slf4j_slf4j-api-1.7.32.jar at file:///opt/bitnami/spark/.ivy2/jars/org.slf4j_slf4j-api-1.7.32.jar with timestamp 1719316506077
[2024-06-25T11:55:07.063+0000] {docker.py:436} INFO - 24/06/25 11:55:07 INFO Utils: Copying /opt/bitnami/spark/.ivy2/jars/org.slf4j_slf4j-api-1.7.32.jar to /tmp/spark-1637047b-fac5-40ba-bdb9-3374503c622c/userFiles-92811818-6d46-4ef1-bc74-03bd968020e3/org.slf4j_slf4j-api-1.7.32.jar
[2024-06-25T11:55:07.070+0000] {docker.py:436} INFO - 24/06/25 11:55:07 INFO SparkContext: Added file file:///opt/bitnami/spark/.ivy2/jars/org.apache.hadoop_hadoop-client-api-3.3.2.jar at file:///opt/bitnami/spark/.ivy2/jars/org.apache.hadoop_hadoop-client-api-3.3.2.jar with timestamp 1719316506077
[2024-06-25T11:55:07.070+0000] {docker.py:436} INFO - 24/06/25 11:55:07 INFO Utils: Copying /opt/bitnami/spark/.ivy2/jars/org.apache.hadoop_hadoop-client-api-3.3.2.jar to /tmp/spark-1637047b-fac5-40ba-bdb9-3374503c622c/userFiles-92811818-6d46-4ef1-bc74-03bd968020e3/org.apache.hadoop_hadoop-client-api-3.3.2.jar
[2024-06-25T11:55:07.091+0000] {docker.py:436} INFO - 24/06/25 11:55:07 INFO SparkContext: Added file file:///opt/bitnami/spark/.ivy2/jars/commons-logging_commons-logging-1.1.3.jar at file:///opt/bitnami/spark/.ivy2/jars/commons-logging_commons-logging-1.1.3.jar with timestamp 1719316506077
[2024-06-25T11:55:07.092+0000] {docker.py:436} INFO - 24/06/25 11:55:07 INFO Utils: Copying /opt/bitnami/spark/.ivy2/jars/commons-logging_commons-logging-1.1.3.jar to /tmp/spark-1637047b-fac5-40ba-bdb9-3374503c622c/userFiles-92811818-6d46-4ef1-bc74-03bd968020e3/commons-logging_commons-logging-1.1.3.jar
[2024-06-25T11:55:07.195+0000] {docker.py:436} INFO - 24/06/25 11:55:07 INFO Executor: Starting executor ID driver on host localhost
[2024-06-25T11:55:07.196+0000] {docker.py:436} INFO - 24/06/25 11:55:07 INFO Executor: OS info Linux, 6.5.0-41-generic, amd64
[2024-06-25T11:55:07.196+0000] {docker.py:436} INFO - 24/06/25 11:55:07 INFO Executor: Java version 17.0.11
[2024-06-25T11:55:07.207+0000] {docker.py:436} INFO - 24/06/25 11:55:07 INFO Executor: Starting executor with user classpath (userClassPathFirst = false): ''
[2024-06-25T11:55:07.208+0000] {docker.py:436} INFO - 24/06/25 11:55:07 INFO Executor: Created or updated repl class loader org.apache.spark.util.MutableURLClassLoader@65fab01e for default.
[2024-06-25T11:55:07.220+0000] {docker.py:436} INFO - 24/06/25 11:55:07 INFO Executor: Fetching file:///opt/bitnami/spark/.ivy2/jars/org.apache.hadoop_hadoop-client-api-3.3.2.jar with timestamp 1719316506077
[2024-06-25T11:55:07.256+0000] {docker.py:436} INFO - 24/06/25 11:55:07 INFO Utils: /opt/bitnami/spark/.ivy2/jars/org.apache.hadoop_hadoop-client-api-3.3.2.jar has been previously copied to /tmp/spark-1637047b-fac5-40ba-bdb9-3374503c622c/userFiles-92811818-6d46-4ef1-bc74-03bd968020e3/org.apache.hadoop_hadoop-client-api-3.3.2.jar
[2024-06-25T11:55:07.260+0000] {docker.py:436} INFO - 24/06/25 11:55:07 INFO Executor: Fetching file:///opt/bitnami/spark/.ivy2/jars/org.xerial.snappy_snappy-java-1.1.8.4.jar with timestamp 1719316506077
[2024-06-25T11:55:07.262+0000] {docker.py:436} INFO - 24/06/25 11:55:07 INFO Utils: /opt/bitnami/spark/.ivy2/jars/org.xerial.snappy_snappy-java-1.1.8.4.jar has been previously copied to /tmp/spark-1637047b-fac5-40ba-bdb9-3374503c622c/userFiles-92811818-6d46-4ef1-bc74-03bd968020e3/org.xerial.snappy_snappy-java-1.1.8.4.jar
[2024-06-25T11:55:07.266+0000] {docker.py:436} INFO - 24/06/25 11:55:07 INFO Executor: Fetching file:///opt/bitnami/spark/.ivy2/jars/org.apache.hadoop_hadoop-client-runtime-3.3.2.jar with timestamp 1719316506077
[2024-06-25T11:55:07.295+0000] {docker.py:436} INFO - 24/06/25 11:55:07 INFO Utils: /opt/bitnami/spark/.ivy2/jars/org.apache.hadoop_hadoop-client-runtime-3.3.2.jar has been previously copied to /tmp/spark-1637047b-fac5-40ba-bdb9-3374503c622c/userFiles-92811818-6d46-4ef1-bc74-03bd968020e3/org.apache.hadoop_hadoop-client-runtime-3.3.2.jar
[2024-06-25T11:55:07.299+0000] {docker.py:436} INFO - 24/06/25 11:55:07 INFO Executor: Fetching file:///opt/bitnami/spark/.ivy2/jars/org.apache.commons_commons-pool2-2.11.1.jar with timestamp 1719316506077
[2024-06-25T11:55:07.300+0000] {docker.py:436} INFO - 24/06/25 11:55:07 INFO Utils: /opt/bitnami/spark/.ivy2/jars/org.apache.commons_commons-pool2-2.11.1.jar has been previously copied to /tmp/spark-1637047b-fac5-40ba-bdb9-3374503c622c/userFiles-92811818-6d46-4ef1-bc74-03bd968020e3/org.apache.commons_commons-pool2-2.11.1.jar
[2024-06-25T11:55:07.304+0000] {docker.py:436} INFO - 24/06/25 11:55:07 INFO Executor: Fetching file:///opt/bitnami/spark/.ivy2/jars/org.apache.spark_spark-token-provider-kafka-0-10_2.12-3.3.0.jar with timestamp 1719316506077
[2024-06-25T11:55:07.304+0000] {docker.py:436} INFO - 24/06/25 11:55:07 INFO Utils: /opt/bitnami/spark/.ivy2/jars/org.apache.spark_spark-token-provider-kafka-0-10_2.12-3.3.0.jar has been previously copied to /tmp/spark-1637047b-fac5-40ba-bdb9-3374503c622c/userFiles-92811818-6d46-4ef1-bc74-03bd968020e3/org.apache.spark_spark-token-provider-kafka-0-10_2.12-3.3.0.jar
[2024-06-25T11:55:07.321+0000] {docker.py:436} INFO - 24/06/25 11:55:07 INFO Executor: Fetching file:///opt/bitnami/spark/.ivy2/jars/org.slf4j_slf4j-api-1.7.32.jar with timestamp 1719316506077
24/06/25 11:55:07 INFO Utils: /opt/bitnami/spark/.ivy2/jars/org.slf4j_slf4j-api-1.7.32.jar has been previously copied to /tmp/spark-1637047b-fac5-40ba-bdb9-3374503c622c/userFiles-92811818-6d46-4ef1-bc74-03bd968020e3/org.slf4j_slf4j-api-1.7.32.jar
[2024-06-25T11:55:07.325+0000] {docker.py:436} INFO - 24/06/25 11:55:07 INFO Executor: Fetching file:///opt/bitnami/spark/.ivy2/jars/org.apache.spark_spark-sql-kafka-0-10_2.12-3.3.0.jar with timestamp 1719316506077
[2024-06-25T11:55:07.326+0000] {docker.py:436} INFO - 24/06/25 11:55:07 INFO Utils: /opt/bitnami/spark/.ivy2/jars/org.apache.spark_spark-sql-kafka-0-10_2.12-3.3.0.jar has been previously copied to /tmp/spark-1637047b-fac5-40ba-bdb9-3374503c622c/userFiles-92811818-6d46-4ef1-bc74-03bd968020e3/org.apache.spark_spark-sql-kafka-0-10_2.12-3.3.0.jar
[2024-06-25T11:55:07.329+0000] {docker.py:436} INFO - 24/06/25 11:55:07 INFO Executor: Fetching file:///opt/bitnami/spark/.ivy2/jars/com.google.code.findbugs_jsr305-3.0.0.jar with timestamp 1719316506077
[2024-06-25T11:55:07.330+0000] {docker.py:436} INFO - 24/06/25 11:55:07 INFO Utils: /opt/bitnami/spark/.ivy2/jars/com.google.code.findbugs_jsr305-3.0.0.jar has been previously copied to /tmp/spark-1637047b-fac5-40ba-bdb9-3374503c622c/userFiles-92811818-6d46-4ef1-bc74-03bd968020e3/com.google.code.findbugs_jsr305-3.0.0.jar
[2024-06-25T11:55:07.334+0000] {docker.py:436} INFO - 24/06/25 11:55:07 INFO Executor: Fetching file:///opt/bitnami/spark/.ivy2/jars/org.lz4_lz4-java-1.8.0.jar with timestamp 1719316506077
[2024-06-25T11:55:07.336+0000] {docker.py:436} INFO - 24/06/25 11:55:07 INFO Utils: /opt/bitnami/spark/.ivy2/jars/org.lz4_lz4-java-1.8.0.jar has been previously copied to /tmp/spark-1637047b-fac5-40ba-bdb9-3374503c622c/userFiles-92811818-6d46-4ef1-bc74-03bd968020e3/org.lz4_lz4-java-1.8.0.jar
[2024-06-25T11:55:07.340+0000] {docker.py:436} INFO - 24/06/25 11:55:07 INFO Executor: Fetching file:///opt/bitnami/spark/.ivy2/jars/commons-logging_commons-logging-1.1.3.jar with timestamp 1719316506077
[2024-06-25T11:55:07.341+0000] {docker.py:436} INFO - 24/06/25 11:55:07 INFO Utils: /opt/bitnami/spark/.ivy2/jars/commons-logging_commons-logging-1.1.3.jar has been previously copied to /tmp/spark-1637047b-fac5-40ba-bdb9-3374503c622c/userFiles-92811818-6d46-4ef1-bc74-03bd968020e3/commons-logging_commons-logging-1.1.3.jar
[2024-06-25T11:55:07.346+0000] {docker.py:436} INFO - 24/06/25 11:55:07 INFO Executor: Fetching file:///opt/bitnami/spark/.ivy2/jars/org.spark-project.spark_unused-1.0.0.jar with timestamp 1719316506077
[2024-06-25T11:55:07.347+0000] {docker.py:436} INFO - 24/06/25 11:55:07 INFO Utils: /opt/bitnami/spark/.ivy2/jars/org.spark-project.spark_unused-1.0.0.jar has been previously copied to /tmp/spark-1637047b-fac5-40ba-bdb9-3374503c622c/userFiles-92811818-6d46-4ef1-bc74-03bd968020e3/org.spark-project.spark_unused-1.0.0.jar
[2024-06-25T11:55:07.351+0000] {docker.py:436} INFO - 24/06/25 11:55:07 INFO Executor: Fetching file:///opt/bitnami/spark/.ivy2/jars/org.apache.kafka_kafka-clients-2.8.1.jar with timestamp 1719316506077
[2024-06-25T11:55:07.359+0000] {docker.py:436} INFO - 24/06/25 11:55:07 INFO Utils: /opt/bitnami/spark/.ivy2/jars/org.apache.kafka_kafka-clients-2.8.1.jar has been previously copied to /tmp/spark-1637047b-fac5-40ba-bdb9-3374503c622c/userFiles-92811818-6d46-4ef1-bc74-03bd968020e3/org.apache.kafka_kafka-clients-2.8.1.jar
[2024-06-25T11:55:07.366+0000] {docker.py:436} INFO - 24/06/25 11:55:07 INFO Executor: Fetching spark://localhost:45691/jars/org.spark-project.spark_unused-1.0.0.jar with timestamp 1719316506077
[2024-06-25T11:55:07.424+0000] {docker.py:436} INFO - 24/06/25 11:55:07 INFO TransportClientFactory: Successfully created connection to localhost/127.0.0.1:45691 after 39 ms (0 ms spent in bootstraps)
[2024-06-25T11:55:07.437+0000] {docker.py:436} INFO - 24/06/25 11:55:07 INFO Utils: Fetching spark://localhost:45691/jars/org.spark-project.spark_unused-1.0.0.jar to /tmp/spark-1637047b-fac5-40ba-bdb9-3374503c622c/userFiles-92811818-6d46-4ef1-bc74-03bd968020e3/fetchFileTemp9091656453675872210.tmp
[2024-06-25T11:55:07.470+0000] {docker.py:436} INFO - 24/06/25 11:55:07 INFO Utils: /tmp/spark-1637047b-fac5-40ba-bdb9-3374503c622c/userFiles-92811818-6d46-4ef1-bc74-03bd968020e3/fetchFileTemp9091656453675872210.tmp has been previously copied to /tmp/spark-1637047b-fac5-40ba-bdb9-3374503c622c/userFiles-92811818-6d46-4ef1-bc74-03bd968020e3/org.spark-project.spark_unused-1.0.0.jar
[2024-06-25T11:55:07.475+0000] {docker.py:436} INFO - 24/06/25 11:55:07 INFO Executor: Adding file:/tmp/spark-1637047b-fac5-40ba-bdb9-3374503c622c/userFiles-92811818-6d46-4ef1-bc74-03bd968020e3/org.spark-project.spark_unused-1.0.0.jar to class loader default
[2024-06-25T11:55:07.475+0000] {docker.py:436} INFO - 24/06/25 11:55:07 INFO Executor: Fetching spark://localhost:45691/jars/org.apache.hadoop_hadoop-client-runtime-3.3.2.jar with timestamp 1719316506077
[2024-06-25T11:55:07.477+0000] {docker.py:436} INFO - 24/06/25 11:55:07 INFO Utils: Fetching spark://localhost:45691/jars/org.apache.hadoop_hadoop-client-runtime-3.3.2.jar to /tmp/spark-1637047b-fac5-40ba-bdb9-3374503c622c/userFiles-92811818-6d46-4ef1-bc74-03bd968020e3/fetchFileTemp8022573713932764770.tmp
[2024-06-25T11:55:07.725+0000] {docker.py:436} INFO - 24/06/25 11:55:07 INFO Utils: /tmp/spark-1637047b-fac5-40ba-bdb9-3374503c622c/userFiles-92811818-6d46-4ef1-bc74-03bd968020e3/fetchFileTemp8022573713932764770.tmp has been previously copied to /tmp/spark-1637047b-fac5-40ba-bdb9-3374503c622c/userFiles-92811818-6d46-4ef1-bc74-03bd968020e3/org.apache.hadoop_hadoop-client-runtime-3.3.2.jar
[2024-06-25T11:55:07.737+0000] {docker.py:436} INFO - 24/06/25 11:55:07 INFO Executor: Adding file:/tmp/spark-1637047b-fac5-40ba-bdb9-3374503c622c/userFiles-92811818-6d46-4ef1-bc74-03bd968020e3/org.apache.hadoop_hadoop-client-runtime-3.3.2.jar to class loader default
[2024-06-25T11:55:07.738+0000] {docker.py:436} INFO - 24/06/25 11:55:07 INFO Executor: Fetching spark://localhost:45691/jars/org.apache.hadoop_hadoop-client-api-3.3.2.jar with timestamp 1719316506077
[2024-06-25T11:55:07.738+0000] {docker.py:436} INFO - 24/06/25 11:55:07 INFO Utils: Fetching spark://localhost:45691/jars/org.apache.hadoop_hadoop-client-api-3.3.2.jar to /tmp/spark-1637047b-fac5-40ba-bdb9-3374503c622c/userFiles-92811818-6d46-4ef1-bc74-03bd968020e3/fetchFileTemp14143153720773364356.tmp
[2024-06-25T11:55:07.852+0000] {docker.py:436} INFO - 24/06/25 11:55:07 INFO Utils: /tmp/spark-1637047b-fac5-40ba-bdb9-3374503c622c/userFiles-92811818-6d46-4ef1-bc74-03bd968020e3/fetchFileTemp14143153720773364356.tmp has been previously copied to /tmp/spark-1637047b-fac5-40ba-bdb9-3374503c622c/userFiles-92811818-6d46-4ef1-bc74-03bd968020e3/org.apache.hadoop_hadoop-client-api-3.3.2.jar
[2024-06-25T11:55:07.860+0000] {docker.py:436} INFO - 24/06/25 11:55:07 INFO Executor: Adding file:/tmp/spark-1637047b-fac5-40ba-bdb9-3374503c622c/userFiles-92811818-6d46-4ef1-bc74-03bd968020e3/org.apache.hadoop_hadoop-client-api-3.3.2.jar to class loader default
[2024-06-25T11:55:07.861+0000] {docker.py:436} INFO - 24/06/25 11:55:07 INFO Executor: Fetching spark://localhost:45691/jars/commons-logging_commons-logging-1.1.3.jar with timestamp 1719316506077
[2024-06-25T11:55:07.861+0000] {docker.py:436} INFO - 24/06/25 11:55:07 INFO Utils: Fetching spark://localhost:45691/jars/commons-logging_commons-logging-1.1.3.jar to /tmp/spark-1637047b-fac5-40ba-bdb9-3374503c622c/userFiles-92811818-6d46-4ef1-bc74-03bd968020e3/fetchFileTemp15840526221723993226.tmp
[2024-06-25T11:55:07.863+0000] {docker.py:436} INFO - 24/06/25 11:55:07 INFO Utils: /tmp/spark-1637047b-fac5-40ba-bdb9-3374503c622c/userFiles-92811818-6d46-4ef1-bc74-03bd968020e3/fetchFileTemp15840526221723993226.tmp has been previously copied to /tmp/spark-1637047b-fac5-40ba-bdb9-3374503c622c/userFiles-92811818-6d46-4ef1-bc74-03bd968020e3/commons-logging_commons-logging-1.1.3.jar
[2024-06-25T11:55:07.867+0000] {docker.py:436} INFO - 24/06/25 11:55:07 INFO Executor: Adding file:/tmp/spark-1637047b-fac5-40ba-bdb9-3374503c622c/userFiles-92811818-6d46-4ef1-bc74-03bd968020e3/commons-logging_commons-logging-1.1.3.jar to class loader default
[2024-06-25T11:55:07.868+0000] {docker.py:436} INFO - 24/06/25 11:55:07 INFO Executor: Fetching spark://localhost:45691/jars/com.google.code.findbugs_jsr305-3.0.0.jar with timestamp 1719316506077
[2024-06-25T11:55:07.869+0000] {docker.py:436} INFO - 24/06/25 11:55:07 INFO Utils: Fetching spark://localhost:45691/jars/com.google.code.findbugs_jsr305-3.0.0.jar to /tmp/spark-1637047b-fac5-40ba-bdb9-3374503c622c/userFiles-92811818-6d46-4ef1-bc74-03bd968020e3/fetchFileTemp5006917433457243054.tmp
[2024-06-25T11:55:07.871+0000] {docker.py:436} INFO - 24/06/25 11:55:07 INFO Utils: /tmp/spark-1637047b-fac5-40ba-bdb9-3374503c622c/userFiles-92811818-6d46-4ef1-bc74-03bd968020e3/fetchFileTemp5006917433457243054.tmp has been previously copied to /tmp/spark-1637047b-fac5-40ba-bdb9-3374503c622c/userFiles-92811818-6d46-4ef1-bc74-03bd968020e3/com.google.code.findbugs_jsr305-3.0.0.jar
[2024-06-25T11:55:07.875+0000] {docker.py:436} INFO - 24/06/25 11:55:07 INFO Executor: Adding file:/tmp/spark-1637047b-fac5-40ba-bdb9-3374503c622c/userFiles-92811818-6d46-4ef1-bc74-03bd968020e3/com.google.code.findbugs_jsr305-3.0.0.jar to class loader default
[2024-06-25T11:55:07.876+0000] {docker.py:436} INFO - 24/06/25 11:55:07 INFO Executor: Fetching spark://localhost:45691/jars/org.apache.spark_spark-sql-kafka-0-10_2.12-3.3.0.jar with timestamp 1719316506077
[2024-06-25T11:55:07.876+0000] {docker.py:436} INFO - 24/06/25 11:55:07 INFO Utils: Fetching spark://localhost:45691/jars/org.apache.spark_spark-sql-kafka-0-10_2.12-3.3.0.jar to /tmp/spark-1637047b-fac5-40ba-bdb9-3374503c622c/userFiles-92811818-6d46-4ef1-bc74-03bd968020e3/fetchFileTemp9809901742509731613.tmp
[2024-06-25T11:55:07.881+0000] {docker.py:436} INFO - 24/06/25 11:55:07 INFO Utils: /tmp/spark-1637047b-fac5-40ba-bdb9-3374503c622c/userFiles-92811818-6d46-4ef1-bc74-03bd968020e3/fetchFileTemp9809901742509731613.tmp has been previously copied to /tmp/spark-1637047b-fac5-40ba-bdb9-3374503c622c/userFiles-92811818-6d46-4ef1-bc74-03bd968020e3/org.apache.spark_spark-sql-kafka-0-10_2.12-3.3.0.jar
[2024-06-25T11:55:07.885+0000] {docker.py:436} INFO - 24/06/25 11:55:07 INFO Executor: Adding file:/tmp/spark-1637047b-fac5-40ba-bdb9-3374503c622c/userFiles-92811818-6d46-4ef1-bc74-03bd968020e3/org.apache.spark_spark-sql-kafka-0-10_2.12-3.3.0.jar to class loader default
[2024-06-25T11:55:07.886+0000] {docker.py:436} INFO - 24/06/25 11:55:07 INFO Executor: Fetching spark://localhost:45691/jars/org.lz4_lz4-java-1.8.0.jar with timestamp 1719316506077
[2024-06-25T11:55:07.886+0000] {docker.py:436} INFO - 24/06/25 11:55:07 INFO Utils: Fetching spark://localhost:45691/jars/org.lz4_lz4-java-1.8.0.jar to /tmp/spark-1637047b-fac5-40ba-bdb9-3374503c622c/userFiles-92811818-6d46-4ef1-bc74-03bd968020e3/fetchFileTemp11641803893540316778.tmp
[2024-06-25T11:55:07.891+0000] {docker.py:436} INFO - 24/06/25 11:55:07 INFO Utils: /tmp/spark-1637047b-fac5-40ba-bdb9-3374503c622c/userFiles-92811818-6d46-4ef1-bc74-03bd968020e3/fetchFileTemp11641803893540316778.tmp has been previously copied to /tmp/spark-1637047b-fac5-40ba-bdb9-3374503c622c/userFiles-92811818-6d46-4ef1-bc74-03bd968020e3/org.lz4_lz4-java-1.8.0.jar
[2024-06-25T11:55:07.895+0000] {docker.py:436} INFO - 24/06/25 11:55:07 INFO Executor: Adding file:/tmp/spark-1637047b-fac5-40ba-bdb9-3374503c622c/userFiles-92811818-6d46-4ef1-bc74-03bd968020e3/org.lz4_lz4-java-1.8.0.jar to class loader default
[2024-06-25T11:55:07.895+0000] {docker.py:436} INFO - 24/06/25 11:55:07 INFO Executor: Fetching spark://localhost:45691/jars/org.slf4j_slf4j-api-1.7.32.jar with timestamp 1719316506077
[2024-06-25T11:55:07.897+0000] {docker.py:436} INFO - 24/06/25 11:55:07 INFO Utils: Fetching spark://localhost:45691/jars/org.slf4j_slf4j-api-1.7.32.jar to /tmp/spark-1637047b-fac5-40ba-bdb9-3374503c622c/userFiles-92811818-6d46-4ef1-bc74-03bd968020e3/fetchFileTemp4495772613684106785.tmp
[2024-06-25T11:55:07.899+0000] {docker.py:436} INFO - 24/06/25 11:55:07 INFO Utils: /tmp/spark-1637047b-fac5-40ba-bdb9-3374503c622c/userFiles-92811818-6d46-4ef1-bc74-03bd968020e3/fetchFileTemp4495772613684106785.tmp has been previously copied to /tmp/spark-1637047b-fac5-40ba-bdb9-3374503c622c/userFiles-92811818-6d46-4ef1-bc74-03bd968020e3/org.slf4j_slf4j-api-1.7.32.jar
[2024-06-25T11:55:07.902+0000] {docker.py:436} INFO - 24/06/25 11:55:07 INFO Executor: Adding file:/tmp/spark-1637047b-fac5-40ba-bdb9-3374503c622c/userFiles-92811818-6d46-4ef1-bc74-03bd968020e3/org.slf4j_slf4j-api-1.7.32.jar to class loader default
[2024-06-25T11:55:07.903+0000] {docker.py:436} INFO - 24/06/25 11:55:07 INFO Executor: Fetching spark://localhost:45691/jars/org.xerial.snappy_snappy-java-1.1.8.4.jar with timestamp 1719316506077
[2024-06-25T11:55:07.904+0000] {docker.py:436} INFO - 24/06/25 11:55:07 INFO Utils: Fetching spark://localhost:45691/jars/org.xerial.snappy_snappy-java-1.1.8.4.jar to /tmp/spark-1637047b-fac5-40ba-bdb9-3374503c622c/userFiles-92811818-6d46-4ef1-bc74-03bd968020e3/fetchFileTemp13933172336349013408.tmp
[2024-06-25T11:55:07.913+0000] {docker.py:436} INFO - 24/06/25 11:55:07 INFO Utils: /tmp/spark-1637047b-fac5-40ba-bdb9-3374503c622c/userFiles-92811818-6d46-4ef1-bc74-03bd968020e3/fetchFileTemp13933172336349013408.tmp has been previously copied to /tmp/spark-1637047b-fac5-40ba-bdb9-3374503c622c/userFiles-92811818-6d46-4ef1-bc74-03bd968020e3/org.xerial.snappy_snappy-java-1.1.8.4.jar
[2024-06-25T11:55:07.918+0000] {docker.py:436} INFO - 24/06/25 11:55:07 INFO Executor: Adding file:/tmp/spark-1637047b-fac5-40ba-bdb9-3374503c622c/userFiles-92811818-6d46-4ef1-bc74-03bd968020e3/org.xerial.snappy_snappy-java-1.1.8.4.jar to class loader default
[2024-06-25T11:55:07.919+0000] {docker.py:436} INFO - 24/06/25 11:55:07 INFO Executor: Fetching spark://localhost:45691/jars/org.apache.commons_commons-pool2-2.11.1.jar with timestamp 1719316506077
[2024-06-25T11:55:07.919+0000] {docker.py:436} INFO - 24/06/25 11:55:07 INFO Utils: Fetching spark://localhost:45691/jars/org.apache.commons_commons-pool2-2.11.1.jar to /tmp/spark-1637047b-fac5-40ba-bdb9-3374503c622c/userFiles-92811818-6d46-4ef1-bc74-03bd968020e3/fetchFileTemp12522347701119914184.tmp
[2024-06-25T11:55:07.922+0000] {docker.py:436} INFO - 24/06/25 11:55:07 INFO Utils: /tmp/spark-1637047b-fac5-40ba-bdb9-3374503c622c/userFiles-92811818-6d46-4ef1-bc74-03bd968020e3/fetchFileTemp12522347701119914184.tmp has been previously copied to /tmp/spark-1637047b-fac5-40ba-bdb9-3374503c622c/userFiles-92811818-6d46-4ef1-bc74-03bd968020e3/org.apache.commons_commons-pool2-2.11.1.jar
[2024-06-25T11:55:07.926+0000] {docker.py:436} INFO - 24/06/25 11:55:07 INFO Executor: Adding file:/tmp/spark-1637047b-fac5-40ba-bdb9-3374503c622c/userFiles-92811818-6d46-4ef1-bc74-03bd968020e3/org.apache.commons_commons-pool2-2.11.1.jar to class loader default
[2024-06-25T11:55:07.927+0000] {docker.py:436} INFO - 24/06/25 11:55:07 INFO Executor: Fetching spark://localhost:45691/jars/org.apache.kafka_kafka-clients-2.8.1.jar with timestamp 1719316506077
[2024-06-25T11:55:07.928+0000] {docker.py:436} INFO - 24/06/25 11:55:07 INFO Utils: Fetching spark://localhost:45691/jars/org.apache.kafka_kafka-clients-2.8.1.jar to /tmp/spark-1637047b-fac5-40ba-bdb9-3374503c622c/userFiles-92811818-6d46-4ef1-bc74-03bd968020e3/fetchFileTemp6182801403243513925.tmp
[2024-06-25T11:55:07.947+0000] {docker.py:436} INFO - 24/06/25 11:55:07 INFO Utils: /tmp/spark-1637047b-fac5-40ba-bdb9-3374503c622c/userFiles-92811818-6d46-4ef1-bc74-03bd968020e3/fetchFileTemp6182801403243513925.tmp has been previously copied to /tmp/spark-1637047b-fac5-40ba-bdb9-3374503c622c/userFiles-92811818-6d46-4ef1-bc74-03bd968020e3/org.apache.kafka_kafka-clients-2.8.1.jar
[2024-06-25T11:55:07.954+0000] {docker.py:436} INFO - 24/06/25 11:55:07 INFO Executor: Adding file:/tmp/spark-1637047b-fac5-40ba-bdb9-3374503c622c/userFiles-92811818-6d46-4ef1-bc74-03bd968020e3/org.apache.kafka_kafka-clients-2.8.1.jar to class loader default
[2024-06-25T11:55:07.955+0000] {docker.py:436} INFO - 24/06/25 11:55:07 INFO Executor: Fetching spark://localhost:45691/jars/org.apache.spark_spark-token-provider-kafka-0-10_2.12-3.3.0.jar with timestamp 1719316506077
[2024-06-25T11:55:07.956+0000] {docker.py:436} INFO - 24/06/25 11:55:07 INFO Utils: Fetching spark://localhost:45691/jars/org.apache.spark_spark-token-provider-kafka-0-10_2.12-3.3.0.jar to /tmp/spark-1637047b-fac5-40ba-bdb9-3374503c622c/userFiles-92811818-6d46-4ef1-bc74-03bd968020e3/fetchFileTemp13085923295246211754.tmp
[2024-06-25T11:55:07.959+0000] {docker.py:436} INFO - 24/06/25 11:55:07 INFO Utils: /tmp/spark-1637047b-fac5-40ba-bdb9-3374503c622c/userFiles-92811818-6d46-4ef1-bc74-03bd968020e3/fetchFileTemp13085923295246211754.tmp has been previously copied to /tmp/spark-1637047b-fac5-40ba-bdb9-3374503c622c/userFiles-92811818-6d46-4ef1-bc74-03bd968020e3/org.apache.spark_spark-token-provider-kafka-0-10_2.12-3.3.0.jar
[2024-06-25T11:55:07.963+0000] {docker.py:436} INFO - 24/06/25 11:55:07 INFO Executor: Adding file:/tmp/spark-1637047b-fac5-40ba-bdb9-3374503c622c/userFiles-92811818-6d46-4ef1-bc74-03bd968020e3/org.apache.spark_spark-token-provider-kafka-0-10_2.12-3.3.0.jar to class loader default
[2024-06-25T11:55:07.974+0000] {docker.py:436} INFO - 24/06/25 11:55:07 INFO Utils: Successfully started service 'org.apache.spark.network.netty.NettyBlockTransferService' on port 42295.
[2024-06-25T11:55:07.975+0000] {docker.py:436} INFO - 24/06/25 11:55:07 INFO NettyBlockTransferService: Server created on localhost:42295
[2024-06-25T11:55:07.977+0000] {docker.py:436} INFO - 24/06/25 11:55:07 INFO BlockManager: Using org.apache.spark.storage.RandomBlockReplicationPolicy for block replication policy
[2024-06-25T11:55:07.984+0000] {docker.py:436} INFO - 24/06/25 11:55:07 INFO BlockManagerMaster: Registering BlockManager BlockManagerId(driver, localhost, 42295, None)
[2024-06-25T11:55:07.990+0000] {docker.py:436} INFO - 24/06/25 11:55:07 INFO BlockManagerMasterEndpoint: Registering block manager localhost:42295 with 434.4 MiB RAM, BlockManagerId(driver, localhost, 42295, None)
[2024-06-25T11:55:07.993+0000] {docker.py:436} INFO - 24/06/25 11:55:07 INFO BlockManagerMaster: Registered BlockManager BlockManagerId(driver, localhost, 42295, None)
[2024-06-25T11:55:07.995+0000] {docker.py:436} INFO - 24/06/25 11:55:07 INFO BlockManager: Initialized BlockManager: BlockManagerId(driver, localhost, 42295, None)
[2024-06-25T11:55:08.470+0000] {docker.py:436} INFO - 2024-06-25 11:55:08,470:create_spark_session:INFO:Spark session created successfully
[2024-06-25T11:55:08.477+0000] {docker.py:436} INFO - 24/06/25 11:55:08 INFO SharedState: Setting hive.metastore.warehouse.dir ('null') to the value of spark.sql.warehouse.dir.
[2024-06-25T11:55:08.480+0000] {docker.py:436} INFO - 24/06/25 11:55:08 INFO SharedState: Warehouse path is 'file:/opt/bitnami/spark/spark-warehouse'.
[2024-06-25T11:55:10.301+0000] {docker.py:436} INFO - 2024-06-25 11:55:10,301:create_initial_dataframe:INFO:Initial dataframe created successfully: {df.show()}
StructType([StructField('item_purchased', StringType(), True), StructField('date_of_purchase', DateType(), True), StructField('cost', FloatType(), True), StructField('quantity', IntegerType(), True), StructField('purchased_by', StringType(), True), StructField('payment_method', StringType(), True)])
[2024-06-25T11:55:10.955+0000] {docker.py:436} INFO - 2024-06-25 11:55:10,954:run:INFO:Callback Server Starting
[2024-06-25T11:55:10.956+0000] {docker.py:436} INFO - 2024-06-25 11:55:10,955:run:INFO:Socket listening on ('127.0.0.1', 37863)
[2024-06-25T11:55:10.978+0000] {docker.py:436} INFO - 24/06/25 11:55:10 INFO StateStoreCoordinatorRef: Registered StateStoreCoordinator endpoint
[2024-06-25T11:55:11.018+0000] {docker.py:436} INFO - 24/06/25 11:55:11 WARN ResolveWriteToStream: Temporary checkpoint location created which is deleted normally when the query didn't fail: /tmp/temporary-c72af92c-f810-4e33-a875-732271dfc552. If it's required to delete it under any circumstances, please set spark.sql.streaming.forceDeleteTempCheckpointLocation to true. Important to know deleting temp checkpoint folder is best effort.
[2024-06-25T11:55:11.053+0000] {docker.py:436} INFO - 24/06/25 11:55:11 INFO ResolveWriteToStream: Checkpoint root file:///tmp/temporary-c72af92c-f810-4e33-a875-732271dfc552 resolved to file:/tmp/temporary-c72af92c-f810-4e33-a875-732271dfc552.
[2024-06-25T11:55:11.054+0000] {docker.py:436} INFO - 24/06/25 11:55:11 WARN ResolveWriteToStream: spark.sql.adaptive.enabled is not supported in streaming DataFrames/Datasets and will be disabled.
[2024-06-25T11:55:11.146+0000] {docker.py:436} INFO - 24/06/25 11:55:11 INFO CheckpointFileManager: Writing atomically to file:/tmp/temporary-c72af92c-f810-4e33-a875-732271dfc552/metadata using temp file file:/tmp/temporary-c72af92c-f810-4e33-a875-732271dfc552/.metadata.43abb40c-35fb-4010-920d-d84091725d01.tmp
[2024-06-25T11:55:11.242+0000] {docker.py:436} INFO - 24/06/25 11:55:11 INFO CheckpointFileManager: Renamed temp file file:/tmp/temporary-c72af92c-f810-4e33-a875-732271dfc552/.metadata.43abb40c-35fb-4010-920d-d84091725d01.tmp to file:/tmp/temporary-c72af92c-f810-4e33-a875-732271dfc552/metadata
[2024-06-25T11:55:11.277+0000] {docker.py:436} INFO - 24/06/25 11:55:11 INFO MicroBatchExecution: Starting [id = 199db209-50db-4ceb-b9ff-4feccebdc569, runId = c72b30ed-3942-4076-b832-7692fe0ab8f1]. Use file:/tmp/temporary-c72af92c-f810-4e33-a875-732271dfc552 to store the query checkpoint.
[2024-06-25T11:55:11.289+0000] {docker.py:436} INFO - 24/06/25 11:55:11 INFO MicroBatchExecution: Reading table [org.apache.spark.sql.kafka010.KafkaSourceProvider$KafkaTable@734256ff] from DataSourceV2 named 'kafka' [org.apache.spark.sql.kafka010.KafkaSourceProvider@55093bd2]
[2024-06-25T11:55:11.330+0000] {docker.py:436} INFO - 24/06/25 11:55:11 INFO OffsetSeqLog: BatchIds found from listing:
[2024-06-25T11:55:11.333+0000] {docker.py:436} INFO - 24/06/25 11:55:11 INFO OffsetSeqLog: BatchIds found from listing:
[2024-06-25T11:55:11.334+0000] {docker.py:436} INFO - 24/06/25 11:55:11 INFO MicroBatchExecution: Starting new streaming query.
[2024-06-25T11:55:11.340+0000] {docker.py:436} INFO - 24/06/25 11:55:11 INFO MicroBatchExecution: Stream started from {}
[2024-06-25T11:55:11.797+0000] {docker.py:436} INFO - 24/06/25 11:55:11 INFO AdminClientConfig: AdminClientConfig values: 
	bootstrap.servers = [kafka:9092]
	client.dns.lookup = use_all_dns_ips
	client.id = 
	connections.max.idle.ms = 300000
	default.api.timeout.ms = 60000
	metadata.max.age.ms = 300000
	metric.reporters = []
	metrics.num.samples = 2
	metrics.recording.level = INFO
	metrics.sample.window.ms = 30000
	receive.buffer.bytes = 65536
	reconnect.backoff.max.ms = 1000
	reconnect.backoff.ms = 50
	request.timeout.ms = 30000
	retries = 2147483647
	retry.backoff.ms = 100
	sasl.client.callback.handler.class = null
	sasl.jaas.config = null
	sasl.kerberos.kinit.cmd = /usr/bin/kinit
	sasl.kerberos.min.time.before.relogin = 60000
	sasl.kerberos.service.name = null
	sasl.kerberos.ticket.renew.jitter = 0.05
	sasl.kerberos.ticket.renew.window.factor = 0.8
	sasl.login.callback.handler.class = null
	sasl.login.class = null
	sasl.login.refresh.buffer.seconds = 300
	sasl.login.refresh.min.period.seconds = 60
	sasl.login.refresh.window.factor = 0.8
	sasl.login.refresh.window.jitter = 0.05
	sasl.mechanism = GSSAPI
	security.protocol = PLAINTEXT
	security.providers = null
	send.buffer.bytes = 131072
	socket.connection.setup.timeout.max.ms = 30000
	socket.connection.setup.timeout.ms = 10000
	ssl.cipher.suites = null
	ssl.enabled.protocols = [TLSv1.2, TLSv1.3]
	ssl.endpoint.identification.algorithm = https
	ssl.engine.factory.class = null
	ssl.key.password = null
	ssl.keymanager.algorithm = SunX509
	ssl.keystore.certificate.chain = null
	ssl.keystore.key = null
	ssl.keystore.location = null
	ssl.keystore.password = null
	ssl.keystore.type = JKS
	ssl.protocol = TLSv1.3
	ssl.provider = null
	ssl.secure.random.implementation = null
	ssl.trustmanager.algorithm = PKIX
	ssl.truststore.certificates = null
	ssl.truststore.location = null
	ssl.truststore.password = null
	ssl.truststore.type = JKS
[2024-06-25T11:55:11.898+0000] {docker.py:436} INFO - 24/06/25 11:55:11 WARN AdminClientConfig: The configuration 'key.deserializer' was supplied but isn't a known config.
[2024-06-25T11:55:11.899+0000] {docker.py:436} INFO - 24/06/25 11:55:11 WARN AdminClientConfig: The configuration 'value.deserializer' was supplied but isn't a known config.
24/06/25 11:55:11 WARN AdminClientConfig: The configuration 'enable.auto.commit' was supplied but isn't a known config.
24/06/25 11:55:11 WARN AdminClientConfig: The configuration 'max.poll.records' was supplied but isn't a known config.
24/06/25 11:55:11 WARN AdminClientConfig: The configuration 'auto.offset.reset' was supplied but isn't a known config.
[2024-06-25T11:55:11.902+0000] {docker.py:436} INFO - 24/06/25 11:55:11 INFO AppInfoParser: Kafka version: 2.8.1
[2024-06-25T11:55:11.903+0000] {docker.py:436} INFO - 24/06/25 11:55:11 INFO AppInfoParser: Kafka commitId: 839b886f9b732b15
[2024-06-25T11:55:11.903+0000] {docker.py:436} INFO - 24/06/25 11:55:11 INFO AppInfoParser: Kafka startTimeMs: 1719316511899
[2024-06-25T11:55:12.504+0000] {docker.py:436} INFO - 24/06/25 11:55:12 INFO CheckpointFileManager: Writing atomically to file:/tmp/temporary-c72af92c-f810-4e33-a875-732271dfc552/sources/0/0 using temp file file:/tmp/temporary-c72af92c-f810-4e33-a875-732271dfc552/sources/0/.0.d6c98126-133d-4d1a-b8bb-aa1170c45564.tmp
[2024-06-25T11:55:12.537+0000] {docker.py:436} INFO - 24/06/25 11:55:12 INFO CheckpointFileManager: Renamed temp file file:/tmp/temporary-c72af92c-f810-4e33-a875-732271dfc552/sources/0/.0.d6c98126-133d-4d1a-b8bb-aa1170c45564.tmp to file:/tmp/temporary-c72af92c-f810-4e33-a875-732271dfc552/sources/0/0
[2024-06-25T11:55:12.538+0000] {docker.py:436} INFO - 24/06/25 11:55:12 INFO KafkaMicroBatchStream: Initial offsets: {"store_source_data":{"0":0}}
[2024-06-25T11:55:12.566+0000] {docker.py:436} INFO - 24/06/25 11:55:12 INFO CheckpointFileManager: Writing atomically to file:/tmp/temporary-c72af92c-f810-4e33-a875-732271dfc552/offsets/0 using temp file file:/tmp/temporary-c72af92c-f810-4e33-a875-732271dfc552/offsets/.0.23fd42a6-e4b4-4cba-863e-0304a0d7fdd9.tmp
[2024-06-25T11:55:12.605+0000] {docker.py:436} INFO - 24/06/25 11:55:12 INFO CheckpointFileManager: Renamed temp file file:/tmp/temporary-c72af92c-f810-4e33-a875-732271dfc552/offsets/.0.23fd42a6-e4b4-4cba-863e-0304a0d7fdd9.tmp to file:/tmp/temporary-c72af92c-f810-4e33-a875-732271dfc552/offsets/0
[2024-06-25T11:55:12.606+0000] {docker.py:436} INFO - 24/06/25 11:55:12 INFO MicroBatchExecution: Committed offsets for batch 0. Metadata OffsetSeqMetadata(0,1719316512554,Map(spark.sql.streaming.stateStore.providerClass -> org.apache.spark.sql.execution.streaming.state.HDFSBackedStateStoreProvider, spark.sql.streaming.join.stateFormatVersion -> 2, spark.sql.streaming.stateStore.compression.codec -> lz4, spark.sql.streaming.stateStore.rocksdb.formatVersion -> 5, spark.sql.streaming.statefulOperator.useStrictDistribution -> true, spark.sql.streaming.flatMapGroupsWithState.stateFormatVersion -> 2, spark.sql.streaming.multipleWatermarkPolicy -> min, spark.sql.streaming.aggregation.stateFormatVersion -> 2, spark.sql.shuffle.partitions -> 200))
[2024-06-25T11:55:13.015+0000] {docker.py:436} INFO - 24/06/25 11:55:13 INFO KafkaOffsetReaderAdmin: Partitions added: Map()
[2024-06-25T11:55:13.091+0000] {docker.py:436} INFO - 24/06/25 11:55:13 INFO KafkaOffsetReaderAdmin: Partitions added: Map()
[2024-06-25T11:55:13.170+0000] {docker.py:436} INFO - 24/06/25 11:55:13 INFO KafkaOffsetReaderAdmin: Partitions added: Map()
[2024-06-25T11:55:13.173+0000] {docker.py:436} INFO - 24/06/25 11:55:13 INFO KafkaOffsetReaderAdmin: Partitions added: Map()
[2024-06-25T11:55:13.533+0000] {docker.py:436} INFO - 24/06/25 11:55:13 INFO CodeGenerator: Code generated in 190.631865 ms
[2024-06-25T11:55:13.637+0000] {docker.py:436} INFO - 2024-06-25 11:55:13,636:wait_for_commands:INFO:Python Server ready to receive messages
[2024-06-25T11:55:13.637+0000] {docker.py:436} INFO - 2024-06-25 11:55:13,636:wait_for_commands:INFO:Received command c on object id p0
[2024-06-25T11:55:13.649+0000] {docker.py:436} INFO - 2024-06-25 11:55:13,647:_call_proxy:ERROR:There was an exception while executing the Python Proxy on the Python Side.
Traceback (most recent call last):
  File "/opt/bitnami/spark/python/lib/py4j-0.10.9.7-src.zip/py4j/clientserver.py", line 617, in _call_proxy
    return_value = getattr(self.pool[obj_id], method)(*params)
                   ^^^^^^^^^^^^^^^^^^^^^^^^^^^^^^^^^^^^^^^^^^^
  File "/opt/bitnami/spark/python/lib/pyspark.zip/pyspark/sql/utils.py", line 120, in call
    raise e
  File "/opt/bitnami/spark/python/lib/pyspark.zip/pyspark/sql/utils.py", line 117, in call
    self.func(DataFrame(jdf, wrapped_session_jdf), batch_id)
  File "/opt/bitnami/spark/scripts/spark_bronze_layer.py", line 94, in <lambda>
    properties=postgres_properties)) \
               ^^^^^^^^^^^^^^^^^^^
NameError: name 'postgres_properties' is not defined
[2024-06-25T11:55:13.658+0000] {docker.py:436} INFO - 24/06/25 11:55:13 ERROR MicroBatchExecution: Query [id = 199db209-50db-4ceb-b9ff-4feccebdc569, runId = c72b30ed-3942-4076-b832-7692fe0ab8f1] terminated with error
py4j.Py4JException: An exception was raised by the Python Proxy. Return Message: Traceback (most recent call last):
  File "/opt/bitnami/spark/python/lib/py4j-0.10.9.7-src.zip/py4j/clientserver.py", line 617, in _call_proxy
    return_value = getattr(self.pool[obj_id], method)(*params)
                   ^^^^^^^^^^^^^^^^^^^^^^^^^^^^^^^^^^^^^^^^^^^
  File "/opt/bitnami/spark/python/lib/pyspark.zip/pyspark/sql/utils.py", line 120, in call
    raise e
  File "/opt/bitnami/spark/python/lib/pyspark.zip/pyspark/sql/utils.py", line 117, in call
    self.func(DataFrame(jdf, wrapped_session_jdf), batch_id)
  File "/opt/bitnami/spark/scripts/spark_bronze_layer.py", line 94, in <lambda>
    properties=postgres_properties)) \
               ^^^^^^^^^^^^^^^^^^^
NameError: name 'postgres_properties' is not defined

	at py4j.Protocol.getReturnValue(Protocol.java:476)
	at py4j.reflection.PythonProxyHandler.invoke(PythonProxyHandler.java:108)
	at jdk.proxy3/jdk.proxy3.$Proxy30.call(Unknown Source)
	at org.apache.spark.sql.execution.streaming.sources.PythonForeachBatchHelper$.$anonfun$callForeachBatch$1(ForeachBatchSink.scala:53)
	at org.apache.spark.sql.execution.streaming.sources.PythonForeachBatchHelper$.$anonfun$callForeachBatch$1$adapted(ForeachBatchSink.scala:53)
	at org.apache.spark.sql.execution.streaming.sources.ForeachBatchSink.addBatch(ForeachBatchSink.scala:34)
	at org.apache.spark.sql.execution.streaming.MicroBatchExecution.$anonfun$runBatch$17(MicroBatchExecution.scala:732)
	at org.apache.spark.sql.execution.SQLExecution$.$anonfun$withNewExecutionId$6(SQLExecution.scala:125)
	at org.apache.spark.sql.execution.SQLExecution$.withSQLConfPropagated(SQLExecution.scala:201)
	at org.apache.spark.sql.execution.SQLExecution$.$anonfun$withNewExecutionId$1(SQLExecution.scala:108)
	at org.apache.spark.sql.SparkSession.withActive(SparkSession.scala:900)
	at org.apache.spark.sql.execution.SQLExecution$.withNewExecutionId(SQLExecution.scala:66)
	at org.apache.spark.sql.execution.streaming.MicroBatchExecution.$anonfun$runBatch$16(MicroBatchExecution.scala:729)
	at org.apache.spark.sql.execution.streaming.ProgressReporter.reportTimeTaken(ProgressReporter.scala:427)
	at org.apache.spark.sql.execution.streaming.ProgressReporter.reportTimeTaken$(ProgressReporter.scala:425)
	at org.apache.spark.sql.execution.streaming.StreamExecution.reportTimeTaken(StreamExecution.scala:67)
	at org.apache.spark.sql.execution.streaming.MicroBatchExecution.runBatch(MicroBatchExecution.scala:729)
	at org.apache.spark.sql.execution.streaming.MicroBatchExecution.$anonfun$runActivatedStream$2(MicroBatchExecution.scala:286)
	at scala.runtime.java8.JFunction0$mcV$sp.apply(JFunction0$mcV$sp.java:23)
	at org.apache.spark.sql.execution.streaming.ProgressReporter.reportTimeTaken(ProgressReporter.scala:427)
	at org.apache.spark.sql.execution.streaming.ProgressReporter.reportTimeTaken$(ProgressReporter.scala:425)
	at org.apache.spark.sql.execution.streaming.StreamExecution.reportTimeTaken(StreamExecution.scala:67)
	at org.apache.spark.sql.execution.streaming.MicroBatchExecution.$anonfun$runActivatedStream$1(MicroBatchExecution.scala:249)
	at org.apache.spark.sql.execution.streaming.ProcessingTimeExecutor.execute(TriggerExecutor.scala:67)
	at org.apache.spark.sql.execution.streaming.MicroBatchExecution.runActivatedStream(MicroBatchExecution.scala:239)
	at org.apache.spark.sql.execution.streaming.StreamExecution.$anonfun$runStream$1(StreamExecution.scala:311)
	at scala.runtime.java8.JFunction0$mcV$sp.apply(JFunction0$mcV$sp.java:23)
	at org.apache.spark.sql.SparkSession.withActive(SparkSession.scala:900)
	at org.apache.spark.sql.execution.streaming.StreamExecution.org$apache$spark$sql$execution$streaming$StreamExecution$$runStream(StreamExecution.scala:289)
	at org.apache.spark.sql.execution.streaming.StreamExecution$$anon$1.$anonfun$run$1(StreamExecution.scala:211)
	at scala.runtime.java8.JFunction0$mcV$sp.apply(JFunction0$mcV$sp.java:23)
	at org.apache.spark.JobArtifactSet$.withActiveJobArtifactState(JobArtifactSet.scala:94)
	at org.apache.spark.sql.execution.streaming.StreamExecution$$anon$1.run(StreamExecution.scala:211)
[2024-06-25T11:55:13.660+0000] {docker.py:436} INFO - 24/06/25 11:55:13 INFO AppInfoParser: App info kafka.admin.client for adminclient-1 unregistered
[2024-06-25T11:55:13.667+0000] {docker.py:436} INFO - 24/06/25 11:55:13 INFO Metrics: Metrics scheduler closed
[2024-06-25T11:55:13.668+0000] {docker.py:436} INFO - 24/06/25 11:55:13 INFO Metrics: Closing reporter org.apache.kafka.common.metrics.JmxReporter
24/06/25 11:55:13 INFO Metrics: Metrics reporters closed
[2024-06-25T11:55:13.670+0000] {docker.py:436} INFO - 24/06/25 11:55:13 INFO MicroBatchExecution: Async log purge executor pool for query [id = 199db209-50db-4ceb-b9ff-4feccebdc569, runId = c72b30ed-3942-4076-b832-7692fe0ab8f1] has been shutdown
[2024-06-25T11:55:13.723+0000] {docker.py:436} INFO - Traceback (most recent call last):
  File "/opt/bitnami/spark/scripts/spark_bronze_layer.py", line 107, in <module>
[2024-06-25T11:55:13.723+0000] {docker.py:436} INFO - write_to_postgres()
[2024-06-25T11:55:13.724+0000] {docker.py:436} INFO - File "/opt/bitnami/spark/scripts/spark_bronze_layer.py", line 103, in write_to_postgres
[2024-06-25T11:55:13.724+0000] {docker.py:436} INFO - start_streaming(final_df)
[2024-06-25T11:55:13.725+0000] {docker.py:436} INFO - File "/opt/bitnami/spark/scripts/spark_bronze_layer.py", line 97, in start_streaming
[2024-06-25T11:55:13.725+0000] {docker.py:436} INFO - query.awaitTermination()
[2024-06-25T11:55:13.725+0000] {docker.py:436} INFO - File "/opt/bitnami/spark/python/lib/pyspark.zip/pyspark/sql/streaming/query.py", line 221, in awaitTermination
[2024-06-25T11:55:13.726+0000] {docker.py:436} INFO - File "/opt/bitnami/spark/python/lib/py4j-0.10.9.7-src.zip/py4j/java_gateway.py", line 1322, in __call__
[2024-06-25T11:55:13.726+0000] {docker.py:436} INFO - File "/opt/bitnami/spark/python/lib/pyspark.zip/pyspark/errors/exceptions/captured.py", line 185, in deco
[2024-06-25T11:55:13.726+0000] {docker.py:436} INFO - pyspark.errors.exceptions.captured.StreamingQueryException
[2024-06-25T11:55:13.734+0000] {docker.py:436} INFO - : [STREAM_FAILED] Query [id = 199db209-50db-4ceb-b9ff-4feccebdc569, runId = c72b30ed-3942-4076-b832-7692fe0ab8f1] terminated with exception: An exception was raised by the Python Proxy. Return Message: Traceback (most recent call last):
  File "/opt/bitnami/spark/python/lib/py4j-0.10.9.7-src.zip/py4j/clientserver.py", line 617, in _call_proxy
    return_value = getattr(self.pool[obj_id], method)(*params)
                   ^^^^^^^^^^^^^^^^^^^^^^^^^^^^^^^^^^^^^^^^^^^
  File "/opt/bitnami/spark/python/lib/pyspark.zip/pyspark/sql/utils.py", line 120, in call
    raise e
  File "/opt/bitnami/spark/python/lib/pyspark.zip/pyspark/sql/utils.py", line 117, in call
    self.func(DataFrame(jdf, wrapped_session_jdf), batch_id)
  File "/opt/bitnami/spark/scripts/spark_bronze_layer.py", line 94, in <lambda>
    properties=postgres_properties)) \
               ^^^^^^^^^^^^^^^^^^^
NameError: name 'postgres_properties' is not defined
[2024-06-25T11:55:13.734+0000] {docker.py:436} INFO - 2024-06-25 11:55:13,733:close:INFO:Closing down clientserver connection
[2024-06-25T11:55:13.787+0000] {docker.py:436} INFO - 24/06/25 11:55:13 INFO SparkContext: Invoking stop() from shutdown hook
[2024-06-25T11:55:13.788+0000] {docker.py:436} INFO - 24/06/25 11:55:13 INFO SparkContext: SparkContext is stopping with exitCode 0.
[2024-06-25T11:55:13.799+0000] {docker.py:436} INFO - 24/06/25 11:55:13 INFO SparkUI: Stopped Spark web UI at http://localhost:4040
[2024-06-25T11:55:13.812+0000] {docker.py:436} INFO - 24/06/25 11:55:13 INFO MapOutputTrackerMasterEndpoint: MapOutputTrackerMasterEndpoint stopped!
[2024-06-25T11:55:13.821+0000] {docker.py:436} INFO - 24/06/25 11:55:13 INFO MemoryStore: MemoryStore cleared
[2024-06-25T11:55:13.822+0000] {docker.py:436} INFO - 24/06/25 11:55:13 INFO BlockManager: BlockManager stopped
[2024-06-25T11:55:13.827+0000] {docker.py:436} INFO - 24/06/25 11:55:13 INFO BlockManagerMaster: BlockManagerMaster stopped
[2024-06-25T11:55:13.831+0000] {docker.py:436} INFO - 24/06/25 11:55:13 INFO OutputCommitCoordinator$OutputCommitCoordinatorEndpoint: OutputCommitCoordinator stopped!
[2024-06-25T11:55:13.849+0000] {docker.py:436} INFO - 24/06/25 11:55:13 INFO SparkContext: Successfully stopped SparkContext
[2024-06-25T11:55:13.850+0000] {docker.py:436} INFO - 24/06/25 11:55:13 INFO ShutdownHookManager: Shutdown hook called
[2024-06-25T11:55:13.851+0000] {docker.py:436} INFO - 24/06/25 11:55:13 INFO ShutdownHookManager: Deleting directory /tmp/temporary-c72af92c-f810-4e33-a875-732271dfc552
[2024-06-25T11:55:13.855+0000] {docker.py:436} INFO - 24/06/25 11:55:13 INFO ShutdownHookManager: Deleting directory /tmp/spark-8fff0f3c-e08b-416c-9c08-2118d8a01b40
[2024-06-25T11:55:13.860+0000] {docker.py:436} INFO - 24/06/25 11:55:13 INFO ShutdownHookManager: Deleting directory /tmp/spark-1637047b-fac5-40ba-bdb9-3374503c622c
[2024-06-25T11:55:13.863+0000] {docker.py:436} INFO - 24/06/25 11:55:13 INFO ShutdownHookManager: Deleting directory /tmp/spark-1637047b-fac5-40ba-bdb9-3374503c622c/pyspark-9198da45-de63-4319-a6dc-d225e589ef3f
[2024-06-25T11:55:14.145+0000] {taskinstance.py:441} INFO - ::group::Post task execution logs
[2024-06-25T11:55:14.157+0000] {taskinstance.py:2905} ERROR - Task failed with exception
Traceback (most recent call last):
  File "/home/airflow/.local/lib/python3.12/site-packages/docker/api/client.py", line 265, in _raise_for_status
    response.raise_for_status()
  File "/home/airflow/.local/lib/python3.12/site-packages/requests/models.py", line 1021, in raise_for_status
    raise HTTPError(http_error_msg, response=self)
requests.exceptions.HTTPError: 400 Client Error: Bad Request for url: http://docker-proxy:2375/v1.45/containers/create

The above exception was the direct cause of the following exception:

Traceback (most recent call last):
  File "/home/airflow/.local/lib/python3.12/site-packages/airflow/providers/docker/operators/docker.py", line 371, in _run_image
    return self._run_image_with_mounts([*self.mounts, tmp_mount], add_tmp_variable=True)
           ^^^^^^^^^^^^^^^^^^^^^^^^^^^^^^^^^^^^^^^^^^^^^^^^^^^^^^^^^^^^^^^^^^^^^^^^^^^^^
  File "/home/airflow/.local/lib/python3.12/site-packages/airflow/providers/docker/operators/docker.py", line 398, in _run_image_with_mounts
    self.container = self.cli.create_container(
                     ^^^^^^^^^^^^^^^^^^^^^^^^^^
  File "/home/airflow/.local/lib/python3.12/site-packages/docker/api/container.py", line 439, in create_container
    return self.create_container_from_config(config, name, platform)
           ^^^^^^^^^^^^^^^^^^^^^^^^^^^^^^^^^^^^^^^^^^^^^^^^^^^^^^^^^
  File "/home/airflow/.local/lib/python3.12/site-packages/docker/api/container.py", line 456, in create_container_from_config
    return self._result(res, True)
           ^^^^^^^^^^^^^^^^^^^^^^^
  File "/home/airflow/.local/lib/python3.12/site-packages/docker/api/client.py", line 271, in _result
    self._raise_for_status(response)
  File "/home/airflow/.local/lib/python3.12/site-packages/docker/api/client.py", line 267, in _raise_for_status
    raise create_api_error_from_http_exception(e) from e
          ^^^^^^^^^^^^^^^^^^^^^^^^^^^^^^^^^^^^^^^
  File "/home/airflow/.local/lib/python3.12/site-packages/docker/errors.py", line 39, in create_api_error_from_http_exception
    raise cls(e, response=response, explanation=explanation) from e
docker.errors.APIError: 400 Client Error for http://docker-proxy:2375/v1.45/containers/create: Bad Request ("invalid mount config for type "bind": bind source path does not exist: /tmp/airflowtmpg18p0ez6")

During handling of the above exception, another exception occurred:

Traceback (most recent call last):
  File "/home/airflow/.local/lib/python3.12/site-packages/airflow/models/taskinstance.py", line 465, in _execute_task
    result = _execute_callable(context=context, **execute_callable_kwargs)
             ^^^^^^^^^^^^^^^^^^^^^^^^^^^^^^^^^^^^^^^^^^^^^^^^^^^^^^^^^^^^^
  File "/home/airflow/.local/lib/python3.12/site-packages/airflow/models/taskinstance.py", line 432, in _execute_callable
    return execute_callable(context=context, **execute_callable_kwargs)
           ^^^^^^^^^^^^^^^^^^^^^^^^^^^^^^^^^^^^^^^^^^^^^^^^^^^^^^^^^^^^
  File "/home/airflow/.local/lib/python3.12/site-packages/airflow/models/baseoperator.py", line 400, in wrapper
    return func(self, *args, **kwargs)
           ^^^^^^^^^^^^^^^^^^^^^^^^^^^
  File "/home/airflow/.local/lib/python3.12/site-packages/airflow/providers/docker/operators/docker.py", line 509, in execute
    return self._run_image()
           ^^^^^^^^^^^^^^^^^
  File "/home/airflow/.local/lib/python3.12/site-packages/airflow/providers/docker/operators/docker.py", line 380, in _run_image
    return self._run_image_with_mounts(self.mounts, add_tmp_variable=False)
           ^^^^^^^^^^^^^^^^^^^^^^^^^^^^^^^^^^^^^^^^^^^^^^^^^^^^^^^^^^^^^^^^
  File "/home/airflow/.local/lib/python3.12/site-packages/airflow/providers/docker/operators/docker.py", line 444, in _run_image_with_mounts
    raise DockerContainerFailedException(f"Docker container failed: {result!r}", logs=log_lines)
airflow.providers.docker.exceptions.DockerContainerFailedException: Docker container failed: {'StatusCode': 1}
[2024-06-25T11:55:14.170+0000] {taskinstance.py:1206} INFO - Marking task as FAILED. dag_id=Stage_1, task_id=run_bronze_job, run_id=manual__2024-06-25T11:54:44.476939+00:00, execution_date=20240625T115444, start_date=20240625T115450, end_date=20240625T115514
[2024-06-25T11:55:14.188+0000] {standard_task_runner.py:110} ERROR - Failed to execute job 84 for task run_bronze_job (Docker container failed: {'StatusCode': 1}; 1186)
[2024-06-25T11:55:14.232+0000] {local_task_job_runner.py:240} INFO - Task exited with return code 1
[2024-06-25T11:55:14.247+0000] {taskinstance.py:3498} INFO - 0 downstream tasks scheduled from follow-on schedule check
[2024-06-25T11:55:14.249+0000] {local_task_job_runner.py:222} INFO - ::endgroup::
