[2024-06-25T13:15:19.463+0000] {local_task_job_runner.py:120} INFO - ::group::Pre task execution logs
[2024-06-25T13:15:19.502+0000] {taskinstance.py:2076} INFO - Dependencies all met for dep_context=non-requeueable deps ti=<TaskInstance: Stage_1.run_bronze_job manual__2024-06-25T13:15:13.635205+00:00 [queued]>
[2024-06-25T13:15:19.513+0000] {taskinstance.py:2076} INFO - Dependencies all met for dep_context=requeueable deps ti=<TaskInstance: Stage_1.run_bronze_job manual__2024-06-25T13:15:13.635205+00:00 [queued]>
[2024-06-25T13:15:19.514+0000] {taskinstance.py:2306} INFO - Starting attempt 1 of 1
[2024-06-25T13:15:19.530+0000] {taskinstance.py:2330} INFO - Executing <Task(DockerOperator): run_bronze_job> on 2024-06-25 13:15:13.635205+00:00
[2024-06-25T13:15:19.538+0000] {logging_mixin.py:188} WARNING - /home/***/.local/lib/python3.12/site-packages/***/task/task_runner/standard_task_runner.py:61 DeprecationWarning: This process (pid=2205) is multi-threaded, use of fork() may lead to deadlocks in the child.
[2024-06-25T13:15:19.540+0000] {standard_task_runner.py:63} INFO - Started process 2206 to run task
[2024-06-25T13:15:19.538+0000] {standard_task_runner.py:90} INFO - Running: ['***', 'tasks', 'run', 'Stage_1', 'run_bronze_job', 'manual__2024-06-25T13:15:13.635205+00:00', '--job-id', '184', '--raw', '--subdir', 'DAGS_FOLDER/kafka_dag.py', '--cfg-path', '/tmp/tmpyx7hih_w']
[2024-06-25T13:15:19.540+0000] {standard_task_runner.py:91} INFO - Job 184: Subtask run_bronze_job
[2024-06-25T13:15:19.555+0000] {logging_mixin.py:188} WARNING - /home/***/.local/lib/python3.12/site-packages/***/settings.py:195 DeprecationWarning: The sql_alchemy_conn option in [core] has been moved to the sql_alchemy_conn option in [database] - the old setting has been used, but please update your config.
[2024-06-25T13:15:19.591+0000] {task_command.py:426} INFO - Running <TaskInstance: Stage_1.run_bronze_job manual__2024-06-25T13:15:13.635205+00:00 [running]> on host 0b2aef5f9e3a
[2024-06-25T13:15:19.689+0000] {taskinstance.py:2648} INFO - Exporting env vars: AIRFLOW_CTX_DAG_OWNER='***' AIRFLOW_CTX_DAG_ID='Stage_1' AIRFLOW_CTX_TASK_ID='run_bronze_job' AIRFLOW_CTX_EXECUTION_DATE='2024-06-25T13:15:13.635205+00:00' AIRFLOW_CTX_TRY_NUMBER='1' AIRFLOW_CTX_DAG_RUN_ID='manual__2024-06-25T13:15:13.635205+00:00'
[2024-06-25T13:15:19.690+0000] {taskinstance.py:430} INFO - ::endgroup::
[2024-06-25T13:15:19.721+0000] {docker.py:366} INFO - Starting docker container from image bitnami/spark:latest
[2024-06-25T13:15:19.724+0000] {docker.py:374} WARNING - Using remote engine or docker-in-docker and mounting temporary volume from host is not supported. Falling back to `mount_tmp_dir=False` mode. You can set `mount_tmp_dir` parameter to False to disable mounting and remove the warning
[2024-06-25T13:15:20.137+0000] {docker.py:436} INFO - [38;5;6mspark [38;5;5m13:15:20.13 [0m[38;5;2mINFO [0m ==>
[2024-06-25T13:15:20.138+0000] {docker.py:436} INFO - [38;5;6mspark [38;5;5m13:15:20.13 [0m[38;5;2mINFO [0m ==> [1mWelcome to the Bitnami spark container[0m
[2024-06-25T13:15:20.139+0000] {docker.py:436} INFO - [38;5;6mspark [38;5;5m13:15:20.13 [0m[38;5;2mINFO [0m ==> Subscribe to project updates by watching [1mhttps://github.com/bitnami/containers[0m
[2024-06-25T13:15:20.141+0000] {docker.py:436} INFO - [38;5;6mspark [38;5;5m13:15:20.14 [0m[38;5;2mINFO [0m ==> Submit issues and feature requests at [1mhttps://github.com/bitnami/containers/issues[0m
[2024-06-25T13:15:20.142+0000] {docker.py:436} INFO - [38;5;6mspark [38;5;5m13:15:20.14 [0m[38;5;2mINFO [0m ==> Upgrade to Tanzu Application Catalog for production environments to access custom-configured and pre-packaged software components. Gain enhanced features, including Software Bill of Materials (SBOM), CVE scan result reports, and VEX documents. To learn more, visit [1mhttps://bitnami.com/enterprise[0m
[2024-06-25T13:15:20.144+0000] {docker.py:436} INFO - [38;5;6mspark [38;5;5m13:15:20.14 [0m[38;5;2mINFO [0m ==>
[2024-06-25T13:15:20.151+0000] {docker.py:436} INFO - 
[2024-06-25T13:15:22.201+0000] {docker.py:436} INFO - :: loading settings :: url = jar:file:/opt/bitnami/spark/jars/ivy-2.5.1.jar!/org/apache/ivy/core/settings/ivysettings.xml
[2024-06-25T13:15:22.292+0000] {docker.py:436} INFO - Ivy Default Cache set to: /opt/bitnami/spark/.ivy2/cache
The jars for the packages stored in: /opt/bitnami/spark/.ivy2/jars
[2024-06-25T13:15:22.298+0000] {docker.py:436} INFO - org.apache.spark#spark-sql-kafka-0-10_2.12 added as a dependency
org.postgresql#postgresql added as a dependency
[2024-06-25T13:15:22.300+0000] {docker.py:436} INFO - :: resolving dependencies :: org.apache.spark#spark-submit-parent-e3d6b2d0-1ba0-4fba-b4fe-489a5898e115;1.0
	confs: [default]
[2024-06-25T13:15:23.947+0000] {docker.py:436} INFO - found org.apache.spark#spark-sql-kafka-0-10_2.12;3.3.0 in central
[2024-06-25T13:15:24.433+0000] {docker.py:436} INFO - found org.apache.spark#spark-token-provider-kafka-0-10_2.12;3.3.0 in central
[2024-06-25T13:15:24.500+0000] {docker.py:436} INFO - found org.apache.kafka#kafka-clients;2.8.1 in central
[2024-06-25T13:15:24.571+0000] {docker.py:436} INFO - found org.lz4#lz4-java;1.8.0 in central
[2024-06-25T13:15:24.680+0000] {docker.py:436} INFO - found org.xerial.snappy#snappy-java;1.1.8.4 in central
[2024-06-25T13:15:24.863+0000] {docker.py:436} INFO - found org.slf4j#slf4j-api;1.7.32 in central
[2024-06-25T13:15:25.124+0000] {docker.py:436} INFO - found org.apache.hadoop#hadoop-client-runtime;3.3.2 in central
[2024-06-25T13:15:25.242+0000] {docker.py:436} INFO - found org.spark-project.spark#unused;1.0.0 in central
[2024-06-25T13:15:25.389+0000] {docker.py:436} INFO - found org.apache.hadoop#hadoop-client-api;3.3.2 in central
[2024-06-25T13:15:25.589+0000] {docker.py:436} INFO - found commons-logging#commons-logging;1.1.3 in central
[2024-06-25T13:15:25.682+0000] {docker.py:436} INFO - found com.google.code.findbugs#jsr305;3.0.0 in central
[2024-06-25T13:15:26.830+0000] {docker.py:436} INFO - found org.apache.commons#commons-pool2;2.11.1 in central
[2024-06-25T13:15:28.669+0000] {docker.py:436} INFO - found org.postgresql#postgresql;42.2.2 in central
[2024-06-25T13:15:28.690+0000] {docker.py:436} INFO - downloading https://repo1.maven.org/maven2/org/apache/spark/spark-sql-kafka-0-10_2.12/3.3.0/spark-sql-kafka-0-10_2.12-3.3.0.jar ...
[2024-06-25T13:15:28.750+0000] {docker.py:436} INFO - [SUCCESSFUL ] org.apache.spark#spark-sql-kafka-0-10_2.12;3.3.0!spark-sql-kafka-0-10_2.12.jar (70ms)
[2024-06-25T13:15:28.763+0000] {docker.py:436} INFO - downloading https://repo1.maven.org/maven2/org/postgresql/postgresql/42.2.2/postgresql-42.2.2.jar ...
[2024-06-25T13:15:28.852+0000] {docker.py:436} INFO - [SUCCESSFUL ] org.postgresql#postgresql;42.2.2!postgresql.jar(bundle) (100ms)
[2024-06-25T13:15:28.862+0000] {docker.py:436} INFO - downloading https://repo1.maven.org/maven2/org/apache/spark/spark-token-provider-kafka-0-10_2.12/3.3.0/spark-token-provider-kafka-0-10_2.12-3.3.0.jar ...
[2024-06-25T13:15:28.880+0000] {docker.py:436} INFO - [SUCCESSFUL ] org.apache.spark#spark-token-provider-kafka-0-10_2.12;3.3.0!spark-token-provider-kafka-0-10_2.12.jar (27ms)
[2024-06-25T13:15:28.891+0000] {docker.py:436} INFO - downloading https://repo1.maven.org/maven2/org/apache/kafka/kafka-clients/2.8.1/kafka-clients-2.8.1.jar ...
[2024-06-25T13:15:29.388+0000] {docker.py:436} INFO - [SUCCESSFUL ] org.apache.kafka#kafka-clients;2.8.1!kafka-clients.jar (506ms)
[2024-06-25T13:15:29.425+0000] {docker.py:436} INFO - downloading https://repo1.maven.org/maven2/com/google/code/findbugs/jsr305/3.0.0/jsr305-3.0.0.jar ...
[2024-06-25T13:15:29.439+0000] {docker.py:436} INFO - [SUCCESSFUL ] com.google.code.findbugs#jsr305;3.0.0!jsr305.jar (50ms)
[2024-06-25T13:15:29.450+0000] {docker.py:436} INFO - downloading https://repo1.maven.org/maven2/org/apache/commons/commons-pool2/2.11.1/commons-pool2-2.11.1.jar ...
[2024-06-25T13:15:29.479+0000] {docker.py:436} INFO - [SUCCESSFUL ] org.apache.commons#commons-pool2;2.11.1!commons-pool2.jar (38ms)
[2024-06-25T13:15:29.493+0000] {docker.py:436} INFO - downloading https://repo1.maven.org/maven2/org/spark-project/spark/unused/1.0.0/unused-1.0.0.jar ...
[2024-06-25T13:15:29.503+0000] {docker.py:436} INFO - [SUCCESSFUL ] org.spark-project.spark#unused;1.0.0!unused.jar (21ms)
[2024-06-25T13:15:29.519+0000] {docker.py:436} INFO - downloading https://repo1.maven.org/maven2/org/apache/hadoop/hadoop-client-runtime/3.3.2/hadoop-client-runtime-3.3.2.jar ...
[2024-06-25T13:15:33.060+0000] {docker.py:436} INFO - [SUCCESSFUL ] org.apache.hadoop#hadoop-client-runtime;3.3.2!hadoop-client-runtime.jar (3556ms)
[2024-06-25T13:15:33.072+0000] {docker.py:436} INFO - downloading https://repo1.maven.org/maven2/org/lz4/lz4-java/1.8.0/lz4-java-1.8.0.jar ...
[2024-06-25T13:15:33.158+0000] {docker.py:436} INFO - [SUCCESSFUL ] org.lz4#lz4-java;1.8.0!lz4-java.jar (96ms)
[2024-06-25T13:15:33.170+0000] {docker.py:436} INFO - downloading https://repo1.maven.org/maven2/org/xerial/snappy/snappy-java/1.1.8.4/snappy-java-1.1.8.4.jar ...
[2024-06-25T13:15:33.389+0000] {docker.py:436} INFO - [SUCCESSFUL ] org.xerial.snappy#snappy-java;1.1.8.4!snappy-java.jar(bundle) (229ms)
[2024-06-25T13:15:33.400+0000] {docker.py:436} INFO - downloading https://repo1.maven.org/maven2/org/slf4j/slf4j-api/1.7.32/slf4j-api-1.7.32.jar ...
[2024-06-25T13:15:33.419+0000] {docker.py:436} INFO - [SUCCESSFUL ] org.slf4j#slf4j-api;1.7.32!slf4j-api.jar (28ms)
[2024-06-25T13:15:33.429+0000] {docker.py:436} INFO - downloading https://repo1.maven.org/maven2/org/apache/hadoop/hadoop-client-api/3.3.2/hadoop-client-api-3.3.2.jar ...
[2024-06-25T13:15:35.640+0000] {docker.py:436} INFO - [SUCCESSFUL ] org.apache.hadoop#hadoop-client-api;3.3.2!hadoop-client-api.jar (2218ms)
[2024-06-25T13:15:35.651+0000] {docker.py:436} INFO - downloading https://repo1.maven.org/maven2/commons-logging/commons-logging/1.1.3/commons-logging-1.1.3.jar ...
[2024-06-25T13:15:35.681+0000] {docker.py:436} INFO - [SUCCESSFUL ] commons-logging#commons-logging;1.1.3!commons-logging.jar (39ms)
[2024-06-25T13:15:35.682+0000] {docker.py:436} INFO - :: resolution report :: resolve 6380ms :: artifacts dl 7002ms
[2024-06-25T13:15:35.682+0000] {docker.py:436} INFO - :: modules in use:
[2024-06-25T13:15:35.683+0000] {docker.py:436} INFO - com.google.code.findbugs#jsr305;3.0.0 from central in [default]
[2024-06-25T13:15:35.683+0000] {docker.py:436} INFO - commons-logging#commons-logging;1.1.3 from central in [default]
[2024-06-25T13:15:35.684+0000] {docker.py:436} INFO - org.apache.commons#commons-pool2;2.11.1 from central in [default]
[2024-06-25T13:15:35.684+0000] {docker.py:436} INFO - org.apache.hadoop#hadoop-client-api;3.3.2 from central in [default]
[2024-06-25T13:15:35.685+0000] {docker.py:436} INFO - org.apache.hadoop#hadoop-client-runtime;3.3.2 from central in [default]
[2024-06-25T13:15:35.685+0000] {docker.py:436} INFO - org.apache.kafka#kafka-clients;2.8.1 from central in [default]
[2024-06-25T13:15:35.686+0000] {docker.py:436} INFO - org.apache.spark#spark-sql-kafka-0-10_2.12;3.3.0 from central in [default]
	org.apache.spark#spark-token-provider-kafka-0-10_2.12;3.3.0 from central in [default]
	org.lz4#lz4-java;1.8.0 from central in [default]
[2024-06-25T13:15:35.686+0000] {docker.py:436} INFO - org.postgresql#postgresql;42.2.2 from central in [default]
	org.slf4j#slf4j-api;1.7.32 from central in [default]
	org.spark-project.spark#unused;1.0.0 from central in [default]
	org.xerial.snappy#snappy-java;1.1.8.4 from central in [default]
[2024-06-25T13:15:35.687+0000] {docker.py:436} INFO - ---------------------------------------------------------------------
	|                  |            modules            ||   artifacts   |
	|       conf       | number| search|dwnlded|evicted|| number|dwnlded|
	---------------------------------------------------------------------
[2024-06-25T13:15:35.687+0000] {docker.py:436} INFO - |      default     |   13  |   13  |   13  |   0   ||   13  |   13  |
	---------------------------------------------------------------------
[2024-06-25T13:15:35.689+0000] {docker.py:436} INFO - :: retrieving :: org.apache.spark#spark-submit-parent-e3d6b2d0-1ba0-4fba-b4fe-489a5898e115
[2024-06-25T13:15:35.690+0000] {docker.py:436} INFO - confs: [default]
[2024-06-25T13:15:35.766+0000] {docker.py:436} INFO - 13 artifacts copied, 0 already retrieved (57403kB/76ms)
[2024-06-25T13:15:36.155+0000] {docker.py:436} INFO - 24/06/25 13:15:36 WARN NativeCodeLoader: Unable to load native-hadoop library for your platform... using builtin-java classes where applicable
[2024-06-25T13:15:37.666+0000] {docker.py:436} INFO - 24/06/25 13:15:37 INFO SparkContext: Running Spark version 3.5.1
[2024-06-25T13:15:37.668+0000] {docker.py:436} INFO - 24/06/25 13:15:37 INFO SparkContext: OS info Linux, 6.5.0-41-generic, amd64
[2024-06-25T13:15:37.669+0000] {docker.py:436} INFO - 24/06/25 13:15:37 INFO SparkContext: Java version 17.0.11
[2024-06-25T13:15:37.699+0000] {docker.py:436} INFO - 24/06/25 13:15:37 INFO ResourceUtils: ==============================================================
[2024-06-25T13:15:37.700+0000] {docker.py:436} INFO - 24/06/25 13:15:37 INFO ResourceUtils: No custom resources configured for spark.driver.
[2024-06-25T13:15:37.701+0000] {docker.py:436} INFO - 24/06/25 13:15:37 INFO ResourceUtils: ==============================================================
[2024-06-25T13:15:37.702+0000] {docker.py:436} INFO - 24/06/25 13:15:37 INFO SparkContext: Submitted application: PostgreSQL Connection with PySpark
[2024-06-25T13:15:37.731+0000] {docker.py:436} INFO - 24/06/25 13:15:37 INFO ResourceProfile: Default ResourceProfile created, executor resources: Map(cores -> name: cores, amount: 1, script: , vendor: , memory -> name: memory, amount: 1024, script: , vendor: , offHeap -> name: offHeap, amount: 0, script: , vendor: ), task resources: Map(cpus -> name: cpus, amount: 1.0)
[2024-06-25T13:15:37.742+0000] {docker.py:436} INFO - 24/06/25 13:15:37 INFO ResourceProfile: Limiting resource is cpu
[2024-06-25T13:15:37.743+0000] {docker.py:436} INFO - 24/06/25 13:15:37 INFO ResourceProfileManager: Added ResourceProfile id: 0
[2024-06-25T13:15:37.802+0000] {docker.py:436} INFO - 24/06/25 13:15:37 INFO SecurityManager: Changing view acls to: spark
[2024-06-25T13:15:37.802+0000] {docker.py:436} INFO - 24/06/25 13:15:37 INFO SecurityManager: Changing modify acls to: spark
[2024-06-25T13:15:37.803+0000] {docker.py:436} INFO - 24/06/25 13:15:37 INFO SecurityManager: Changing view acls groups to:
[2024-06-25T13:15:37.804+0000] {docker.py:436} INFO - 24/06/25 13:15:37 INFO SecurityManager: Changing modify acls groups to:
[2024-06-25T13:15:37.805+0000] {docker.py:436} INFO - 24/06/25 13:15:37 INFO SecurityManager: SecurityManager: authentication disabled; ui acls disabled; users with view permissions: spark; groups with view permissions: EMPTY; users with modify permissions: spark; groups with modify permissions: EMPTY
[2024-06-25T13:15:38.116+0000] {docker.py:436} INFO - 24/06/25 13:15:38 INFO Utils: Successfully started service 'sparkDriver' on port 36115.
[2024-06-25T13:15:38.164+0000] {docker.py:436} INFO - 24/06/25 13:15:38 INFO SparkEnv: Registering MapOutputTracker
[2024-06-25T13:15:38.238+0000] {docker.py:436} INFO - 24/06/25 13:15:38 INFO SparkEnv: Registering BlockManagerMaster
[2024-06-25T13:15:38.270+0000] {docker.py:436} INFO - 24/06/25 13:15:38 INFO BlockManagerMasterEndpoint: Using org.apache.spark.storage.DefaultTopologyMapper for getting topology information
[2024-06-25T13:15:38.272+0000] {docker.py:436} INFO - 24/06/25 13:15:38 INFO BlockManagerMasterEndpoint: BlockManagerMasterEndpoint up
[2024-06-25T13:15:38.279+0000] {docker.py:436} INFO - 24/06/25 13:15:38 INFO SparkEnv: Registering BlockManagerMasterHeartbeat
[2024-06-25T13:15:38.307+0000] {docker.py:436} INFO - 24/06/25 13:15:38 INFO DiskBlockManager: Created local directory at /tmp/blockmgr-ae2a145b-6a82-4c52-b167-6bbf84c20ffc
[2024-06-25T13:15:38.340+0000] {docker.py:436} INFO - 24/06/25 13:15:38 INFO MemoryStore: MemoryStore started with capacity 434.4 MiB
[2024-06-25T13:15:38.363+0000] {docker.py:436} INFO - 24/06/25 13:15:38 INFO SparkEnv: Registering OutputCommitCoordinator
[2024-06-25T13:15:38.571+0000] {docker.py:436} INFO - 24/06/25 13:15:38 INFO JettyUtils: Start Jetty 0.0.0.0:4040 for SparkUI
[2024-06-25T13:15:38.668+0000] {docker.py:436} INFO - 24/06/25 13:15:38 INFO Utils: Successfully started service 'SparkUI' on port 4040.
[2024-06-25T13:15:38.731+0000] {docker.py:436} INFO - 24/06/25 13:15:38 INFO SparkContext: Added JAR file:///opt/bitnami/spark/.ivy2/jars/org.apache.spark_spark-sql-kafka-0-10_2.12-3.3.0.jar at spark://localhost:36115/jars/org.apache.spark_spark-sql-kafka-0-10_2.12-3.3.0.jar with timestamp 1719321337654
[2024-06-25T13:15:38.732+0000] {docker.py:436} INFO - 24/06/25 13:15:38 INFO SparkContext: Added JAR file:///opt/bitnami/spark/.ivy2/jars/org.postgresql_postgresql-42.2.2.jar at spark://localhost:36115/jars/org.postgresql_postgresql-42.2.2.jar with timestamp 1719321337654
[2024-06-25T13:15:38.733+0000] {docker.py:436} INFO - 24/06/25 13:15:38 INFO SparkContext: Added JAR file:///opt/bitnami/spark/.ivy2/jars/org.apache.spark_spark-token-provider-kafka-0-10_2.12-3.3.0.jar at spark://localhost:36115/jars/org.apache.spark_spark-token-provider-kafka-0-10_2.12-3.3.0.jar with timestamp 1719321337654
[2024-06-25T13:15:38.733+0000] {docker.py:436} INFO - 24/06/25 13:15:38 INFO SparkContext: Added JAR file:///opt/bitnami/spark/.ivy2/jars/org.apache.kafka_kafka-clients-2.8.1.jar at spark://localhost:36115/jars/org.apache.kafka_kafka-clients-2.8.1.jar with timestamp 1719321337654
[2024-06-25T13:15:38.733+0000] {docker.py:436} INFO - 24/06/25 13:15:38 INFO SparkContext: Added JAR file:///opt/bitnami/spark/.ivy2/jars/com.google.code.findbugs_jsr305-3.0.0.jar at spark://localhost:36115/jars/com.google.code.findbugs_jsr305-3.0.0.jar with timestamp 1719321337654
[2024-06-25T13:15:38.734+0000] {docker.py:436} INFO - 24/06/25 13:15:38 INFO SparkContext: Added JAR file:///opt/bitnami/spark/.ivy2/jars/org.apache.commons_commons-pool2-2.11.1.jar at spark://localhost:36115/jars/org.apache.commons_commons-pool2-2.11.1.jar with timestamp 1719321337654
[2024-06-25T13:15:38.735+0000] {docker.py:436} INFO - 24/06/25 13:15:38 INFO SparkContext: Added JAR file:///opt/bitnami/spark/.ivy2/jars/org.spark-project.spark_unused-1.0.0.jar at spark://localhost:36115/jars/org.spark-project.spark_unused-1.0.0.jar with timestamp 1719321337654
[2024-06-25T13:15:38.736+0000] {docker.py:436} INFO - 24/06/25 13:15:38 INFO SparkContext: Added JAR file:///opt/bitnami/spark/.ivy2/jars/org.apache.hadoop_hadoop-client-runtime-3.3.2.jar at spark://localhost:36115/jars/org.apache.hadoop_hadoop-client-runtime-3.3.2.jar with timestamp 1719321337654
[2024-06-25T13:15:38.737+0000] {docker.py:436} INFO - 24/06/25 13:15:38 INFO SparkContext: Added JAR file:///opt/bitnami/spark/.ivy2/jars/org.lz4_lz4-java-1.8.0.jar at spark://localhost:36115/jars/org.lz4_lz4-java-1.8.0.jar with timestamp 1719321337654
[2024-06-25T13:15:38.737+0000] {docker.py:436} INFO - 24/06/25 13:15:38 INFO SparkContext: Added JAR file:///opt/bitnami/spark/.ivy2/jars/org.xerial.snappy_snappy-java-1.1.8.4.jar at spark://localhost:36115/jars/org.xerial.snappy_snappy-java-1.1.8.4.jar with timestamp 1719321337654
[2024-06-25T13:15:38.738+0000] {docker.py:436} INFO - 24/06/25 13:15:38 INFO SparkContext: Added JAR file:///opt/bitnami/spark/.ivy2/jars/org.slf4j_slf4j-api-1.7.32.jar at spark://localhost:36115/jars/org.slf4j_slf4j-api-1.7.32.jar with timestamp 1719321337654
[2024-06-25T13:15:38.738+0000] {docker.py:436} INFO - 24/06/25 13:15:38 INFO SparkContext: Added JAR file:///opt/bitnami/spark/.ivy2/jars/org.apache.hadoop_hadoop-client-api-3.3.2.jar at spark://localhost:36115/jars/org.apache.hadoop_hadoop-client-api-3.3.2.jar with timestamp 1719321337654
[2024-06-25T13:15:38.739+0000] {docker.py:436} INFO - 24/06/25 13:15:38 INFO SparkContext: Added JAR file:///opt/bitnami/spark/.ivy2/jars/commons-logging_commons-logging-1.1.3.jar at spark://localhost:36115/jars/commons-logging_commons-logging-1.1.3.jar with timestamp 1719321337654
[2024-06-25T13:15:38.741+0000] {docker.py:436} INFO - 24/06/25 13:15:38 INFO SparkContext: Added file file:///opt/bitnami/spark/.ivy2/jars/org.apache.spark_spark-sql-kafka-0-10_2.12-3.3.0.jar at file:///opt/bitnami/spark/.ivy2/jars/org.apache.spark_spark-sql-kafka-0-10_2.12-3.3.0.jar with timestamp 1719321337654
[2024-06-25T13:15:38.744+0000] {docker.py:436} INFO - 24/06/25 13:15:38 INFO Utils: Copying /opt/bitnami/spark/.ivy2/jars/org.apache.spark_spark-sql-kafka-0-10_2.12-3.3.0.jar to /tmp/spark-c257cc77-df88-42a5-94d6-74018ca12e60/userFiles-12eb906b-3068-4550-a51c-5b0bcea3ba0f/org.apache.spark_spark-sql-kafka-0-10_2.12-3.3.0.jar
[2024-06-25T13:15:38.757+0000] {docker.py:436} INFO - 24/06/25 13:15:38 INFO SparkContext: Added file file:///opt/bitnami/spark/.ivy2/jars/org.postgresql_postgresql-42.2.2.jar at file:///opt/bitnami/spark/.ivy2/jars/org.postgresql_postgresql-42.2.2.jar with timestamp 1719321337654
[2024-06-25T13:15:38.758+0000] {docker.py:436} INFO - 24/06/25 13:15:38 INFO Utils: Copying /opt/bitnami/spark/.ivy2/jars/org.postgresql_postgresql-42.2.2.jar to /tmp/spark-c257cc77-df88-42a5-94d6-74018ca12e60/userFiles-12eb906b-3068-4550-a51c-5b0bcea3ba0f/org.postgresql_postgresql-42.2.2.jar
[2024-06-25T13:15:38.764+0000] {docker.py:436} INFO - 24/06/25 13:15:38 INFO SparkContext: Added file file:///opt/bitnami/spark/.ivy2/jars/org.apache.spark_spark-token-provider-kafka-0-10_2.12-3.3.0.jar at file:///opt/bitnami/spark/.ivy2/jars/org.apache.spark_spark-token-provider-kafka-0-10_2.12-3.3.0.jar with timestamp 1719321337654
[2024-06-25T13:15:38.765+0000] {docker.py:436} INFO - 24/06/25 13:15:38 INFO Utils: Copying /opt/bitnami/spark/.ivy2/jars/org.apache.spark_spark-token-provider-kafka-0-10_2.12-3.3.0.jar to /tmp/spark-c257cc77-df88-42a5-94d6-74018ca12e60/userFiles-12eb906b-3068-4550-a51c-5b0bcea3ba0f/org.apache.spark_spark-token-provider-kafka-0-10_2.12-3.3.0.jar
[2024-06-25T13:15:38.772+0000] {docker.py:436} INFO - 24/06/25 13:15:38 INFO SparkContext: Added file file:///opt/bitnami/spark/.ivy2/jars/org.apache.kafka_kafka-clients-2.8.1.jar at file:///opt/bitnami/spark/.ivy2/jars/org.apache.kafka_kafka-clients-2.8.1.jar with timestamp 1719321337654
[2024-06-25T13:15:38.773+0000] {docker.py:436} INFO - 24/06/25 13:15:38 INFO Utils: Copying /opt/bitnami/spark/.ivy2/jars/org.apache.kafka_kafka-clients-2.8.1.jar to /tmp/spark-c257cc77-df88-42a5-94d6-74018ca12e60/userFiles-12eb906b-3068-4550-a51c-5b0bcea3ba0f/org.apache.kafka_kafka-clients-2.8.1.jar
[2024-06-25T13:15:38.786+0000] {docker.py:436} INFO - 24/06/25 13:15:38 INFO SparkContext: Added file file:///opt/bitnami/spark/.ivy2/jars/com.google.code.findbugs_jsr305-3.0.0.jar at file:///opt/bitnami/spark/.ivy2/jars/com.google.code.findbugs_jsr305-3.0.0.jar with timestamp 1719321337654
[2024-06-25T13:15:38.787+0000] {docker.py:436} INFO - 24/06/25 13:15:38 INFO Utils: Copying /opt/bitnami/spark/.ivy2/jars/com.google.code.findbugs_jsr305-3.0.0.jar to /tmp/spark-c257cc77-df88-42a5-94d6-74018ca12e60/userFiles-12eb906b-3068-4550-a51c-5b0bcea3ba0f/com.google.code.findbugs_jsr305-3.0.0.jar
[2024-06-25T13:15:38.793+0000] {docker.py:436} INFO - 24/06/25 13:15:38 INFO SparkContext: Added file file:///opt/bitnami/spark/.ivy2/jars/org.apache.commons_commons-pool2-2.11.1.jar at file:///opt/bitnami/spark/.ivy2/jars/org.apache.commons_commons-pool2-2.11.1.jar with timestamp 1719321337654
[2024-06-25T13:15:38.795+0000] {docker.py:436} INFO - 24/06/25 13:15:38 INFO Utils: Copying /opt/bitnami/spark/.ivy2/jars/org.apache.commons_commons-pool2-2.11.1.jar to /tmp/spark-c257cc77-df88-42a5-94d6-74018ca12e60/userFiles-12eb906b-3068-4550-a51c-5b0bcea3ba0f/org.apache.commons_commons-pool2-2.11.1.jar
[2024-06-25T13:15:38.802+0000] {docker.py:436} INFO - 24/06/25 13:15:38 INFO SparkContext: Added file file:///opt/bitnami/spark/.ivy2/jars/org.spark-project.spark_unused-1.0.0.jar at file:///opt/bitnami/spark/.ivy2/jars/org.spark-project.spark_unused-1.0.0.jar with timestamp 1719321337654
[2024-06-25T13:15:38.802+0000] {docker.py:436} INFO - 24/06/25 13:15:38 INFO Utils: Copying /opt/bitnami/spark/.ivy2/jars/org.spark-project.spark_unused-1.0.0.jar to /tmp/spark-c257cc77-df88-42a5-94d6-74018ca12e60/userFiles-12eb906b-3068-4550-a51c-5b0bcea3ba0f/org.spark-project.spark_unused-1.0.0.jar
[2024-06-25T13:15:38.809+0000] {docker.py:436} INFO - 24/06/25 13:15:38 INFO SparkContext: Added file file:///opt/bitnami/spark/.ivy2/jars/org.apache.hadoop_hadoop-client-runtime-3.3.2.jar at file:///opt/bitnami/spark/.ivy2/jars/org.apache.hadoop_hadoop-client-runtime-3.3.2.jar with timestamp 1719321337654
[2024-06-25T13:15:38.810+0000] {docker.py:436} INFO - 24/06/25 13:15:38 INFO Utils: Copying /opt/bitnami/spark/.ivy2/jars/org.apache.hadoop_hadoop-client-runtime-3.3.2.jar to /tmp/spark-c257cc77-df88-42a5-94d6-74018ca12e60/userFiles-12eb906b-3068-4550-a51c-5b0bcea3ba0f/org.apache.hadoop_hadoop-client-runtime-3.3.2.jar
[2024-06-25T13:15:38.846+0000] {docker.py:436} INFO - 24/06/25 13:15:38 INFO SparkContext: Added file file:///opt/bitnami/spark/.ivy2/jars/org.lz4_lz4-java-1.8.0.jar at file:///opt/bitnami/spark/.ivy2/jars/org.lz4_lz4-java-1.8.0.jar with timestamp 1719321337654
[2024-06-25T13:15:38.847+0000] {docker.py:436} INFO - 24/06/25 13:15:38 INFO Utils: Copying /opt/bitnami/spark/.ivy2/jars/org.lz4_lz4-java-1.8.0.jar to /tmp/spark-c257cc77-df88-42a5-94d6-74018ca12e60/userFiles-12eb906b-3068-4550-a51c-5b0bcea3ba0f/org.lz4_lz4-java-1.8.0.jar
[2024-06-25T13:15:38.851+0000] {docker.py:436} INFO - 24/06/25 13:15:38 INFO SparkContext: Added file file:///opt/bitnami/spark/.ivy2/jars/org.xerial.snappy_snappy-java-1.1.8.4.jar at file:///opt/bitnami/spark/.ivy2/jars/org.xerial.snappy_snappy-java-1.1.8.4.jar with timestamp 1719321337654
[2024-06-25T13:15:38.852+0000] {docker.py:436} INFO - 24/06/25 13:15:38 INFO Utils: Copying /opt/bitnami/spark/.ivy2/jars/org.xerial.snappy_snappy-java-1.1.8.4.jar to /tmp/spark-c257cc77-df88-42a5-94d6-74018ca12e60/userFiles-12eb906b-3068-4550-a51c-5b0bcea3ba0f/org.xerial.snappy_snappy-java-1.1.8.4.jar
[2024-06-25T13:15:38.859+0000] {docker.py:436} INFO - 24/06/25 13:15:38 INFO SparkContext: Added file file:///opt/bitnami/spark/.ivy2/jars/org.slf4j_slf4j-api-1.7.32.jar at file:///opt/bitnami/spark/.ivy2/jars/org.slf4j_slf4j-api-1.7.32.jar with timestamp 1719321337654
[2024-06-25T13:15:38.860+0000] {docker.py:436} INFO - 24/06/25 13:15:38 INFO Utils: Copying /opt/bitnami/spark/.ivy2/jars/org.slf4j_slf4j-api-1.7.32.jar to /tmp/spark-c257cc77-df88-42a5-94d6-74018ca12e60/userFiles-12eb906b-3068-4550-a51c-5b0bcea3ba0f/org.slf4j_slf4j-api-1.7.32.jar
[2024-06-25T13:15:38.866+0000] {docker.py:436} INFO - 24/06/25 13:15:38 INFO SparkContext: Added file file:///opt/bitnami/spark/.ivy2/jars/org.apache.hadoop_hadoop-client-api-3.3.2.jar at file:///opt/bitnami/spark/.ivy2/jars/org.apache.hadoop_hadoop-client-api-3.3.2.jar with timestamp 1719321337654
[2024-06-25T13:15:38.866+0000] {docker.py:436} INFO - 24/06/25 13:15:38 INFO Utils: Copying /opt/bitnami/spark/.ivy2/jars/org.apache.hadoop_hadoop-client-api-3.3.2.jar to /tmp/spark-c257cc77-df88-42a5-94d6-74018ca12e60/userFiles-12eb906b-3068-4550-a51c-5b0bcea3ba0f/org.apache.hadoop_hadoop-client-api-3.3.2.jar
[2024-06-25T13:15:38.890+0000] {docker.py:436} INFO - 24/06/25 13:15:38 INFO SparkContext: Added file file:///opt/bitnami/spark/.ivy2/jars/commons-logging_commons-logging-1.1.3.jar at file:///opt/bitnami/spark/.ivy2/jars/commons-logging_commons-logging-1.1.3.jar with timestamp 1719321337654
[2024-06-25T13:15:38.891+0000] {docker.py:436} INFO - 24/06/25 13:15:38 INFO Utils: Copying /opt/bitnami/spark/.ivy2/jars/commons-logging_commons-logging-1.1.3.jar to /tmp/spark-c257cc77-df88-42a5-94d6-74018ca12e60/userFiles-12eb906b-3068-4550-a51c-5b0bcea3ba0f/commons-logging_commons-logging-1.1.3.jar
[2024-06-25T13:15:38.998+0000] {docker.py:436} INFO - 24/06/25 13:15:38 INFO Executor: Starting executor ID driver on host localhost
[2024-06-25T13:15:38.999+0000] {docker.py:436} INFO - 24/06/25 13:15:38 INFO Executor: OS info Linux, 6.5.0-41-generic, amd64
[2024-06-25T13:15:39.004+0000] {docker.py:436} INFO - 24/06/25 13:15:39 INFO Executor: Java version 17.0.11
[2024-06-25T13:15:39.021+0000] {docker.py:436} INFO - 24/06/25 13:15:39 INFO Executor: Starting executor with user classpath (userClassPathFirst = false): ''
[2024-06-25T13:15:39.023+0000] {docker.py:436} INFO - 24/06/25 13:15:39 INFO Executor: Created or updated repl class loader org.apache.spark.util.MutableURLClassLoader@2fa10116 for default.
[2024-06-25T13:15:39.044+0000] {docker.py:436} INFO - 24/06/25 13:15:39 INFO Executor: Fetching file:///opt/bitnami/spark/.ivy2/jars/org.postgresql_postgresql-42.2.2.jar with timestamp 1719321337654
[2024-06-25T13:15:39.110+0000] {docker.py:436} INFO - 24/06/25 13:15:39 INFO Utils: /opt/bitnami/spark/.ivy2/jars/org.postgresql_postgresql-42.2.2.jar has been previously copied to /tmp/spark-c257cc77-df88-42a5-94d6-74018ca12e60/userFiles-12eb906b-3068-4550-a51c-5b0bcea3ba0f/org.postgresql_postgresql-42.2.2.jar
[2024-06-25T13:15:39.118+0000] {docker.py:436} INFO - 24/06/25 13:15:39 INFO Executor: Fetching file:///opt/bitnami/spark/.ivy2/jars/org.apache.hadoop_hadoop-client-api-3.3.2.jar with timestamp 1719321337654
[2024-06-25T13:15:39.147+0000] {docker.py:436} INFO - 24/06/25 13:15:39 INFO Utils: /opt/bitnami/spark/.ivy2/jars/org.apache.hadoop_hadoop-client-api-3.3.2.jar has been previously copied to /tmp/spark-c257cc77-df88-42a5-94d6-74018ca12e60/userFiles-12eb906b-3068-4550-a51c-5b0bcea3ba0f/org.apache.hadoop_hadoop-client-api-3.3.2.jar
[2024-06-25T13:15:39.156+0000] {docker.py:436} INFO - 24/06/25 13:15:39 INFO Executor: Fetching file:///opt/bitnami/spark/.ivy2/jars/org.xerial.snappy_snappy-java-1.1.8.4.jar with timestamp 1719321337654
[2024-06-25T13:15:39.157+0000] {docker.py:436} INFO - 24/06/25 13:15:39 INFO Utils: /opt/bitnami/spark/.ivy2/jars/org.xerial.snappy_snappy-java-1.1.8.4.jar has been previously copied to /tmp/spark-c257cc77-df88-42a5-94d6-74018ca12e60/userFiles-12eb906b-3068-4550-a51c-5b0bcea3ba0f/org.xerial.snappy_snappy-java-1.1.8.4.jar
[2024-06-25T13:15:39.164+0000] {docker.py:436} INFO - 24/06/25 13:15:39 INFO Executor: Fetching file:///opt/bitnami/spark/.ivy2/jars/org.apache.hadoop_hadoop-client-runtime-3.3.2.jar with timestamp 1719321337654
[2024-06-25T13:15:39.204+0000] {docker.py:436} INFO - 24/06/25 13:15:39 INFO Utils: /opt/bitnami/spark/.ivy2/jars/org.apache.hadoop_hadoop-client-runtime-3.3.2.jar has been previously copied to /tmp/spark-c257cc77-df88-42a5-94d6-74018ca12e60/userFiles-12eb906b-3068-4550-a51c-5b0bcea3ba0f/org.apache.hadoop_hadoop-client-runtime-3.3.2.jar
[2024-06-25T13:15:39.209+0000] {docker.py:436} INFO - 24/06/25 13:15:39 INFO Executor: Fetching file:///opt/bitnami/spark/.ivy2/jars/org.apache.commons_commons-pool2-2.11.1.jar with timestamp 1719321337654
[2024-06-25T13:15:39.211+0000] {docker.py:436} INFO - 24/06/25 13:15:39 INFO Utils: /opt/bitnami/spark/.ivy2/jars/org.apache.commons_commons-pool2-2.11.1.jar has been previously copied to /tmp/spark-c257cc77-df88-42a5-94d6-74018ca12e60/userFiles-12eb906b-3068-4550-a51c-5b0bcea3ba0f/org.apache.commons_commons-pool2-2.11.1.jar
[2024-06-25T13:15:39.216+0000] {docker.py:436} INFO - 24/06/25 13:15:39 INFO Executor: Fetching file:///opt/bitnami/spark/.ivy2/jars/org.apache.spark_spark-token-provider-kafka-0-10_2.12-3.3.0.jar with timestamp 1719321337654
[2024-06-25T13:15:39.217+0000] {docker.py:436} INFO - 24/06/25 13:15:39 INFO Utils: /opt/bitnami/spark/.ivy2/jars/org.apache.spark_spark-token-provider-kafka-0-10_2.12-3.3.0.jar has been previously copied to /tmp/spark-c257cc77-df88-42a5-94d6-74018ca12e60/userFiles-12eb906b-3068-4550-a51c-5b0bcea3ba0f/org.apache.spark_spark-token-provider-kafka-0-10_2.12-3.3.0.jar
[2024-06-25T13:15:39.222+0000] {docker.py:436} INFO - 24/06/25 13:15:39 INFO Executor: Fetching file:///opt/bitnami/spark/.ivy2/jars/org.slf4j_slf4j-api-1.7.32.jar with timestamp 1719321337654
[2024-06-25T13:15:39.223+0000] {docker.py:436} INFO - 24/06/25 13:15:39 INFO Utils: /opt/bitnami/spark/.ivy2/jars/org.slf4j_slf4j-api-1.7.32.jar has been previously copied to /tmp/spark-c257cc77-df88-42a5-94d6-74018ca12e60/userFiles-12eb906b-3068-4550-a51c-5b0bcea3ba0f/org.slf4j_slf4j-api-1.7.32.jar
[2024-06-25T13:15:39.227+0000] {docker.py:436} INFO - 24/06/25 13:15:39 INFO Executor: Fetching file:///opt/bitnami/spark/.ivy2/jars/org.apache.spark_spark-sql-kafka-0-10_2.12-3.3.0.jar with timestamp 1719321337654
[2024-06-25T13:15:39.228+0000] {docker.py:436} INFO - 24/06/25 13:15:39 INFO Utils: /opt/bitnami/spark/.ivy2/jars/org.apache.spark_spark-sql-kafka-0-10_2.12-3.3.0.jar has been previously copied to /tmp/spark-c257cc77-df88-42a5-94d6-74018ca12e60/userFiles-12eb906b-3068-4550-a51c-5b0bcea3ba0f/org.apache.spark_spark-sql-kafka-0-10_2.12-3.3.0.jar
[2024-06-25T13:15:39.232+0000] {docker.py:436} INFO - 24/06/25 13:15:39 INFO Executor: Fetching file:///opt/bitnami/spark/.ivy2/jars/com.google.code.findbugs_jsr305-3.0.0.jar with timestamp 1719321337654
[2024-06-25T13:15:39.233+0000] {docker.py:436} INFO - 24/06/25 13:15:39 INFO Utils: /opt/bitnami/spark/.ivy2/jars/com.google.code.findbugs_jsr305-3.0.0.jar has been previously copied to /tmp/spark-c257cc77-df88-42a5-94d6-74018ca12e60/userFiles-12eb906b-3068-4550-a51c-5b0bcea3ba0f/com.google.code.findbugs_jsr305-3.0.0.jar
[2024-06-25T13:15:39.237+0000] {docker.py:436} INFO - 24/06/25 13:15:39 INFO Executor: Fetching file:///opt/bitnami/spark/.ivy2/jars/org.lz4_lz4-java-1.8.0.jar with timestamp 1719321337654
[2024-06-25T13:15:39.239+0000] {docker.py:436} INFO - 24/06/25 13:15:39 INFO Utils: /opt/bitnami/spark/.ivy2/jars/org.lz4_lz4-java-1.8.0.jar has been previously copied to /tmp/spark-c257cc77-df88-42a5-94d6-74018ca12e60/userFiles-12eb906b-3068-4550-a51c-5b0bcea3ba0f/org.lz4_lz4-java-1.8.0.jar
[2024-06-25T13:15:39.243+0000] {docker.py:436} INFO - 24/06/25 13:15:39 INFO Executor: Fetching file:///opt/bitnami/spark/.ivy2/jars/commons-logging_commons-logging-1.1.3.jar with timestamp 1719321337654
[2024-06-25T13:15:39.244+0000] {docker.py:436} INFO - 24/06/25 13:15:39 INFO Utils: /opt/bitnami/spark/.ivy2/jars/commons-logging_commons-logging-1.1.3.jar has been previously copied to /tmp/spark-c257cc77-df88-42a5-94d6-74018ca12e60/userFiles-12eb906b-3068-4550-a51c-5b0bcea3ba0f/commons-logging_commons-logging-1.1.3.jar
[2024-06-25T13:15:39.248+0000] {docker.py:436} INFO - 24/06/25 13:15:39 INFO Executor: Fetching file:///opt/bitnami/spark/.ivy2/jars/org.spark-project.spark_unused-1.0.0.jar with timestamp 1719321337654
[2024-06-25T13:15:39.248+0000] {docker.py:436} INFO - 24/06/25 13:15:39 INFO Utils: /opt/bitnami/spark/.ivy2/jars/org.spark-project.spark_unused-1.0.0.jar has been previously copied to /tmp/spark-c257cc77-df88-42a5-94d6-74018ca12e60/userFiles-12eb906b-3068-4550-a51c-5b0bcea3ba0f/org.spark-project.spark_unused-1.0.0.jar
[2024-06-25T13:15:39.253+0000] {docker.py:436} INFO - 24/06/25 13:15:39 INFO Executor: Fetching file:///opt/bitnami/spark/.ivy2/jars/org.apache.kafka_kafka-clients-2.8.1.jar with timestamp 1719321337654
[2024-06-25T13:15:39.259+0000] {docker.py:436} INFO - 24/06/25 13:15:39 INFO Utils: /opt/bitnami/spark/.ivy2/jars/org.apache.kafka_kafka-clients-2.8.1.jar has been previously copied to /tmp/spark-c257cc77-df88-42a5-94d6-74018ca12e60/userFiles-12eb906b-3068-4550-a51c-5b0bcea3ba0f/org.apache.kafka_kafka-clients-2.8.1.jar
[2024-06-25T13:15:39.265+0000] {docker.py:436} INFO - 24/06/25 13:15:39 INFO Executor: Fetching spark://localhost:36115/jars/org.apache.hadoop_hadoop-client-runtime-3.3.2.jar with timestamp 1719321337654
[2024-06-25T13:15:39.328+0000] {docker.py:436} INFO - 24/06/25 13:15:39 INFO TransportClientFactory: Successfully created connection to localhost/127.0.0.1:36115 after 46 ms (0 ms spent in bootstraps)
[2024-06-25T13:15:39.344+0000] {docker.py:436} INFO - 24/06/25 13:15:39 INFO Utils: Fetching spark://localhost:36115/jars/org.apache.hadoop_hadoop-client-runtime-3.3.2.jar to /tmp/spark-c257cc77-df88-42a5-94d6-74018ca12e60/userFiles-12eb906b-3068-4550-a51c-5b0bcea3ba0f/fetchFileTemp8193939377430113584.tmp
[2024-06-25T13:15:39.661+0000] {docker.py:436} INFO - 24/06/25 13:15:39 INFO Utils: /tmp/spark-c257cc77-df88-42a5-94d6-74018ca12e60/userFiles-12eb906b-3068-4550-a51c-5b0bcea3ba0f/fetchFileTemp8193939377430113584.tmp has been previously copied to /tmp/spark-c257cc77-df88-42a5-94d6-74018ca12e60/userFiles-12eb906b-3068-4550-a51c-5b0bcea3ba0f/org.apache.hadoop_hadoop-client-runtime-3.3.2.jar
[2024-06-25T13:15:39.670+0000] {docker.py:436} INFO - 24/06/25 13:15:39 INFO Executor: Adding file:/tmp/spark-c257cc77-df88-42a5-94d6-74018ca12e60/userFiles-12eb906b-3068-4550-a51c-5b0bcea3ba0f/org.apache.hadoop_hadoop-client-runtime-3.3.2.jar to class loader default
[2024-06-25T13:15:39.671+0000] {docker.py:436} INFO - 24/06/25 13:15:39 INFO Executor: Fetching spark://localhost:36115/jars/org.apache.spark_spark-token-provider-kafka-0-10_2.12-3.3.0.jar with timestamp 1719321337654
[2024-06-25T13:15:39.671+0000] {docker.py:436} INFO - 24/06/25 13:15:39 INFO Utils: Fetching spark://localhost:36115/jars/org.apache.spark_spark-token-provider-kafka-0-10_2.12-3.3.0.jar to /tmp/spark-c257cc77-df88-42a5-94d6-74018ca12e60/userFiles-12eb906b-3068-4550-a51c-5b0bcea3ba0f/fetchFileTemp15869886687933902857.tmp
[2024-06-25T13:15:39.673+0000] {docker.py:436} INFO - 24/06/25 13:15:39 INFO Utils: /tmp/spark-c257cc77-df88-42a5-94d6-74018ca12e60/userFiles-12eb906b-3068-4550-a51c-5b0bcea3ba0f/fetchFileTemp15869886687933902857.tmp has been previously copied to /tmp/spark-c257cc77-df88-42a5-94d6-74018ca12e60/userFiles-12eb906b-3068-4550-a51c-5b0bcea3ba0f/org.apache.spark_spark-token-provider-kafka-0-10_2.12-3.3.0.jar
[2024-06-25T13:15:39.676+0000] {docker.py:436} INFO - 24/06/25 13:15:39 INFO Executor: Adding file:/tmp/spark-c257cc77-df88-42a5-94d6-74018ca12e60/userFiles-12eb906b-3068-4550-a51c-5b0bcea3ba0f/org.apache.spark_spark-token-provider-kafka-0-10_2.12-3.3.0.jar to class loader default
[2024-06-25T13:15:39.677+0000] {docker.py:436} INFO - 24/06/25 13:15:39 INFO Executor: Fetching spark://localhost:36115/jars/org.postgresql_postgresql-42.2.2.jar with timestamp 1719321337654
[2024-06-25T13:15:39.678+0000] {docker.py:436} INFO - 24/06/25 13:15:39 INFO Utils: Fetching spark://localhost:36115/jars/org.postgresql_postgresql-42.2.2.jar to /tmp/spark-c257cc77-df88-42a5-94d6-74018ca12e60/userFiles-12eb906b-3068-4550-a51c-5b0bcea3ba0f/fetchFileTemp10611519940409424887.tmp
[2024-06-25T13:15:39.681+0000] {docker.py:436} INFO - 24/06/25 13:15:39 INFO Utils: /tmp/spark-c257cc77-df88-42a5-94d6-74018ca12e60/userFiles-12eb906b-3068-4550-a51c-5b0bcea3ba0f/fetchFileTemp10611519940409424887.tmp has been previously copied to /tmp/spark-c257cc77-df88-42a5-94d6-74018ca12e60/userFiles-12eb906b-3068-4550-a51c-5b0bcea3ba0f/org.postgresql_postgresql-42.2.2.jar
[2024-06-25T13:15:39.686+0000] {docker.py:436} INFO - 24/06/25 13:15:39 INFO Executor: Adding file:/tmp/spark-c257cc77-df88-42a5-94d6-74018ca12e60/userFiles-12eb906b-3068-4550-a51c-5b0bcea3ba0f/org.postgresql_postgresql-42.2.2.jar to class loader default
[2024-06-25T13:15:39.687+0000] {docker.py:436} INFO - 24/06/25 13:15:39 INFO Executor: Fetching spark://localhost:36115/jars/org.apache.commons_commons-pool2-2.11.1.jar with timestamp 1719321337654
[2024-06-25T13:15:39.688+0000] {docker.py:436} INFO - 24/06/25 13:15:39 INFO Utils: Fetching spark://localhost:36115/jars/org.apache.commons_commons-pool2-2.11.1.jar to /tmp/spark-c257cc77-df88-42a5-94d6-74018ca12e60/userFiles-12eb906b-3068-4550-a51c-5b0bcea3ba0f/fetchFileTemp7992133562770686090.tmp
[2024-06-25T13:15:39.689+0000] {docker.py:436} INFO - 24/06/25 13:15:39 INFO Utils: /tmp/spark-c257cc77-df88-42a5-94d6-74018ca12e60/userFiles-12eb906b-3068-4550-a51c-5b0bcea3ba0f/fetchFileTemp7992133562770686090.tmp has been previously copied to /tmp/spark-c257cc77-df88-42a5-94d6-74018ca12e60/userFiles-12eb906b-3068-4550-a51c-5b0bcea3ba0f/org.apache.commons_commons-pool2-2.11.1.jar
[2024-06-25T13:15:39.693+0000] {docker.py:436} INFO - 24/06/25 13:15:39 INFO Executor: Adding file:/tmp/spark-c257cc77-df88-42a5-94d6-74018ca12e60/userFiles-12eb906b-3068-4550-a51c-5b0bcea3ba0f/org.apache.commons_commons-pool2-2.11.1.jar to class loader default
[2024-06-25T13:15:39.693+0000] {docker.py:436} INFO - 24/06/25 13:15:39 INFO Executor: Fetching spark://localhost:36115/jars/org.xerial.snappy_snappy-java-1.1.8.4.jar with timestamp 1719321337654
[2024-06-25T13:15:39.693+0000] {docker.py:436} INFO - 24/06/25 13:15:39 INFO Utils: Fetching spark://localhost:36115/jars/org.xerial.snappy_snappy-java-1.1.8.4.jar to /tmp/spark-c257cc77-df88-42a5-94d6-74018ca12e60/userFiles-12eb906b-3068-4550-a51c-5b0bcea3ba0f/fetchFileTemp17575046427623489373.tmp
[2024-06-25T13:15:39.703+0000] {docker.py:436} INFO - 24/06/25 13:15:39 INFO Utils: /tmp/spark-c257cc77-df88-42a5-94d6-74018ca12e60/userFiles-12eb906b-3068-4550-a51c-5b0bcea3ba0f/fetchFileTemp17575046427623489373.tmp has been previously copied to /tmp/spark-c257cc77-df88-42a5-94d6-74018ca12e60/userFiles-12eb906b-3068-4550-a51c-5b0bcea3ba0f/org.xerial.snappy_snappy-java-1.1.8.4.jar
[2024-06-25T13:15:39.709+0000] {docker.py:436} INFO - 24/06/25 13:15:39 INFO Executor: Adding file:/tmp/spark-c257cc77-df88-42a5-94d6-74018ca12e60/userFiles-12eb906b-3068-4550-a51c-5b0bcea3ba0f/org.xerial.snappy_snappy-java-1.1.8.4.jar to class loader default
[2024-06-25T13:15:39.709+0000] {docker.py:436} INFO - 24/06/25 13:15:39 INFO Executor: Fetching spark://localhost:36115/jars/commons-logging_commons-logging-1.1.3.jar with timestamp 1719321337654
[2024-06-25T13:15:39.710+0000] {docker.py:436} INFO - 24/06/25 13:15:39 INFO Utils: Fetching spark://localhost:36115/jars/commons-logging_commons-logging-1.1.3.jar to /tmp/spark-c257cc77-df88-42a5-94d6-74018ca12e60/userFiles-12eb906b-3068-4550-a51c-5b0bcea3ba0f/fetchFileTemp13487066632880613543.tmp
[2024-06-25T13:15:39.711+0000] {docker.py:436} INFO - 24/06/25 13:15:39 INFO Utils: /tmp/spark-c257cc77-df88-42a5-94d6-74018ca12e60/userFiles-12eb906b-3068-4550-a51c-5b0bcea3ba0f/fetchFileTemp13487066632880613543.tmp has been previously copied to /tmp/spark-c257cc77-df88-42a5-94d6-74018ca12e60/userFiles-12eb906b-3068-4550-a51c-5b0bcea3ba0f/commons-logging_commons-logging-1.1.3.jar
[2024-06-25T13:15:39.716+0000] {docker.py:436} INFO - 24/06/25 13:15:39 INFO Executor: Adding file:/tmp/spark-c257cc77-df88-42a5-94d6-74018ca12e60/userFiles-12eb906b-3068-4550-a51c-5b0bcea3ba0f/commons-logging_commons-logging-1.1.3.jar to class loader default
[2024-06-25T13:15:39.716+0000] {docker.py:436} INFO - 24/06/25 13:15:39 INFO Executor: Fetching spark://localhost:36115/jars/org.lz4_lz4-java-1.8.0.jar with timestamp 1719321337654
[2024-06-25T13:15:39.717+0000] {docker.py:436} INFO - 24/06/25 13:15:39 INFO Utils: Fetching spark://localhost:36115/jars/org.lz4_lz4-java-1.8.0.jar to /tmp/spark-c257cc77-df88-42a5-94d6-74018ca12e60/userFiles-12eb906b-3068-4550-a51c-5b0bcea3ba0f/fetchFileTemp11417425171982344030.tmp
[2024-06-25T13:15:39.721+0000] {docker.py:436} INFO - 24/06/25 13:15:39 INFO Utils: /tmp/spark-c257cc77-df88-42a5-94d6-74018ca12e60/userFiles-12eb906b-3068-4550-a51c-5b0bcea3ba0f/fetchFileTemp11417425171982344030.tmp has been previously copied to /tmp/spark-c257cc77-df88-42a5-94d6-74018ca12e60/userFiles-12eb906b-3068-4550-a51c-5b0bcea3ba0f/org.lz4_lz4-java-1.8.0.jar
[2024-06-25T13:15:39.725+0000] {docker.py:436} INFO - 24/06/25 13:15:39 INFO Executor: Adding file:/tmp/spark-c257cc77-df88-42a5-94d6-74018ca12e60/userFiles-12eb906b-3068-4550-a51c-5b0bcea3ba0f/org.lz4_lz4-java-1.8.0.jar to class loader default
[2024-06-25T13:15:39.725+0000] {docker.py:436} INFO - 24/06/25 13:15:39 INFO Executor: Fetching spark://localhost:36115/jars/org.apache.spark_spark-sql-kafka-0-10_2.12-3.3.0.jar with timestamp 1719321337654
[2024-06-25T13:15:39.726+0000] {docker.py:436} INFO - 24/06/25 13:15:39 INFO Utils: Fetching spark://localhost:36115/jars/org.apache.spark_spark-sql-kafka-0-10_2.12-3.3.0.jar to /tmp/spark-c257cc77-df88-42a5-94d6-74018ca12e60/userFiles-12eb906b-3068-4550-a51c-5b0bcea3ba0f/fetchFileTemp2685451953608006307.tmp
[2024-06-25T13:15:39.729+0000] {docker.py:436} INFO - 24/06/25 13:15:39 INFO Utils: /tmp/spark-c257cc77-df88-42a5-94d6-74018ca12e60/userFiles-12eb906b-3068-4550-a51c-5b0bcea3ba0f/fetchFileTemp2685451953608006307.tmp has been previously copied to /tmp/spark-c257cc77-df88-42a5-94d6-74018ca12e60/userFiles-12eb906b-3068-4550-a51c-5b0bcea3ba0f/org.apache.spark_spark-sql-kafka-0-10_2.12-3.3.0.jar
[2024-06-25T13:15:39.733+0000] {docker.py:436} INFO - 24/06/25 13:15:39 INFO Executor: Adding file:/tmp/spark-c257cc77-df88-42a5-94d6-74018ca12e60/userFiles-12eb906b-3068-4550-a51c-5b0bcea3ba0f/org.apache.spark_spark-sql-kafka-0-10_2.12-3.3.0.jar to class loader default
[2024-06-25T13:15:39.733+0000] {docker.py:436} INFO - 24/06/25 13:15:39 INFO Executor: Fetching spark://localhost:36115/jars/org.apache.hadoop_hadoop-client-api-3.3.2.jar with timestamp 1719321337654
[2024-06-25T13:15:39.734+0000] {docker.py:436} INFO - 24/06/25 13:15:39 INFO Utils: Fetching spark://localhost:36115/jars/org.apache.hadoop_hadoop-client-api-3.3.2.jar to /tmp/spark-c257cc77-df88-42a5-94d6-74018ca12e60/userFiles-12eb906b-3068-4550-a51c-5b0bcea3ba0f/fetchFileTemp2163766067324112312.tmp
[2024-06-25T13:15:39.862+0000] {docker.py:436} INFO - 24/06/25 13:15:39 INFO Utils: /tmp/spark-c257cc77-df88-42a5-94d6-74018ca12e60/userFiles-12eb906b-3068-4550-a51c-5b0bcea3ba0f/fetchFileTemp2163766067324112312.tmp has been previously copied to /tmp/spark-c257cc77-df88-42a5-94d6-74018ca12e60/userFiles-12eb906b-3068-4550-a51c-5b0bcea3ba0f/org.apache.hadoop_hadoop-client-api-3.3.2.jar
[2024-06-25T13:15:39.871+0000] {docker.py:436} INFO - 24/06/25 13:15:39 INFO Executor: Adding file:/tmp/spark-c257cc77-df88-42a5-94d6-74018ca12e60/userFiles-12eb906b-3068-4550-a51c-5b0bcea3ba0f/org.apache.hadoop_hadoop-client-api-3.3.2.jar to class loader default
[2024-06-25T13:15:39.871+0000] {docker.py:436} INFO - 24/06/25 13:15:39 INFO Executor: Fetching spark://localhost:36115/jars/org.slf4j_slf4j-api-1.7.32.jar with timestamp 1719321337654
[2024-06-25T13:15:39.872+0000] {docker.py:436} INFO - 24/06/25 13:15:39 INFO Utils: Fetching spark://localhost:36115/jars/org.slf4j_slf4j-api-1.7.32.jar to /tmp/spark-c257cc77-df88-42a5-94d6-74018ca12e60/userFiles-12eb906b-3068-4550-a51c-5b0bcea3ba0f/fetchFileTemp11705207661552157709.tmp
[2024-06-25T13:15:39.873+0000] {docker.py:436} INFO - 24/06/25 13:15:39 INFO Utils: /tmp/spark-c257cc77-df88-42a5-94d6-74018ca12e60/userFiles-12eb906b-3068-4550-a51c-5b0bcea3ba0f/fetchFileTemp11705207661552157709.tmp has been previously copied to /tmp/spark-c257cc77-df88-42a5-94d6-74018ca12e60/userFiles-12eb906b-3068-4550-a51c-5b0bcea3ba0f/org.slf4j_slf4j-api-1.7.32.jar
[2024-06-25T13:15:39.884+0000] {docker.py:436} INFO - 24/06/25 13:15:39 INFO Executor: Adding file:/tmp/spark-c257cc77-df88-42a5-94d6-74018ca12e60/userFiles-12eb906b-3068-4550-a51c-5b0bcea3ba0f/org.slf4j_slf4j-api-1.7.32.jar to class loader default
[2024-06-25T13:15:39.885+0000] {docker.py:436} INFO - 24/06/25 13:15:39 INFO Executor: Fetching spark://localhost:36115/jars/org.spark-project.spark_unused-1.0.0.jar with timestamp 1719321337654
[2024-06-25T13:15:39.886+0000] {docker.py:436} INFO - 24/06/25 13:15:39 INFO Utils: Fetching spark://localhost:36115/jars/org.spark-project.spark_unused-1.0.0.jar to /tmp/spark-c257cc77-df88-42a5-94d6-74018ca12e60/userFiles-12eb906b-3068-4550-a51c-5b0bcea3ba0f/fetchFileTemp17657026205796873564.tmp
[2024-06-25T13:15:39.887+0000] {docker.py:436} INFO - 24/06/25 13:15:39 INFO Utils: /tmp/spark-c257cc77-df88-42a5-94d6-74018ca12e60/userFiles-12eb906b-3068-4550-a51c-5b0bcea3ba0f/fetchFileTemp17657026205796873564.tmp has been previously copied to /tmp/spark-c257cc77-df88-42a5-94d6-74018ca12e60/userFiles-12eb906b-3068-4550-a51c-5b0bcea3ba0f/org.spark-project.spark_unused-1.0.0.jar
[2024-06-25T13:15:39.892+0000] {docker.py:436} INFO - 24/06/25 13:15:39 INFO Executor: Adding file:/tmp/spark-c257cc77-df88-42a5-94d6-74018ca12e60/userFiles-12eb906b-3068-4550-a51c-5b0bcea3ba0f/org.spark-project.spark_unused-1.0.0.jar to class loader default
[2024-06-25T13:15:39.893+0000] {docker.py:436} INFO - 24/06/25 13:15:39 INFO Executor: Fetching spark://localhost:36115/jars/org.apache.kafka_kafka-clients-2.8.1.jar with timestamp 1719321337654
[2024-06-25T13:15:39.894+0000] {docker.py:436} INFO - 24/06/25 13:15:39 INFO Utils: Fetching spark://localhost:36115/jars/org.apache.kafka_kafka-clients-2.8.1.jar to /tmp/spark-c257cc77-df88-42a5-94d6-74018ca12e60/userFiles-12eb906b-3068-4550-a51c-5b0bcea3ba0f/fetchFileTemp7239653957289085634.tmp
[2024-06-25T13:15:39.908+0000] {docker.py:436} INFO - 24/06/25 13:15:39 INFO Utils: /tmp/spark-c257cc77-df88-42a5-94d6-74018ca12e60/userFiles-12eb906b-3068-4550-a51c-5b0bcea3ba0f/fetchFileTemp7239653957289085634.tmp has been previously copied to /tmp/spark-c257cc77-df88-42a5-94d6-74018ca12e60/userFiles-12eb906b-3068-4550-a51c-5b0bcea3ba0f/org.apache.kafka_kafka-clients-2.8.1.jar
[2024-06-25T13:15:39.987+0000] {docker.py:436} INFO - 24/06/25 13:15:39 INFO Executor: Adding file:/tmp/spark-c257cc77-df88-42a5-94d6-74018ca12e60/userFiles-12eb906b-3068-4550-a51c-5b0bcea3ba0f/org.apache.kafka_kafka-clients-2.8.1.jar to class loader default
[2024-06-25T13:15:39.987+0000] {docker.py:436} INFO - 24/06/25 13:15:39 INFO Executor: Fetching spark://localhost:36115/jars/com.google.code.findbugs_jsr305-3.0.0.jar with timestamp 1719321337654
[2024-06-25T13:15:39.988+0000] {docker.py:436} INFO - 24/06/25 13:15:39 INFO Utils: Fetching spark://localhost:36115/jars/com.google.code.findbugs_jsr305-3.0.0.jar to /tmp/spark-c257cc77-df88-42a5-94d6-74018ca12e60/userFiles-12eb906b-3068-4550-a51c-5b0bcea3ba0f/fetchFileTemp4878519021887268075.tmp
[2024-06-25T13:15:39.990+0000] {docker.py:436} INFO - 24/06/25 13:15:39 INFO Utils: /tmp/spark-c257cc77-df88-42a5-94d6-74018ca12e60/userFiles-12eb906b-3068-4550-a51c-5b0bcea3ba0f/fetchFileTemp4878519021887268075.tmp has been previously copied to /tmp/spark-c257cc77-df88-42a5-94d6-74018ca12e60/userFiles-12eb906b-3068-4550-a51c-5b0bcea3ba0f/com.google.code.findbugs_jsr305-3.0.0.jar
[2024-06-25T13:15:39.994+0000] {docker.py:436} INFO - 24/06/25 13:15:39 INFO Executor: Adding file:/tmp/spark-c257cc77-df88-42a5-94d6-74018ca12e60/userFiles-12eb906b-3068-4550-a51c-5b0bcea3ba0f/com.google.code.findbugs_jsr305-3.0.0.jar to class loader default
[2024-06-25T13:15:40.007+0000] {docker.py:436} INFO - 24/06/25 13:15:40 INFO Utils: Successfully started service 'org.apache.spark.network.netty.NettyBlockTransferService' on port 40749.
[2024-06-25T13:15:40.008+0000] {docker.py:436} INFO - 24/06/25 13:15:40 INFO NettyBlockTransferService: Server created on localhost:40749
[2024-06-25T13:15:40.009+0000] {docker.py:436} INFO - 24/06/25 13:15:40 INFO BlockManager: Using org.apache.spark.storage.RandomBlockReplicationPolicy for block replication policy
[2024-06-25T13:15:40.022+0000] {docker.py:436} INFO - 24/06/25 13:15:40 INFO BlockManagerMaster: Registering BlockManager BlockManagerId(driver, localhost, 40749, None)
[2024-06-25T13:15:40.036+0000] {docker.py:436} INFO - 24/06/25 13:15:40 INFO BlockManagerMasterEndpoint: Registering block manager localhost:40749 with 434.4 MiB RAM, BlockManagerId(driver, localhost, 40749, None)
[2024-06-25T13:15:40.044+0000] {docker.py:436} INFO - 24/06/25 13:15:40 INFO BlockManagerMaster: Registered BlockManager BlockManagerId(driver, localhost, 40749, None)
[2024-06-25T13:15:40.045+0000] {docker.py:436} INFO - 24/06/25 13:15:40 INFO BlockManager: Initialized BlockManager: BlockManagerId(driver, localhost, 40749, None)
[2024-06-25T13:15:40.595+0000] {docker.py:436} INFO - 2024-06-25 13:15:40,594:create_spark_session:INFO:Spark session created successfully
[2024-06-25T13:15:40.604+0000] {docker.py:436} INFO - 24/06/25 13:15:40 INFO SharedState: Setting hive.metastore.warehouse.dir ('null') to the value of spark.sql.warehouse.dir.
[2024-06-25T13:15:40.607+0000] {docker.py:436} INFO - 24/06/25 13:15:40 INFO SharedState: Warehouse path is 'file:/opt/bitnami/spark/spark-warehouse'.
[2024-06-25T13:15:42.365+0000] {docker.py:436} INFO - 2024-06-25 13:15:42,364:create_initial_dataframe:INFO:Initial dataframe created successfully: {df.show()}
StructType([StructField('item_purchased', StringType(), True), StructField('date_of_purchase', DateType(), True), StructField('cost', FloatType(), True), StructField('quantity', IntegerType(), True), StructField('purchased_by', StringType(), True), StructField('payment_method', StringType(), True)])
[2024-06-25T13:15:44.118+0000] {docker.py:436} INFO - 24/06/25 13:15:44 WARN logger: ConnectException occurred while connecting to localhost:5432
java.net.ConnectException: Connection refused
	at java.base/sun.nio.ch.Net.pollConnect(Native Method)
	at java.base/sun.nio.ch.Net.pollConnectNow(Net.java:672)
	at java.base/sun.nio.ch.NioSocketImpl.timedFinishConnect(NioSocketImpl.java:547)
	at java.base/sun.nio.ch.NioSocketImpl.connect(NioSocketImpl.java:602)
	at java.base/java.net.SocksSocketImpl.connect(SocksSocketImpl.java:327)
	at java.base/java.net.Socket.connect(Socket.java:633)
	at org.postgresql.core.PGStream.<init>(PGStream.java:69)
	at org.postgresql.core.v3.ConnectionFactoryImpl.openConnectionImpl(ConnectionFactoryImpl.java:156)
	at org.postgresql.core.ConnectionFactory.openConnection(ConnectionFactory.java:49)
	at org.postgresql.jdbc.PgConnection.<init>(PgConnection.java:195)
	at org.postgresql.Driver.makeConnection(Driver.java:452)
	at org.postgresql.Driver.connect(Driver.java:254)
	at org.apache.spark.sql.execution.datasources.jdbc.connection.BasicConnectionProvider.getConnection(BasicConnectionProvider.scala:49)
	at org.apache.spark.sql.execution.datasources.jdbc.connection.ConnectionProviderBase.create(ConnectionProvider.scala:102)
	at org.apache.spark.sql.jdbc.JdbcDialect.$anonfun$createConnectionFactory$1(JdbcDialects.scala:160)
	at org.apache.spark.sql.jdbc.JdbcDialect.$anonfun$createConnectionFactory$1$adapted(JdbcDialects.scala:156)
	at org.apache.spark.sql.execution.datasources.jdbc.JdbcRelationProvider.createRelation(JdbcRelationProvider.scala:50)
	at org.apache.spark.sql.execution.datasources.SaveIntoDataSourceCommand.run(SaveIntoDataSourceCommand.scala:48)
	at org.apache.spark.sql.execution.command.ExecutedCommandExec.sideEffectResult$lzycompute(commands.scala:75)
	at org.apache.spark.sql.execution.command.ExecutedCommandExec.sideEffectResult(commands.scala:73)
	at org.apache.spark.sql.execution.command.ExecutedCommandExec.executeCollect(commands.scala:84)
	at org.apache.spark.sql.execution.QueryExecution$$anonfun$eagerlyExecuteCommands$1.$anonfun$applyOrElse$1(QueryExecution.scala:107)
	at org.apache.spark.sql.execution.SQLExecution$.$anonfun$withNewExecutionId$6(SQLExecution.scala:125)
	at org.apache.spark.sql.execution.SQLExecution$.withSQLConfPropagated(SQLExecution.scala:201)
	at org.apache.spark.sql.execution.SQLExecution$.$anonfun$withNewExecutionId$1(SQLExecution.scala:108)
	at org.apache.spark.sql.SparkSession.withActive(SparkSession.scala:900)
	at org.apache.spark.sql.execution.SQLExecution$.withNewExecutionId(SQLExecution.scala:66)
	at org.apache.spark.sql.execution.QueryExecution$$anonfun$eagerlyExecuteCommands$1.applyOrElse(QueryExecution.scala:107)
	at org.apache.spark.sql.execution.QueryExecution$$anonfun$eagerlyExecuteCommands$1.applyOrElse(QueryExecution.scala:98)
	at org.apache.spark.sql.catalyst.trees.TreeNode.$anonfun$transformDownWithPruning$1(TreeNode.scala:461)
	at org.apache.spark.sql.catalyst.trees.CurrentOrigin$.withOrigin(origin.scala:76)
	at org.apache.spark.sql.catalyst.trees.TreeNode.transformDownWithPruning(TreeNode.scala:461)
	at org.apache.spark.sql.catalyst.plans.logical.LogicalPlan.org$apache$spark$sql$catalyst$plans$logical$AnalysisHelper$$super$transformDownWithPruning(LogicalPlan.scala:32)
	at org.apache.spark.sql.catalyst.plans.logical.AnalysisHelper.transformDownWithPruning(AnalysisHelper.scala:267)
	at org.apache.spark.sql.catalyst.plans.logical.AnalysisHelper.transformDownWithPruning$(AnalysisHelper.scala:263)
	at org.apache.spark.sql.catalyst.plans.logical.LogicalPlan.transformDownWithPruning(LogicalPlan.scala:32)
	at org.apache.spark.sql.catalyst.plans.logical.LogicalPlan.transformDownWithPruning(LogicalPlan.scala:32)
	at org.apache.spark.sql.catalyst.trees.TreeNode.transformDown(TreeNode.scala:437)
	at org.apache.spark.sql.execution.QueryExecution.eagerlyExecuteCommands(QueryExecution.scala:98)
	at org.apache.spark.sql.execution.QueryExecution.commandExecuted$lzycompute(QueryExecution.scala:85)
	at org.apache.spark.sql.execution.QueryExecution.commandExecuted(QueryExecution.scala:83)
	at org.apache.spark.sql.execution.QueryExecution.assertCommandExecuted(QueryExecution.scala:142)
	at org.apache.spark.sql.DataFrameWriter.runCommand(DataFrameWriter.scala:859)
	at org.apache.spark.sql.DataFrameWriter.saveToV1Source(DataFrameWriter.scala:388)
	at org.apache.spark.sql.DataFrameWriter.saveInternal(DataFrameWriter.scala:361)
	at org.apache.spark.sql.DataFrameWriter.save(DataFrameWriter.scala:248)
	at org.apache.spark.sql.DataFrameWriter.jdbc(DataFrameWriter.scala:756)
	at java.base/jdk.internal.reflect.NativeMethodAccessorImpl.invoke0(Native Method)
	at java.base/jdk.internal.reflect.NativeMethodAccessorImpl.invoke(NativeMethodAccessorImpl.java:77)
	at java.base/jdk.internal.reflect.DelegatingMethodAccessorImpl.invoke(DelegatingMethodAccessorImpl.java:43)
	at java.base/java.lang.reflect.Method.invoke(Method.java:568)
	at py4j.reflection.MethodInvoker.invoke(MethodInvoker.java:244)
	at py4j.reflection.ReflectionEngine.invoke(ReflectionEngine.java:374)
	at py4j.Gateway.invoke(Gateway.java:282)
	at py4j.commands.AbstractCommand.invokeMethod(AbstractCommand.java:132)
	at py4j.commands.CallCommand.execute(CallCommand.java:79)
	at py4j.ClientServerConnection.waitForCommands(ClientServerConnection.java:182)
	at py4j.ClientServerConnection.run(ClientServerConnection.java:106)
	at java.base/java.lang.Thread.run(Thread.java:840)
[2024-06-25T13:15:44.128+0000] {docker.py:436} INFO - 24/06/25 13:15:44 ERROR Driver: Connection error: 
org.postgresql.util.PSQLException: Connection to localhost:5432 refused. Check that the hostname and port are correct and that the postmaster is accepting TCP/IP connections.
	at org.postgresql.core.v3.ConnectionFactoryImpl.openConnectionImpl(ConnectionFactoryImpl.java:245)
	at org.postgresql.core.ConnectionFactory.openConnection(ConnectionFactory.java:49)
	at org.postgresql.jdbc.PgConnection.<init>(PgConnection.java:195)
	at org.postgresql.Driver.makeConnection(Driver.java:452)
	at org.postgresql.Driver.connect(Driver.java:254)
	at org.apache.spark.sql.execution.datasources.jdbc.connection.BasicConnectionProvider.getConnection(BasicConnectionProvider.scala:49)
	at org.apache.spark.sql.execution.datasources.jdbc.connection.ConnectionProviderBase.create(ConnectionProvider.scala:102)
	at org.apache.spark.sql.jdbc.JdbcDialect.$anonfun$createConnectionFactory$1(JdbcDialects.scala:160)
	at org.apache.spark.sql.jdbc.JdbcDialect.$anonfun$createConnectionFactory$1$adapted(JdbcDialects.scala:156)
	at org.apache.spark.sql.execution.datasources.jdbc.JdbcRelationProvider.createRelation(JdbcRelationProvider.scala:50)
	at org.apache.spark.sql.execution.datasources.SaveIntoDataSourceCommand.run(SaveIntoDataSourceCommand.scala:48)
	at org.apache.spark.sql.execution.command.ExecutedCommandExec.sideEffectResult$lzycompute(commands.scala:75)
	at org.apache.spark.sql.execution.command.ExecutedCommandExec.sideEffectResult(commands.scala:73)
	at org.apache.spark.sql.execution.command.ExecutedCommandExec.executeCollect(commands.scala:84)
	at org.apache.spark.sql.execution.QueryExecution$$anonfun$eagerlyExecuteCommands$1.$anonfun$applyOrElse$1(QueryExecution.scala:107)
	at org.apache.spark.sql.execution.SQLExecution$.$anonfun$withNewExecutionId$6(SQLExecution.scala:125)
	at org.apache.spark.sql.execution.SQLExecution$.withSQLConfPropagated(SQLExecution.scala:201)
	at org.apache.spark.sql.execution.SQLExecution$.$anonfun$withNewExecutionId$1(SQLExecution.scala:108)
	at org.apache.spark.sql.SparkSession.withActive(SparkSession.scala:900)
	at org.apache.spark.sql.execution.SQLExecution$.withNewExecutionId(SQLExecution.scala:66)
	at org.apache.spark.sql.execution.QueryExecution$$anonfun$eagerlyExecuteCommands$1.applyOrElse(QueryExecution.scala:107)
	at org.apache.spark.sql.execution.QueryExecution$$anonfun$eagerlyExecuteCommands$1.applyOrElse(QueryExecution.scala:98)
	at org.apache.spark.sql.catalyst.trees.TreeNode.$anonfun$transformDownWithPruning$1(TreeNode.scala:461)
	at org.apache.spark.sql.catalyst.trees.CurrentOrigin$.withOrigin(origin.scala:76)
	at org.apache.spark.sql.catalyst.trees.TreeNode.transformDownWithPruning(TreeNode.scala:461)
	at org.apache.spark.sql.catalyst.plans.logical.LogicalPlan.org$apache$spark$sql$catalyst$plans$logical$AnalysisHelper$$super$transformDownWithPruning(LogicalPlan.scala:32)
	at org.apache.spark.sql.catalyst.plans.logical.AnalysisHelper.transformDownWithPruning(AnalysisHelper.scala:267)
	at org.apache.spark.sql.catalyst.plans.logical.AnalysisHelper.transformDownWithPruning$(AnalysisHelper.scala:263)
	at org.apache.spark.sql.catalyst.plans.logical.LogicalPlan.transformDownWithPruning(LogicalPlan.scala:32)
	at org.apache.spark.sql.catalyst.plans.logical.LogicalPlan.transformDownWithPruning(LogicalPlan.scala:32)
	at org.apache.spark.sql.catalyst.trees.TreeNode.transformDown(TreeNode.scala:437)
	at org.apache.spark.sql.execution.QueryExecution.eagerlyExecuteCommands(QueryExecution.scala:98)
	at org.apache.spark.sql.execution.QueryExecution.commandExecuted$lzycompute(QueryExecution.scala:85)
	at org.apache.spark.sql.execution.QueryExecution.commandExecuted(QueryExecution.scala:83)
	at org.apache.spark.sql.execution.QueryExecution.assertCommandExecuted(QueryExecution.scala:142)
	at org.apache.spark.sql.DataFrameWriter.runCommand(DataFrameWriter.scala:859)
	at org.apache.spark.sql.DataFrameWriter.saveToV1Source(DataFrameWriter.scala:388)
	at org.apache.spark.sql.DataFrameWriter.saveInternal(DataFrameWriter.scala:361)
	at org.apache.spark.sql.DataFrameWriter.save(DataFrameWriter.scala:248)
	at org.apache.spark.sql.DataFrameWriter.jdbc(DataFrameWriter.scala:756)
	at java.base/jdk.internal.reflect.NativeMethodAccessorImpl.invoke0(Native Method)
	at java.base/jdk.internal.reflect.NativeMethodAccessorImpl.invoke(NativeMethodAccessorImpl.java:77)
	at java.base/jdk.internal.reflect.DelegatingMethodAccessorImpl.invoke(DelegatingMethodAccessorImpl.java:43)
	at java.base/java.lang.reflect.Method.invoke(Method.java:568)
	at py4j.reflection.MethodInvoker.invoke(MethodInvoker.java:244)
	at py4j.reflection.ReflectionEngine.invoke(ReflectionEngine.java:374)
	at py4j.Gateway.invoke(Gateway.java:282)
	at py4j.commands.AbstractCommand.invokeMethod(AbstractCommand.java:132)
	at py4j.commands.CallCommand.execute(CallCommand.java:79)
	at py4j.ClientServerConnection.waitForCommands(ClientServerConnection.java:182)
	at py4j.ClientServerConnection.run(ClientServerConnection.java:106)
	at java.base/java.lang.Thread.run(Thread.java:840)
Caused by: java.net.ConnectException: Connection refused
	at java.base/sun.nio.ch.Net.pollConnect(Native Method)
	at java.base/sun.nio.ch.Net.pollConnectNow(Net.java:672)
	at java.base/sun.nio.ch.NioSocketImpl.timedFinishConnect(NioSocketImpl.java:547)
	at java.base/sun.nio.ch.NioSocketImpl.connect(NioSocketImpl.java:602)
	at java.base/java.net.SocksSocketImpl.connect(SocksSocketImpl.java:327)
	at java.base/java.net.Socket.connect(Socket.java:633)
	at org.postgresql.core.PGStream.<init>(PGStream.java:69)
	at org.postgresql.core.v3.ConnectionFactoryImpl.openConnectionImpl(ConnectionFactoryImpl.java:156)
	... 51 more
[2024-06-25T13:15:44.228+0000] {docker.py:436} INFO - Traceback (most recent call last):
  File "/opt/bitnami/spark/scripts/spark_bronze_layer.py", line 126, in <module>
[2024-06-25T13:15:44.229+0000] {docker.py:436} INFO - write_to_postgres()
  File "/opt/bitnami/spark/scripts/spark_bronze_layer.py", line 122, in write_to_postgres
    start_streaming(spark)
[2024-06-25T13:15:44.229+0000] {docker.py:436} INFO - File "/opt/bitnami/spark/scripts/spark_bronze_layer.py", line 99, in start_streaming
[2024-06-25T13:15:44.230+0000] {docker.py:436} INFO - df.write.jdbc(
  File "/opt/bitnami/spark/python/lib/pyspark.zip/pyspark/sql/readwriter.py", line 1984, in jdbc
  File "/opt/bitnami/spark/python/lib/py4j-0.10.9.7-src.zip/py4j/java_gateway.py", line 1322, in __call__
  File "/opt/bitnami/spark/python/lib/pyspark.zip/pyspark/errors/exceptions/captured.py", line 179, in deco
[2024-06-25T13:15:44.231+0000] {docker.py:436} INFO - File "/opt/bitnami/spark/python/lib/py4j-0.10.9.7-src.zip/py4j/protocol.py", line 326, in get_return_value
[2024-06-25T13:15:44.231+0000] {docker.py:436} INFO - py4j.protocol
[2024-06-25T13:15:44.233+0000] {docker.py:436} INFO - .
[2024-06-25T13:15:44.234+0000] {docker.py:436} INFO - Py4JJavaError
[2024-06-25T13:15:44.234+0000] {docker.py:436} INFO - :
[2024-06-25T13:15:44.235+0000] {docker.py:436} INFO - An error occurred while calling o66.jdbc.
: org.postgresql.util.PSQLException: Connection to localhost:5432 refused. Check that the hostname and port are correct and that the postmaster is accepting TCP/IP connections.
	at org.postgresql.core.v3.ConnectionFactoryImpl.openConnectionImpl(ConnectionFactoryImpl.java:245)
	at org.postgresql.core.ConnectionFactory.openConnection(ConnectionFactory.java:49)
	at org.postgresql.jdbc.PgConnection.<init>(PgConnection.java:195)
	at org.postgresql.Driver.makeConnection(Driver.java:452)
	at org.postgresql.Driver.connect(Driver.java:254)
	at org.apache.spark.sql.execution.datasources.jdbc.connection.BasicConnectionProvider.getConnection(BasicConnectionProvider.scala:49)
	at org.apache.spark.sql.execution.datasources.jdbc.connection.ConnectionProviderBase.create(ConnectionProvider.scala:102)
	at org.apache.spark.sql.jdbc.JdbcDialect.$anonfun$createConnectionFactory$1(JdbcDialects.scala:160)
	at org.apache.spark.sql.jdbc.JdbcDialect.$anonfun$createConnectionFactory$1$adapted(J
[2024-06-25T13:15:44.235+0000] {docker.py:436} INFO - dbcDialects.scala:156)
	at org.apache.spark.sql.execution.datasources.jdbc.JdbcRelationProvider.createRelation(JdbcRelationProvider.scala:50)
	at org.apache.spark.sql.execution.datasources.SaveIntoDataSourceCommand.run(SaveIntoDataSourceCommand.scala:48)
	at org.apache.spark.sql.execution.command.ExecutedCommandExec.sideEffectResult$lzycompute(commands.scala:75)
	at org.apache.spark.sql.execution.command.ExecutedCommandExec.sideEffectResult(commands.scala:73)
	at org.apache.spark.sql.execution.command.ExecutedCommandExec.executeCollect(commands.scala:84)
	at org.apache.spark.sql.execution.QueryExecution$$anonfun$eagerlyExecuteCommands$1.$anonfun$applyOrElse$1(QueryExecution.scala:107)
	at org.apache.spark.sql.execution.SQLExecution$.$anonfun$withNewExecutionId$6(SQLExecution.scala:125)
	at org.apache.spark.sql.execution.SQLExecution$.withSQLConfPropagated(SQLExecution.scala:201)
	at org.apache.spark.sql.execution.SQLExecution$.$anonfun$withNewExecutionId$1(SQLExecution.scala:108)
	at org.apache.spark.sql.Spar
[2024-06-25T13:15:44.236+0000] {docker.py:436} INFO - kSession.withActive(SparkSession.scala:900)
	at org.apache.spark.sql.execution.SQLExecution$.withNewExecutionId(SQLExecution.scala:66)
	at org.apache.spark.sql.execution.QueryExecution$$anonfun$eagerlyExecuteCommands$1.applyOrElse(QueryExecution.scala:107)
	at org.apache.spark.sql.execution.QueryExecution$$anonfun$eagerlyExecuteCommands$1.applyOrElse(QueryExecution.scala:98)
	at org.apache.spark.sql.catalyst.trees.TreeNode.$anonfun$transformDownWithPruning$1(TreeNode.scala:461)
	at org.apache.spark.sql.catalyst.trees.CurrentOrigin$.withOrigin(origin.scala:76)
	at org.apache.spark.sql.catalyst.trees.TreeNode.transformDownWithPruning(TreeNode.scala:461)
	at org.apache.spark.sql.catalyst.plans.logical.LogicalPlan.org$apache$spark$sql$catalyst$plans$logical$AnalysisHelper$$super$transformDownWithPruning(LogicalPlan.scala:32)
	at org.apache.spark.sql.catalyst.plans.logical.AnalysisHelper.transformDownWithPruning(AnalysisHelper.scala:267)
	at org.apache.spark.sql.catalyst.plans.logical.AnalysisHelper.transformDownWithPruning$(AnalysisHelper.scala:263)
	at org.apache.spark.sql.catalyst.plans.logical.LogicalPlan.transformDownWithPruning(LogicalPlan.scala:32)
	at org.apache.spark.sql.catalyst.plans.logical.LogicalPlan.transformDownWithPruning(LogicalPlan.scala:32)
	at org.apache.spark.sql.catalyst.trees.TreeNode.transformDown(TreeNode.scala:437)
	at org.apache.spark.sql.execution.QueryExecution.eagerlyExecuteCommands(QueryExecution.scala:98)
	at org.apache.spark.sql.execution.QueryExecution.commandExecuted$lzycompute(QueryExecution.scala:85)
	at org.apache.spark.sql.execution.QueryExecution.commandExecuted(QueryExecution.scala:83)
	at org.apache.spark.sql.execution.QueryExecution.assertCommandExecuted(QueryExecution.scala:142)
	at org.apache.spark.sql.DataFrameWriter.runCommand(DataFrameWriter.scala:859)
	at org.apache.spark.sql.DataFrameWriter.saveToV1Source(DataFrameWriter.scala:388)
	at org.apache.spark.sql.DataFrameWriter.saveInternal(DataFrameWriter.scala:361)
	at org.apache.spark.sql.DataFrameWriter.save(DataFrameWriter.scala:248)
	at org.apache.spark.sql.DataFrameWriter.jdbc(DataFrameWriter.scala:756)
	at java.base/jdk.internal.reflect.NativeMethodAccessorImpl.invoke0(Native Method)
	at java.base/jdk.internal.reflect.NativeMethodAccessorImpl.invoke(NativeMethodAccessorImpl.java:77)
	at java.base/jdk.internal.reflect.DelegatingMethodAccessorImpl.invoke(DelegatingMethodAccessorImpl.java:43)
	at java.base/java.lang.reflect.Method.invoke(Method.java:568)
	at py4j.reflection.MethodInvoker.invoke(MethodInvoker.java:244)
	at py4j.reflection.ReflectionEngine.invoke(ReflectionEngine.java:374)
	at py4j.Gateway.invoke(Gateway.java:282)
	at py4j.commands.AbstractCommand.invokeMethod(AbstractCommand.java:132)
	at py4j.commands.CallCommand.execute(CallCommand.java:79)
	at py4j.ClientServerConnection.waitForCommands(ClientServerConnection.java:182)
	at py4j.ClientServerConnection.run(ClientServerConnection.java:106)
	at java.base/java.lang.Thread.run(Thread.java:840)
Caused by: java.net.ConnectException: Connection refused
	at java.base/sun.nio.ch.Net.pollConnect(Native Method)
	at java.base/sun.nio.ch.Net.pollConnectNow(Net.java:672)
	at java.base/sun.nio.ch.NioSocketImpl.timedFinishConnect(NioSocketImpl.java:547)
	at java.base/sun.nio.ch.NioSocketImpl.connect(NioSocketImpl.java:602)
	at java.base/java.net.SocksSocketImpl.connect(SocksSocketImpl.java:327)
	at java.base/java.net.Socket.connect(Socket.java:633)
	at org.postgresql.core.PGStream.<init>(PGStream.java:69)
	at org.postgresql.core.v3.ConnectionFactoryImpl.openConnectionImpl(ConnectionFactoryImpl.java:156)
	... 51 more
[2024-06-25T13:15:44.236+0000] {docker.py:436} INFO - 
[2024-06-25T13:15:44.236+0000] {docker.py:436} INFO - 2024-06-25 13:15:44,233:close:INFO:Closing down clientserver connection
[2024-06-25T13:15:44.306+0000] {docker.py:436} INFO - 24/06/25 13:15:44 INFO SparkContext: Invoking stop() from shutdown hook
24/06/25 13:15:44 INFO SparkContext: SparkContext is stopping with exitCode 0.
[2024-06-25T13:15:44.320+0000] {docker.py:436} INFO - 24/06/25 13:15:44 INFO SparkUI: Stopped Spark web UI at http://localhost:4040
[2024-06-25T13:15:44.333+0000] {docker.py:436} INFO - 24/06/25 13:15:44 INFO MapOutputTrackerMasterEndpoint: MapOutputTrackerMasterEndpoint stopped!
[2024-06-25T13:15:44.344+0000] {docker.py:436} INFO - 24/06/25 13:15:44 INFO MemoryStore: MemoryStore cleared
[2024-06-25T13:15:44.344+0000] {docker.py:436} INFO - 24/06/25 13:15:44 INFO BlockManager: BlockManager stopped
[2024-06-25T13:15:44.352+0000] {docker.py:436} INFO - 24/06/25 13:15:44 INFO BlockManagerMaster: BlockManagerMaster stopped
[2024-06-25T13:15:44.356+0000] {docker.py:436} INFO - 24/06/25 13:15:44 INFO OutputCommitCoordinator$OutputCommitCoordinatorEndpoint: OutputCommitCoordinator stopped!
[2024-06-25T13:15:44.375+0000] {docker.py:436} INFO - 24/06/25 13:15:44 INFO SparkContext: Successfully stopped SparkContext
[2024-06-25T13:15:44.376+0000] {docker.py:436} INFO - 24/06/25 13:15:44 INFO ShutdownHookManager: Shutdown hook called
[2024-06-25T13:15:44.377+0000] {docker.py:436} INFO - 24/06/25 13:15:44 INFO ShutdownHookManager: Deleting directory /tmp/spark-c257cc77-df88-42a5-94d6-74018ca12e60/pyspark-d163cdc9-149e-4130-8bba-0a99d8548c32
[2024-06-25T13:15:44.383+0000] {docker.py:436} INFO - 24/06/25 13:15:44 INFO ShutdownHookManager: Deleting directory /tmp/spark-61fad725-04cc-4ccb-b647-f53992b52b5c
[2024-06-25T13:15:44.388+0000] {docker.py:436} INFO - 24/06/25 13:15:44 INFO ShutdownHookManager: Deleting directory /tmp/spark-c257cc77-df88-42a5-94d6-74018ca12e60
[2024-06-25T13:15:45.041+0000] {taskinstance.py:441} INFO - ::group::Post task execution logs
[2024-06-25T13:15:45.050+0000] {taskinstance.py:2905} ERROR - Task failed with exception
Traceback (most recent call last):
  File "/home/airflow/.local/lib/python3.12/site-packages/docker/api/client.py", line 265, in _raise_for_status
    response.raise_for_status()
  File "/home/airflow/.local/lib/python3.12/site-packages/requests/models.py", line 1021, in raise_for_status
    raise HTTPError(http_error_msg, response=self)
requests.exceptions.HTTPError: 400 Client Error: Bad Request for url: http://docker-proxy:2375/v1.45/containers/create

The above exception was the direct cause of the following exception:

Traceback (most recent call last):
  File "/home/airflow/.local/lib/python3.12/site-packages/airflow/providers/docker/operators/docker.py", line 371, in _run_image
    return self._run_image_with_mounts([*self.mounts, tmp_mount], add_tmp_variable=True)
           ^^^^^^^^^^^^^^^^^^^^^^^^^^^^^^^^^^^^^^^^^^^^^^^^^^^^^^^^^^^^^^^^^^^^^^^^^^^^^
  File "/home/airflow/.local/lib/python3.12/site-packages/airflow/providers/docker/operators/docker.py", line 398, in _run_image_with_mounts
    self.container = self.cli.create_container(
                     ^^^^^^^^^^^^^^^^^^^^^^^^^^
  File "/home/airflow/.local/lib/python3.12/site-packages/docker/api/container.py", line 439, in create_container
    return self.create_container_from_config(config, name, platform)
           ^^^^^^^^^^^^^^^^^^^^^^^^^^^^^^^^^^^^^^^^^^^^^^^^^^^^^^^^^
  File "/home/airflow/.local/lib/python3.12/site-packages/docker/api/container.py", line 456, in create_container_from_config
    return self._result(res, True)
           ^^^^^^^^^^^^^^^^^^^^^^^
  File "/home/airflow/.local/lib/python3.12/site-packages/docker/api/client.py", line 271, in _result
    self._raise_for_status(response)
  File "/home/airflow/.local/lib/python3.12/site-packages/docker/api/client.py", line 267, in _raise_for_status
    raise create_api_error_from_http_exception(e) from e
          ^^^^^^^^^^^^^^^^^^^^^^^^^^^^^^^^^^^^^^^
  File "/home/airflow/.local/lib/python3.12/site-packages/docker/errors.py", line 39, in create_api_error_from_http_exception
    raise cls(e, response=response, explanation=explanation) from e
docker.errors.APIError: 400 Client Error for http://docker-proxy:2375/v1.45/containers/create: Bad Request ("invalid mount config for type "bind": bind source path does not exist: /tmp/airflowtmp1xu8lk59")

During handling of the above exception, another exception occurred:

Traceback (most recent call last):
  File "/home/airflow/.local/lib/python3.12/site-packages/airflow/models/taskinstance.py", line 465, in _execute_task
    result = _execute_callable(context=context, **execute_callable_kwargs)
             ^^^^^^^^^^^^^^^^^^^^^^^^^^^^^^^^^^^^^^^^^^^^^^^^^^^^^^^^^^^^^
  File "/home/airflow/.local/lib/python3.12/site-packages/airflow/models/taskinstance.py", line 432, in _execute_callable
    return execute_callable(context=context, **execute_callable_kwargs)
           ^^^^^^^^^^^^^^^^^^^^^^^^^^^^^^^^^^^^^^^^^^^^^^^^^^^^^^^^^^^^
  File "/home/airflow/.local/lib/python3.12/site-packages/airflow/models/baseoperator.py", line 400, in wrapper
    return func(self, *args, **kwargs)
           ^^^^^^^^^^^^^^^^^^^^^^^^^^^
  File "/home/airflow/.local/lib/python3.12/site-packages/airflow/providers/docker/operators/docker.py", line 509, in execute
    return self._run_image()
           ^^^^^^^^^^^^^^^^^
  File "/home/airflow/.local/lib/python3.12/site-packages/airflow/providers/docker/operators/docker.py", line 380, in _run_image
    return self._run_image_with_mounts(self.mounts, add_tmp_variable=False)
           ^^^^^^^^^^^^^^^^^^^^^^^^^^^^^^^^^^^^^^^^^^^^^^^^^^^^^^^^^^^^^^^^
  File "/home/airflow/.local/lib/python3.12/site-packages/airflow/providers/docker/operators/docker.py", line 444, in _run_image_with_mounts
    raise DockerContainerFailedException(f"Docker container failed: {result!r}", logs=log_lines)
airflow.providers.docker.exceptions.DockerContainerFailedException: Docker container failed: {'StatusCode': 1}
[2024-06-25T13:15:45.056+0000] {taskinstance.py:1206} INFO - Marking task as FAILED. dag_id=Stage_1, task_id=run_bronze_job, run_id=manual__2024-06-25T13:15:13.635205+00:00, execution_date=20240625T131513, start_date=20240625T131519, end_date=20240625T131545
[2024-06-25T13:15:45.070+0000] {standard_task_runner.py:110} ERROR - Failed to execute job 184 for task run_bronze_job (Docker container failed: {'StatusCode': 1}; 2206)
[2024-06-25T13:15:45.083+0000] {local_task_job_runner.py:240} INFO - Task exited with return code 1
[2024-06-25T13:15:45.100+0000] {taskinstance.py:3498} INFO - 0 downstream tasks scheduled from follow-on schedule check
[2024-06-25T13:15:45.102+0000] {local_task_job_runner.py:222} INFO - ::endgroup::
